flow iter#1; |dv| = 3.24376
flow iter#2; |dv| = 2.62904
flow iter#3; |dv| = 1.62724
flow iter#4; |dv| = 1.14092
flow iter#5; |dv| = 0.912649
flow iter#6; |dv| = 0.727499
flow iter#7; |dv| = 0.615284
flow iter#8; |dv| = 0.561754
flow iter#9; |dv| = 0.529466
flow iter#10; |dv| = 0.495649
flow iter#11; |dv| = 0.454068
flow iter#12; |dv| = 0.406251
flow iter#13; |dv| = 0.355731
flow iter#14; |dv| = 0.305712
flow iter#15; |dv| = 0.258464
flow iter#16; |dv| = 0.215359
flow iter#17; |dv| = 0.177093
flow iter#18; |dv| = 0.143899
flow iter#19; |dv| = 0.115715
flow iter#20; |dv| = 0.0923115
flow iter#21; |dv| = 0.0733717
flow iter#22; |dv| = 0.0585391
flow iter#23; |dv| = 0.0474298
flow iter#24; |dv| = 0.0396034
flow iter#25; |dv| = 0.0345118
flow iter#26; |dv| = 0.0314935
flow iter#27; |dv| = 0.0298646
flow iter#28; |dv| = 0.0290516
flow iter#29; |dv| = 0.0286587
flow iter#30; |dv| = 0.028455
flow iter#31; |dv| = 0.0283244
flow iter#32; |dv| = 0.028218
flow iter#33; |dv| = 0.0281211
flow iter#34; |dv| = 0.0280333
flow iter#35; |dv| = 0.0279586
flow iter#36; |dv| = 0.0278999
flow iter#37; |dv| = 0.0278583
flow iter#38; |dv| = 0.0278327
flow iter#39; |dv| = 0.0278207
flow iter#40; |dv| = 0.0278189
flow iter#41; |dv| = 0.0278243

About to descent, first step might be slow...

descent iter#1; J = 0.0792353; |GJ| = 0.0092771; tau = 900

descent iter#2; J = 0.0142108; |GJ| = 0.0179383; tau = 14.0625

descent iter#3; J = 0.0108003; |GJ| = 0.00861434; tau = 14.0625

descent iter#4; J = 0.00991258; |GJ| = 0.00610599; tau = 28.125

descent iter#5; J = 0.00905314; |GJ| = 0.00430369; tau = 112.5

descent iter#6; J = 0.00722051; |GJ| = 0.00374721; tau = 56.25

descent iter#7; J = 0.00648025; |GJ| = 0.00334117; tau = 225

descent iter#8; J = 0.00445382; |GJ| = 0.00327955; tau = 28.125

descent iter#9; J = 0.00419644; |GJ| = 0.00256773; tau = 28.125

descent iter#10; J = 0.00406024; |GJ| = 0.00221249; tau = 28.125

descent iter#11; J = 0.00392862; |GJ| = 0.00233658; tau = 28.125

descent iter#12; J = 0.00382027; |GJ| = 0.00214587; tau = 28.125

descent iter#13; J = 0.00370998; |GJ| = 0.00235968; tau = 14.0625

descent iter#14; J = 0.00364354; |GJ| = 0.00183093; tau = 168.75

descent iter#15; J = 0.00324408; |GJ| = 0.00444559; tau = 10.5469

descent iter#16; J = 0.00308398; |GJ| = 0.00163217; tau = 42.1875

descent iter#17; J = 0.00301027; |GJ| = 0.00242795; tau = 10.5469

descent iter#18; J = 0.00295614; |GJ| = 0.00144206; tau = 506.25

descent iter#19; J = 0.00217122; |GJ| = 0.00417437; tau = 7.91016

descent iter#20; J = 0.00203985; |GJ| = 0.00111705; tau = 63.2812

descent iter#21; J = 0.00196937; |GJ| = 0.0013597; tau = 15.8203

descent iter#22; J = 0.00195179; |GJ| = 0.00127228; tau = 15.8203

descent iter#23; J = 0.00192894; |GJ| = 0.00106183; tau = 31.6406

descent iter#24; J = 0.00190469; |GJ| = 0.00138356; tau = 15.8203

descent iter#25; J = 0.00187955; |GJ| = 0.00107282; tau = 15.8203

descent iter#26; J = 0.00186437; |GJ| = 0.00105401; tau = 31.6406

descent iter#27; J = 0.00183416; |GJ| = 0.00114724; tau = 15.8203

descent iter#28; J = 0.00181925; |GJ| = 0.001078; tau = 15.8203

descent iter#29; J = 0.00180136; |GJ| = 0.000956651; tau = 63.2812

descent iter#30; J = 0.00176218; |GJ| = 0.00159415; tau = 15.8203

descent iter#31; J = 0.00173216; |GJ| = 0.00107393; tau = 15.8203

descent iter#32; J = 0.00171883; |GJ| = 0.000999181; tau = 31.6406

descent iter#33; J = 0.00169456; |GJ| = 0.0011767; tau = 15.8203

descent iter#34; J = 0.00168089; |GJ| = 0.00103523; tau = 15.8203

descent iter#35; J = 0.00166459; |GJ| = 0.000887125; tau = 47.4609

descent iter#36; J = 0.00163899; |GJ| = 0.00133003; tau = 11.8652

descent iter#37; J = 0.00161812; |GJ| = 0.000836509; tau = 284.766

descent iter#38; J = 0.00149307; |GJ| = 0.00273605; tau = 8.89893

descent iter#39; J = 0.00141536; |GJ| = 0.000923553; tau = 8.89893

descent iter#40; J = 0.00140618; |GJ| = 0.000702782; tau = 142.383

descent iter#41; J = 0.00133998; |GJ| = 0.00137925; tau = 8.89893

descent iter#42; J = 0.00132524; |GJ| = 0.000652383; tau = 854.297

descent iter#43; J = 0.000951045; |GJ| = 0.0021744; tau = 6.67419

descent iter#44; J = 0.00092896; |GJ| = 0.000677741; tau = 6.67419

descent iter#45; J = 0.000921686; |GJ| = 0.000586082; tau = 26.6968

descent iter#46; J = 0.000911132; |GJ| = 0.000567899; tau = 13.3484

descent iter#47; J = 0.000905686; |GJ| = 0.000999074; tau = 6.67419

descent iter#48; J = 0.000901393; |GJ| = 0.000527771; tau = 20.0226

descent iter#49; J = 0.000896948; |GJ| = 0.00120244; tau = 5.00565
...................................
descent iter#50; J = 0.000890283; |GJ| = 0.000522429; tau = 42.2587

descent iter#51; J = 0.000883362; |GJ| = 0.00148285; tau = 5.28233

descent iter#52; J = 0.000873349; |GJ| = 0.000576749; tau = 5.28233

descent iter#53; J = 0.000869732; |GJ| = 0.000588684; tau = 21.1293

descent iter#54; J = 0.000863874; |GJ| = 0.000581574; tau = 5.28233

descent iter#55; J = 0.000860488; |GJ| = 0.000600333; tau = 10.5647
...................................
descent iter#56; J = 0.00085735; |GJ| = 0.000524082; tau = 13.7369

descent iter#57; J = 0.000855086; |GJ| = 0.000944086; tau = 3.43421

descent iter#58; J = 0.000851193; |GJ| = 0.000548799; tau = 109.895

descent iter#59; J = 0.000819003; |GJ| = 0.000624996; tau = 3.43421

descent iter#60; J = 0.000816626; |GJ| = 0.000535787; tau = 54.9474

descent iter#61; J = 0.00080432; |GJ| = 0.000733773; tau = 3.43421

descent iter#62; J = 0.000800858; |GJ| = 0.000538477; tau = 20.6053

descent iter#63; J = 0.000796831; |GJ| = 0.000637381; tau = 5.15132

descent iter#64; J = 0.000795357; |GJ| = 0.000693408; tau = 5.15132

descent iter#65; J = 0.00079321; |GJ| = 0.00054718; tau = 5.15132

descent iter#66; J = 0.000792026; |GJ| = 0.000610984; tau = 5.15132
....................................
descent iter#67; J = 0.00079022; |GJ| = 0.000513447; tau = 6.59211

descent iter#68; J = 0.000789177; |GJ| = 0.000627598; tau = 6.59211

descent iter#69; J = 0.000787507; |GJ| = 0.000576945; tau = 3.29605

descent iter#70; J = 0.00078592; |GJ| = 0.000520802; tau = 26.3684

descent iter#71; J = 0.00078055; |GJ| = 0.000628417; tau = 3.29605

descent iter#72; J = 0.000778504; |GJ| = 0.000522416; tau = 19.7763

descent iter#73; J = 0.000774846; |GJ| = 0.000630119; tau = 2.47204
....................................
descent iter#74; J = 0.000772868; |GJ| = 0.000491818; tau = 26.3261

descent iter#75; J = 0.000769047; |GJ| = 0.000791023; tau = 3.29076
...................................
descent iter#76; J = 0.000765719; |GJ| = 0.000491056; tau = 7.0916

descent iter#77; J = 0.000764693; |GJ| = 0.000592757; tau = 3.5458
....................................
descent iter#78; J = 0.000763116; |GJ| = 0.000485427; tau = 12.1344

descent iter#79; J = 0.0007614; |GJ| = 0.000642664; tau = 6.0672

descent iter#80; J = 0.000759884; |GJ| = 0.000604467; tau = 3.0336

descent iter#81; J = 0.000758172; |GJ| = 0.000502453; tau = 36.4032

descent iter#82; J = 0.000752645; |GJ| = 0.00078917; tau = 2.2752
...................................
descent iter#83; J = 0.000749016; |GJ| = 0.000478697; tau = 8.11545

descent iter#84; J = 0.0007479; |GJ| = 0.000583395; tau = 4.05773
....................................
descent iter#85; J = 0.000746255; |GJ| = 0.000481916; tau = 6.03134

descent iter#86; J = 0.000745414; |GJ| = 0.000559758; tau = 6.03134

descent iter#87; J = 0.00074383; |GJ| = 0.000522406; tau = 4.52351

descent iter#88; J = 0.000743077; |GJ| = 0.000566448; tau = 4.52351
...................................
descent iter#89; J = 0.000741487; |GJ| = 0.000485149; tau = 5.24526

descent iter#90; J = 0.000740747; |GJ| = 0.000549623; tau = 5.24526
....................................
descent iter#91; J = 0.000739185; |GJ| = 0.000492906; tau = 4.80395

descent iter#92; J = 0.000738484; |GJ| = 0.000548073; tau = 4.80395
....................................
descent iter#93; J = 0.00073696; |GJ| = 0.000483156; tau = 5.09665

descent iter#94; J = 0.000736246; |GJ| = 0.000543673; tau = 5.09665
...................................
descent iter#95; J = 0.000734715; |GJ| = 0.000486586; tau = 4.82343

descent iter#96; J = 0.00073403; |GJ| = 0.000541271; tau = 4.82343
...................................
descent iter#97; J = 0.000732531; |GJ| = 0.000480235; tau = 5.0154

descent iter#98; J = 0.000731837; |GJ| = 0.000538085; tau = 5.0154
...................................
descent iter#99; J = 0.000730335; |GJ| = 0.000482053; tau = 4.80613

descent iter#100; J = 0.000729664; |GJ| = 0.000535437; tau = 4.80613
...................................
descent iter#101; J = 0.000728192; |GJ| = 0.000477012; tau = 4.96157

descent iter#102; J = 0.000727514; |GJ| = 0.000532801; tau = 4.96157
...................................
descent iter#103; J = 0.000726037; |GJ| = 0.000478237; tau = 4.77258

descent iter#104; J = 0.000725382; |GJ| = 0.000530065; tau = 4.77258
...................................
descent iter#105; J = 0.000723935; |GJ| = 0.000473695; tau = 4.92475

descent iter#106; J = 0.000723272; |GJ| = 0.000527825; tau = 4.92475
....................................
descent iter#107; J = 0.000721817; |GJ| = 0.000474872; tau = 4.72738

descent iter#108; J = 0.000721177; |GJ| = 0.000525006; tau = 4.72738
...................................
descent iter#109; J = 0.000719756; |GJ| = 0.000470338; tau = 4.90442

descent iter#110; J = 0.000719105; |GJ| = 0.000523178; tau = 4.90442
...................................
descent iter#111; J = 0.000717671; |GJ| = 0.000471914; tau = 4.66813

descent iter#112; J = 0.000717047; |GJ| = 0.00052018; tau = 4.66813
...................................
descent iter#113; J = 0.000715653; |GJ| = 0.000466916; tau = 4.90794

descent iter#114; J = 0.000715011; |GJ| = 0.000518924; tau = 4.90794
....................................
descent iter#115; J = 0.000713593; |GJ| = 0.00046948; tau = 4.58535

descent iter#116; J = 0.000712986; |GJ| = 0.000515521; tau = 6.87803

descent iter#117; J = 0.000711478; |GJ| = 0.000512876; tau = 3.43901

descent iter#118; J = 0.000710706; |GJ| = 0.000499876; tau = 6.87803

descent iter#119; J = 0.000709136; |GJ| = 0.00048721; tau = 3.97636

descent iter#120; J = 0.000708546; |GJ| = 0.000513477; tau = 7.95272

descent iter#121; J = 0.000707119; |GJ| = 0.000550793; tau = 1.98818
...................................
descent iter#122; J = 0.000706034; |GJ| = 0.000453496; tau = 11.7504

descent iter#123; J = 0.000704585; |GJ| = 0.000578934; tau = 5.8752

descent iter#124; J = 0.000703275; |GJ| = 0.000577231; tau = 2.9376

descent iter#125; J = 0.000702014; |GJ| = 0.000481872; tau = 11.7504

descent iter#126; J = 0.000700003; |GJ| = 0.00054492; tau = 2.9376

descent iter#127; J = 0.000698985; |GJ| = 0.000477704; tau = 11.7504

descent iter#128; J = 0.000696892; |GJ| = 0.000528949; tau = 2.9376

descent iter#129; J = 0.000695989; |GJ| = 0.000475068; tau = 11.7504

descent iter#130; J = 0.000693875; |GJ| = 0.000522259; tau = 2.9376

descent iter#131; J = 0.000693023; |GJ| = 0.000473528; tau = 11.7504

descent iter#132; J = 0.000690928; |GJ| = 0.000522104; tau = 2.9376

descent iter#133; J = 0.000690084; |GJ| = 0.000472916; tau = 11.7504

descent iter#134; J = 0.000688042; |GJ| = 0.000527654; tau = 2.9376

descent iter#135; J = 0.000687174; |GJ| = 0.000473212; tau = 11.7504

descent iter#136; J = 0.000685222; |GJ| = 0.000539129; tau = 2.9376

descent iter#137; J = 0.000684291; |GJ| = 0.000474487; tau = 11.7504

descent iter#138; J = 0.000682476; |GJ| = 0.00055741; tau = 2.9376

descent iter#139; J = 0.000681438; |GJ| = 0.000476881; tau = 11.7504

descent iter#140; J = 0.00067982; |GJ| = 0.000583795; tau = 2.9376

descent iter#141; J = 0.000678614; |GJ| = 0.00048058; tau = 8.8128

descent iter#142; J = 0.000677075; |GJ| = 0.000521922; tau = 2.2032
...................................
descent iter#143; J = 0.000676192; |GJ| = 0.000441361; tau = 148.181

descent iter#144; J = 0.000658873; |GJ| = 0.00131388; tau = 2.31532
....................................
descent iter#145; J = 0.000647716; |GJ| = 0.000437607; tau = 3.16782

descent iter#146; J = 0.000647352; |GJ| = 0.000452471; tau = 12.6713

descent iter#147; J = 0.00064556; |GJ| = 0.000544795; tau = 3.16782

descent iter#148; J = 0.000644885; |GJ| = 0.000497788; tau = 3.16782
..................................
descent iter#149; J = 0.000643722; |GJ| = 0.000421378; tau = 4.62113

descent iter#150; J = 0.00064323; |GJ| = 0.000459749; tau = 9.24226

descent iter#151; J = 0.000641761; |GJ| = 0.000510425; tau = 2.31056

descent iter#152; J = 0.000640987; |GJ| = 0.000430698; tau = 73.9381

descent iter#153; J = 0.000630735; |GJ| = 0.000769099; tau = 2.31056

descent iter#154; J = 0.00062779; |GJ| = 0.000429529; tau = 36.969

descent iter#155; J = 0.000623599; |GJ| = 0.000717711; tau = 2.31056

descent iter#156; J = 0.000621216; |GJ| = 0.000429061; tau = 18.4845

descent iter#157; J = 0.000618498; |GJ| = 0.00051191; tau = 2.31056

descent iter#158; J = 0.000617768; |GJ| = 0.000424919; tau = 36.969

descent iter#159; J = 0.00061362; |GJ| = 0.000704886; tau = 2.31056

descent iter#160; J = 0.00061142; |GJ| = 0.00042887; tau = 18.4845

descent iter#161; J = 0.000609201; |GJ| = 0.000576203; tau = 2.31056

descent iter#162; J = 0.000608078; |GJ| = 0.000425671; tau = 18.4845

descent iter#163; J = 0.000605682; |GJ| = 0.000545128; tau = 2.31056

descent iter#164; J = 0.000604784; |GJ| = 0.000424234; tau = 18.4845

descent iter#165; J = 0.000602407; |GJ| = 0.000543709; tau = 2.31056

descent iter#166; J = 0.000601532; |GJ| = 0.000423894; tau = 18.4845

descent iter#167; J = 0.000599293; |GJ| = 0.000560778; tau = 2.31056

descent iter#168; J = 0.00059832; |GJ| = 0.000424506; tau = 13.8634

descent iter#169; J = 0.000596398; |GJ| = 0.000498017; tau = 1.73292
....................................
descent iter#170; J = 0.000595717; |GJ| = 0.000399424; tau = 5.81829

descent iter#171; J = 0.00059516; |GJ| = 0.000439994; tau = 5.81829
...................................
descent iter#172; J = 0.00059396; |GJ| = 0.000418895; tau = 2.23345

descent iter#173; J = 0.000593725; |GJ| = 0.000411574; tau = 35.7352

descent iter#174; J = 0.000588866; |GJ| = 0.00053824; tau = 2.23345

descent iter#175; J = 0.00058805; |GJ| = 0.000417046; tau = 17.8676

descent iter#176; J = 0.0005858; |GJ| = 0.000526358; tau = 2.23345

descent iter#177; J = 0.000585068; |GJ| = 0.000416323; tau = 17.8676

descent iter#178; J = 0.00058289; |GJ| = 0.000534368; tau = 2.23345

descent iter#179; J = 0.000582122; |GJ| = 0.00041654; tau = 17.8676

descent iter#180; J = 0.000580115; |GJ| = 0.000558178; tau = 2.23345

descent iter#181; J = 0.000579211; |GJ| = 0.00041766; tau = 13.4007

descent iter#182; J = 0.000577467; |GJ| = 0.000496271; tau = 1.67509
....................................
descent iter#183; J = 0.000576815; |GJ| = 0.000391048; tau = 3.74209

descent iter#184; J = 0.000576471; |GJ| = 0.000412828; tau = 14.9683

descent iter#185; J = 0.000574475; |GJ| = 0.000483268; tau = 1.87104
....................................
descent iter#186; J = 0.000573927; |GJ| = 0.000394928; tau = 99.1054

descent iter#187; J = 0.000564652; |GJ| = 0.000891428; tau = 3.09704

descent iter#188; J = 0.000560463; |GJ| = 0.000580467; tau = 1.54852
...................................
descent iter#189; J = 0.000559266; |GJ| = 0.000382809; tau = 0.991785
....................................
descent iter#190; J = 0.000559179; |GJ| = 0.000384252; tau = 3.5766

descent iter#191; J = 0.000558862; |GJ| = 0.00040298; tau = 21.4596

descent iter#192; J = 0.000556461; |GJ| = 0.000536145; tau = 1.34122
....................................
descent iter#193; J = 0.000555582; |GJ| = 0.000384303; tau = 1.11466
...................................
descent iter#194; J = 0.000555483; |GJ| = 0.000382018; tau = 2.11799

descent iter#195; J = 0.000555298; |GJ| = 0.000391651; tau = 135.551

descent iter#196; J = 0.000538631; |GJ| = 0.0006202; tau = 2.11799

descent iter#197; J = 0.000537482; |GJ| = 0.000414593; tau = 8.47195

descent iter#198; J = 0.000536357; |GJ| = 0.000464495; tau = 1.58849
....................................
descent iter#199; J = 0.000535922; |GJ| = 0.000374803; tau = 1.7045
...................................
descent iter#200; J = 0.000535779; |GJ| = 0.000381552; tau = 589.75

descent iter#201; J = 0.000484265; |GJ| = 0.00169224; tau = 2.30371

descent iter#202; J = 0.000470641; |GJ| = 0.000782236; tau = 2.30371

descent iter#203; J = 0.000469165; |GJ| = 0.000601123; tau = 2.30371
...................................
descent iter#204; J = 0.000467306; |GJ| = 0.000355737; tau = 0.680982
...................................
descent iter#205; J = 0.000467255; |GJ| = 0.000352577; tau = 3.05538e-10
Converged at iter#206; J = 0.000467255; |GJ| = 0.000352577; tau = 3.05538e-10

About to descent, first step might be slow...

descent iter#1; J = 0.145255; |GJ| = 0.11389; tau = 2.5

descent iter#2; J = 0.117618; |GJ| = 0.115826; tau = 2.5

descent iter#3; J = 0.0883265; |GJ| = 0.113938; tau = 1.25

descent iter#4; J = 0.0742615; |GJ| = 0.0994374; tau = 2.5

descent iter#5; J = 0.0534623; |GJ| = 0.0907192; tau = 1.25

descent iter#6; J = 0.0455924; |GJ| = 0.0736281; tau = 1.25

descent iter#7; J = 0.0398222; |GJ| = 0.0659155; tau = 1.25

descent iter#8; J = 0.0350235; |GJ| = 0.0602363; tau = 1.25

descent iter#9; J = 0.0309991; |GJ| = 0.0547635; tau = 1.25

descent iter#10; J = 0.0276729; |GJ| = 0.0501682; tau = 1.25

descent iter#11; J = 0.0248598; |GJ| = 0.0467278; tau = 1.25

descent iter#12; J = 0.0224203; |GJ| = 0.0437156; tau = 1.25

descent iter#13; J = 0.0202904; |GJ| = 0.040649; tau = 1.25

descent iter#14; J = 0.0184678; |GJ| = 0.0375542; tau = 1.25

descent iter#15; J = 0.0169202; |GJ| = 0.034632; tau = 1.25

descent iter#16; J = 0.0156157; |GJ| = 0.0321058; tau = 1.25

descent iter#17; J = 0.0144962; |GJ| = 0.0300198; tau = 1.25

descent iter#18; J = 0.0135247; |GJ| = 0.0283436; tau = 1.25

descent iter#19; J = 0.0126596; |GJ| = 0.0269737; tau = 1.25

descent iter#20; J = 0.0118838; |GJ| = 0.0258322; tau = 1.25

descent iter#21; J = 0.0111749; |GJ| = 0.0248399; tau = 1.25

descent iter#22; J = 0.010529; |GJ| = 0.023949; tau = 1.25

descent iter#23; J = 0.00993343; |GJ| = 0.0231273; tau = 1.25

descent iter#24; J = 0.00939004; |GJ| = 0.0223559; tau = 1.25

descent iter#25; J = 0.00888927; |GJ| = 0.0216369; tau = 1.25

descent iter#26; J = 0.0084348; |GJ| = 0.0209626; tau = 1.25

descent iter#27; J = 0.0080171; |GJ| = 0.0203559; tau = 1.25

descent iter#28; J = 0.00764056; |GJ| = 0.0198049; tau = 1.25

descent iter#29; J = 0.0072945; |GJ| = 0.0193468; tau = 0.625

descent iter#30; J = 0.00710054; |GJ| = 0.0157096; tau = 5

descent iter#31; J = 0.00600134; |GJ| = 0.0132636; tau = 2.5

descent iter#32; J = 0.00563342; |GJ| = 0.0156606; tau = 0.625

descent iter#33; J = 0.00551265; |GJ| = 0.0117713; tau = 10

descent iter#34; J = 0.00433011; |GJ| = 0.00944309; tau = 10

descent iter#35; J = 0.00367109; |GJ| = 0.0149562; tau = 0.625

descent iter#36; J = 0.00356205; |GJ| = 0.00960408; tau = 1.25

descent iter#37; J = 0.00346816; |GJ| = 0.00757264; tau = 5

descent iter#38; J = 0.00321453; |GJ| = 0.00800268; tau = 1.25

descent iter#39; J = 0.0031491; |GJ| = 0.0070693; tau = 2.5

descent iter#40; J = 0.00304827; |GJ| = 0.00892619; tau = 0.625

descent iter#41; J = 0.00301019; |GJ| = 0.00647295; tau = 10

descent iter#42; J = 0.002634; |GJ| = 0.00789235; tau = 0.625

descent iter#43; J = 0.00260173; |GJ| = 0.00590714; tau = 2.5

descent iter#44; J = 0.00252547; |GJ| = 0.00615811; tau = 2.5

descent iter#45; J = 0.00245728; |GJ| = 0.00705512; tau = 1.25

descent iter#46; J = 0.00241305; |GJ| = 0.00550415; tau = 2.5

descent iter#47; J = 0.00234658; |GJ| = 0.0058419; tau = 1.25

descent iter#48; J = 0.00231116; |GJ| = 0.00529039; tau = 2.5

descent iter#49; J = 0.00225219; |GJ| = 0.00645265; tau = 0.625

descent iter#50; J = 0.0022316; |GJ| = 0.00494388; tau = 10

descent iter#51; J = 0.00201283; |GJ| = 0.00680531; tau = 0.625

descent iter#52; J = 0.00199031; |GJ| = 0.00466684; tau = 2.5

descent iter#53; J = 0.00194382; |GJ| = 0.00499724; tau = 1.25

descent iter#54; J = 0.00191803; |GJ| = 0.00438271; tau = 5

descent iter#55; J = 0.00183739; |GJ| = 0.0064419; tau = 0.625

descent iter#56; J = 0.00181811; |GJ| = 0.00424669; tau = 2.5

descent iter#57; J = 0.001778; |GJ| = 0.00446243; tau = 2.5

descent iter#58; J = 0.001742; |GJ| = 0.00528448; tau = 0.625

descent iter#59; J = 0.00172747; |GJ| = 0.00404573; tau = 5

descent iter#60; J = 0.00166173; |GJ| = 0.00585604; tau = 0.625

descent iter#61; J = 0.00164444; |GJ| = 0.00405008; tau = 1.25

descent iter#62; J = 0.001626; |GJ| = 0.00374062; tau = 10

descent iter#63; J = 0.00150416; |GJ| = 0.00584428; tau = 0.625

descent iter#64; J = 0.00148738; |GJ| = 0.00379588; tau = 1.25

descent iter#65; J = 0.00147164; |GJ| = 0.00343606; tau = 10

descent iter#66; J = 0.001372; |GJ| = 0.00589688; tau = 0.625

descent iter#67; J = 0.00135532; |GJ| = 0.00359479; tau = 1.25

descent iter#68; J = 0.00134167; |GJ| = 0.0031762; tau = 10

descent iter#69; J = 0.00125993; |GJ| = 0.00599247; tau = 0.625

descent iter#70; J = 0.00124305; |GJ| = 0.00343924; tau = 1.25

descent iter#71; J = 0.00123103; |GJ| = 0.00295483; tau = 5

descent iter#72; J = 0.00119244; |GJ| = 0.00374779; tau = 1.25

descent iter#73; J = 0.00117997; |GJ| = 0.00290369; tau = 2.5

descent iter#74; J = 0.00116116; |GJ| = 0.00306851; tau = 2.5

descent iter#75; J = 0.00114415; |GJ| = 0.00369833; tau = 0.625

descent iter#76; J = 0.00113714; |GJ| = 0.00279769; tau = 5

descent iter#77; J = 0.00110519; |GJ| = 0.00403069; tau = 0.625

descent iter#78; J = 0.00109698; |GJ| = 0.00282283; tau = 2.5

descent iter#79; J = 0.00108073; |GJ| = 0.00310523; tau = 1.25

descent iter#80; J = 0.00107114; |GJ| = 0.0026349; tau = 5

descent iter#81; J = 0.0010411; |GJ| = 0.00353247; tau = 0.625

descent iter#82; J = 0.00103465; |GJ| = 0.00262704; tau = 2.5

descent iter#83; J = 0.0010196; |GJ| = 0.00279913; tau = 2.5

descent iter#84; J = 0.0010058; |GJ| = 0.00327119; tau = 1.25

descent iter#85; J = 0.000996413; |GJ| = 0.00255045; tau = 2.5

descent iter#86; J = 0.00098245; |GJ| = 0.00287108; tau = 1.25

descent iter#87; J = 0.000974759; |GJ| = 0.00268173; tau = 1.25

descent iter#88; J = 0.00096766; |GJ| = 0.00268684; tau = 1.25

descent iter#89; J = 0.000960694; |GJ| = 0.00271864; tau = 1.25

descent iter#90; J = 0.000953831; |GJ| = 0.00275872; tau = 1.25

descent iter#91; J = 0.000947047; |GJ| = 0.00280723; tau = 0.625

descent iter#92; J = 0.000942916; |GJ| = 0.00233056; tau = 40

descent iter#93; J = 0.000751; |GJ| = 0.00471798; tau = 0.3125

descent iter#94; J = 0.000745559; |GJ| = 0.0028248; tau = 0.3125

descent iter#95; J = 0.000743405; |GJ| = 0.00218348; tau = 0.625

descent iter#96; J = 0.000740739; |GJ| = 0.00194544; tau = 40

descent iter#97; J = 0.000610107; |GJ| = 0.00393863; tau = 0.3125

descent iter#98; J = 0.000606019; |GJ| = 0.00282839; tau = 0.625

descent iter#99; J = 0.000601973; |GJ| = 0.00206375; tau = 1.25

descent iter#100; J = 0.000597206; |GJ| = 0.00176723; tau = 5

descent iter#101; J = 0.000583522; |GJ| = 0.00176649; tau = 2.5

descent iter#102; J = 0.000577458; |GJ| = 0.00213711; tau = 0.625

descent iter#103; J = 0.000575216; |GJ| = 0.00160297; tau = 10

descent iter#104; J = 0.000553211; |GJ| = 0.00278667; tau = 0.625

descent iter#105; J = 0.000549518; |GJ| = 0.00172598; tau = 1.25

descent iter#106; J = 0.000546313; |GJ| = 0.00153136; tau = 10

descent iter#107; J = 0.00052604; |GJ| = 0.00260458; tau = 0.625

descent iter#108; J = 0.000522774; |GJ| = 0.00163947; tau = 1.25

descent iter#109; J = 0.000519867; |GJ| = 0.00146637; tau = 10

descent iter#110; J = 0.000501361; |GJ| = 0.00251367; tau = 0.625

descent iter#111; J = 0.000498307; |GJ| = 0.00157765; tau = 1.25

descent iter#112; J = 0.000495633; |GJ| = 0.00140592; tau = 10

descent iter#113; J = 0.00047882; |GJ| = 0.00247715; tau = 0.625

descent iter#114; J = 0.000475869; |GJ| = 0.00152694; tau = 1.25

descent iter#115; J = 0.000473393; |GJ| = 0.00134943; tau = 10

descent iter#116; J = 0.000458127; |GJ| = 0.00245314; tau = 0.625

descent iter#117; J = 0.000455249; |GJ| = 0.00148211; tau = 1.25

descent iter#118; J = 0.000452947; |GJ| = 0.00129679; tau = 10

descent iter#119; J = 0.00043909; |GJ| = 0.00244119; tau = 0.625

descent iter#120; J = 0.000436261; |GJ| = 0.00144227; tau = 1.25

descent iter#121; J = 0.000434113; |GJ| = 0.0012477; tau = 10

descent iter#122; J = 0.00042152; |GJ| = 0.00243015; tau = 0.625

descent iter#123; J = 0.000418736; |GJ| = 0.0014057; tau = 1.25

descent iter#124; J = 0.000416725; |GJ| = 0.00120197; tau = 5

descent iter#125; J = 0.000410252; |GJ| = 0.00150293; tau = 1.25

descent iter#126; J = 0.000408174; |GJ| = 0.00119209; tau = 5

descent iter#127; J = 0.000402264; |GJ| = 0.00169758; tau = 0.625

descent iter#128; J = 0.000400798; |GJ| = 0.00121278; tau = 2.5

descent iter#129; J = 0.000397731; |GJ| = 0.0013204; tau = 1.25

descent iter#130; J = 0.000395944; |GJ| = 0.0011418; tau = 5

descent iter#131; J = 0.000390088; |GJ| = 0.0014451; tau = 1.25

descent iter#132; J = 0.000388221; |GJ| = 0.00116525; tau = 2.5

descent iter#133; J = 0.000385459; |GJ| = 0.00144879; tau = 0.625

descent iter#134; J = 0.000384418; |GJ| = 0.00110088; tau = 10

descent iter#135; J = 0.000373802; |GJ| = 0.00186022; tau = 0.625

descent iter#136; J = 0.000372143; |GJ| = 0.00117153; tau = 1.25

descent iter#137; J = 0.000370642; |GJ| = 0.00106231; tau = 10

descent iter#138; J = 0.000360801; |GJ| = 0.00180316; tau = 0.625

descent iter#139; J = 0.000359229; |GJ| = 0.00113888; tau = 1.25

descent iter#140; J = 0.000357823; |GJ| = 0.00102609; tau = 10

descent iter#141; J = 0.000348712; |GJ| = 0.00177287; tau = 0.625

descent iter#142; J = 0.000347194; |GJ| = 0.00110822; tau = 1.25

descent iter#143; J = 0.000345875; |GJ| = 0.000991847; tau = 10

descent iter#144; J = 0.00033743; |GJ| = 0.00174521; tau = 0.625

descent iter#145; J = 0.000335963; |GJ| = 0.00107892; tau = 1.25

descent iter#146; J = 0.000334723; |GJ| = 0.000959423; tau = 10

descent iter#147; J = 0.000326892; |GJ| = 0.00172362; tau = 0.625

descent iter#148; J = 0.000325468; |GJ| = 0.00105107; tau = 1.25

descent iter#149; J = 0.0003243; |GJ| = 0.000928632; tau = 10

descent iter#150; J = 0.00031703; |GJ| = 0.00170113; tau = 0.625

descent iter#151; J = 0.000315647; |GJ| = 0.00102437; tau = 1.25

descent iter#152; J = 0.000314548; |GJ| = 0.000899386; tau = 10

descent iter#153; J = 0.00030779; |GJ| = 0.00168002; tau = 0.625

descent iter#154; J = 0.000306448; |GJ| = 0.000998846; tau = 1.25

descent iter#155; J = 0.000305411; |GJ| = 0.000871598; tau = 10

descent iter#156; J = 0.000299121; |GJ| = 0.00165784; tau = 0.625

descent iter#157; J = 0.000297819; |GJ| = 0.000974351; tau = 1.25

descent iter#158; J = 0.000296839; |GJ| = 0.000845233; tau = 10

descent iter#159; J = 0.000290976; |GJ| = 0.00163577; tau = 0.625

descent iter#160; J = 0.000289713; |GJ| = 0.000950921; tau = 1.25

descent iter#161; J = 0.000288787; |GJ| = 0.000820263; tau = 10

descent iter#162; J = 0.000283311; |GJ| = 0.0016129; tau = 0.625

descent iter#163; J = 0.000282087; |GJ| = 0.000928474; tau = 1.25

descent iter#164; J = 0.00028121; |GJ| = 0.000796683; tau = 10

descent iter#165; J = 0.000276086; |GJ| = 0.00158979; tau = 0.625

descent iter#166; J = 0.0002749; |GJ| = 0.00090705; tau = 1.25

descent iter#167; J = 0.000274069; |GJ| = 0.000774486; tau = 10

descent iter#168; J = 0.000269262; |GJ| = 0.00156613; tau = 0.625

descent iter#169; J = 0.000268113; |GJ| = 0.000886589; tau = 1.25

descent iter#170; J = 0.000267323; |GJ| = 0.000753667; tau = 5

descent iter#171; J = 0.000264774; |GJ| = 0.000952231; tau = 1.25

descent iter#172; J = 0.000263943; |GJ| = 0.000751684; tau = 5

descent iter#173; J = 0.000261565; |GJ| = 0.00105257; tau = 0.625

descent iter#174; J = 0.000260993; |GJ| = 0.00076871; tau = 2.5

descent iter#175; J = 0.000259753; |GJ| = 0.000835519; tau = 1.25

descent iter#176; J = 0.000259032; |GJ| = 0.000726099; tau = 10

descent iter#177; J = 0.000254688; |GJ| = 0.00140798; tau = 0.625

descent iter#178; J = 0.000253755; |GJ| = 0.00081722; tau = 1.25

descent iter#179; J = 0.000253067; |GJ| = 0.000708356; tau = 10

descent iter#180; J = 0.000248943; |GJ| = 0.00138124; tau = 0.625

descent iter#181; J = 0.000248045; |GJ| = 0.000799863; tau = 1.25

descent iter#182; J = 0.000247388; |GJ| = 0.000691931; tau = 10

descent iter#183; J = 0.000243462; |GJ| = 0.00135648; tau = 0.625

descent iter#184; J = 0.000242597; |GJ| = 0.000783496; tau = 1.25

descent iter#185; J = 0.000241967; |GJ| = 0.000676754; tau = 10

descent iter#186; J = 0.000238217; |GJ| = 0.00133128; tau = 0.625

descent iter#187; J = 0.000237383; |GJ| = 0.000768012; tau = 1.25

descent iter#188; J = 0.000236779; |GJ| = 0.000662763; tau = 10

descent iter#189; J = 0.000233185; |GJ| = 0.00130677; tau = 0.625

descent iter#190; J = 0.000232382; |GJ| = 0.000753391; tau = 1.25

descent iter#191; J = 0.000231801; |GJ| = 0.000649869; tau = 10

descent iter#192; J = 0.000228343; |GJ| = 0.00128205; tau = 0.625

descent iter#193; J = 0.00022757; |GJ| = 0.000739536; tau = 1.25

descent iter#194; J = 0.00022701; |GJ| = 0.000637975; tau = 10

descent iter#195; J = 0.000223674; |GJ| = 0.00125765; tau = 0.625

descent iter#196; J = 0.00022293; |GJ| = 0.000726381; tau = 1.25

descent iter#197; J = 0.00022239; |GJ| = 0.000626963; tau = 10

descent iter#198; J = 0.000219162; |GJ| = 0.0012332; tau = 0.625

descent iter#199; J = 0.000218446; |GJ| = 0.000713815; tau = 1.25

descent iter#200; J = 0.000217923; |GJ| = 0.000616702; tau = 10

descent iter#201; J = 0.000214794; |GJ| = 0.00120894; tau = 0.625

descent iter#202; J = 0.000214105; |GJ| = 0.00070174; tau = 1.25

descent iter#203; J = 0.000213599; |GJ| = 0.000607047; tau = 10

descent iter#204; J = 0.000210558; |GJ| = 0.00118468; tau = 0.625

descent iter#205; J = 0.000209895; |GJ| = 0.000690031; tau = 1.25

descent iter#206; J = 0.000209405; |GJ| = 0.000597846; tau = 10

descent iter#207; J = 0.000206447; |GJ| = 0.00116053; tau = 0.625

descent iter#208; J = 0.00020581; |GJ| = 0.000678572; tau = 1.25

descent iter#209; J = 0.000205335; |GJ| = 0.000588942; tau = 10

descent iter#210; J = 0.000202455; |GJ| = 0.00113638; tau = 0.625

descent iter#211; J = 0.000201844; |GJ| = 0.000667238; tau = 1.25

descent iter#212; J = 0.000201383; |GJ| = 0.000580182; tau = 10

descent iter#213; J = 0.000198579; |GJ| = 0.00111227; tau = 0.625

descent iter#214; J = 0.000197992; |GJ| = 0.000655919; tau = 1.25

descent iter#215; J = 0.000197546; |GJ| = 0.000571423; tau = 10

descent iter#216; J = 0.000194817; |GJ| = 0.00108814; tau = 0.625

descent iter#217; J = 0.000194255; |GJ| = 0.000644506; tau = 1.25

descent iter#218; J = 0.000193823; |GJ| = 0.000562541; tau = 10

descent iter#219; J = 0.00019117; |GJ| = 0.00106399; tau = 0.625

descent iter#220; J = 0.000190632; |GJ| = 0.000632922; tau = 1.25

descent iter#221; J = 0.000190214; |GJ| = 0.000553431; tau = 10

descent iter#222; J = 0.000187639; |GJ| = 0.00103981; tau = 0.625

descent iter#223; J = 0.000187124; |GJ| = 0.000621098; tau = 1.25

descent iter#224; J = 0.000186721; |GJ| = 0.000544019; tau = 10

descent iter#225; J = 0.000184227; |GJ| = 0.00101561; tau = 0.625

descent iter#226; J = 0.000183735; |GJ| = 0.000609003; tau = 1.25

descent iter#227; J = 0.000183347; |GJ| = 0.000534258; tau = 10

descent iter#228; J = 0.000180935; |GJ| = 0.000991395; tau = 0.625

descent iter#229; J = 0.000180466; |GJ| = 0.000596619; tau = 1.25

descent iter#230; J = 0.000180093; |GJ| = 0.000524134; tau = 10

descent iter#231; J = 0.000177767; |GJ| = 0.000967211; tau = 0.625

descent iter#232; J = 0.00017732; |GJ| = 0.000583967; tau = 1.25

descent iter#233; J = 0.000176961; |GJ| = 0.000513663; tau = 10

descent iter#234; J = 0.000174724; |GJ| = 0.000943091; tau = 0.625

descent iter#235; J = 0.000174298; |GJ| = 0.000571079; tau = 1.25

descent iter#236; J = 0.000173955; |GJ| = 0.000502885; tau = 10

descent iter#237; J = 0.000171807; |GJ| = 0.000919091; tau = 0.625

descent iter#238; J = 0.000171402; |GJ| = 0.000558019; tau = 1.25

descent iter#239; J = 0.000171074; |GJ| = 0.000491866; tau = 10

descent iter#240; J = 0.000169017; |GJ| = 0.000895264; tau = 0.625

descent iter#241; J = 0.000168632; |GJ| = 0.000544852; tau = 1.25

descent iter#242; J = 0.000168319; |GJ| = 0.000480684; tau = 10

descent iter#243; J = 0.000166351; |GJ| = 0.00087168; tau = 0.625

descent iter#244; J = 0.000165987; |GJ| = 0.000531667; tau = 1.25

descent iter#245; J = 0.000165688; |GJ| = 0.000469429; tau = 10

descent iter#246; J = 0.000163809; |GJ| = 0.000848395; tau = 0.625

descent iter#247; J = 0.000163464; |GJ| = 0.00051854; tau = 1.25

descent iter#248; J = 0.000163179; |GJ| = 0.000458191; tau = 10

descent iter#249; J = 0.000161387; |GJ| = 0.000825475; tau = 0.625

descent iter#250; J = 0.00016106; |GJ| = 0.000505559; tau = 1.25

descent iter#251; J = 0.000160789; |GJ| = 0.00044706; tau = 10

descent iter#252; J = 0.000159081; |GJ| = 0.000802969; tau = 0.625

descent iter#253; J = 0.000158771; |GJ| = 0.000492789; tau = 1.25

descent iter#254; J = 0.000158514; |GJ| = 0.000436114; tau = 10

descent iter#255; J = 0.000156886; |GJ| = 0.000780931; tau = 0.625

descent iter#256; J = 0.000156593; |GJ| = 0.000480305; tau = 1.25

descent iter#257; J = 0.000156348; |GJ| = 0.000425421; tau = 10

descent iter#258; J = 0.000154797; |GJ| = 0.000759393; tau = 0.625

descent iter#259; J = 0.00015452; |GJ| = 0.000468146; tau = 1.25

descent iter#260; J = 0.000154287; |GJ| = 0.000415036; tau = 10

descent iter#261; J = 0.000152808; |GJ| = 0.000738393; tau = 0.625

descent iter#262; J = 0.000152545; |GJ| = 0.000456365; tau = 1.25

descent iter#263; J = 0.000152324; |GJ| = 0.000405002; tau = 10

descent iter#264; J = 0.000150914; |GJ| = 0.000717944; tau = 0.625

descent iter#265; J = 0.000150665; |GJ| = 0.000444977; tau = 1.25

descent iter#266; J = 0.000150454; |GJ| = 0.000395343; tau = 10

descent iter#267; J = 0.000149108; |GJ| = 0.000698071; tau = 0.625

descent iter#268; J = 0.000148872; |GJ| = 0.000434012; tau = 1.25

descent iter#269; J = 0.000148671; |GJ| = 0.000386078; tau = 10

descent iter#270; J = 0.000147385; |GJ| = 0.000678773; tau = 0.625

descent iter#271; J = 0.000147162; |GJ| = 0.000423464; tau = 1.25

descent iter#272; J = 0.00014697; |GJ| = 0.00037721; tau = 10

descent iter#273; J = 0.000145739; |GJ| = 0.000660061; tau = 0.625

descent iter#274; J = 0.000145528; |GJ| = 0.000413347; tau = 1.25

descent iter#275; J = 0.000145345; |GJ| = 0.000368738; tau = 10

descent iter#276; J = 0.000144166; |GJ| = 0.000641924; tau = 0.625

descent iter#277; J = 0.000143967; |GJ| = 0.00040364; tau = 1.25

descent iter#278; J = 0.000143792; |GJ| = 0.000360648; tau = 10

descent iter#279; J = 0.000142661; |GJ| = 0.000624367; tau = 0.625

descent iter#280; J = 0.000142472; |GJ| = 0.000394348; tau = 1.25

descent iter#281; J = 0.000142304; |GJ| = 0.000352927; tau = 10

descent iter#282; J = 0.000141219; |GJ| = 0.000607371; tau = 0.625

descent iter#283; J = 0.000141039; |GJ| = 0.000385438; tau = 1.25

descent iter#284; J = 0.000140879; |GJ| = 0.000345552; tau = 10

descent iter#285; J = 0.000139836; |GJ| = 0.000590941; tau = 0.625

descent iter#286; J = 0.000139666; |GJ| = 0.000376914; tau = 1.25

descent iter#287; J = 0.000139512; |GJ| = 0.000338504; tau = 10

descent iter#288; J = 0.000138508; |GJ| = 0.000575052; tau = 0.625

descent iter#289; J = 0.000138347; |GJ| = 0.000368738; tau = 1.25

descent iter#290; J = 0.000138199; |GJ| = 0.000331756; tau = 10

descent iter#291; J = 0.000137233; |GJ| = 0.000559711; tau = 0.625

descent iter#292; J = 0.00013708; |GJ| = 0.000360915; tau = 1.25

descent iter#293; J = 0.000136938; |GJ| = 0.000325286; tau = 10

descent iter#294; J = 0.000136007; |GJ| = 0.000544895; tau = 0.625

descent iter#295; J = 0.000135861; |GJ| = 0.000353408; tau = 1.25

descent iter#296; J = 0.000135725; |GJ| = 0.000319068; tau = 10

descent iter#297; J = 0.000134827; |GJ| = 0.00053062; tau = 0.625

descent iter#298; J = 0.000134688; |GJ| = 0.000346232; tau = 1.25

descent iter#299; J = 0.000134557; |GJ| = 0.000313086; tau = 10

descent iter#300; J = 0.000133691; |GJ| = 0.000516865; tau = 0.625

descent iter#301; J = 0.000133559; |GJ| = 0.000339352; tau = 1.25

descent iter#302; J = 0.000133433; |GJ| = 0.000307317; tau = 10

descent iter#303; J = 0.000132597; |GJ| = 0.00050366; tau = 0.625

descent iter#304; J = 0.000132471; |GJ| = 0.0003328; tau = 1.25

descent iter#305; J = 0.000132349; |GJ| = 0.00030175; tau = 10

descent iter#306; J = 0.000131542; |GJ| = 0.000490993; tau = 0.625

descent iter#307; J = 0.000131423; |GJ| = 0.000326548; tau = 1.25

descent iter#308; J = 0.000131305; |GJ| = 0.000296371; tau = 10

descent iter#309; J = 0.000130526; |GJ| = 0.000478921; tau = 0.625

descent iter#310; J = 0.000130412; |GJ| = 0.000320652; tau = 1.25

descent iter#311; J = 0.000130299; |GJ| = 0.000291181; tau = 10

descent iter#312; J = 0.000129547; |GJ| = 0.000467443; tau = 0.625

descent iter#313; J = 0.000129438; |GJ| = 0.000315097; tau = 1.25

descent iter#314; J = 0.000129328; |GJ| = 0.000286172; tau = 10

descent iter#315; J = 0.000128603; |GJ| = 0.000456654; tau = 0.625

descent iter#316; J = 0.000128498; |GJ| = 0.000309972; tau = 1.25

descent iter#317; J = 0.000128392; |GJ| = 0.00028136; tau = 10

descent iter#318; J = 0.000127692; |GJ| = 0.000446574; tau = 0.625

descent iter#319; J = 0.000127592; |GJ| = 0.000305277; tau = 1.25

descent iter#320; J = 0.000127488; |GJ| = 0.000276749; tau = 10

descent iter#321; J = 0.000126814; |GJ| = 0.000437355; tau = 0.625

descent iter#322; J = 0.000126717; |GJ| = 0.000301148; tau = 1.25

descent iter#323; J = 0.000126617; |GJ| = 0.000272368; tau = 10

descent iter#324; J = 0.000125967; |GJ| = 0.000429043; tau = 0.625

descent iter#325; J = 0.000125874; |GJ| = 0.000297609; tau = 1.25

descent iter#326; J = 0.000125776; |GJ| = 0.000268237; tau = 10

descent iter#327; J = 0.000125151; |GJ| = 0.000421879; tau = 0.625

descent iter#328; J = 0.00012506; |GJ| = 0.000294856; tau = 1.25

descent iter#329; J = 0.000124964; |GJ| = 0.000264401; tau = 10

descent iter#330; J = 0.000124363; |GJ| = 0.000415941; tau = 0.625

descent iter#331; J = 0.000124275; |GJ| = 0.000292943; tau = 1.25

descent iter#332; J = 0.00012418; |GJ| = 0.0002609; tau = 10

descent iter#333; J = 0.000123604; |GJ| = 0.000411597; tau = 0.625

descent iter#334; J = 0.000123517; |GJ| = 0.000292152; tau = 1.25

descent iter#335; J = 0.000123423; |GJ| = 0.0002578; tau = 10

descent iter#336; J = 0.000122873; |GJ| = 0.000408955; tau = 0.625

descent iter#337; J = 0.000122786; |GJ| = 0.000292563; tau = 1.25

descent iter#338; J = 0.000122692; |GJ| = 0.000255168; tau = 10

descent iter#339; J = 0.000122167; |GJ| = 0.000408565; tau = 0.625

descent iter#340; J = 0.000122081; |GJ| = 0.000294572; tau = 1.25

descent iter#341; J = 0.000121986; |GJ| = 0.000253096; tau = 5

descent iter#342; J = 0.000121701; |GJ| = 0.000275494; tau = 2.5

descent iter#343; J = 0.000121563; |GJ| = 0.000303956; tau = 1.25

descent iter#344; J = 0.000121476; |GJ| = 0.000244673; tau = 5

descent iter#345; J = 0.000121217; |GJ| = 0.000329896; tau = 0.625
Converged at iter#346; J = 0.000121159; |GJ| = 0.000250105; tau = 0.625
