flow iter#1; |dv| = 1.79433
flow iter#2; |dv| = 0.648866
flow iter#3; |dv| = 0.320653
flow iter#4; |dv| = 0.333385
flow iter#5; |dv| = 0.377293
flow iter#6; |dv| = 0.365493
flow iter#7; |dv| = 0.310485
flow iter#8; |dv| = 0.235571
flow iter#9; |dv| = 0.159655
flow iter#10; |dv| = 0.0947825
flow iter#11; |dv| = 0.04722

                                Norm of      First-order 
 Iteration        f(x)          step          optimality   CG-iterations
     0          0.0896839                        0.0264                
     1          0.0896839             10         0.0264           2
     2          0.0896839        2.38486         0.0264           0
     3          0.0316733       0.596214         0.0359           0
     4          0.0316733        1.19243         0.0359           2
     5          0.0316733       0.298107         0.0359           0
     6          0.0258748      0.0745268         0.0162           0
     7          0.0258748       0.149054         0.0162           3
     8          0.0247263      0.0372634         0.0148           0
     9          0.0221175      0.0863843         0.0468           3
    10          0.0195505       0.149054         0.0206           2
    11          0.0195505       0.298107         0.0206           3
    12          0.0190915      0.0745268         0.0106           0
    13          0.0178038      0.0745268         0.0106           3
    14           0.017761       0.149054         0.0597           3
    15          0.0158754      0.0372634         0.0215           3
    16          0.0147644      0.0745268         0.0101           3
    17          0.0142855       0.149054         0.0125           3
    18          0.0134799      0.0372634         0.0106           3
    19          0.0132498      0.0745268         0.0194           3
    20          0.0127861      0.0186317        0.00965           3
    21          0.0124547      0.0372634         0.0082           3
    22          0.0122376      0.0372634        0.00797           3
    23          0.0114503      0.0372634           0.02           3
    24          0.0114503      0.0745268           0.02           2
    25          0.0114503      0.0186317           0.02           0
    26          0.0114503     0.00465792           0.02           0
    27          0.0114503     0.00116448           0.02           0
    28          0.0114503     0.00029112           0.02           0
    29          0.0114503    7.27801e-05           0.02           0
    30          0.0114503     1.8195e-05           0.02           0
    31          0.0114503    4.54875e-06           0.02           0
    32          0.0114503    1.13719e-06           0.02           0
    33          0.0114503    2.84297e-07           0.02           0

Optimization stopped because the <a href = "matlab: helpview([docroot '/toolbox/optim/msg_csh/optim_msg_csh.map'],'norm_current_step','CSHelpWindow');">norm of the current step</a>, 2.842971e-07, is
less than <a href = "matlab: helpview([docroot '/toolbox/optim/msg_csh/optim_msg_csh.map'],'tolx','CSHelpWindow');">options.TolX</a> = 1.000000e-06.

Optimization Metric                                    Options
relative norm(step) =   2.84e-07                TolX =   1e-06 (default)


                                Norm of      First-order 
 Iteration        f(x)          step          optimality   CG-iterations
     0            1.67735                         0.257                
     1            1.67735             10          0.257           2
     2            1.67735            2.5          0.257           0
     3           0.971348          0.625          0.388           0
     4           0.924683           1.25           2.55           2
     5           0.380163       0.248631          0.449           3
     6            0.22762         0.3125          0.255           3
     7           0.133176          0.625           0.18           3
     8          0.0851514          0.625          0.118           7
     9          0.0510511       0.166276         0.0614          12
    10          0.0436741          0.625         0.0983           9
    11          0.0436741          0.625         0.0983          12
    12          0.0291466       0.109189         0.0403           0
    13          0.0233824        0.15625         0.0327          11
    14          0.0202728         0.3125         0.0362          11
    15          0.0172813         0.3125          0.038          21
    16          0.0146616         0.3125          0.074          20
    17         0.00455335         0.3125        0.00904           9
    18         0.00150327       0.426657         0.0144          19
    19         0.00150327          0.625         0.0144          11
    20         0.00125101        0.15625        0.00756           0
    21          0.0011396        0.15625        0.00698          46
    22        0.000654176        0.15625        0.00279          18
    23        0.000654176         0.3125        0.00279          40
    24        0.000616896       0.078125        0.00181           0
    25        0.000387209        0.15625        0.00212          31
    26        0.000387209         0.3125        0.00212          32
    27          0.0003853       0.078125        0.00168           0
    28        0.000372265      0.0195312        0.00154          33
    29        0.000335439      0.0390625        0.00169          45
    30        0.000272551       0.078125       0.000919          45
    31        0.000180305        0.15625        0.00172          47
    32        9.99646e-05       0.228945        0.00129          29
    33        6.50084e-05      0.0514216       0.000269          10
    34        5.33088e-05       0.208058        0.00298          68
    35        3.49356e-05     0.00808905       0.000126           4
    36        3.32152e-05       0.112093       0.000934          93
    37        3.00153e-05      0.0041225        6.7e-05           4
    38        3.00153e-05      0.0815056        6.7e-05          96
    39        2.94982e-05      0.0203764       9.26e-05           0

Optimization stopped because the relative objective function value is changing
by less than <a href = "matlab: helpview([docroot '/toolbox/optim/msg_csh/optim_msg_csh.map'],'tolfun','CSHelpWindow');">options.TolFun</a> = 1.000000e-06.

Optimization Metric                                         Options
relative change objective =   5.17e-07             TolFun =   1e-06 (default)

