flow iter#1; |dv| = 10.1898
flow iter#2; |dv| = 2.50864
flow iter#3; |dv| = 3.08407
flow iter#4; |dv| = 4.09295
flow iter#5; |dv| = 3.31421
flow iter#6; |dv| = 1.76472
flow iter#7; |dv| = 0.467763
flow iter#8; |dv| = 0.612434
flow iter#9; |dv| = 0.812265
flow iter#10; |dv| = 0.659294
flow iter#11; |dv| = 0.37344
flow iter#12; |dv| = 0.122457
flow iter#13; |dv| = 0.0758836
flow iter#14; |dv| = 0.124728
flow iter#15; |dv| = 0.113365
flow iter#16; |dv| = 0.0715397
flow iter#17; |dv| = 0.0284598
flow iter#18; |dv| = 0.00960109
flow iter#19; |dv| = 0.0192103
flow iter#20; |dv| = 0.019535
flow iter#21; |dv| = 0.0135445
flow iter#22; |dv| = 0.00639034
flow iter#23; |dv| = 0.00212571
flow iter#24; |dv| = 0.0031757
flow iter#25; |dv| = 0.00358946
flow iter#26; |dv| = 0.00289609
flow iter#27; |dv| = 0.00199359
flow iter#28; |dv| = 0.0015638
                                                        First-order 
 Iteration  Func-count       f(x)        Step-size       optimality
     0           1        0.0751173                       0.00101
     1           5        0.0238773        451.162       0.000505  
     2           7        0.0129917            0.5       0.000937  
     3           8       0.00148295              1       0.000283  
     4          10      0.000751536            0.5       4.69e-05  
     5          11       0.00060628              1       0.000125  
     6          12      0.000505124              1       0.000259  
     7          13      0.000280332              1       5.16e-05  
     8          14      0.000201897              1       0.000131  
     9          16      0.000118516       0.583585       0.000123  
    10          17      0.000113845              1       9.78e-05  
    11          18      9.32288e-05              1       2.83e-05  
    12          20      7.67235e-05       0.618539       0.000121  
    13          21      6.61994e-05              1       7.36e-05  
    14          22      6.01165e-05              1       1.22e-05  
    15          23      5.76722e-05              1       1.22e-05  
    16          24      5.61419e-05              1       2.68e-05  
    17          25      5.16398e-05              1       1.91e-05  
    18          28      4.99814e-05       0.202815       7.64e-05  
    19          29      4.66878e-05              1       3.67e-05  
                                                        First-order 
 Iteration  Func-count       f(x)        Step-size       optimality
    20          30       4.4377e-05              1       3.47e-05  
    21          31      4.22713e-05              1       1.74e-05  
    22          32      4.08694e-05              1       2.39e-05  
    23          33      3.95681e-05              1        5.3e-05  
    24          35      3.88164e-05       0.452187       1.63e-05  
    25          36       3.7394e-05              1       1.49e-05  
    26          38      3.48543e-05            0.5       5.41e-05  
    27          39       3.3324e-05              1       5.08e-05  
    28          40      3.24036e-05              1       1.31e-05  
    29          41      3.13999e-05              1       5.38e-05  
    30          42      3.08322e-05              1       2.49e-05  
    31          43      3.03776e-05              1       4.44e-05  
    32          44      2.95777e-05              1       3.03e-05  
    33          45      2.92015e-05              1        2.9e-05  
    34          46       2.8912e-05              1       6.88e-05  
    35          47      2.84386e-05              1       5.61e-06  
    36          48      2.79714e-05              1          8e-06  
    37          49       2.7014e-05              1       6.44e-05  
    38          50      2.61835e-05              1       1.68e-05  
    39          51      2.55563e-05              1       2.24e-05  
                                                        First-order 
 Iteration  Func-count       f(x)        Step-size       optimality
    40          52      2.51433e-05              1       4.26e-05  
    41          53      2.47247e-05              1       1.24e-05  
    42          54      2.44537e-05              1       1.23e-05  
    43          55      2.40767e-05              1        6.4e-06  
    44          56      2.38668e-05              1        9.6e-06  
    45          57      2.35506e-05              1       1.63e-05  
    46          58      2.33955e-05              1        2.3e-05  
    47          59      2.31101e-05              1        7.5e-06  
    48          60      2.30192e-05              1       1.69e-05  
    49          61      2.28727e-05              1       5.87e-06  
    50          62      2.26992e-05              1       8.14e-06  
    51          63      2.24316e-05              1       4.52e-06  
    52          64      2.22784e-05              1       6.55e-06  
    53          65      2.20883e-05              1       1.33e-05  
    54          66      2.18384e-05              1       1.47e-05  
    55          67      2.16571e-05              1       5.61e-06  
    56          68      2.15338e-05              1       1.53e-05  
    57          69      2.13798e-05              1       3.18e-06  
    58          70      2.12362e-05              1        4.9e-06  
    59          71      2.09804e-05              1       1.94e-05  
                                                        First-order 
 Iteration  Func-count       f(x)        Step-size       optimality
    60          72      2.08603e-05              1       6.81e-06  
    61          73      2.07155e-05              1       9.25e-06  
    62          74       2.0512e-05              1       1.02e-05  
    63          75        2.038e-05              1       8.37e-06  
    64          76      2.02306e-05              1       7.49e-06  
    65          77      2.01643e-05              1       7.17e-06  
    66          78      2.00949e-05              1       5.16e-06  
    67          79      1.99637e-05              1       1.56e-05  
    68          80      1.98343e-05              1       1.44e-05  
    69          81      1.96295e-05              1       5.18e-06  
    70          82      1.95185e-05              1       8.23e-06  
    71          83      1.94278e-05              1        9.9e-06  
    72          84      1.93739e-05              1       8.54e-06  
    73          85      1.92606e-05              1       3.88e-06  
    74          86      1.90765e-05              1       4.52e-06  
    75          87      1.90147e-05              1       2.46e-06  
    76          88      1.89629e-05              1       4.32e-06  
    77          89      1.88717e-05              1       3.45e-06  
    78          90       1.8762e-05              1       8.06e-06  
    79          91      1.86187e-05              1       6.48e-06  
                                                        First-order 
 Iteration  Func-count       f(x)        Step-size       optimality
    80          92      1.85499e-05              1       4.69e-06  
    81          93      1.85077e-05              1        1.5e-05  
    82          94      1.84644e-05              1        2.9e-06  
    83          95      1.84267e-05              1       2.11e-06  
    84          96       1.8329e-05              1       1.65e-05  
    85          97       1.8274e-05              1       4.75e-06  
    86          98       1.8203e-05              1       3.24e-06  
    87          99      1.79665e-05              1       3.48e-06  
    88         100      1.78814e-05              1       2.04e-05  
    89         101      1.77625e-05              1       9.96e-06  
    90         102      1.77267e-05              1       5.44e-06  
    91         103       1.7699e-05              1       9.09e-06  
    92         104      1.76498e-05              1       1.19e-05  
    93         105      1.75892e-05              1       1.06e-05  
    94         106      1.75021e-05              1       6.75e-06  
    95         107      1.74104e-05              1       5.75e-06  
    96         108      1.73226e-05              1       6.76e-06  
    97         109      1.72665e-05              1       7.07e-06  
    98         110      1.72306e-05              1       2.98e-06  
    99         111      1.71708e-05              1       1.72e-05  
                                                        First-order 
 Iteration  Func-count       f(x)        Step-size       optimality
   100         112      1.71102e-05              1       2.92e-06  
   101         113      1.70668e-05              1       2.82e-06  
   102         114      1.69941e-05              1       7.71e-06  
   103         115      1.69682e-05              1       1.25e-06  
   104         116      1.69422e-05              1       1.62e-06  
   105         117      1.68936e-05              1       2.15e-06  
   106         118      1.68558e-05              1        3.1e-06  
   107         119      1.67975e-05              1       3.71e-06  
   108         120      1.67435e-05              1       2.72e-06  
   109         121       1.6713e-05              1       1.24e-06  
   110         122      1.66859e-05              1        9.3e-07  
   111         123       1.6661e-05              1       6.76e-06  
   112         124      1.66332e-05              1       3.28e-06  
   113         125      1.66067e-05              1       4.89e-06  
   114         126      1.65562e-05              1       4.81e-06  
   115         127      1.65104e-05              1       4.67e-06  
   116         128      1.64483e-05              1        3.2e-06  
   117         129      1.64017e-05              1       5.56e-06  
   118         130      1.63728e-05              1       4.57e-06  
   119         131      1.63484e-05              1       7.72e-06  
                                                        First-order 
 Iteration  Func-count       f(x)        Step-size       optimality
   120         132      1.63258e-05              1       6.69e-06  
   121         133      1.63102e-05              1        8.5e-06  
   122         134      1.62762e-05              1       5.18e-06  
   123         135       1.6239e-05              1       4.19e-06  
   124         136      1.61855e-05              1       2.23e-06  
   125         137      1.61402e-05              1       1.73e-06  
   126         138      1.61037e-05              1       2.13e-06  
   127         139      1.60873e-05              1       4.29e-06  
   128         140      1.60764e-05              1       6.55e-06  
   129         141      1.60648e-05              1        1.7e-06  
   130         142      1.60527e-05              1       3.03e-06  
   131         143      1.60312e-05              1       6.95e-06  
   132         144      1.60072e-05              1       8.78e-06  
   133         145      1.59643e-05              1       9.87e-06  
   134         146      1.59256e-05              1        8.2e-06  
   135         147      1.58909e-05              1       4.39e-06  
   136         148      1.58739e-05              1       5.62e-06  
   137         149      1.58573e-05              1        1.6e-06  
   138         150      1.58409e-05              1       4.72e-06  
   139         151      1.58197e-05              1       1.35e-06  
                                                        First-order 
 Iteration  Func-count       f(x)        Step-size       optimality
   140         152      1.57819e-05              1        1.5e-06  
   141         153      1.57593e-05              1       2.13e-06  
   142         154       1.5743e-05              1       2.35e-06  
   143         155      1.57044e-05              1        2.6e-06  
   144         156      1.56821e-05              1       1.54e-06  
   145         157      1.56618e-05              1       3.75e-06  
   146         158      1.56288e-05              1       5.82e-06  
   147         159      1.55988e-05              1       4.77e-06  
   148         160       1.5565e-05              1       4.42e-06  
   149         161      1.55445e-05              1       1.99e-06  
   150         162      1.55259e-05              1       6.85e-06  
   151         163      1.55014e-05              1       2.84e-06  
   152         164      1.54785e-05              1       2.45e-06  
   153         165      1.54293e-05              1       7.17e-06  
   154         166      1.54125e-05              1       9.68e-07  
   155         167       1.5398e-05              1       1.61e-06  
   156         168      1.53798e-05              1       2.05e-06  
   157         169      1.53645e-05              1       2.74e-06  
   158         170      1.53385e-05              1       4.27e-06  
   159         171      1.53187e-05              1       6.87e-07  
                                                        First-order 
 Iteration  Func-count       f(x)        Step-size       optimality
   160         172      1.52873e-05              1       3.26e-06  
   161         173      1.52542e-05              1       2.34e-06  
   162         174      1.52377e-05              1       3.75e-06  
   163         175       1.5213e-05              1       1.29e-06  
   164         176      1.51979e-05              1       1.75e-06  
   165         177      1.51792e-05              1       1.72e-06  
   166         178      1.51603e-05              1       2.37e-06  
   167         179      1.51369e-05              1       8.06e-06  
   168         180       1.5112e-05              1       6.22e-06  
   169         181      1.50899e-05              1          1e-05  
   170         182       1.5064e-05              1       8.33e-06  
   171         183        1.504e-05              1       5.57e-06  
   172         184      1.50055e-05              1       2.75e-06  
   173         185      1.49829e-05              1       2.41e-06  
   174         186      1.49619e-05              1       2.89e-06  
   175         187      1.49474e-05              1       7.91e-06  
   176         188      1.49354e-05              1       6.43e-06  
   177         189      1.49182e-05              1       1.21e-06  
   178         190      1.48963e-05              1       9.07e-07  
   179         191      1.48651e-05              1       1.51e-06  
                                                        First-order 
 Iteration  Func-count       f(x)        Step-size       optimality
   180         192      1.48328e-05              1       2.54e-06  
   181         193      1.47995e-05              1       2.02e-06  
   182         194      1.47736e-05              1       2.57e-06  
   183         195      1.47586e-05              1        4.3e-06  
   184         196      1.47446e-05              1       1.41e-06  
   185         197       1.4735e-05              1       2.28e-06  
   186         198       1.4713e-05              1       7.41e-06  
   187         199      1.46953e-05              1       9.41e-06  
   188         200      1.46358e-05              1       1.94e-05  
   189         201      1.45972e-05              1       1.23e-05  
   190         202      1.45542e-05              1       9.05e-06  
   191         203      1.45403e-05              1       1.25e-06  
   192         204      1.45319e-05              1       3.25e-06  
   193         205      1.45238e-05              1       1.52e-06  
   194         206      1.45051e-05              1       1.34e-06  
   195         207       1.4476e-05              1       1.55e-06  
   196         208      1.44356e-05              1        2.2e-06  
   197         209      1.43885e-05              1       2.72e-06  
   198         210      1.43532e-05              1       7.43e-06  
   199         211      1.43387e-05              1       5.84e-06  
                                                        First-order 
 Iteration  Func-count       f(x)        Step-size       optimality
   200         212      1.43253e-05              1       3.98e-06  
   201         213      1.43159e-05              1       2.98e-06  
   202         214      1.42881e-05              1       2.79e-06  
   203         215      1.42521e-05              1       3.35e-06  
   204         216      1.42037e-05              1       3.81e-06  
   205         217      1.41529e-05              1        4.4e-06  
   206         218      1.41078e-05              1       7.92e-06  
   207         219      1.40844e-05              1       7.45e-06  
   208         220       1.4071e-05              1       8.39e-06  
   209         221        1.406e-05              1       4.27e-06  
   210         222      1.40515e-05              1       2.72e-06  
   211         223      1.40319e-05              1       2.28e-06  
   212         224      1.40029e-05              1        3.2e-06  
   213         225      1.39402e-05              1       4.43e-06  
   214         226      1.38539e-05              1       5.42e-06  
   215         227      1.37983e-05              1       6.55e-06  
   216         229      1.37827e-05       0.477284       5.54e-06  
   217         230      1.37692e-05              1       4.59e-06  
   218         231       1.3759e-05              1        4.2e-06  
   219         232      1.37418e-05              1       3.96e-06  
                                                        First-order 
 Iteration  Func-count       f(x)        Step-size       optimality
   220         233      1.37106e-05              1       4.11e-06  
   221         234      1.36602e-05              1       7.91e-06  
   222         235      1.35905e-05              1       3.06e-06  
   223         236       1.3554e-05              1       1.41e-05  
   224         237      1.35168e-05              1       4.64e-06  
   225         238      1.34975e-05              1       2.92e-06  
   226         239      1.34807e-05              1       1.19e-06  
   227         240      1.34504e-05              1       7.26e-06  
   228         241      1.34072e-05              1       3.26e-06  
   229         242       1.3346e-05              1        5.6e-06  
   230         243      1.33095e-05              1       3.78e-06  
   231         244      1.32931e-05              1       4.75e-06  
   232         245      1.32729e-05              1       1.76e-06  
   233         246      1.32509e-05              1       5.81e-06  
   234         247       1.3226e-05              1       1.03e-05  
   235         248      1.32028e-05              1       1.57e-05  
   236         249      1.31722e-05              1       9.21e-06  
   237         250      1.31159e-05              1       1.16e-05  
   238         251      1.30761e-05              1       5.19e-06  
   239         252      1.30477e-05              1       8.08e-06  
                                                        First-order 
 Iteration  Func-count       f(x)        Step-size       optimality
   240         253       1.3024e-05              1        7.1e-06  
   241         254      1.30023e-05              1        9.8e-06  
   242         255      1.29723e-05              1       1.85e-06  
   243         256      1.29357e-05              1       3.06e-06  
   244         257      1.28799e-05              1       4.06e-06  
   245         258       1.2845e-05              1       2.26e-06  
   246         259       1.2798e-05              1       1.33e-05  
   247         261       1.2779e-05       0.450514       1.14e-06  
   248         262      1.27535e-05              1        1.5e-06  
   249         263      1.27285e-05              1       3.58e-06  
   250         264      1.27141e-05              1       2.31e-06  
   251         265      1.26955e-05              1       2.78e-06  
   252         266       1.2671e-05              1       6.06e-06  
   253         267      1.26526e-05              1        7.6e-06  
   254         268      1.26227e-05              1       9.84e-06  
   255         269      1.25919e-05              1       1.02e-05  
   256         270      1.25503e-05              1       9.84e-06  
   257         271      1.24996e-05              1       5.62e-06  
   258         272      1.24469e-05              1       1.12e-05  
   259         273      1.24091e-05              1       9.14e-06  
                                                        First-order 
 Iteration  Func-count       f(x)        Step-size       optimality
   260         274      1.23868e-05              1        7.1e-06  
   261         275      1.23738e-05              1       5.17e-06  
   262         276      1.23616e-05              1       3.89e-06  
   263         277      1.23414e-05              1       4.35e-06  
   264         278      1.23117e-05              1       5.47e-06  
   265         279       1.2259e-05              1       4.25e-06  
   266         280      1.21905e-05              1        9.6e-06  
   267         281      1.21109e-05              1       1.31e-05  
   268         283      1.20854e-05       0.355899       4.97e-06  
   269         284      1.20345e-05              1       3.49e-06  
   270         286      1.20128e-05       0.533913       4.99e-06  
   271         287      1.19899e-05              1       1.48e-06  
   272         288      1.19726e-05              1       2.14e-06  
   273         289      1.19577e-05              1       1.76e-06  
   274         290       1.1931e-05              1       5.36e-06  
   275         291      1.18879e-05              1       2.65e-06  
   276         292      1.18433e-05              1       1.79e-05  
   277         293      1.17784e-05              1       6.51e-06  
   278         294      1.17167e-05              1       4.37e-06  
   279         295      1.16683e-05              1       1.71e-05  
                                                        First-order 
 Iteration  Func-count       f(x)        Step-size       optimality
   280         296      1.16314e-05              1       9.36e-06  
   281         297      1.15915e-05              1       1.32e-05  
   282         298      1.15447e-05              1       1.28e-05  
   283         299       1.1502e-05              1       1.21e-05  
   284         300      1.14504e-05              1       1.43e-05  
   285         301      1.14267e-05              1        9.9e-06  
   286         302      1.13991e-05              1       1.07e-05  
   287         303      1.13766e-05              1       2.21e-06  
   288         304      1.13521e-05              1       1.46e-06  
   289         305      1.13049e-05              1       4.83e-06  
   290         306      1.12493e-05              1       4.31e-06  
   291         307      1.11689e-05              1       2.22e-06  
   292         308      1.10716e-05              1       3.96e-06  
   293         310      1.10512e-05       0.560828       7.81e-06  
   294         311      1.10047e-05              1       5.49e-06  
   295         312      1.09736e-05              1       8.61e-06  
   296         313      1.09278e-05              1       3.62e-06  
   297         314      1.08823e-05              1        1.4e-05  
   298         315      1.08449e-05              1       9.03e-06  
   299         316      1.07745e-05              1       1.84e-05  
                                                        First-order 
 Iteration  Func-count       f(x)        Step-size       optimality
   300         317      1.07189e-05              1        1.4e-05  
   301         318      1.06392e-05              1       1.16e-05  
   302         319      1.05591e-05              1       1.05e-05  
   303         320      1.04989e-05              1       1.61e-05  
   304         321      1.04519e-05              1       1.01e-05  
   305         322      1.04051e-05              1        7.1e-06  
   306         324      1.03722e-05       0.577675       1.78e-05  
   307         325      1.03248e-05              1       5.93e-06  
   308         326      1.02876e-05              1       1.06e-05  
   309         327      1.02461e-05              1       2.81e-06  
   310         329      1.02184e-05            0.5       1.15e-05  
   311         330      1.01627e-05              1       2.39e-06  
   312         331      1.01162e-05              1        1.6e-06  
   313         332       1.0037e-05              1       2.26e-06  
   314         333       9.9935e-06              1       1.89e-05  
   315         335       9.9498e-06       0.344711       4.39e-06  
   316         336      9.89896e-06              1       8.48e-06  
   317         337      9.86134e-06              1       4.04e-06  
   318         338      9.81284e-06              1       4.57e-06  
   319         339      9.78072e-06              1       5.55e-06  
                                                        First-order 
 Iteration  Func-count       f(x)        Step-size       optimality
   320         340        9.745e-06              1       9.47e-06  
   321         341      9.69517e-06              1       2.46e-06  
   322         342      9.64026e-06              1        1.1e-05  
   323         343      9.58871e-06              1       1.33e-05  
   324         344      9.53428e-06              1       1.67e-05  
   325         345      9.48862e-06              1       1.29e-05  
   326         346       9.4398e-06              1       1.39e-05  
   327         347      9.38178e-06              1       9.44e-06  
   328         348       9.3277e-06              1       1.41e-05  
   329         349      9.24695e-06              1       9.43e-06  
   330         350      9.18129e-06              1       6.27e-06  
   331         351        9.105e-06              1       8.07e-06  
   332         352      9.07122e-06              1       2.95e-05  
   333         354      9.01772e-06        0.43856       1.33e-05  
   334         355      8.96784e-06              1       4.42e-06  
   335         356      8.91715e-06              1       1.35e-05  
   336         357      8.86187e-06              1       1.25e-05  
   337         358      8.77787e-06              1       1.17e-05  
   338         359      8.74311e-06              1       6.53e-06  
   339         361      8.70952e-06       0.597862       1.22e-05  
                                                        First-order 
 Iteration  Func-count       f(x)        Step-size       optimality
   340         362      8.66705e-06              1        7.7e-06  
   341         363      8.61105e-06              1       7.11e-06  
   342         364      8.56783e-06              1       2.91e-06  
   343         365      8.53038e-06              1       6.11e-06  
   344         366      8.47748e-06              1       9.76e-06  
   345         367      8.44289e-06              1        8.8e-06  
   346         368      8.40939e-06              1       1.37e-05  
   347         369      8.31827e-06              1        6.9e-06  
   348         370      8.24433e-06              1       1.57e-05  
   349         371      8.18878e-06              1       1.29e-05  
   350         372      8.14614e-06              1        1.8e-05  
   351         373      8.10735e-06              1       8.63e-06  
   352         374      8.06287e-06              1       1.18e-05  
   353         375      8.01054e-06              1       6.43e-06  
   354         376      7.94554e-06              1        3.8e-06  
   355         378      7.89934e-06       0.635469       1.71e-05  
   356         379      7.81125e-06              1       1.22e-05  
   357         380       7.7601e-06              1        2.3e-06  
   358         382      7.72147e-06       0.592413       1.27e-05  
   359         383       7.6811e-06              1       5.84e-06  
                                                        First-order 
 Iteration  Func-count       f(x)        Step-size       optimality
   360         384      7.64368e-06              1       3.94e-06  
   361         385      7.61228e-06              1       6.18e-06  
   362         386      7.58034e-06              1       1.15e-05  
   363         387      7.54987e-06              1       1.92e-05  
   364         388      7.47813e-06              1       6.02e-06  
   365         389      7.41157e-06              1       2.06e-06  
   366         390      7.37202e-06              1       2.29e-05  
   367         391      7.32195e-06              1       1.87e-05  
   368         392      7.28061e-06              1       3.18e-06  
   369         393      7.24241e-06              1       2.74e-06  
   370         394      7.20041e-06              1       6.34e-06  
   371         395      7.15065e-06              1       7.18e-06  
   372         396      7.11304e-06              1       4.63e-06  
   373         397      7.07099e-06              1       3.44e-06  
   374         398      7.04377e-06              1       5.31e-06  
   375         399      7.00652e-06              1       1.86e-06  
   376         400      6.97395e-06              1       1.61e-05  
   377         401      6.92283e-06              1       1.09e-05  
   378         402      6.87718e-06              1       9.05e-06  
   379         403      6.83956e-06              1       9.46e-06  
                                                        First-order 
 Iteration  Func-count       f(x)        Step-size       optimality
   380         404      6.81367e-06              1       5.34e-06  
   381         405      6.78168e-06              1        1.3e-05  
   382         406      6.74117e-06              1       1.43e-06  
   383         407      6.70899e-06              1       1.07e-05  
   384         408      6.66105e-06              1       8.79e-06  
   385         409      6.62558e-06              1       2.29e-06  
   386         410      6.59256e-06              1       1.39e-05  
   387         411      6.55212e-06              1       5.45e-06  
   388         412      6.53068e-06              1       8.44e-06  
   389         413       6.5042e-06              1       4.32e-06  
   390         414      6.48841e-06              1       1.21e-05  
   391         415      6.45706e-06              1       4.11e-06  
   392         416      6.42251e-06              1       4.32e-06  
   393         417      6.35872e-06              1       1.05e-05  
   394         418      6.32266e-06              1       6.08e-06  
   395         420      6.29443e-06       0.553285       1.35e-05  
   396         421      6.25883e-06              1       1.08e-05  
   397         422      6.22555e-06              1       6.99e-06  
   398         423      6.19226e-06              1       6.01e-06  
   399         424      6.14322e-06              1       8.85e-06  
                                                        First-order 
 Iteration  Func-count       f(x)        Step-size       optimality
   400         425      6.10627e-06              1       4.86e-06  
   401         426      6.05841e-06              1        7.9e-06  
   402         427      6.04218e-06              1       5.56e-06  
   403         428      6.02301e-06              1       1.14e-05  
   404         429       6.0085e-06              1       6.25e-06  
   405         430      5.98491e-06              1       3.96e-06  
   406         431      5.93698e-06              1       3.59e-05  
   407         432      5.89876e-06              1       2.33e-05  
   408         433      5.84063e-06              1       2.15e-05  
   409         434      5.80234e-06              1       1.14e-05  
   410         435      5.76925e-06              1       1.18e-05  
   411         436      5.72732e-06              1       3.27e-06  
   412         437      5.69811e-06              1       1.24e-05  
   413         438      5.66051e-06              1        4.1e-06  
   414         439       5.6416e-06              1       6.36e-06  
   415         440       5.6173e-06              1        4.2e-06  
   416         441      5.59032e-06              1       1.12e-05  
   417         442      5.56284e-06              1        6.3e-06  
   418         443      5.53375e-06              1       4.33e-06  
   419         444      5.49225e-06              1       4.12e-06  
                                                        First-order 
 Iteration  Func-count       f(x)        Step-size       optimality
   420         445      5.46459e-06              1       9.68e-06  
   421         446      5.40882e-06              1       6.89e-06  
   422         448      5.38817e-06       0.575056       1.31e-05  
   423         449      5.34979e-06              1       2.09e-05  
   424         450      5.32585e-06              1       8.95e-06  
   425         451       5.3078e-06              1       4.32e-06  
   426         452      5.28951e-06              1          8e-06  
   427         453      5.27024e-06              1        7.6e-06  
   428         454      5.23305e-06              1        1.6e-05  
   429         455      5.18083e-06              1        1.9e-05  
   430         456      5.14101e-06              1       1.48e-05  
   431         457      5.09417e-06              1       1.62e-05  
   432         458      5.05769e-06              1       8.68e-06  
   433         459      5.04142e-06              1       2.34e-05  
   434         460      5.01967e-06              1       2.24e-06  
   435         461      5.00716e-06              1       4.77e-06  
   436         462      4.98082e-06              1       1.61e-05  
   437         463      4.95893e-06              1       1.34e-06  
   438         464      4.92013e-06              1        1.2e-06  
   439         465       4.8653e-06              1       2.94e-05  
                                                        First-order 
 Iteration  Func-count       f(x)        Step-size       optimality
   440         466      4.81282e-06              1        3.1e-05  
   441         467      4.76595e-06              1       1.92e-05  
   442         468      4.73255e-06              1       2.07e-05  
   443         469      4.70375e-06              1       1.53e-05  
   444         470      4.68248e-06              1       8.83e-06  
   445         471      4.66754e-06              1       1.19e-05  
   446         472      4.65216e-06              1       3.12e-06  
   447         473      4.62682e-06              1       6.97e-06  
   448         474      4.60558e-06              1       9.09e-06  
   449         475      4.58421e-06              1        1.8e-05  
   450         476      4.54936e-06              1       6.45e-06  
   451         477      4.51295e-06              1       6.53e-06  
   452         478      4.46797e-06              1       1.71e-05  
   453         479      4.44378e-06              1       1.36e-05  
   454         480      4.41017e-06              1       4.78e-06  
   455         481      4.38503e-06              1        2.6e-05  
   456         482      4.36201e-06              1       1.42e-05  
   457         483      4.34199e-06              1       1.52e-05  
   458         484      4.32654e-06              1       9.28e-06  
   459         485      4.30334e-06              1       1.66e-05  
                                                        First-order 
 Iteration  Func-count       f(x)        Step-size       optimality
   460         486      4.25989e-06              1       6.22e-06  
   461         487      4.23317e-06              1       3.89e-05  
   462         488      4.15898e-06              1       6.61e-06  
   463         489      4.10166e-06              1       2.67e-05  
   464         490      4.05602e-06              1       3.44e-05  
   465         491      4.03274e-06              1       5.92e-06  
   466         492      4.01544e-06              1       9.92e-06  
   467         493      3.99551e-06              1       2.24e-05  
   468         494      3.97124e-06              1        1.6e-05  
   469         495      3.93079e-06              1       1.32e-05  
   470         496      3.89327e-06              1       5.25e-06  
   471         498        3.873e-06          0.582       2.73e-05  
   472         499      3.83418e-06              1       1.99e-05  
   473         501      3.82175e-06            0.5        8.7e-06  
   474         502       3.7949e-06              1       8.39e-06  
   475         503      3.77641e-06              1       2.27e-05  
   476         504      3.75947e-06              1       2.71e-05  
   477         505      3.73926e-06              1       1.33e-05  
   478         506      3.72574e-06              1       4.52e-06  
   479         507      3.70253e-06              1       1.45e-05  
                                                        First-order 
 Iteration  Func-count       f(x)        Step-size       optimality
   480         508       3.6793e-06              1        1.7e-05  
   481         509      3.64172e-06              1        2.1e-05  
   482         510      3.60554e-06              1       1.12e-05  
   483         511       3.5735e-06              1       2.19e-05  
   484         512      3.53117e-06              1       1.55e-05  
   485         513      3.50056e-06              1       2.78e-05  
   486         514      3.47418e-06              1          1e-05  
   487         515      3.45737e-06              1       2.46e-05  
   488         516      3.43726e-06              1       1.15e-05  
   489         517       3.4231e-06              1       1.42e-05  
   490         518      3.40368e-06              1       9.65e-06  
   491         519      3.38749e-06              1       1.54e-05  
   492         520      3.36042e-06              1       2.78e-06  
   493         521      3.34281e-06              1       3.18e-05  
   494         522      3.29988e-06              1        2.3e-06  
   495         523      3.25225e-06              1       1.97e-05  
   496         524      3.20025e-06              1       1.68e-05  
   497         525      3.17867e-06              1       2.15e-05  
   498         527      3.16217e-06       0.600463       9.43e-06  
   499         528      3.14441e-06              1       9.78e-06  
                                                        First-order 
 Iteration  Func-count       f(x)        Step-size       optimality
   500         529      3.12495e-06              1       6.62e-06  
   501         530      3.10784e-06              1       5.65e-06  

<a href = "matlab: helpview([docroot '/toolbox/optim/msg_csh/optim_msg_csh.map'],'solver_stopped_premature','CSHelpWindow');">Solver stopped prematurely</a>.

fminunc stopped because it exceeded the iteration limit,
<a href = "matlab: helpview([docroot '/toolbox/optim/msg_csh/optim_msg_csh.map'],'max_iter','CSHelpWindow');">options.MaxIter</a> = 500 (the selected value).

                                                        First-order 
 Iteration  Func-count       f(x)        Step-size       optimality
     0           1         0.167585                        0.0263
     1           3         0.120588        6.73172         0.0695  
     2           4         0.105545              1         0.0513  
     3           5        0.0979277              1         0.0395  
     4           6        0.0822943              1         0.0215  
     5           8        0.0717953       0.499253         0.0218  
     6           9        0.0637062              1          0.046  
     7          10         0.055715              1         0.0157  
     8          11        0.0490195              1         0.0245  
     9          12        0.0431943              1         0.0133  
    10          13        0.0378279              1         0.0109  
    11          14        0.0338301              1         0.0109  
    12          15        0.0304821              1         0.0074  
    13          16        0.0268426              1        0.00683  
    14          17        0.0248345              1         0.0127  
    15          18        0.0223588              1        0.00542  
    16          19        0.0202981              1        0.00586  
    17          20        0.0185775              1        0.00617  
    18          21         0.016952              1          0.004  
    19          22        0.0156617              1        0.00369  
                                                        First-order 
 Iteration  Func-count       f(x)        Step-size       optimality
    20          23        0.0146612              1        0.00466  
    21          24        0.0136941              1        0.00218  
    22          25        0.0128285              1        0.00209  
    23          26        0.0120029              1        0.00179  
    24          27        0.0113238              1        0.00221  
    25          28        0.0106525              1        0.00211  
    26          29        0.0100609              1        0.00348  
    27          30       0.00949827              1        0.00278  
    28          31       0.00894588              1        0.00149  
    29          32       0.00840597              1        0.00148  
    30          33       0.00785241              1        0.00177  
    31          34       0.00731054              1         0.0016  
    32          35       0.00674978              1        0.00146  
    33          36       0.00621269              1         0.0015  
    34          37       0.00568294              1        0.00138  
    35          38       0.00521822              1        0.00172  
    36          39       0.00476604              1        0.00108  
    37          40       0.00435064              1        0.00118  
    38          41       0.00389515              1        0.00123  
    39          42       0.00351444              1       0.000926  
                                                        First-order 
 Iteration  Func-count       f(x)        Step-size       optimality
    40          43       0.00311858              1        0.00111  
    41          44       0.00277191              1       0.000875  
    42          45        0.0024582              1       0.000944  
    43          46        0.0022065              1       0.000841  
    44          47       0.00199427              1        0.00061  
    45          48       0.00181344              1       0.000828  
    46          49       0.00165322              1       0.000736  
    47          50         0.001499              1       0.000583  
    48          51       0.00136984              1       0.000454  
    49          52       0.00125548              1       0.000515  
    50          53       0.00115573              1       0.000532  
    51          54       0.00106789              1       0.000407  
    52          55      0.000993269              1       0.000421  
    53          56      0.000926884              1       0.000393  
    54          57      0.000868952              1        0.00044  
    55          58       0.00081601              1       0.000312  
    56          59      0.000767913              1       0.000298  
    57          60      0.000723127              1       0.000257  
    58          61      0.000682378              1        0.00034  
    59          62      0.000644087              1       0.000374  
                                                        First-order 
 Iteration  Func-count       f(x)        Step-size       optimality
    60          63      0.000609398              1       0.000267  
    61          64       0.00057626              1       0.000223  
    62          65      0.000545817              1       0.000256  
    63          66      0.000516026              1       0.000229  
    64          67      0.000489059              1       0.000231  
    65          68      0.000462736              1       0.000218  
    66          69      0.000439211              1       0.000256  
    67          70       0.00041671              1       0.000239  
    68          71      0.000395824              1       0.000206  
    69          72      0.000375679              1       0.000183  
    70          73      0.000357787              1       0.000173  
    71          74      0.000341589              1       0.000144  
    72          75      0.000327281              1       0.000144  
    73          76      0.000313288              1       0.000169  
    74          77      0.000300478              1       0.000162  
    75          78      0.000288234              1       0.000148  
    76          79      0.000277423              1       0.000149  
    77          80      0.000267117              1       0.000142  
    78          81      0.000257806              1       0.000132  
    79          82      0.000248706              1       0.000115  
                                                        First-order 
 Iteration  Func-count       f(x)        Step-size       optimality
    80          83      0.000240201              1       0.000134  
    81          84      0.000231858              1       0.000155  
    82          85      0.000224065              1       0.000123  
    83          86      0.000216459              1       0.000117  
    84          87      0.000209157              1       0.000108  
    85          88      0.000201887              1       0.000103  
    86          89      0.000195065              1        0.00011  
    87          90      0.000188659              1       0.000119  
    88          91      0.000182809              1       8.17e-05  
    89          92      0.000177213              1       9.84e-05  
    90          93      0.000172025              1       9.75e-05  
    91          94      0.000167104              1       8.99e-05  
    92          95      0.000162601              1       9.19e-05  
    93          96      0.000158168              1       9.45e-05  
    94          97      0.000153854              1       7.68e-05  
    95          98       0.00014946              1       9.06e-05  
    96          99      0.000145266              1       8.33e-05  
    97         100      0.000141118              1       8.27e-05  
    98         101      0.000137187              1       8.47e-05  
    99         102      0.000133359              1       7.04e-05  
                                                        First-order 
 Iteration  Func-count       f(x)        Step-size       optimality
   100         103      0.000129799              1       7.57e-05  
   101         104      0.000126405              1       7.04e-05  
   102         105      0.000123227              1       7.69e-05  
   103         106      0.000120161              1       6.76e-05  
   104         107      0.000117279              1       6.24e-05  
   105         108      0.000114501              1       6.52e-05  
   106         109      0.000111899              1       5.37e-05  
   107         110      0.000109381              1       6.58e-05  
   108         111      0.000107003              1       5.32e-05  
   109         112       0.00010461              1       5.47e-05  
   110         113      0.000102242              1       5.42e-05  
   111         114      9.97784e-05              1        5.5e-05  
   112         115      9.73449e-05              1       5.91e-05  
   113         116      9.48881e-05              1       5.83e-05  
   114         117      9.25067e-05              1          6e-05  
   115         118       9.0136e-05              1       5.19e-05  
   116         119      8.78571e-05              1       6.36e-05  
   117         120      8.56331e-05              1       5.25e-05  
   118         121      8.35413e-05              1       5.22e-05  
   119         122      8.15226e-05              1       5.18e-05  
                                                        First-order 
 Iteration  Func-count       f(x)        Step-size       optimality
   120         123      7.96241e-05              1       5.43e-05  
   121         124      7.77652e-05              1       5.56e-05  
   122         125      7.59896e-05              1       5.19e-05  
   123         126      7.42213e-05              1       5.43e-05  
   124         127       7.2526e-05              1       4.79e-05  
   125         128      7.08268e-05              1       4.26e-05  
   126         129      6.91962e-05              1       4.56e-05  
   127         130      6.75862e-05              1       4.37e-05  
   128         131       6.6085e-05              1       4.09e-05  
   129         132      6.46282e-05              1       4.56e-05  
   130         133       6.3239e-05              1       5.36e-05  
   131         134      6.18708e-05              1       4.93e-05  
   132         135      6.05754e-05              1       4.09e-05  
   133         136      5.93365e-05              1       4.24e-05  
   134         137      5.81514e-05              1       4.51e-05  
   135         138      5.69639e-05              1       3.97e-05  
   136         139      5.57903e-05              1        4.4e-05  
   137         140       5.4605e-05              1       3.86e-05  
   138         141      5.34452e-05              1       4.31e-05  
   139         142      5.22769e-05              1       3.94e-05  
                                                        First-order 
 Iteration  Func-count       f(x)        Step-size       optimality
   140         143       5.1201e-05              1       3.48e-05  
   141         144      5.01949e-05              1       3.61e-05  
   142         145      4.93008e-05              1          3e-05  
   143         146       4.8444e-05              1       3.21e-05  
   144         147      4.76394e-05              1       3.41e-05  
   145         148      4.68445e-05              1       3.11e-05  
   146         149      4.60724e-05              1       3.07e-05  
   147         150      4.52857e-05              1          3e-05  
   148         151      4.45019e-05              1       3.11e-05  
   149         152      4.37197e-05              1       3.03e-05  
   150         153      4.29658e-05              1       3.09e-05  
   151         154      4.22268e-05              1       2.95e-05  
   152         155        4.151e-05              1       2.93e-05  
   153         156      4.08047e-05              1        2.8e-05  
   154         157       4.0122e-05              1       3.09e-05  
   155         158       3.9434e-05              1       3.18e-05  
   156         159      3.87513e-05              1       2.72e-05  
   157         160      3.80675e-05              1       3.14e-05  
   158         161      3.74404e-05              1       2.45e-05  
   159         162      3.68453e-05              1       2.65e-05  
                                                        First-order 
 Iteration  Func-count       f(x)        Step-size       optimality
   160         163      3.62853e-05              1       2.72e-05  
   161         164       3.5726e-05              1       2.76e-05  
   162         165      3.51875e-05              1       2.73e-05  
   163         166      3.46636e-05              1       2.47e-05  
   164         167      3.41617e-05              1       2.46e-05  
   165         168      3.36689e-05              1       2.29e-05  
   166         169      3.31881e-05              1       2.44e-05  
   167         170      3.27215e-05              1       2.86e-05  
   168         171      3.22772e-05              1       2.65e-05  
   169         172      3.18543e-05              1       2.84e-05  
   170         173      3.14433e-05              1       2.52e-05  
   171         174      3.10419e-05              1       2.72e-05  
   172         175      3.06502e-05              1       2.79e-05  
   173         176      3.02833e-05              1       2.57e-05  
   174         177      2.99301e-05              1       2.37e-05  
   175         178      2.95924e-05              1       2.18e-05  
   176         179      2.92537e-05              1       2.29e-05  
   177         180        2.893e-05              1       2.03e-05  
   178         181      2.86132e-05              1       2.54e-05  
   179         182      2.83068e-05              1       2.17e-05  
                                                        First-order 
 Iteration  Func-count       f(x)        Step-size       optimality
   180         183      2.79985e-05              1       2.34e-05  
   181         184      2.76915e-05              1       2.41e-05  
   182         185      2.73887e-05              1       2.24e-05  
   183         186      2.70927e-05              1       2.45e-05  
   184         187      2.68006e-05              1       2.18e-05  
   185         188      2.65106e-05              1        2.5e-05  
   186         189       2.6228e-05              1       1.92e-05  
   187         190      2.59549e-05              1       1.73e-05  
   188         191       2.5695e-05              1       1.94e-05  
   189         192      2.54412e-05              1       1.74e-05  
   190         193      2.51933e-05              1        1.9e-05  
   191         194      2.49375e-05              1       2.07e-05  
   192         195      2.46774e-05              1       1.75e-05  
   193         196      2.44097e-05              1       2.52e-05  
   194         197        2.415e-05              1       2.32e-05  
   195         198      2.38928e-05              1       1.61e-05  
   196         199      2.36456e-05              1       1.86e-05  
   197         200      2.34013e-05              1       2.03e-05  
   198         201      2.31646e-05              1       1.94e-05  
   199         202      2.29315e-05              1       1.79e-05  
                                                        First-order 
 Iteration  Func-count       f(x)        Step-size       optimality
   200         203      2.27052e-05              1       1.83e-05  
   201         204      2.24822e-05              1       1.74e-05  
   202         205       2.2263e-05              1       1.85e-05  
   203         206      2.20434e-05              1       1.81e-05  
   204         207      2.18232e-05              1       1.48e-05  
   205         208      2.16017e-05              1        1.7e-05  
   206         209      2.13854e-05              1       1.83e-05  
   207         210       2.1173e-05              1       1.73e-05  
   208         211      2.09644e-05              1       1.58e-05  
   209         212      2.07506e-05              1       1.57e-05  
   210         213      2.05423e-05              1       1.73e-05  
   211         214        2.034e-05              1       1.65e-05  
   212         215      2.01429e-05              1       1.64e-05  
   213         216      1.99437e-05              1       1.87e-05  
   214         217      1.97433e-05              1       1.57e-05  
   215         218      1.95398e-05              1       1.54e-05  
   216         219      1.93361e-05              1       1.56e-05  
   217         220      1.91319e-05              1       1.92e-05  
   218         221      1.89315e-05              1       1.92e-05  
   219         222       1.8736e-05              1       1.57e-05  
                                                        First-order 
 Iteration  Func-count       f(x)        Step-size       optimality
   220         223      1.85461e-05              1       1.55e-05  
   221         224      1.83587e-05              1        1.7e-05  
   222         225      1.81761e-05              1       1.52e-05  
   223         226      1.79985e-05              1       1.52e-05  
   224         227      1.78278e-05              1       1.65e-05  
   225         228      1.76578e-05              1       1.87e-05  
   226         229      1.74894e-05              1       1.94e-05  
   227         230      1.73216e-05              1       1.65e-05  
   228         231      1.71667e-05              1       1.38e-05  
   229         232      1.70195e-05              1       1.27e-05  
   230         233      1.68788e-05              1       1.22e-05  
   231         234      1.67419e-05              1       1.73e-05  
   232         235      1.66129e-05              1       1.68e-05  
   233         236      1.64896e-05              1       1.08e-05  
   234         237      1.63697e-05              1       1.12e-05  
   235         238        1.625e-05              1        1.1e-05  
   236         239      1.61311e-05              1       1.15e-05  
   237         240      1.60124e-05              1       1.25e-05  
   238         241      1.58932e-05              1        1.3e-05  
   239         242       1.5772e-05              1       1.53e-05  
                                                        First-order 
 Iteration  Func-count       f(x)        Step-size       optimality
   240         243      1.56492e-05              1       1.24e-05  
   241         244      1.55263e-05              1       1.38e-05  
   242         245      1.54044e-05              1       1.22e-05  
   243         246      1.52845e-05              1       1.28e-05  
   244         247      1.51665e-05              1       1.36e-05  
   245         248      1.50517e-05              1       1.35e-05  
   246         249      1.49389e-05              1       1.23e-05  
   247         250      1.48282e-05              1       1.28e-05  
   248         251      1.47166e-05              1       1.28e-05  
   249         252       1.4605e-05              1       1.16e-05  
   250         253      1.44915e-05              1       1.14e-05  
   251         254       1.4377e-05              1       1.35e-05  
   252         255      1.42576e-05              1       1.23e-05  
   253         256      1.41334e-05              1       1.22e-05  
   254         257      1.40044e-05              1       1.19e-05  
   255         258      1.38757e-05              1       1.16e-05  
   256         259      1.37498e-05              1       1.16e-05  
   257         260      1.36271e-05              1       1.15e-05  
   258         261      1.35031e-05              1       1.24e-05  
   259         262      1.33756e-05              1       1.49e-05  
                                                        First-order 
 Iteration  Func-count       f(x)        Step-size       optimality
   260         263      1.32433e-05              1       1.36e-05  
   261         264      1.31087e-05              1       1.39e-05  
   262         265      1.29736e-05              1       1.21e-05  
   263         266      1.28431e-05              1       1.23e-05  
   264         267      1.27184e-05              1       1.42e-05  
   265         268      1.26008e-05              1       1.35e-05  
   266         269      1.24813e-05              1       1.33e-05  
   267         270      1.23615e-05              1       1.32e-05  
   268         271      1.22452e-05              1       1.27e-05  
   269         272      1.21352e-05              1       1.05e-05  
   270         273      1.20277e-05              1       1.15e-05  
   271         274      1.19242e-05              1       1.15e-05  
   272         275      1.18219e-05              1       1.09e-05  
   273         276      1.17228e-05              1       1.18e-05  
   274         277      1.16267e-05              1        1.1e-05  
   275         278      1.15335e-05              1       1.16e-05  
   276         279      1.14414e-05              1       1.19e-05  
   277         280      1.13499e-05              1       9.85e-06  

Optimization completed: The <a href = "matlab: helpview([docroot '/toolbox/optim/msg_csh/optim_msg_csh.map'],'first_order_opt_unc','CSHelpWindow');">first-order optimality measure</a>, 9.594452e-06, is less 
than <a href = "matlab: helpview([docroot '/toolbox/optim/msg_csh/optim_msg_csh.map'],'tolfun','CSHelpWindow');">options.TolFun</a> = 1.000000e-05.

Optimization Metric                                            Options
relative norm(gradient) =   9.59e-06                  TolFun =   1e-05 (selected)

MEvent. CASE!
MEvent. CASE!
