test_script
flow iter#1; |dv| = 1.44276
flow iter#2; |dv| = 0.479903
flow iter#3; |dv| = 0.259494
flow iter#4; |dv| = 0.342602
flow iter#5; |dv| = 0.377006
flow iter#6; |dv| = 0.339768
flow iter#7; |dv| = 0.262794
flow iter#8; |dv| = 0.175643
flow iter#9; |dv| = 0.0983662
flow iter#10; |dv| = 0.0424669
flow iter#11; |dv| = 0.0210422
flow iter#12; |dv| = 0.0292952
flow iter#13; |dv| = 0.0332786
flow iter#14; |dv| = 0.0303304
flow iter#15; |dv| = 0.0236637
flow iter#16; |dv| = 0.0160578
flow iter#17; |dv| = 0.00927837
flow iter#18; |dv| = 0.0042498
flow iter#19; |dv| = 0.0017792
flow iter#20; |dv| = 0.00222282
flow iter#21; |dv| = 0.00267546
flow iter#22; |dv| = 0.00253906
flow iter#23; |dv| = 0.00204821
flow iter#24; |dv| = 0.00144128
flow iter#25; |dv| = 0.000880995
flow iter#26; |dv| = 0.000463592

About to descent, first step might be slow...

descent iter#1; J = 16.9691; |GJ| = 24.0337; tau = 0.00457764

descent iter#2; J = 14.6481; |GJ| = 18.4683; tau = 0.00457764

descent iter#3; J = 13.2304; |GJ| = 15.2939; tau = 0.00457764

descent iter#4; J = 12.238; |GJ| = 13.2259; tau = 0.00457764

descent iter#5; J = 11.4865; |GJ| = 11.7485; tau = 0.00915527

descent iter#6; J = 10.3465; |GJ| = 9.65824; tau = 0.00915527

descent iter#7; J = 9.55844; |GJ| = 8.32513; tau = 0.00915527

descent iter#8; J = 8.96486; |GJ| = 7.38378; tau = 0.0183105

descent iter#9; J = 8.06699; |GJ| = 6.06403; tau = 0.0183105

descent iter#10; J = 7.44678; |GJ| = 5.22921; tau = 0.0183105

descent iter#11; J = 6.97899; |GJ| = 4.64187; tau = 0.0366211

descent iter#12; J = 6.26956; |GJ| = 3.82009; tau = 0.0366211

descent iter#13; J = 5.77724; |GJ| = 3.3002; tau = 0.0366211

descent iter#14; J = 5.40444; |GJ| = 2.93379; tau = 0.0732422

descent iter#15; J = 4.83697; |GJ| = 2.41955; tau = 0.0732422

descent iter#16; J = 4.44145; |GJ| = 2.09246; tau = 0.0732422

descent iter#17; J = 4.14129; |GJ| = 1.86083; tau = 0.146484

descent iter#18; J = 3.684; |GJ| = 1.53402; tau = 0.146484

descent iter#19; J = 3.36557; |GJ| = 1.3249; tau = 0.146484

descent iter#20; J = 3.12453; |GJ| = 1.17628; tau = 0.292969

descent iter#21; J = 2.75883; |GJ| = 0.965944; tau = 0.292969

descent iter#22; J = 2.50611; |GJ| = 0.831223; tau = 0.292969

descent iter#23; J = 2.31619; |GJ| = 0.735563; tau = 0.585938

descent iter#24; J = 2.03028; |GJ| = 0.600417; tau = 0.585938

descent iter#25; J = 1.83497; |GJ| = 0.51431; tau = 0.585938

descent iter#26; J = 1.68951; |GJ| = 0.453468; tau = 0.585938

descent iter#27; J = 1.57527; |GJ| = 0.407685; tau = 1.17188

descent iter#28; J = 1.39733; |GJ| = 0.339923; tau = 1.17188

descent iter#29; J = 1.27117; |GJ| = 0.294588; tau = 1.17188

descent iter#30; J = 1.17522; |GJ| = 0.261658; tau = 2.34375

descent iter#31; J = 1.02975; |GJ| = 0.214372; tau = 2.34375

descent iter#32; J = 0.929836; |GJ| = 0.183822; tau = 2.34375

descent iter#33; J = 0.855331; |GJ| = 0.162106; tau = 2.34375

descent iter#34; J = 0.796831; |GJ| = 0.145717; tau = 4.6875

descent iter#35; J = 0.70578; |GJ| = 0.121413; tau = 4.6875

descent iter#36; J = 0.641343; |GJ| = 0.105141; tau = 4.6875

descent iter#37; J = 0.592424; |GJ| = 0.0933243; tau = 9.375

descent iter#38; J = 0.518387; |GJ| = 0.076366; tau = 9.375

descent iter#39; J = 0.467673; |GJ| = 0.0654261; tau = 9.375

descent iter#40; J = 0.429924; |GJ| = 0.057659; tau = 9.375

descent iter#41; J = 0.400324; |GJ| = 0.0518029; tau = 18.75

descent iter#42; J = 0.354315; |GJ| = 0.0431274; tau = 18.75

descent iter#43; J = 0.321808; |GJ| = 0.0373266; tau = 18.75

descent iter#44; J = 0.297157; |GJ| = 0.0331183; tau = 37.5

descent iter#45; J = 0.259885; |GJ| = 0.0270838; tau = 37.5

descent iter#46; J = 0.234385; |GJ| = 0.0231951; tau = 37.5

descent iter#47; J = 0.215418; |GJ| = 0.0204361; tau = 37.5

descent iter#48; J = 0.200553; |GJ| = 0.0183569; tau = 75

descent iter#49; J = 0.177459; |GJ| = 0.015278; tau = 75

descent iter#50; J = 0.161151; |GJ| = 0.0132205; tau = 75

descent iter#51; J = 0.148789; |GJ| = 0.0117283; tau = 150

descent iter#52; J = 0.130103; |GJ| = 0.00958927; tau = 150

descent iter#53; J = 0.117324; |GJ| = 0.00821135; tau = 150

descent iter#54; J = 0.107821; |GJ| = 0.00723395; tau = 150

descent iter#55; J = 0.100375; |GJ| = 0.0064975; tau = 300

descent iter#56; J = 0.0888078; |GJ| = 0.0054071; tau = 300

descent iter#57; J = 0.0806413; |GJ| = 0.00467855; tau = 300

descent iter#58; J = 0.0744516; |GJ| = 0.00415025; tau = 600

descent iter#59; J = 0.0650967; |GJ| = 0.00339301; tau = 600

descent iter#60; J = 0.0586995; |GJ| = 0.00290528; tau = 600

descent iter#61; J = 0.053943; |GJ| = 0.00255935; tau = 600

descent iter#62; J = 0.0502161; |GJ| = 0.00229872; tau = 1200

descent iter#63; J = 0.0444269; |GJ| = 0.00191284; tau = 1200

descent iter#64; J = 0.0403401; |GJ| = 0.00165504; tau = 1200

descent iter#65; J = 0.0372427; |GJ| = 0.00146811; tau = 2400

descent iter#66; J = 0.0325617; |GJ| = 0.00120018; tau = 2400

descent iter#67; J = 0.0293609; |GJ| = 0.00102762; tau = 2400

descent iter#68; J = 0.0269811; |GJ| = 0.000905239; tau = 2400

descent iter#69; J = 0.0251165; |GJ| = 0.000813036; tau = 4800

descent iter#70; J = 0.0222202; |GJ| = 0.00067653; tau = 4800

descent iter#71; J = 0.0201758; |GJ| = 0.000585336; tau = 4800

descent iter#72; J = 0.0186263; |GJ| = 0.000519214; tau = 9600

descent iter#73; J = 0.0162847; |GJ| = 0.000424445; tau = 9600

descent iter#74; J = 0.0146837; |GJ| = 0.000363412; tau = 9600

descent iter#75; J = 0.0134933; |GJ| = 0.000320127; tau = 9600

descent iter#76; J = 0.0125607; |GJ| = 0.000287516; tau = 19200

descent iter#77; J = 0.0111121; |GJ| = 0.000239238; tau = 19200

descent iter#78; J = 0.0100895; |GJ| = 0.000206986; tau = 19200

descent iter#79; J = 0.00931457; |GJ| = 0.000183602; tau = 38400

descent iter#80; J = 0.00814347; |GJ| = 0.000150088; tau = 38400

descent iter#81; J = 0.00734276; |GJ| = 0.000128504; tau = 38400

descent iter#82; J = 0.00674745; |GJ| = 0.000113197; tau = 38400

descent iter#83; J = 0.00628104; |GJ| = 0.000101665; tau = 76800

descent iter#84; J = 0.00555659; |GJ| = 8.45932e-05; tau = 76800

descent iter#85; J = 0.00504523; |GJ| = 7.31882e-05; tau = 76800

descent iter#86; J = 0.00465769; |GJ| = 6.49195e-05; tau = 153600

descent iter#87; J = 0.00407205; |GJ| = 5.30688e-05; tau = 153600

descent iter#88; J = 0.00367164; |GJ| = 4.54366e-05; tau = 153600

descent iter#89; J = 0.00337395; |GJ| = 4.00241e-05; tau = 153600

descent iter#90; J = 0.00314072; |GJ| = 3.59465e-05; tau = 307200

descent iter#91; J = 0.00277845; |GJ| = 2.991e-05; tau = 307200

descent iter#92; J = 0.00252274; |GJ| = 2.58776e-05; tau = 307200

descent iter#93; J = 0.00232896; |GJ| = 2.29537e-05; tau = 614400

descent iter#94; J = 0.00203611; |GJ| = 1.87634e-05; tau = 614400

descent iter#95; J = 0.00183589; |GJ| = 1.60649e-05; tau = 614400

descent iter#96; J = 0.00168703; |GJ| = 1.41512e-05; tau = 614400

descent iter#97; J = 0.00157041; |GJ| = 1.27095e-05; tau = 1.2288e+06

descent iter#98; J = 0.00138927; |GJ| = 1.05751e-05; tau = 1.2288e+06

descent iter#99; J = 0.00126141; |GJ| = 9.14933e-06; tau = 1.2288e+06

descent iter#100; J = 0.00116451; |GJ| = 8.11559e-06; tau = 2.4576e+06

descent iter#101; J = 0.00101808; |GJ| = 6.63403e-06; tau = 2.4576e+06

descent iter#102; J = 0.000917964; |GJ| = 5.67994e-06; tau = 2.4576e+06

descent iter#103; J = 0.000843533; |GJ| = 5.00331e-06; tau = 2.4576e+06

descent iter#104; J = 0.00078522; |GJ| = 4.49357e-06; tau = 4.9152e+06

descent iter#105; J = 0.000694645; |GJ| = 3.73894e-06; tau = 4.9152e+06

descent iter#106; J = 0.000630713; |GJ| = 3.23483e-06; tau = 4.9152e+06

descent iter#107; J = 0.000582262; |GJ| = 2.86934e-06; tau = 9.8304e+06

descent iter#108; J = 0.000509046; |GJ| = 2.34552e-06; tau = 9.8304e+06

descent iter#109; J = 0.000458987; |GJ| = 2.00819e-06; tau = 9.8304e+06

descent iter#110; J = 0.000421771; |GJ| = 1.76896e-06; tau = 9.8304e+06

descent iter#111; J = 0.000392613; |GJ| = 1.58873e-06; tau = 1.96608e+07

descent iter#112; J = 0.000347325; |GJ| = 1.32193e-06; tau = 1.96608e+07

descent iter#113; J = 0.000315359; |GJ| = 1.14369e-06; tau = 1.96608e+07

descent iter#114; J = 0.000291133; |GJ| = 1.01447e-06; tau = 3.93216e+07

descent iter#115; J = 0.000254524; |GJ| = 8.29271e-07; tau = 3.93216e+07

descent iter#116; J = 0.000229495; |GJ| = 7.10005e-07; tau = 3.93216e+07

descent iter#117; J = 0.000210886; |GJ| = 6.25425e-07; tau = 3.93216e+07

descent iter#118; J = 0.000196308; |GJ| = 5.61705e-07; tau = 7.86432e+07

descent iter#119; J = 0.000173663; |GJ| = 4.67374e-07; tau = 7.86432e+07

descent iter#120; J = 0.00015768; |GJ| = 4.04359e-07; tau = 7.86432e+07

descent iter#121; J = 0.000145567; |GJ| = 3.58671e-07; tau = 1.57286e+08

descent iter#122; J = 0.000127263; |GJ| = 2.93192e-07; tau = 1.57286e+08

descent iter#123; J = 0.000114748; |GJ| = 2.51025e-07; tau = 1.57286e+08

descent iter#124; J = 0.000105443; |GJ| = 2.21122e-07; tau = 1.57286e+08

descent iter#125; J = 9.81541e-05; |GJ| = 1.98593e-07; tau = 3.14573e+08

descent iter#126; J = 8.68318e-05; |GJ| = 1.65242e-07; tau = 3.14573e+08

descent iter#127; J = 7.88401e-05; |GJ| = 1.42963e-07; tau = 3.14573e+08

descent iter#128; J = 7.27836e-05; |GJ| = 1.2681e-07; tau = 6.29146e+08

descent iter#129; J = 6.36313e-05; |GJ| = 1.03659e-07; tau = 6.29146e+08

descent iter#130; J = 5.73739e-05; |GJ| = 8.87511e-08; tau = 6.29146e+08

descent iter#131; J = 5.27218e-05; |GJ| = 7.81784e-08; tau = 6.29146e+08

descent iter#132; J = 4.90771e-05; |GJ| = 7.02134e-08; tau = 1.25829e+09

descent iter#133; J = 4.34159e-05; |GJ| = 5.84219e-08; tau = 1.25829e+09

descent iter#134; J = 3.94201e-05; |GJ| = 5.0545e-08; tau = 1.25829e+09

descent iter#135; J = 3.63918e-05; |GJ| = 4.4834e-08; tau = 2.51658e+09

descent iter#136; J = 3.18157e-05; |GJ| = 3.66491e-08; tau = 2.51658e+09

descent iter#137; J = 2.8687e-05; |GJ| = 3.13782e-08; tau = 2.51658e+09

descent iter#138; J = 2.63609e-05; |GJ| = 2.76402e-08; tau = 2.51658e+09

descent iter#139; J = 2.45385e-05; |GJ| = 2.48242e-08; tau = 5.03316e+09

descent iter#140; J = 2.1708e-05; |GJ| = 2.06553e-08; tau = 5.03316e+09

descent iter#141; J = 1.971e-05; |GJ| = 1.78704e-08; tau = 5.03316e+09

descent iter#142; J = 1.81959e-05; |GJ| = 1.58512e-08; tau = 1.00663e+10

descent iter#143; J = 1.59078e-05; |GJ| = 1.29574e-08; tau = 1.00663e+10

descent iter#144; J = 1.43435e-05; |GJ| = 1.10939e-08; tau = 1.00663e+10

descent iter#145; J = 1.31804e-05; |GJ| = 9.77231e-09; tau = 1.00663e+10

descent iter#146; J = 1.22693e-05; |GJ| = 8.77668e-09; tau = 2.01327e+10

descent iter#147; J = 1.0854e-05; |GJ| = 7.30274e-09; tau = 2.01327e+10

descent iter#148; J = 9.85502e-06; |GJ| = 6.31813e-09; tau = 2.01327e+10

descent iter#149; J = 9.09796e-06; |GJ| = 5.60426e-09; tau = 4.02653e+10

descent iter#150; J = 7.95393e-06; |GJ| = 4.58115e-09; tau = 4.02653e+10

descent iter#151; J = 7.17174e-06; |GJ| = 3.92228e-09; tau = 4.02653e+10

descent iter#152; J = 6.59023e-06; |GJ| = 3.45503e-09; tau = 4.02653e+10

descent iter#153; J = 6.13464e-06; |GJ| = 3.10303e-09; tau = 8.05306e+10

descent iter#154; J = 5.427e-06; |GJ| = 2.58191e-09; tau = 8.05306e+10

descent iter#155; J = 4.92751e-06; |GJ| = 2.2338e-09; tau = 8.05306e+10

descent iter#156; J = 4.54898e-06; |GJ| = 1.98141e-09; tau = 1.61061e+11

descent iter#157; J = 3.97696e-06; |GJ| = 1.61968e-09; tau = 1.61061e+11

descent iter#158; J = 3.58587e-06; |GJ| = 1.38674e-09; tau = 1.61061e+11

descent iter#159; J = 3.29511e-06; |GJ| = 1.22154e-09; tau = 1.61061e+11

descent iter#160; J = 3.06732e-06; |GJ| = 1.09709e-09; tau = 3.22123e+11

descent iter#161; J = 2.7135e-06; |GJ| = 9.12843e-10; tau = 3.22123e+11

descent iter#162; J = 2.46376e-06; |GJ| = 7.89766e-10; tau = 3.22123e+11

descent iter#163; J = 2.27449e-06; |GJ| = 7.00533e-10; tau = 6.44245e+11

descent iter#164; J = 1.98848e-06; |GJ| = 5.72644e-10; tau = 6.44245e+11

descent iter#165; J = 1.79294e-06; |GJ| = 4.90286e-10; tau = 6.44245e+11

descent iter#166; J = 1.64756e-06; |GJ| = 4.31879e-10; tau = 6.44245e+11

descent iter#167; J = 1.53366e-06; |GJ| = 3.87878e-10; tau = 1.28849e+12

descent iter#168; J = 1.35675e-06; |GJ| = 3.22739e-10; tau = 1.28849e+12

descent iter#169; J = 1.23188e-06; |GJ| = 2.79225e-10; tau = 1.28849e+12

descent iter#170; J = 1.13725e-06; |GJ| = 2.47676e-10; tau = 2.57698e+12

descent iter#171; J = 9.94241e-07; |GJ| = 2.0246e-10; tau = 2.57698e+12

descent iter#172; J = 8.96468e-07; |GJ| = 1.73342e-10; tau = 2.57698e+12

descent iter#173; J = 8.23779e-07; |GJ| = 1.52692e-10; tau = 2.57698e+12

descent iter#174; J = 7.6683e-07; |GJ| = 1.37136e-10; tau = 5.15396e+12

descent iter#175; J = 6.78375e-07; |GJ| = 1.14105e-10; tau = 5.15396e+12

descent iter#176; J = 6.15939e-07; |GJ| = 9.87208e-11; tau = 5.15396e+12

descent iter#177; J = 5.68623e-07; |GJ| = 8.75666e-11; tau = 1.03079e+13

descent iter#178; J = 4.97121e-07; |GJ| = 7.15805e-11; tau = 1.03079e+13

descent iter#179; J = 4.48234e-07; |GJ| = 6.12857e-11; tau = 1.03079e+13

descent iter#180; J = 4.11889e-07; |GJ| = 5.39849e-11; tau = 1.03079e+13

descent iter#181; J = 3.83415e-07; |GJ| = 4.84848e-11; tau = 2.06158e+13

descent iter#182; J = 3.39187e-07; |GJ| = 4.03424e-11; tau = 2.06158e+13

descent iter#183; J = 3.0797e-07; |GJ| = 3.49031e-11; tau = 2.06158e+13

descent iter#184; J = 2.84312e-07; |GJ| = 3.09595e-11; tau = 4.12317e+13

descent iter#185; J = 2.4856e-07; |GJ| = 2.53075e-11; tau = 4.12317e+13

descent iter#186; J = 2.24117e-07; |GJ| = 2.16678e-11; tau = 4.12317e+13

descent iter#187; J = 2.05945e-07; |GJ| = 1.90866e-11; tau = 4.12317e+13

descent iter#188; J = 1.91708e-07; |GJ| = 1.7142e-11; tau = 8.24634e+13

descent iter#189; J = 1.69594e-07; |GJ| = 1.42632e-11; tau = 8.24634e+13

descent iter#190; J = 1.53985e-07; |GJ| = 1.23401e-11; tau = 8.24634e+13

descent iter#191; J = 1.42156e-07; |GJ| = 1.09458e-11; tau = 1.64927e+14

descent iter#192; J = 1.2428e-07; |GJ| = 8.94756e-12; tau = 1.64927e+14

descent iter#193; J = 1.12059e-07; |GJ| = 7.66072e-12; tau = 1.64927e+14

descent iter#194; J = 1.02972e-07; |GJ| = 6.74812e-12; tau = 1.64927e+14

descent iter#195; J = 9.58538e-08; |GJ| = 6.0606e-12; tau = 3.29853e+14

descent iter#196; J = 8.47969e-08; |GJ| = 5.0428e-12; tau = 3.29853e+14

descent iter#197; J = 7.69924e-08; |GJ| = 4.36288e-12; tau = 3.29853e+14

descent iter#198; J = 7.10779e-08; |GJ| = 3.86993e-12; tau = 6.59707e+14

descent iter#199; J = 6.21401e-08; |GJ| = 3.16344e-12; tau = 6.59707e+14

descent iter#200; J = 5.60293e-08; |GJ| = 2.70847e-12; tau = 6.59707e+14

descent iter#201; J = 5.14862e-08; |GJ| = 2.38582e-12; tau = 6.59707e+14

descent iter#202; J = 4.79269e-08; |GJ| = 2.14275e-12; tau = 1.31941e+15

descent iter#203; J = 4.23984e-08; |GJ| = 1.7829e-12; tau = 1.31941e+15

descent iter#204; J = 3.84962e-08; |GJ| = 1.54251e-12; tau = 1.31941e+15

descent iter#205; J = 3.55389e-08; |GJ| = 1.36823e-12; tau = 2.63883e+15

descent iter#206; J = 3.107e-08; |GJ| = 1.11844e-12; tau = 2.63883e+15

descent iter#207; J = 2.80146e-08; |GJ| = 9.57589e-13; tau = 2.63883e+15

descent iter#208; J = 2.57431e-08; |GJ| = 8.43515e-13; tau = 2.63883e+15

descent iter#209; J = 2.39634e-08; |GJ| = 7.57575e-13; tau = 5.27766e+15

descent iter#210; J = 2.11992e-08; |GJ| = 6.3035e-13; tau = 5.27766e+15

descent iter#211; J = 1.92481e-08; |GJ| = 5.45361e-13; tau = 5.27766e+15

descent iter#212; J = 1.77695e-08; |GJ| = 4.83742e-13; tau = 1.05553e+16

descent iter#213; J = 1.5535e-08; |GJ| = 3.9543e-13; tau = 1.05553e+16

descent iter#214; J = 1.40073e-08; |GJ| = 3.38559e-13; tau = 1.05553e+16

descent iter#215; J = 1.28715e-08; |GJ| = 2.98227e-13; tau = 1.05553e+16

descent iter#216; J = 1.19817e-08; |GJ| = 2.67843e-13; tau = 2.11106e+16

descent iter#217; J = 1.05996e-08; |GJ| = 2.22862e-13; tau = 2.11106e+16

descent iter#218; J = 9.62405e-09; |GJ| = 1.92814e-13; tau = 2.11106e+16

descent iter#219; J = 8.88474e-09; |GJ| = 1.71029e-13; tau = 4.22212e+16

descent iter#220; J = 7.76751e-09; |GJ| = 1.39806e-13; tau = 4.22212e+16

descent iter#221; J = 7.00366e-09; |GJ| = 1.19699e-13; tau = 4.22212e+16

descent iter#222; J = 6.43577e-09; |GJ| = 1.05439e-13; tau = 4.22212e+16

descent iter#223; J = 5.99086e-09; |GJ| = 9.46969e-14; tau = 8.44425e+16

descent iter#224; J = 5.2998e-09; |GJ| = 7.87937e-14; tau = 8.44425e+16

descent iter#225; J = 4.81203e-09; |GJ| = 6.81701e-14; tau = 8.44425e+16

descent iter#226; J = 4.44237e-09; |GJ| = 6.04677e-14; tau = 1.68885e+17

descent iter#227; J = 3.88375e-09; |GJ| = 4.94287e-14; tau = 1.68885e+17

descent iter#228; J = 3.50183e-09; |GJ| = 4.23199e-14; tau = 1.68885e+17

descent iter#229; J = 3.21789e-09; |GJ| = 3.72784e-14; tau = 1.68885e+17

descent iter#230; J = 2.99543e-09; |GJ| = 3.34804e-14; tau = 3.3777e+17

descent iter#231; J = 2.6499e-09; |GJ| = 2.78578e-14; tau = 3.3777e+17

descent iter#232; J = 2.40601e-09; |GJ| = 2.41018e-14; tau = 3.3777e+17

descent iter#233; J = 2.22118e-09; |GJ| = 2.13786e-14; tau = 6.7554e+17

descent iter#234; J = 1.94188e-09; |GJ| = 1.74757e-14; tau = 6.7554e+17

descent iter#235; J = 1.75092e-09; |GJ| = 1.49623e-14; tau = 6.7554e+17

descent iter#236; J = 1.60894e-09; |GJ| = 1.31799e-14; tau = 6.7554e+17

descent iter#237; J = 1.49772e-09; |GJ| = 1.18371e-14; tau = 1.35108e+18

descent iter#238; J = 1.32495e-09; |GJ| = 9.84921e-15; tau = 1.35108e+18

descent iter#239; J = 1.20301e-09; |GJ| = 8.52126e-15; tau = 1.35108e+18

descent iter#240; J = 1.11059e-09; |GJ| = 7.55847e-15; tau = 2.70216e+18

descent iter#241; J = 9.70939e-10; |GJ| = 6.17859e-15; tau = 2.70216e+18

descent iter#242; J = 8.75458e-10; |GJ| = 5.28998e-15; tau = 2.70216e+18

descent iter#243; J = 8.04471e-10; |GJ| = 4.6598e-15; tau = 2.70216e+18

descent iter#244; J = 7.48858e-10; |GJ| = 4.18505e-15; tau = 5.40432e+18

descent iter#245; J = 6.62475e-10; |GJ| = 3.48222e-15; tau = 5.40432e+18

descent iter#246; J = 6.01503e-10; |GJ| = 3.01272e-15; tau = 5.40432e+18

descent iter#247; J = 5.55296e-10; |GJ| = 2.67232e-15; tau = 1.08086e+19

descent iter#248; J = 4.85469e-10; |GJ| = 2.18446e-15; tau = 1.08086e+19

descent iter#249; J = 4.37729e-10; |GJ| = 1.87029e-15; tau = 1.08086e+19

descent iter#250; J = 4.02236e-10; |GJ| = 1.64749e-15; tau = 1.08086e+19

descent iter#251; J = 3.74429e-10; |GJ| = 1.47964e-15; tau = 2.16173e+19

descent iter#252; J = 3.31238e-10; |GJ| = 1.23115e-15; tau = 2.16173e+19

descent iter#253; J = 3.00752e-10; |GJ| = 1.06516e-15; tau = 2.16173e+19

descent iter#254; J = 2.77648e-10; |GJ| = 9.44808e-16; tau = 4.32346e+19

descent iter#255; J = 2.42735e-10; |GJ| = 7.72324e-16; tau = 4.32346e+19

descent iter#256; J = 2.18864e-10; |GJ| = 6.61248e-16; tau = 4.32346e+19

descent iter#257; J = 2.01118e-10; |GJ| = 5.82476e-16; tau = 4.32346e+19

descent iter#258; J = 1.87214e-10; |GJ| = 5.23131e-16; tau = 8.64691e+19

descent iter#259; J = 1.65619e-10; |GJ| = 4.35278e-16; tau = 8.64691e+19

descent iter#260; J = 1.50376e-10; |GJ| = 3.7659e-16; tau = 8.64691e+19

descent iter#261; J = 1.38824e-10; |GJ| = 3.3404e-16; tau = 1.72938e+20

descent iter#262; J = 1.21367e-10; |GJ| = 2.73058e-16; tau = 1.72938e+20

descent iter#263; J = 1.09432e-10; |GJ| = 2.33786e-16; tau = 1.72938e+20

descent iter#264; J = 1.00559e-10; |GJ| = 2.05936e-16; tau = 1.72938e+20

descent iter#265; J = 9.36072e-11; |GJ| = 1.84955e-16; tau = 3.45876e+20

descent iter#266; J = 8.28094e-11; |GJ| = 1.53894e-16; tau = 3.45876e+20

descent iter#267; J = 7.51879e-11; |GJ| = 1.33145e-16; tau = 3.45876e+20

descent iter#268; J = 6.9412e-11; |GJ| = 1.18101e-16; tau = 6.91753e+20

descent iter#269; J = 6.06837e-11; |GJ| = 9.65405e-17; tau = 6.91753e+20

descent iter#270; J = 5.47161e-11; |GJ| = 8.2656e-17; tau = 6.91753e+20

descent iter#271; J = 5.02795e-11; |GJ| = 7.28094e-17; tau = 6.91753e+20

descent iter#272; J = 4.68036e-11; |GJ| = 6.53914e-17; tau = 1.38351e+21

descent iter#273; J = 4.14047e-11; |GJ| = 5.44097e-17; tau = 1.38351e+21

descent iter#274; J = 3.7594e-11; |GJ| = 4.70738e-17; tau = 1.38351e+21

descent iter#275; J = 3.4706e-11; |GJ| = 4.1755e-17; tau = 2.76701e+21

descent iter#276; J = 3.03418e-11; |GJ| = 3.41322e-17; tau = 2.76701e+21

descent iter#277; J = 2.7358e-11; |GJ| = 2.92233e-17; tau = 2.76701e+21

descent iter#278; J = 2.51397e-11; |GJ| = 2.5742e-17; tau = 2.76701e+21

descent iter#279; J = 2.34018e-11; |GJ| = 2.31194e-17; tau = 5.53402e+21

descent iter#280; J = 2.07024e-11; |GJ| = 1.92367e-17; tau = 5.53402e+21

descent iter#281; J = 1.8797e-11; |GJ| = 1.66431e-17; tau = 5.53402e+21

descent iter#282; J = 1.7353e-11; |GJ| = 1.47626e-17; tau = 1.1068e+22

descent iter#283; J = 1.51709e-11; |GJ| = 1.20676e-17; tau = 1.1068e+22

descent iter#284; J = 1.3679e-11; |GJ| = 1.0332e-17; tau = 1.1068e+22

descent iter#285; J = 1.25699e-11; |GJ| = 9.10118e-18; tau = 1.1068e+22

descent iter#286; J = 1.17009e-11; |GJ| = 8.17393e-18; tau = 2.21361e+22

descent iter#287; J = 1.03512e-11; |GJ| = 6.80121e-18; tau = 2.21361e+22

descent iter#288; J = 9.39849e-12; |GJ| = 5.88422e-18; tau = 2.21361e+22

descent iter#289; J = 8.6765e-12; |GJ| = 5.21938e-18; tau = 4.42722e+22

descent iter#290; J = 7.58546e-12; |GJ| = 4.26653e-18; tau = 4.42722e+22

descent iter#291; J = 6.83951e-12; |GJ| = 3.65291e-18; tau = 4.42722e+22

descent iter#292; J = 6.28493e-12; |GJ| = 3.21775e-18; tau = 4.42722e+22

descent iter#293; J = 5.85045e-12; |GJ| = 2.88992e-18; tau = 8.85444e+22

descent iter#294; J = 5.17559e-12; |GJ| = 2.40459e-18; tau = 8.85444e+22

descent iter#295; J = 4.69924e-12; |GJ| = 2.08039e-18; tau = 8.85444e+22

descent iter#296; J = 4.33825e-12; |GJ| = 1.84533e-18; tau = 1.77089e+23

descent iter#297; J = 3.79273e-12; |GJ| = 1.50845e-18; tau = 1.77089e+23

descent iter#298; J = 3.41976e-12; |GJ| = 1.2915e-18; tau = 1.77089e+23

descent iter#299; J = 3.14247e-12; |GJ| = 1.13765e-18; tau = 1.77089e+23

descent iter#300; J = 2.92522e-12; |GJ| = 1.02174e-18; tau = 3.54177e+23

descent iter#301; J = 2.58779e-12; |GJ| = 8.50152e-19; tau = 3.54177e+23

descent iter#302; J = 2.34962e-12; |GJ| = 7.35527e-19; tau = 3.54177e+23

descent iter#303; J = 2.16913e-12; |GJ| = 6.52422e-19; tau = 7.08355e+23

descent iter#304; J = 1.89636e-12; |GJ| = 5.33316e-19; tau = 7.08355e+23

descent iter#305; J = 1.70988e-12; |GJ| = 4.56614e-19; tau = 7.08355e+23

descent iter#306; J = 1.57123e-12; |GJ| = 4.02219e-19; tau = 7.08355e+23

descent iter#307; J = 1.46261e-12; |GJ| = 3.6124e-19; tau = 1.41671e+24

descent iter#308; J = 1.2939e-12; |GJ| = 3.00574e-19; tau = 1.41671e+24

descent iter#309; J = 1.17481e-12; |GJ| = 2.60048e-19; tau = 1.41671e+24

descent iter#310; J = 1.08456e-12; |GJ| = 2.30666e-19; tau = 2.83342e+24

descent iter#311; J = 9.48182e-13; |GJ| = 1.88556e-19; tau = 2.83342e+24

descent iter#312; J = 8.54939e-13; |GJ| = 1.61438e-19; tau = 2.83342e+24

descent iter#313; J = 7.85617e-13; |GJ| = 1.42206e-19; tau = 2.83342e+24

descent iter#314; J = 7.31306e-13; |GJ| = 1.27718e-19; tau = 5.66684e+24

descent iter#315; J = 6.46949e-13; |GJ| = 1.06269e-19; tau = 5.66684e+24

descent iter#316; J = 5.87406e-13; |GJ| = 9.19409e-20; tau = 5.66684e+24

descent iter#317; J = 5.42281e-13; |GJ| = 8.15528e-20; tau = 1.13337e+25

descent iter#318; J = 4.74091e-13; |GJ| = 6.66645e-20; tau = 1.13337e+25

descent iter#319; J = 4.27469e-13; |GJ| = 5.70768e-20; tau = 1.13337e+25

descent iter#320; J = 3.92808e-13; |GJ| = 5.02774e-20; tau = 1.13337e+25

descent iter#321; J = 3.65653e-13; |GJ| = 4.5155e-20; tau = 2.26674e+25

descent iter#322; J = 3.23474e-13; |GJ| = 3.75718e-20; tau = 2.26674e+25

descent iter#323; J = 2.93703e-13; |GJ| = 3.2506e-20; tau = 2.26674e+25

descent iter#324; J = 2.71141e-13; |GJ| = 2.88333e-20; tau = 4.53347e+25

descent iter#325; J = 2.37046e-13; |GJ| = 2.35695e-20; tau = 4.53347e+25

descent iter#326; J = 2.13735e-13; |GJ| = 2.01797e-20; tau = 4.53347e+25

descent iter#327; J = 1.96404e-13; |GJ| = 1.77757e-20; tau = 4.53347e+25

descent iter#328; J = 1.82827e-13; |GJ| = 1.59647e-20; tau = 9.06694e+25

descent iter#329; J = 1.61737e-13; |GJ| = 1.32836e-20; tau = 9.06694e+25

descent iter#330; J = 1.46851e-13; |GJ| = 1.14926e-20; tau = 9.06694e+25

descent iter#331; J = 1.3557e-13; |GJ| = 1.01941e-20; tau = 1.81339e+26

descent iter#332; J = 1.18523e-13; |GJ| = 8.33306e-21; tau = 1.81339e+26

descent iter#333; J = 1.06867e-13; |GJ| = 7.1346e-21; tau = 1.81339e+26

descent iter#334; J = 9.82021e-14; |GJ| = 6.28467e-21; tau = 1.81339e+26

descent iter#335; J = 9.14133e-14; |GJ| = 5.64437e-21; tau = 3.62678e+26

descent iter#336; J = 8.08686e-14; |GJ| = 4.69647e-21; tau = 3.62678e+26

descent iter#337; J = 7.34257e-14; |GJ| = 4.06325e-21; tau = 3.62678e+26

descent iter#338; J = 6.77852e-14; |GJ| = 3.60416e-21; tau = 7.25355e+26

descent iter#339; J = 5.92614e-14; |GJ| = 2.94618e-21; tau = 7.25355e+26

descent iter#340; J = 5.34337e-14; |GJ| = 2.52246e-21; tau = 7.25355e+26

descent iter#341; J = 4.9101e-14; |GJ| = 2.22197e-21; tau = 7.25355e+26

descent iter#342; J = 4.57066e-14; |GJ| = 1.99559e-21; tau = 1.45071e+27

descent iter#343; J = 4.04343e-14; |GJ| = 1.66045e-21; tau = 1.45071e+27

descent iter#344; J = 3.67128e-14; |GJ| = 1.43658e-21; tau = 1.45071e+27

descent iter#345; J = 3.38926e-14; |GJ| = 1.27426e-21; tau = 2.90142e+27

descent iter#346; J = 2.96307e-14; |GJ| = 1.04163e-21; tau = 2.90142e+27

descent iter#347; J = 2.67168e-14; |GJ| = 8.91825e-22; tau = 2.90142e+27
Converged at iter#348; J = 2.45505e-14; |GJ| = 7.85584e-22; tau = 2.90142e+27

About to descent, first step might be slow...

descent iter#1; J = 0.811198; |GJ| = 0.277701; tau = 1.25

descent iter#2; J = 0.732427; |GJ| = 0.22155; tau = 2.5

descent iter#3; J = 0.627511; |GJ| = 0.219217; tau = 1.25

descent iter#4; J = 0.581952; |GJ| = 0.19464; tau = 1.25

descent iter#5; J = 0.542142; |GJ| = 0.17719; tau = 2.5

descent iter#6; J = 0.478785; |GJ| = 0.195047; tau = 0.625

descent iter#7; J = 0.459067; |GJ| = 0.150558; tau = 5

descent iter#8; J = 0.362434; |GJ| = 0.162118; tau = 0.625

descent iter#9; J = 0.348668; |GJ| = 0.124362; tau = 2.5

descent iter#10; J = 0.31414; |GJ| = 0.120548; tau = 2.5

descent iter#11; J = 0.285347; |GJ| = 0.12329; tau = 1.25

descent iter#12; J = 0.270021; |GJ| = 0.100816; tau = 5

descent iter#13; J = 0.224752; |GJ| = 0.0993424; tau = 2.5

descent iter#14; J = 0.206988; |GJ| = 0.0981637; tau = 1.25

descent iter#15; J = 0.197081; |GJ| = 0.0789117; tau = 10

descent iter#16; J = 0.142214; |GJ| = 0.0644461; tau = 5

descent iter#17; J = 0.125054; |GJ| = 0.0674813; tau = 2.5

descent iter#18; J = 0.116614; |GJ| = 0.0568047; tau = 2.5

descent iter#19; J = 0.109488; |GJ| = 0.0517481; tau = 10

descent iter#20; J = 0.0879719; |GJ| = 0.0660264; tau = 1.25

descent iter#21; J = 0.0838074; |GJ| = 0.0433486; tau = 5

descent iter#22; J = 0.0757621; |GJ| = 0.0429885; tau = 5

descent iter#23; J = 0.0690899; |GJ| = 0.0454736; tau = 2.5

descent iter#24; J = 0.0652068; |GJ| = 0.0348449; tau = 10

descent iter#25; J = 0.0545702; |GJ| = 0.0358722; tau = 2.5

descent iter#26; J = 0.0519389; |GJ| = 0.0290349; tau = 20

descent iter#27; J = 0.0372666; |GJ| = 0.0254997; tau = 5

descent iter#28; J = 0.0347183; |GJ| = 0.0231557; tau = 5

descent iter#29; J = 0.0324232; |GJ| = 0.0211538; tau = 10

descent iter#30; J = 0.0286813; |GJ| = 0.0223418; tau = 5

descent iter#31; J = 0.0268356; |GJ| = 0.0188111; tau = 5

descent iter#32; J = 0.0252585; |GJ| = 0.0171337; tau = 20

descent iter#33; J = 0.0203404; |GJ| = 0.0196835; tau = 2.5

descent iter#34; J = 0.0195467; |GJ| = 0.014473; tau = 10

descent iter#35; J = 0.0177212; |GJ| = 0.0141629; tau = 10

descent iter#36; J = 0.0161767; |GJ| = 0.0144336; tau = 5

descent iter#37; J = 0.0153369; |GJ| = 0.0116779; tau = 40

descent iter#38; J = 0.0108281; |GJ| = 0.013107; tau = 2.5

descent iter#39; J = 0.0104683; |GJ| = 0.00967505; tau = 5

descent iter#40; J = 0.0100495; |GJ| = 0.00845413; tau = 40

descent iter#41; J = 0.00748692; |GJ| = 0.00685315; tau = 40

descent iter#42; J = 0.00588325; |GJ| = 0.00723146; tau = 10

descent iter#43; J = 0.00551239; |GJ| = 0.00567951; tau = 20

descent iter#44; J = 0.00497582; |GJ| = 0.00576567; tau = 10

descent iter#45; J = 0.00470383; |GJ| = 0.00485117; tau = 40

descent iter#46; J = 0.0038902; |GJ| = 0.00514631; tau = 10

descent iter#47; J = 0.0036852; |GJ| = 0.00401423; tau = 80

descent iter#48; J = 0.00263353; |GJ| = 0.00482483; tau = 5

descent iter#49; J = 0.00253806; |GJ| = 0.00341638; tau = 10

descent iter#50; J = 0.00243525; |GJ| = 0.00292186; tau = 80

descent iter#51; J = 0.00182486; |GJ| = 0.00243928; tau = 80

descent iter#52; J = 0.00147992; |GJ| = 0.00366239; tau = 5

descent iter#53; J = 0.00142412; |GJ| = 0.00259865; tau = 10

descent iter#54; J = 0.00136728; |GJ| = 0.00199593; tau = 40

descent iter#55; J = 0.00123071; |GJ| = 0.00192475; tau = 40

descent iter#56; J = 0.00111896; |GJ| = 0.00198055; tau = 20

descent iter#57; J = 0.00105713; |GJ| = 0.00157884; tau = 80

descent iter#58; J = 0.000880387; |GJ| = 0.00156735; tau = 40

descent iter#59; J = 0.000810773; |GJ| = 0.00153808; tau = 20

descent iter#60; J = 0.000771672; |GJ| = 0.00123376; tau = 160

descent iter#61; J = 0.000556484; |GJ| = 0.000985733; tau = 160

descent iter#62; J = 0.000431977; |GJ| = 0.00116205; tau = 20

descent iter#63; J = 0.000410456; |GJ| = 0.000811934; tau = 80

descent iter#64; J = 0.000366122; |GJ| = 0.000785695; tau = 80

descent iter#65; J = 0.000330248; |GJ| = 0.000814204; tau = 40

descent iter#66; J = 0.000309999; |GJ| = 0.000633908; tau = 160

descent iter#67; J = 0.000255864; |GJ| = 0.000707931; tau = 40

descent iter#68; J = 0.000241291; |GJ| = 0.000523241; tau = 160

descent iter#69; J = 0.000202974; |GJ| = 0.000537795; tau = 40

descent iter#70; J = 0.000193397; |GJ| = 0.000437246; tau = 320

descent iter#71; J = 0.000139605; |GJ| = 0.00036085; tau = 160

descent iter#72; J = 0.000122971; |GJ| = 0.000391534; tau = 40

descent iter#73; J = 0.000117814; |GJ| = 0.000305591; tau = 320

descent iter#74; J = 9.29408e-05; |GJ| = 0.00035132; tau = 40

descent iter#75; J = 8.89965e-05; |GJ| = 0.000252006; tau = 160

descent iter#76; J = 7.99808e-05; |GJ| = 0.000241671; tau = 160

descent iter#77; J = 7.24721e-05; |GJ| = 0.000245061; tau = 80

descent iter#78; J = 6.85688e-05; |GJ| = 0.000202942; tau = 320

descent iter#79; J = 5.69597e-05; |GJ| = 0.000205307; tau = 80

descent iter#80; J = 5.41723e-05; |GJ| = 0.000168606; tau = 640

descent iter#81; J = 3.8531e-05; |GJ| = 0.000155063; tau = 160

descent iter#82; J = 3.58137e-05; |GJ| = 0.000139888; tau = 160

descent iter#83; J = 3.33541e-05; |GJ| = 0.000125521; tau = 160

descent iter#84; J = 3.11714e-05; |GJ| = 0.000114838; tau = 320

descent iter#85; J = 2.75694e-05; |GJ| = 0.000118893; tau = 160

descent iter#86; J = 2.58347e-05; |GJ| = 0.000101594; tau = 320

descent iter#87; J = 2.31291e-05; |GJ| = 0.000106787; tau = 160

descent iter#88; J = 2.17414e-05; |GJ| = 8.78793e-05; tau = 320

descent iter#89; J = 1.95878e-05; |GJ| = 8.67598e-05; tau = 320

descent iter#90; J = 1.78199e-05; |GJ| = 9.17188e-05; tau = 160

descent iter#91; J = 1.68001e-05; |GJ| = 7.08463e-05; tau = 640

descent iter#92; J = 1.39968e-05; |GJ| = 7.30316e-05; tau = 160

descent iter#93; J = 1.33017e-05; |GJ| = 5.87743e-05; tau = 1280

descent iter#94; J = 9.47592e-06; |GJ| = 5.22056e-05; tau = 320

descent iter#95; J = 8.81234e-06; |GJ| = 4.71923e-05; tau = 320

descent iter#96; J = 8.2181e-06; |GJ| = 4.29168e-05; tau = 640

descent iter#97; J = 7.2704e-06; |GJ| = 4.74518e-05; tau = 160

descent iter#98; J = 6.972e-06; |GJ| = 3.65333e-05; tau = 1280

descent iter#99; J = 5.51771e-06; |GJ| = 3.97256e-05; tau = 160

descent iter#100; J = 5.30663e-06; |GJ| = 3.03e-05; tau = 640

descent iter#101; J = 4.78424e-06; |GJ| = 2.95003e-05; tau = 640

descent iter#102; J = 4.34893e-06; |GJ| = 3.03233e-05; tau = 320

descent iter#103; J = 4.11368e-06; |GJ| = 2.4547e-05; tau = 1280

descent iter#104; J = 3.42518e-06; |GJ| = 2.40448e-05; tau = 640

descent iter#105; J = 3.15384e-06; |GJ| = 2.35838e-05; tau = 320

descent iter#106; J = 3.0053e-06; |GJ| = 1.92315e-05; tau = 2560

descent iter#107; J = 2.16878e-06; |GJ| = 1.54742e-05; tau = 2560

descent iter#108; J = 1.70424e-06; |GJ| = 2.09573e-05; tau = 320

descent iter#109; J = 1.60079e-06; |GJ| = 1.28047e-05; tau = 1280

descent iter#110; J = 1.43023e-06; |GJ| = 1.29433e-05; tau = 640

descent iter#111; J = 1.34554e-06; |GJ| = 1.08109e-05; tau = 1280

descent iter#112; J = 1.21191e-06; |GJ| = 1.04852e-05; tau = 1280

descent iter#113; J = 1.10063e-06; |GJ| = 1.07139e-05; tau = 640

descent iter#114; J = 1.04122e-06; |GJ| = 8.75439e-06; tau = 2560

descent iter#115; J = 8.65602e-07; |GJ| = 8.50353e-06; tau = 1280

descent iter#116; J = 7.96591e-07; |GJ| = 8.33367e-06; tau = 640

descent iter#117; J = 7.59239e-07; |GJ| = 6.85293e-06; tau = 5120

descent iter#118; J = 5.46915e-07; |GJ| = 5.51494e-06; tau = 5120

descent iter#119; J = 4.30558e-07; |GJ| = 7.67133e-06; tau = 640

descent iter#120; J = 4.03193e-07; |GJ| = 4.56895e-06; tau = 2560

descent iter#121; J = 3.60193e-07; |GJ| = 4.65831e-06; tau = 1280

descent iter#122; J = 3.38651e-07; |GJ| = 3.85536e-06; tau = 2560

descent iter#123; J = 3.04988e-07; |GJ| = 3.7627e-06; tau = 2560

descent iter#124; J = 2.77104e-07; |GJ| = 3.89244e-06; tau = 1280

descent iter#125; J = 2.61798e-07; |GJ| = 3.11441e-06; tau = 5120

descent iter#126; J = 2.17733e-07; |GJ| = 3.08886e-06; tau = 2560

descent iter#127; J = 2.00444e-07; |GJ| = 3.0557e-06; tau = 1280

descent iter#128; J = 1.90693e-07; |GJ| = 2.43267e-06; tau = 10240

descent iter#129; J = 1.37338e-07; |GJ| = 1.98609e-06; tau = 5120

descent iter#130; J = 1.20687e-07; |GJ| = 2.07567e-06; tau = 2560

descent iter#131; J = 1.12482e-07; |GJ| = 1.74342e-06; tau = 2560

descent iter#132; J = 1.05582e-07; |GJ| = 1.59009e-06; tau = 10240

descent iter#133; J = 8.46308e-08; |GJ| = 1.99205e-06; tau = 1280

descent iter#134; J = 8.07109e-08; |GJ| = 1.33032e-06; tau = 5120

descent iter#135; J = 7.29219e-08; |GJ| = 1.31557e-06; tau = 5120

descent iter#136; J = 6.64526e-08; |GJ| = 1.38438e-06; tau = 2560

descent iter#137; J = 6.27321e-08; |GJ| = 1.06916e-06; tau = 10240

descent iter#138; J = 5.24318e-08; |GJ| = 1.08776e-06; tau = 2560

descent iter#139; J = 4.9923e-08; |GJ| = 8.90926e-07; tau = 20480

descent iter#140; J = 3.57414e-08; |GJ| = 7.66464e-07; tau = 5120

descent iter#141; J = 3.32978e-08; |GJ| = 6.99752e-07; tau = 5120

descent iter#142; J = 3.11005e-08; |GJ| = 6.43591e-07; tau = 10240

descent iter#143; J = 2.74604e-08; |GJ| = 6.61619e-07; tau = 5120

descent iter#144; J = 2.57189e-08; |GJ| = 5.68561e-07; tau = 10240

descent iter#145; J = 2.29967e-08; |GJ| = 5.95137e-07; tau = 5120

descent iter#146; J = 2.1605e-08; |GJ| = 4.91533e-07; tau = 10240

descent iter#147; J = 1.94449e-08; |GJ| = 4.84589e-07; tau = 10240

descent iter#148; J = 1.76739e-08; |GJ| = 5.16071e-07; tau = 5120

descent iter#149; J = 1.6657e-08; |GJ| = 3.97794e-07; tau = 20480

descent iter#150; J = 1.38929e-08; |GJ| = 4.34048e-07; tau = 5120

descent iter#151; J = 1.31592e-08; |GJ| = 3.29265e-07; tau = 40960

descent iter#152; J = 9.43824e-09; |GJ| = 3.52732e-07; tau = 5120

descent iter#153; J = 8.96435e-09; |GJ| = 2.45753e-07; tau = 40960

descent iter#154; J = 6.74744e-09; |GJ| = 2.03972e-07; tau = 40960

descent iter#155; J = 5.40659e-09; |GJ| = 2.4852e-07; tau = 5120

descent iter#156; J = 5.15257e-09; |GJ| = 1.75422e-07; tau = 20480

descent iter#157; J = 4.64132e-09; |GJ| = 1.71553e-07; tau = 10240

descent iter#158; J = 4.39047e-09; |GJ| = 1.45352e-07; tau = 40960

descent iter#159; J = 3.62676e-09; |GJ| = 1.45455e-07; tau = 10240

descent iter#160; J = 3.4464e-09; |GJ| = 1.20306e-07; tau = 81920

descent iter#161; J = 2.43115e-09; |GJ| = 1.11293e-07; tau = 10240

descent iter#162; J = 2.32507e-09; |GJ| = 8.94251e-08; tau = 81920

descent iter#163; J = 1.73998e-09; |GJ| = 7.43473e-08; tau = 81920

descent iter#164; J = 1.40162e-09; |GJ| = 1.03153e-07; tau = 10240

descent iter#165; J = 1.32071e-09; |GJ| = 6.31955e-08; tau = 40960

descent iter#166; J = 1.1894e-09; |GJ| = 6.24444e-08; tau = 20480

descent iter#167; J = 1.12321e-09; |GJ| = 5.23712e-08; tau = 81920

descent iter#168; J = 9.25615e-10; |GJ| = 5.30074e-08; tau = 20480

descent iter#169; J = 8.78626e-10; |GJ| = 4.33206e-08; tau = 163840

descent iter#170; J = 6.20655e-10; |GJ| = 4.49765e-08; tau = 20480

descent iter#171; J = 5.89435e-10; |GJ| = 3.20055e-08; tau = 163840

descent iter#172; J = 4.39349e-10; |GJ| = 2.61413e-08; tau = 163840

descent iter#173; J = 3.45794e-10; |GJ| = 2.71316e-08; tau = 40960

descent iter#174; J = 3.22673e-10; |GJ| = 2.07552e-08; tau = 163840

descent iter#175; J = 2.63071e-10; |GJ| = 2.24142e-08; tau = 40960

descent iter#176; J = 2.47593e-10; |GJ| = 1.69695e-08; tau = 163840

descent iter#177; J = 2.06424e-10; |GJ| = 1.73319e-08; tau = 40960

descent iter#178; J = 1.96241e-10; |GJ| = 1.40976e-08; tau = 327680

descent iter#179; J = 1.39781e-10; |GJ| = 1.21229e-08; tau = 81920

descent iter#180; J = 1.29882e-10; |GJ| = 1.09212e-08; tau = 81920

descent iter#181; J = 1.2121e-10; |GJ| = 1.00974e-08; tau = 163840

descent iter#182; J = 1.06763e-10; |GJ| = 1.03067e-08; tau = 81920

descent iter#183; J = 9.99294e-11; |GJ| = 8.92299e-09; tau = 163840

descent iter#184; J = 8.91911e-11; |GJ| = 9.35283e-09; tau = 81920

descent iter#185; J = 8.37135e-11; |GJ| = 7.73003e-09; tau = 163840

descent iter#186; J = 7.52324e-11; |GJ| = 7.66825e-09; tau = 163840

descent iter#187; J = 6.83382e-11; |GJ| = 8.29659e-09; tau = 81920

descent iter#188; J = 6.42574e-11; |GJ| = 6.25649e-09; tau = 327680

descent iter#189; J = 5.35693e-11; |GJ| = 7.16294e-09; tau = 81920

descent iter#190; J = 5.05416e-11; |GJ| = 5.16486e-09; tau = 655360

descent iter#191; J = 3.63814e-11; |GJ| = 6.44194e-09; tau = 40960

descent iter#192; J = 3.49991e-11; |GJ| = 4.47729e-09; tau = 81920

descent iter#193; J = 3.35646e-11; |GJ| = 3.78203e-09; tau = 655360

descent iter#194; J = 2.52007e-11; |GJ| = 3.2279e-09; tau = 327680

descent iter#195; J = 2.24472e-11; |GJ| = 3.41732e-09; tau = 163840

descent iter#196; J = 2.10221e-11; |GJ| = 2.79274e-09; tau = 327680

descent iter#197; J = 1.88569e-11; |GJ| = 2.81927e-09; tau = 163840

descent iter#198; J = 1.77857e-11; |GJ| = 2.40002e-09; tau = 655360

descent iter#199; J = 1.45863e-11; |GJ| = 2.66103e-09; tau = 163840

descent iter#200; J = 1.37421e-11; |GJ| = 1.97996e-09; tau = 655360

descent iter#201; J = 1.14969e-11; |GJ| = 2.0445e-09; tau = 163840

descent iter#202; J = 1.0935e-11; |GJ| = 1.65062e-09; tau = 1.31072e+06

descent iter#203; J = 7.79859e-12; |GJ| = 1.37314e-09; tau = 655360

descent iter#204; J = 6.87436e-12; |GJ| = 1.6264e-09; tau = 163840

descent iter#205; J = 6.53575e-12; |GJ| = 1.14719e-09; tau = 1.31072e+06

descent iter#206; J = 5.11044e-12; |GJ| = 1.37476e-09; tau = 163840

descent iter#207; J = 4.8722e-12; |GJ| = 9.34391e-10; tau = 1.31072e+06

descent iter#208; J = 3.9506e-12; |GJ| = 1.12342e-09; tau = 163840

descent iter#209; J = 3.78005e-12; |GJ| = 8.15328e-10; tau = 655360

descent iter#210; J = 3.42652e-12; |GJ| = 8.08886e-10; tau = 327680

descent iter#211; J = 3.24598e-12; |GJ| = 6.8209e-10; tau = 2.62144e+06

descent iter#212; J = 2.22775e-12; |GJ| = 7.05306e-10; tau = 327680

descent iter#213; J = 2.10655e-12; |GJ| = 4.97125e-10; tau = 2.62144e+06

descent iter#214; J = 1.5296e-12; |GJ| = 4.0232e-10; tau = 2.62144e+06

descent iter#215; J = 1.17914e-12; |GJ| = 4.30199e-10; tau = 655360

descent iter#216; J = 1.09046e-12; |GJ| = 3.15952e-10; tau = 2.62144e+06

descent iter#217; J = 8.70486e-13; |GJ| = 3.39835e-10; tau = 655360

descent iter#218; J = 8.13473e-13; |GJ| = 2.55069e-10; tau = 2.62144e+06

descent iter#219; J = 6.63073e-13; |GJ| = 2.52605e-10; tau = 1.31072e+06

descent iter#220; J = 6.04442e-13; |GJ| = 2.50327e-10; tau = 655360

descent iter#221; J = 5.71337e-13; |GJ| = 1.97122e-10; tau = 5.24288e+06

descent iter#222; J = 3.93459e-13; |GJ| = 1.63405e-10; tau = 2.62144e+06

descent iter#223; J = 3.42664e-13; |GJ| = 1.96625e-10; tau = 655360

descent iter#224; J = 3.23174e-13; |GJ| = 1.35211e-10; tau = 5.24288e+06

descent iter#225; J = 2.45838e-13; |GJ| = 1.69172e-10; tau = 655360

descent iter#226; J = 2.31911e-13; |GJ| = 1.08779e-10; tau = 2.62144e+06

descent iter#227; J = 2.04153e-13; |GJ| = 1.03628e-10; tau = 2.62144e+06

descent iter#228; J = 1.81333e-13; |GJ| = 1.05273e-10; tau = 1.31072e+06

descent iter#229; J = 1.69641e-13; |GJ| = 8.71355e-11; tau = 5.24288e+06

descent iter#230; J = 1.35557e-13; |GJ| = 9.28059e-11; tau = 1.31072e+06

descent iter#231; J = 1.2689e-13; |GJ| = 7.12938e-11; tau = 1.04858e+07

descent iter#232; J = 8.3697e-14; |GJ| = 8.28598e-11; tau = 655360

descent iter#233; J = 7.99449e-14; |GJ| = 5.98943e-11; tau = 1.31072e+06

descent iter#234; J = 7.58485e-14; |GJ| = 5.05814e-11; tau = 1.04858e+07

descent iter#235; J = 5.20434e-14; |GJ| = 4.0505e-11; tau = 1.04858e+07

descent iter#236; J = 3.83252e-14; |GJ| = 4.95169e-11; tau = 1.31072e+06

descent iter#237; J = 3.58388e-14; |GJ| = 3.29745e-11; tau = 5.24288e+06

descent iter#238; J = 3.10254e-14; |GJ| = 3.24536e-11; tau = 2.62144e+06

descent iter#239; J = 2.87161e-14; |GJ| = 2.78422e-11; tau = 1.04858e+07

descent iter#240; J = 2.19264e-14; |GJ| = 3.10944e-11; tau = 1.31072e+06
Converged at iter#241; J = 2.08546e-14; |GJ| = 2.36882e-11; tau = 1.31072e+06
