                                                        First-order 
 Iteration  Func-count       f(x)        Step-size       optimality
     0           1          20.4249                         0.244
     1           2          11.8968              1          0.208  

fminunc stopped by the <a href = "matlab: helpview([docroot '/toolbox/optim/msg_csh/optim_msg_csh.map'],'output_function','CSHelpWindow');">output or plot function</a>.

mesh refined due to bad conformal factors, continue? Y/N [Y]: 

fminunc stopped by the <a href = "matlab: helpview([docroot '/toolbox/optim/msg_csh/optim_msg_csh.map'],'output_function','CSHelpWindow');">output or plot function</a>.

mesh refined due to bad conformal factors, continue? Y/N [Y]: 

fminunc stopped by the <a href = "matlab: helpview([docroot '/toolbox/optim/msg_csh/optim_msg_csh.map'],'output_function','CSHelpWindow');">output or plot function</a>.

mesh refined due to bad conformal factors, continue? Y/N [Y]: 

fminunc stopped by the <a href = "matlab: helpview([docroot '/toolbox/optim/msg_csh/optim_msg_csh.map'],'output_function','CSHelpWindow');">output or plot function</a>.

mesh refined due to bad conformal factors, continue? Y/N [Y]: 

fminunc stopped by the <a href = "matlab: helpview([docroot '/toolbox/optim/msg_csh/optim_msg_csh.map'],'output_function','CSHelpWindow');">output or plot function</a>.

mesh refined due to bad conformal factors, continue? Y/N [Y]: 

fminunc stopped by the <a href = "matlab: helpview([docroot '/toolbox/optim/msg_csh/optim_msg_csh.map'],'output_function','CSHelpWindow');">output or plot function</a>.


fminunc stopped by the <a href = "matlab: helpview([docroot '/toolbox/optim/msg_csh/optim_msg_csh.map'],'output_function','CSHelpWindow');">output or plot function</a>.

                                                        First-order 
 Iteration  Func-count       f(x)        Step-size       optimality
     0           1          234.054                          8.68
     1           2          87.1219       0.115254           3.54  
     2           3          58.2385              1           1.92  
     3           4          38.9425              1           1.35  
     4           5          33.8953              1           1.07  
     5           6          30.8003              1          0.596  
     6           7          29.1071              1          0.403  
     7           8          28.2972              1          0.307  
     8           9          27.6985              1           0.25  
     9          10          27.1679              1          0.342  
    10          11          26.7701              1          0.288  
    11          12          26.5035              1          0.227  
    12          13          26.1242              1           0.28  
    13          14          25.9284              1          0.325  
    14          15           25.793              1          0.258  
    15          16          25.6137              1          0.541  
    16          17          25.5071              1          0.457  
    17          18          25.3976              1          0.333  
    18          19          25.1659              1          0.514  
    19          20          25.0358              1          0.497  
                                                        First-order 
 Iteration  Func-count       f(x)        Step-size       optimality
    20          21          24.8881              1           0.34  
    21          22          24.6459              1          0.272  
    22          23          24.5616              1          0.209  
    23          24          24.4655              1          0.151  
    24          25          24.4008              1          0.123  
    25          26          24.3504              1          0.116  
    26          27          24.3137              1         0.0951  
    27          28          24.2872              1         0.0983  
    28          29           24.269              1         0.0595  
    29          30          24.2587              1         0.0439  
    30          31          24.2513              1         0.0295  
    31          32          24.2468              1         0.0332  
    32          33          24.2434              1         0.0264  
    33          34          24.2415              1         0.0212  
    34          35          24.2401              1         0.0155  
    35          36          24.2392              1         0.0183  
    36          37          24.2384              1         0.0175  
    37          38          24.2379              1         0.0135  
    38          39          24.2375              1         0.0112  
    39          40          24.2373              1         0.0072  
                                                        First-order 
 Iteration  Func-count       f(x)        Step-size       optimality
    40          41          24.2371              1        0.00634  
    41          42          24.2369              1        0.00721  
    42          43          24.2368              1        0.00579  
    43          44          24.2367              1        0.00445  
    44          45          24.2366              1         0.0033  
    45          46          24.2366              1        0.00261  
    46          47          24.2366              1        0.00193  
    47          48          24.2365              1        0.00154  
    48          49          24.2365              1        0.00108  
    49          50          24.2365              1       0.000788  
    50          51          24.2365              1       0.000716  
    51          52          24.2365              1       0.000626  
    52          53          24.2365              1        0.00062  
    53          54          24.2365              1       0.000454  
    54          55          24.2365              1       0.000348  
    55          56          24.2365              1        0.00254  
    56          59          24.2365      0.0123997         0.0034  
    57          60          24.2365              1        0.00333  
    58          61          24.2365              1        0.00295  
    59          62          24.2365              1         0.0027  
                                                        First-order 
 Iteration  Func-count       f(x)        Step-size       optimality
    60          63          24.2365              1        0.00217  
    61          64          24.2365              1        0.00184  
    62          65          24.2365              1        0.00148  
    63          66          24.2365              1        0.00106  
    64          67          24.2365              1       0.000902  
    65          68          24.2365              1       0.000599  
    66          69          24.2365              1       0.000396  
    67          70          24.2365              1       0.000276  
    68          71          24.2365              1       0.000197  
    69          72          24.2365              1        0.00014  
    70          73          24.2365              1       0.000135  
    71          74          24.2365              1       0.000125  
    72          75          24.2365              1       9.75e-05  
    73          76          24.2365              1       5.35e-05  

Optimization completed: The <a href = "matlab: helpview([docroot '/toolbox/optim/msg_csh/optim_msg_csh.map'],'first_order_opt_unc','CSHelpWindow');">first-order optimality measure</a>, 5.524817e-06, is less 
than <a href = "matlab: helpview([docroot '/toolbox/optim/msg_csh/optim_msg_csh.map'],'tolfun','CSHelpWindow');">options.TolFun</a> = 1.000000e-05.

Optimization Metric                                            Options
relative norm(gradient) =   5.52e-06                  TolFun =   1e-05 (selected)

[Warning: Error creating or updating Patch
 Error in value of property  <a href="matlab:helpUtils.reference.showPropertyHelp('matlab.graphics.primitive.Patch','FaceVertexCData');")">FaceVertexCData</a>
 Number of colors must equal number of vertices] 
[> In <a href="matlab:matlab.internal.language.introspective.errorDocCallback('defaulterrorcallback', '/usr/local/MATLAB/R2015a/toolbox/matlab/graphics/defaulterrorcallback.m', 12)" style="font-weight:bold">defaulterrorcallback</a> (<a href="matlab: opentoline('/usr/local/MATLAB/R2015a/toolbox/matlab/graphics/defaulterrorcallback.m',12,0)">line 12</a>)
  In <a href="matlab:matlab.internal.language.introspective.errorDocCallback('main', '/home/ultimate/invspec/mcode/main.m', 204)" style="font-weight:bold">main</a> (<a href="matlab: opentoline('/home/ultimate/invspec/mcode/main.m',204,0)">line 204</a>)
  In <a href="matlab:matlab.internal.language.introspective.errorDocCallback('test_script', '/home/ultimate/invspec/mcode/test_script.m', 77)" style="font-weight:bold">test_script</a> (<a href="matlab: opentoline('/home/ultimate/invspec/mcode/test_script.m',77,0)">line 77</a>)] 
Continue optimization? Y/N [Y]: 
                                                        First-order 
 Iteration  Func-count       f(x)        Step-size       optimality
     0           1        0.0710616                        0.0225
     1           2        0.0523229              1         0.0112  
     2           3        0.0320514              1        0.00789  
     3           4        0.0265235              1        0.00584  
     4           5        0.0220328              1        0.00582  
     5           6        0.0190266              1        0.00382  
     6           7        0.0163125              1        0.00293  
     7           8        0.0144159              1        0.00335  
     8           9        0.0125769              1        0.00283  
     9          10        0.0111584              1         0.0023  
    10          11       0.00980631              1        0.00232  
    11          12       0.00870526              1        0.00216  
    12          13       0.00767056              1        0.00235  
    13          14        0.0067749              1        0.00287  
    14          15       0.00605907              1        0.00313  
    15          16       0.00546663              1        0.00204  
    16          17       0.00492559              1        0.00182  
    17          18        0.0044261              1        0.00165  
    18          19       0.00399208              1        0.00194  
    19          20       0.00360649              1        0.00155  
                                                        First-order 
 Iteration  Func-count       f(x)        Step-size       optimality
    20          21       0.00324537              1        0.00175  
    21          22       0.00291277              1        0.00116  
    22          23       0.00262316              1        0.00121  
    23          24        0.0023717              1        0.00103  
    24          25       0.00215127              1       0.000998  
    25          26       0.00195255              1       0.000863  
    26          27       0.00178149              1       0.000749  
    27          28       0.00163321              1        0.00085  
    28          29        0.0014978              1       0.000993  
    29          30       0.00137682              1       0.000913  
    30          31       0.00126877              1       0.000628  
    31          32       0.00117533              1       0.000595  
    32          33       0.00108644              1       0.000581  
    33          34       0.00100456              1       0.000653  
    34          35      0.000921571              1       0.000512  
    35          36      0.000856646              1       0.000684  
    36          37      0.000788588              1       0.000568  
    37          38      0.000731597              1        0.00049  
    38          39      0.000680231              1       0.000506  
    39          40      0.000636474              1       0.000481  
                                                        First-order 
 Iteration  Func-count       f(x)        Step-size       optimality
    40          41      0.000597179              1        0.00048  
    41          42      0.000562398              1       0.000352  
    42          43      0.000531108              1        0.00034  
    43          44       0.00050286              1       0.000267  
    44          45      0.000476425              1       0.000299  
    45          46      0.000451093              1       0.000308  
    46          47      0.000426729              1       0.000318  
    47          48      0.000403482              1       0.000339  
    48          49      0.000381387              1       0.000294  
    49          50      0.000360242              1       0.000295  
    50          51      0.000340033              1       0.000316  
    51          52      0.000320634              1       0.000294  
    52          53      0.000302936              1       0.000249  
    53          54       0.00028727              1       0.000263  
    54          55      0.000273985              1       0.000196  
    55          56      0.000261373              1       0.000207  
    56          57      0.000250458              1         0.0002  
    57          58      0.000239227              1       0.000212  
    58          59      0.000228536              1       0.000192  
    59          60      0.000218538              1       0.000188  
                                                        First-order 
 Iteration  Func-count       f(x)        Step-size       optimality
    60          61      0.000209678              1       0.000186  
    61          62      0.000201342              1       0.000205  
    62          63      0.000193571              1       0.000172  
    63          64      0.000186044              1       0.000196  
    64          65      0.000179063              1       0.000212  
    65          66      0.000172269              1       0.000229  
    66          67      0.000165754              1       0.000238  
    67          68      0.000159116              1       0.000236  
    68          69      0.000152813              1       0.000212  
    69          70      0.000146825              1       0.000173  
    70          71      0.000141575              1       0.000134  
    71          72      0.000136644              1       0.000129  
    72          73       0.00013223              1       0.000124  
    73          74      0.000128053              1       0.000112  
    74          75      0.000124406              1       0.000153  
    75          76      0.000120957              1       0.000181  
    76          77      0.000117671              1        0.00023  
    77          78      0.000114208              1       0.000226  
    78          79      0.000110694              1       0.000247  
    79          80      0.000106936              1       0.000208  
                                                        First-order 
 Iteration  Func-count       f(x)        Step-size       optimality
    80          81      0.000103007              1       0.000203  
    81          82      9.87772e-05              1       0.000143  
    82          83      9.46137e-05              1       0.000137  
    83          84      9.05481e-05              1       0.000149  
    84          85      8.68435e-05              1       0.000125  
    85          86      8.31782e-05              1       0.000117  
    86          87      7.99003e-05              1       0.000121  
    87          88      7.68288e-05              1       9.45e-05  
    88          89      7.42891e-05              1       0.000124  
    89          90      7.18406e-05              1       0.000106  
    90          91      6.96312e-05              1       9.56e-05  
    91          92      6.73951e-05              1        0.00011  
    92          93      6.53438e-05              1       0.000141  
    93          94      6.32555e-05              1       0.000146  
    94          95      6.12327e-05              1       0.000141  
    95          96      5.91774e-05              1       0.000111  
    96          97      5.72362e-05              1       8.88e-05  
    97          98       5.5327e-05              1       7.36e-05  
    98          99      5.35517e-05              1       8.15e-05  
    99         100      5.18621e-05              1       7.42e-05  
                                                        First-order 
 Iteration  Func-count       f(x)        Step-size       optimality
   100         101      5.03798e-05              1       7.37e-05  
   101         102      4.89874e-05              1       7.43e-05  
   102         103      4.77082e-05              1        8.4e-05  
   103         104      4.64427e-05              1       5.52e-05  
   104         105      4.52754e-05              1       5.99e-05  
   105         106      4.41749e-05              1       5.45e-05  
   106         107      4.31747e-05              1       6.06e-05  
   107         108      4.22055e-05              1       5.79e-05  
   108         109       4.1261e-05              1       5.88e-05  
   109         110      4.02812e-05              1       6.26e-05  
   110         111      3.92891e-05              1       5.84e-05  
   111         112      3.83011e-05              1       5.64e-05  
   112         113      3.73897e-05              1       6.29e-05  
   113         114      3.65353e-05              1       5.26e-05  
   114         115      3.57305e-05              1       5.92e-05  
   115         116      3.49079e-05              1       5.02e-05  
   116         117      3.41054e-05              1       4.92e-05  
   117         118       3.3323e-05              1       5.28e-05  
   118         119      3.26047e-05              1       5.81e-05  
   119         120      3.19162e-05              1        4.5e-05  
                                                        First-order 
 Iteration  Func-count       f(x)        Step-size       optimality
   120         121      3.12712e-05              1       4.41e-05  
   121         122      3.06432e-05              1       4.37e-05  
   122         123      3.00524e-05              1       5.54e-05  
   123         124      2.94822e-05              1       4.49e-05  
   124         125      2.89503e-05              1        3.8e-05  
   125         126      2.84462e-05              1       4.27e-05  
   126         127      2.79786e-05              1       6.09e-05  
   127         128      2.75266e-05              1       5.13e-05  
   128         129       2.7094e-05              1       4.19e-05  
   129         130      2.66671e-05              1       3.88e-05  
   130         131      2.62596e-05              1       3.93e-05  
   131         132      2.58593e-05              1       4.25e-05  
   132         133      2.54692e-05              1       4.36e-05  
   133         134      2.50793e-05              1       4.46e-05  
   134         135      2.47014e-05              1       4.65e-05  
   135         136      2.43345e-05              1        5.8e-05  
   136         137      2.39813e-05              1        4.3e-05  
   137         138      2.36338e-05              1       3.26e-05  
   138         139      2.32946e-05              1       4.15e-05  
   139         140      2.29662e-05              1       4.12e-05  
                                                        First-order 
 Iteration  Func-count       f(x)        Step-size       optimality
   140         141      2.26537e-05              1        3.2e-05  
   141         142       2.2351e-05              1       2.81e-05  
   142         143       2.2052e-05              1       3.46e-05  
   143         144      2.17493e-05              1        4.1e-05  
   144         145      2.14465e-05              1       4.13e-05  
   145         146       2.1143e-05              1       2.87e-05  
   146         147      2.08423e-05              1       3.01e-05  
   147         148      2.05351e-05              1        3.5e-05  
   148         149      2.02291e-05              1       3.99e-05  
   149         150      1.99243e-05              1       2.87e-05  
   150         151      1.96352e-05              1       3.03e-05  
   151         152      1.93606e-05              1       3.18e-05  
   152         153      1.90984e-05              1       3.96e-05  
   153         154      1.88328e-05              1       3.07e-05  
   154         155      1.85615e-05              1       2.79e-05  
   155         156      1.82868e-05              1       3.37e-05  
   156         157      1.80209e-05              1       3.01e-05  
   157         158      1.77618e-05              1       3.09e-05  
   158         159      1.75051e-05              1       2.93e-05  
   159         160      1.72436e-05              1       3.34e-05  
                                                        First-order 
 Iteration  Func-count       f(x)        Step-size       optimality
   160         161       1.6988e-05              1       3.37e-05  
   161         162      1.67439e-05              1       3.34e-05  
   162         163      1.65164e-05              1       2.93e-05  
   163         164      1.62902e-05              1       2.92e-05  
   164         165      1.60646e-05              1       2.96e-05  
   165         166      1.58354e-05              1       3.16e-05  
   166         167      1.56124e-05              1       2.93e-05  
   167         168      1.53873e-05              1       2.87e-05  
   168         169        1.516e-05              1       2.88e-05  
   169         170      1.49271e-05              1       3.14e-05  
   170         171      1.46992e-05              1       2.49e-05  
   171         172      1.44781e-05              1       2.54e-05  
   172         173      1.42671e-05              1       2.89e-05  
   173         174      1.40609e-05              1       2.72e-05  
   174         175      1.38625e-05              1       2.52e-05  
   175         176      1.36704e-05              1       2.67e-05  
   176         177      1.34891e-05              1        2.3e-05  
   177         178      1.33169e-05              1       2.87e-05  
   178         179      1.31596e-05              1        2.7e-05  
   179         180      1.30129e-05              1       2.09e-05  
                                                        First-order 
 Iteration  Func-count       f(x)        Step-size       optimality
   180         181      1.28777e-05              1       2.36e-05  
   181         182      1.27462e-05              1       1.87e-05  
   182         183      1.26216e-05              1       2.04e-05  
   183         184      1.25011e-05              1          2e-05  
   184         185      1.23871e-05              1       2.08e-05  
   185         186      1.22756e-05              1       2.11e-05  
   186         187      1.21669e-05              1       2.47e-05  
   187         188      1.20578e-05              1       2.56e-05  
   188         189      1.19476e-05              1       2.59e-05  
   189         190      1.18336e-05              1       2.31e-05  
   190         191      1.17175e-05              1       2.04e-05  
   191         192      1.16007e-05              1       1.88e-05  
   192         193      1.14844e-05              1       1.77e-05  
   193         194      1.13657e-05              1       1.93e-05  
   194         195      1.12431e-05              1        2.5e-05  
   195         196       1.1116e-05              1       2.31e-05  
   196         197      1.09895e-05              1       1.85e-05  
   197         198      1.08651e-05              1        1.8e-05  
   198         199      1.07468e-05              1       1.89e-05  
   199         200       1.0632e-05              1        1.9e-05  
                                                        First-order 
 Iteration  Func-count       f(x)        Step-size       optimality
   200         201      1.05238e-05              1        1.6e-05  
   201         202      1.04171e-05              1       1.53e-05  
   202         203       1.0314e-05              1       1.83e-05  
   203         204      1.02096e-05              1       1.89e-05  
   204         205      1.01077e-05              1       1.65e-05  
   205         206      1.00075e-05              1       1.71e-05  
   206         207      9.91213e-06              1       1.78e-05  
   207         208      9.82043e-06              1       1.54e-05  
   208         209      9.73421e-06              1       1.71e-05  
   209         210      9.65238e-06              1       1.73e-05  
   210         211      9.57533e-06              1       1.65e-05  
   211         212      9.50093e-06              1       1.63e-05  
   212         213      9.42801e-06              1       1.89e-05  
   213         214       9.3542e-06              1       2.06e-05  
   214         215      9.27931e-06              1       1.54e-05  
   215         216      9.20368e-06              1       1.65e-05  
   216         217       9.1303e-06              1       1.27e-05  
   217         218      9.05964e-06              1       1.52e-05  
   218         219      8.99202e-06              1       1.42e-05  
   219         220      8.92532e-06              1       1.64e-05  
                                                        First-order 
 Iteration  Func-count       f(x)        Step-size       optimality
   220         221       8.8607e-06              1       1.47e-05  
   221         222      8.79837e-06              1       1.28e-05  
   222         223      8.73892e-06              1       1.17e-05  
   223         224      8.68047e-06              1       1.27e-05  
   224         225      8.62233e-06              1       1.43e-05  
   225         226      8.56377e-06              1       1.36e-05  
   226         227      8.50511e-06              1       1.21e-05  
   227         228      8.44538e-06              1       1.36e-05  
   228         229      8.38364e-06              1       1.37e-05  
   229         230      8.31909e-06              1       1.85e-05  
   230         231      8.25283e-06              1       1.51e-05  
   231         232      8.18644e-06              1       1.52e-05  
   232         233      8.12166e-06              1       1.45e-05  
   233         234      8.05786e-06              1       1.74e-05  
   234         235      7.99381e-06              1       1.87e-05  
   235         236      7.92798e-06              1       1.45e-05  
   236         237      7.86215e-06              1       1.64e-05  
   237         238      7.79869e-06              1       1.48e-05  
   238         239      7.74034e-06              1       1.52e-05  
   239         240      7.68569e-06              1       1.12e-05  
                                                        First-order 
 Iteration  Func-count       f(x)        Step-size       optimality
   240         241       7.6337e-06              1       1.15e-05  
   241         242      7.58235e-06              1       1.43e-05  
   242         243      7.53274e-06              1       1.43e-05  
   243         244      7.48423e-06              1       1.39e-05  
   244         245       7.4371e-06              1       1.02e-05  

Optimization completed: The <a href = "matlab: helpview([docroot '/toolbox/optim/msg_csh/optim_msg_csh.map'],'first_order_opt_unc','CSHelpWindow');">first-order optimality measure</a>, 9.957730e-06, is less 
than <a href = "matlab: helpview([docroot '/toolbox/optim/msg_csh/optim_msg_csh.map'],'tolfun','CSHelpWindow');">options.TolFun</a> = 1.000000e-05.

Optimization Metric                                            Options
relative norm(gradient) =   9.96e-06                  TolFun =   1e-05 (selected)

