                                                        First-order 
 Iteration  Func-count       f(x)        Step-size       optimality
     0           1        0.0792353                      0.000893
     1           5        0.0104454            820       0.000784  
     2           8       0.00931336      0.0485421       0.000454  
     3          10       0.00759275            0.1       0.000369  
     4          11       0.00297182              1       0.000954  
     5          14       0.00174918           0.19       0.000462  
     6          17       0.00171215           0.01       0.000303  
     7          19       0.00151703            0.1       0.000348  
     8          21       0.00119014       0.376623        0.00379  
     9          23      0.000755439            0.1       0.000324  
    10          25      0.000689258            0.1       0.000747  
    11          44      0.000688729     0.00334219       0.000786  

Optimization stopped because the objective function cannot be decreased in the 
current <a href = "matlab: helpview([docroot '/toolbox/optim/msg_csh/optim_msg_csh.map'],'search_direction','CSHelpWindow');">search direction</a>. Either the <a href = "matlab: helpview([docroot '/toolbox/optim/msg_csh/optim_msg_csh.map'],'pred_change','CSHelpWindow');">predicted change in the objective function</a>,
or the <a href = "matlab: helpview([docroot '/toolbox/optim/msg_csh/optim_msg_csh.map'],'line_search_interval','CSHelpWindow');">line search interval</a> is less than eps.
<a href="matlab: opentoline('/storage/Subjects/PHY/Vouga/inverseSpec/matlab/main.m',107,1)">107 </a>conf = sqrt(kron(1./s_end',1./s_end));
s_end(s_end<0)
ans =
   Empty matrix: 0-by-1
if system_dependent('IsDebugMode')==1, dbcont; end
                                                        First-order 
 Iteration  Func-count       f(x)        Step-size       optimality
     0           1         0.144358                        0.0273
     1           2         0.131982              1         0.0265  
     2           4         0.084747            0.5          0.041  
     3           5        0.0724949              1         0.0271  
     4           6        0.0568681              1         0.0725  
     5           7        0.0451468              1         0.0326  
     6           8        0.0363003              1          0.036  
     7           9        0.0294183              1         0.0199  
     8          10        0.0225614              1         0.0115  
     9          11        0.0195806              1        0.00898  
    10          12        0.0160643              1         0.0135  
    11          13        0.0135326              1         0.0142  
    12          14        0.0116518              1         0.0101  
    13          15       0.00968047              1        0.00842  
    14          16       0.00892081              1        0.00518  
    15          17       0.00779264              1        0.00349  
    16          18       0.00715445              1        0.00466  
    17          19       0.00641029              1         0.0047  
    18          20         0.005798              1        0.00454  
    19          21        0.0051667              1        0.00384  
                                                        First-order 
 Iteration  Func-count       f(x)        Step-size       optimality
    20          22       0.00467976              1        0.00431  
    21          23       0.00414219              1        0.00348  
    22          24       0.00369746              1        0.00323  
    23          25       0.00326779              1        0.00288  
    24          26       0.00288517              1        0.00257  
    25          27       0.00250807              1        0.00254  
    26          28        0.0022125              1        0.00194  
    27          29       0.00198223              1        0.00171  
    28          30       0.00179947              1        0.00191  
    29          31       0.00162516              1        0.00199  
    30          32       0.00147183              1        0.00173  
    31          33       0.00130187              1        0.00162  
    32          34       0.00121886              1        0.00133  
    33          35        0.0011229              1        0.00122  
    34          36       0.00105825              1        0.00125  
    35          37      0.000987906              1        0.00103  
    36          38      0.000921381              1        0.00105  
    37          39      0.000850743              1        0.00102  
    38          40      0.000785508              1       0.000866  
    39          41      0.000723838              1        0.00099  
                                                        First-order 
 Iteration  Func-count       f(x)        Step-size       optimality
    40          42       0.00066579              1       0.000909  
    41          43      0.000611151              1       0.000702  
    42          44      0.000562921              1       0.000807  
    43          45        0.0005181              1       0.000944  
    44          46      0.000475777              1       0.000889  
    45          47      0.000434726              1       0.000822  
    46          48      0.000397363              1       0.000673  
    47          49      0.000363713              1        0.00061  
    48          50      0.000335456              1       0.000519  
    49          51        0.0003104              1       0.000464  
    50          52       0.00028947              1        0.00046  
    51          53      0.000271521              1       0.000468  
    52          54      0.000256426              1       0.000403  
    53          55      0.000243102              1       0.000413  
    54          56      0.000231245              1       0.000301  
    55          57       0.00022032              1       0.000356  
    56          58      0.000209996              1       0.000379  
    57          59      0.000199766              1       0.000388  
    58          60      0.000189797              1       0.000356  
    59          61       0.00018024              1         0.0003  
                                                        First-order 
 Iteration  Func-count       f(x)        Step-size       optimality
    60          62      0.000171398              1       0.000264  
    61          63      0.000163585              1       0.000211  
    62          64      0.000157066              1       0.000244  
    63          65      0.000151495              1       0.000257  
    64          66      0.000146428              1       0.000236  
    65          67      0.000141549              1       0.000205  
    66          68      0.000136961              1       0.000177  
    67          69      0.000132756              1       0.000197  
    68          70       0.00012893              1       0.000236  
    69          71      0.000125301              1       0.000282  
    70          72      0.000121863              1       0.000206  
    71          73      0.000118636              1       0.000148  
    72          74      0.000115699              1       0.000163  
    73          75      0.000112924              1       0.000201  
    74          76      0.000110257              1       0.000211  
    75          77      0.000107562              1       0.000133  
    76          78      0.000104843              1       0.000149  
    77          79      0.000102059              1       0.000159  
    78          80      9.92809e-05              1       0.000147  
    79          81      9.64694e-05              1       0.000145  
                                                        First-order 
 Iteration  Func-count       f(x)        Step-size       optimality
    80          82      9.36492e-05              1       0.000159  
    81          83      9.07306e-05              1       0.000175  
    82          84      8.77127e-05              1       0.000178  
    83          85       8.4541e-05              1       0.000182  
    84          86      8.13199e-05              1       0.000184  
    85          87      7.80852e-05              1        0.00016  
    86          88      7.50288e-05              1       0.000158  
    87          89      7.20769e-05              1       0.000194  
    88          90      6.93433e-05              1        0.00015  
    89          91       6.6636e-05              1       0.000148  
    90          92      6.41964e-05              1       0.000149  
    91          93      6.18282e-05              1       0.000149  
    92          94       5.9861e-05              1       0.000128  
    93          95       5.7789e-05              1       0.000133  
    94          96      5.58016e-05              1        0.00015  
    95          97      5.37678e-05              1       0.000147  
    96          98      5.18247e-05              1       0.000123  
    97          99      4.98252e-05              1       0.000121  
    98         100      4.78364e-05              1       0.000135  
    99         101      4.58356e-05              1       0.000138  
                                                        First-order 
 Iteration  Func-count       f(x)        Step-size       optimality
   100         102      4.39798e-05              1        0.00012  
   101         103      4.22297e-05              1       0.000134  
   102         104       4.0676e-05              1       0.000115  
   103         105      3.92071e-05              1       0.000136  
   104         106       3.7883e-05              1       9.88e-05  
   105         107      3.66041e-05              1       9.76e-05  
   106         108      3.54684e-05              1        9.5e-05  
   107         109      3.44387e-05              1       8.66e-05  
   108         110      3.34902e-05              1       8.18e-05  
   109         111      3.25212e-05              1       8.91e-05  
   110         112      3.15479e-05              1       9.65e-05  
   111         113      3.06046e-05              1       0.000102  
   112         114      2.97378e-05              1       0.000102  
   113         115      2.89069e-05              1       9.52e-05  
   114         116      2.81008e-05              1       7.93e-05  
   115         117      2.73155e-05              1        7.6e-05  
   116         118       2.6582e-05              1       6.71e-05  
   117         119      2.58665e-05              1       6.76e-05  
   118         120      2.51762e-05              1       6.83e-05  
   119         121      2.45249e-05              1       7.53e-05  
                                                        First-order 
 Iteration  Func-count       f(x)        Step-size       optimality
   120         122      2.39501e-05              1       6.37e-05  
   121         123      2.34119e-05              1       6.42e-05  
   122         124      2.28784e-05              1       6.13e-05  
   123         125       2.2342e-05              1       7.13e-05  
   124         126      2.18359e-05              1       6.31e-05  
   125         127      2.13542e-05              1       6.38e-05  
   126         128      2.08712e-05              1       6.57e-05  
   127         129      2.03708e-05              1       6.43e-05  
   128         130      1.98682e-05              1       6.16e-05  
   129         131      1.93627e-05              1       5.29e-05  
   130         132      1.88339e-05              1       7.43e-05  
   131         133      1.82628e-05              1       7.11e-05  
   132         134      1.76817e-05              1       5.45e-05  
   133         135       1.7131e-05              1       5.65e-05  
   134         136      1.66271e-05              1       5.85e-05  
   135         137      1.61426e-05              1       5.67e-05  
   136         138      1.56758e-05              1       5.44e-05  
   137         139      1.52233e-05              1       5.37e-05  
   138         140      1.47912e-05              1        5.6e-05  
   139         141       1.4349e-05              1       5.65e-05  
                                                        First-order 
 Iteration  Func-count       f(x)        Step-size       optimality
   140         142      1.39032e-05              1       5.71e-05  
   141         143      1.34655e-05              1       5.48e-05  
   142         144      1.30624e-05              1       5.03e-05  
   143         145      1.26778e-05              1       4.42e-05  
   144         146      1.23078e-05              1       4.29e-05  
   145         147      1.19484e-05              1       4.88e-05  
   146         148      1.16117e-05              1       5.11e-05  
   147         149      1.12874e-05              1       5.59e-05  
   148         150      1.09709e-05              1       5.81e-05  
   149         151      1.06634e-05              1       4.51e-05  
   150         152      1.03807e-05              1       5.45e-05  
   151         153      1.01195e-05              1       4.54e-05  
   152         154      9.87346e-06              1        4.4e-05  
   153         155      9.63055e-06              1       4.37e-05  
   154         156       9.3966e-06              1       4.99e-05  
   155         157      9.16861e-06              1       5.29e-05  
   156         158      8.94725e-06              1       4.44e-05  
   157         159       8.7247e-06              1       4.52e-05  
   158         160        8.507e-06              1       4.93e-05  
   159         161      8.29628e-06              1       3.87e-05  
                                                        First-order 
 Iteration  Func-count       f(x)        Step-size       optimality
   160         162      8.09892e-06              1       3.78e-05  
   161         163      7.91109e-06              1       3.27e-05  
   162         164      7.73403e-06              1       3.55e-05  
   163         165      7.56516e-06              1        3.2e-05  
   164         166      7.40585e-06              1       3.53e-05  
   165         167      7.25312e-06              1       3.14e-05  
   166         168      7.10426e-06              1       3.07e-05  
   167         169      6.95458e-06              1       3.36e-05  
   168         170      6.80349e-06              1       3.03e-05  
   169         171      6.65221e-06              1       3.18e-05  
   170         172      6.50291e-06              1       2.79e-05  
   171         173      6.35474e-06              1       3.43e-05  
   172         174      6.20873e-06              1       2.88e-05  
   173         175      6.06798e-06              1       2.76e-05  
   174         176      5.93707e-06              1       3.17e-05  
   175         177      5.81399e-06              1       2.76e-05  
   176         178      5.69525e-06              1       3.26e-05  
   177         179      5.57638e-06              1       2.74e-05  
   178         180      5.45881e-06              1       2.66e-05  
   179         181      5.34266e-06              1       3.09e-05  
                                                        First-order 
 Iteration  Func-count       f(x)        Step-size       optimality
   180         182      5.23031e-06              1       3.19e-05  
   181         183      5.12073e-06              1       2.92e-05  
   182         184      5.01544e-06              1        2.6e-05  
   183         185      4.91155e-06              1       2.66e-05  
   184         186      4.80656e-06              1        2.8e-05  
   185         187      4.69836e-06              1          3e-05  
   186         188      4.59124e-06              1        2.8e-05  
   187         189       4.4895e-06              1       2.54e-05  
   188         190       4.3943e-06              1       2.51e-05  
   189         191      4.30091e-06              1       2.32e-05  
   190         192      4.20495e-06              1       2.25e-05  
   191         193      4.10349e-06              1       2.27e-05  
   192         194      3.99769e-06              1       2.42e-05  
   193         195      3.89011e-06              1       2.44e-05  
   194         196      3.78603e-06              1       2.53e-05  
   195         197      3.68761e-06              1        2.4e-05  
   196         198      3.59613e-06              1       2.29e-05  
   197         199      3.50742e-06              1       2.74e-05  
   198         200       3.4214e-06              1       2.36e-05  
   199         201      3.33529e-06              1       2.46e-05  
                                                        First-order 
 Iteration  Func-count       f(x)        Step-size       optimality
   200         202      3.25254e-06              1       2.19e-05  
   201         203      3.17082e-06              1       2.35e-05  
   202         204      3.09069e-06              1       2.26e-05  
   203         205      3.00884e-06              1       2.35e-05  
   204         206      2.92816e-06              1       2.89e-05  
   205         207      2.84809e-06              1       2.25e-05  
   206         208      2.77042e-06              1       2.41e-05  
   207         209      2.69373e-06              1       1.99e-05  
   208         210      2.61934e-06              1       2.21e-05  
   209         211      2.54763e-06              1       2.44e-05  
   210         212      2.48152e-06              1       1.86e-05  
   211         213      2.42096e-06              1       1.79e-05  
   212         214        2.366e-06              1       1.74e-05  
   213         215      2.31361e-06              1       2.06e-05  
   214         216      2.26359e-06              1       2.03e-05  
   215         217      2.21542e-06              1       1.66e-05  
   216         218      2.17019e-06              1       1.63e-05  
   217         219      2.12679e-06              1        1.9e-05  
   218         220      2.08564e-06              1       1.86e-05  
   219         221      2.04633e-06              1       1.73e-05  
                                                        First-order 
 Iteration  Func-count       f(x)        Step-size       optimality
   220         222      2.00888e-06              1       1.82e-05  
   221         223      1.97304e-06              1       1.63e-05  
   222         224      1.93925e-06              1       1.48e-05  
   223         225      1.90752e-06              1       1.41e-05  
   224         226      1.87709e-06              1       1.42e-05  
   225         227      1.84657e-06              1       1.34e-05  
   226         228      1.81517e-06              1       1.46e-05  
   227         229       1.7831e-06              1       1.34e-05  
   228         230      1.75126e-06              1       1.33e-05  
   229         231      1.72034e-06              1       1.31e-05  
   230         232      1.69061e-06              1       1.64e-05  
   231         233       1.6619e-06              1       1.62e-05  
   232         234       1.6339e-06              1       1.44e-05  
   233         235      1.60633e-06              1       1.38e-05  
   234         236      1.57929e-06              1       1.24e-05  
   235         237      1.55299e-06              1       1.34e-05  
   236         238      1.52759e-06              1       1.45e-05  
   237         239      1.50304e-06              1       1.59e-05  
   238         240       1.4797e-06              1       1.31e-05  
   239         241      1.45784e-06              1       1.07e-05  
                                                        First-order 
 Iteration  Func-count       f(x)        Step-size       optimality
   240         242      1.43729e-06              1       1.24e-05  
   241         243      1.41705e-06              1        1.3e-05  
   242         244      1.39682e-06              1       1.24e-05  
   243         245       1.3774e-06              1       1.07e-05  
   244         246      1.35965e-06              1       1.07e-05  
   245         247      1.34292e-06              1       1.09e-05  
   246         248      1.32574e-06              1       1.16e-05  
   247         249      1.30743e-06              1       1.01e-05  
   248         250      1.28881e-06              1       1.16e-05  
   249         251        1.271e-06              1       1.23e-05  
   250         252      1.25404e-06              1       1.28e-05  
   251         253      1.23722e-06              1       1.08e-05  
   252         254      1.22043e-06              1       1.05e-05  
   253         255      1.20438e-06              1       1.33e-05  
   254         256      1.18969e-06              1       1.06e-05  
   255         257      1.17626e-06              1       8.83e-06  
   256         258      1.16374e-06              1       8.41e-06  
   257         259      1.15192e-06              1       8.68e-06  
   258         260       1.1406e-06              1       9.36e-06  
   259         261      1.12949e-06              1        9.4e-06  
                                                        First-order 
 Iteration  Func-count       f(x)        Step-size       optimality
   260         262      1.11833e-06              1       1.02e-05  
   261         263      1.10712e-06              1       7.92e-06  
   262         264      1.09594e-06              1       8.62e-06  
   263         265      1.08487e-06              1       9.07e-06  
   264         266      1.07406e-06              1       9.46e-06  
   265         267       1.0638e-06              1       8.42e-06  
   266         268      1.05428e-06              1       9.98e-06  
   267         269      1.04517e-06              1       8.44e-06  
   268         270      1.03594e-06              1       8.43e-06  
   269         271      1.02633e-06              1       8.48e-06  
   270         272      1.01669e-06              1       8.82e-06  
   271         273      1.00752e-06              1       8.52e-06  
   272         274      9.98973e-07              1       6.88e-06  
   273         275      9.90729e-07              1       7.85e-06  
   274         276      9.82484e-07              1       9.32e-06  
   275         277      9.74158e-07              1        7.8e-06  
   276         278      9.65873e-07              1       6.47e-06  
   277         279      9.57792e-07              1       6.66e-06  
   278         280      9.50076e-07              1        7.6e-06  
   279         281      9.42794e-07              1       8.04e-06  
                                                        First-order 
 Iteration  Func-count       f(x)        Step-size       optimality
   280         282      9.35877e-07              1       6.81e-06  
   281         283      9.29096e-07              1       7.01e-06  
   282         284      9.22274e-07              1       6.31e-06  
   283         285      9.15375e-07              1       6.99e-06  
   284         286      9.08537e-07              1       7.17e-06  
   285         287      9.01861e-07              1       6.75e-06  
   286         288      8.95379e-07              1       7.07e-06  
   287         289      8.89013e-07              1       6.97e-06  
   288         290      8.82725e-07              1       7.85e-06  
   289         291      8.76453e-07              1        6.2e-06  
   290         292      8.70186e-07              1       6.09e-06  
   291         293      8.63933e-07              1        6.9e-06  
   292         294      8.57813e-07              1       6.76e-06  
   293         295      8.51941e-07              1       5.41e-06  
   294         296      8.46359e-07              1       6.71e-06  
   295         297      8.40934e-07              1       6.63e-06  
   296         298       8.3549e-07              1       6.22e-06  
   297         299      8.29863e-07              1       6.72e-06  
   298         300      8.24018e-07              1       6.65e-06  
   299         301      8.17977e-07              1       6.52e-06  
                                                        First-order 
 Iteration  Func-count       f(x)        Step-size       optimality
   300         302      8.11796e-07              1        7.8e-06  
   301         303      8.05467e-07              1       6.42e-06  
   302         304      7.98963e-07              1       6.74e-06  
   303         305      7.92246e-07              1       6.26e-06  
   304         306      7.85373e-07              1       6.74e-06  
   305         307       7.7845e-07              1       6.52e-06  
   306         308      7.71675e-07              1       6.96e-06  
   307         309      7.65176e-07              1       6.17e-06  
   308         310      7.59044e-07              1       5.66e-06  
   309         311      7.53233e-07              1       5.75e-06  
   310         312      7.47732e-07              1       5.41e-06  
   311         313      7.42477e-07              1       6.37e-06  
   312         314      7.37444e-07              1       6.33e-06  
   313         315      7.32493e-07              1       5.87e-06  
   314         316      7.27546e-07              1       5.68e-06  
   315         317      7.22536e-07              1       5.47e-06  
   316         318      7.17517e-07              1        5.6e-06  
   317         319      7.12433e-07              1       5.21e-06  
   318         320      7.07225e-07              1       7.59e-06  
   319         321      7.01856e-07              1       7.53e-06  
                                                        First-order 
 Iteration  Func-count       f(x)        Step-size       optimality
   320         322      6.96533e-07              1        6.2e-06  
   321         323      6.91456e-07              1       6.55e-06  
   322         324      6.86644e-07              1        5.8e-06  
   323         325      6.81897e-07              1       5.69e-06  
   324         326        6.771e-07              1       6.06e-06  
   325         327       6.7229e-07              1        7.9e-06  
   326         328      6.67541e-07              1       6.05e-06  
   327         329      6.62749e-07              1       6.03e-06  
   328         330      6.57737e-07              1       6.69e-06  
   329         331      6.52406e-07              1       7.65e-06  
   330         332      6.46838e-07              1       7.71e-06  
   331         333      6.41126e-07              1       5.63e-06  
   332         334       6.3538e-07              1       5.85e-06  
   333         335      6.29673e-07              1       6.18e-06  
   334         336      6.24165e-07              1       7.06e-06  
   335         337      6.18829e-07              1       5.99e-06  
   336         338      6.13637e-07              1        5.8e-06  
   337         339      6.08495e-07              1       6.59e-06  
   338         340      6.03525e-07              1       6.08e-06  
   339         341       5.9871e-07              1       5.76e-06  
                                                        First-order 
 Iteration  Func-count       f(x)        Step-size       optimality
   340         342      5.94022e-07              1       5.63e-06  
   341         343      5.89398e-07              1       5.59e-06  
   342         344      5.84939e-07              1       5.56e-06  
   343         345      5.80598e-07              1       5.45e-06  
   344         346      5.76193e-07              1       5.32e-06  
   345         347      5.71532e-07              1       5.72e-06  
   346         348      5.66766e-07              1       5.68e-06  
   347         349        5.622e-07              1       5.63e-06  
   348         350      5.57925e-07              1       5.06e-06  
   349         351      5.53685e-07              1       5.32e-06  
   350         352      5.49266e-07              1       7.39e-06  
   351         353      5.44737e-07              1       7.29e-06  
   352         354       5.4035e-07              1       4.47e-06  
   353         355      5.36182e-07              1       4.96e-06  
   354         356      5.32151e-07              1       5.34e-06  
   355         357      5.28159e-07              1       6.46e-06  
   356         358      5.24194e-07              1       5.75e-06  
   357         359      5.20199e-07              1       6.15e-06  
   358         360      5.16111e-07              1       5.69e-06  
   359         361      5.11915e-07              1        6.5e-06  
                                                        First-order 
 Iteration  Func-count       f(x)        Step-size       optimality
   360         362      5.07708e-07              1       6.16e-06  
   361         363      5.03495e-07              1       5.07e-06  
   362         364      4.99212e-07              1       7.13e-06  
   363         365      4.94829e-07              1       7.19e-06  
   364         366      4.90525e-07              1       5.16e-06  
   365         367      4.86444e-07              1       5.57e-06  
   366         368      4.82584e-07              1       5.37e-06  
   367         369      4.78808e-07              1       6.08e-06  
   368         370      4.75077e-07              1       6.44e-06  
   369         371      4.71401e-07              1       6.17e-06  
   370         372      4.67737e-07              1       5.49e-06  
   371         373      4.63913e-07              1       5.24e-06  
   372         374      4.59788e-07              1       5.85e-06  
   373         375      4.55364e-07              1       6.46e-06  
   374         376      4.50848e-07              1       6.97e-06  
   375         377      4.46479e-07              1       6.47e-06  
   376         378      4.42405e-07              1       4.83e-06  
   377         379      4.38617e-07              1       4.92e-06  
   378         380       4.3507e-07              1       5.11e-06  
   379         381      4.31676e-07              1          5e-06  
                                                        First-order 
 Iteration  Func-count       f(x)        Step-size       optimality
   380         382       4.2837e-07              1       4.74e-06  
   381         383      4.25072e-07              1        4.4e-06  
   382         384      4.21788e-07              1       4.25e-06  
   383         385      4.18548e-07              1       5.14e-06  
   384         386      4.15377e-07              1       6.55e-06  
   385         387      4.12162e-07              1       5.39e-06  
   386         388      4.08799e-07              1       4.99e-06  
   387         389      4.05289e-07              1       4.87e-06  
   388         390      4.01814e-07              1       5.22e-06  
   389         391      3.98494e-07              1       4.57e-06  
   390         392      3.95285e-07              1       4.32e-06  
   391         393      3.92073e-07              1       5.41e-06  
   392         394      3.88883e-07              1        5.6e-06  
   393         395      3.85807e-07              1       5.23e-06  
   394         396      3.82861e-07              1        4.2e-06  
   395         397      3.79973e-07              1       4.17e-06  
   396         398      3.77162e-07              1       3.99e-06  
   397         399      3.74532e-07              1       4.82e-06  
   398         400      3.72099e-07              1       4.51e-06  
   399         401      3.69715e-07              1        3.9e-06  
                                                        First-order 
 Iteration  Func-count       f(x)        Step-size       optimality
   400         402      3.67254e-07              1       4.41e-06  
   401         403      3.64751e-07              1       4.21e-06  
   402         404      3.62325e-07              1       4.12e-06  
   403         405      3.59959e-07              1       4.15e-06  
   404         406      3.57512e-07              1       4.03e-06  
   405         407      3.54892e-07              1       4.54e-06  
   406         408      3.52194e-07              1       4.11e-06  
   407         409      3.49568e-07              1       3.79e-06  
   408         410       3.4708e-07              1       3.71e-06  
   409         411      3.44693e-07              1        3.6e-06  
   410         412      3.42412e-07              1        4.2e-06  
   411         413      3.40256e-07              1       4.59e-06  
   412         414      3.38193e-07              1       4.49e-06  
   413         415      3.36101e-07              1       4.51e-06  
   414         416      3.33896e-07              1       3.74e-06  
   415         417      3.31591e-07              1       4.55e-06  
   416         418      3.29297e-07              1       5.28e-06  
   417         419      3.27087e-07              1       4.69e-06  
   418         420      3.24955e-07              1       4.16e-06  
   419         421      3.22813e-07              1       3.51e-06  
                                                        First-order 
 Iteration  Func-count       f(x)        Step-size       optimality
   420         422      3.20596e-07              1       3.64e-06  
   421         423      3.18301e-07              1       4.42e-06  
   422         424      3.15996e-07              1        4.8e-06  
   423         425      3.13734e-07              1       4.34e-06  
   424         426      3.11516e-07              1        4.2e-06  
   425         427      3.09303e-07              1       3.73e-06  
   426         428      3.07103e-07              1        3.8e-06  
   427         429       3.0497e-07              1       3.76e-06  
   428         430      3.02955e-07              1       3.62e-06  
   429         431      3.01047e-07              1       3.63e-06  
   430         432      2.99195e-07              1        3.9e-06  
   431         433       2.9735e-07              1       3.67e-06  
   432         434      2.95493e-07              1        4.2e-06  
   433         435      2.93614e-07              1       4.06e-06  
   434         436      2.91679e-07              1       4.06e-06  
   435         437      2.89626e-07              1       3.92e-06  
   436         438      2.87416e-07              1        3.5e-06  
   437         439      2.85083e-07              1       3.66e-06  
   438         440      2.82732e-07              1       4.22e-06  
   439         441      2.80427e-07              1       4.04e-06  
                                                        First-order 
 Iteration  Func-count       f(x)        Step-size       optimality
   440         442      2.78155e-07              1       3.94e-06  
   441         443      2.75876e-07              1       4.23e-06  
   442         444      2.73612e-07              1       3.79e-06  
   443         445      2.71383e-07              1       3.81e-06  
   444         446      2.69146e-07              1        4.2e-06  
   445         447      2.66807e-07              1       3.64e-06  
   446         448      2.64389e-07              1       3.89e-06  
   447         449      2.61985e-07              1       4.54e-06  
   448         450      2.59709e-07              1       4.92e-06  
   449         451      2.57514e-07              1       4.18e-06  
   450         452      2.55304e-07              1       4.13e-06  
   451         453      2.52991e-07              1       3.62e-06  
   452         454      2.50686e-07              1       3.83e-06  
   453         455      2.48459e-07              1        3.9e-06  
   454         456      2.46319e-07              1       3.53e-06  
   455         457      2.44256e-07              1       4.04e-06  
   456         458      2.42298e-07              1       3.51e-06  
   457         459      2.40451e-07              1       3.63e-06  
   458         460      2.38672e-07              1       3.41e-06  
   459         461      2.36932e-07              1       3.73e-06  
                                                        First-order 
 Iteration  Func-count       f(x)        Step-size       optimality
   460         462       2.3523e-07              1       3.91e-06  
   461         463      2.33569e-07              1       3.54e-06  
   462         464       2.3191e-07              1        3.5e-06  
   463         465      2.30227e-07              1       4.11e-06  
   464         466      2.28545e-07              1       3.95e-06  
   465         467      2.26949e-07              1       2.98e-06  
   466         468      2.25487e-07              1       3.17e-06  
   467         469      2.24149e-07              1       3.42e-06  
   468         470      2.22872e-07              1       4.05e-06  
   469         471      2.21606e-07              1          3e-06  
   470         472       2.2032e-07              1       3.67e-06  
   471         473      2.19018e-07              1       3.11e-06  
   472         474      2.17708e-07              1       3.29e-06  
   473         475      2.16399e-07              1       2.88e-06  
   474         476      2.15091e-07              1       2.72e-06  
   475         477      2.13815e-07              1       2.88e-06  
   476         478      2.12599e-07              1       2.93e-06  
   477         479      2.11447e-07              1       2.73e-06  
   478         480      2.10335e-07              1       2.59e-06  
   479         481      2.09273e-07              1       2.33e-06  
                                                        First-order 
 Iteration  Func-count       f(x)        Step-size       optimality
   480         482      2.08284e-07              1       2.12e-06  
   481         483      2.07368e-07              1       2.08e-06  
   482         484       2.0646e-07              1       2.27e-06  
   483         485      2.05502e-07              1       2.44e-06  
   484         486      2.04492e-07              1       2.86e-06  
   485         487       2.0348e-07              1       2.83e-06  
   486         488      2.02484e-07              1       3.12e-06  
   487         489      2.01483e-07              1        2.7e-06  
   488         490      2.00455e-07              1       2.65e-06  
   489         491      1.99431e-07              1       2.64e-06  
   490         492      1.98445e-07              1       2.72e-06  
   491         493      1.97501e-07              1       2.43e-06  
   492         494      1.96582e-07              1       2.32e-06  
   493         495      1.95696e-07              1       2.35e-06  
   494         496      1.94857e-07              1       2.51e-06  
   495         497      1.94067e-07              1        2.6e-06  
   496         498       1.9331e-07              1       2.13e-06  
   497         499       1.9258e-07              1       2.22e-06  
   498         500      1.91866e-07              1       2.03e-06  
   499         501      1.91147e-07              1       2.41e-06  
                                                        First-order 
 Iteration  Func-count       f(x)        Step-size       optimality
   500         502      1.90407e-07              1       2.42e-06  
   501         503      1.89674e-07              1       2.14e-06  
   502         504      1.88987e-07              1       2.27e-06  
   503         505      1.88353e-07              1       2.31e-06  
   504         506      1.87735e-07              1       1.82e-06  
   505         507      1.87099e-07              1       1.94e-06  
   506         508       1.8644e-07              1       1.99e-06  
   507         509      1.85768e-07              1       2.25e-06  
   508         510      1.85081e-07              1       2.51e-06  
   509         511      1.84377e-07              1        2.4e-06  
   510         512       1.8367e-07              1       2.21e-06  
   511         513      1.82986e-07              1       2.08e-06  
   512         514      1.82332e-07              1       2.15e-06  
   513         515      1.81694e-07              1          2e-06  
   514         516      1.81056e-07              1        1.8e-06  
   515         517       1.8041e-07              1       1.96e-06  
   516         518      1.79754e-07              1       2.24e-06  
   517         519      1.79097e-07              1       1.98e-06  
   518         520      1.78447e-07              1       2.02e-06  
   519         521      1.77816e-07              1       1.74e-06  
                                                        First-order 
 Iteration  Func-count       f(x)        Step-size       optimality
   520         522      1.77194e-07              1       1.96e-06  
   521         523      1.76572e-07              1       2.04e-06  
   522         524      1.75951e-07              1       2.09e-06  
   523         525      1.75346e-07              1       1.93e-06  
   524         526      1.74764e-07              1       2.25e-06  
   525         527      1.74204e-07              1       1.99e-06  
   526         528      1.73657e-07              1       1.78e-06  
   527         529      1.73118e-07              1       1.83e-06  
   528         530      1.72575e-07              1       1.76e-06  
   529         531      1.72021e-07              1       2.05e-06  
   530         532      1.71453e-07              1       1.99e-06  
   531         533      1.70875e-07              1       1.96e-06  
   532         534      1.70281e-07              1       2.09e-06  
   533         535      1.69656e-07              1       2.14e-06  
   534         536      1.68999e-07              1       2.01e-06  
   535         537      1.68336e-07              1        1.9e-06  
   536         538      1.67691e-07              1        1.7e-06  
   537         539      1.67057e-07              1       2.04e-06  
   538         540      1.66398e-07              1       2.93e-06  
   539         541      1.65699e-07              1       2.72e-06  
                                                        First-order 
 Iteration  Func-count       f(x)        Step-size       optimality
   540         542      1.64984e-07              1       2.01e-06  
   541         543      1.64295e-07              1       1.93e-06  
   542         544       1.6364e-07              1       2.04e-06  
   543         545      1.62999e-07              1       2.64e-06  
   544         546      1.62352e-07              1       2.06e-06  
   545         547      1.61711e-07              1       1.99e-06  
   546         548      1.61099e-07              1       1.88e-06  
   547         549      1.60518e-07              1       1.93e-06  
   548         550      1.59941e-07              1       2.16e-06  
   549         551      1.59332e-07              1        2.3e-06  
   550         552      1.58681e-07              1        2.3e-06  
   551         553      1.58004e-07              1       2.13e-06  
   552         554      1.57326e-07              1       2.15e-06  
   553         555      1.56651e-07              1       2.55e-06  
   554         556      1.55977e-07              1       2.33e-06  
   555         557      1.55306e-07              1       2.16e-06  
   556         558      1.54665e-07              1        2.2e-06  
   557         559       1.5407e-07              1       2.59e-06  
   558         560      1.53522e-07              1        2.1e-06  
   559         561      1.53008e-07              1       2.23e-06  
                                                        First-order 
 Iteration  Func-count       f(x)        Step-size       optimality
   560         562      1.52512e-07              1       1.83e-06  
   561         563      1.52011e-07              1       1.84e-06  
   562         564      1.51494e-07              1       2.03e-06  
   563         565      1.50971e-07              1       2.18e-06  
   564         566      1.50463e-07              1       1.82e-06  
   565         567      1.49974e-07              1       1.79e-06  
   566         568      1.49483e-07              1       1.95e-06  
   567         569      1.48978e-07              1       2.03e-06  
   568         570      1.48475e-07              1       2.26e-06  
   569         571      1.47999e-07              1        2.1e-06  
   570         572      1.47548e-07              1        1.9e-06  
   571         573      1.47092e-07              1       1.84e-06  
   572         574      1.46613e-07              1       1.83e-06  
   573         575      1.46122e-07              1       1.78e-06  
   574         576      1.45637e-07              1       1.74e-06  
   575         577      1.45161e-07              1       1.97e-06  
   576         578      1.44682e-07              1       2.19e-06  
   577         579      1.44196e-07              1       1.88e-06  
   578         580      1.43708e-07              1        1.8e-06  
   579         581      1.43222e-07              1       1.98e-06  
                                                        First-order 
 Iteration  Func-count       f(x)        Step-size       optimality
   580         582      1.42734e-07              1       2.42e-06  
   581         583      1.42237e-07              1       2.61e-06  
   582         584      1.41725e-07              1       1.93e-06  
   583         585      1.41188e-07              1        1.9e-06  
   584         586      1.40615e-07              1       1.86e-06  
   585         587      1.40005e-07              1       2.96e-06  
   586         588      1.39372e-07              1        2.9e-06  
   587         589      1.38737e-07              1       2.12e-06  
   588         590      1.38112e-07              1       2.36e-06  
   589         591      1.37501e-07              1       1.78e-06  
   590         592      1.36909e-07              1       2.34e-06  
   591         593      1.36329e-07              1       2.47e-06  
   592         594      1.35749e-07              1       2.21e-06  
   593         595      1.35151e-07              1       2.13e-06  
   594         596      1.34538e-07              1       2.01e-06  
   595         597      1.33924e-07              1       1.85e-06  
   596         598      1.33313e-07              1       2.29e-06  
   597         599      1.32686e-07              1       2.33e-06  
   598         600      1.32025e-07              1       2.24e-06  
   599         601      1.31335e-07              1       2.23e-06  
                                                        First-order 
 Iteration  Func-count       f(x)        Step-size       optimality
   600         602      1.30636e-07              1       2.15e-06  
   601         603      1.29921e-07              1       2.29e-06  
   602         604      1.29158e-07              1        2.4e-06  
   603         605      1.28321e-07              1       2.79e-06  
   604         606      1.27437e-07              1       2.76e-06  
   605         607       1.2656e-07              1       2.59e-06  
   606         608      1.25723e-07              1       2.49e-06  
   607         609      1.24902e-07              1        2.6e-06  
   608         610      1.24069e-07              1        2.3e-06  
   609         611       1.2322e-07              1       2.21e-06  
   610         612      1.22383e-07              1       2.11e-06  
   611         613      1.21557e-07              1       2.63e-06  
   612         614      1.20729e-07              1       2.55e-06  
   613         615      1.19873e-07              1       2.56e-06  
   614         616         1.19e-07              1       2.89e-06  
   615         617      1.18097e-07              1       2.76e-06  
   616         618      1.17159e-07              1        2.8e-06  
   617         619      1.16144e-07              1        2.8e-06  
   618         620      1.15071e-07              1       2.78e-06  
   619         621      1.13954e-07              1       3.06e-06  
                                                        First-order 
 Iteration  Func-count       f(x)        Step-size       optimality
   620         622      1.12833e-07              1       3.02e-06  
   621         623      1.11694e-07              1        3.5e-06  
   622         624      1.10556e-07              1       2.73e-06  
   623         625      1.09414e-07              1       2.97e-06  
   624         626      1.08303e-07              1       2.74e-06  
   625         627      1.07203e-07              1       3.69e-06  
   626         628      1.06137e-07              1       3.42e-06  
   627         629      1.05073e-07              1       2.65e-06  
   628         630      1.04046e-07              1       2.56e-06  
   629         631      1.03014e-07              1       3.33e-06  
   630         632      1.02002e-07              1       3.18e-06  
   631         633      1.00978e-07              1       2.85e-06  
   632         634      9.99723e-08              1       3.28e-06  
   633         635      9.89583e-08              1       2.58e-06  
   634         636      9.79402e-08              1        2.8e-06  
   635         637      9.68871e-08              1       3.02e-06  
   636         638      9.58029e-08              1       3.01e-06  
   637         639      9.46596e-08              1       3.33e-06  
   638         640      9.34628e-08              1       3.77e-06  
   639         641      9.22164e-08              1       3.22e-06  
                                                        First-order 
 Iteration  Func-count       f(x)        Step-size       optimality
   640         642      9.09638e-08              1       3.51e-06  
   641         643      8.97179e-08              1       3.09e-06  
   642         644      8.85118e-08              1       4.32e-06  
   643         645       8.7281e-08              1       4.02e-06  
   644         646      8.60198e-08              1       3.66e-06  
   645         647      8.47076e-08              1        3.1e-06  
   646         648      8.34523e-08              1       3.24e-06  
   647         649       8.2082e-08              1       3.11e-06  
   648         650      8.07106e-08              1        3.8e-06  
   649         651      7.93231e-08              1       2.65e-06  
   650         652       7.7978e-08              1       3.48e-06  
   651         653      7.66777e-08              1       3.26e-06  
   652         654      7.54652e-08              1       2.98e-06  
   653         655      7.43088e-08              1       2.86e-06  
   654         656      7.31957e-08              1       3.09e-06  
   655         657      7.20911e-08              1       3.72e-06  
   656         658      7.10127e-08              1       3.39e-06  
   657         659      6.99304e-08              1       2.73e-06  
   658         660      6.88611e-08              1       3.68e-06  
   659         661      6.77564e-08              1       3.82e-06  
                                                        First-order 
 Iteration  Func-count       f(x)        Step-size       optimality
   660         662      6.66788e-08              1       2.45e-06  
   661         663      6.56333e-08              1       2.42e-06  
   662         664      6.45925e-08              1       2.85e-06  
   663         665      6.34894e-08              1        3.5e-06  
   664         666      6.23544e-08              1       3.65e-06  
   665         667      6.12473e-08              1       2.65e-06  
   666         668      6.02087e-08              1       2.76e-06  
   667         669      5.91935e-08              1        2.5e-06  
   668         670      5.81772e-08              1       2.86e-06  
   669         671      5.71577e-08              1       2.83e-06  
   670         672      5.61739e-08              1        2.5e-06  
   671         673       5.5202e-08              1       3.19e-06  
   672         674      5.42379e-08              1       2.78e-06  
   673         675      5.32711e-08              1       2.57e-06  
   674         676      5.23384e-08              1       2.82e-06  
   675         677      5.13988e-08              1       2.57e-06  
   676         678      5.04304e-08              1       2.38e-06  
   677         679      4.94186e-08              1       2.61e-06  
   678         680      4.84255e-08              1        2.4e-06  
   679         681      4.75059e-08              1        2.4e-06  
                                                        First-order 
 Iteration  Func-count       f(x)        Step-size       optimality
   680         682      4.66704e-08              1       2.54e-06  
   681         683      4.58716e-08              1       2.56e-06  
   682         684      4.50795e-08              1       2.72e-06  
   683         685      4.42991e-08              1       2.08e-06  
   684         686      4.35657e-08              1       1.98e-06  
   685         687      4.28837e-08              1       2.72e-06  
   686         688       4.2239e-08              1       2.43e-06  
   687         689      4.16001e-08              1       2.45e-06  
   688         690        4.098e-08              1       2.36e-06  
   689         691      4.03741e-08              1       1.92e-06  
   690         692      3.97845e-08              1       2.49e-06  
   691         693      3.92221e-08              1       2.13e-06  
   692         694      3.87062e-08              1       2.36e-06  
   693         695      3.82223e-08              1       1.75e-06  
   694         696       3.7741e-08              1       2.63e-06  
   695         697        3.724e-08              1       3.08e-06  
   696         698      3.67293e-08              1       2.24e-06  
   697         699      3.62244e-08              1       1.81e-06  
   698         700      3.57246e-08              1       1.78e-06  
   699         701      3.52139e-08              1       2.81e-06  
                                                        First-order 
 Iteration  Func-count       f(x)        Step-size       optimality
   700         702      3.46871e-08              1       2.96e-06  
   701         703      3.41498e-08              1       1.94e-06  
   702         704      3.36053e-08              1       2.07e-06  
   703         705      3.30502e-08              1       1.84e-06  
   704         706      3.25003e-08              1       2.24e-06  
   705         707      3.19835e-08              1       1.73e-06  
   706         708      3.15131e-08              1       1.83e-06  
   707         709      3.10625e-08              1       1.55e-06  
   708         710      3.06076e-08              1       2.08e-06  
   709         711      3.01555e-08              1       1.83e-06  
   710         712      2.97439e-08              1       1.49e-06  
   711         713      2.93558e-08              1       1.39e-06  
   712         714      2.89679e-08              1        1.8e-06  
   713         715      2.85624e-08              1       1.74e-06  
   714         716      2.81496e-08              1       1.76e-06  
   715         717      2.77408e-08              1       1.69e-06  
   716         718      2.73421e-08              1       1.59e-06  
   717         719      2.69557e-08              1       1.71e-06  
   718         720      2.65881e-08              1       1.52e-06  
   719         721      2.62416e-08              1       1.47e-06  
                                                        First-order 
 Iteration  Func-count       f(x)        Step-size       optimality
   720         722       2.5912e-08              1       1.44e-06  
   721         723      2.55956e-08              1       1.65e-06  
   722         724      2.52936e-08              1       1.38e-06  
   723         725      2.50035e-08              1       1.31e-06  
   724         726      2.47165e-08              1       1.36e-06  
   725         727       2.4427e-08              1       1.62e-06  
   726         728      2.41388e-08              1       1.82e-06  
   727         729      2.38564e-08              1       1.35e-06  
   728         730      2.35743e-08              1       1.44e-06  
   729         731       2.3284e-08              1       1.91e-06  
   730         732      2.29878e-08              1       1.79e-06  
   731         733      2.27003e-08              1        1.2e-06  
   732         734      2.24317e-08              1       1.25e-06  
   733         735      2.21811e-08              1       1.28e-06  
   734         736      2.19397e-08              1       1.48e-06  
   735         737      2.17095e-08              1       1.16e-06  
   736         738      2.14992e-08              1       1.01e-06  

Optimization completed: The <a href = "matlab: helpview([docroot '/toolbox/optim/msg_csh/optim_msg_csh.map'],'first_order_opt_unc','CSHelpWindow');">first-order optimality measure</a>, 9.843729e-07, is less 
than <a href = "matlab: helpview([docroot '/toolbox/optim/msg_csh/optim_msg_csh.map'],'tolfun','CSHelpWindow');">options.TolFun</a> = 1.000000e-06.

Optimization Metric                                            Options
relative norm(gradient) =   9.84e-07                  TolFun =   1e-06 (default)

