
Wait while particle positions are being optimized ...
Iteration #     Net Energy      Time (sec)     
0               56899.962407    0.1            
50              53514.540381    1.4            
100             53512.630138    2.7            
150             53511.173567    4.0            
200             53510.823673    5.4            
250             53510.724760    6.9            
300             53510.527725    8.3            
350             53510.505805    9.6            
400             53510.478598    11.2           
450             53510.458393    12.9           
500             53510.437674    14.6           
550             53510.406408    16.3           
600             53510.328134    18.0           
650             53510.233323    19.7           
700             53510.203218    21.3           
750             53510.198107    23.0           
776             53510.196973    23.9           
Optimization completed after 776 iterations. Elapsed time:  23.9 sec
                                                        First-order 
 Iteration  Func-count       f(x)        Step-size       optimality
     0           1          17.5771                         0.235
     1           2          6.87348              1          0.178  

fminunc stopped by the <a href = "matlab: helpview([docroot '/toolbox/optim/msg_csh/optim_msg_csh.map'],'output_function','CSHelpWindow');">output or plot function</a>.

mesh refined due to bad conformal factors, continue? Y/N [Y]: 

fminunc stopped by the <a href = "matlab: helpview([docroot '/toolbox/optim/msg_csh/optim_msg_csh.map'],'output_function','CSHelpWindow');">output or plot function</a>.

mesh refined due to bad conformal factors, continue? Y/N [Y]: 

fminunc stopped by the <a href = "matlab: helpview([docroot '/toolbox/optim/msg_csh/optim_msg_csh.map'],'output_function','CSHelpWindow');">output or plot function</a>.

mesh refined due to bad conformal factors, continue? Y/N [Y]: 

fminunc stopped by the <a href = "matlab: helpview([docroot '/toolbox/optim/msg_csh/optim_msg_csh.map'],'output_function','CSHelpWindow');">output or plot function</a>.

mesh refined due to bad conformal factors, continue? Y/N [Y]: 

fminunc stopped by the <a href = "matlab: helpview([docroot '/toolbox/optim/msg_csh/optim_msg_csh.map'],'output_function','CSHelpWindow');">output or plot function</a>.


fminunc stopped by the <a href = "matlab: helpview([docroot '/toolbox/optim/msg_csh/optim_msg_csh.map'],'output_function','CSHelpWindow');">output or plot function</a>.

                                                        First-order 
 Iteration  Func-count       f(x)        Step-size       optimality
     0           1          5.33629                         0.157
     1           2          2.38587              1          0.086  
     2           3          1.72653              1         0.0876  
     3           4           1.4938              1         0.0648  
     4           5          1.15906              1         0.0673  
     5           6          1.08837              1           0.04  
     6           7         0.986123              1         0.0355  
     7           8         0.941178              1         0.0314  
     8           9         0.892629              1         0.0338  
     9          10         0.845574              1         0.0306  
    10          11         0.820122              1          0.039  
    11          12           0.8064              1         0.0451  
    12          13         0.770892              1         0.0269  
    13          14         0.760947              1          0.015  
    14          15         0.744611              1         0.0136  
    15          16          0.73643              1         0.0167  
    16          17         0.729264              1         0.0183  
    17          18         0.719988              1         0.0345  
    18          20         0.714208       0.204704         0.0236  
    19          21         0.706766              1         0.0219  
                                                        First-order 
 Iteration  Func-count       f(x)        Step-size       optimality
    20          22         0.693744              1         0.0256  
    21          23         0.682976              1          0.026  
    22          24         0.671397              1         0.0197  
    23          25         0.658654              1         0.0668  
    24          27         0.646967       0.650615         0.0264  
    25          28         0.632767              1         0.0197  
    26          29          0.62481              1         0.0484  
    27          30         0.610794              1         0.0227  
    28          31         0.603496              1         0.0145  
    29          32         0.597563              1         0.0119  
    30          33         0.592343              1         0.0116  
    31          34         0.589648              1        0.00812  
    32          35         0.587294              1         0.0068  
    33          36         0.585512              1         0.0089  
    34          37         0.583984              1        0.00851  
    35          38         0.582625              1         0.0058  
    36          39         0.581769              1         0.0026  
    37          40          0.58109              1        0.00401  
    38          41         0.580536              1        0.00478  
    39          42         0.580195              1        0.00302  
                                                        First-order 
 Iteration  Func-count       f(x)        Step-size       optimality
    40          43         0.579783              1        0.00189  
    41          44          0.57965              1        0.00161  
    42          45          0.57946              1        0.00135  
    43          46          0.57936              1        0.00109  
    44          47         0.579272              1       0.000985  
    45          48         0.579205              1        0.00068  
    46          49         0.579164              1       0.000749  
    47          50         0.579132              1       0.000671  
    48          51         0.579109              1       0.000519  
    49          52         0.579094              1       0.000469  
    50          53         0.579083              1       0.000395  
    51          54         0.579075              1       0.000642  
    52          55         0.579066              1         0.0007  
    53          56          0.57906              1       0.000543  
    54          57         0.579055              1       0.000285  
    55          58         0.579052              1         0.0002  
    56          59          0.57905              1       0.000171  
    57          60         0.579048              1        0.00017  
    58          61         0.579047              1       0.000103  

Optimization completed: The <a href = "matlab: helpview([docroot '/toolbox/optim/msg_csh/optim_msg_csh.map'],'first_order_opt_unc','CSHelpWindow');">first-order optimality measure</a>, 8.863019e-05, is less 
than <a href = "matlab: helpview([docroot '/toolbox/optim/msg_csh/optim_msg_csh.map'],'tolfun','CSHelpWindow');">options.TolFun</a> = 1.000000e-04.

Optimization Metric                                            Options
relative norm(gradient) =   8.86e-05                  TolFun =   1e-04 (selected)

[Warning: Error creating or updating Patch
 Error in value of property  <a href="matlab:helpUtils.reference.showPropertyHelp('matlab.graphics.primitive.Patch','FaceVertexCData');")">FaceVertexCData</a>
 Number of colors must equal number of vertices] 
[> In <a href="matlab:matlab.internal.language.introspective.errorDocCallback('defaulterrorcallback', '/usr/local/MATLAB/R2015a/toolbox/matlab/graphics/defaulterrorcallback.m', 12)" style="font-weight:bold">defaulterrorcallback</a> (<a href="matlab: opentoline('/usr/local/MATLAB/R2015a/toolbox/matlab/graphics/defaulterrorcallback.m',12,0)">line 12</a>)
  In <a href="matlab:matlab.internal.language.introspective.errorDocCallback('main', '/home/ultimate/invspec/mcode/main.m', 202)" style="font-weight:bold">main</a> (<a href="matlab: opentoline('/home/ultimate/invspec/mcode/main.m',202,0)">line 202</a>)
  In <a href="matlab:matlab.internal.language.introspective.errorDocCallback('test_script', '/home/ultimate/invspec/mcode/test_script.m', 77)" style="font-weight:bold">test_script</a> (<a href="matlab: opentoline('/home/ultimate/invspec/mcode/test_script.m',77,0)">line 77</a>)] 
Continue optimization? Y/N [Y]: 
                                                        First-order 
 Iteration  Func-count       f(x)        Step-size       optimality
     0           1         0.305746                         0.147
     1           3         0.161202        2.08927          0.217  
     2           4         0.136863              1          0.152  
     3           6         0.110217            0.5          0.129  
     4           7        0.0946363              1         0.0476  
     5           8        0.0869854              1           0.08  
     6           9        0.0786558              1         0.0381  
     7          10        0.0666411              1         0.0449  
     8          11        0.0566122              1         0.0342  
     9          12        0.0448843              1         0.0498  
    10          13        0.0379863              1         0.0394  
    11          14        0.0294537              1          0.022  
    12          15        0.0237542              1         0.0187  
    13          16        0.0196859              1          0.017  
    14          17        0.0141919              1         0.0122  
    15          18        0.0119907              1         0.0124  
    16          19       0.00858343              1         0.0104  
    17          20       0.00687828              1        0.00814  
    18          21       0.00569504              1        0.00825  
    19          22       0.00475916              1        0.00794  
                                                        First-order 
 Iteration  Func-count       f(x)        Step-size       optimality
    20          23       0.00392398              1        0.00526  
    21          24       0.00339915              1        0.00354  
    22          25       0.00297159              1        0.00422  
    23          26       0.00255549              1        0.00549  
    24          27       0.00219528              1        0.00424  
    25          28       0.00190419              1        0.00313  
    26          29       0.00169742              1        0.00265  
    27          30       0.00152819              1        0.00239  
    28          31       0.00136688              1        0.00236  
    29          32       0.00121932              1        0.00242  
    30          33        0.0010977              1        0.00253  
    31          34      0.000991329              1        0.00205  
    32          35      0.000896569              1         0.0018  
    33          36      0.000810449              1        0.00215  
    34          37      0.000737793              1        0.00175  
    35          38      0.000674772              1         0.0017  
    36          39      0.000612159              1        0.00141  
    37          40      0.000552034              1        0.00145  
    38          41      0.000501628              1        0.00135  
    39          42      0.000459876              1        0.00132  
                                                        First-order 
 Iteration  Func-count       f(x)        Step-size       optimality
    40          43      0.000423925              1        0.00126  
    41          44      0.000393562              1       0.000921  
    42          45       0.00036818              1       0.000876  
    43          46       0.00034595              1       0.000849  
    44          47      0.000324729              1       0.000951  
    45          48      0.000303853              1       0.000769  
    46          49      0.000284497              1       0.000787  
    47          50      0.000267126              1       0.000715  
    48          51      0.000250975              1       0.000647  
    49          52      0.000235893              1       0.000586  
    50          53      0.000222382              1       0.000599  
    51          54      0.000210357              1        0.00049  
    52          55      0.000199089              1       0.000499  
    53          56       0.00018818              1       0.000472  
    54          57       0.00017815              1        0.00055  
    55          58      0.000169574              1       0.000409  
    56          59      0.000162147              1       0.000379  
    57          60       0.00015521              1       0.000355  
    58          61      0.000148496              1        0.00042  
    59          62      0.000142073              1        0.00033  
                                                        First-order 
 Iteration  Func-count       f(x)        Step-size       optimality
    60          63      0.000135962              1        0.00031  
    61          64      0.000130086              1       0.000421  
    62          65      0.000124487              1       0.000355  
    63          66      0.000119225              1       0.000308  
    64          67      0.000114187              1       0.000298  
    65          68      0.000109298              1       0.000354  
    66          69      0.000104696              1       0.000356  
    67          70        0.0001005              1       0.000295  
    68          71      9.66031e-05              1       0.000255  
    69          72      9.28287e-05              1       0.000372  
    70          73      8.92431e-05              1       0.000399  
    71          74      8.60805e-05              1       0.000268  
    72          75       8.3319e-05              1       0.000185  
    73          76      8.06374e-05              1       0.000252  
    74          77      7.77726e-05              1       0.000349  
    75          78      7.47995e-05              1       0.000275  
    76          79      7.19965e-05              1       0.000211  
    77          80      6.94819e-05              1       0.000186  
    78          81      6.71395e-05              1       0.000261  
    79          82      6.48428e-05              1       0.000282  
                                                        First-order 
 Iteration  Func-count       f(x)        Step-size       optimality
    80          83      6.25486e-05              1       0.000211  
    81          84      6.02417e-05              1       0.000204  
    82          85      5.79527e-05              1       0.000277  
    83          86      5.57791e-05              1        0.00027  
    84          87       5.3801e-05              1       0.000232  
    85          88      5.19706e-05              1       0.000177  
    86          89      5.01291e-05              1       0.000207  
    87          90      4.81928e-05              1       0.000238  
    88          91      4.62852e-05              1       0.000216  
    89          92      4.45691e-05              1       0.000166  
    90          93      4.30618e-05              1       0.000228  
    91          94      4.16772e-05              1       0.000256  
    92          95      4.03551e-05              1       0.000188  
    93          96      3.91099e-05              1       0.000123  
    94          97      3.79451e-05              1       0.000134  
    95          98      3.68142e-05              1       0.000194  
    96          99      3.56965e-05              1       0.000152  
    97         100       3.4627e-05              1        0.00013  
    98         101      3.36337e-05              1       0.000112  
    99         102      3.26958e-05              1       0.000177  
                                                        First-order 
 Iteration  Func-count       f(x)        Step-size       optimality
   100         103      3.18018e-05              1       0.000152  
   101         104      3.09758e-05              1       0.000122  
   102         105      3.02153e-05              1       0.000109  
   103         106      2.94648e-05              1       0.000163  
   104         107      2.87437e-05              1       0.000143  
   105         108      2.81178e-05              1       0.000126  
   106         109      2.75258e-05              1       0.000105  
   107         110       2.7035e-05              1       0.000133  
   108         111      2.65923e-05              1       0.000129  
   109         112      2.61688e-05              1       9.69e-05  
   110         113      2.57474e-05              1       0.000106  
   111         114      2.53364e-05              1       9.33e-05  
   112         115       2.4943e-05              1       0.000106  
   113         116       2.4578e-05              1       8.29e-05  
   114         117      2.42441e-05              1       8.36e-05  
   115         118      2.39276e-05              1       8.07e-05  
   116         119      2.36077e-05              1       8.91e-05  
   117         120      2.32751e-05              1       7.46e-05  
   118         121      2.29381e-05              1       8.36e-05  
   119         122      2.26057e-05              1       8.44e-05  
                                                        First-order 
 Iteration  Func-count       f(x)        Step-size       optimality
   120         123      2.22741e-05              1       0.000104  
   121         124      2.19363e-05              1       9.19e-05  
   122         125      2.15956e-05              1       6.68e-05  
   123         126      2.12596e-05              1       7.46e-05  
   124         127      2.09294e-05              1       9.02e-05  
   125         128      2.05996e-05              1       9.23e-05  
   126         129      2.02686e-05              1       8.96e-05  
   127         130      1.99358e-05              1       6.07e-05  
   128         131       1.9593e-05              1       7.49e-05  
   129         132      1.92285e-05              1       9.75e-05  
   130         133      1.88522e-05              1       9.08e-05  
   131         134      1.84925e-05              1       7.15e-05  
   132         135        1.817e-05              1        6.6e-05  
   133         136       1.7875e-05              1       8.58e-05  
   134         137      1.75973e-05              1       6.99e-05  
   135         138       1.7335e-05              1       6.73e-05  
   136         139      1.70957e-05              1       7.18e-05  
   137         140      1.68685e-05              1       6.32e-05  
   138         141      1.66424e-05              1       6.13e-05  
   139         142      1.64107e-05              1       6.15e-05  
                                                        First-order 
 Iteration  Func-count       f(x)        Step-size       optimality
   140         143      1.61799e-05              1       6.61e-05  
   141         144      1.59505e-05              1       7.26e-05  
   142         145      1.57259e-05              1       8.59e-05  
   143         146      1.55093e-05              1          6e-05  
   144         147      1.53073e-05              1        5.5e-05  
   145         148      1.51157e-05              1       6.58e-05  
   146         149      1.49305e-05              1       6.44e-05  
   147         150      1.47516e-05              1        5.3e-05  
   148         151      1.45828e-05              1        5.4e-05  
   149         152      1.44176e-05              1       6.29e-05  
   150         153      1.42472e-05              1       6.73e-05  
   151         154       1.4071e-05              1       6.56e-05  
   152         155      1.39037e-05              1       5.66e-05  
   153         156      1.37501e-05              1       4.42e-05  
   154         157      1.36028e-05              1        5.6e-05  
   155         158      1.34506e-05              1       6.19e-05  
   156         159      1.32995e-05              1       4.46e-05  
   157         160      1.31559e-05              1       4.11e-05  
   158         161      1.30177e-05              1       5.74e-05  
   159         162      1.28725e-05              1       6.16e-05  
                                                        First-order 
 Iteration  Func-count       f(x)        Step-size       optimality
   160         163      1.27196e-05              1       4.95e-05  
   161         164      1.25677e-05              1       4.74e-05  
   162         165      1.24253e-05              1       3.74e-05  
   163         166      1.22865e-05              1       5.43e-05  
   164         167      1.21483e-05              1       5.31e-05  
   165         168      1.20122e-05              1       5.63e-05  
   166         169      1.18816e-05              1       3.51e-05  
   167         170      1.17513e-05              1       5.49e-05  
   168         171      1.16187e-05              1       4.67e-05  
   169         172      1.14877e-05              1       5.42e-05  
   170         173      1.13663e-05              1       3.91e-05  
   171         174      1.12521e-05              1       5.58e-05  
   172         175      1.11396e-05              1       5.25e-05  
   173         176       1.1025e-05              1       5.33e-05  
   174         177      1.09124e-05              1       5.09e-05  
   175         178      1.08037e-05              1       4.91e-05  
   176         179      1.06988e-05              1       5.26e-05  
   177         180       1.0596e-05              1       4.17e-05  
   178         181      1.04978e-05              1        3.5e-05  
   179         182      1.04044e-05              1       3.94e-05  
                                                        First-order 
 Iteration  Func-count       f(x)        Step-size       optimality
   180         183      1.03151e-05              1       4.78e-05  
   181         184       1.0228e-05              1       3.72e-05  
   182         185      1.01446e-05              1        3.9e-05  
   183         186      1.00647e-05              1       3.28e-05  
   184         187      9.98804e-06              1       4.27e-05  
   185         188      9.91298e-06              1       3.94e-05  
   186         189      9.83953e-06              1       4.34e-05  
   187         190       9.7663e-06              1       3.23e-05  
   188         191      9.69137e-06              1       4.84e-05  
   189         192      9.61361e-06              1       4.13e-05  
   190         193      9.53592e-06              1       5.16e-05  
   191         194      9.46162e-06              1       4.51e-05  
   192         195      9.39212e-06              1       3.52e-05  
   193         196      9.32554e-06              1       3.16e-05  
   194         197      9.26083e-06              1       3.07e-05  
   195         198      9.19777e-06              1       3.29e-05  
   196         199      9.13642e-06              1       4.12e-05  
   197         200      9.07487e-06              1        4.2e-05  
   198         201      9.01234e-06              1       3.58e-05  
   199         202      8.94918e-06              1       4.14e-05  
                                                        First-order 
 Iteration  Func-count       f(x)        Step-size       optimality
   200         203      8.88827e-06              1       3.62e-05  
   201         204      8.83072e-06              1       4.17e-05  
   202         205       8.7761e-06              1       2.77e-05  
   203         206       8.7223e-06              1       3.03e-05  
   204         207      8.66859e-06              1       3.06e-05  
   205         208      8.61502e-06              1       4.16e-05  
   206         209      8.56319e-06              1       3.28e-05  
   207         210      8.51401e-06              1       3.05e-05  
   208         211      8.46727e-06              1       2.44e-05  
   209         212       8.4212e-06              1       2.96e-05  
   210         213      8.37438e-06              1       2.75e-05  
   211         214      8.32658e-06              1       2.92e-05  
   212         215      8.27944e-06              1       2.58e-05  
   213         216      8.23412e-06              1       3.06e-05  
   214         217      8.19075e-06              1       3.08e-05  
   215         218      8.14831e-06              1       2.81e-05  
   216         219      8.10699e-06              1       3.08e-05  
   217         220      8.06748e-06              1       2.36e-05  
   218         221      8.03089e-06              1       2.48e-05  
   219         222      7.99666e-06              1       2.22e-05  
                                                        First-order 
 Iteration  Func-count       f(x)        Step-size       optimality
   220         223      7.96429e-06              1       2.64e-05  
   221         224       7.9333e-06              1       2.11e-05  
   222         225      7.90372e-06              1       2.24e-05  
   223         226      7.87479e-06              1       2.06e-05  
   224         227      7.84595e-06              1        2.4e-05  
   225         228      7.81698e-06              1       2.09e-05  
   226         229       7.7882e-06              1       1.92e-05  
   227         230      7.75937e-06              1        1.9e-05  
   228         231      7.73017e-06              1       1.83e-05  
   229         232      7.70075e-06              1       1.97e-05  
   230         233        7.672e-06              1       2.17e-05  
   231         234      7.64413e-06              1       1.77e-05  
   232         235      7.61637e-06              1       1.86e-05  
   233         236      7.58766e-06              1       1.91e-05  
   234         237      7.55803e-06              1       2.37e-05  
   235         238      7.52784e-06              1       2.34e-05  
   236         239       7.4973e-06              1       2.19e-05  
   237         240      7.46627e-06              1       1.98e-05  
   238         241      7.43577e-06              1       2.34e-05  
   239         242      7.40694e-06              1          2e-05  
                                                        First-order 
 Iteration  Func-count       f(x)        Step-size       optimality
   240         243      7.38029e-06              1       2.19e-05  
   241         244        7.355e-06              1       1.89e-05  
   242         245      7.33092e-06              1       1.79e-05  
   243         246      7.30825e-06              1       1.68e-05  
   244         247      7.28706e-06              1       1.92e-05  
   245         248      7.26656e-06              1       1.69e-05  
   246         249      7.24648e-06              1       1.74e-05  
   247         250        7.227e-06              1       1.77e-05  
   248         251      7.20833e-06              1       1.37e-05  
   249         252      7.18984e-06              1       1.46e-05  
   250         253      7.17125e-06              1       1.52e-05  
   251         254       7.1529e-06              1       1.66e-05  
   252         255      7.13534e-06              1        1.5e-05  
   253         256      7.11828e-06              1       1.62e-05  
   254         257      7.10132e-06              1       1.78e-05  
   255         258      7.08461e-06              1       1.75e-05  
   256         259      7.06864e-06              1       1.65e-05  
   257         260      7.05303e-06              1        1.6e-05  
   258         261      7.03716e-06              1       1.61e-05  
   259         262      7.02111e-06              1       1.66e-05  
                                                        First-order 
 Iteration  Func-count       f(x)        Step-size       optimality
   260         263      7.00574e-06              1       1.53e-05  
   261         264      6.99118e-06              1       1.67e-05  
   262         265      6.97663e-06              1       1.68e-05  
   263         266      6.96144e-06              1       2.16e-05  
   264         267      6.94594e-06              1       1.56e-05  
   265         268      6.93048e-06              1       1.94e-05  
   266         269      6.91475e-06              1          2e-05  
   267         270      6.89835e-06              1       2.29e-05  
   268         271       6.8819e-06              1       2.15e-05  
   269         272      6.86612e-06              1       2.11e-05  
   270         273      6.85089e-06              1       2.08e-05  
   271         274      6.83536e-06              1       1.91e-05  
   272         275      6.81975e-06              1       1.97e-05  
   273         276      6.80502e-06              1       1.44e-05  
   274         277       6.7917e-06              1        1.3e-05  
   275         278      6.77917e-06              1       1.68e-05  
   276         279      6.76729e-06              1        1.9e-05  
   277         280      6.75643e-06              1       1.65e-05  
   278         281       6.7466e-06              1       1.27e-05  
   279         282      6.73699e-06              1       1.67e-05  
                                                        First-order 
 Iteration  Func-count       f(x)        Step-size       optimality
   280         283       6.7272e-06              1       2.08e-05  
   281         284      6.71778e-06              1       1.46e-05  
   282         285      6.70926e-06              1       9.08e-06  
   283         286      6.70117e-06              1       1.24e-05  
   284         287      6.69283e-06              1          2e-05  
   285         288      6.68431e-06              1       1.71e-05  
   286         289      6.67629e-06              1       1.31e-05  
   287         290      6.66886e-06              1       9.19e-06  
   288         291      6.66144e-06              1       1.76e-05  
   289         292      6.65362e-06              1       1.86e-05  
   290         293      6.64559e-06              1       1.38e-05  
   291         294      6.63751e-06              1       1.25e-05  
   292         295      6.62924e-06              1       1.63e-05  
   293         296       6.6208e-06              1       2.01e-05  
   294         297      6.61269e-06              1       1.36e-05  
   295         298      6.60526e-06              1       1.25e-05  
   296         299      6.59813e-06              1       1.26e-05  
   297         300      6.59075e-06              1       1.95e-05  
   298         301      6.58314e-06              1       1.63e-05  
   299         302      6.57575e-06              1       1.13e-05  
                                                        First-order 
 Iteration  Func-count       f(x)        Step-size       optimality
   300         303      6.56861e-06              1       9.98e-06  
   301         304      6.56132e-06              1       1.78e-05  
   302         305      6.55384e-06              1       1.83e-05  
   303         306       6.5467e-06              1       1.36e-05  
   304         307       6.5403e-06              1       1.02e-05  
   305         308      6.53427e-06              1        1.4e-05  
   306         309      6.52811e-06              1       1.63e-05  
   307         310      6.52184e-06              1       1.16e-05  
   308         311       6.5159e-06              1       9.91e-06  
   309         312      6.51046e-06              1        1.1e-05  
   310         313      6.50529e-06              1       1.52e-05  
   311         314      6.50008e-06              1       1.39e-05  
   312         315      6.49484e-06              1       1.43e-05  
   313         316      6.48962e-06              1       9.83e-06  
   314         317      6.48441e-06              1       1.51e-05  
   315         318      6.47915e-06              1       1.28e-05  
   316         319      6.47397e-06              1       1.34e-05  
   317         320      6.46905e-06              1       1.03e-05  
   318         321      6.46442e-06              1       1.41e-05  
   319         322      6.45987e-06              1       1.35e-05  
                                                        First-order 
 Iteration  Func-count       f(x)        Step-size       optimality
   320         323      6.45525e-06              1       1.32e-05  
   321         324      6.45055e-06              1       1.17e-05  
   322         325      6.44591e-06              1       1.24e-05  
   323         326      6.44138e-06              1        1.4e-05  
   324         327      6.43685e-06              1       1.01e-05  
   325         328      6.43218e-06              1       1.09e-05  
   326         329       6.4274e-06              1          1e-05  
   327         330      6.42267e-06              1       1.34e-05  
   328         331      6.41809e-06              1       9.34e-06  
   329         332      6.41359e-06              1       1.03e-05  
   330         333      6.40913e-06              1       9.13e-06  
   331         334      6.40471e-06              1       1.39e-05  
   332         335      6.40032e-06              1       1.19e-05  
   333         336      6.39581e-06              1       1.12e-05  
   334         337      6.39111e-06              1       1.05e-05  
   335         338      6.38634e-06              1       1.32e-05  
   336         339      6.38169e-06              1       1.34e-05  
   337         340      6.37713e-06              1       1.26e-05  
   338         341      6.37251e-06              1       1.17e-05  
   339         342      6.36783e-06              1       1.21e-05  
                                                        First-order 
 Iteration  Func-count       f(x)        Step-size       optimality
   340         343      6.36326e-06              1       1.13e-05  
   341         344      6.35885e-06              1       1.03e-05  
   342         345      6.35437e-06              1       1.22e-05  
   343         346       6.3497e-06              1       1.08e-05  
   344         347      6.34494e-06              1       1.33e-05  
   345         348       6.3403e-06              1       9.95e-06  
   346         349      6.33578e-06              1       1.25e-05  
   347         350      6.33135e-06              1        1.1e-05  
   348         351      6.32712e-06              1       1.27e-05  
   349         352      6.32318e-06              1       9.63e-06  
   350         353       6.3193e-06              1       8.39e-06  
   351         354      6.31511e-06              1       9.42e-06  
   352         355      6.31059e-06              1       1.23e-05  
   353         356      6.30611e-06              1       1.14e-05  
   354         357      6.30181e-06              1       7.86e-06  
   355         358      6.29742e-06              1       8.48e-06  
   356         359       6.2927e-06              1       1.31e-05  
   357         360      6.28782e-06              1       1.41e-05  
   358         361      6.28312e-06              1       8.24e-06  
   359         362       6.2786e-06              1       9.37e-06  
                                                        First-order 
 Iteration  Func-count       f(x)        Step-size       optimality
   360         363      6.27404e-06              1       1.04e-05  
   361         364      6.26942e-06              1       1.33e-05  
   362         365      6.26492e-06              1       9.37e-06  
   363         366      6.26046e-06              1       8.17e-06  
   364         367      6.25573e-06              1       1.03e-05  
   365         368      6.25065e-06              1       1.38e-05  
   366         369      6.24547e-06              1       1.14e-05  
   367         370      6.24039e-06              1        8.1e-06  
   368         371      6.23525e-06              1       8.24e-06  
   369         372      6.22985e-06              1       1.38e-05  
   370         373      6.22431e-06              1       1.38e-05  
   371         374      6.21878e-06              1       6.76e-06  
   372         375      6.21317e-06              1       9.09e-06  
   373         376      6.20729e-06              1       1.33e-05  
   374         377      6.20138e-06              1       1.54e-05  
   375         378      6.19567e-06              1       1.05e-05  
   376         379      6.19008e-06              1       8.76e-06  
   377         380      6.18386e-06              1        1.1e-05  
   378         381      6.17698e-06              1       1.62e-05  
   379         382      6.17001e-06              1       1.22e-05  
                                                        First-order 
 Iteration  Func-count       f(x)        Step-size       optimality
   380         383      6.16346e-06              1       8.68e-06  
   381         384      6.15679e-06              1       1.07e-05  
   382         385      6.14979e-06              1       1.59e-05  
   383         386      6.14271e-06              1       1.36e-05  
   384         387      6.13612e-06              1       8.44e-06  
   385         388      6.12968e-06              1       1.01e-05  
   386         389      6.12295e-06              1        1.5e-05  
   387         390      6.11588e-06              1       1.51e-05  
   388         391      6.10921e-06              1       8.76e-06  
   389         392      6.10296e-06              1       7.37e-06  
   390         393      6.09678e-06              1       1.49e-05  
   391         394      6.09026e-06              1       1.62e-05  
   392         395      6.08416e-06              1       8.46e-06  
   393         396      6.07862e-06              1       7.82e-06  
   394         397       6.0733e-06              1       1.23e-05  
   395         398      6.06775e-06              1       1.49e-05  
   396         399      6.06231e-06              1       9.91e-06  
   397         400      6.05723e-06              1       7.53e-06  
   398         401      6.05232e-06              1       1.05e-05  
   399         402      6.04711e-06              1        1.4e-05  
                                                        First-order 
 Iteration  Func-count       f(x)        Step-size       optimality
   400         403       6.0417e-06              1       1.24e-05  
   401         404      6.03645e-06              1       7.51e-06  
   402         405      6.03141e-06              1       9.27e-06  
   403         406      6.02631e-06              1       1.45e-05  
   404         407      6.02124e-06              1       1.26e-05  
   405         408      6.01659e-06              1       8.76e-06  
   406         409      6.01238e-06              1        7.3e-06  
   407         410      6.00815e-06              1       1.28e-05  
   408         411      6.00373e-06              1       1.31e-05  
   409         412      5.99939e-06              1       8.07e-06  
   410         413      5.99546e-06              1       7.41e-06  
   411         414      5.99161e-06              1       1.13e-05  
   412         415      5.98752e-06              1       1.27e-05  
   413         416      5.98337e-06              1       8.52e-06  
   414         417      5.97961e-06              1       6.92e-06  
   415         418      5.97614e-06              1       8.91e-06  
   416         419       5.9726e-06              1       1.16e-05  
   417         420      5.96887e-06              1       9.63e-06  
   418         421      5.96519e-06              1       6.39e-06  
   419         422      5.96163e-06              1       7.61e-06  
                                                        First-order 
 Iteration  Func-count       f(x)        Step-size       optimality
   420         423      5.95799e-06              1       1.15e-05  
   421         424      5.95414e-06              1       9.75e-06  
   422         425      5.95031e-06              1        8.8e-06  
   423         426      5.94668e-06              1       6.49e-06  
   424         427      5.94314e-06              1       1.06e-05  
   425         428       5.9395e-06              1       9.82e-06  
   426         429      5.93581e-06              1       8.19e-06  
   427         430      5.93225e-06              1       7.47e-06  
   428         431      5.92876e-06              1       1.15e-05  
   429         432      5.92514e-06              1       1.24e-05  
   430         433      5.92137e-06              1       8.74e-06  
   431         434       5.9176e-06              1       7.32e-06  
   432         435      5.91391e-06              1       9.32e-06  
   433         436      5.91017e-06              1       1.28e-05  
   434         437      5.90639e-06              1       9.66e-06  
   435         438      5.90268e-06              1       7.73e-06  
   436         439      5.89905e-06              1       7.78e-06  
   437         440      5.89534e-06              1       1.07e-05  
   438         441      5.89159e-06              1       9.02e-06  
   439         442      5.88806e-06              1       8.42e-06  
                                                        First-order 
 Iteration  Func-count       f(x)        Step-size       optimality
   440         443      5.88486e-06              1       6.54e-06  
   441         444      5.88167e-06              1       9.65e-06  
   442         445      5.87819e-06              1       9.18e-06  
   443         446      5.87452e-06              1       7.62e-06  
   444         447      5.87094e-06              1       6.69e-06  
   445         448      5.86741e-06              1       1.06e-05  
   446         449      5.86372e-06              1       1.13e-05  
   447         450      5.85993e-06              1       7.91e-06  
   448         451      5.85632e-06              1       7.22e-06  
   449         452      5.85289e-06              1       9.22e-06  
   450         453      5.84929e-06              1       1.21e-05  
   451         454      5.84537e-06              1       9.05e-06  
   452         455      5.84144e-06              1       7.78e-06  
   453         456       5.8378e-06              1       6.73e-06  
   454         457      5.83425e-06              1       1.11e-05  
   455         458      5.83051e-06              1       9.96e-06  
   456         459      5.82671e-06              1       7.32e-06  
   457         460      5.82313e-06              1       7.25e-06  
   458         461       5.8197e-06              1       1.04e-05  
   459         462      5.81605e-06              1       1.12e-05  
                                                        First-order 
 Iteration  Func-count       f(x)        Step-size       optimality
   460         463      5.81214e-06              1       8.47e-06  
   461         464      5.80841e-06              1       6.46e-06  
   462         465      5.80511e-06              1       8.23e-06  
   463         466      5.80205e-06              1       1.06e-05  
   464         467      5.79889e-06              1       7.63e-06  
   465         468      5.79567e-06              1       7.58e-06  
   466         469      5.79249e-06              1       6.26e-06  
   467         470      5.78932e-06              1        9.9e-06  
   468         471      5.78596e-06              1       8.66e-06  
   469         472      5.78248e-06              1        7.5e-06  
   470         473      5.77904e-06              1       6.06e-06  
   471         474      5.77551e-06              1       8.45e-06  
   472         475      5.77168e-06              1       8.73e-06  
   473         476      5.76768e-06              1       8.31e-06  
   474         477      5.76396e-06              1       5.49e-06  
   475         478       5.7606e-06              1       6.63e-06  
   476         479       5.7573e-06              1       7.64e-06  
   477         480      5.75387e-06              1       8.32e-06  
   478         481      5.75048e-06              1       7.39e-06  
   479         482      5.74722e-06              1       7.78e-06  
                                                        First-order 
 Iteration  Func-count       f(x)        Step-size       optimality
   480         483      5.74386e-06              1       9.72e-06  
   481         484      5.74021e-06              1       9.45e-06  
   482         485       5.7365e-06              1       8.52e-06  
   483         486      5.73302e-06              1       6.61e-06  
   484         487      5.72972e-06              1       8.84e-06  
   485         488      5.72631e-06              1       8.49e-06  
   486         489      5.72279e-06              1        7.5e-06  
   487         490      5.71944e-06              1       6.74e-06  
   488         491      5.71632e-06              1       7.83e-06  
   489         492      5.71321e-06              1       8.47e-06  
   490         493      5.71001e-06              1       7.57e-06  
   491         494      5.70688e-06              1       6.89e-06  
   492         495      5.70387e-06              1        6.9e-06  
   493         496      5.70082e-06              1       8.57e-06  
   494         497       5.6976e-06              1       8.85e-06  
   495         498      5.69443e-06              1       6.56e-06  
   496         499      5.69151e-06              1       5.41e-06  
   497         500      5.68878e-06              1       7.59e-06  
   498         501        5.686e-06              1       8.52e-06  
   499         502      5.68333e-06              1       6.74e-06  
                                                        First-order 
 Iteration  Func-count       f(x)        Step-size       optimality
   500         503      5.68096e-06              1       6.25e-06  
   501         504      5.67883e-06              1       6.01e-06  
   502         505      5.67667e-06              1       7.94e-06  
   503         506      5.67449e-06              1       6.37e-06  
   504         507      5.67244e-06              1       4.54e-06  
   505         508      5.67053e-06              1       4.46e-06  
   506         509      5.66865e-06              1       7.36e-06  
   507         510      5.66678e-06              1       7.36e-06  
   508         511      5.66507e-06              1       4.16e-06  
   509         512      5.66355e-06              1        3.9e-06  
   510         513      5.66207e-06              1       5.49e-06  
   511         514      5.66052e-06              1       6.91e-06  
   512         515      5.65898e-06              1       4.51e-06  
   513         516      5.65756e-06              1       3.39e-06  
   514         517      5.65624e-06              1       5.12e-06  
   515         518      5.65492e-06              1       7.43e-06  
   516         519      5.65366e-06              1       6.01e-06  
   517         520      5.65255e-06              1       3.38e-06  
   518         521      5.65156e-06              1       3.04e-06  
   519         522      5.65061e-06              1       6.02e-06  
                                                        First-order 
 Iteration  Func-count       f(x)        Step-size       optimality
   520         523      5.64968e-06              1       5.92e-06  
   521         524      5.64876e-06              1       3.49e-06  
   522         525      5.64785e-06              1       3.32e-06  
   523         526       5.6469e-06              1       5.13e-06  
   524         527      5.64593e-06              1       6.05e-06  
   525         528      5.64504e-06              1       3.67e-06  
   526         529      5.64424e-06              1       3.13e-06  
   527         530      5.64345e-06              1       4.37e-06  
   528         531      5.64262e-06              1       6.15e-06  
   529         532      5.64181e-06              1       4.77e-06  
   530         533      5.64106e-06              1       2.53e-06  
   531         534      5.64031e-06              1       3.24e-06  
   532         535       5.6395e-06              1       6.14e-06  
   533         536      5.63866e-06              1       6.08e-06  
   534         537      5.63788e-06              1       3.06e-06  
   535         538      5.63713e-06              1       2.44e-06  
   536         539      5.63636e-06              1       4.72e-06  
   537         540      5.63554e-06              1       5.79e-06  
   538         541      5.63477e-06              1       3.64e-06  
   539         542      5.63408e-06              1       2.75e-06  
                                                        First-order 
 Iteration  Func-count       f(x)        Step-size       optimality
   540         543      5.63341e-06              1       3.85e-06  
   541         544       5.6327e-06              1       5.54e-06  
   542         545      5.63195e-06              1       4.34e-06  
   543         546      5.63122e-06              1       3.51e-06  
   544         547       5.6305e-06              1       3.61e-06  
   545         548      5.62974e-06              1       5.58e-06  
   546         549      5.62898e-06              1       5.27e-06  
   547         550      5.62825e-06              1       2.79e-06  
   548         551      5.62755e-06              1       2.71e-06  
   549         552      5.62684e-06              1        4.4e-06  
   550         553      5.62613e-06              1       4.86e-06  
   551         554      5.62546e-06              1       3.19e-06  
   552         555      5.62482e-06              1        2.3e-06  
   553         556      5.62417e-06              1       3.97e-06  
   554         557      5.62347e-06              1       5.19e-06  
   555         558      5.62275e-06              1       3.75e-06  
   556         559      5.62208e-06              1       3.08e-06  
   557         560      5.62142e-06              1       2.91e-06  
   558         561      5.62072e-06              1       4.84e-06  
   559         562      5.61996e-06              1        4.4e-06  
                                                        First-order 
 Iteration  Func-count       f(x)        Step-size       optimality
   560         563      5.61916e-06              1       3.73e-06  
   561         564      5.61838e-06              1       3.47e-06  
   562         565      5.61762e-06              1       4.06e-06  
   563         566       5.6169e-06              1       4.06e-06  
   564         567      5.61621e-06              1       2.68e-06  
   565         568      5.61553e-06              1       2.62e-06  
   566         569      5.61485e-06              1       3.44e-06  
   567         570      5.61417e-06              1        3.8e-06  
   568         571       5.6135e-06              1       4.57e-06  
   569         572      5.61285e-06              1       3.43e-06  
   570         573       5.6122e-06              1          3e-06  
   571         574      5.61153e-06              1       3.54e-06  
   572         575      5.61087e-06              1       3.85e-06  
   573         576       5.6102e-06              1       3.71e-06  
   574         577      5.60952e-06              1       3.45e-06  
   575         578      5.60883e-06              1        4.4e-06  
   576         579      5.60816e-06              1       3.48e-06  
   577         580      5.60751e-06              1       4.06e-06  
   578         581      5.60687e-06              1       2.69e-06  
   579         582      5.60625e-06              1        4.1e-06  
                                                        First-order 
 Iteration  Func-count       f(x)        Step-size       optimality
   580         583      5.60565e-06              1       3.41e-06  
   581         584       5.6051e-06              1       3.63e-06  
   582         585      5.60457e-06              1       2.74e-06  
   583         586      5.60405e-06              1       2.88e-06  
   584         587      5.60354e-06              1       2.49e-06  
   585         588      5.60302e-06              1        3.5e-06  
   586         589      5.60249e-06              1       3.35e-06  
   587         590      5.60195e-06              1       3.62e-06  
   588         591      5.60141e-06              1       3.26e-06  
   589         592      5.60088e-06              1       2.99e-06  
   590         593      5.60035e-06              1       3.28e-06  
   591         594       5.5998e-06              1       3.79e-06  
   592         595      5.59924e-06              1       3.81e-06  
   593         596      5.59869e-06              1       2.46e-06  
   594         597      5.59815e-06              1       3.38e-06  
   595         598      5.59758e-06              1       3.99e-06  
   596         599        5.597e-06              1       4.56e-06  
   597         600      5.59646e-06              1       2.64e-06  
   598         601      5.59596e-06              1       3.18e-06  
   599         602      5.59545e-06              1       3.74e-06  
                                                        First-order 
 Iteration  Func-count       f(x)        Step-size       optimality
   600         603      5.59493e-06              1       5.14e-06  
   601         604      5.59441e-06              1       4.04e-06  
   602         605      5.59391e-06              1       2.37e-06  
   603         606      5.59342e-06              1       2.68e-06  
   604         607      5.59293e-06              1       4.17e-06  
   605         608      5.59243e-06              1       3.75e-06  
   606         609      5.59198e-06              1       2.27e-06  
   607         610      5.59158e-06              1       2.01e-06  
   608         611      5.59117e-06              1       3.85e-06  
   609         612      5.59076e-06              1       3.82e-06  
   610         613      5.59035e-06              1          2e-06  
   611         614      5.58995e-06              1       2.12e-06  
   612         615      5.58955e-06              1       4.05e-06  
   613         616      5.58913e-06              1       4.69e-06  
   614         617      5.58873e-06              1       2.98e-06  
   615         618      5.58834e-06              1       2.12e-06  
   616         619      5.58796e-06              1       2.96e-06  
   617         620      5.58756e-06              1       4.22e-06  
   618         621      5.58716e-06              1       3.14e-06  
   619         622      5.58676e-06              1       1.86e-06  
                                                        First-order 
 Iteration  Func-count       f(x)        Step-size       optimality
   620         623      5.58637e-06              1       2.82e-06  
   621         624      5.58598e-06              1       4.59e-06  
   622         625      5.58558e-06              1       3.98e-06  
   623         626      5.58521e-06              1       1.77e-06  
   624         627      5.58485e-06              1          2e-06  
   625         628       5.5845e-06              1       4.27e-06  
   626         629      5.58415e-06              1       4.32e-06  
   627         630      5.58383e-06              1       2.08e-06  
   628         631      5.58353e-06              1          2e-06  
   629         632      5.58324e-06              1       3.75e-06  
   630         633      5.58291e-06              1       4.68e-06  
   631         634      5.58256e-06              1       3.23e-06  
   632         635      5.58223e-06              1       1.98e-06  
   633         636      5.58189e-06              1       3.08e-06  
   634         637      5.58154e-06              1        4.8e-06  
   635         638      5.58118e-06              1       4.16e-06  
   636         639      5.58081e-06              1       1.71e-06  
   637         640      5.58045e-06              1       1.96e-06  
   638         641      5.58009e-06              1       4.25e-06  
   639         642      5.57972e-06              1       4.22e-06  
                                                        First-order 
 Iteration  Func-count       f(x)        Step-size       optimality
   640         643      5.57937e-06              1       1.94e-06  
   641         644      5.57902e-06              1       1.82e-06  
   642         645      5.57864e-06              1       4.17e-06  
   643         646      5.57825e-06              1       4.92e-06  
   644         647      5.57787e-06              1       3.09e-06  
   645         648      5.57751e-06              1       2.06e-06  
   646         649      5.57714e-06              1       3.46e-06  
   647         650      5.57675e-06              1       5.05e-06  
   648         651      5.57635e-06              1       4.07e-06  
   649         652      5.57598e-06              1       1.94e-06  
   650         653      5.57563e-06              1       2.28e-06  
   651         654      5.57526e-06              1       4.43e-06  
   652         655      5.57488e-06              1       4.29e-06  
   653         656      5.57452e-06              1          2e-06  
   654         657      5.57416e-06              1       2.12e-06  
   655         658       5.5738e-06              1       3.77e-06  
   656         659      5.57343e-06              1       4.24e-06  
   657         660      5.57306e-06              1       2.38e-06  
   658         661       5.5727e-06              1       2.01e-06  
   659         662      5.57233e-06              1       3.58e-06  
                                                        First-order 
 Iteration  Func-count       f(x)        Step-size       optimality
   660         663      5.57195e-06              1       4.69e-06  
   661         664      5.57158e-06              1       3.41e-06  
   662         665      5.57124e-06              1       2.22e-06  
   663         666      5.57092e-06              1       2.36e-06  
   664         667      5.57062e-06              1       3.83e-06  
   665         668      5.57032e-06              1       3.16e-06  
   666         669      5.57004e-06              1       2.03e-06  
   667         670      5.56976e-06              1       1.86e-06  
   668         671      5.56947e-06              1       3.49e-06  
   669         672      5.56915e-06              1       3.27e-06  
   670         673      5.56884e-06              1       2.02e-06  
   671         674      5.56854e-06              1       2.04e-06  
   672         675      5.56824e-06              1       3.36e-06  
   673         676      5.56793e-06              1       3.46e-06  
   674         677      5.56761e-06              1       2.31e-06  
   675         678       5.5673e-06              1       2.35e-06  
   676         679      5.56699e-06              1       3.15e-06  
   677         680      5.56668e-06              1       3.59e-06  
   678         681      5.56639e-06              1       2.14e-06  
   679         682       5.5661e-06              1       2.68e-06  
                                                        First-order 
 Iteration  Func-count       f(x)        Step-size       optimality
   680         683      5.56582e-06              1       2.79e-06  
   681         684      5.56553e-06              1       3.62e-06  
   682         685      5.56524e-06              1       2.48e-06  
   683         686      5.56495e-06              1       2.19e-06  
   684         687      5.56466e-06              1        2.7e-06  
   685         688      5.56437e-06              1       4.08e-06  
   686         689      5.56408e-06              1       3.46e-06  
   687         690      5.56378e-06              1       2.39e-06  
   688         691      5.56349e-06              1       2.17e-06  
   689         692       5.5632e-06              1        3.6e-06  
   690         693       5.5629e-06              1       3.58e-06  
   691         694      5.56261e-06              1       1.92e-06  
   692         695      5.56233e-06              1       2.31e-06  
   693         696      5.56203e-06              1       3.49e-06  
   694         697      5.56174e-06              1       4.04e-06  
   695         698      5.56148e-06              1       2.56e-06  
   696         699      5.56123e-06              1       2.11e-06  
   697         700      5.56099e-06              1       2.32e-06  
   698         701      5.56074e-06              1       3.23e-06  
   699         702      5.56052e-06              1       2.12e-06  
                                                        First-order 
 Iteration  Func-count       f(x)        Step-size       optimality
   700         703      5.56033e-06              1       1.66e-06  
   701         704      5.56014e-06              1       2.46e-06  
   702         705      5.55994e-06              1       3.61e-06  
   703         706      5.55972e-06              1       2.91e-06  
   704         707      5.55951e-06              1       1.69e-06  
   705         708      5.55929e-06              1       1.88e-06  
   706         709      5.55906e-06              1        3.6e-06  
   707         710      5.55883e-06              1       3.44e-06  
   708         711      5.55862e-06              1       1.52e-06  
   709         712      5.55843e-06              1       1.31e-06  
   710         713      5.55823e-06              1          3e-06  
   711         714      5.55801e-06              1       3.48e-06  
   712         715       5.5578e-06              1       2.06e-06  
   713         716      5.55762e-06              1       1.35e-06  
   714         717      5.55742e-06              1       2.65e-06  
   715         718      5.55721e-06              1       3.84e-06  
   716         719      5.55698e-06              1       3.21e-06  
   717         720      5.55675e-06              1       1.54e-06  
   718         721      5.55654e-06              1       1.41e-06  
   719         722      5.55633e-06              1       2.95e-06  
                                                        First-order 
 Iteration  Func-count       f(x)        Step-size       optimality
   720         723      5.55612e-06              1       2.79e-06  
   721         724      5.55592e-06              1       1.64e-06  
   722         725      5.55573e-06              1       1.33e-06  
   723         726      5.55555e-06              1       3.08e-06  
   724         727      5.55536e-06              1        3.4e-06  
   725         728      5.55517e-06              1       2.06e-06  
   726         729        5.555e-06              1       1.45e-06  
   727         730      5.55483e-06              1       2.19e-06  
   728         731      5.55465e-06              1       3.09e-06  
   729         732      5.55447e-06              1       2.41e-06  
   730         733      5.55431e-06              1       1.42e-06  
   731         734      5.55416e-06              1       1.25e-06  
   732         735      5.55402e-06              1       2.27e-06  
   733         736      5.55386e-06              1       1.97e-06  
   734         737      5.55371e-06              1        1.4e-06  
   735         738      5.55356e-06              1        1.6e-06  
   736         739      5.55341e-06              1       2.62e-06  
   737         740      5.55326e-06              1       2.67e-06  
   738         741      5.55312e-06              1       1.73e-06  
   739         742      5.55297e-06              1       1.24e-06  
                                                        First-order 
 Iteration  Func-count       f(x)        Step-size       optimality
   740         743      5.55283e-06              1       1.89e-06  
   741         744      5.55267e-06              1       2.36e-06  
   742         745      5.55252e-06              1       1.75e-06  
   743         746      5.55238e-06              1       1.36e-06  
   744         747      5.55225e-06              1       1.38e-06  
   745         748      5.55211e-06              1       1.97e-06  
   746         749      5.55198e-06              1       1.95e-06  
   747         750      5.55184e-06              1       1.89e-06  
   748         751      5.55172e-06              1       1.22e-06  
   749         752      5.55159e-06              1       1.68e-06  
   750         753      5.55147e-06              1       1.69e-06  
   751         754      5.55135e-06              1          2e-06  
   752         755      5.55123e-06              1        1.3e-06  
   753         756      5.55112e-06              1       1.24e-06  
   754         757      5.55102e-06              1       1.36e-06  
   755         758      5.55091e-06              1       2.04e-06  
   756         759      5.55081e-06              1       1.73e-06  
   757         760      5.55071e-06              1       1.15e-06  
   758         761      5.55062e-06              1       1.02e-06  

Optimization completed: The <a href = "matlab: helpview([docroot '/toolbox/optim/msg_csh/optim_msg_csh.map'],'first_order_opt_unc','CSHelpWindow');">first-order optimality measure</a>, 8.900350e-07, is less 
than <a href = "matlab: helpview([docroot '/toolbox/optim/msg_csh/optim_msg_csh.map'],'tolfun','CSHelpWindow');">options.TolFun</a> = 1.000000e-06.

Optimization Metric                                            Options
relative norm(gradient) =   8.90e-07                  TolFun =   1e-06 (selected)

                                                        First-order 
 Iteration  Func-count       f(x)        Step-size       optimality
     0           1          17.5771                         0.235
     1           2          6.87348              1          0.178  

fminunc stopped by the <a href = "matlab: helpview([docroot '/toolbox/optim/msg_csh/optim_msg_csh.map'],'output_function','CSHelpWindow');">output or plot function</a>.

mesh refined due to bad conformal factors, continue? Y/N [Y]: 
[Warning: Error creating or updating Patch
 Error in value of property  <a href="matlab:helpUtils.reference.showPropertyHelp('matlab.graphics.primitive.Patch','FaceVertexCData');")">FaceVertexCData</a>
 Number of colors must equal number of vertices] 
[> In <a href="matlab:matlab.internal.language.introspective.errorDocCallback('defaulterrorcallback', '/usr/local/MATLAB/R2015a/toolbox/matlab/graphics/defaulterrorcallback.m', 12)" style="font-weight:bold">defaulterrorcallback</a> (<a href="matlab: opentoline('/usr/local/MATLAB/R2015a/toolbox/matlab/graphics/defaulterrorcallback.m',12,0)">line 12</a>)
  In <a href="matlab:matlab.internal.language.introspective.errorDocCallback('main', '/home/ultimate/invspec/mcode/main.m', 147)" style="font-weight:bold">main</a> (<a href="matlab: opentoline('/home/ultimate/invspec/mcode/main.m',147,0)">line 147</a>)
  In <a href="matlab:matlab.internal.language.introspective.errorDocCallback('test_script', '/home/ultimate/invspec/mcode/test_script.m', 77)" style="font-weight:bold">test_script</a> (<a href="matlab: opentoline('/home/ultimate/invspec/mcode/test_script.m',77,0)">line 77</a>)] 
                                                        First-order 
 Iteration  Func-count       f(x)        Step-size       optimality
     0           1          15.3129                         0.227
     1           2          6.15257              1           0.17  

fminunc stopped by the <a href = "matlab: helpview([docroot '/toolbox/optim/msg_csh/optim_msg_csh.map'],'output_function','CSHelpWindow');">output or plot function</a>.

mesh refined due to bad conformal factors, continue? Y/N [Y]: 
                                                        First-order 
 Iteration  Func-count       f(x)        Step-size       optimality
     0           1          8.72843                         0.203
     1           2          4.65927              1          0.166  

fminunc stopped by the <a href = "matlab: helpview([docroot '/toolbox/optim/msg_csh/optim_msg_csh.map'],'output_function','CSHelpWindow');">output or plot function</a>.

mesh refined due to bad conformal factors, continue? Y/N [Y]: 
{Operation terminated by user during <a href="matlab:matlab.internal.language.introspective.errorDocCallback('main', '/home/ultimate/invspec/mcode/main.m', 147)" style="font-weight:bold">main</a> (<a href="matlab: opentoline('/home/ultimate/invspec/mcode/main.m',147,0)">line 147</a>)

In <a href="matlab:matlab.internal.language.introspective.errorDocCallback('test_script', '/home/ultimate/invspec/mcode/test_script.m', 77)" style="font-weight:bold">test_script</a> (<a href="matlab: opentoline('/home/ultimate/invspec/mcode/test_script.m',77,0)">line 77</a>)
  [v,v_T,v_end,f,f_T,s_end,s_T,J_hist,Jc_hist,...} 
test_script
