flow iter#1; |dv| = 4.92506
flow iter#2; |dv| = 1.23732
flow iter#3; |dv| = 1.49235
flow iter#4; |dv| = 1.96522
flow iter#5; |dv| = 1.60902
flow iter#6; |dv| = 0.88346
flow iter#7; |dv| = 0.254792
flow iter#8; |dv| = 0.26152
flow iter#9; |dv| = 0.369201
flow iter#10; |dv| = 0.312229
flow iter#11; |dv| = 0.186444
flow iter#12; |dv| = 0.0692117
flow iter#13; |dv| = 0.0292212
flow iter#14; |dv| = 0.053682
flow iter#15; |dv| = 0.0524809
flow iter#16; |dv| = 0.0356872
flow iter#17; |dv| = 0.0166984
flow iter#18; |dv| = 0.00614212
flow iter#19; |dv| = 0.00883343
flow iter#20; |dv| = 0.00980038
flow iter#21; |dv| = 0.0080425
flow iter#22; |dv| = 0.00586178
flow iter#23; |dv| = 0.00487326
                                                        First-order 
 Iteration  Func-count       f(x)        Step-size       optimality
     0           1        0.0553529                       0.00246
     1           4        0.0285535             91        0.00121  
     2           6         0.012821       0.483686        0.00109  
     3           7       0.00153314              1       0.000292  
     4           8       0.00104899              1       0.000956  
     5           9      0.000289837              1       8.26e-05  
     6          10      0.000207655              1       6.88e-05  
     7          11      0.000164999              1        7.4e-05  
     8          12       0.00013921              1       9.62e-05  
     9          13      8.93038e-05              1       0.000263  
    10          14      3.99106e-05              1       8.42e-05  
    11          15      2.78616e-05              1       0.000133  
    12          16      2.17251e-05              1       2.13e-05  
    13          17      1.99913e-05              1       1.23e-05  
    14          18      1.85592e-05              1        9.5e-06  
    15          19      1.81316e-05              1       1.35e-05  
    16          20       1.7482e-05              1       1.64e-05  
    17          21      1.69691e-05              1       1.44e-05  
    18          22      1.63336e-05              1       9.21e-06  
    19          23      1.62161e-05              1       4.85e-06  
                                                        First-order 
 Iteration  Func-count       f(x)        Step-size       optimality
    20          24      1.61406e-05              1        4.3e-06  
    21          27      1.52328e-05        2.00756       2.38e-05  
    22          30      1.51778e-05      0.0136338       2.91e-05  
    23          31      1.48856e-05              1       2.49e-05  
    24          32      1.37207e-05              1       7.35e-06  
    25          33      1.35891e-05              1       4.02e-06  
    26          34      1.34189e-05              1       4.18e-06  
    27          35      1.31821e-05              1       7.13e-06  
    28          36      1.26413e-05              1       1.26e-05  
    29          37      1.12732e-05              1       5.16e-05  
    30          39      1.04571e-05       0.272471       8.68e-05  
    31          40      8.13219e-06              1       5.73e-05  
    32          42      7.38111e-06       0.342747        2.2e-05  
    33          43      6.40665e-06              1       1.57e-05  
    34          44      5.33861e-06              1        4.5e-05  
    35          45      4.86914e-06              1       1.47e-05  
    36          46      4.71028e-06              1       6.77e-06  
    37          47      4.64634e-06              1       5.71e-06  
    38          48       4.5323e-06              1        1.1e-05  
    39          49       4.4267e-06              1       9.02e-06  
                                                        First-order 
 Iteration  Func-count       f(x)        Step-size       optimality
    40          50      4.27349e-06              1       5.76e-06  
    41          51      4.21907e-06              1       4.35e-06  
    42          52      4.10929e-06              1       9.14e-06  
    43          53      4.00556e-06              1        4.1e-06  
    44          54      3.90465e-06              1        2.5e-06  
    45          55      3.79825e-06              1       3.58e-06  
    46          56      3.73996e-06              1       5.81e-06  
    47          57      3.61883e-06              1       9.41e-06  
    48          58      3.38378e-06              1       1.04e-05  
    49          59      2.98443e-06              1       8.36e-06  
    50          60      2.76339e-06              1       1.91e-05  
    51          61      2.64595e-06              1       7.35e-06  
    52          62      2.47222e-06              1       1.23e-05  
    53          63      2.42463e-06              1       1.04e-05  
    54          64      2.27267e-06              1       1.53e-05  
    55          65      2.13768e-06              1       1.25e-05  
    56          66      1.90367e-06              1       9.13e-06  
    57          68      1.63175e-06       0.587747       1.73e-05  
    58          69      1.37395e-06              1       1.27e-05  
    59          71      1.14032e-06       0.497384       1.16e-05  
                                                        First-order 
 Iteration  Func-count       f(x)        Step-size       optimality
    60          73      1.04169e-06       0.498028       8.79e-06  
    61          74      8.65281e-07              1       1.06e-05  
    62          75      6.43818e-07              1       1.55e-05  
    63          76      5.24141e-07              1       1.25e-05  
    64          78      4.91859e-07        0.30487       3.37e-06  
    65          79      4.26816e-07              1       5.32e-06  
    66          80      3.73544e-07              1       1.01e-05  
    67          81      3.12226e-07              1        7.3e-06  
    68          82      2.39095e-07              1       8.54e-06  
    69          83      1.67122e-07              1       2.79e-06  
    70          85      1.47244e-07            0.5       5.64e-06  
    71          86      1.03367e-07              1        5.5e-06  
    72          87      7.84944e-08              1       2.31e-06  
    73          88      6.67934e-08              1       1.94e-06  
    74          89      5.90796e-08              1       1.49e-06  
    75          90      4.94775e-08              1       3.98e-06  
    76          91      3.24689e-08              1       1.56e-06  
    77          92      1.71102e-08              1       8.67e-07  
    78          93      5.44266e-09              1       2.85e-06  
    79          95       2.6809e-09       0.468016       5.81e-07  
                                                        First-order 
 Iteration  Func-count       f(x)        Step-size       optimality
    80          96      1.64349e-09              1       6.66e-07  
    81          97      7.64889e-10              1       5.76e-07  
    82          98      1.64051e-10              1       5.06e-07  
    83          99      2.76679e-11              1       1.21e-07  
    84         100      1.31171e-12              1       4.64e-08  
    85         101      1.16206e-13              1        1.2e-08  
    86         102      1.35521e-14              1        1.4e-09  
    87         103      2.32966e-15              1       1.38e-09  
    88         104      1.84912e-17              1        1.8e-10  
    89         105      1.33762e-18              1       1.11e-11  

Optimization completed: The <a href = "matlab: helpview([docroot '/toolbox/optim/msg_csh/optim_msg_csh.map'],'first_order_opt_unc','CSHelpWindow');">first-order optimality measure</a>, 1.110015e-11, is less 
than <a href = "matlab: helpview([docroot '/toolbox/optim/msg_csh/optim_msg_csh.map'],'tolfun','CSHelpWindow');">options.TolFun</a> = 1.000000e-10.

Optimization Metric                                            Options
relative norm(gradient) =   1.11e-11                  TolFun =   1e-10 (selected)

                                                        First-order 
 Iteration  Func-count       f(x)        Step-size       optimality
     0           1         0.220632                        0.0345
     1           2         0.181035              1         0.0158  
     2           3         0.123002              1         0.0547  
     3           4        0.0895891              1         0.0231  
     4           5        0.0633833              1         0.0271  
     5           6        0.0482219              1         0.0257  
     6           7        0.0390395              1         0.0102  
     7           8        0.0336542              1        0.00926  
     8           9        0.0292389              1         0.0121  
     9          10        0.0257484              1         0.0077  
    10          11        0.0221324              1        0.00765  
    11          12         0.018812              1        0.00654  
    12          13        0.0161742              1        0.00574  
    13          14        0.0135286              1        0.00614  
    14          15        0.0119207              1        0.00815  
    15          16        0.0101663              1        0.00446  
    16          17       0.00873726              1         0.0054  
    17          18       0.00724454              1        0.00384  
    18          19         0.006189              1        0.00604  
    19          20       0.00506734              1        0.00309  
                                                        First-order 
 Iteration  Func-count       f(x)        Step-size       optimality
    20          21       0.00414954              1        0.00237  
    21          22       0.00340776              1        0.00201  
    22          23       0.00289324              1        0.00196  
    23          24       0.00252744              1        0.00202  
    24          25       0.00222119              1        0.00157  
    25          26       0.00198213              1         0.0016  
    26          27       0.00178335              1        0.00134  
    27          28       0.00161247              1        0.00169  
    28          29       0.00144257              1        0.00158  
    29          30       0.00129685              1        0.00166  
    30          31       0.00116705              1        0.00107  
    31          32       0.00105687              1        0.00118  
    32          33      0.000952118              1        0.00111  
    33          34      0.000862422              1       0.000968  
    34          35      0.000780753              1       0.000679  
    35          36      0.000712244              1       0.000945  
    36          37      0.000650177              1       0.000673  
    37          38      0.000600094              1       0.000561  
    38          39      0.000555756              1       0.000528  
    39          40      0.000518943              1       0.000502  
                                                        First-order 
 Iteration  Func-count       f(x)        Step-size       optimality
    40          41      0.000485089              1       0.000484  
    41          42      0.000455974              1       0.000412  
    42          43      0.000429722              1       0.000373  
    43          44      0.000408308              1       0.000409  
    44          45      0.000388986              1       0.000411  
    45          46      0.000370637              1        0.00037  
    46          47      0.000351715              1       0.000354  
    47          48      0.000333669              1       0.000361  
    48          49      0.000316716              1       0.000339  
    49          50      0.000300742              1       0.000366  
    50          51      0.000284294              1       0.000372  
    51          52      0.000267691              1       0.000392  
    52          53      0.000251385              1        0.00032  
    53          54      0.000235988              1        0.00029  
    54          55      0.000221406              1       0.000274  
    55          56       0.00020771              1       0.000251  
    56          57      0.000195468              1       0.000255  
    57          58      0.000184458              1       0.000277  
    58          59      0.000174691              1        0.00026  
    59          60       0.00016541              1       0.000279  
                                                        First-order 
 Iteration  Func-count       f(x)        Step-size       optimality
    60          61      0.000157236              1       0.000251  
    61          62      0.000149669              1       0.000199  
    62          63      0.000142911              1       0.000234  
    63          64      0.000136207              1       0.000253  
    64          65       0.00013003              1       0.000204  
    65          66      0.000124148              1       0.000193  
    66          67      0.000118803              1       0.000161  
    67          68      0.000113862              1       0.000177  
    68          69      0.000109355              1       0.000193  
    69          70      0.000105087              1       0.000169  
    70          71      0.000100927              1       0.000166  
    71          72      9.69136e-05              1       0.000182  
    72          73      9.31644e-05              1       0.000182  
    73          74       8.9727e-05              1       0.000173  
    74          75      8.64524e-05              1       0.000146  
    75          76      8.32797e-05              1       0.000143  
    76          77       8.0117e-05              1       0.000125  
    77          78      7.70517e-05              1       0.000179  
    78          79      7.39766e-05              1       0.000181  
    79          80      7.10211e-05              1        0.00018  
                                                        First-order 
 Iteration  Func-count       f(x)        Step-size       optimality
    80          81      6.81122e-05              1       0.000163  
    81          82       6.5398e-05              1       0.000127  
    82          83      6.28068e-05              1       0.000117  
    83          84      6.05569e-05              1       0.000123  
    84          85      5.86262e-05              1       0.000103  
    85          86       5.7053e-05              1       0.000123  
    86          87      5.56325e-05              1        0.00014  
    87          88      5.43237e-05              1       0.000132  
    88          89      5.30553e-05              1       9.95e-05  
    89          90      5.18964e-05              1        7.5e-05  
    90          91      5.08343e-05              1       7.75e-05  
    91          92      4.98893e-05              1       7.82e-05  
    92          93       4.9006e-05              1        7.7e-05  
    93          94        4.816e-05              1       7.21e-05  
    94          95      4.73057e-05              1       6.86e-05  
    95          96      4.64735e-05              1       7.24e-05  
    96          97      4.56686e-05              1       6.26e-05  
    97          98      4.48855e-05              1       5.79e-05  
    98          99      4.40672e-05              1        6.3e-05  
    99         100      4.32249e-05              1       6.97e-05  
                                                        First-order 
 Iteration  Func-count       f(x)        Step-size       optimality
   100         101      4.23997e-05              1       6.25e-05  
   101         102       4.1647e-05              1       6.47e-05  
   102         103      4.09334e-05              1       6.33e-05  
   103         104      4.02083e-05              1       6.72e-05  
   104         105      3.94194e-05              1       7.11e-05  
   105         106      3.85782e-05              1       8.03e-05  
   106         107      3.76868e-05              1       8.96e-05  
   107         108        3.677e-05              1       9.97e-05  
   108         109      3.58192e-05              1       0.000104  
   109         110      3.48732e-05              1       0.000102  
   110         111      3.39315e-05              1       9.17e-05  
   111         112      3.30622e-05              1       7.59e-05  
   112         113      3.22622e-05              1       7.89e-05  
   113         114      3.15743e-05              1       6.85e-05  
   114         115      3.09206e-05              1       7.13e-05  
   115         116      3.03195e-05              1       6.56e-05  
   116         117      2.97342e-05              1       5.47e-05  
   117         118       2.9211e-05              1       6.11e-05  
   118         119      2.87219e-05              1       6.13e-05  
   119         120      2.82946e-05              1       6.63e-05  
                                                        First-order 
 Iteration  Func-count       f(x)        Step-size       optimality
   120         121      2.79056e-05              1       7.11e-05  
   121         122      2.75524e-05              1       7.45e-05  
   122         123      2.72013e-05              1       7.69e-05  
   123         124      2.68495e-05              1       7.72e-05  
   124         125       2.6503e-05              1       7.49e-05  
   125         126      2.61898e-05              1       6.98e-05  
   126         127      2.59103e-05              1       6.25e-05  
   127         128      2.56568e-05              1       5.47e-05  
   128         129      2.54127e-05              1        4.6e-05  
   129         130      2.51827e-05              1       3.89e-05  
   130         131      2.49654e-05              1        3.9e-05  
   131         132      2.47601e-05              1       3.58e-05  
   132         133      2.45567e-05              1       3.48e-05  
   133         134      2.43622e-05              1       3.41e-05  
   134         135      2.41828e-05              1       3.59e-05  
   135         136       2.4019e-05              1       2.97e-05  
   136         137      2.38614e-05              1       2.93e-05  
   137         138      2.37072e-05              1       2.67e-05  
   138         139      2.35576e-05              1       2.95e-05  
   139         140      2.34148e-05              1       2.98e-05  
                                                        First-order 
 Iteration  Func-count       f(x)        Step-size       optimality
   140         141      2.32751e-05              1       2.65e-05  
   141         142       2.3134e-05              1        2.8e-05  
   142         143      2.29895e-05              1       3.04e-05  
   143         144       2.2844e-05              1       3.07e-05  
   144         145      2.27002e-05              1       2.98e-05  
   145         146      2.25591e-05              1       2.66e-05  
   146         147      2.24189e-05              1       2.56e-05  
   147         148      2.22789e-05              1       2.78e-05  
   148         149      2.21388e-05              1       2.95e-05  
   149         150      2.20007e-05              1       3.23e-05  
   150         151      2.18641e-05              1       3.16e-05  
   151         152      2.17278e-05              1       3.15e-05  
   152         153      2.15891e-05              1       2.77e-05  
   153         154      2.14502e-05              1       2.91e-05  
   154         155      2.13121e-05              1       2.48e-05  
   155         156      2.11747e-05              1       3.66e-05  
   156         157      2.10286e-05              1       3.39e-05  
   157         158      2.08684e-05              1       3.42e-05  
   158         159      2.06924e-05              1       3.49e-05  
   159         160      2.05133e-05              1       4.17e-05  
                                                        First-order 
 Iteration  Func-count       f(x)        Step-size       optimality
   160         161      2.03354e-05              1       4.83e-05  
   161         162      2.01613e-05              1       5.26e-05  
   162         163       1.9985e-05              1        5.4e-05  
   163         164      1.98095e-05              1        5.2e-05  
   164         165      1.96378e-05              1       4.86e-05  
   165         166      1.94742e-05              1       4.43e-05  
   166         167      1.93134e-05              1       4.27e-05  
   167         168      1.91542e-05              1       4.03e-05  
   168         169      1.89973e-05              1       4.42e-05  
   169         170      1.88531e-05              1        3.9e-05  
   170         171      1.87195e-05              1       4.76e-05  
   171         172      1.85941e-05              1       3.71e-05  
   172         173      1.84608e-05              1       3.65e-05  
   173         174      1.83356e-05              1       2.91e-05  
   174         175      1.82171e-05              1       2.78e-05  
   175         176      1.81034e-05              1        2.8e-05  
   176         177      1.79917e-05              1       3.11e-05  
   177         178      1.78858e-05              1       2.67e-05  
   178         179      1.77854e-05              1       2.27e-05  
   179         180      1.76939e-05              1       1.88e-05  
                                                        First-order 
 Iteration  Func-count       f(x)        Step-size       optimality
   180         181      1.76092e-05              1        2.5e-05  
   181         182      1.75319e-05              1       2.23e-05  
   182         183      1.74601e-05              1       2.36e-05  
   183         184      1.73935e-05              1       2.09e-05  
   184         185      1.73279e-05              1       2.15e-05  
   185         186      1.72607e-05              1       2.17e-05  
   186         187      1.71888e-05              1       2.41e-05  
   187         188      1.71149e-05              1       2.83e-05  
   188         189      1.70402e-05              1       2.82e-05  
   189         190      1.69664e-05              1       2.46e-05  
   190         191      1.68927e-05              1       2.13e-05  
   191         192      1.68192e-05              1        2.2e-05  
   192         193      1.67452e-05              1       2.37e-05  
   193         194      1.66709e-05              1       2.36e-05  
   194         195      1.65966e-05              1       2.64e-05  
   195         196      1.65235e-05              1       2.09e-05  
   196         197      1.64511e-05              1       2.33e-05  
   197         198      1.63783e-05              1       2.13e-05  
   198         199       1.6304e-05              1       2.33e-05  
   199         200      1.62306e-05              1       2.23e-05  
                                                        First-order 
 Iteration  Func-count       f(x)        Step-size       optimality
   200         201      1.61612e-05              1       1.96e-05  
   201         202       1.6098e-05              1       2.01e-05  
   202         203      1.60381e-05              1       1.82e-05  
   203         204      1.59798e-05              1       1.88e-05  
   204         205      1.59228e-05              1       1.79e-05  
   205         206      1.58709e-05              1       1.59e-05  
   206         207      1.58239e-05              1       1.52e-05  
   207         208      1.57789e-05              1       1.86e-05  
   208         209      1.57309e-05              1       1.84e-05  
   209         210      1.56802e-05              1       1.84e-05  
   210         211      1.56303e-05              1       1.57e-05  
   211         212      1.55861e-05              1        1.5e-05  
   212         213      1.55475e-05              1       1.49e-05  
   213         214      1.55118e-05              1       1.78e-05  
   214         215      1.54761e-05              1       1.59e-05  
   215         216      1.54406e-05              1       1.44e-05  
   216         217      1.54065e-05              1       1.72e-05  
   217         218      1.53746e-05              1       1.43e-05  
   218         219      1.53447e-05              1       1.23e-05  
   219         220      1.53158e-05              1       1.42e-05  
                                                        First-order 
 Iteration  Func-count       f(x)        Step-size       optimality
   220         221      1.52866e-05              1       1.33e-05  
   221         222      1.52565e-05              1       1.47e-05  
   222         223      1.52262e-05              1       1.48e-05  
   223         224      1.51976e-05              1       1.37e-05  
   224         225      1.51721e-05              1       1.29e-05  
   225         226      1.51493e-05              1       1.11e-05  
   226         227      1.51283e-05              1          1e-05  
   227         228      1.51084e-05              1       1.08e-05  
   228         229      1.50896e-05              1       1.04e-05  
   229         230      1.50717e-05              1       9.93e-06  
   230         231      1.50544e-05              1       1.01e-05  
   231         232      1.50369e-05              1       9.18e-06  
   232         233      1.50195e-05              1        1.1e-05  
   233         234      1.50028e-05              1       8.93e-06  
   234         235      1.49872e-05              1       8.28e-06  
   235         236      1.49726e-05              1       8.62e-06  
   236         237       1.4959e-05              1       8.26e-06  
   237         238      1.49462e-05              1        8.1e-06  
   238         239      1.49338e-05              1       7.99e-06  
   239         240      1.49217e-05              1        7.3e-06  
                                                        First-order 
 Iteration  Func-count       f(x)        Step-size       optimality
   240         241      1.49094e-05              1       9.06e-06  
   241         242      1.48971e-05              1       1.02e-05  
   242         243      1.48849e-05              1       1.06e-05  
   243         244       1.4873e-05              1       7.36e-06  
   244         245      1.48617e-05              1       7.62e-06  
   245         246      1.48509e-05              1        7.6e-06  
   246         247      1.48402e-05              1       6.87e-06  
   247         248      1.48294e-05              1       6.96e-06  
   248         249      1.48182e-05              1       7.86e-06  
   249         250      1.48068e-05              1       7.84e-06  
   250         251      1.47951e-05              1       8.67e-06  
   251         252      1.47831e-05              1       8.13e-06  
   252         253      1.47709e-05              1       8.11e-06  
   253         254      1.47589e-05              1       8.69e-06  
   254         255      1.47477e-05              1       7.21e-06  
   255         256      1.47369e-05              1        7.1e-06  
   256         257      1.47265e-05              1       7.15e-06  
   257         258      1.47164e-05              1       6.79e-06  
   258         259      1.47069e-05              1       8.03e-06  
   259         260       1.4698e-05              1       7.68e-06  
                                                        First-order 
 Iteration  Func-count       f(x)        Step-size       optimality
   260         261      1.46892e-05              1       6.92e-06  
   261         262      1.46802e-05              1       6.94e-06  
   262         263      1.46707e-05              1       7.34e-06  
   263         264       1.4661e-05              1       7.22e-06  
   264         265      1.46511e-05              1       7.45e-06  
   265         266      1.46411e-05              1       8.01e-06  
   266         267      1.46308e-05              1       7.72e-06  
   267         268      1.46203e-05              1       7.24e-06  
   268         269      1.46097e-05              1       6.72e-06  
   269         270      1.45993e-05              1       7.07e-06  
   270         271      1.45894e-05              1       7.53e-06  
   271         272      1.45803e-05              1       8.61e-06  
   272         273      1.45721e-05              1       1.03e-05  
   273         274      1.45644e-05              1       8.01e-06  
   274         275      1.45569e-05              1       6.16e-06  
   275         276      1.45496e-05              1       6.56e-06  
   276         277      1.45422e-05              1       7.76e-06  
   277         278      1.45349e-05              1       6.98e-06  
   278         279      1.45278e-05              1          7e-06  
   279         280      1.45213e-05              1       5.47e-06  
                                                        First-order 
 Iteration  Func-count       f(x)        Step-size       optimality
   280         281      1.45157e-05              1       5.71e-06  
   281         282      1.45107e-05              1       5.82e-06  
   282         283      1.45059e-05              1       5.52e-06  
   283         284      1.45009e-05              1       5.07e-06  
   284         285      1.44956e-05              1       5.92e-06  
   285         286      1.44901e-05              1       6.47e-06  
   286         287      1.44847e-05              1       4.96e-06  
   287         288      1.44795e-05              1       6.51e-06  
   288         289      1.44745e-05              1        7.6e-06  
   289         290      1.44695e-05              1       7.56e-06  
   290         291      1.44645e-05              1       6.44e-06  
   291         292      1.44595e-05              1       5.16e-06  
   292         293      1.44545e-05              1       5.69e-06  
   293         294      1.44494e-05              1       5.24e-06  
   294         295      1.44439e-05              1       4.79e-06  
   295         296      1.44383e-05              1       5.56e-06  
   296         297      1.44326e-05              1       5.19e-06  
   297         298      1.44272e-05              1       5.48e-06  
   298         299      1.44217e-05              1        5.5e-06  
   299         300      1.44159e-05              1       6.03e-06  
                                                        First-order 
 Iteration  Func-count       f(x)        Step-size       optimality
   300         301      1.44097e-05              1       6.53e-06  
   301         302      1.44031e-05              1       6.78e-06  
   302         303       1.4396e-05              1       8.55e-06  
   303         304      1.43888e-05              1       7.77e-06  
   304         305      1.43816e-05              1       8.31e-06  
   305         306      1.43743e-05              1       6.14e-06  
   306         307      1.43669e-05              1       6.79e-06  
   307         308      1.43592e-05              1       7.83e-06  
   308         309      1.43512e-05              1       7.07e-06  
   309         310      1.43426e-05              1       6.62e-06  
   310         311      1.43338e-05              1       7.32e-06  
   311         312      1.43246e-05              1       6.91e-06  
   312         313      1.43153e-05              1       7.46e-06  
   313         314      1.43059e-05              1        7.4e-06  
   314         315      1.42966e-05              1       7.34e-06  
   315         316      1.42871e-05              1       7.38e-06  
   316         317      1.42775e-05              1       7.89e-06  
   317         318      1.42677e-05              1       8.69e-06  
   318         319       1.4258e-05              1          8e-06  
   319         320      1.42484e-05              1       7.49e-06  
                                                        First-order 
 Iteration  Func-count       f(x)        Step-size       optimality
   320         321       1.4239e-05              1       6.75e-06  
   321         322      1.42297e-05              1       7.12e-06  
   322         323      1.42206e-05              1       6.72e-06  
   323         324      1.42116e-05              1       7.57e-06  
   324         325      1.42027e-05              1       7.28e-06  
   325         326      1.41937e-05              1       6.92e-06  
   326         327      1.41851e-05              1       6.47e-06  
   327         328      1.41769e-05              1       8.05e-06  
   328         329      1.41692e-05              1       7.38e-06  
   329         330      1.41618e-05              1       7.07e-06  
   330         331      1.41544e-05              1       6.45e-06  
   331         332      1.41467e-05              1       6.45e-06  
   332         333      1.41385e-05              1       7.53e-06  
   333         334      1.41299e-05              1       8.07e-06  
   334         335      1.41214e-05              1       6.61e-06  
   335         336      1.41133e-05              1       7.57e-06  
   336         337      1.41056e-05              1       7.37e-06  
   337         338      1.40983e-05              1       6.07e-06  
   338         339      1.40913e-05              1       6.49e-06  
   339         340      1.40845e-05              1       6.75e-06  
                                                        First-order 
 Iteration  Func-count       f(x)        Step-size       optimality
   340         341      1.40781e-05              1       7.24e-06  
   341         342      1.40719e-05              1        7.9e-06  
   342         343      1.40655e-05              1       6.08e-06  
   343         344      1.40588e-05              1       5.92e-06  
   344         345      1.40526e-05              1       7.08e-06  
   345         346      1.40465e-05              1       6.59e-06  
   346         347      1.40406e-05              1       7.22e-06  
   347         348      1.40347e-05              1       6.55e-06  
   348         349      1.40284e-05              1       7.37e-06  
   349         350      1.40215e-05              1       8.07e-06  
   350         351      1.40136e-05              1       8.37e-06  
   351         352      1.40046e-05              1       8.74e-06  
   352         353      1.39944e-05              1       9.18e-06  
   353         354      1.39832e-05              1       1.02e-05  
   354         355      1.39713e-05              1       1.16e-05  
   355         356      1.39589e-05              1       1.36e-05  
   356         357      1.39457e-05              1       1.53e-05  
   357         358      1.39303e-05              1       1.75e-05  
   358         359      1.39114e-05              1       1.88e-05  
   359         360      1.38868e-05              1       2.12e-05  
                                                        First-order 
 Iteration  Func-count       f(x)        Step-size       optimality
   360         361      1.38557e-05              1       2.14e-05  
   361         362      1.38117e-05              1       2.35e-05  
   362         363      1.37658e-05              1       2.23e-05  
   363         364      1.37095e-05              1       2.74e-05  
   364         365      1.36591e-05              1        2.4e-05  
   365         366      1.35985e-05              1       2.89e-05  
   366         367      1.35441e-05              1       2.52e-05  
   367         368      1.34796e-05              1       2.06e-05  
   368         369        1.344e-05              1       2.02e-05  
   369         370      1.33849e-05              1       1.73e-05  
   370         371      1.33422e-05              1       1.85e-05  
   371         372      1.32936e-05              1       1.76e-05  
   372         373      1.32487e-05              1       1.71e-05  
   373         374      1.32062e-05              1       1.73e-05  
   374         375      1.31722e-05              1       1.36e-05  
   375         376       1.3141e-05              1       1.46e-05  
   376         377      1.31103e-05              1       1.26e-05  
   377         378      1.30735e-05              1       1.22e-05  
   378         379      1.30478e-05              1        1.2e-05  
   379         380      1.30175e-05              1       1.22e-05  
                                                        First-order 
 Iteration  Func-count       f(x)        Step-size       optimality
   380         381      1.29916e-05              1       1.42e-05  
   381         382      1.29671e-05              1       1.61e-05  
   382         383      1.29452e-05              1       1.41e-05  
   383         384      1.29239e-05              1       1.27e-05  
   384         385      1.29033e-05              1       1.22e-05  
   385         386      1.28832e-05              1       1.16e-05  
   386         387      1.28642e-05              1       1.01e-05  
   387         388      1.28458e-05              1       1.07e-05  
   388         389      1.28276e-05              1       1.26e-05  
   389         390      1.28094e-05              1       1.19e-05  
   390         391      1.27919e-05              1       8.75e-06  
   391         392      1.27762e-05              1       1.01e-05  
   392         393      1.27622e-05              1       8.78e-06  
   393         394      1.27494e-05              1       9.13e-06  
   394         395      1.27371e-05              1       8.11e-06  
   395         396      1.27251e-05              1       7.28e-06  
   396         397      1.27138e-05              1       8.29e-06  
   397         398      1.27036e-05              1       7.05e-06  
   398         399      1.26948e-05              1       7.04e-06  
   399         400      1.26871e-05              1       7.13e-06  
                                                        First-order 
 Iteration  Func-count       f(x)        Step-size       optimality
   400         401        1.268e-05              1       6.64e-06  
   401         402       1.2673e-05              1       6.96e-06  
   402         403      1.26662e-05              1       7.49e-06  
   403         404        1.266e-05              1       7.44e-06  
   404         405      1.26542e-05              1       6.35e-06  
   405         406      1.26485e-05              1       5.83e-06  
   406         407      1.26427e-05              1       6.17e-06  
   407         408       1.2637e-05              1       5.95e-06  
   408         409      1.26315e-05              1       6.62e-06  
   409         410      1.26259e-05              1       6.37e-06  
   410         411      1.26202e-05              1       5.46e-06  
   411         412      1.26144e-05              1       5.63e-06  
   412         413      1.26084e-05              1       6.34e-06  
   413         414       1.2602e-05              1       6.81e-06  
   414         415      1.25953e-05              1        5.7e-06  
   415         416      1.25887e-05              1       5.74e-06  
   416         417      1.25828e-05              1       6.06e-06  
   417         418      1.25774e-05              1       6.31e-06  
   418         419      1.25719e-05              1       6.62e-06  
   419         420      1.25663e-05              1       6.38e-06  
                                                        First-order 
 Iteration  Func-count       f(x)        Step-size       optimality
   420         421      1.25607e-05              1       6.65e-06  
   421         422      1.25554e-05              1        5.3e-06  
   422         423      1.25504e-05              1       5.59e-06  
   423         424      1.25453e-05              1        6.2e-06  
   424         425        1.254e-05              1       6.36e-06  
   425         426      1.25349e-05              1          6e-06  
   426         427      1.25299e-05              1       5.09e-06  
   427         428      1.25251e-05              1       5.14e-06  
   428         429      1.25201e-05              1       5.25e-06  
   429         430      1.25148e-05              1       5.32e-06  
   430         431      1.25094e-05              1       5.24e-06  
   431         432       1.2504e-05              1       5.18e-06  
   432         433      1.24986e-05              1       5.48e-06  
   433         434      1.24934e-05              1       5.49e-06  
   434         435      1.24885e-05              1       4.88e-06  
   435         436      1.24841e-05              1       4.41e-06  
   436         437        1.248e-05              1       5.01e-06  
   437         438      1.24759e-05              1       5.27e-06  
   438         439      1.24718e-05              1       5.12e-06  
   439         440      1.24677e-05              1       4.73e-06  
                                                        First-order 
 Iteration  Func-count       f(x)        Step-size       optimality
   440         441      1.24637e-05              1       4.51e-06  
   441         442      1.24599e-05              1       4.31e-06  
   442         443      1.24561e-05              1       4.24e-06  
   443         444      1.24521e-05              1       3.99e-06  
   444         445       1.2448e-05              1       4.54e-06  
   445         446      1.24437e-05              1       5.11e-06  
   446         447       1.2439e-05              1       5.51e-06  
   447         448      1.24339e-05              1       5.57e-06  
   448         449      1.24282e-05              1       5.66e-06  
   449         450      1.24224e-05              1       5.18e-06  
   450         451      1.24165e-05              1       5.26e-06  
   451         452      1.24109e-05              1       6.24e-06  
   452         453      1.24053e-05              1       6.38e-06  
   453         454      1.23997e-05              1       6.84e-06  
   454         455      1.23938e-05              1       6.21e-06  
   455         456      1.23875e-05              1       6.66e-06  
   456         457       1.2381e-05              1        7.4e-06  
   457         458      1.23741e-05              1       7.83e-06  
   458         459      1.23666e-05              1       8.19e-06  
   459         460      1.23584e-05              1       8.17e-06  
                                                        First-order 
 Iteration  Func-count       f(x)        Step-size       optimality
   460         461      1.23492e-05              1       8.93e-06  
   461         462      1.23386e-05              1       8.43e-06  
   462         463      1.23263e-05              1       1.04e-05  
   463         464      1.23104e-05              1       1.04e-05  
   464         465      1.22931e-05              1        1.3e-05  
   465         466      1.22738e-05              1       1.96e-05  
   466         467      1.22573e-05              1       1.57e-05  
   467         468      1.22349e-05              1       1.35e-05  
   468         469      1.22113e-05              1       1.19e-05  
   469         470      1.21903e-05              1       1.15e-05  
   470         471      1.21697e-05              1       1.14e-05  
   471         472      1.21519e-05              1       1.43e-05  
   472         473      1.21362e-05              1       1.07e-05  
   473         474      1.21218e-05              1       1.36e-05  
   474         475      1.21069e-05              1       1.18e-05  
   475         476      1.20894e-05              1       1.02e-05  
   476         477      1.20743e-05              1       1.07e-05  
   477         478      1.20614e-05              1       8.49e-06  
   478         479      1.20492e-05              1       8.43e-06  
   479         480      1.20386e-05              1          9e-06  
                                                        First-order 
 Iteration  Func-count       f(x)        Step-size       optimality
   480         481      1.20284e-05              1       7.77e-06  
   481         482      1.20186e-05              1       7.44e-06  
   482         483      1.20096e-05              1       6.83e-06  
   483         484      1.20019e-05              1       6.39e-06  
   484         485      1.19951e-05              1       7.35e-06  
   485         486      1.19889e-05              1       6.58e-06  
   486         487      1.19833e-05              1       5.76e-06  
   487         488      1.19783e-05              1       4.95e-06  
   488         489      1.19738e-05              1       4.71e-06  
   489         490      1.19694e-05              1       7.13e-06  
   490         491      1.19652e-05              1       7.45e-06  
   491         492      1.19614e-05              1       5.63e-06  
   492         493      1.19581e-05              1       3.82e-06  
   493         494      1.19551e-05              1       3.74e-06  
   494         495      1.19522e-05              1       4.02e-06  
   495         496      1.19493e-05              1       4.18e-06  
   496         497      1.19465e-05              1       3.84e-06  
   497         498      1.19438e-05              1       4.53e-06  
   498         499      1.19411e-05              1       4.63e-06  
   499         500      1.19382e-05              1       5.27e-06  
                                                        First-order 
 Iteration  Func-count       f(x)        Step-size       optimality
   500         501      1.19351e-05              1       4.72e-06  
   501         502       1.1932e-05              1          4e-06  
   502         503      1.19291e-05              1       3.72e-06  
   503         504      1.19263e-05              1        3.8e-06  
   504         505      1.19238e-05              1       3.73e-06  
   505         506      1.19213e-05              1       3.54e-06  
   506         507       1.1919e-05              1       3.79e-06  
   507         508      1.19169e-05              1       3.35e-06  
   508         509      1.19149e-05              1       3.33e-06  
   509         510      1.19129e-05              1        3.2e-06  
   510         511       1.1911e-05              1       3.03e-06  
   511         512       1.1909e-05              1        3.2e-06  
   512         513       1.1907e-05              1       3.18e-06  
   513         514      1.19052e-05              1       3.15e-06  
   514         515      1.19036e-05              1       3.61e-06  
   515         516      1.19021e-05              1       2.98e-06  
   516         517      1.19006e-05              1       2.99e-06  
   517         518       1.1899e-05              1       3.53e-06  
   518         519      1.18973e-05              1       2.94e-06  
   519         520      1.18957e-05              1       2.58e-06  
                                                        First-order 
 Iteration  Func-count       f(x)        Step-size       optimality
   520         521      1.18942e-05              1       2.73e-06  
   521         522      1.18927e-05              1       2.91e-06  
   522         523      1.18912e-05              1       3.06e-06  
   523         524      1.18898e-05              1       2.65e-06  
   524         525      1.18883e-05              1       2.49e-06  
   525         526      1.18869e-05              1       2.98e-06  
   526         527      1.18856e-05              1       3.02e-06  
   527         528      1.18843e-05              1       2.87e-06  
   528         529      1.18831e-05              1       2.57e-06  
   529         530      1.18819e-05              1       3.13e-06  
   530         531      1.18806e-05              1       2.69e-06  
   531         532      1.18793e-05              1       2.99e-06  
   532         533      1.18779e-05              1       3.11e-06  
   533         534      1.18765e-05              1       2.63e-06  
   534         535      1.18752e-05              1       2.69e-06  
   535         536       1.1874e-05              1       2.39e-06  
   536         537      1.18729e-05              1       2.54e-06  
   537         538      1.18719e-05              1       2.47e-06  
   538         539      1.18709e-05              1       2.29e-06  
   539         540        1.187e-05              1       2.08e-06  
                                                        First-order 
 Iteration  Func-count       f(x)        Step-size       optimality
   540         541      1.18691e-05              1       2.03e-06  
   541         542      1.18682e-05              1       2.25e-06  
   542         543      1.18672e-05              1       2.44e-06  
   543         544      1.18661e-05              1       2.28e-06  
   544         545      1.18651e-05              1       2.43e-06  
   545         546      1.18641e-05              1       2.24e-06  
   546         547      1.18631e-05              1       2.48e-06  
   547         548      1.18621e-05              1        2.2e-06  
   548         549       1.1861e-05              1       2.19e-06  
   549         550      1.18601e-05              1       2.15e-06  
   550         551       1.1859e-05              1       2.14e-06  
   551         552       1.1858e-05              1       2.54e-06  
   552         553      1.18569e-05              1       2.59e-06  
   553         554      1.18557e-05              1       2.46e-06  
   554         555      1.18546e-05              1       2.53e-06  
   555         556      1.18535e-05              1       2.53e-06  
   556         557      1.18524e-05              1       2.47e-06  
   557         558      1.18513e-05              1       2.35e-06  
   558         559      1.18503e-05              1       2.83e-06  
   559         560      1.18493e-05              1       3.08e-06  
                                                        First-order 
 Iteration  Func-count       f(x)        Step-size       optimality
   560         561      1.18482e-05              1       2.89e-06  
   561         562      1.18472e-05              1        2.4e-06  
   562         563      1.18461e-05              1       2.09e-06  
   563         564       1.1845e-05              1       2.18e-06  
   564         565      1.18439e-05              1       2.36e-06  
   565         566      1.18429e-05              1       2.22e-06  
   566         567       1.1842e-05              1        2.5e-06  
   567         568       1.1841e-05              1       2.09e-06  
   568         569        1.184e-05              1       2.35e-06  
   569         570       1.1839e-05              1       2.43e-06  
   570         571      1.18379e-05              1        2.3e-06  
   571         572      1.18369e-05              1       2.37e-06  
   572         573      1.18359e-05              1       2.17e-06  
   573         574      1.18348e-05              1       2.05e-06  
   574         575      1.18338e-05              1        2.3e-06  
   575         576      1.18329e-05              1       2.36e-06  
   576         577       1.1832e-05              1       2.37e-06  
   577         578      1.18311e-05              1       2.66e-06  
   578         579        1.183e-05              1       2.81e-06  
   579         580      1.18289e-05              1       2.59e-06  
                                                        First-order 
 Iteration  Func-count       f(x)        Step-size       optimality
   580         581      1.18279e-05              1       2.16e-06  
   581         582      1.18268e-05              1       2.72e-06  
   582         583      1.18257e-05              1       2.54e-06  
   583         584      1.18246e-05              1       2.74e-06  
   584         585      1.18235e-05              1       2.28e-06  
   585         586      1.18225e-05              1       2.12e-06  
   586         587      1.18215e-05              1       2.33e-06  
   587         588      1.18204e-05              1       2.23e-06  
   588         589      1.18193e-05              1       2.75e-06  
   589         590      1.18183e-05              1        2.3e-06  
   590         591      1.18173e-05              1       2.56e-06  
   591         592      1.18165e-05              1       2.47e-06  
   592         593      1.18156e-05              1       2.34e-06  
   593         594      1.18147e-05              1       2.28e-06  
   594         595      1.18138e-05              1       2.32e-06  
   595         596      1.18128e-05              1       2.28e-06  
   596         597      1.18119e-05              1       2.17e-06  
   597         598       1.1811e-05              1       2.17e-06  
   598         599        1.181e-05              1       2.72e-06  
   599         600      1.18091e-05              1       2.85e-06  
                                                        First-order 
 Iteration  Func-count       f(x)        Step-size       optimality
   600         601      1.18082e-05              1       2.08e-06  
   601         602      1.18073e-05              1       2.23e-06  
   602         603      1.18065e-05              1       1.95e-06  
   603         604      1.18057e-05              1       2.67e-06  
   604         605      1.18048e-05              1       2.44e-06  
   605         606      1.18038e-05              1       2.35e-06  
   606         607      1.18029e-05              1        2.5e-06  
   607         608      1.18019e-05              1       2.33e-06  
   608         609       1.1801e-05              1        2.3e-06  
   609         610      1.18001e-05              1       2.23e-06  
   610         611       1.1799e-05              1       2.26e-06  
   611         612      1.17979e-05              1        2.5e-06  
   612         613      1.17969e-05              1        2.9e-06  
   613         614      1.17959e-05              1       2.93e-06  
   614         615      1.17949e-05              1       2.72e-06  
   615         616      1.17938e-05              1       2.51e-06  
   616         617      1.17927e-05              1       2.63e-06  
   617         618      1.17916e-05              1       2.54e-06  
   618         619      1.17905e-05              1        2.5e-06  
   619         620      1.17895e-05              1       3.17e-06  
                                                        First-order 
 Iteration  Func-count       f(x)        Step-size       optimality
   620         621      1.17886e-05              1       3.13e-06  
   621         622      1.17876e-05              1       2.26e-06  
   622         623      1.17867e-05              1       2.02e-06  
   623         624      1.17859e-05              1       1.92e-06  
   624         625      1.17851e-05              1       2.15e-06  
   625         626      1.17844e-05              1       2.02e-06  
   626         627      1.17836e-05              1       1.96e-06  
   627         628      1.17829e-05              1       2.13e-06  
   628         629      1.17822e-05              1       1.93e-06  
   629         630      1.17815e-05              1       2.12e-06  
   630         631      1.17809e-05              1        2.1e-06  
   631         632      1.17803e-05              1       2.11e-06  
   632         633      1.17796e-05              1       1.96e-06  
   633         634       1.1779e-05              1       2.08e-06  
   634         635      1.17784e-05              1       1.85e-06  
   635         636      1.17779e-05              1       1.96e-06  
   636         637      1.17774e-05              1       1.63e-06  
   637         638      1.17768e-05              1        1.7e-06  
   638         639      1.17762e-05              1       1.73e-06  
   639         640      1.17757e-05              1       1.77e-06  
                                                        First-order 
 Iteration  Func-count       f(x)        Step-size       optimality
   640         641      1.17751e-05              1       1.76e-06  
   641         642      1.17745e-05              1       1.63e-06  
   642         643       1.1774e-05              1       1.62e-06  
   643         644      1.17735e-05              1       1.77e-06  
   644         645       1.1773e-05              1       1.71e-06  
   645         646      1.17725e-05              1       1.62e-06  
   646         647       1.1772e-05              1       1.47e-06  
   647         648      1.17716e-05              1       1.46e-06  
   648         649      1.17712e-05              1       1.75e-06  
   649         650      1.17708e-05              1       1.76e-06  
   650         651      1.17704e-05              1        1.8e-06  
   651         652      1.17699e-05              1       1.77e-06  
   652         653      1.17694e-05              1       1.76e-06  
   653         654       1.1769e-05              1       2.49e-06  
   654         655      1.17685e-05              1       2.46e-06  
   655         656       1.1768e-05              1       1.74e-06  
   656         657      1.17676e-05              1       1.46e-06  
   657         658      1.17672e-05              1       1.61e-06  
   658         659      1.17669e-05              1       1.45e-06  
   659         660      1.17665e-05              1       1.68e-06  
                                                        First-order 
 Iteration  Func-count       f(x)        Step-size       optimality
   660         661      1.17661e-05              1       1.52e-06  
   661         662      1.17657e-05              1       1.68e-06  
   662         663      1.17653e-05              1       1.56e-06  
   663         664      1.17649e-05              1       1.14e-06  
   664         665      1.17645e-05              1       1.27e-06  
   665         666      1.17642e-05              1       1.31e-06  
   666         667      1.17638e-05              1       1.62e-06  
   667         668      1.17635e-05              1       1.49e-06  
   668         669      1.17632e-05              1       1.26e-06  
   669         670      1.17628e-05              1       1.34e-06  
   670         671      1.17624e-05              1       1.67e-06  
   671         672      1.17621e-05              1       1.49e-06  
   672         673      1.17617e-05              1       1.42e-06  
   673         674      1.17614e-05              1       1.37e-06  
   674         675       1.1761e-05              1       1.46e-06  
   675         676      1.17607e-05              1       1.53e-06  
   676         677      1.17603e-05              1       1.31e-06  
   677         678      1.17599e-05              1        1.6e-06  
   678         679      1.17595e-05              1       1.55e-06  
   679         680      1.17592e-05              1       1.37e-06  
                                                        First-order 
 Iteration  Func-count       f(x)        Step-size       optimality
   680         681      1.17588e-05              1        1.3e-06  
   681         682      1.17584e-05              1       1.38e-06  
   682         683       1.1758e-05              1       1.53e-06  
   683         684      1.17577e-05              1       1.41e-06  
   684         685      1.17573e-05              1       1.31e-06  
   685         686       1.1757e-05              1       1.68e-06  
   686         687      1.17567e-05              1       1.56e-06  
   687         688      1.17564e-05              1       1.46e-06  
   688         689       1.1756e-05              1       1.42e-06  
   689         690      1.17556e-05              1       1.35e-06  
   690         691      1.17553e-05              1       1.54e-06  
   691         692      1.17549e-05              1       1.61e-06  
   692         693      1.17546e-05              1        1.5e-06  
   693         694      1.17542e-05              1       1.53e-06  
   694         695      1.17539e-05              1       1.49e-06  
   695         696      1.17536e-05              1       1.32e-06  
   696         697      1.17533e-05              1       1.24e-06  
   697         698      1.17529e-05              1       1.29e-06  
   698         699      1.17526e-05              1       1.37e-06  
   699         700      1.17522e-05              1       1.37e-06  
                                                        First-order 
 Iteration  Func-count       f(x)        Step-size       optimality
   700         701      1.17518e-05              1       1.39e-06  
   701         702      1.17514e-05              1       1.47e-06  
   702         703      1.17511e-05              1       1.52e-06  
   703         704      1.17508e-05              1       1.35e-06  
   704         705      1.17505e-05              1       1.21e-06  
   705         706      1.17502e-05              1       1.17e-06  
   706         707        1.175e-05              1       1.17e-06  
   707         708      1.17497e-05              1       1.17e-06  
   708         709      1.17494e-05              1       1.14e-06  
   709         710      1.17492e-05              1       1.17e-06  
   710         711      1.17489e-05              1       1.38e-06  
   711         712      1.17486e-05              1        1.5e-06  
   712         713      1.17484e-05              1       1.48e-06  
   713         714      1.17482e-05              1       1.19e-06  
   714         715      1.17479e-05              1        1.3e-06  
   715         716      1.17477e-05              1       1.07e-06  
   716         717      1.17475e-05              1       1.01e-06  
   717         718      1.17473e-05              1       9.74e-07  
   718         719      1.17471e-05              1       8.88e-07  
   719         720       1.1747e-05              1       9.79e-07  
                                                        First-order 
 Iteration  Func-count       f(x)        Step-size       optimality
   720         721      1.17468e-05              1       1.04e-06  
   721         722      1.17467e-05              1       9.74e-07  
   722         723      1.17465e-05              1       8.46e-07  
   723         724      1.17464e-05              1       8.01e-07  
   724         725      1.17463e-05              1       8.75e-07  
   725         726      1.17462e-05              1       8.84e-07  
   726         727       1.1746e-05              1       9.08e-07  
   727         728      1.17459e-05              1       9.15e-07  
   728         729      1.17458e-05              1       8.67e-07  
   729         730      1.17456e-05              1       7.97e-07  
   730         731      1.17455e-05              1       8.26e-07  
   731         732      1.17454e-05              1       7.46e-07  
   732         733      1.17454e-05              1       5.97e-07  
   733         734      1.17453e-05              1        6.5e-07  
   734         735      1.17452e-05              1       5.96e-07  
   735         736      1.17451e-05              1        6.5e-07  
   736         737      1.17451e-05              1       5.82e-07  
   737         738       1.1745e-05              1       5.87e-07  
   738         739      1.17449e-05              1       6.41e-07  
   739         740      1.17449e-05              1       7.19e-07  
                                                        First-order 
 Iteration  Func-count       f(x)        Step-size       optimality
   740         741      1.17448e-05              1       7.65e-07  
   741         742      1.17448e-05              1       5.99e-07  
   742         743      1.17447e-05              1       5.69e-07  
   743         744      1.17447e-05              1       5.67e-07  
   744         745      1.17446e-05              1       6.29e-07  
   745         746      1.17446e-05              1       5.69e-07  
   746         747      1.17445e-05              1       5.24e-07  
   747         748      1.17445e-05              1       5.79e-07  
   748         749      1.17444e-05              1       5.57e-07  
   749         750      1.17444e-05              1       4.81e-07  
   750         751      1.17443e-05              1       4.87e-07  
   751         752      1.17443e-05              1       5.72e-07  
   752         753      1.17442e-05              1       5.02e-07  
   753         754      1.17442e-05              1       5.01e-07  
   754         755      1.17441e-05              1       4.26e-07  
   755         756      1.17441e-05              1       4.64e-07  
   756         757      1.17441e-05              1       4.17e-07  
   757         758       1.1744e-05              1       4.31e-07  
   758         759       1.1744e-05              1        4.5e-07  
   759         760       1.1744e-05              1       3.53e-07  
                                                        First-order 
 Iteration  Func-count       f(x)        Step-size       optimality
   760         761       1.1744e-05              1       3.36e-07  
   761         762      1.17439e-05              1       3.62e-07  
   762         763      1.17439e-05              1       3.59e-07  
   763         764      1.17439e-05              1        3.4e-07  
   764         765      1.17439e-05              1       3.44e-07  
   765         766      1.17438e-05              1       3.33e-07  
   766         767      1.17438e-05              1       3.35e-07  
   767         768      1.17438e-05              1       2.93e-07  
   768         769      1.17438e-05              1       2.97e-07  
   769         770      1.17438e-05              1       2.74e-07  
   770         771      1.17438e-05              1       2.89e-07  
   771         772      1.17437e-05              1       2.91e-07  
   772         773      1.17437e-05              1       3.17e-07  
   773         774      1.17437e-05              1       3.04e-07  
   774         775      1.17437e-05              1       3.15e-07  
   775         776      1.17437e-05              1       3.06e-07  
   776         777      1.17437e-05              1       3.39e-07  
   777         778      1.17436e-05              1       3.43e-07  
   778         779      1.17436e-05              1       3.96e-07  
   779         780      1.17436e-05              1       3.26e-07  
                                                        First-order 
 Iteration  Func-count       f(x)        Step-size       optimality
   780         781      1.17436e-05              1       3.37e-07  
   781         782      1.17436e-05              1       3.62e-07  
   782         783      1.17436e-05              1       3.38e-07  
   783         784      1.17435e-05              1        3.2e-07  
   784         785      1.17435e-05              1       3.57e-07  
   785         786      1.17435e-05              1       3.64e-07  
   786         787      1.17435e-05              1       3.09e-07  
   787         788      1.17435e-05              1       3.03e-07  
   788         789      1.17435e-05              1       2.69e-07  
   789         790      1.17434e-05              1       3.18e-07  
   790         791      1.17434e-05              1       3.04e-07  
   791         792      1.17434e-05              1       2.58e-07  
   792         793      1.17434e-05              1       2.73e-07  
   793         794      1.17434e-05              1       2.74e-07  
   794         795      1.17434e-05              1       2.72e-07  
   795         796      1.17434e-05              1       2.94e-07  
   796         797      1.17433e-05              1       3.18e-07  
   797         798      1.17433e-05              1       2.56e-07  
   798         799      1.17433e-05              1        2.8e-07  
   799         800      1.17433e-05              1       2.97e-07  
                                                        First-order 
 Iteration  Func-count       f(x)        Step-size       optimality
   800         801      1.17433e-05              1       3.31e-07  
   801         802      1.17433e-05              1       3.03e-07  
   802         803      1.17432e-05              1       3.28e-07  
   803         804      1.17432e-05              1       3.45e-07  
   804         805      1.17432e-05              1       4.56e-07  
   805         806      1.17432e-05              1       4.03e-07  
   806         807      1.17432e-05              1       3.42e-07  
   807         808      1.17431e-05              1       3.59e-07  
   808         809      1.17431e-05              1       3.61e-07  
   809         810      1.17431e-05              1       3.67e-07  
   810         811      1.17431e-05              1       3.34e-07  
   811         812      1.17431e-05              1       3.18e-07  
   812         813       1.1743e-05              1       3.51e-07  
   813         814       1.1743e-05              1       3.33e-07  
   814         815       1.1743e-05              1       3.23e-07  
   815         816       1.1743e-05              1       3.72e-07  
   816         817       1.1743e-05              1       3.27e-07  
   817         818      1.17429e-05              1       3.36e-07  
   818         819      1.17429e-05              1       3.07e-07  
   819         820      1.17429e-05              1       3.15e-07  
                                                        First-order 
 Iteration  Func-count       f(x)        Step-size       optimality
   820         821      1.17429e-05              1       3.83e-07  
   821         822      1.17429e-05              1       3.31e-07  
   822         823      1.17429e-05              1       2.87e-07  
   823         824      1.17428e-05              1       2.75e-07  
   824         825      1.17428e-05              1       2.75e-07  
   825         826      1.17428e-05              1        2.7e-07  
   826         827      1.17428e-05              1       2.57e-07  
   827         828      1.17428e-05              1       2.81e-07  
   828         829      1.17428e-05              1        2.9e-07  
   829         830      1.17428e-05              1       2.65e-07  
   830         831      1.17428e-05              1       2.55e-07  
   831         832      1.17427e-05              1          3e-07  
   832         833      1.17427e-05              1       3.06e-07  
   833         834      1.17427e-05              1       2.81e-07  
   834         835      1.17427e-05              1       2.87e-07  
   835         836      1.17427e-05              1       2.83e-07  
   836         837      1.17427e-05              1        2.9e-07  
   837         838      1.17427e-05              1       3.18e-07  
   838         839      1.17426e-05              1        2.7e-07  
   839         840      1.17426e-05              1       3.34e-07  
                                                        First-order 
 Iteration  Func-count       f(x)        Step-size       optimality
   840         841      1.17426e-05              1       2.86e-07  
   841         842      1.17426e-05              1       3.59e-07  
   842         843      1.17426e-05              1       3.56e-07  
   843         844      1.17426e-05              1       3.76e-07  
   844         845      1.17426e-05              1        4.3e-07  
   845         846      1.17425e-05              1       3.62e-07  
   846         847      1.17425e-05              1        3.4e-07  
   847         848      1.17425e-05              1       3.24e-07  
   848         849      1.17425e-05              1       3.77e-07  
   849         850      1.17425e-05              1       4.49e-07  
   850         851      1.17425e-05              1       4.48e-07  
   851         852      1.17425e-05              1       3.48e-07  
   852         853      1.17424e-05              1       3.62e-07  
   853         854      1.17424e-05              1       3.71e-07  
   854         855      1.17424e-05              1       4.41e-07  
   855         856      1.17424e-05              1       5.01e-07  
   856         857      1.17424e-05              1       3.69e-07  
   857         858      1.17423e-05              1       4.02e-07  
   858         859      1.17423e-05              1        4.2e-07  
   859         860      1.17423e-05              1       5.15e-07  
                                                        First-order 
 Iteration  Func-count       f(x)        Step-size       optimality
   860         861      1.17422e-05              1       4.85e-07  
   861         862      1.17422e-05              1        3.7e-07  
   862         863      1.17422e-05              1       4.22e-07  
   863         864      1.17421e-05              1       4.78e-07  
   864         865      1.17421e-05              1       5.25e-07  
   865         866      1.17421e-05              1       5.51e-07  
   866         867       1.1742e-05              1       5.46e-07  
   867         868       1.1742e-05              1       5.44e-07  
   868         869      1.17419e-05              1       5.31e-07  
   869         870      1.17419e-05              1       5.81e-07  
   870         871      1.17418e-05              1       5.83e-07  
   871         872      1.17417e-05              1       5.99e-07  
   872         873      1.17417e-05              1       5.99e-07  
   873         874      1.17416e-05              1       7.25e-07  
   874         875      1.17415e-05              1       8.38e-07  
   875         876      1.17414e-05              1       9.13e-07  
   876         877      1.17413e-05              1       9.25e-07  
   877         878      1.17412e-05              1        8.8e-07  
   878         879      1.17411e-05              1       8.59e-07  
   879         880       1.1741e-05              1       9.07e-07  
                                                        First-order 
 Iteration  Func-count       f(x)        Step-size       optimality
   880         881      1.17408e-05              1       1.01e-06  
   881         882      1.17407e-05              1       1.08e-06  
   882         883      1.17405e-05              1       1.14e-06  
   883         884      1.17404e-05              1       1.08e-06  
   884         885      1.17402e-05              1       1.25e-06  
   885         886        1.174e-05              1       1.44e-06  
   886         887      1.17398e-05              1       1.26e-06  
   887         888      1.17396e-05              1       1.13e-06  
   888         889      1.17394e-05              1       1.51e-06  
   889         890      1.17391e-05              1       1.44e-06  
   890         891      1.17389e-05              1       1.13e-06  
   891         892      1.17386e-05              1       1.16e-06  
   892         893      1.17384e-05              1       1.23e-06  
   893         894      1.17382e-05              1       1.23e-06  
   894         895      1.17379e-05              1        1.3e-06  
   895         896      1.17376e-05              1       1.19e-06  
   896         897      1.17374e-05              1       1.24e-06  
   897         898      1.17371e-05              1       1.37e-06  
   898         899      1.17369e-05              1       1.18e-06  
   899         900      1.17366e-05              1       1.18e-06  
                                                        First-order 
 Iteration  Func-count       f(x)        Step-size       optimality
   900         901      1.17364e-05              1       1.26e-06  
   901         902      1.17361e-05              1       1.25e-06  
   902         903      1.17358e-05              1       1.45e-06  
   903         904      1.17356e-05              1       1.36e-06  
   904         905      1.17353e-05              1       1.43e-06  
   905         906       1.1735e-05              1       1.65e-06  
   906         907      1.17347e-05              1       1.37e-06  
   907         908      1.17344e-05              1       1.17e-06  
   908         909      1.17341e-05              1       1.24e-06  
   909         910      1.17339e-05              1       1.65e-06  
   910         911      1.17336e-05              1       1.35e-06  
   911         912      1.17334e-05              1       1.13e-06  
   912         913      1.17332e-05              1       1.05e-06  
   913         914       1.1733e-05              1       1.02e-06  
   914         915      1.17328e-05              1       1.18e-06  
   915         916      1.17326e-05              1       1.02e-06  
   916         917      1.17324e-05              1       8.98e-07  
   917         918      1.17323e-05              1          1e-06  
   918         919      1.17321e-05              1       1.14e-06  
   919         920      1.17319e-05              1       1.18e-06  
                                                        First-order 
 Iteration  Func-count       f(x)        Step-size       optimality
   920         921      1.17318e-05              1        8.8e-07  
   921         922      1.17316e-05              1       8.29e-07  
   922         923      1.17315e-05              1       9.41e-07  
   923         924      1.17314e-05              1       8.13e-07  
   924         925      1.17312e-05              1       8.51e-07  
   925         926      1.17311e-05              1       1.07e-06  
   926         927       1.1731e-05              1       9.19e-07  
   927         928      1.17308e-05              1       7.84e-07  
   928         929      1.17307e-05              1       6.99e-07  
   929         930      1.17306e-05              1       7.43e-07  
   930         931      1.17305e-05              1       6.69e-07  
   931         932      1.17304e-05              1        6.6e-07  
   932         933      1.17304e-05              1       5.77e-07  
   933         934      1.17303e-05              1       5.77e-07  
   934         935      1.17302e-05              1       6.49e-07  
   935         936      1.17302e-05              1       6.47e-07  
   936         937      1.17301e-05              1       5.59e-07  
   937         938        1.173e-05              1       5.44e-07  
   938         939        1.173e-05              1       6.18e-07  
   939         940      1.17299e-05              1       5.14e-07  
                                                        First-order 
 Iteration  Func-count       f(x)        Step-size       optimality
   940         941      1.17299e-05              1       5.24e-07  
   941         942      1.17298e-05              1       4.82e-07  
   942         943      1.17298e-05              1       5.39e-07  
   943         944      1.17297e-05              1       4.64e-07  
   944         945      1.17297e-05              1       4.72e-07  
   945         946      1.17296e-05              1       4.44e-07  
   946         947      1.17296e-05              1       4.36e-07  
   947         948      1.17296e-05              1       4.66e-07  
   948         949      1.17295e-05              1        4.9e-07  
   949         950      1.17295e-05              1       4.81e-07  
   950         951      1.17295e-05              1       4.21e-07  
   951         952      1.17294e-05              1       3.83e-07  
   952         953      1.17294e-05              1       3.71e-07  
   953         954      1.17294e-05              1       4.05e-07  
   954         955      1.17294e-05              1       4.27e-07  
   955         956      1.17293e-05              1       4.36e-07  
   956         957      1.17293e-05              1       3.86e-07  
   957         958      1.17293e-05              1          4e-07  
   958         959      1.17292e-05              1       3.66e-07  
   959         960      1.17292e-05              1        3.6e-07  
                                                        First-order 
 Iteration  Func-count       f(x)        Step-size       optimality
   960         961      1.17292e-05              1       4.15e-07  
   961         962      1.17292e-05              1       3.79e-07  
   962         963      1.17291e-05              1       4.07e-07  
   963         964      1.17291e-05              1       4.29e-07  
   964         965      1.17291e-05              1       3.79e-07  
   965         966      1.17291e-05              1       3.58e-07  
   966         967       1.1729e-05              1       3.67e-07  
   967         968       1.1729e-05              1       3.47e-07  
   968         969       1.1729e-05              1       3.77e-07  
   969         970       1.1729e-05              1        4.1e-07  
   970         971       1.1729e-05              1       3.92e-07  
   971         972      1.17289e-05              1       4.09e-07  
   972         973      1.17289e-05              1       3.82e-07  
   973         974      1.17289e-05              1       3.76e-07  
   974         975      1.17289e-05              1       3.76e-07  
   975         976      1.17288e-05              1       3.42e-07  
   976         977      1.17288e-05              1       3.13e-07  
   977         978      1.17288e-05              1       3.13e-07  
   978         979      1.17288e-05              1        3.3e-07  
   979         980      1.17288e-05              1       3.52e-07  
                                                        First-order 
 Iteration  Func-count       f(x)        Step-size       optimality
   980         981      1.17287e-05              1       3.31e-07  
   981         982      1.17287e-05              1       3.05e-07  
   982         983      1.17287e-05              1       3.21e-07  
   983         984      1.17287e-05              1       3.24e-07  
   984         985      1.17287e-05              1       3.34e-07  
   985         986      1.17286e-05              1       2.85e-07  
   986         987      1.17286e-05              1       2.85e-07  
   987         988      1.17286e-05              1       2.68e-07  
   988         989      1.17286e-05              1       2.98e-07  
   989         990      1.17286e-05              1       2.69e-07  
   990         991      1.17286e-05              1        3.1e-07  
   991         992      1.17285e-05              1        3.2e-07  
   992         993      1.17285e-05              1       3.01e-07  
   993         994      1.17285e-05              1       2.81e-07  
   994         995      1.17285e-05              1       3.27e-07  
   995         996      1.17285e-05              1       3.18e-07  
   996         997      1.17285e-05              1       2.74e-07  
   997         998      1.17284e-05              1       2.73e-07  
   998         999      1.17284e-05              1       2.73e-07  
   999        1000      1.17284e-05              1       2.43e-07  
                                                        First-order 
 Iteration  Func-count       f(x)        Step-size       optimality
  1000        1001      1.17284e-05              1       2.89e-07  
  1001        1002      1.17284e-05              1       2.76e-07  
  1002        1003      1.17284e-05              1       2.98e-07  
  1003        1004      1.17284e-05              1       2.92e-07  
  1004        1005      1.17284e-05              1        2.7e-07  
  1005        1006      1.17283e-05              1       2.19e-07  
  1006        1007      1.17283e-05              1        2.8e-07  
  1007        1008      1.17283e-05              1       3.27e-07  
  1008        1009      1.17283e-05              1       2.62e-07  
  1009        1010      1.17283e-05              1        2.9e-07  
  1010        1011      1.17283e-05              1        2.8e-07  
  1011        1012      1.17283e-05              1       3.13e-07  
  1012        1013      1.17283e-05              1       2.79e-07  
  1013        1014      1.17282e-05              1       2.39e-07  
  1014        1015      1.17282e-05              1        2.2e-07  
  1015        1016      1.17282e-05              1       2.27e-07  
  1016        1017      1.17282e-05              1       2.18e-07  
  1017        1018      1.17282e-05              1       2.41e-07  
  1018        1019      1.17282e-05              1       3.25e-07  
  1019        1020      1.17282e-05              1       3.14e-07  
                                                        First-order 
 Iteration  Func-count       f(x)        Step-size       optimality
  1020        1021      1.17282e-05              1       2.26e-07  
  1021        1022      1.17282e-05              1       2.09e-07  
  1022        1023      1.17281e-05              1       2.18e-07  
  1023        1024      1.17281e-05              1       2.41e-07  
  1024        1025      1.17281e-05              1       2.61e-07  
  1025        1026      1.17281e-05              1        2.1e-07  
  1026        1027      1.17281e-05              1        2.2e-07  
  1027        1028      1.17281e-05              1       2.13e-07  
  1028        1029      1.17281e-05              1       2.01e-07  
  1029        1030      1.17281e-05              1       2.31e-07  
  1030        1031      1.17281e-05              1       2.37e-07  
  1031        1032      1.17281e-05              1        2.4e-07  
  1032        1033      1.17281e-05              1       2.07e-07  
  1033        1034      1.17281e-05              1       2.18e-07  
  1034        1035       1.1728e-05              1       2.19e-07  
  1035        1036       1.1728e-05              1       2.65e-07  
  1036        1037       1.1728e-05              1       2.18e-07  
  1037        1038       1.1728e-05              1       1.97e-07  
  1038        1039       1.1728e-05              1          2e-07  
  1039        1040       1.1728e-05              1       2.14e-07  
                                                        First-order 
 Iteration  Func-count       f(x)        Step-size       optimality
  1040        1041       1.1728e-05              1       2.08e-07  
  1041        1042       1.1728e-05              1       1.94e-07  
  1042        1043       1.1728e-05              1       1.99e-07  
  1043        1044       1.1728e-05              1       2.15e-07  
  1044        1045       1.1728e-05              1       2.07e-07  
  1045        1046       1.1728e-05              1       2.47e-07  
  1046        1047      1.17279e-05              1       2.25e-07  
  1047        1048      1.17279e-05              1       2.18e-07  
  1048        1049      1.17279e-05              1       1.99e-07  
  1049        1050      1.17279e-05              1       1.97e-07  
  1050        1051      1.17279e-05              1       1.84e-07  
  1051        1052      1.17279e-05              1       1.94e-07  
  1052        1053      1.17279e-05              1       2.21e-07  
  1053        1054      1.17279e-05              1       2.71e-07  
  1054        1055      1.17279e-05              1       2.83e-07  
  1055        1056      1.17279e-05              1       2.36e-07  
  1056        1057      1.17279e-05              1       1.91e-07  
  1057        1058      1.17279e-05              1        1.9e-07  
  1058        1059      1.17279e-05              1       1.61e-07  
  1059        1060      1.17279e-05              1        1.5e-07  
                                                        First-order 
 Iteration  Func-count       f(x)        Step-size       optimality
  1060        1061      1.17279e-05              1        1.4e-07  
  1061        1062      1.17279e-05              1       1.36e-07  
  1062        1063      1.17279e-05              1       1.45e-07  
  1063        1064      1.17278e-05              1       1.76e-07  
  1064        1065      1.17278e-05              1       1.72e-07  
  1065        1066      1.17278e-05              1       1.66e-07  
  1066        1067      1.17278e-05              1       1.84e-07  
  1067        1068      1.17278e-05              1       1.62e-07  
  1068        1069      1.17278e-05              1       1.45e-07  
  1069        1070      1.17278e-05              1       1.54e-07  
  1070        1071      1.17278e-05              1       1.63e-07  
  1071        1072      1.17278e-05              1       1.58e-07  
  1072        1073      1.17278e-05              1       1.56e-07  
  1073        1074      1.17278e-05              1       1.34e-07  
  1074        1075      1.17278e-05              1       1.71e-07  
  1075        1076      1.17278e-05              1       1.72e-07  
  1076        1077      1.17278e-05              1       1.52e-07  
  1077        1078      1.17278e-05              1       1.44e-07  
  1078        1079      1.17278e-05              1       1.43e-07  
  1079        1080      1.17278e-05              1       1.53e-07  
                                                        First-order 
 Iteration  Func-count       f(x)        Step-size       optimality
  1080        1081      1.17278e-05              1       1.66e-07  
  1081        1082      1.17278e-05              1       1.79e-07  
  1082        1083      1.17278e-05              1       1.76e-07  
  1083        1084      1.17278e-05              1       1.97e-07  
  1084        1085      1.17278e-05              1       1.64e-07  
  1085        1086      1.17278e-05              1       1.58e-07  
  1086        1087      1.17277e-05              1       1.43e-07  
  1087        1088      1.17277e-05              1       1.68e-07  
  1088        1089      1.17277e-05              1       1.32e-07  
  1089        1090      1.17277e-05              1       1.36e-07  
  1090        1091      1.17277e-05              1       1.58e-07  
  1091        1092      1.17277e-05              1       1.25e-07  
  1092        1093      1.17277e-05              1        1.2e-07  
  1093        1094      1.17277e-05              1       1.51e-07  
  1094        1095      1.17277e-05              1       1.54e-07  
  1095        1096      1.17277e-05              1       1.59e-07  
  1096        1097      1.17277e-05              1       1.43e-07  
  1097        1098      1.17277e-05              1       1.39e-07  
  1098        1099      1.17277e-05              1       1.36e-07  
  1099        1100      1.17277e-05              1       1.28e-07  
                                                        First-order 
 Iteration  Func-count       f(x)        Step-size       optimality
  1100        1101      1.17277e-05              1       1.29e-07  
  1101        1102      1.17277e-05              1       1.24e-07  
  1102        1103      1.17277e-05              1       1.15e-07  
  1103        1104      1.17277e-05              1       1.29e-07  
  1104        1105      1.17277e-05              1       1.29e-07  
  1105        1106      1.17277e-05              1       1.24e-07  
  1106        1107      1.17277e-05              1       1.28e-07  
  1107        1108      1.17277e-05              1        1.2e-07  
  1108        1109      1.17277e-05              1       1.17e-07  
  1109        1110      1.17277e-05              1       1.22e-07  
  1110        1111      1.17277e-05              1       1.43e-07  
  1111        1112      1.17277e-05              1       1.18e-07  
  1112        1113      1.17277e-05              1       1.19e-07  
  1113        1114      1.17277e-05              1       1.22e-07  
  1114        1115      1.17277e-05              1       1.11e-07  
  1115        1116      1.17277e-05              1        1.3e-07  
  1116        1117      1.17277e-05              1        1.3e-07  
  1117        1118      1.17277e-05              1       1.36e-07  
  1118        1119      1.17276e-05              1       1.49e-07  
  1119        1120      1.17276e-05              1       1.31e-07  
                                                        First-order 
 Iteration  Func-count       f(x)        Step-size       optimality
  1120        1121      1.17276e-05              1       1.16e-07  
  1121        1122      1.17276e-05              1        1.1e-07  
  1122        1123      1.17276e-05              1       9.63e-08  

Optimization completed: The <a href = "matlab: helpview([docroot '/toolbox/optim/msg_csh/optim_msg_csh.map'],'first_order_opt_unc','CSHelpWindow');">first-order optimality measure</a>, 9.313199e-08, is less 
than <a href = "matlab: helpview([docroot '/toolbox/optim/msg_csh/optim_msg_csh.map'],'tolfun','CSHelpWindow');">options.TolFun</a> = 1.000000e-07.

Optimization Metric                                            Options
relative norm(gradient) =   9.31e-08                  TolFun =   1e-07 (selected)

