flow iter#1; |dv| = 3.24376
flow iter#2; |dv| = 2.62904
flow iter#3; |dv| = 1.62724
flow iter#4; |dv| = 1.14092
flow iter#5; |dv| = 0.912649
flow iter#6; |dv| = 0.727499
flow iter#7; |dv| = 0.615284
flow iter#8; |dv| = 0.561754
flow iter#9; |dv| = 0.529466
flow iter#10; |dv| = 0.495649
flow iter#11; |dv| = 0.454068
flow iter#12; |dv| = 0.406251
flow iter#13; |dv| = 0.355731
flow iter#14; |dv| = 0.305712
flow iter#15; |dv| = 0.258464
flow iter#16; |dv| = 0.215359
flow iter#17; |dv| = 0.177093
flow iter#18; |dv| = 0.143899
flow iter#19; |dv| = 0.115715
flow iter#20; |dv| = 0.0923115
flow iter#21; |dv| = 0.0733717
flow iter#22; |dv| = 0.0585391
flow iter#23; |dv| = 0.0474298
flow iter#24; |dv| = 0.0396034
flow iter#25; |dv| = 0.0345118
flow iter#26; |dv| = 0.0314935
flow iter#27; |dv| = 0.0298646
flow iter#28; |dv| = 0.0290516
flow iter#29; |dv| = 0.0286587
flow iter#30; |dv| = 0.028455
flow iter#31; |dv| = 0.0283244
flow iter#32; |dv| = 0.028218
flow iter#33; |dv| = 0.0281211
flow iter#34; |dv| = 0.0280333
flow iter#35; |dv| = 0.0279586
flow iter#36; |dv| = 0.0278999
flow iter#37; |dv| = 0.0278583
flow iter#38; |dv| = 0.0278327
flow iter#39; |dv| = 0.0278207
flow iter#40; |dv| = 0.0278189
flow iter#41; |dv| = 0.0278243

About to descent, first step might be slow...

descent iter#1; J = 0.0792353; |GJ| = 0.0092771; tau = 900

descent iter#2; J = 0.0142108; |GJ| = 0.0179383; tau = 7.03125

descent iter#3; J = 0.0121522; |GJ| = 0.0126853; tau = 7.03125

descent iter#4; J = 0.0111151; |GJ| = 0.009788; tau = 7.03125

descent iter#5; J = 0.0104911; |GJ| = 0.00800808; tau = 7.03125

descent iter#6; J = 0.0100681; |GJ| = 0.00683137; tau = 7.03125

descent iter#7; J = 0.00975569; |GJ| = 0.00602014; tau = 14.0625

descent iter#8; J = 0.00928868; |GJ| = 0.00495104; tau = 14.0625

descent iter#9; J = 0.00895404; |GJ| = 0.00442642; tau = 28.125

descent iter#10; J = 0.00841716; |GJ| = 0.00392192; tau = 56.25

descent iter#11; J = 0.0075368; |GJ| = 0.0035203; tau = 112.5

descent iter#12; J = 0.00613295; |GJ| = 0.00316465; tau = 112.5

descent iter#13; J = 0.00506398; |GJ| = 0.00259728; tau = 56.25

descent iter#14; J = 0.00469526; |GJ| = 0.00282377; tau = 28.125

descent iter#15; J = 0.00451206; |GJ| = 0.0022951; tau = 56.25

descent iter#16; J = 0.00420888; |GJ| = 0.00251319; tau = 28.125

descent iter#17; J = 0.00406218; |GJ| = 0.00214031; tau = 28.125

descent iter#18; J = 0.00392703; |GJ| = 0.00218498; tau = 28.125

descent iter#19; J = 0.00380911; |GJ| = 0.00198404; tau = 28.125

descent iter#20; J = 0.00369685; |GJ| = 0.00205863; tau = 28.125

descent iter#21; J = 0.00359965; |GJ| = 0.00192809; tau = 28.125

descent iter#22; J = 0.00350253; |GJ| = 0.00207252; tau = 14.0625

descent iter#23; J = 0.0034491; |GJ| = 0.0017279; tau = 112.5

descent iter#24; J = 0.00313828; |GJ| = 0.00228449; tau = 7.03125

descent iter#25; J = 0.00309915; |GJ| = 0.00163494; tau = 14.0625

descent iter#26; J = 0.0030637; |GJ| = 0.0015095; tau = 112.5

descent iter#27; J = 0.00281486; |GJ| = 0.00168236; tau = 14.0625

descent iter#28; J = 0.00278246; |GJ| = 0.00139755; tau = 28.125

descent iter#29; J = 0.0027276; |GJ| = 0.00142881; tau = 28.125

descent iter#30; J = 0.00268164; |GJ| = 0.00151534; tau = 14.0625

descent iter#31; J = 0.00264825; |GJ| = 0.00134121; tau = 112.5

descent iter#32; J = 0.00247564; |GJ| = 0.00194864; tau = 14.0625

descent iter#33; J = 0.00242633; |GJ| = 0.00128546; tau = 28.125

descent iter#34; J = 0.00238554; |GJ| = 0.0013693; tau = 14.0625

descent iter#35; J = 0.00235898; |GJ| = 0.00122594; tau = 112.5

descent iter#36; J = 0.00221607; |GJ| = 0.00185793; tau = 14.0625

descent iter#37; J = 0.002172; |GJ| = 0.00117451; tau = 14.0625

descent iter#38; J = 0.00215324; |GJ| = 0.0011312; tau = 56.25

descent iter#39; J = 0.00208189; |GJ| = 0.00120237; tau = 14.0625

descent iter#40; J = 0.00206373; |GJ| = 0.00109947; tau = 28.125

descent iter#41; J = 0.00202953; |GJ| = 0.00109994; tau = 28.125

descent iter#42; J = 0.00200085; |GJ| = 0.00119724; tau = 14.0625

descent iter#43; J = 0.00198048; |GJ| = 0.00104067; tau = 56.25

descent iter#44; J = 0.00192571; |GJ| = 0.00126029; tau = 14.0625

descent iter#45; J = 0.00190393; |GJ| = 0.00100837; tau = 28.125

descent iter#46; J = 0.00187728; |GJ| = 0.00105753; tau = 28.125

descent iter#47; J = 0.0018496; |GJ| = 0.00113735; tau = 14.0625

descent iter#48; J = 0.00183446; |GJ| = 0.000989889; tau = 28.125

descent iter#49; J = 0.00180727; |GJ| = 0.00100907; tau = 14.0625

descent iter#50; J = 0.00179399; |GJ| = 0.000947275; tau = 56.25

descent iter#51; J = 0.00174522; |GJ| = 0.00110964; tau = 14.0625

descent iter#52; J = 0.00173129; |GJ| = 0.000939675; tau = 14.0625

descent iter#53; J = 0.00171793; |GJ| = 0.000889646; tau = 112.5

descent iter#54; J = 0.00163242; |GJ| = 0.00116857; tau = 14.0625

descent iter#55; J = 0.00161413; |GJ| = 0.000861069; tau = 14.0625

descent iter#56; J = 0.00160386; |GJ| = 0.000828885; tau = 56.25

descent iter#57; J = 0.00156419; |GJ| = 0.000935521; tau = 14.0625

descent iter#58; J = 0.0015538; |GJ| = 0.000815709; tau = 14.0625

descent iter#59; J = 0.00154328; |GJ| = 0.000781656; tau = 112.5

descent iter#60; J = 0.00147471; |GJ| = 0.00102754; tau = 14.0625

descent iter#61; J = 0.00146007; |GJ| = 0.000776706; tau = 14.0625

descent iter#62; J = 0.00145184; |GJ| = 0.000736909; tau = 56.25

descent iter#63; J = 0.00142; |GJ| = 0.000908291; tau = 7.03125

descent iter#64; J = 0.00141412; |GJ| = 0.000719171; tau = 28.125

descent iter#65; J = 0.00139967; |GJ| = 0.000754447; tau = 28.125

descent iter#66; J = 0.00138426; |GJ| = 0.000875145; tau = 7.03125

descent iter#67; J = 0.00137885; |GJ| = 0.000698317; tau = 28.125

descent iter#68; J = 0.00136499; |GJ| = 0.000730827; tau = 28.125

descent iter#69; J = 0.00135009; |GJ| = 0.000847963; tau = 7.03125

descent iter#70; J = 0.00134505; |GJ| = 0.000679939; tau = 56.25

descent iter#71; J = 0.00132053; |GJ| = 0.000892875; tau = 14.0625

descent iter#72; J = 0.00130879; |GJ| = 0.000719182; tau = 14.0625

descent iter#73; J = 0.00130224; |GJ| = 0.000675155; tau = 14.0625

descent iter#74; J = 0.0012943; |GJ| = 0.000654862; tau = 56.25

descent iter#75; J = 0.00126909; |GJ| = 0.000792103; tau = 14.0625

descent iter#76; J = 0.00125882; |GJ| = 0.000692327; tau = 14.0625

descent iter#77; J = 0.00125246; |GJ| = 0.000656365; tau = 14.0625

descent iter#78; J = 0.00124446; |GJ| = 0.000642181; tau = 56.25

descent iter#79; J = 0.0012199; |GJ| = 0.0008218; tau = 14.0625

descent iter#80; J = 0.00120861; |GJ| = 0.000733015; tau = 14.0625

descent iter#81; J = 0.00120237; |GJ| = 0.000666799; tau = 14.0625

descent iter#82; J = 0.00119338; |GJ| = 0.000657391; tau = 14.0625

descent iter#83; J = 0.00118656; |GJ| = 0.00063077; tau = 28.125

descent iter#84; J = 0.00117072; |GJ| = 0.000733503; tau = 14.0625

descent iter#85; J = 0.00116428; |GJ| = 0.000661101; tau = 14.0625

descent iter#86; J = 0.00115468; |GJ| = 0.000680652; tau = 14.0625

descent iter#87; J = 0.00114764; |GJ| = 0.000632707; tau = 14.0625

descent iter#88; J = 0.00113838; |GJ| = 0.000663088; tau = 14.0625

descent iter#89; J = 0.00113089; |GJ| = 0.000623679; tau = 28.125

descent iter#90; J = 0.00111379; |GJ| = 0.000821422; tau = 7.03125
....................................
descent iter#91; J = 0.0011092; |GJ| = 0.000627486; tau = 236.026

descent iter#92; J = 0.00103485; |GJ| = 0.00315247; tau = 3.68791
...................................
descent iter#93; J = 0.000974914; |GJ| = 0.000610236; tau = 72.3211

descent iter#94; J = 0.000953369; |GJ| = 0.00142515; tau = 4.52007

descent iter#95; J = 0.000942837; |GJ| = 0.000610876; tau = 4.52007

descent iter#96; J = 0.00094027; |GJ| = 0.00062476; tau = 18.0803
....................................
descent iter#97; J = 0.000933471; |GJ| = 0.000590999; tau = 12.7944

descent iter#98; J = 0.000929896; |GJ| = 0.000842964; tau = 3.1986

descent iter#99; J = 0.000927085; |GJ| = 0.00061536; tau = 25.5888

descent iter#100; J = 0.000917898; |GJ| = 0.000593224; tau = 6.3972

descent iter#101; J = 0.000915437; |GJ| = 0.000670812; tau = 6.3972
....................................
descent iter#102; J = 0.000912977; |GJ| = 0.000583226; tau = 11.1425

descent iter#103; J = 0.000909945; |GJ| = 0.000775968; tau = 5.57124

descent iter#104; J = 0.0009072; |GJ| = 0.000592798; tau = 5.57124

descent iter#105; J = 0.000904991; |GJ| = 0.000647279; tau = 5.57124
...................................
descent iter#106; J = 0.000902836; |GJ| = 0.000578286; tau = 15.6593

descent iter#107; J = 0.000898646; |GJ| = 0.000784266; tau = 3.91482
...................................
descent iter#108; J = 0.000895918; |GJ| = 0.000575855; tau = 17.9906

descent iter#109; J = 0.000891145; |GJ| = 0.000786581; tau = 4.49765
...................................
descent iter#110; J = 0.000888285; |GJ| = 0.000574257; tau = 8.61822

descent iter#111; J = 0.000886012; |GJ| = 0.000710262; tau = 4.30911
...................................
descent iter#112; J = 0.000883761; |GJ| = 0.00056917; tau = 12.155

descent iter#113; J = 0.000880611; |GJ| = 0.000723187; tau = 3.03874
...................................
descent iter#114; J = 0.000878597; |GJ| = 0.00057894; tau = 664.862

descent iter#115; J = 0.000700323; |GJ| = 0.00134618; tau = 2.59712

descent iter#116; J = 0.000687873; |GJ| = 0.000711054; tau = 2.59712

descent iter#117; J = 0.000686774; |GJ| = 0.000495157; tau = 2.59712
....................................
descent iter#118; J = 0.000685574; |GJ| = 0.000472661; tau = 7.74468

descent iter#119; J = 0.00068419; |GJ| = 0.000494459; tau = 7.74468

descent iter#120; J = 0.000682385; |GJ| = 0.000635707; tau = 1.93617
...................................
descent iter#121; J = 0.000681356; |GJ| = 0.000463003; tau = 33.7519

descent iter#122; J = 0.000675568; |GJ| = 0.00064002; tau = 4.21899

descent iter#123; J = 0.000673356; |GJ| = 0.000607434; tau = 2.10949

descent iter#124; J = 0.000672367; |GJ| = 0.000453323; tau = 405.023

descent iter#125; J = 0.00060357; |GJ| = 0.000744158; tau = 3.16424
...................................
descent iter#126; J = 0.000601146; |GJ| = 0.000418653; tau = 4.32488

descent iter#127; J = 0.000600539; |GJ| = 0.000535345; tau = 4.32488
....................................
descent iter#128; J = 0.000599179; |GJ| = 0.000419076; tau = 3.93752

descent iter#129; J = 0.000598626; |GJ| = 0.00050025; tau = 3.93752
...................................
descent iter#130; J = 0.000597551; |GJ| = 0.000426657; tau = 4.6768

descent iter#131; J = 0.000596869; |GJ| = 0.000485406; tau = 4.6768
...................................
descent iter#132; J = 0.000595727; |GJ| = 0.000416975; tau = 2.50475

descent iter#133; J = 0.000595379; |GJ| = 0.000448118; tau = 20.038
...................................
descent iter#134; J = 0.000591776; |GJ| = 0.000405749; tau = 0.520977
....................................
descent iter#135; J = 0.000591707; |GJ| = 0.000409521; tau = 2.47472e-08
Converged at iter#136; J = 0.000591707; |GJ| = 0.000409521; tau = 2.47472e-08

About to descent, first step might be slow...

descent iter#1; J = 0.14375; |GJ| = 0.112487; tau = 5

descent iter#2; J = 0.0983965; |GJ| = 0.135501; tau = 1.25

descent iter#3; J = 0.0798704; |GJ| = 0.100092; tau = 2.5

descent iter#4; J = 0.0605153; |GJ| = 0.101043; tau = 1.25

descent iter#5; J = 0.0512544; |GJ| = 0.080234; tau = 1.25

descent iter#6; J = 0.0444872; |GJ| = 0.0668017; tau = 2.5

descent iter#7; J = 0.0352324; |GJ| = 0.0604619; tau = 2.5

descent iter#8; J = 0.0288211; |GJ| = 0.0761853; tau = 0.625

descent iter#9; J = 0.0262724; |GJ| = 0.0492415; tau = 2.5

descent iter#10; J = 0.0209084; |GJ| = 0.0443132; tau = 2.5

descent iter#11; J = 0.0172378; |GJ| = 0.0444982; tau = 0.625

descent iter#12; J = 0.0162232; |GJ| = 0.032826; tau = 2.5

descent iter#13; J = 0.0139758; |GJ| = 0.0298824; tau = 1.25

descent iter#14; J = 0.0130758; |GJ| = 0.0269312; tau = 1.25

descent iter#15; J = 0.0122926; |GJ| = 0.0256314; tau = 1.25

descent iter#16; J = 0.0115772; |GJ| = 0.0246398; tau = 1.25

descent iter#17; J = 0.0109116; |GJ| = 0.0237373; tau = 1.25

descent iter#18; J = 0.0102947; |GJ| = 0.022877; tau = 1.25

descent iter#19; J = 0.00972097; |GJ| = 0.0220144; tau = 1.25

descent iter#20; J = 0.00919282; |GJ| = 0.0211524; tau = 1.25

descent iter#21; J = 0.00870659; |GJ| = 0.0202899; tau = 1.25

descent iter#22; J = 0.00826355; |GJ| = 0.019448; tau = 1.25

descent iter#23; J = 0.00785895; |GJ| = 0.0186356; tau = 1.25

descent iter#24; J = 0.00749244; |GJ| = 0.0178659; tau = 1.25

descent iter#25; J = 0.00715859; |GJ| = 0.0171424; tau = 1.25

descent iter#26; J = 0.00685665; |GJ| = 0.0164693; tau = 1.25

descent iter#27; J = 0.00658128; |GJ| = 0.0158492; tau = 1.25

descent iter#28; J = 0.00633191; |GJ| = 0.0152825; tau = 1.25

descent iter#29; J = 0.00610347; |GJ| = 0.0147715; tau = 1.25

descent iter#30; J = 0.00589578; |GJ| = 0.0143118; tau = 1.25

descent iter#31; J = 0.00570415; |GJ| = 0.0139044; tau = 1.25

descent iter#32; J = 0.00552905; |GJ| = 0.0135413; tau = 1.25

descent iter#33; J = 0.00536613; |GJ| = 0.0132245; tau = 0.625

descent iter#34; J = 0.00527424; |GJ| = 0.0108868; tau = 10

descent iter#35; J = 0.00429957; |GJ| = 0.00909183; tau = 2.5

descent iter#36; J = 0.00413635; |GJ| = 0.0110745; tau = 0.625

descent iter#37; J = 0.00407791; |GJ| = 0.00793471; tau = 20

descent iter#38; J = 0.00304859; |GJ| = 0.00754345; tau = 1.25

descent iter#39; J = 0.00299; |GJ| = 0.00642266; tau = 2.5

descent iter#40; J = 0.00290696; |GJ| = 0.00794757; tau = 0.625

descent iter#41; J = 0.00287696; |GJ| = 0.00576275; tau = 20

descent iter#42; J = 0.0023332; |GJ| = 0.00895585; tau = 0.625

descent iter#43; J = 0.00229647; |GJ| = 0.00539063; tau = 1.25

descent iter#44; J = 0.00226472; |GJ| = 0.00471493; tau = 5

descent iter#45; J = 0.00216683; |GJ| = 0.00525051; tau = 1.25

descent iter#46; J = 0.00214032; |GJ| = 0.00446244; tau = 2.5

descent iter#47; J = 0.00209867; |GJ| = 0.00530683; tau = 0.625

descent iter#48; J = 0.0020842; |GJ| = 0.00418056; tau = 10

descent iter#49; J = 0.00193183; |GJ| = 0.00661002; tau = 0.625

descent iter#50; J = 0.00191076; |GJ| = 0.00418823; tau = 1.25

descent iter#51; J = 0.0018913; |GJ| = 0.00385132; tau = 10

descent iter#52; J = 0.00176689; |GJ| = 0.0069274; tau = 0.625

descent iter#53; J = 0.0017445; |GJ| = 0.00401632; tau = 1.25

descent iter#54; J = 0.00172729; |GJ| = 0.00360085; tau = 5

descent iter#55; J = 0.00166914; |GJ| = 0.00451035; tau = 1.25

descent iter#56; J = 0.00165097; |GJ| = 0.00358029; tau = 2.5

descent iter#57; J = 0.00162281; |GJ| = 0.00383293; tau = 1.25

descent iter#58; J = 0.0016073; |GJ| = 0.00343764; tau = 5

descent iter#59; J = 0.00155688; |GJ| = 0.00499176; tau = 0.625

descent iter#60; J = 0.00154498; |GJ| = 0.00338703; tau = 5

descent iter#61; J = 0.00149895; |GJ| = 0.00502899; tau = 0.625

descent iter#62; J = 0.0014863; |GJ| = 0.00343279; tau = 2.5

descent iter#63; J = 0.00146264; |GJ| = 0.00384183; tau = 1.25

descent iter#64; J = 0.00144838; |GJ| = 0.00322139; tau = 5

descent iter#65; J = 0.00140549; |GJ| = 0.00464472; tau = 0.625

descent iter#66; J = 0.00139464; |GJ| = 0.00323645; tau = 2.5

descent iter#67; J = 0.00137273; |GJ| = 0.00354499; tau = 1.25

descent iter#68; J = 0.00136002; |GJ| = 0.00305941; tau = 5

descent iter#69; J = 0.00131952; |GJ| = 0.0040951; tau = 0.625

descent iter#70; J = 0.00131078; |GJ| = 0.00305951; tau = 2.5

descent iter#71; J = 0.0012905; |GJ| = 0.00329687; tau = 1.25

descent iter#72; J = 0.00127914; |GJ| = 0.00291739; tau = 5

descent iter#73; J = 0.00124151; |GJ| = 0.00378058; tau = 0.625

descent iter#74; J = 0.00123398; |GJ| = 0.00290128; tau = 2.5

descent iter#75; J = 0.00121525; |GJ| = 0.00307793; tau = 2.5

descent iter#76; J = 0.00119804; |GJ| = 0.00359564; tau = 1.25

descent iter#77; J = 0.00118659; |GJ| = 0.00283562; tau = 2.5

descent iter#78; J = 0.00116898; |GJ| = 0.00304353; tau = 1.25

descent iter#79; J = 0.00115922; |GJ| = 0.00272105; tau = 5

descent iter#80; J = 0.0011272; |GJ| = 0.00381735; tau = 0.625

descent iter#81; J = 0.00112003; |GJ| = 0.00269461; tau = 2.5

descent iter#82; J = 0.00110372; |GJ| = 0.00284546; tau = 2.5

descent iter#83; J = 0.00108864; |GJ| = 0.00329414; tau = 1.25

descent iter#84; J = 0.00107884; |GJ| = 0.00263884; tau = 2.5

descent iter#85; J = 0.0010635; |GJ| = 0.00284002; tau = 1.25

descent iter#86; J = 0.00105505; |GJ| = 0.00256838; tau = 2.5

descent iter#87; J = 0.00104037; |GJ| = 0.00292946; tau = 1.25

descent iter#88; J = 0.00103262; |GJ| = 0.00284885; tau = 1.25

descent iter#89; J = 0.00102514; |GJ| = 0.00284854; tau = 1.25

descent iter#90; J = 0.00101779; |GJ| = 0.00285955; tau = 1.25

descent iter#91; J = 0.0010105; |GJ| = 0.00287363; tau = 0.625

descent iter#92; J = 0.00100612; |GJ| = 0.0024058; tau = 40

descent iter#93; J = 0.000797487; |GJ| = 0.00286901; tau = 0.625

descent iter#94; J = 0.000793557; |GJ| = 0.00206885; tau = 10

descent iter#95; J = 0.000757187; |GJ| = 0.00308246; tau = 0.625

descent iter#96; J = 0.000752178; |GJ| = 0.0022809; tau = 1.25

descent iter#97; J = 0.000746528; |GJ| = 0.00194449; tau = 20

descent iter#98; J = 0.000681096; |GJ| = 0.00301766; tau = 1.25

descent iter#99; J = 0.000672645; |GJ| = 0.00199068; tau = 2.5

descent iter#100; J = 0.000664088; |GJ| = 0.00198723; tau = 1.25

descent iter#101; J = 0.000660189; |GJ| = 0.00196821; tau = 1.25

descent iter#102; J = 0.000656391; |GJ| = 0.00197026; tau = 1.25

descent iter#103; J = 0.000652636; |GJ| = 0.0019755; tau = 1.25

descent iter#104; J = 0.000648924; |GJ| = 0.00198212; tau = 1.25

descent iter#105; J = 0.000645246; |GJ| = 0.00199003; tau = 1.25

descent iter#106; J = 0.000641606; |GJ| = 0.00199886; tau = 1.25

descent iter#107; J = 0.000637996; |GJ| = 0.00200887; tau = 1.25

descent iter#108; J = 0.000634425; |GJ| = 0.00201975; tau = 0.625

descent iter#109; J = 0.000632263; |GJ| = 0.00168657; tau = 80

descent iter#110; J = 0.000444965; |GJ| = 0.00297405; tau = 0.625

descent iter#111; J = 0.000440987; |GJ| = 0.00171106; tau = 1.25

descent iter#112; J = 0.000437951; |GJ| = 0.00136116; tau = 10

descent iter#113; J = 0.000422565; |GJ| = 0.00172095; tau = 1.25

descent iter#114; J = 0.000419721; |GJ| = 0.00133124; tau = 2.5

descent iter#115; J = 0.000416074; |GJ| = 0.00156653; tau = 0.625

descent iter#116; J = 0.000414845; |GJ| = 0.00121259; tau = 20

descent iter#117; J = 0.000388874; |GJ| = 0.00235013; tau = 0.625

descent iter#118; J = 0.00038629; |GJ| = 0.00136513; tau = 1.25

descent iter#119; J = 0.000384368; |GJ| = 0.0011645; tau = 5

descent iter#120; J = 0.000378337; |GJ| = 0.00144222; tau = 1.25

descent iter#121; J = 0.000376434; |GJ| = 0.00115784; tau = 2.5

descent iter#122; J = 0.000373451; |GJ| = 0.00124887; tau = 1.25

descent iter#123; J = 0.00037182; |GJ| = 0.00114891; tau = 2.5

descent iter#124; J = 0.000369025; |GJ| = 0.0014143; tau = 0.625

descent iter#125; J = 0.00036802; |GJ| = 0.00109627; tau = 20

descent iter#126; J = 0.000346787; |GJ| = 0.00231049; tau = 0.625

descent iter#127; J = 0.000344361; |GJ| = 0.0012284; tau = 1.25

descent iter#128; J = 0.00034285; |GJ| = 0.00105378; tau = 5

descent iter#129; J = 0.000338038; |GJ| = 0.00142706; tau = 0.625

descent iter#130; J = 0.000336978; |GJ| = 0.00106515; tau = 2.5

descent iter#131; J = 0.000334511; |GJ| = 0.00114844; tau = 1.25

descent iter#132; J = 0.000333121; |GJ| = 0.00102099; tau = 10

descent iter#133; J = 0.000324742; |GJ| = 0.00207808; tau = 0.625

descent iter#134; J = 0.000322747; |GJ| = 0.00114871; tau = 1.25

descent iter#135; J = 0.000321408; |GJ| = 0.000993759; tau = 5

descent iter#136; J = 0.000317077; |GJ| = 0.00131761; tau = 0.625

descent iter#137; J = 0.000316163; |GJ| = 0.00100292; tau = 2.5

descent iter#138; J = 0.000313954; |GJ| = 0.00107576; tau = 2.5

descent iter#139; J = 0.000311915; |GJ| = 0.00126754; tau = 1.25

descent iter#140; J = 0.000310506; |GJ| = 0.000984754; tau = 2.5

descent iter#141; J = 0.000308366; |GJ| = 0.0010532; tau = 2.5

descent iter#142; J = 0.000306384; |GJ| = 0.00123598; tau = 1.25

descent iter#143; J = 0.000305034; |GJ| = 0.000968126; tau = 2.5

descent iter#144; J = 0.000302965; |GJ| = 0.00103877; tau = 2.5

descent iter#145; J = 0.000301072; |GJ| = 0.00125193; tau = 0.625

descent iter#146; J = 0.000300257; |GJ| = 0.000949435; tau = 2.5

descent iter#147; J = 0.000298239; |GJ| = 0.00100762; tau = 2.5

descent iter#148; J = 0.000296354; |GJ| = 0.00116487; tau = 1.25

descent iter#149; J = 0.000295117; |GJ| = 0.000932955; tau = 2.5

descent iter#150; J = 0.000293164; |GJ| = 0.000992385; tau = 2.5

descent iter#151; J = 0.000291362; |GJ| = 0.00118119; tau = 0.625

descent iter#152; J = 0.000290629; |GJ| = 0.000915053; tau = 5

descent iter#153; J = 0.000287196; |GJ| = 0.00133906; tau = 0.625

descent iter#154; J = 0.000286291; |GJ| = 0.000934448; tau = 2.5

descent iter#155; J = 0.000284493; |GJ| = 0.00103431; tau = 1.25

descent iter#156; J = 0.000283425; |GJ| = 0.000884575; tau = 5

descent iter#157; J = 0.000280035; |GJ| = 0.00119754; tau = 0.625

descent iter#158; J = 0.000279288; |GJ| = 0.000894556; tau = 2.5

descent iter#159; J = 0.00027755; |GJ| = 0.000964319; tau = 1.25

descent iter#160; J = 0.000276569; |GJ| = 0.000857022; tau = 10

descent iter#161; J = 0.000270641; |GJ| = 0.00173152; tau = 0.625

descent iter#162; J = 0.000269252; |GJ| = 0.000963014; tau = 1.25

descent iter#163; J = 0.000268309; |GJ| = 0.000834275; tau = 5

descent iter#164; J = 0.000265243; |GJ| = 0.00109778; tau = 0.625

descent iter#165; J = 0.000264606; |GJ| = 0.000841714; tau = 2.5

descent iter#166; J = 0.000263045; |GJ| = 0.000900591; tau = 2.5

descent iter#167; J = 0.000261598; |GJ| = 0.00105544; tau = 1.25

descent iter#168; J = 0.00026061; |GJ| = 0.000825816; tau = 2.5

descent iter#169; J = 0.000259095; |GJ| = 0.000879636; tau = 2.5

descent iter#170; J = 0.000257684; |GJ| = 0.00102359; tau = 1.25

descent iter#171; J = 0.000256741; |GJ| = 0.000811049; tau = 2.5

descent iter#172; J = 0.000255273; |GJ| = 0.000863302; tau = 2.5

descent iter#173; J = 0.00025391; |GJ| = 0.00101429; tau = 1.25

descent iter#174; J = 0.000253007; |GJ| = 0.000820793; tau = 1.25

descent iter#175; J = 0.000252256; |GJ| = 0.000794901; tau = 2.5

descent iter#176; J = 0.000250914; |GJ| = 0.000994737; tau = 0.625

descent iter#177; J = 0.000250426; |GJ| = 0.000759193; tau = 40

descent iter#178; J = 0.00023007; |GJ| = 0.00188116; tau = 0.3125

descent iter#179; J = 0.000229134; |GJ| = 0.00132506; tau = 0.3125

descent iter#180; J = 0.000228655; |GJ| = 0.00100902; tau = 0.625

descent iter#181; J = 0.000228138; |GJ| = 0.000719704; tau = 2.5

descent iter#182; J = 0.000227046; |GJ| = 0.000786046; tau = 1.25

descent iter#183; J = 0.000226414; |GJ| = 0.000683908; tau = 5

descent iter#184; J = 0.000224344; |GJ| = 0.000894281; tau = 0.625

descent iter#185; J = 0.000223921; |GJ| = 0.000689399; tau = 2.5

descent iter#186; J = 0.000222867; |GJ| = 0.000735138; tau = 2.5

descent iter#187; J = 0.000221886; |GJ| = 0.000856461; tau = 1.25

descent iter#188; J = 0.000221228; |GJ| = 0.000676858; tau = 2.5

descent iter#189; J = 0.000220204; |GJ| = 0.000719478; tau = 2.5

descent iter#190; J = 0.00021925; |GJ| = 0.00083649; tau = 1.25

descent iter#191; J = 0.00021862; |GJ| = 0.000671925; tau = 2.5

descent iter#192; J = 0.00021765; |GJ| = 0.000765464; tau = 1.25

descent iter#193; J = 0.000217109; |GJ| = 0.000713839; tau = 1.25

descent iter#194; J = 0.000216604; |GJ| = 0.000709331; tau = 1.25

descent iter#195; J = 0.000216106; |GJ| = 0.000710625; tau = 1.25

descent iter#196; J = 0.000215611; |GJ| = 0.000712776; tau = 1.25

descent iter#197; J = 0.00021512; |GJ| = 0.000715197; tau = 1.25

descent iter#198; J = 0.000214631; |GJ| = 0.000717855; tau = 1.25

descent iter#199; J = 0.000214145; |GJ| = 0.000720724; tau = 1.25

descent iter#200; J = 0.000213663; |GJ| = 0.000723841; tau = 1.25

descent iter#201; J = 0.000213183; |GJ| = 0.000727183; tau = 1.25

descent iter#202; J = 0.000212707; |GJ| = 0.000730793; tau = 1.25

descent iter#203; J = 0.000212233; |GJ| = 0.000734643; tau = 0.625

descent iter#204; J = 0.000211947; |GJ| = 0.00061489; tau = 80

descent iter#205; J = 0.00018495; |GJ| = 0.000819551; tau = 0.625

descent iter#206; J = 0.000184652; |GJ| = 0.000523821; tau = 10

descent iter#207; J = 0.000182384; |GJ| = 0.000831385; tau = 0.625

descent iter#208; J = 0.000182023; |GJ| = 0.00059917; tau = 1.25

descent iter#209; J = 0.000181638; |GJ| = 0.000504799; tau = 20

descent iter#210; J = 0.000177487; |GJ| = 0.00102055; tau = 0.625

descent iter#211; J = 0.000176948; |GJ| = 0.000712939; tau = 1.25

descent iter#212; J = 0.000176432; |GJ| = 0.000529904; tau = 5

descent iter#213; J = 0.000175287; |GJ| = 0.000565751; tau = 2.5

descent iter#214; J = 0.000174705; |GJ| = 0.000591615; tau = 1.25

descent iter#215; J = 0.000174367; |GJ| = 0.000488138; tau = 5

descent iter#216; J = 0.000173344; |GJ| = 0.000675697; tau = 0.625

descent iter#217; J = 0.000173108; |GJ| = 0.000498047; tau = 2.5

descent iter#218; J = 0.000172571; |GJ| = 0.000537418; tau = 1.25

descent iter#219; J = 0.000172266; |GJ| = 0.000477764; tau = 10

descent iter#220; J = 0.000170377; |GJ| = 0.000940206; tau = 0.625

descent iter#221; J = 0.000169964; |GJ| = 0.000539368; tau = 1.25

descent iter#222; J = 0.000169663; |GJ| = 0.000472767; tau = 10

descent iter#223; J = 0.000167867; |GJ| = 0.000977772; tau = 0.625

descent iter#224; J = 0.000167424; |GJ| = 0.000543321; tau = 1.25

descent iter#225; J = 0.000167125; |GJ| = 0.000468335; tau = 5

descent iter#226; J = 0.000166152; |GJ| = 0.000614488; tau = 1.25

descent iter#227; J = 0.000165821; |GJ| = 0.000475393; tau = 2.5

descent iter#228; J = 0.000165317; |GJ| = 0.000507206; tau = 2.5

descent iter#229; J = 0.000164843; |GJ| = 0.000588058; tau = 1.25

descent iter#230; J = 0.000164528; |GJ| = 0.000470149; tau = 5

descent iter#231; J = 0.000163641; |GJ| = 0.000720323; tau = 0.625

descent iter#232; J = 0.000163386; |GJ| = 0.00048465; tau = 2.5

descent iter#233; J = 0.000162906; |GJ| = 0.000538838; tau = 1.25

descent iter#234; J = 0.000162616; |GJ| = 0.000459583; tau = 5

descent iter#235; J = 0.000161693; |GJ| = 0.000619919; tau = 0.625

descent iter#236; J = 0.000161492; |GJ| = 0.000468594; tau = 2.5

descent iter#237; J = 0.000161011; |GJ| = 0.00050465; tau = 2.5

descent iter#238; J = 0.000160563; |GJ| = 0.000594687; tau = 1.25

descent iter#239; J = 0.000160251; |GJ| = 0.000462865; tau = 2.5

descent iter#240; J = 0.000159774; |GJ| = 0.000494627; tau = 2.5

descent iter#241; J = 0.000159327; |GJ| = 0.000578456; tau = 1.25

descent iter#242; J = 0.000159027; |GJ| = 0.000463821; tau = 2.5

descent iter#243; J = 0.000158569; |GJ| = 0.000535349; tau = 1.25

descent iter#244; J = 0.00015831; |GJ| = 0.000500871; tau = 1.25

descent iter#245; J = 0.000158067; |GJ| = 0.000498718; tau = 1.25

descent iter#246; J = 0.000157827; |GJ| = 0.000500512; tau = 1.25

descent iter#247; J = 0.000157588; |GJ| = 0.000502875; tau = 1.25

descent iter#248; J = 0.00015735; |GJ| = 0.000505411; tau = 1.25

descent iter#249; J = 0.000157112; |GJ| = 0.000508095; tau = 1.25

descent iter#250; J = 0.000156875; |GJ| = 0.000510913; tau = 1.25

descent iter#251; J = 0.000156638; |GJ| = 0.000513883; tau = 1.25

descent iter#252; J = 0.000156402; |GJ| = 0.000516996; tau = 1.25

descent iter#253; J = 0.000156167; |GJ| = 0.000520274; tau = 0.625

descent iter#254; J = 0.000156024; |GJ| = 0.0004343; tau = 160

descent iter#255; J = 0.000130669; |GJ| = 0.0011665; tau = 0.3125

descent iter#256; J = 0.000130324; |GJ| = 0.000763572; tau = 0.3125

descent iter#257; J = 0.000130164; |GJ| = 0.000601225; tau = 0.625

descent iter#258; J = 0.000129968; |GJ| = 0.000491287; tau = 2.5

descent iter#259; J = 0.000129459; |GJ| = 0.000407649; tau = 5

descent iter#260; J = 0.000128748; |GJ| = 0.000460088; tau = 1.25

descent iter#261; J = 0.000128539; |GJ| = 0.00037311; tau = 5

descent iter#262; J = 0.000127958; |GJ| = 0.000599301; tau = 0.3125

descent iter#263; J = 0.000127863; |GJ| = 0.000435413; tau = 0.625

descent iter#264; J = 0.000127763; |GJ| = 0.000357848; tau = 20

descent iter#265; J = 0.000125663; |GJ| = 0.000865209; tau = 0.625

descent iter#266; J = 0.000125312; |GJ| = 0.000475896; tau = 0.625

descent iter#267; J = 0.000125189; |GJ| = 0.000371933; tau = 2.5

descent iter#268; J = 0.000124902; |GJ| = 0.000380936; tau = 2.5

descent iter#269; J = 0.000124627; |GJ| = 0.000411919; tau = 1.25

descent iter#270; J = 0.000124457; |GJ| = 0.000342383; tau = 10

descent iter#271; J = 0.000123444; |GJ| = 0.000606561; tau = 0.625

descent iter#272; J = 0.000123265; |GJ| = 0.000380408; tau = 1.25

descent iter#273; J = 0.000123111; |GJ| = 0.000338188; tau = 10

descent iter#274; J = 0.000122113; |GJ| = 0.000592672; tau = 0.625

descent iter#275; J = 0.000121943; |GJ| = 0.000371816; tau = 1.25

descent iter#276; J = 0.000121793; |GJ| = 0.000334905; tau = 10

descent iter#277; J = 0.000120824; |GJ| = 0.000603017; tau = 0.625

descent iter#278; J = 0.00012065; |GJ| = 0.000369945; tau = 1.25

descent iter#279; J = 0.000120503; |GJ| = 0.000331934; tau = 10

descent iter#280; J = 0.000119569; |GJ| = 0.000622894; tau = 0.625

descent iter#281; J = 0.000119385; |GJ| = 0.000370589; tau = 1.25

descent iter#282; J = 0.00011924; |GJ| = 0.000329118; tau = 10

descent iter#283; J = 0.000118344; |GJ| = 0.000648239; tau = 0.625

descent iter#284; J = 0.000118147; |GJ| = 0.00037261; tau = 1.25

descent iter#285; J = 0.000118003; |GJ| = 0.000326415; tau = 10

descent iter#286; J = 0.000117148; |GJ| = 0.000678223; tau = 0.625

descent iter#287; J = 0.000116935; |GJ| = 0.000375784; tau = 1.25

descent iter#288; J = 0.000116793; |GJ| = 0.000323826; tau = 5

descent iter#289; J = 0.000116328; |GJ| = 0.000426633; tau = 0.625

descent iter#290; J = 0.000116232; |GJ| = 0.0003296; tau = 2.5

descent iter#291; J = 0.000115991; |GJ| = 0.000352824; tau = 2.5

descent iter#292; J = 0.000115765; |GJ| = 0.000411349; tau = 1.25

descent iter#293; J = 0.000115613; |GJ| = 0.000325696; tau = 5

descent iter#294; J = 0.000115188; |GJ| = 0.000494605; tau = 0.625

descent iter#295; J = 0.000115066; |GJ| = 0.000336977; tau = 2.5

descent iter#296; J = 0.000114837; |GJ| = 0.000377309; tau = 1.25

descent iter#297; J = 0.000114697; |GJ| = 0.000318821; tau = 5

descent iter#298; J = 0.000114259; |GJ| = 0.000439717; tau = 0.625

descent iter#299; J = 0.000114159; |GJ| = 0.000325739; tau = 2.5

descent iter#300; J = 0.000113929; |GJ| = 0.000353349; tau = 1.25

descent iter#301; J = 0.000113798; |GJ| = 0.000313255; tau = 10

descent iter#302; J = 0.000113004; |GJ| = 0.000642564; tau = 0.625

descent iter#303; J = 0.000112813; |GJ| = 0.000357721; tau = 1.25

descent iter#304; J = 0.000112682; |GJ| = 0.000310663; tau = 5

descent iter#305; J = 0.000112255; |GJ| = 0.000410302; tau = 0.625

descent iter#306; J = 0.000112166; |GJ| = 0.0003159; tau = 2.5

descent iter#307; J = 0.000111945; |GJ| = 0.000338592; tau = 2.5

descent iter#308; J = 0.000111738; |GJ| = 0.000396804; tau = 1.25

descent iter#309; J = 0.000111598; |GJ| = 0.00031306; tau = 2.5

descent iter#310; J = 0.000111379; |GJ| = 0.000334453; tau = 2.5

descent iter#311; J = 0.000111174; |GJ| = 0.000390217; tau = 1.25

descent iter#312; J = 0.000111037; |GJ| = 0.000310698; tau = 2.5

descent iter#313; J = 0.000110821; |GJ| = 0.000331661; tau = 2.5

descent iter#314; J = 0.000110618; |GJ| = 0.000386452; tau = 1.25

descent iter#315; J = 0.000110483; |GJ| = 0.000308577; tau = 2.5

descent iter#316; J = 0.00011027; |GJ| = 0.000330205; tau = 2.5

descent iter#317; J = 0.000110072; |GJ| = 0.000392763; tau = 0.625

descent iter#318; J = 0.000109991; |GJ| = 0.000305183; tau = 5

descent iter#319; J = 0.000109612; |GJ| = 0.000455726; tau = 0.625

descent iter#320; J = 0.000109508; |GJ| = 0.000314361; tau = 2.5

descent iter#321; J = 0.000109305; |GJ| = 0.000350501; tau = 1.25

descent iter#322; J = 0.000109183; |GJ| = 0.00029926; tau = 5

descent iter#323; J = 0.000108798; |GJ| = 0.00041462; tau = 0.625

descent iter#324; J = 0.000108709; |GJ| = 0.000305326; tau = 2.5

descent iter#325; J = 0.000108507; |GJ| = 0.000331806; tau = 1.25

descent iter#326; J = 0.000108392; |GJ| = 0.000294007; tau = 5

descent iter#327; J = 0.000108004; |GJ| = 0.000379426; tau = 1.25

descent iter#328; J = 0.000107876; |GJ| = 0.000299144; tau = 2.5

descent iter#329; J = 0.000107678; |GJ| = 0.000320894; tau = 2.5

descent iter#330; J = 0.000107493; |GJ| = 0.000377967; tau = 1.25

descent iter#331; J = 0.000107367; |GJ| = 0.00029747; tau = 2.5

descent iter#332; J = 0.000107172; |GJ| = 0.000320541; tau = 2.5

descent iter#333; J = 0.000106991; |GJ| = 0.000384414; tau = 0.625

descent iter#334; J = 0.000106914; |GJ| = 0.000294134; tau = 2.5

descent iter#335; J = 0.00010672; |GJ| = 0.000314109; tau = 2.5

descent iter#336; J = 0.000106539; |GJ| = 0.000366765; tau = 1.25

descent iter#337; J = 0.000106418; |GJ| = 0.000292328; tau = 2.5

descent iter#338; J = 0.000106227; |GJ| = 0.000313319; tau = 2.5

descent iter#339; J = 0.000106051; |GJ| = 0.000372871; tau = 0.625

descent iter#340; J = 0.000105977; |GJ| = 0.00028899; tau = 5

descent iter#341; J = 0.00010564; |GJ| = 0.000436344; tau = 0.625

descent iter#342; J = 0.000105545; |GJ| = 0.000297858; tau = 2.5

descent iter#343; J = 0.000105365; |GJ| = 0.000333452; tau = 1.25

descent iter#344; J = 0.000105256; |GJ| = 0.000283164; tau = 5

descent iter#345; J = 0.000104914; |GJ| = 0.000397889; tau = 0.625

descent iter#346; J = 0.000104832; |GJ| = 0.000289141; tau = 2.5

descent iter#347; J = 0.000104653; |GJ| = 0.000315623; tau = 1.25

descent iter#348; J = 0.00010455; |GJ| = 0.000277907; tau = 5

descent iter#349; J = 0.000104206; |GJ| = 0.00036385; tau = 0.625

descent iter#350; J = 0.000104136; |GJ| = 0.000281861; tau = 2.5

descent iter#351; J = 0.000103959; |GJ| = 0.000301477; tau = 2.5

descent iter#352; J = 0.000103793; |GJ| = 0.000353071; tau = 1.25

descent iter#353; J = 0.000103682; |GJ| = 0.000279964; tau = 2.5

descent iter#354; J = 0.000103508; |GJ| = 0.000299843; tau = 2.5

descent iter#355; J = 0.000103345; |GJ| = 0.000352287; tau = 1.25

descent iter#356; J = 0.000103235; |GJ| = 0.000278228; tau = 2.5

descent iter#357; J = 0.000103063; |GJ| = 0.00029875; tau = 2.5

descent iter#358; J = 0.000102904; |GJ| = 0.000352374; tau = 1.25

descent iter#359; J = 0.000102794; |GJ| = 0.000276388; tau = 2.5

descent iter#360; J = 0.000102626; |GJ| = 0.000297466; tau = 2.5

descent iter#361; J = 0.00010247; |GJ| = 0.000354108; tau = 0.625

descent iter#362; J = 0.000102404; |GJ| = 0.00027308; tau = 2.5

descent iter#363; J = 0.000102237; |GJ| = 0.000291501; tau = 2.5

descent iter#364; J = 0.000102081; |GJ| = 0.000340435; tau = 1.25

descent iter#365; J = 0.000101976; |GJ| = 0.000271359; tau = 2.5

descent iter#366; J = 0.000101812; |GJ| = 0.000290635; tau = 2.5

descent iter#367; J = 0.00010166; |GJ| = 0.000342771; tau = 1.25

descent iter#368; J = 0.000101556; |GJ| = 0.000272719; tau = 2.5

descent iter#369; J = 0.0001014; |GJ| = 0.000315952; tau = 1.25

descent iter#370; J = 0.00010131; |GJ| = 0.000292118; tau = 1.25

descent iter#371; J = 0.000101227; |GJ| = 0.00028995; tau = 1.25

descent iter#372; J = 0.000101145; |GJ| = 0.000290594; tau = 1.25

descent iter#373; J = 0.000101063; |GJ| = 0.000291637; tau = 1.25

descent iter#374; J = 0.000100982; |GJ| = 0.00029278; tau = 1.25

descent iter#375; J = 0.000100901; |GJ| = 0.000293994; tau = 1.25

descent iter#376; J = 0.00010082; |GJ| = 0.000295271; tau = 1.25

descent iter#377; J = 0.000100739; |GJ| = 0.000296618; tau = 1.25

descent iter#378; J = 0.000100659; |GJ| = 0.000298033; tau = 1.25

descent iter#379; J = 0.000100579; |GJ| = 0.000299523; tau = 1.25

descent iter#380; J = 0.000100499; |GJ| = 0.000301085; tau = 1.25

descent iter#381; J = 0.00010042; |GJ| = 0.000302726; tau = 0.625
Converged at iter#382; J = 0.000100371; |GJ| = 0.000252267; tau = 0.625
