flow iter#1; |dv| = 4.92506
flow iter#2; |dv| = 1.23732
flow iter#3; |dv| = 1.49235
flow iter#4; |dv| = 1.96522
flow iter#5; |dv| = 1.60902
flow iter#6; |dv| = 0.88346
flow iter#7; |dv| = 0.254792
flow iter#8; |dv| = 0.26152
flow iter#9; |dv| = 0.369201
flow iter#10; |dv| = 0.312229
flow iter#11; |dv| = 0.186444
flow iter#12; |dv| = 0.0692117
flow iter#13; |dv| = 0.0292212
flow iter#14; |dv| = 0.053682
flow iter#15; |dv| = 0.0524809
flow iter#16; |dv| = 0.0356872
flow iter#17; |dv| = 0.0166984
flow iter#18; |dv| = 0.00614212
flow iter#19; |dv| = 0.00883343
flow iter#20; |dv| = 0.00980038
flow iter#21; |dv| = 0.0080425
flow iter#22; |dv| = 0.00586178
flow iter#23; |dv| = 0.00487326
                                                        First-order 
 Iteration  Func-count       f(x)        Step-size       optimality
     0           1        0.0554882                       0.00246
     1           4        0.0285849             91        0.00122  
     2           6        0.0128695       0.483521        0.00119  
     3           7       0.00173105              1       0.000389  
     4           8       0.00130234              1        0.00104  
     5           9      0.000521348              1       0.000137  
     6          10      0.000359801              1       0.000105  
     7          11      0.000234229              1       0.000229  
     8          12      0.000171414              1       7.71e-05  
     9          13      9.79103e-05              1       0.000135  
    10          14      5.84741e-05              1       0.000108  
    11          15      5.30947e-05              1       3.83e-05  
    12          16      4.87491e-05              1       3.19e-05  
    13          18      4.35506e-05       0.496911       6.14e-05  
    14          19      3.77424e-05              1       5.26e-05  
    15          20      3.34929e-05              1        4.5e-05  
    16          21      3.13264e-05              1       3.74e-05  
    17          22      2.80948e-05              1       1.61e-05  
    18          23      2.74834e-05              1       1.63e-05  
    19          24      2.70551e-05              1       1.63e-05  
                                                        First-order 
 Iteration  Func-count       f(x)        Step-size       optimality
    20          25      2.57652e-05              1       1.43e-05  
    21          26      2.38428e-05              1       2.93e-05  
    22          29      2.30673e-05       0.019924       5.77e-05  
    23          30      2.11112e-05              1       5.46e-05  
    24          32      1.45434e-05            0.5       8.33e-05  
    25          33      1.31248e-05              1       4.05e-05  
    26          34      1.13143e-05              1       2.55e-05  
    27          35      1.03499e-05              1       2.24e-05  
    28          36      9.58173e-06              1       4.85e-05  
    29          37      8.56825e-06              1       2.74e-05  
    30          38      7.54471e-06              1       2.45e-05  
    31          39      6.10709e-06              1       8.16e-06  
    32          40      5.62513e-06              1       8.89e-06  
    33          41      5.35809e-06              1       9.79e-06  
    34          42      5.12456e-06              1       7.36e-06  
    35          43      4.99331e-06              1       7.06e-06  
    36          44      4.86938e-06              1        7.1e-06  
    37          45      4.77227e-06              1          4e-06  
    38          46      4.67291e-06              1       6.85e-06  
    39          47      4.45501e-06              1       7.89e-06  
                                                        First-order 
 Iteration  Func-count       f(x)        Step-size       optimality
    40          49      4.04718e-06       0.644546        1.2e-05  
    41          50       3.8771e-06              1       1.93e-05  
    42          51      3.77624e-06              1       1.02e-05  
    43          52      3.59742e-06              1       4.09e-06  
    44          53      3.53281e-06              1       7.43e-06  
    45          54       3.4745e-06              1          7e-06  
    46          55      3.39689e-06              1       5.32e-06  
    47          56      3.31262e-06              1        4.9e-06  
    48          57      3.20936e-06              1       5.51e-06  
    49          58      3.07854e-06              1       6.49e-06  
    50          59      2.80809e-06              1       1.13e-05  
    51          61       2.6975e-06       0.428094       1.12e-05  
    52          62      2.43131e-06              1       6.09e-06  
    53          63      2.34716e-06              1        1.7e-05  
    54          64      2.18464e-06              1       1.07e-05  
    55          65      2.02865e-06              1       1.21e-05  
    56          66      1.91552e-06              1       4.33e-06  
    57          67       1.8325e-06              1        1.9e-06  
    58          68      1.80073e-06              1       2.53e-06  
    59          69       1.7819e-06              1       2.31e-06  
                                                        First-order 
 Iteration  Func-count       f(x)        Step-size       optimality
    60          70      1.72897e-06              1        3.6e-06  
    61          71      1.65349e-06              1       2.97e-06  
    62          72      1.56122e-06              1       3.77e-06  
    63          73      1.49598e-06              1       2.25e-06  
    64          74      1.42008e-06              1       3.41e-06  
    65          75       1.3537e-06              1       8.63e-06  
    66          76      1.32119e-06              1       1.04e-05  
    67          77      1.27306e-06              1       4.68e-06  
    68          78      1.24772e-06              1       2.99e-06  
    69          79      1.21044e-06              1        5.9e-06  
    70          80      1.18125e-06              1       4.85e-06  
    71          81      1.15238e-06              1        2.3e-06  
    72          82      1.12731e-06              1        1.4e-06  
    73          83      1.09084e-06              1       1.95e-06  
    74          84      1.07395e-06              1       3.18e-06  
    75          85       1.0577e-06              1       3.67e-06  
    76          86       1.0517e-06              1        1.5e-06  
    77          87      1.04848e-06              1       8.71e-07  
    78          88      1.04259e-06              1        1.8e-06  
    79          89      1.02784e-06              1       3.45e-06  
                                                        First-order 
 Iteration  Func-count       f(x)        Step-size       optimality
    80          91      1.00069e-06       0.361053       5.61e-06  
    81          93      9.85157e-07       0.429594       6.92e-06  
    82          94      9.64975e-07              1       4.53e-06  
    83          95      9.21813e-07              1       1.36e-06  
    84          96      9.11647e-07              1       1.92e-06  
    85          97      9.05415e-07              1       3.14e-06  
    86          98      8.95765e-07              1       2.64e-06  
    87          99      8.83402e-07              1       2.49e-06  
    88         100      8.68579e-07              1       1.17e-06  
    89         101      8.42754e-07              1       2.82e-06  
    90         102      8.17578e-07              1       2.85e-06  
    91         103      7.87157e-07              1       8.17e-06  
    92         104      7.32791e-07              1       1.96e-06  
    93         105      7.10124e-07              1       7.15e-06  
    94         106      6.87747e-07              1        5.4e-06  
    95         107      6.45943e-07              1       3.71e-06  
    96         108      6.27712e-07              1       8.21e-06  
    97         109      6.04051e-07              1       5.43e-06  
    98         110      5.71494e-07              1       1.81e-06  
    99         111       5.4867e-07              1       4.46e-06  
                                                        First-order 
 Iteration  Func-count       f(x)        Step-size       optimality
   100         112       5.2401e-07              1       4.05e-06  
   101         113      4.79727e-07              1       6.27e-06  
   102         114      4.69036e-07              1       1.89e-06  
   103         115      4.27099e-07              1       8.01e-06  
   104         116      4.07065e-07              1       5.65e-06  
   105         117      3.82372e-07              1       3.07e-06  
   106         119      3.59465e-07       0.659194       3.48e-06  
   107         120      3.38948e-07              1       1.97e-06  
   108         121      3.10782e-07              1       3.11e-06  
   109         122      2.76876e-07              1       2.64e-06  
   110         124      2.68603e-07       0.468621        4.8e-06  
   111         125      2.45925e-07              1       6.32e-06  
   112         126       2.3337e-07              1       3.58e-06  
   113         128      2.14482e-07       0.604021       4.21e-06  
   114         129      1.94699e-07              1       2.81e-06  
   115         130      1.77665e-07              1       1.44e-06  
   116         131      1.55915e-07              1       1.71e-06  
   117         133      1.52406e-07       0.217046       1.61e-06  
   118         134      1.41076e-07              1        1.3e-06  
   119         135      1.26581e-07              1       2.11e-06  
                                                        First-order 
 Iteration  Func-count       f(x)        Step-size       optimality
   120         136      1.13547e-07              1       5.54e-07  
   121         138      1.07714e-07       0.367539       2.74e-06  
   122         139      9.87781e-08              1       3.41e-06  
   123         140      8.74497e-08              1       1.23e-06  
   124         142      7.98923e-08            0.5        2.9e-06  
   125         143      6.46528e-08              1          3e-06  
   126         144       4.7356e-08              1       2.37e-06  
   127         146      4.08118e-08       0.397225       1.93e-06  
   128         147      3.27951e-08              1       1.76e-06  
   129         148      2.50932e-08              1       1.26e-06  
   130         149      1.99431e-08              1       3.13e-06  
   131         150      1.33989e-08              1       2.04e-06  
   132         151        9.116e-09              1       1.48e-06  
   133         152      6.62627e-09              1       8.17e-07  
   134         153      5.27052e-09              1       1.04e-06  
   135         154      4.27308e-09              1       1.03e-06  
   136         155      3.59924e-09              1       2.93e-07  
   137         156      2.95035e-09              1          3e-07  
   138         157      2.13974e-09              1       4.02e-07  
   139         158       1.2434e-09              1       2.95e-07  
                                                        First-order 
 Iteration  Func-count       f(x)        Step-size       optimality
   140         159      5.49219e-10              1       2.11e-07  
   141         160       2.4804e-10              1       2.59e-07  
   142         162      1.20326e-10        0.28772        1.4e-07  
   143         163      6.26598e-11              1       7.64e-08  
   144         164      3.32016e-11              1       7.38e-08  
   145         165      2.50132e-11              1       6.12e-08  
   146         166      9.58667e-12              1       8.38e-08  
   147         167      3.18465e-12              1       5.79e-08  
   148         168      4.38099e-13              1       2.66e-08  
   149         169      1.03757e-13              1       8.76e-09  
   150         170       3.5619e-15              1       1.06e-09  
   151         171      3.75184e-16              1       2.36e-10  
   152         172      2.76215e-17              1       6.88e-11  

Optimization completed: The <a href = "matlab: helpview([docroot '/toolbox/optim/msg_csh/optim_msg_csh.map'],'first_order_opt_unc','CSHelpWindow');">first-order optimality measure</a>, 6.867737e-11, is less 
than <a href = "matlab: helpview([docroot '/toolbox/optim/msg_csh/optim_msg_csh.map'],'tolfun','CSHelpWindow');">options.TolFun</a> = 1.000000e-10.

Optimization Metric                                            Options
relative norm(gradient) =   6.87e-11                  TolFun =   1e-10 (selected)

                                                        First-order 
 Iteration  Func-count       f(x)        Step-size       optimality
     0           1         0.217847                        0.0368
     1           2         0.178769              1         0.0154  
     2           3         0.119521              1         0.0463  
     3           4        0.0854089              1         0.0223  
     4           5        0.0617884              1         0.0269  
     5           6        0.0474749              1         0.0208  
     6           7        0.0385493              1         0.0148  
     7           8        0.0336457              1        0.00845  
     8           9        0.0293082              1        0.00737  
     9          10        0.0266559              1        0.00687  
    10          11        0.0233655              1        0.00662  
    11          12        0.0205671              1        0.00768  
    12          13        0.0175526              1        0.00896  
    13          14        0.0148404              1        0.00753  
    14          15        0.0127642              1        0.00449  
    15          16        0.0110556              1        0.00407  
    16          17       0.00972389              1        0.00384  
    17          18        0.0085998              1        0.00531  
    18          19       0.00739526              1         0.0033  
    19          20       0.00634414              1        0.00329  
                                                        First-order 
 Iteration  Func-count       f(x)        Step-size       optimality
    20          21       0.00539578              1        0.00349  
    21          22       0.00456325              1        0.00391  
    22          23       0.00374491              1        0.00283  
    23          24       0.00314058              1        0.00224  
    24          25       0.00266331              1        0.00238  
    25          26       0.00230797              1        0.00221  
    26          27       0.00205023              1        0.00131  
    27          28       0.00187023              1        0.00111  
    28          29       0.00172677              1        0.00117  
    29          30       0.00159586              1        0.00113  
    30          31       0.00147327              1        0.00117  
    31          32       0.00134736              1        0.00111  
    32          33       0.00122489              1        0.00131  
    33          34       0.00110797              1        0.00119  
    34          35       0.00100682              1       0.000855  
    35          36      0.000915768              1       0.000796  
    36          37      0.000837631              1       0.000708  
    37          38      0.000770189              1       0.000721  
    38          39      0.000715135              1       0.000621  
    39          40      0.000669066              1       0.000559  
                                                        First-order 
 Iteration  Func-count       f(x)        Step-size       optimality
    40          41       0.00062872              1       0.000508  
    41          42      0.000590429              1       0.000538  
    42          43      0.000554663              1        0.00057  
    43          44      0.000520524              1       0.000616  
    44          45      0.000487936              1       0.000558  
    45          46      0.000455071              1       0.000469  
    46          47      0.000424185              1       0.000476  
    47          48      0.000395265              1       0.000473  
    48          49      0.000370659              1       0.000495  
    49          50       0.00034816              1       0.000388  
    50          51      0.000329249              1       0.000364  
    51          52      0.000312289              1       0.000388  
    52          53      0.000298108              1       0.000371  
    53          54      0.000285416              1       0.000335  
    54          55      0.000274192              1       0.000312  
    55          56      0.000263527              1        0.00032  
    56          57      0.000253142              1       0.000297  
    57          58      0.000242625              1       0.000258  
    58          59       0.00023229              1       0.000307  
    59          60       0.00022229              1       0.000308  
                                                        First-order 
 Iteration  Func-count       f(x)        Step-size       optimality
    60          61      0.000213002              1       0.000308  
    61          62      0.000204081              1       0.000278  
    62          63      0.000195413              1       0.000226  
    63          64      0.000186007              1       0.000238  
    64          65      0.000176973              1       0.000247  
    65          66      0.000168721              1       0.000222  
    66          67      0.000161283              1       0.000233  
    67          68      0.000154359              1       0.000206  
    68          69      0.000147668              1       0.000235  
    69          70      0.000140884              1       0.000224  
    70          71      0.000134449              1       0.000239  
    71          72      0.000128564              1       0.000203  
    72          73      0.000123294              1       0.000188  
    73          74      0.000118201              1       0.000184  
    74          75       0.00011333              1       0.000165  
    75          76      0.000108623              1       0.000175  
    76          77      0.000104414              1       0.000161  
    77          78      0.000100388              1       0.000163  
    78          79      9.66417e-05              1       0.000148  
    79          80      9.29902e-05              1       0.000152  
                                                        First-order 
 Iteration  Func-count       f(x)        Step-size       optimality
    80          81      8.97086e-05              1       0.000139  
    81          82      8.66646e-05              1        0.00014  
    82          83      8.39282e-05              1        0.00012  
    83          84      8.14031e-05              1       0.000126  
    84          85      7.91342e-05              1       0.000126  
    85          86      7.70155e-05              1       0.000122  
    86          87      7.50167e-05              1       0.000118  
    87          88      7.30747e-05              1       0.000117  
    88          89      7.11817e-05              1       0.000116  
    89          90      6.92495e-05              1       0.000121  
    90          91      6.72369e-05              1       0.000117  
    91          92      6.51359e-05              1       0.000114  
    92          93      6.30769e-05              1       0.000125  
    93          94      6.11244e-05              1       0.000104  
    94          95      5.93334e-05              1       0.000101  
    95          96      5.76392e-05              1       9.14e-05  
    96          97      5.60982e-05              1       0.000116  
    97          98       5.4649e-05              1         0.0001  
    98          99      5.33011e-05              1       0.000103  
    99         100      5.19332e-05              1       9.17e-05  
                                                        First-order 
 Iteration  Func-count       f(x)        Step-size       optimality
   100         101       5.0568e-05              1       9.55e-05  
   101         102      4.91807e-05              1       9.89e-05  
   102         103      4.78774e-05              1       9.04e-05  
   103         104      4.66554e-05              1       8.58e-05  
   104         105      4.55094e-05              1       8.15e-05  
   105         106       4.4396e-05              1       8.14e-05  
   106         107      4.33322e-05              1       6.93e-05  
   107         108      4.23431e-05              1       8.39e-05  
   108         109      4.14521e-05              1       8.77e-05  
   109         110      4.06314e-05              1       9.01e-05  
   110         111      3.98436e-05              1       8.39e-05  
   111         112      3.90573e-05              1       7.31e-05  
   112         113       3.8277e-05              1       0.000102  
   113         114      3.74989e-05              1       8.69e-05  
   114         115      3.67351e-05              1       0.000102  
   115         116      3.59753e-05              1       8.04e-05  
   116         117      3.52676e-05              1        6.6e-05  
   117         118      3.46168e-05              1       6.59e-05  
   118         119       3.4026e-05              1       6.02e-05  
   119         120      3.34453e-05              1       5.55e-05  
                                                        First-order 
 Iteration  Func-count       f(x)        Step-size       optimality
   120         121      3.28917e-05              1       4.88e-05  
   121         122      3.23631e-05              1       6.44e-05  
   122         123      3.18644e-05              1       7.54e-05  
   123         124      3.13637e-05              1       7.66e-05  
   124         125      3.08662e-05              1       7.02e-05  
   125         126      3.03974e-05              1       5.51e-05  
   126         127        2.998e-05              1       5.82e-05  
   127         128      2.95843e-05              1       6.09e-05  
   128         129      2.91736e-05              1       5.95e-05  
   129         130      2.87324e-05              1       6.69e-05  
   130         131      2.82868e-05              1       7.21e-05  
   131         132       2.7846e-05              1       7.91e-05  
   132         133      2.74024e-05              1          8e-05  
   133         134      2.69209e-05              1       7.92e-05  
   134         135      2.64199e-05              1       7.05e-05  
   135         136      2.59088e-05              1       7.04e-05  
   136         137      2.54007e-05              1       6.93e-05  
   137         138      2.48693e-05              1       6.88e-05  
   138         139      2.43409e-05              1       6.32e-05  
   139         140      2.38293e-05              1       5.68e-05  
                                                        First-order 
 Iteration  Func-count       f(x)        Step-size       optimality
   140         141      2.33697e-05              1        5.4e-05  
   141         142      2.29375e-05              1       5.27e-05  
   142         143      2.25313e-05              1       6.52e-05  
   143         144      2.21282e-05              1       5.29e-05  
   144         145      2.17425e-05              1       6.72e-05  
   145         146      2.13513e-05              1       7.86e-05  
   146         147      2.09712e-05              1       6.24e-05  
   147         148      2.05873e-05              1       6.11e-05  
   148         149      2.02379e-05              1       4.79e-05  
   149         150      1.98999e-05              1       4.65e-05  
   150         151       1.9586e-05              1       5.36e-05  
   151         152      1.92748e-05              1       5.55e-05  
   152         153      1.89732e-05              1       5.57e-05  
   153         154      1.86622e-05              1        4.8e-05  
   154         155      1.83482e-05              1       4.68e-05  
   155         156      1.80309e-05              1       4.43e-05  
   156         157      1.77211e-05              1       4.52e-05  
   157         158      1.74029e-05              1       4.67e-05  
   158         159      1.70738e-05              1       6.02e-05  
   159         160      1.67326e-05              1        5.5e-05  
                                                        First-order 
 Iteration  Func-count       f(x)        Step-size       optimality
   160         161      1.64126e-05              1       4.29e-05  
   161         162      1.61167e-05              1       4.54e-05  
   162         163       1.5853e-05              1       4.86e-05  
   163         164      1.55949e-05              1       4.41e-05  
   164         165      1.53483e-05              1       3.69e-05  
   165         166      1.51106e-05              1       3.67e-05  
   166         167       1.4894e-05              1       3.34e-05  
   167         168       1.4681e-05              1       3.27e-05  
   168         169      1.44857e-05              1       3.64e-05  
   169         170      1.43056e-05              1       3.56e-05  
   170         171       1.4137e-05              1       3.19e-05  
   171         172       1.3968e-05              1       3.18e-05  
   172         173      1.37947e-05              1       3.14e-05  
   173         174      1.36208e-05              1       3.41e-05  
   174         175      1.34533e-05              1       3.11e-05  
   175         176      1.32974e-05              1       3.15e-05  
   176         177      1.31471e-05              1       3.43e-05  
   177         178      1.29986e-05              1       3.04e-05  
   178         179      1.28449e-05              1       2.74e-05  
   179         180      1.26949e-05              1       2.59e-05  
                                                        First-order 
 Iteration  Func-count       f(x)        Step-size       optimality
   180         181      1.25518e-05              1       2.47e-05  
   181         182      1.24213e-05              1       3.16e-05  
   182         183       1.2301e-05              1       2.83e-05  
   183         184        1.219e-05              1       2.24e-05  
   184         185      1.20864e-05              1       2.61e-05  
   185         186      1.19884e-05              1        2.8e-05  
   186         187      1.18943e-05              1       2.25e-05  
   187         188      1.18043e-05              1       2.31e-05  
   188         189      1.17202e-05              1       2.77e-05  
   189         190      1.16406e-05              1       2.31e-05  
   190         191       1.1562e-05              1       2.21e-05  
   191         192      1.14805e-05              1       2.24e-05  
   192         193       1.1398e-05              1       2.63e-05  
   193         194      1.13167e-05              1       2.29e-05  
   194         195       1.1239e-05              1       2.37e-05  
   195         196      1.11615e-05              1       1.99e-05  
   196         197      1.10843e-05              1        2.2e-05  
   197         198      1.10079e-05              1       2.09e-05  
   198         199      1.09331e-05              1       2.56e-05  
   199         200      1.08572e-05              1       2.68e-05  
                                                        First-order 
 Iteration  Func-count       f(x)        Step-size       optimality
   200         201        1.078e-05              1       2.17e-05  
   201         202      1.07029e-05              1       2.03e-05  
   202         203      1.06268e-05              1       2.08e-05  
   203         204      1.05517e-05              1       1.84e-05  
   204         205      1.04752e-05              1          2e-05  
   205         206      1.03979e-05              1       1.99e-05  
   206         207      1.03209e-05              1       2.06e-05  
   207         208      1.02467e-05              1       2.28e-05  
   208         209      1.01745e-05              1       2.08e-05  
   209         210      1.01038e-05              1       2.68e-05  
   210         211      1.00327e-05              1       2.36e-05  
   211         212      9.96264e-06              1       2.12e-05  
   212         213      9.89329e-06              1       2.25e-05  
   213         214      9.82606e-06              1       2.41e-05  
   214         215       9.7585e-06              1       2.29e-05  
   215         216      9.69094e-06              1       2.21e-05  
   216         217      9.62242e-06              1       2.15e-05  
   217         218      9.55551e-06              1       2.13e-05  
   218         219      9.48987e-06              1       2.06e-05  
   219         220      9.42712e-06              1       1.86e-05  
                                                        First-order 
 Iteration  Func-count       f(x)        Step-size       optimality
   220         221        9.368e-06              1       1.98e-05  
   221         222      9.31544e-06              1       2.01e-05  
   222         223      9.26832e-06              1       1.96e-05  
   223         224      9.22395e-06              1       1.46e-05  
   224         225      9.17815e-06              1       1.47e-05  
   225         226      9.13077e-06              1       1.55e-05  
   226         227      9.08382e-06              1       1.62e-05  
   227         228       9.0404e-06              1       1.53e-05  
   228         229      9.00002e-06              1       1.56e-05  
   229         230      8.96161e-06              1       1.48e-05  
   230         231       8.9239e-06              1       1.38e-05  
   231         232      8.88866e-06              1       1.45e-05  
   232         233      8.85556e-06              1       1.36e-05  
   233         234       8.8246e-06              1       1.43e-05  
   234         235       8.7942e-06              1       1.51e-05  
   235         236      8.76255e-06              1       1.52e-05  
   236         237      8.72737e-06              1       1.41e-05  
   237         238        8.688e-06              1       1.37e-05  
   238         239      8.64597e-06              1        1.6e-05  
   239         240      8.60425e-06              1       1.58e-05  
                                                        First-order 
 Iteration  Func-count       f(x)        Step-size       optimality
   240         241      8.56405e-06              1       1.47e-05  
   241         242      8.52472e-06              1       1.46e-05  
   242         243      8.48468e-06              1       1.83e-05  
   243         244      8.44392e-06              1       1.56e-05  
   244         245      8.40239e-06              1       1.42e-05  
   245         246       8.3606e-06              1       1.62e-05  
   246         247      8.31693e-06              1       1.92e-05  
   247         248      8.27133e-06              1        1.9e-05  
   248         249      8.22387e-06              1       1.85e-05  
   249         250      8.17806e-06              1       1.88e-05  
   250         251      8.13512e-06              1       1.39e-05  
   251         252      8.09581e-06              1       1.34e-05  
   252         253      8.05742e-06              1       1.62e-05  
   253         254      8.01881e-06              1       1.44e-05  
   254         255      7.97883e-06              1       1.46e-05  
   255         256      7.93849e-06              1       1.64e-05  
   256         257      7.89751e-06              1       1.54e-05  
   257         258      7.85593e-06              1       1.63e-05  
   258         259      7.81216e-06              1       1.76e-05  
   259         260      7.76718e-06              1       1.73e-05  
                                                        First-order 
 Iteration  Func-count       f(x)        Step-size       optimality
   260         261      7.72095e-06              1       1.68e-05  
   261         262      7.67454e-06              1       1.69e-05  
   262         263      7.62706e-06              1       1.61e-05  
   263         264      7.58069e-06              1       1.78e-05  
   264         265      7.53692e-06              1       1.42e-05  
   265         266      7.49796e-06              1       1.71e-05  
   266         267       7.4616e-06              1       1.83e-05  
   267         268      7.42726e-06              1       1.49e-05  
   268         269       7.3939e-06              1        1.5e-05  
   269         270       7.3619e-06              1       1.33e-05  
   270         271      7.32922e-06              1       1.43e-05  
   271         272      7.29448e-06              1       1.27e-05  
   272         273      7.25704e-06              1       1.51e-05  
   273         274      7.21932e-06              1       1.81e-05  
   274         275      7.18123e-06              1       1.48e-05  
   275         276        7.143e-06              1       1.44e-05  
   276         277      7.10426e-06              1       1.44e-05  
   277         278      7.06703e-06              1       1.59e-05  
   278         279      7.03183e-06              1       1.44e-05  
   279         280      6.99831e-06              1        1.4e-05  
                                                        First-order 
 Iteration  Func-count       f(x)        Step-size       optimality
   280         281      6.96488e-06              1       1.44e-05  
   281         282      6.93187e-06              1       1.34e-05  
   282         283      6.90025e-06              1       1.39e-05  
   283         284        6.871e-06              1        1.6e-05  
   284         285        6.843e-06              1       1.46e-05  
   285         286      6.81504e-06              1       1.48e-05  
   286         287      6.78617e-06              1       1.23e-05  
   287         288      6.75769e-06              1       1.22e-05  
   288         289      6.72977e-06              1       1.33e-05  
   289         290      6.70213e-06              1       1.48e-05  
   290         291      6.67366e-06              1       1.15e-05  
   291         292      6.64477e-06              1       1.09e-05  
   292         293      6.61595e-06              1       1.08e-05  
   293         294      6.58846e-06              1       1.34e-05  
   294         295      6.56249e-06              1       1.23e-05  
   295         296      6.53798e-06              1       1.28e-05  
   296         297      6.51389e-06              1       1.29e-05  
   297         298      6.48933e-06              1       1.31e-05  
   298         299       6.4637e-06              1       1.18e-05  
   299         300       6.4377e-06              1       1.44e-05  
                                                        First-order 
 Iteration  Func-count       f(x)        Step-size       optimality
   300         301      6.41255e-06              1       1.42e-05  
   301         302      6.38922e-06              1       1.37e-05  
   302         303      6.36755e-06              1       1.16e-05  
   303         304       6.3472e-06              1       1.02e-05  
   304         305      6.32807e-06              1       9.72e-06  
   305         306      6.31057e-06              1       1.04e-05  
   306         307      6.29438e-06              1       1.15e-05  
   307         308      6.27865e-06              1       1.09e-05  
   308         309      6.26201e-06              1        9.1e-06  
   309         310      6.24618e-06              1       8.74e-06  
   310         311      6.23084e-06              1       9.06e-06  
   311         312      6.21566e-06              1       8.77e-06  
   312         313      6.20131e-06              1       8.81e-06  
   313         314      6.18784e-06              1       9.38e-06  
   314         315      6.17505e-06              1       8.15e-06  
   315         316      6.16249e-06              1        8.2e-06  
   316         317      6.15006e-06              1       7.77e-06  
   317         318      6.13783e-06              1        9.6e-06  
   318         319      6.12597e-06              1       1.06e-05  
   319         320      6.11448e-06              1       9.27e-06  
                                                        First-order 
 Iteration  Func-count       f(x)        Step-size       optimality
   320         321      6.10329e-06              1       9.56e-06  
   321         322      6.09241e-06              1       9.46e-06  
   322         323        6.082e-06              1       8.27e-06  
   323         324      6.07221e-06              1       8.35e-06  
   324         325        6.063e-06              1       8.26e-06  
   325         326      6.05426e-06              1       6.78e-06  
   326         327      6.04578e-06              1       7.32e-06  
   327         328      6.03736e-06              1       8.09e-06  
   328         329      6.02871e-06              1       8.97e-06  
   329         330      6.01978e-06              1       7.35e-06  
   330         331      6.01082e-06              1       7.34e-06  
   331         332      6.00234e-06              1       6.82e-06  
   332         333      5.99476e-06              1       6.98e-06  
   333         334      5.98798e-06              1       6.85e-06  
   334         335       5.9814e-06              1       6.57e-06  
   335         336      5.97444e-06              1       6.47e-06  
   336         337      5.96701e-06              1       6.36e-06  
   337         338      5.95941e-06              1       7.47e-06  
   338         339      5.95198e-06              1       8.09e-06  
   339         340      5.94465e-06              1       7.13e-06  
                                                        First-order 
 Iteration  Func-count       f(x)        Step-size       optimality
   340         341      5.93711e-06              1       7.14e-06  
   341         342      5.92908e-06              1       7.23e-06  
   342         343      5.92064e-06              1       7.75e-06  
   343         344      5.91185e-06              1       9.18e-06  
   344         345      5.90274e-06              1       1.07e-05  
   345         346      5.89321e-06              1       9.43e-06  
   346         347      5.88335e-06              1       8.26e-06  
   347         348      5.87346e-06              1       1.04e-05  
   348         349      5.86392e-06              1       9.09e-06  
   349         350      5.85467e-06              1       9.11e-06  
   350         351      5.84516e-06              1       9.07e-06  
   351         352      5.83457e-06              1       8.88e-06  
   352         353      5.82263e-06              1       1.17e-05  
   353         354      5.80994e-06              1       1.29e-05  
   354         355      5.79755e-06              1       1.02e-05  
   355         356      5.78591e-06              1       8.66e-06  
   356         357      5.77489e-06              1          8e-06  
   357         358      5.76433e-06              1       8.55e-06  
   358         359      5.75446e-06              1       8.29e-06  
   359         360      5.74519e-06              1       8.51e-06  
                                                        First-order 
 Iteration  Func-count       f(x)        Step-size       optimality
   360         361      5.73597e-06              1       8.08e-06  
   361         362      5.72622e-06              1       7.92e-06  
   362         363      5.71616e-06              1       7.36e-06  
   363         364      5.70626e-06              1       8.29e-06  
   364         365      5.69696e-06              1       7.49e-06  
   365         366      5.68783e-06              1       7.85e-06  
   366         367      5.67893e-06              1       6.44e-06  
   367         368      5.67015e-06              1       6.39e-06  
   368         369      5.66193e-06              1        6.6e-06  
   369         370      5.65402e-06              1       6.88e-06  
   370         371      5.64615e-06              1       7.09e-06  
   371         372      5.63827e-06              1       6.69e-06  
   372         373      5.63086e-06              1       7.09e-06  
   373         374      5.62434e-06              1        5.9e-06  
   374         375      5.61872e-06              1       5.52e-06  
   375         376      5.61375e-06              1       4.75e-06  
   376         377      5.60915e-06              1       6.06e-06  
   377         378      5.60485e-06              1       5.84e-06  
   378         379       5.6009e-06              1       6.31e-06  
   379         380      5.59742e-06              1       5.05e-06  
                                                        First-order 
 Iteration  Func-count       f(x)        Step-size       optimality
   380         381      5.59445e-06              1        4.9e-06  
   381         382      5.59192e-06              1       3.74e-06  
   382         383      5.58962e-06              1       3.65e-06  
   383         384      5.58746e-06              1       3.25e-06  
   384         385      5.58546e-06              1       3.21e-06  
   385         386      5.58364e-06              1       3.63e-06  
   386         387      5.58192e-06              1       3.69e-06  
   387         388      5.58023e-06              1       3.44e-06  
   388         389      5.57854e-06              1       3.04e-06  
   389         390      5.57685e-06              1       3.09e-06  
   390         391       5.5752e-06              1       2.93e-06  
   391         392      5.57356e-06              1       2.94e-06  
   392         393      5.57194e-06              1       2.69e-06  
   393         394      5.57038e-06              1       2.82e-06  
   394         395      5.56894e-06              1       2.77e-06  
   395         396      5.56761e-06              1       2.65e-06  
   396         397      5.56634e-06              1       2.71e-06  
   397         398      5.56508e-06              1       3.17e-06  
   398         399      5.56383e-06              1        2.7e-06  
   399         400      5.56262e-06              1       2.97e-06  
                                                        First-order 
 Iteration  Func-count       f(x)        Step-size       optimality
   400         401      5.56142e-06              1       3.06e-06  
   401         402      5.56017e-06              1       2.76e-06  
   402         403      5.55881e-06              1       2.94e-06  
   403         404      5.55739e-06              1       3.19e-06  
   404         405      5.55599e-06              1       2.82e-06  
   405         406      5.55465e-06              1       2.86e-06  
   406         407      5.55336e-06              1       3.07e-06  
   407         408       5.5521e-06              1       2.83e-06  
   408         409      5.55089e-06              1       2.52e-06  
   409         410      5.54977e-06              1       2.55e-06  
   410         411       5.5487e-06              1        2.4e-06  
   411         412      5.54765e-06              1       2.32e-06  
   412         413      5.54663e-06              1       2.56e-06  
   413         414      5.54564e-06              1       2.36e-06  
   414         415      5.54469e-06              1       2.35e-06  
   415         416      5.54374e-06              1       2.11e-06  
   416         417      5.54279e-06              1       2.38e-06  
   417         418      5.54187e-06              1       2.35e-06  
   418         419      5.54099e-06              1       2.38e-06  
   419         420      5.54009e-06              1       2.45e-06  
                                                        First-order 
 Iteration  Func-count       f(x)        Step-size       optimality
   420         421      5.53911e-06              1       2.33e-06  
   421         422      5.53802e-06              1       2.76e-06  
   422         423      5.53684e-06              1       2.73e-06  
   423         424      5.53564e-06              1       2.49e-06  
   424         425      5.53448e-06              1       2.42e-06  
   425         426      5.53342e-06              1       2.42e-06  
   426         427      5.53247e-06              1       2.13e-06  
   427         428      5.53158e-06              1       2.43e-06  
   428         429      5.53067e-06              1       2.53e-06  
   429         430      5.52967e-06              1       2.55e-06  
   430         431      5.52857e-06              1       3.05e-06  
   431         432       5.5274e-06              1       2.44e-06  
   432         433      5.52623e-06              1       2.84e-06  
   433         434      5.52509e-06              1       3.09e-06  
   434         435      5.52397e-06              1       3.07e-06  
   435         436      5.52286e-06              1       2.79e-06  
   436         437      5.52175e-06              1        2.6e-06  
   437         438      5.52064e-06              1       2.53e-06  
   438         439      5.51958e-06              1       2.61e-06  
   439         440      5.51861e-06              1        2.8e-06  
                                                        First-order 
 Iteration  Func-count       f(x)        Step-size       optimality
   440         441      5.51776e-06              1       2.71e-06  
   441         442      5.51696e-06              1       2.27e-06  
   442         443      5.51616e-06              1        2.2e-06  
   443         444      5.51527e-06              1       2.35e-06  
   444         445      5.51429e-06              1       2.17e-06  
   445         446      5.51328e-06              1       2.19e-06  
   446         447      5.51231e-06              1       2.39e-06  
   447         448      5.51139e-06              1       2.56e-06  
   448         449      5.51048e-06              1       2.27e-06  
   449         450      5.50952e-06              1       2.49e-06  
   450         451      5.50848e-06              1       2.87e-06  
   451         452      5.50737e-06              1       2.74e-06  
   452         453       5.5062e-06              1       2.69e-06  
   453         454      5.50497e-06              1       3.36e-06  
   454         455      5.50372e-06              1       2.85e-06  
   455         456      5.50245e-06              1       2.73e-06  
   456         457      5.50116e-06              1       2.65e-06  
   457         458      5.49984e-06              1       2.63e-06  
   458         459      5.49852e-06              1       2.86e-06  
   459         460      5.49726e-06              1       2.45e-06  
                                                        First-order 
 Iteration  Func-count       f(x)        Step-size       optimality
   460         461       5.4961e-06              1       2.37e-06  
   461         462      5.49501e-06              1       2.33e-06  
   462         463      5.49394e-06              1       2.31e-06  
   463         464      5.49284e-06              1       2.54e-06  
   464         465      5.49172e-06              1       2.63e-06  
   465         466      5.49059e-06              1       2.63e-06  
   466         467      5.48947e-06              1        2.6e-06  
   467         468      5.48838e-06              1       2.81e-06  
   468         469      5.48733e-06              1       2.96e-06  
   469         470      5.48634e-06              1       2.47e-06  
   470         471      5.48536e-06              1       2.36e-06  
   471         472      5.48438e-06              1       2.61e-06  
   472         473      5.48341e-06              1       2.79e-06  
   473         474      5.48247e-06              1       2.24e-06  
   474         475      5.48153e-06              1       2.28e-06  
   475         476      5.48057e-06              1       2.18e-06  
   476         477      5.47958e-06              1       2.72e-06  
   477         478      5.47859e-06              1       2.73e-06  
   478         479      5.47763e-06              1       2.19e-06  
   479         480      5.47666e-06              1       2.26e-06  
                                                        First-order 
 Iteration  Func-count       f(x)        Step-size       optimality
   480         481      5.47561e-06              1       2.23e-06  
   481         482      5.47448e-06              1       2.78e-06  
   482         483      5.47331e-06              1       2.61e-06  
   483         484      5.47219e-06              1       2.92e-06  
   484         485      5.47114e-06              1        2.4e-06  
   485         486      5.47012e-06              1       2.54e-06  
   486         487      5.46908e-06              1       2.78e-06  
   487         488      5.46799e-06              1       2.57e-06  
   488         489      5.46685e-06              1       2.68e-06  
   489         490       5.4657e-06              1       2.52e-06  
   490         491      5.46459e-06              1       2.63e-06  
   491         492      5.46356e-06              1       2.34e-06  
   492         493      5.46259e-06              1       2.05e-06  
   493         494      5.46167e-06              1       2.05e-06  
   494         495      5.46077e-06              1       2.32e-06  
   495         496      5.45991e-06              1       2.21e-06  
   496         497      5.45909e-06              1       2.37e-06  
   497         498      5.45826e-06              1       2.43e-06  
   498         499      5.45742e-06              1       2.22e-06  
   499         500      5.45657e-06              1       2.35e-06  
                                                        First-order 
 Iteration  Func-count       f(x)        Step-size       optimality
   500         501      5.45572e-06              1       2.67e-06  
   501         502      5.45487e-06              1       2.22e-06  
   502         503      5.45403e-06              1       1.97e-06  
   503         504      5.45316e-06              1       2.27e-06  
   504         505      5.45232e-06              1       2.82e-06  
   505         506      5.45153e-06              1       2.25e-06  
   506         507       5.4508e-06              1       2.16e-06  
   507         508      5.45013e-06              1       1.92e-06  
   508         509      5.44949e-06              1       1.95e-06  
   509         510      5.44885e-06              1       2.04e-06  
   510         511       5.4482e-06              1       1.86e-06  
   511         512      5.44756e-06              1       1.82e-06  
   512         513      5.44695e-06              1       1.85e-06  
   513         514      5.44638e-06              1       2.39e-06  
   514         515      5.44584e-06              1       1.95e-06  
   515         516      5.44532e-06              1        1.8e-06  
   516         517      5.44482e-06              1       1.59e-06  
   517         518      5.44435e-06              1       1.54e-06  
   518         519      5.44394e-06              1       1.59e-06  
   519         520      5.44356e-06              1       1.42e-06  
                                                        First-order 
 Iteration  Func-count       f(x)        Step-size       optimality
   520         521      5.44319e-06              1       1.46e-06  
   521         522      5.44285e-06              1       1.35e-06  
   522         523      5.44253e-06              1       1.43e-06  
   523         524      5.44222e-06              1        1.2e-06  
   524         525      5.44192e-06              1       1.32e-06  
   525         526      5.44163e-06              1        1.3e-06  
   526         527      5.44136e-06              1       1.07e-06  
   527         528      5.44112e-06              1       1.15e-06  
   528         529       5.4409e-06              1       1.19e-06  
   529         530      5.44068e-06              1       1.14e-06  
   530         531      5.44045e-06              1       1.43e-06  
   531         532      5.44022e-06              1       1.26e-06  
   532         533      5.43997e-06              1        1.2e-06  
   533         534      5.43973e-06              1       1.13e-06  
   534         535      5.43948e-06              1       1.34e-06  
   535         536      5.43925e-06              1       1.66e-06  
   536         537      5.43902e-06              1       1.36e-06  
   537         538       5.4388e-06              1       1.05e-06  
   538         539       5.4386e-06              1       1.16e-06  
   539         540      5.43841e-06              1       1.18e-06  
                                                        First-order 
 Iteration  Func-count       f(x)        Step-size       optimality
   540         541      5.43821e-06              1       1.15e-06  
   541         542        5.438e-06              1       1.02e-06  
   542         543      5.43778e-06              1       9.86e-07  
   543         544      5.43757e-06              1       1.05e-06  
   544         545      5.43736e-06              1       1.23e-06  
   545         546      5.43717e-06              1       1.26e-06  
   546         547      5.43697e-06              1       9.47e-07  
   547         548      5.43678e-06              1       1.03e-06  
   548         549      5.43659e-06              1        1.1e-06  
   549         550       5.4364e-06              1       1.15e-06  
   550         551      5.43622e-06              1        1.1e-06  
   551         552      5.43604e-06              1        8.9e-07  
   552         553      5.43587e-06              1       9.69e-07  
   553         554       5.4357e-06              1       1.12e-06  
   554         555      5.43553e-06              1       1.15e-06  
   555         556      5.43535e-06              1       1.03e-06  
   556         557      5.43518e-06              1       1.01e-06  
   557         558      5.43502e-06              1          9e-07  
   558         559      5.43487e-06              1       7.94e-07  
   559         560      5.43472e-06              1        8.7e-07  
                                                        First-order 
 Iteration  Func-count       f(x)        Step-size       optimality
   560         561      5.43459e-06              1       7.53e-07  
   561         562      5.43446e-06              1       1.02e-06  
   562         563      5.43432e-06              1       1.18e-06  
   563         564      5.43417e-06              1       1.11e-06  
   564         565      5.43403e-06              1       8.64e-07  
   565         566      5.43389e-06              1       8.09e-07  
   566         567      5.43375e-06              1       8.84e-07  
   567         568       5.4336e-06              1       1.09e-06  
   568         569      5.43344e-06              1       1.13e-06  
   569         570      5.43328e-06              1       9.88e-07  
   570         571      5.43313e-06              1       9.71e-07  
   571         572      5.43298e-06              1       9.65e-07  
   572         573      5.43283e-06              1       9.12e-07  
   573         574      5.43269e-06              1       1.02e-06  
   574         575      5.43254e-06              1       1.06e-06  
   575         576      5.43238e-06              1       1.19e-06  
   576         577      5.43222e-06              1       1.01e-06  
   577         578      5.43205e-06              1       9.77e-07  
   578         579      5.43189e-06              1       8.53e-07  
   579         580      5.43173e-06              1       1.01e-06  
                                                        First-order 
 Iteration  Func-count       f(x)        Step-size       optimality
   580         581      5.43158e-06              1        9.7e-07  
   581         582      5.43142e-06              1       1.03e-06  
   582         583      5.43127e-06              1       1.09e-06  
   583         584       5.4311e-06              1       1.02e-06  
   584         585      5.43094e-06              1       9.19e-07  
   585         586      5.43079e-06              1       1.01e-06  
   586         587      5.43063e-06              1       8.66e-07  
   587         588      5.43048e-06              1       8.97e-07  
   588         589      5.43033e-06              1       8.58e-07  
   589         590      5.43018e-06              1       8.36e-07  
   590         591      5.43004e-06              1        8.4e-07  
   591         592      5.42991e-06              1       9.47e-07  
   592         593      5.42978e-06              1       9.36e-07  
   593         594      5.42965e-06              1       6.63e-07  
   594         595      5.42954e-06              1       7.33e-07  
   595         596      5.42944e-06              1        8.3e-07  
   596         597      5.42935e-06              1       9.32e-07  
   597         598      5.42927e-06              1       8.41e-07  
   598         599      5.42919e-06              1       7.02e-07  
   599         600      5.42912e-06              1       6.63e-07  
                                                        First-order 
 Iteration  Func-count       f(x)        Step-size       optimality
   600         601      5.42905e-06              1       6.47e-07  
   601         602      5.42899e-06              1       6.74e-07  
   602         603      5.42893e-06              1       5.44e-07  
   603         604      5.42887e-06              1       5.62e-07  
   604         605      5.42881e-06              1       6.26e-07  
   605         606      5.42875e-06              1       6.08e-07  
   606         607      5.42869e-06              1       5.55e-07  
   607         608      5.42864e-06              1       6.45e-07  
   608         609      5.42858e-06              1       5.95e-07  
   609         610      5.42853e-06              1        5.3e-07  
   610         611      5.42847e-06              1       6.61e-07  
   611         612       5.4284e-06              1       6.94e-07  
   612         613      5.42834e-06              1       7.25e-07  
   613         614      5.42827e-06              1       6.71e-07  
   614         615      5.42821e-06              1       5.85e-07  
   615         616      5.42816e-06              1       5.33e-07  
   616         617      5.42811e-06              1       5.28e-07  
   617         618      5.42806e-06              1       4.94e-07  
   618         619      5.42801e-06              1       5.44e-07  
   619         620      5.42797e-06              1       4.85e-07  
                                                        First-order 
 Iteration  Func-count       f(x)        Step-size       optimality
   620         621      5.42792e-06              1       4.86e-07  
   621         622      5.42788e-06              1       5.43e-07  
   622         623      5.42784e-06              1       4.95e-07  
   623         624      5.42779e-06              1       4.75e-07  
   624         625      5.42775e-06              1       4.86e-07  
   625         626      5.42771e-06              1       4.99e-07  
   626         627      5.42767e-06              1       5.19e-07  
   627         628      5.42763e-06              1       4.18e-07  
   628         629      5.42759e-06              1       4.56e-07  
   629         630      5.42756e-06              1       4.75e-07  
   630         631      5.42752e-06              1       4.84e-07  
   631         632      5.42748e-06              1       4.72e-07  
   632         633      5.42744e-06              1       5.02e-07  
   633         634      5.42739e-06              1       5.05e-07  
   634         635      5.42735e-06              1       5.59e-07  
   635         636       5.4273e-06              1       6.02e-07  
   636         637      5.42726e-06              1       6.36e-07  
   637         638      5.42722e-06              1       4.81e-07  
   638         639      5.42718e-06              1        5.1e-07  
   639         640      5.42713e-06              1       4.48e-07  
                                                        First-order 
 Iteration  Func-count       f(x)        Step-size       optimality
   640         641      5.42709e-06              1       4.46e-07  
   641         642      5.42705e-06              1       4.04e-07  
   642         643        5.427e-06              1       4.72e-07  
   643         644      5.42696e-06              1       4.84e-07  
   644         645      5.42692e-06              1       4.52e-07  
   645         646      5.42688e-06              1       4.75e-07  
   646         647      5.42685e-06              1       4.02e-07  
   647         648      5.42681e-06              1       4.63e-07  
   648         649      5.42677e-06              1       5.43e-07  
   649         650      5.42673e-06              1       4.95e-07  
   650         651      5.42669e-06              1       5.33e-07  
   651         652      5.42665e-06              1       4.65e-07  
   652         653      5.42662e-06              1       5.21e-07  
   653         654      5.42659e-06              1       4.64e-07  
   654         655      5.42656e-06              1       4.66e-07  
   655         656      5.42653e-06              1       4.14e-07  
   656         657       5.4265e-06              1       4.44e-07  
   657         658      5.42647e-06              1       4.62e-07  
   658         659      5.42643e-06              1       4.06e-07  
   659         660      5.42639e-06              1       4.31e-07  
                                                        First-order 
 Iteration  Func-count       f(x)        Step-size       optimality
   660         661      5.42636e-06              1       4.47e-07  
   661         662      5.42632e-06              1       4.57e-07  
   662         663      5.42629e-06              1        5.1e-07  
   663         664      5.42625e-06              1       4.21e-07  
   664         665      5.42621e-06              1       4.62e-07  
   665         666      5.42618e-06              1       5.58e-07  
   666         667      5.42614e-06              1       5.46e-07  
   667         668       5.4261e-06              1       4.86e-07  
   668         669      5.42606e-06              1       4.74e-07  
   669         670      5.42602e-06              1        5.1e-07  
   670         671      5.42598e-06              1       4.73e-07  
   671         672      5.42594e-06              1       4.53e-07  
   672         673       5.4259e-06              1       4.67e-07  
   673         674      5.42586e-06              1       4.44e-07  
   674         675      5.42582e-06              1       3.99e-07  
   675         676      5.42579e-06              1       3.99e-07  
   676         677      5.42575e-06              1       4.66e-07  
   677         678      5.42572e-06              1       3.82e-07  
   678         679      5.42569e-06              1       3.89e-07  
   679         680      5.42566e-06              1        4.1e-07  
                                                        First-order 
 Iteration  Func-count       f(x)        Step-size       optimality
   680         681      5.42562e-06              1        4.6e-07  
   681         682      5.42559e-06              1       4.42e-07  
   682         683      5.42555e-06              1       4.61e-07  
   683         684      5.42551e-06              1       5.09e-07  
   684         685      5.42547e-06              1       4.87e-07  
   685         686      5.42542e-06              1       4.81e-07  
   686         687      5.42539e-06              1       4.16e-07  
   687         688      5.42535e-06              1       4.62e-07  
   688         689      5.42531e-06              1       6.47e-07  
   689         690      5.42527e-06              1       5.92e-07  
   690         691      5.42522e-06              1       4.62e-07  
   691         692      5.42518e-06              1       4.84e-07  
   692         693      5.42515e-06              1       4.21e-07  
   693         694      5.42511e-06              1       5.32e-07  
   694         695      5.42508e-06              1        4.2e-07  
   695         696      5.42505e-06              1       4.11e-07  
   696         697      5.42502e-06              1       5.26e-07  
   697         698      5.42499e-06              1       5.19e-07  
   698         699      5.42496e-06              1       4.18e-07  
   699         700      5.42493e-06              1       4.28e-07  
                                                        First-order 
 Iteration  Func-count       f(x)        Step-size       optimality
   700         701       5.4249e-06              1       3.97e-07  
   701         702      5.42487e-06              1       4.56e-07  
   702         703      5.42485e-06              1       3.55e-07  
   703         704      5.42482e-06              1       3.59e-07  
   704         705       5.4248e-06              1       3.84e-07  
   705         706      5.42477e-06              1       3.78e-07  
   706         707      5.42475e-06              1        3.8e-07  
   707         708      5.42473e-06              1       3.67e-07  
   708         709      5.42471e-06              1       3.43e-07  
   709         710      5.42469e-06              1       3.81e-07  
   710         711      5.42467e-06              1       2.87e-07  
   711         712      5.42465e-06              1       3.09e-07  
   712         713      5.42464e-06              1       3.56e-07  
   713         714      5.42462e-06              1       2.94e-07  
   714         715       5.4246e-06              1       3.07e-07  
   715         716      5.42459e-06              1       3.22e-07  
   716         717      5.42457e-06              1       3.49e-07  
   717         718      5.42456e-06              1       3.57e-07  
   718         719      5.42454e-06              1       3.36e-07  
   719         720      5.42453e-06              1       2.98e-07  
                                                        First-order 
 Iteration  Func-count       f(x)        Step-size       optimality
   720         721      5.42451e-06              1       3.21e-07  
   721         722       5.4245e-06              1       3.75e-07  
   722         723      5.42448e-06              1       2.95e-07  
   723         724      5.42447e-06              1       2.73e-07  
   724         725      5.42446e-06              1       2.34e-07  
   725         726      5.42445e-06              1       3.13e-07  
   726         727      5.42443e-06              1       2.99e-07  
   727         728      5.42442e-06              1       3.11e-07  
   728         729      5.42441e-06              1       2.61e-07  
   729         730      5.42439e-06              1       2.53e-07  
   730         731      5.42438e-06              1       2.39e-07  
   731         732      5.42437e-06              1       2.34e-07  
   732         733      5.42436e-06              1       2.21e-07  
   733         734      5.42435e-06              1       2.45e-07  
   734         735      5.42434e-06              1       3.07e-07  
   735         736      5.42433e-06              1       2.77e-07  
   736         737      5.42432e-06              1       2.22e-07  
   737         738      5.42431e-06              1       1.95e-07  
   738         739      5.42431e-06              1       1.87e-07  
   739         740       5.4243e-06              1       1.97e-07  
                                                        First-order 
 Iteration  Func-count       f(x)        Step-size       optimality
   740         741      5.42429e-06              1       2.18e-07  
   741         742      5.42429e-06              1       1.85e-07  
   742         743      5.42428e-06              1       1.82e-07  
   743         744      5.42428e-06              1       1.92e-07  
   744         745      5.42427e-06              1       1.94e-07  
   745         746      5.42426e-06              1       1.86e-07  
   746         747      5.42426e-06              1       1.81e-07  
   747         748      5.42425e-06              1       1.67e-07  
   748         749      5.42425e-06              1       2.09e-07  
   749         750      5.42424e-06              1       1.76e-07  
   750         751      5.42424e-06              1       1.88e-07  
   751         752      5.42423e-06              1       1.85e-07  
   752         753      5.42423e-06              1       1.67e-07  
   753         754      5.42422e-06              1       1.77e-07  
   754         755      5.42422e-06              1       1.74e-07  
   755         756      5.42421e-06              1       1.85e-07  
   756         757      5.42421e-06              1       2.22e-07  
   757         758      5.42421e-06              1       1.77e-07  
   758         759       5.4242e-06              1       1.54e-07  
   759         760       5.4242e-06              1       1.59e-07  
                                                        First-order 
 Iteration  Func-count       f(x)        Step-size       optimality
   760         761      5.42419e-06              1       1.72e-07  
   761         762      5.42419e-06              1       1.39e-07  
   762         763      5.42419e-06              1       1.42e-07  
   763         764      5.42418e-06              1       1.63e-07  
   764         765      5.42418e-06              1       1.71e-07  
   765         766      5.42417e-06              1       1.71e-07  
   766         767      5.42417e-06              1       1.62e-07  
   767         768      5.42417e-06              1       1.41e-07  
   768         769      5.42416e-06              1       1.61e-07  
   769         770      5.42416e-06              1       1.57e-07  
   770         771      5.42416e-06              1       1.41e-07  
   771         772      5.42415e-06              1        1.6e-07  
   772         773      5.42415e-06              1       1.67e-07  
   773         774      5.42415e-06              1        1.3e-07  
   774         775      5.42414e-06              1       1.31e-07  
   775         776      5.42414e-06              1       1.48e-07  
   776         777      5.42414e-06              1       1.49e-07  
   777         778      5.42413e-06              1       1.22e-07  
   778         779      5.42413e-06              1       1.21e-07  
   779         780      5.42413e-06              1       9.83e-08  

Optimization completed: The <a href = "matlab: helpview([docroot '/toolbox/optim/msg_csh/optim_msg_csh.map'],'first_order_opt_unc','CSHelpWindow');">first-order optimality measure</a>, 9.484029e-08, is less 
than <a href = "matlab: helpview([docroot '/toolbox/optim/msg_csh/optim_msg_csh.map'],'tolfun','CSHelpWindow');">options.TolFun</a> = 1.000000e-07.

Optimization Metric                                            Options
relative norm(gradient) =   9.48e-08                  TolFun =   1e-07 (selected)

