flow iter#1; |dv| = 31.8268
flow iter#2; |dv| = 27.5883
flow iter#3; |dv| = 11.8679
flow iter#4; |dv| = 13.9681
flow iter#5; |dv| = 17.8435
flow iter#6; |dv| = 17.257
flow iter#7; |dv| = 12.9872
flow iter#8; |dv| = 7.36225
flow iter#9; |dv| = 2.92357
flow iter#10; |dv| = 0.718872
flow iter#11; |dv| = 1.18816
flow iter#12; |dv| = 1.4837
flow iter#13; |dv| = 1.17377
flow iter#14; |dv| = 0.62337
flow iter#15; |dv| = 0.163592
flow iter#16; |dv| = 0.18464
flow iter#17; |dv| = 0.262606
flow iter#18; |dv| = 0.22522
flow iter#19; |dv| = 0.141201
flow iter#20; |dv| = 0.0666806
flow iter#21; |dv| = 0.0414473
flow iter#22; |dv| = 0.0476052
flow iter#23; |dv| = 0.0458058
flow iter#24; |dv| = 0.0383938
flow iter#25; |dv| = 0.0340449
                                                        First-order 
 Iteration  Func-count       f(x)        Step-size       optimality
     0           1      1.23806e+06                      4.94e+05
     1           2           709154    2.02416e-06       9.56e+04  
     2           3           503286              1       4.76e+04  
     3           4           325142              1       2.01e+04  
     4           5           229813              1       9.36e+03  
     5           6           166564              1       5.06e+03  
     6           7           123692              1       2.87e+03  
     7           8          92325.2              1       1.83e+03  
     8           9          73358.8              1       1.24e+03  
     9          10          59085.3              1            839  
    10          11          47076.9              1            590  
    11          12          36272.2              1            378  
    12          13          27681.1              1            271  
    13          14          20664.1              1            197  
    14          15          15337.4              1            129  
    15          16          11774.6              1           93.7  
    16          17          9892.68              1           67.6  
    17          18          9240.68              1           55.4  
    18          19          9128.55              1           49.9  
    19          20          9121.02              1           48.5  
                                                        First-order 
 Iteration  Func-count       f(x)        Step-size       optimality
    20          21          9119.56              1           48.2  
    21          22          9113.32              1           47.3  
    22          23          9099.79              1           46.1  
    23          24          9062.16              1           43.7  
    24          25          8969.98              1           41.9  
    25          26          8741.19              1           43.3  
    26          27          8205.29              1           44.3  
    27          28          7061.91              1           43.1  
    28          29          4967.43              1             37  
    29          30          2212.32              1           23.2  
    30          31          995.928              1           46.7  
    31          32          975.906              1           19.8  
    32          33          941.775              1           27.8  
    33          34          929.449              1           33.8  
    34          35          914.058              1             39  
    35          36          883.667              1           47.4  
    36          37          871.848              1           49.3  
    37          38          870.115              1           48.7  
    38          39          870.019              1           48.3  
    39          40          869.968              1             48  
                                                        First-order 
 Iteration  Func-count       f(x)        Step-size       optimality
    40          41          869.802              1           47.2  
    41          42          869.454              1             46  
    42          43          868.494              1           43.8  
    43          44          866.103              1           40.2  
    44          45          859.963              1           34.3  
    45          46          844.656              1           25.5  
    46          47          807.254              1           14.9  
    47          48          721.179              1           8.61  
    48          49          547.277              1           7.23  
    49          50          375.886              1           15.3  
    50          51          300.335              1           22.8  
    51          52          283.571              1           22.9  
    52          53          271.355              1           19.9  
    53          54          265.297              1           16.5  
    54          55          264.322              1           16.5  
    55          56          264.165              1           16.9  
    56          57          264.161              1           16.9  
    57          58          264.138              1           16.9  
    58          59          264.084              1             17  
    59          60          263.946              1           17.1  
                                                        First-order 
 Iteration  Func-count       f(x)        Step-size       optimality
    60          61          263.558              1           17.2  
    61          62          262.628              1           17.3  
    62          63          260.159              1           17.5  
    63          64            254.2              1           17.4  
    64          65          240.012              1           16.7  
    65          66           213.64              1           14.6  
    66          67          173.008              1           10.1  
    67          68          135.357              1           4.89  
    68          69           107.59              1           7.65  
    69          70          92.1581              1           9.62  
    70          71          87.1531              1           8.16  
    71          72          85.9801              1           7.58  
    72          73          85.9341              1           7.42  
    73          74          85.9299              1            7.5  
    74          75          85.9287              1            7.5  
    75          76          85.9215              1           7.49  
    76          77          85.9012              1           7.46  
    77          78          85.8633              1           7.45  
    78          79          85.6816              1           7.38  
    79          80          85.2714              1           7.23  
                                                        First-order 
 Iteration  Func-count       f(x)        Step-size       optimality
    80          81          84.1971              1           6.89  
    81          82          81.6545              1           6.12  
    82          83          76.5586              1           4.61  
    83          84          64.4299              1           2.73  
    84          85          50.4083              1           7.36  
    85          86          42.5755              1           5.99  
    86          87          41.2002              1           4.75  
    87          88          41.0988              1           4.27  
    88          89          41.0949              1           4.18  
    89          92          41.0936        3.06228            4.1  
    90          93          41.0933              1           4.12  
    91          94          41.0921              1           4.15  
    92          95          41.0901              1           4.19  
    93          96          41.0839              1           4.27  
    94          97          41.0694              1           4.37  
    95          98          41.0289              1           4.55  
    96          99          40.9251              1           4.72  
    97         100          40.6919              1           5.05  
    98         101           39.964              1           5.42  
    99         102          38.1967              1           5.44  
                                                        First-order 
 Iteration  Func-count       f(x)        Step-size       optimality
   100         103          35.2252              1           4.45  
   101         104          30.6824              1           2.82  
   102         105          27.7416              1           1.37  
   103         106          27.1379              1           1.38  
   104         107          26.9415              1           1.58  
   105         108          26.9158              1           1.38  
   106         109          26.9154              1           1.38  
   107         110          26.9153              1           1.39  
   108         111          26.9148              1           1.37  
   109         112           26.914              1           1.37  
   110         113          26.9098              1           1.37  
   111         114          26.9029              1           1.38  
   112         115          26.8801              1           1.39  
   113         116           26.809              1            1.4  
   114         117          26.6304              1           1.43  
   115         118          26.2383              1            1.4  
   116         119          25.6828              1           1.37  
   117         120          20.2088              1          0.984  
   118         121           18.336              1            1.1  
   119         122          17.6711              1          0.957  
                                                        First-order 
 Iteration  Func-count       f(x)        Step-size       optimality
   120         123          17.5989              1              1  
   121         126          17.5935        2.05245          0.993  
   122         127           17.593              1          0.987  
   123         128          17.5927              1          0.989  
   124         129          17.5926              1          0.988  
   125         130          17.5917              1          0.982  
   126         131            17.59              1          0.974  
   127         132          17.5855              1           0.96  
   128         133          17.5736              1          0.938  
   129         134          17.5444              1          0.898  
   130         135          17.4675              1          0.828  
   131         136          17.2806              1          0.699  
   132         137          16.8115              1          0.582  
   133         138          15.8223              1           0.41  
   134         139          14.1153              1           1.14  
   135         140          12.6115              1           1.59  
   136         141          11.7256              1           1.63  
   137         142          11.6173              1           1.42  
   138         143          11.6087              1           1.34  
   139         144          11.6084              1           1.33  
                                                        First-order 
 Iteration  Func-count       f(x)        Step-size       optimality
   140         145          11.6083              1           1.33  
   141         147          11.6082       0.165034           1.33  
   142         149          11.6077        6.87066           1.33  
   143         150          11.6069              1           1.32  
   144         152          11.6059       0.482807           1.31  
   145         153          11.6048              1            1.3  
   146         154           11.598              1           1.28  
   147         155          11.5901              1           1.26  
   148         156            11.56              1            1.3  
   149         157          11.5267              1           1.22  
   150         158           11.443              1           1.21  
   151         159          11.2409              1           1.08  
   152         160          10.7423              1              1  
   153         161          10.2406              1          0.876  
   154         162          8.64611              1          0.622  
   155         163          8.42767              1          0.868  
   156         164          8.40678              1          0.909  
   157         166          8.40207       0.470412          0.858  
   158         167           8.4016              1          0.872  
   159         168          8.40151              1          0.884  
                                                        First-order 
 Iteration  Func-count       f(x)        Step-size       optimality
   160         169          8.40148              1          0.886  
   161         170          8.40134              1          0.891  
   162         171          8.40104              1          0.897  
   163         172          8.40019              1          0.908  
   164         173          8.39811              1          0.922  
   165         174          8.39322              1          0.944  
   166         175          8.37778              1          0.977  
   167         176          8.34024              1           1.02  
   168         177          8.24603              1           1.03  
   169         178           8.0817              1           1.07  
   170         179           7.6002              1          0.796  
   171         180          7.10651              1          0.767  
   172         181          6.71901              1          0.807  
   173         182          6.64566              1          0.681  
   174         183          6.64065              1          0.627  
   175         184           6.6404              1          0.612  
   176         185          6.64038              1          0.612  
   177         186           6.6403              1          0.611  
   178         187          6.64019              1          0.609  
   179         188          6.63979              1          0.606  
                                                        First-order 
 Iteration  Func-count       f(x)        Step-size       optimality
   180         189          6.63887              1          0.602  
   181         190          6.63629              1          0.593  
   182         191          6.62993              1          0.577  
   183         192          6.61299              1          0.579  
   184         193          6.57194              1          0.618  
   185         194          6.47346              1          0.647  
   186         195          6.26147              1          0.624  
   187         196          5.96919              1           0.57  
   188         197          5.72694              1          0.415  
   189         198          5.64838              1          0.412  
   190         199          5.64033              1          0.357  
   191         200          5.64003              1          0.344  
   192         201          5.64002              1          0.343  
   193         202          5.64001              1          0.342  
   194         203          5.63997              1          0.342  
   195         204          5.63989              1           0.34  
   196         205          5.63965              1          0.337  
   197         206          5.63917              1          0.334  
   198         207          5.63682              1          0.323  
   199         208          5.63331              1          0.318  
                                                        First-order 
 Iteration  Func-count       f(x)        Step-size       optimality
   200         209          5.60843              1          0.284  
   201         210          5.56111              1          0.239  
   202         211          5.46098              1          0.251  
   203         212          5.28899              1          0.372  
   204         213          5.11336              1          0.403  
   205         214           5.0316              1          0.281  
   206         215          5.01833              1          0.219  
   207         216          5.01759              1           0.21  
   20