
Wait while particle positions are being optimized ...
Iteration #     Net Energy      Time (sec)     
0               97703.619295    0.1            
50              92488.229151    2.2            
100             92486.219389    4.2            
150             92485.939862    6.3            
200             92485.680196    8.3            
233             92485.677701    9.7            
Optimization completed after 233 iterations. Elapsed time:   9.7 sec
MCF iter#1: |dv| = 12.4813; sphericity = 0.643314
MCF iter#2: |dv| = 7.33987; sphericity = 0.714292
MCF iter#3: |dv| = 3.93353; sphericity = 0.591739
MCF iter#4: |dv| = 4.79781; sphericity = 0.407076
MCF iter#5: |dv| = 5.77957; sphericity = 0.223728
MCF iter#6: |dv| = 4.97721; sphericity = 0.0745176
MCF iter#7: |dv| = 3.1325; sphericity = 0.0247212
MCF iter#8: |dv| = 1.42089; sphericity = 0.0593433
MCF iter#9: |dv| = 0.403392; sphericity = 0.0586086
MCF iter#10: |dv| = 0.462156; sphericity = 0.039079
MCF iter#11: |dv| = 0.599623; sphericity = 0.0167698
MCF iter#12: |dv| = 0.49832; sphericity = 0.00888842
MCF iter#13: |dv| = 0.291607; sphericity = 0.0148912
MCF iter#14: |dv| = 0.104634; sphericity = 0.016423
MCF iter#15: |dv| = 0.0677206; sphericity = 0.0143919
MCF iter#16: |dv| = 0.106143; sphericity = 0.0115196
MCF iter#17: |dv| = 0.103465; sphericity = 0.00951779
MCF iter#18: |dv| = 0.0790724; sphericity = 0.0086461
MCF iter#19: |dv| = 0.0558538; sphericity = 0.00839421
MCF iter#20: |dv| = 0.0457155; sphericity = 0.00839722
Starting parallel pool (parpool) using the 'local' profile ... connected to 4 workers.
                                                        First-order 
 Iteration  Func-count       f(x)        Step-size       optimality
     0           1          17.2821                         0.234
     1           2          5.77674              1          0.185  
     2           4           1.9166            0.5         0.0902  
     3           5          1.48232              1         0.0733  
     4           7          1.19435       0.341786          0.134  
     5           8          1.07356              1         0.0764  
     6           9         0.994668              1         0.0422  
     7          10         0.955886              1         0.0327  
     8          11         0.930592              1          0.038  
     9          12         0.910638              1         0.0215  
    10          13         0.896654              1         0.0182  
    11          14         0.886362              1         0.0272  
    12          15         0.878846              1         0.0174  
    13          16         0.870894              1         0.0201  
    14          17         0.865998              1         0.0184  
    15          18         0.862466              1         0.0214  
    16          19         0.857719              1         0.0193  
    17          20         0.845879              1         0.0257  
    18          22           0.8314            0.1         0.0448  
    19          23         0.813127              1         0.0403  
                                                        First-order 
 Iteration  Func-count       f(x)        Step-size       optimality
    20          24         0.779482              1         0.0296  
    21          26         0.771576       0.345916         0.0233  
    22          27         0.760287              1         0.0286  
    23          28         0.752735              1         0.0188  
    24          29         0.747845              1         0.0168  
    25          30         0.745023              1         0.0118  
    26          31         0.743199              1         0.0196  
    27          32         0.741355              1         0.0247  
    28          34         0.740785       0.425487          0.013  
    29          35         0.739822              1         0.0173  
    30          36         0.738634              1        0.00832  
    31          37         0.738056              1         0.0122  
    32          38          0.73769              1          0.024  
    33          39         0.737377              1        0.00937  
    34          40         0.737237              1        0.00796  
    35          42         0.737182        0.37103          0.014  
    36          44          0.73714        0.48294         0.0175  
    37          46          0.73713       0.242736         0.0117  
    38          47         0.737048              1        0.00748  
    39          49          0.73703       0.252422        0.00722  
                                                        First-order 
 Iteration  Func-count       f(x)        Step-size       optimality
    40          56         0.737024      0.0290346        0.00336  
    41          57         0.737002              1         0.0218  
    42          58         0.736994              1        0.00781  
    43          59         0.736979              1        0.00692  
    44          61         0.736977       0.198074         0.0165  
    45          62         0.736974              1        0.00712  
    46          63         0.736965              1        0.00706  
    47          64          0.73696              1        0.00678  
    48          67          0.73696      0.0273358         0.0164  
    49          68         0.736957              1        0.00604  
    50          69         0.736956              1         0.0164  
    51          70         0.736955              1        0.00687  
    52          71         0.736954              1        0.00686  
    53          72         0.736953              1        0.00673  
    54          73         0.736953              1         0.0104  
    55          74         0.736952              1        0.00557  
    56          78         0.736942       0.161314        0.00624  
    57          80         0.736942       0.134801         0.0062  
    58          81         0.736936              1        0.00622  
    59          82         0.736924              1        0.00614  
                                                        First-order 
 Iteration  Func-count       f(x)        Step-size       optimality
    60          83         0.736918              1        0.00604  
    61          84         0.736914              1          0.006  
    62          85         0.736912              1         0.0165  
    63          87         0.736912       0.339401        0.00603  
    64          88         0.736911              1        0.00602  
    65          89         0.736911              1        0.00601  
    66          90         0.736911              1        0.00599  
    67          91          0.73691              1        0.00561  
    68          93          0.73691       0.599373        0.00257  
    69          94          0.73691              1        0.00442  
    70          95          0.73691              1        0.00278  
    71          96          0.73691              1        0.00382  
    72          97          0.73691              1         0.0039  
    73          98          0.73691              1        0.00404  
    74          99          0.73691              1        0.00396  
    75         100          0.73691              1        0.00368  
    76         101          0.73691              1        0.00315  
    77         102          0.73691              1        0.00276  
    78         103          0.73691              1        0.00188  
    79         104          0.73691              1         0.0131  
                                                        First-order 
 Iteration  Func-count       f(x)        Step-size       optimality
    80         105          0.73691              1        0.00269  
    81         107          0.73691       0.246736         0.0167  
    82         109         0.736909       0.625716         0.0172  
    83         110         0.736909              1         0.0172  
    84         111         0.736908              1        0.00587  
    85         112         0.736908              1        0.00581  
    86         113         0.736908              1         0.0171  
    87         114         0.736908              1        0.00562  
    88         115         0.736908              1        0.00525  
    89         117         0.736908       0.251813        0.00137  
    90         118         0.736908              1         0.0117  
    91         119         0.736908              1        0.00434  
    92         120         0.736908              1        0.00213  
    93         121         0.736908              1        0.00613  
    94         122         0.736908              1        0.00445  
    95         123         0.736908              1        0.00282  
    96         124         0.736908              1        0.00158  
    97         125         0.736908              1        0.00211  
    98         126         0.736908              1       0.000612  
    99         127         0.736908              1        0.00412  
                                                        First-order 
 Iteration  Func-count       f(x)        Step-size       optimality
   100         128         0.736908              1       0.000838  
   101         129         0.736908              1        0.00323  
   102         131         0.736907              2         0.0192  
   103         135         0.736907       0.001011         0.0193  
   104         136         0.736907              1         0.0193  
   105         137         0.736906              1          0.019  
   106         138         0.736906              1         0.0188  
   107         139         0.736906              1         0.0185  
   108         140         0.736905              1         0.0179  
   109         141         0.736905              1        0.00616  
   110         142         0.736905              1         0.0178  
   111         143         0.736905              1        0.00582  
   112         144         0.736905              1        0.00349  
   113         145         0.736905              1         0.0128  
   114         146         0.736905              1         0.0028  
   115         147         0.736905              1        0.00175  
   116         148         0.736905              1        0.00153  
   117         149         0.736905              1       0.000757  
   118         150         0.736905              1       0.000228  
   119         151         0.736905              1       0.000438  
                                                        First-order 
 Iteration  Func-count       f(x)        Step-size       optimality
   120         152         0.736905              1       0.000303  
   121         153         0.736905              1       3.09e-05  
   122         154         0.736905              1       0.000199  
   123         155         0.736905              1       0.000208  
   124         156         0.736905              1        0.00015  
   125         157         0.736905              1       9.93e-05  
   126         158         0.736905              1       8.52e-05  
   127         159         0.736905              1       0.000104  
   128         160         0.736905              1       0.000133  
   129         161         0.736905              1       0.000158  
   130         162         0.736905              1       0.000167  
   131         163         0.736905              1       0.000156  
   132         164         0.736905              1        0.00013  
   133         165         0.736905              1       9.76e-05  
   134         166         0.736905              1        7.2e-05  
   135         167         0.736905              1       6.46e-05  
   136         168         0.736905              1       7.73e-05  
   137         169         0.736905              1       9.59e-05  
   138         170         0.736905              1       9.93e-05  
   139         171         0.736905              1       8.01e-05  
                                                        First-order 
 Iteration  Func-count       f(x)        Step-size       optimality
   140         172         0.736905              1       4.84e-05  
   141         173         0.736905              1       1.91e-05  
   142         174         0.736905              1       1.25e-06  
   143         175         0.736905              1       5.02e-06  
   144         176         0.736905              1       1.72e-06  
   145         177         0.736905              1       3.12e-06  
   146         178         0.736905              1       5.24e-06  
   147         179         0.736905              1       4.22e-06  
   148         180         0.736905              1       1.76e-06  
   149         181         0.736905              1       2.02e-07  
   150         182         0.736905              1       8.84e-07  
   151         183         0.736905              1       6.53e-07  
   152         184         0.736905              1       1.15e-07  
   153         185         0.736905              1        2.7e-07  
   154         186         0.736905              1        3.2e-07  
   155         187         0.736905              1       1.55e-07  
   156         188         0.736905              1       2.27e-08  

Optimization stopped because the objective function cannot be decreased in the 
current <a href = "matlab: helpview([docroot '/toolbox/optim/msg_csh/optim_msg_csh.map'],'search_direction','CSHelpWindow');">search direction</a>. Either the <a href = "matlab: helpview([docroot '/toolbox/optim/msg_csh/optim_msg_csh.map'],'pred_change','CSHelpWindow');">predicted change in the objective function</a>,
or the <a href = "matlab: helpview([docroot '/toolbox/optim/msg_csh/optim_msg_csh.map'],'line_search_interval','CSHelpWindow');">line search interval</a> is less than eps.
Continue optimization? Y/N [Y]: 
                                                        First-order 
 Iteration  Func-count       f(x)        Step-size       optimality
     0           1        0.0759209                         0.105
     1           3      2.12581e-05        8.57822        0.00283  
     2           4      8.66909e-06              1        0.00179  
     3           5      1.44882e-10              1       7.35e-06  
     4           6      1.02743e-15              1       1.96e-08  
     5           7       1.1884e-25              1       2.11e-13  

Optimization completed: The <a href = "matlab: helpview([docroot '/toolbox/optim/msg_csh/optim_msg_csh.map'],'first_order_opt_unc','CSHelpWindow');">first-order optimality measure</a>, 1.906273e-13, is less 
than <a href = "matlab: helpview([docroot '/toolbox/optim/msg_csh/optim_msg_csh.map'],'tolfun','CSHelpWindow');">options.TolFun</a> = 1.000000e-09.

Optimization Metric                                            Options
relative norm(gradient) =   1.91e-13                  TolFun =   1e-09 (selected)

Continue optimization? Y/N [Y]: 
                                                        First-order 
 Iteration  Func-count       f(x)        Step-size       optimality
     0           1       0.00481367                       0.00106
     1           3       0.00442377             10        0.00156  
     2           4       0.00105527              1          0.012  
     3           5       0.00057099              1        0.00407  
     4           6      0.000311332              1        0.00247  
     5           7      0.000165709              1        0.00406  
     6           8      1.95056e-05              1        0.00269  
     7           9      8.27639e-07              1       0.000595  
     8          10      7.47593e-09              1       2.98e-05  
     9          11      2.73465e-11              1       3.76e-07  
    10          12       1.1504e-14              1       5.97e-08  
    11          13       2.7915e-18              1       1.11e-09  
    12          14      7.35727e-23              1       3.22e-12  

Optimization completed: The <a href = "matlab: helpview([docroot '/toolbox/optim/msg_csh/optim_msg_csh.map'],'first_order_opt_unc','CSHelpWindow');">first-order optimality measure</a>, 3.218730e-12, is less 
than <a href = "matlab: helpview([docroot '/toolbox/optim/msg_csh/optim_msg_csh.map'],'tolfun','CSHelpWindow');">options.TolFun</a> = 1.000000e-09.

Optimization Metric                                            Options
relative norm(gradient) =   3.22e-12                  TolFun =   1e-09 (selected)

Continue optimization? Y/N [Y]: 
                                                        First-order 
 Iteration  Func-count       f(x)        Step-size       optimality
     0           1        0.0126595                         0.002
     1           3        0.0118398             10        0.00379  
     2           4       0.00662948              1         0.0231  
     3           5       0.00257217              1         0.0221  
     4           6       0.00142652              1        0.00507  
     5           7       0.00128055              1       0.000508  
     6           8       0.00115577              1        0.00353  
     7           9      0.000864672              1        0.00777  
     8          10       0.00046028              1        0.00975  
     9          11      0.000123374              1        0.00685  
    10          12      1.24712e-05              1        0.00211  
    11          13      4.35775e-07              1       0.000188  
    12          14      4.86236e-09              1       1.23e-05  
    13          15      1.12638e-11              1       1.93e-06  
    14          16       7.2193e-15              1       5.47e-08  
    15          17      1.00922e-18              1       3.42e-10  

Optimization completed: The <a href = "matlab: helpview([docroot '/toolbox/optim/msg_csh/optim_msg_csh.map'],'first_order_opt_unc','CSHelpWindow');">first-order optimality measure</a>, 3.411396e-10, is less 
than <a href = "matlab: helpview([docroot '/toolbox/optim/msg_csh/optim_msg_csh.map'],'tolfun','CSHelpWindow');">options.TolFun</a> = 1.000000e-09.

Optimization Metric                                            Options
relative norm(gradient) =   3.41e-10                  TolFun =   1e-09 (selected)

Continue optimization? Y/N [Y]: 
                                                        First-order 
 Iteration  Func-count       f(x)        Step-size       optimality
     0           1      0.000633553                       0.00716
     1           2      0.000586227              1        0.00493  
     2           3      0.000532076              1        0.00046  
     3           5      0.000470101             10        0.00424  
     4           6      0.000359269              1         0.0052  
     5           7      0.000165099              1        0.00273  
     6           8      0.000148217              1       0.000665  
     7           9      0.000140199              1        0.00062  
     8          10      0.000128711              1        0.00175  
     9          11      0.000100493              1        0.00335  
    10          12      5.87645e-05              1         0.0042  
    11          13      1.92555e-05              1        0.00319  
    12          14      2.50405e-06              1        0.00109  
    13          15      3.22282e-07              1       9.32e-05  
    14          16      2.51961e-07              1       9.27e-06  
    15          17       2.4464e-07              1       9.65e-06  
    16          18      2.22717e-07              1       9.05e-06  
    17          19      1.80485e-07              1        7.3e-06  
    18          20      1.06724e-07              1       4.96e-06  
    19          21      3.54638e-08              1       2.96e-06  
                                                        First-order 
 Iteration  Func-count       f(x)        Step-size       optimality
    20          22      4.62588e-09              1       1.51e-06  
    21          23      1.92746e-10              1       3.48e-07  
    22          24      2.22703e-12              1       2.62e-08  
    23          25      6.86864e-15              1        1.3e-09  
    24          26      5.39079e-18              1       4.31e-11  

Optimization completed: The <a href = "matlab: helpview([docroot '/toolbox/optim/msg_csh/optim_msg_csh.map'],'first_order_opt_unc','CSHelpWindow');">first-order optimality measure</a>, 4.275268e-11, is less 
than <a href = "matlab: helpview([docroot '/toolbox/optim/msg_csh/optim_msg_csh.map'],'tolfun','CSHelpWindow');">options.TolFun</a> = 1.000000e-09.

Optimization Metric                                            Options
relative norm(gradient) =   4.28e-11                  TolFun =   1e-09 (selected)

Continue optimization? Y/N [Y]: 
                                                        First-order 
 Iteration  Func-count       f(x)        Step-size       optimality
     0           1         0.324688                         0.112
     1           4         0.154229        2.50449          0.103  
     2           6         0.139996       0.356007          0.164  
     3           8         0.118784       0.325574         0.0973  
     4           9        0.0994595              1         0.0625  
     5          10        0.0845122              1         0.0649  
     6          11         0.076841              1         0.0897  
     7          13        0.0705427        0.43113         0.0519  
     8          14        0.0630656              1          0.017  
     9          15        0.0517506              1         0.0421  
    10          16        0.0381957              1         0.0435  
    11          17        0.0261069              1         0.0314  
    12          18         0.016668              1         0.0261  
    13          19        0.0107714              1         0.0176  
    14          20       0.00734127              1         0.0124  
    15          21       0.00504099              1        0.00669  
    16          22       0.00378473              1        0.00444  
    17          23       0.00304741              1        0.00423  
    18          24       0.00255375              1         0.0041  
    19          25       0.00220157              1        0.00322  
                                                        First-order 
 Iteration  Func-count       f(x)        Step-size       optimality
    20          26       0.00191487              1        0.00182  
    21          27       0.00171128              1        0.00184  
    22          28       0.00155214              1        0.00219  
    23          29        0.0014157              1        0.00173  
    24          30        0.0012926              1        0.00133  
    25          31        0.0011823              1        0.00125  
    26          32       0.00109426              1        0.00162  
    27          33       0.00101726              1        0.00142  
    28          34       0.00094339              1        0.00101  
    29          35      0.000878491              1        0.00132  
    30          36      0.000818743              1        0.00116  
    31          37       0.00076193              1        0.00114  
    32          38      0.000706916              1        0.00131  
    33          39      0.000650377              1        0.00099  
    34          40      0.000594954              1        0.00113  
    35          41      0.000544479              1       0.000979  
    36          42        0.0004995              1       0.000787  
    37          43      0.000459906              1       0.000785  
    38          44      0.000423578              1        0.00101  
    39          45      0.000392298              1       0.000847  
                                                        First-order 
 Iteration  Func-count       f(x)        Step-size       optimality
    40          46      0.000368411              1       0.000542  
    41          47      0.000347472              1       0.000609  
    42          48       0.00032645              1       0.000617  
    43          49      0.000306274              1       0.000579  
    44          50      0.000287965              1       0.000368  
    45          51      0.000271848              1       0.000356  
    46          52      0.000256755              1       0.000602  
    47          53      0.000242217              1       0.000616  
    48          54      0.000228137              1       0.000352  
    49          55      0.000215436              1       0.000369  
    50          56      0.000203402              1       0.000544  
    51          57      0.000192026              1       0.000568  
    52          58      0.000180902              1       0.000324  
    53          59      0.000170975              1       0.000259  
    54          60      0.000161446              1       0.000386  
    55          61      0.000151925              1       0.000492  
    56          62      0.000142565              1       0.000312  
    57          63      0.000134152              1       0.000284  
    58          64      0.000126522              1       0.000285  
    59          65      0.000119615              1       0.000366  
                                                        First-order 
 Iteration  Func-count       f(x)        Step-size       optimality
    60          66       0.00011319              1        0.00029  
    61          67      0.000107381              1       0.000233  
    62          68      0.000101925              1       0.000233  
    63          69      9.66367e-05              1       0.000252  
    64          70      9.13397e-05              1       0.000201  
    65          71       8.6643e-05              1         0.0002  
    66          72      8.25463e-05              1       0.000207  
    67          73      7.91785e-05              1       0.000248  
    68          74      7.61342e-05              1       0.000164  
    69          75      7.34232e-05              1       0.000139  
    70          76      7.07608e-05              1       0.000156  
    71          77      6.82615e-05              1        0.00018  
    72          78      6.58815e-05              1       0.000133  
    73          79      6.37217e-05              1       0.000138  
    74          80       6.1637e-05              1       0.000151  
    75          81      5.96357e-05              1        0.00019  
    76          82       5.7761e-05              1       0.000132  
    77          83       5.6069e-05              1       0.000118  
    78          84      5.44885e-05              1       0.000111  
    79          85      5.29788e-05              1       0.000147  
                                                        First-order 
 Iteration  Func-count       f(x)        Step-size       optimality
    80          86      5.15366e-05              1       0.000112  
    81          87      5.01716e-05              1       0.000102  
    82          88      4.88276e-05              1        0.00013  
    83          89      4.75151e-05              1       0.000115  
    84          90      4.63052e-05              1        8.4e-05  
    85          91      4.52549e-05              1       9.41e-05  
    86          92      4.43071e-05              1        8.4e-05  
    87          93      4.34055e-05              1       0.000118  
    88          94      4.25217e-05              1       8.91e-05  
    89          95      4.16901e-05              1       7.67e-05  
    90          96      4.08767e-05              1       8.04e-05  
    91          97      4.00615e-05              1       0.000102  
    92          98      3.92278e-05              1       8.71e-05  
    93          99      3.84237e-05              1        7.3e-05  
    94         100      3.76353e-05              1       7.63e-05  
    95         101      3.68528e-05              1       0.000118  
    96         102      3.60639e-05              1        9.7e-05  
    97         103      3.53171e-05              1       7.27e-05  
    98         104      3.46093e-05              1       6.54e-05  
    99         105      3.39154e-05              1       0.000121  
                                                        First-order 
 Iteration  Func-count       f(x)        Step-size       optimality
   100         106      3.32177e-05              1       0.000118  
   101         107      3.25599e-05              1       7.44e-05  
   102         108      3.19718e-05              1       6.93e-05  
   103         109      3.14339e-05              1       8.83e-05  
   104         110      3.08906e-05              1       0.000101  
   105         111      3.03217e-05              1       6.75e-05  
   106         112      2.97368e-05              1       6.08e-05  
   107         113      2.91658e-05              1       7.28e-05  
   108         114       2.8613e-05              1       9.59e-05  
   109         115      2.80906e-05              1       6.49e-05  
   110         116      2.75968e-05              1       5.58e-05  
   111         117      2.71508e-05              1       6.36e-05  
   112         118      2.67306e-05              1        7.6e-05  
   113         119      2.63391e-05              1       6.84e-05  
   114         120      2.59631e-05              1       5.59e-05  
   115         121      2.56146e-05              1       6.02e-05  
   116         122      2.52754e-05              1       7.44e-05  
   117         123      2.49352e-05              1        5.7e-05  
   118         124      2.45774e-05              1       5.35e-05  
   119         125       2.4205e-05              1       5.29e-05  
                                                        First-order 
 Iteration  Func-count       f(x)        Step-size       optimality
   120         126      2.38162e-05              1       8.38e-05  
   121         127       2.3415e-05              1       7.37e-05  
   122         128       2.2999e-05              1       5.77e-05  
   123         129      2.25793e-05              1       5.07e-05  
   124         130      2.21663e-05              1        7.5e-05  
   125         131      2.17724e-05              1        7.3e-05  
   126         132      2.13864e-05              1       7.71e-05  
   127         133      2.10053e-05              1       6.26e-05  
   128         134       2.0619e-05              1        6.2e-05  
   129         135      2.02394e-05              1       6.82e-05  
   130         136      1.98508e-05              1       7.53e-05  
   131         137      1.94553e-05              1       6.91e-05  
   132         138      1.90312e-05              1       6.56e-05  
   133         139      1.86192e-05              1       7.03e-05  
   134         140      1.82218e-05              1       6.42e-05  
   135         141      1.78535e-05              1       5.83e-05  
   136         142      1.74748e-05              1       6.17e-05  
   137         143      1.70882e-05              1       8.19e-05  
   138         144      1.66874e-05              1       6.82e-05  
   139         145      1.63018e-05              1       6.73e-05  
                                                        First-order 
 Iteration  Func-count       f(x)        Step-size       optimality
   140         146      1.59277e-05              1       5.77e-05  
   141         147      1.55805e-05              1       5.93e-05  
   142         148       1.5258e-05              1       4.88e-05  
   143         149      1.49732e-05              1       5.71e-05  
   144         150      1.46999e-05              1       4.69e-05  
   145         151      1.44292e-05              1       5.99e-05  
   146         152      1.41516e-05              1       4.47e-05  
   147         153      1.39048e-05              1       4.35e-05  
   148         154      1.36677e-05              1       4.49e-05  
   149         155      1.34397e-05              1       4.92e-05  
   150         156      1.32047e-05              1       4.33e-05  
   151         157      1.29673e-05              1       5.56e-05  
   152         158      1.27313e-05              1        4.3e-05  
   153         159       1.2497e-05              1       4.78e-05  
   154         160      1.22591e-05              1       5.08e-05  
   155         161      1.20222e-05              1       3.72e-05  
   156         162      1.18027e-05              1       3.41e-05  
   157         163       1.1608e-05              1       4.34e-05  
   158         164      1.14324e-05              1       4.72e-05  
   159         165      1.12633e-05              1       3.97e-05  
                                                        First-order 
 Iteration  Func-count       f(x)        Step-size       optimality
   160         166      1.11011e-05              1       3.74e-05  
   161         167      1.09465e-05              1       4.23e-05  
   162         168      1.08041e-05              1       3.78e-05  
   163         169       1.0665e-05              1       3.66e-05  
   164         170      1.05257e-05              1       3.29e-05  
   165         171      1.03841e-05              1        5.4e-05  
   166         172       1.0247e-05              1       4.78e-05  
   167         173       1.0114e-05              1       3.21e-05  
   168         174      9.98433e-06              1       3.11e-05  
   169         175      9.85468e-06              1       4.57e-05  
   170         176      9.72863e-06              1       4.78e-05  
   171         177      9.60957e-06              1       2.88e-05  
   172         178      9.49793e-06              1       2.64e-05  
   173         179      9.38893e-06              1        3.8e-05  
   174         180      9.28113e-06              1       4.28e-05  
   175         181      9.17621e-06              1       2.53e-05  
   176         182      9.07706e-06              1        2.9e-05  
   177         183      8.98172e-06              1       3.81e-05  
   178         184      8.88815e-06              1          5e-05  
   179         185      8.79683e-06              1       3.65e-05  
                                                        First-order 
 Iteration  Func-count       f(x)        Step-size       optimality
   180         186      8.71076e-06              1       2.91e-05  
   181         187      8.62925e-06              1       2.58e-05  
   182         188      8.54991e-06              1       3.54e-05  
   183         189      8.47132e-06              1       3.14e-05  
   184         190      8.39562e-06              1       2.49e-05  
   185         191      8.32353e-06              1       2.22e-05  
   186         192      8.25419e-06              1       2.88e-05  
   187         193      8.18517e-06              1        2.5e-05  
   188         194      8.11683e-06              1       2.52e-05  
   189         195      8.04953e-06              1       2.27e-05  
   190         196      7.98381e-06              1       3.01e-05  
   191         197       7.9179e-06              1       2.68e-05  
   192         198       7.8517e-06              1       2.76e-05  
   193         199      7.78645e-06              1       2.09e-05  
   194         200      7.72594e-06              1       2.75e-05  
   195         201      7.67173e-06              1       2.51e-05  
   196         202       7.6225e-06              1       2.22e-05  
   197         203      7.57449e-06              1       1.94e-05  
   198         204       7.5257e-06              1        2.6e-05  
   199         205      7.47758e-06              1       2.53e-05  
                                                        First-order 
 Iteration  Func-count       f(x)        Step-size       optimality
   200         206      7.43288e-06              1       1.65e-05  
   201         207      7.39155e-06              1       1.68e-05  
   202         208      7.35065e-06              1       2.36e-05  
   203         209      7.30802e-06              1       2.64e-05  
   204         210      7.26429e-06              1       2.01e-05  
   205         211      7.22141e-06              1       1.98e-05  
   206         212      7.17963e-06              1       2.23e-05  
   207         213      7.13811e-06              1        2.7e-05  
   208         214      7.09659e-06              1       1.97e-05  
   209         215      7.05629e-06              1       2.28e-05  
   210         216      7.01727e-06              1       1.78e-05  
   211         217      6.97841e-06              1       2.61e-05  
   212         218      6.93796e-06              1       1.92e-05  
   213         219       6.8965e-06              1       2.41e-05  
   214         220      6.85558e-06              1       1.95e-05  
   215         221      6.81705e-06              1       2.56e-05  
   216         222      6.78065e-06              1       2.03e-05  
   217         223      6.74568e-06              1       2.07e-05  
   218         224      6.71109e-06              1       1.99e-05  
   219         225      6.67707e-06              1       2.52e-05  
                                                        First-order 
 Iteration  Func-count       f(x)        Step-size       optimality
   220         226      6.64365e-06              1       2.25e-05  
   221         227      6.61088e-06              1       1.79e-05  
   222         228      6.57816e-06              1       1.96e-05  
   223         229      6.54544e-06              1       2.22e-05  
   224         230      6.51269e-06              1       2.22e-05  
   225         231      6.47953e-06              1       2.06e-05  
   226         232      6.44442e-06              1       2.17e-05  
   227         233      6.40633e-06              1       2.37e-05  
   228         234      6.36541e-06              1       2.78e-05  
   229         235      6.32307e-06              1       2.67e-05  
   230         236      6.27899e-06              1       2.82e-05  
   231         237       6.2319e-06              1       2.97e-05  
   232         238      6.17995e-06              1       3.06e-05  
   233         239      6.12481e-06              1       3.02e-05  
   234         240      6.06662e-06              1       2.87e-05  
   235         241      6.00801e-06              1       2.68e-05  
   236         242      5.94659e-06              1       3.75e-05  
   237         243      5.88843e-06              1       3.22e-05  
   238         244      5.83172e-06              1       2.07e-05  
   239         245      5.78199e-06              1       1.84e-05  
                                                        First-order 
 Iteration  Func-count       f(x)        Step-size       optimality
   240         246      5.73224e-06              1       3.26e-05  
   241         247      5.68688e-06              1       2.98e-05  
   242         248      5.64261e-06              1       2.02e-05  
   243         249      5.60205e-06              1       2.28e-05  
   244         250       5.5601e-06              1       2.75e-05  
   245         251      5.51896e-06              1       2.72e-05  
   246         252      5.47778e-06              1       2.07e-05  
   247         253      5.43939e-06              1       2.24e-05  
   248         254      5.40156e-06              1        2.5e-05  
   249         255      5.36573e-06              1       2.53e-05  
   250         256      5.33154e-06              1       1.56e-05  
   251         257      5.30041e-06              1       1.81e-05  
   252         258       5.2704e-06              1       2.39e-05  
   253         259      5.24171e-06              1       2.55e-05  
   254         260      5.21386e-06              1       1.35e-05  
   255         261      5.18704e-06              1       1.66e-05  
   256         262      5.15971e-06              1       2.04e-05  
   257         263      5.13229e-06              1       2.46e-05  
   258         264      5.10611e-06              1       1.53e-05  
   259         265      5.08225e-06              1       1.28e-05  
                                                        First-order 
 Iteration  Func-count       f(x)        Step-size       optimality
   260         266      5.05918e-06              1       1.65e-05  
   261         267      5.03559e-06              1       2.26e-05  
   262         268      5.01175e-06              1       1.64e-05  
   263         269       4.9892e-06              1       1.12e-05  
   264         270      4.96802e-06              1       1.28e-05  
   265         271      4.94736e-06              1       1.99e-05  
   266         272      4.92671e-06              1       1.62e-05  
   267         273       4.9064e-06              1       1.22e-05  
   268         274      4.88629e-06              1       1.14e-05  
   269         275      4.86588e-06              1       1.86e-05  
   270         276      4.84512e-06              1       1.68e-05  
   271         277      4.82484e-06              1       1.16e-05  
   272         278      4.80522e-06              1       1.32e-05  
   273         279      4.78568e-06              1       1.69e-05  
   274         280      4.76585e-06              1       1.64e-05  
   275         281      4.74679e-06              1       9.91e-06  
   276         282      4.72919e-06              1       1.32e-05  
   277         283      4.71263e-06              1       1.67e-05  
   278         284      4.69609e-06              1       1.73e-05  
   279         285      4.67964e-06              1       1.04e-05  
                                                        First-order 
 Iteration  Func-count       f(x)        Step-size       optimality
   280         286      4.66358e-06              1       9.25e-06  
   281         287      4.64764e-06              1       1.46e-05  
   282         288      4.63094e-06              1       1.81e-05  
   283         289      4.61339e-06              1       1.24e-05  
   284         290      4.59577e-06              1       1.15e-05  
   285         291      4.57886e-06              1        1.1e-05  
   286         292      4.56247e-06              1       1.53e-05  
   287         293       4.5462e-06              1       1.17e-05  
   288         294       4.5299e-06              1       1.04e-05  
   289         295      4.51361e-06              1       8.91e-06  
   290         296      4.49705e-06              1       1.42e-05  
   291         297      4.48009e-06              1       1.33e-05  
   292         298      4.46307e-06              1       8.91e-06  
   293         299      4.44651e-06              1          9e-06  
   294         300      4.43012e-06              1       1.55e-05  
   295         301       4.4131e-06              1       1.45e-05  
   296         302       4.3949e-06              1       9.55e-06  
   297         303      4.37612e-06              1       1.04e-05  
   298         304      4.35791e-06              1       1.36e-05  
   299         305      4.34108e-06              1       1.39e-05  
                                                        First-order 
 Iteration  Func-count       f(x)        Step-size       optimality
   300         306      4.32528e-06              1       1.16e-05  
   301         307      4.30995e-06              1       9.73e-06  
   302         308      4.29483e-06              1       1.05e-05  
   303         309      4.28043e-06              1       1.11e-05  
   304         310      4.26696e-06              1       9.24e-06  
   305         311      4.25427e-06              1       8.57e-06  
   306         312      4.24185e-06              1       1.21e-05  
   307         313      4.22975e-06              1       1.28e-05  
   308         314       4.2182e-06              1       8.11e-06  
   309         315      4.20741e-06              1       7.65e-06  
   310         316      4.19704e-06              1       1.03e-05  
   311         317      4.18679e-06              1       1.23e-05  
   312         318      4.17649e-06              1       8.15e-06  
   313         319      4.16619e-06              1       6.62e-06  
   314         320      4.15583e-06              1       9.25e-06  
   315         321      4.14558e-06              1       1.21e-05  
   316         322      4.13567e-06              1       8.82e-06  
   317         323      4.12635e-06              1       7.21e-06  
   318         324      4.11746e-06              1       8.96e-06  
   319         325      4.10881e-06              1       1.31e-05  
                                                        First-order 
 Iteration  Func-count       f(x)        Step-size       optimality
   320         326      4.10032e-06              1       1.05e-05  
   321         327      4.09218e-06              1       6.49e-06  
   322         328      4.08447e-06              1       6.97e-06  
   323         329      4.07724e-06              1       1.03e-05  
   324         330      4.07054e-06              1        9.3e-06  
   325         331      4.06445e-06              1       5.76e-06  
   326         332      4.05875e-06              1       4.66e-06  
   327         333      4.05318e-06              1       8.54e-06  
   328         334      4.04752e-06              1       8.11e-06  
   329         335      4.04183e-06              1        6.2e-06  
   330         336      4.03609e-06              1       5.48e-06  
   331         337      4.03019e-06              1       9.14e-06  
   332         338      4.02398e-06              1       9.75e-06  
   333         339      4.01756e-06              1        5.9e-06  
   334         340      4.01111e-06              1       6.68e-06  
   335         341      4.00477e-06              1        8.2e-06  
   336         342      3.99856e-06              1       9.61e-06  
   337         343      3.99261e-06              1       6.96e-06  
   338         344      3.98704e-06              1       5.17e-06  
   339         345      3.98183e-06              1       8.03e-06  
                                                        First-order 
 Iteration  Func-count       f(x)        Step-size       optimality
   340         346      3.97679e-06              1       1.01e-05  
   341         347      3.97179e-06              1       7.34e-06  
   342         348      3.96673e-06              1       6.67e-06  
   343         349      3.96156e-06              1       6.12e-06  
   344         350      3.95615e-06              1       1.01e-05  
   345         351      3.95051e-06              1       8.69e-06  
   346         352      3.94474e-06              1       7.02e-06  
   347         353      3.93902e-06              1        5.6e-06  
   348         354      3.93337e-06              1       8.84e-06  
   349         355      3.92788e-06              1       8.47e-06  
   350         356      3.92251e-06              1       8.37e-06  
   351         357      3.91724e-06              1       6.07e-06  
   352         358      3.91195e-06              1       8.22e-06  
   353         359      3.90667e-06              1       8.82e-06  
   354         360      3.90144e-06              1       6.96e-06  
   355         361      3.89634e-06              1       6.77e-06  
   356         362      3.89127e-06              1       7.03e-06  
   357         363      3.88623e-06              1       8.39e-06  
   358         364      3.88128e-06              1       7.17e-06  
   359         365      3.87654e-06              1       6.76e-06  
                                                        First-order 
 Iteration  Func-count       f(x)        Step-size       optimality
   360         366      3.87204e-06              1       5.84e-06  
   361         367      3.86783e-06              1       7.77e-06  
   362         368      3.86391e-06              1       6.89e-06  
   363         369      3.86019e-06              1       7.72e-06  
   364         370      3.85649e-06              1       5.17e-06  
   365         371       3.8527e-06              1       5.92e-06  
   366         372      3.84884e-06              1       4.49e-06  
   367         373      3.84502e-06              1       5.64e-06  
   368         374      3.84119e-06              1       5.39e-06  
   369         375      3.83735e-06              1       7.66e-06  
   370         376      3.83351e-06              1       5.88e-06  
   371         377      3.82973e-06              1       6.87e-06  
   372         378      3.82593e-06              1       5.93e-06  
   373         379      3.82206e-06              1       7.82e-06  
   374         380      3.81818e-06              1        7.5e-06  
   375         381      3.81441e-06              1       5.67e-06  
   376         382      3.81064e-06              1       5.97e-06  
   377         383      3.80668e-06              1       4.99e-06  
   378         384      3.80243e-06              1       5.72e-06  
   379         385      3.79801e-06              1       4.47e-06  
                                                        First-order 
 Iteration  Func-count       f(x)        Step-size       optimality
   380         386      3.79341e-06              1       5.04e-06  
   381         387      3.78835e-06              1       7.51e-06  
   382         388      3.78257e-06              1        8.6e-06  
   383         389      3.77623e-06              1       6.94e-06  
   384         390       3.7699e-06              1       6.88e-06  
   385         391      3.76382e-06              1       8.42e-06  
   386         392       3.7578e-06              1       1.12e-05  
   387         393      3.75155e-06              1       9.01e-06  
   388         394      3.74533e-06              1       7.69e-06  
   389         395      3.73929e-06              1       6.94e-06  
   390         396      3.73339e-06              1       9.37e-06  
   391         397      3.72718e-06              1       9.05e-06  
   392         398      3.72085e-06              1       7.58e-06  
   393         399      3.71476e-06              1       6.95e-06  
   394         400      3.70947e-06              1       7.24e-06  
   395         401      3.70476e-06              1       6.81e-06  
   396         402      3.70059e-06              1        5.8e-06  
   397         403      3.69673e-06              1       5.63e-06  
   398         404      3.69316e-06              1        5.9e-06  
   399         405      3.68963e-06              1       5.81e-06  
                                                        First-order 
 Iteration  Func-count       f(x)        Step-size       optimality
   400         406      3.68611e-06              1       5.95e-06  
   401         407      3.68256e-06              1       4.71e-06  
   402         408      3.67906e-06              1       6.28e-06  
   403         409      3.67567e-06              1       6.37e-06  
   404         410      3.67254e-06              1       5.72e-06  
   405         411      3.66969e-06              1       4.37e-06  
   406         412      3.66708e-06              1       5.45e-06  
   407         413      3.66455e-06              1       5.82e-06  
   408         414      3.66207e-06              1       4.48e-06  
   409         415      3.65966e-06              1       4.17e-06  
   410         416      3.65733e-06              1       5.17e-06  
   411         417      3.65502e-06              1       6.34e-06  
   412         418      3.65271e-06              1       4.22e-06  
   413         419      3.65038e-06              1       4.07e-06  
   414         420      3.64801e-06              1       4.08e-06  
   415         421      3.64552e-06              1       6.21e-06  
   416         422      3.64289e-06              1       5.28e-06  
   417         423      3.64017e-06              1       4.25e-06  
   418         424      3.63739e-06              1        4.4e-06  
   419         425      3.63447e-06              1       5.37e-06  
                                                        First-order 
 Iteration  Func-count       f(x)        Step-size       optimality
   420         426      3.63139e-06              1        5.4e-06  
   421         427       3.6282e-06              1       5.22e-06  
   422         428      3.62501e-06              1       5.07e-06  
   423         429      3.62176e-06              1       5.12e-06  
   424         430      3.61827e-06              1       5.63e-06  
   425         431      3.61445e-06              1       6.32e-06  
   426         432       3.6105e-06              1       6.19e-06  
   427         433       3.6065e-06              1       5.54e-06  
   428         434       3.6024e-06              1       5.48e-06  
   429         435      3.59793e-06              1       5.69e-06  
   430         436      3.59313e-06              1       6.71e-06  
   431         437      3.58803e-06              1       6.32e-06  
   432         438      3.58283e-06              1       8.08e-06  
   433         439       3.5773e-06              1        7.2e-06  
   434         440      3.57159e-06              1       7.81e-06  
   435         441      3.56576e-06              1       6.68e-06  
   436         442      3.56031e-06              1       7.79e-06  
   437         443      3.55508e-06              1       6.86e-06  
   438         444      3.55016e-06              1       5.93e-06  
   439         445      3.54523e-06              1       7.33e-06  
                                                        First-order 
 Iteration  Func-count       f(x)        Step-size       optimality
   440         446      3.54064e-06              1       7.85e-06  
   441         447       3.5363e-06              1       5.27e-06  
   442         448       3.5324e-06              1       4.71e-06  
   443         449      3.52863e-06              1       5.23e-06  
   444         450      3.52502e-06              1       6.85e-06  
   445         451      3.52142e-06              1       5.92e-06  
   446         452      3.51803e-06              1       5.63e-06  
   447         453      3.51484e-06              1        5.4e-06  
   448         454      3.51191e-06              1       6.16e-06  
   449         455      3.50905e-06              1       5.34e-06  
   450         456      3.50621e-06              1       4.13e-06  
   451         457      3.50337e-06              1       4.42e-06  
   452         458      3.50068e-06              1       5.45e-06  
   453         459      3.49814e-06              1       5.23e-06  
   454         460       3.4957e-06              1       3.58e-06  
   455         461      3.49324e-06              1       4.23e-06  
   456         462      3.49074e-06              1       4.99e-06  
   457         463      3.48821e-06              1       5.05e-06  
   458         464      3.48575e-06              1       3.86e-06  
   459         465      3.48339e-06              1       4.56e-06  
                                                        First-order 
 Iteration  Func-count       f(x)        Step-size       optimality
   460         466       3.4812e-06              1       4.48e-06  
   461         467       3.4792e-06              1       4.54e-06  
   462         468      3.47739e-06              1        3.7e-06  
   463         469      3.47571e-06              1       3.83e-06  
   464         470      3.47413e-06              1        4.1e-06  
   465         471      3.47261e-06              1       4.26e-06  
   466         472      3.47118e-06              1       3.74e-06  
   467         473      3.46978e-06              1       3.73e-06  
   468         474      3.46837e-06              1       4.23e-06  
   469         475      3.46689e-06              1       5.14e-06  
   470         476      3.46538e-06              1        3.6e-06  
   471         477      3.46391e-06              1       3.52e-06  
   472         478      3.46254e-06              1       3.44e-06  
   473         479      3.46128e-06              1       4.38e-06  
   474         480      3.46008e-06              1       3.42e-06  
   475         481      3.45894e-06              1       3.27e-06  
   476         482      3.45784e-06              1       3.19e-06  
   477         483      3.45677e-06              1       3.59e-06  
   478         484      3.45569e-06              1       3.19e-06  
   479         485      3.45458e-06              1       3.45e-06  
                                                        First-order 
 Iteration  Func-count       f(x)        Step-size       optimality
   480         486      3.45348e-06              1       3.01e-06  
   481         487      3.45242e-06              1          3e-06  
   482         488       3.4514e-06              1       2.96e-06  
   483         489      3.45041e-06              1       3.22e-06  
   484         490      3.44945e-06              1       3.14e-06  
   485         491      3.44854e-06              1       2.81e-06  
   486         492      3.44764e-06              1       2.55e-06  
   487         493      3.44674e-06              1       2.89e-06  
   488         494       3.4458e-06              1       3.45e-06  
   489         495      3.44484e-06              1       3.65e-06  
   490         496      3.44387e-06              1       3.82e-06  
   491         497      3.44287e-06              1       2.41e-06  
   492         498      3.44185e-06              1       3.63e-06  
   493         499      3.44082e-06              1       3.17e-06  
   494         500      3.43982e-06              1       3.44e-06  
   495         501      3.43885e-06              1       2.41e-06  
   496         502      3.43788e-06              1       3.01e-06  
   497         503      3.43689e-06              1       3.14e-06  
   498         504      3.43588e-06              1       2.79e-06  
   499         505       3.4349e-06              1       2.25e-06  
                                                        First-order 
 Iteration  Func-count       f(x)        Step-size       optimality
   500         506      3.43395e-06              1       2.82e-06  
   501         507      3.43306e-06              1       2.84e-06  
   502         508      3.43223e-06              1       2.85e-06  
   503         509      3.43144e-06              1       2.36e-06  
   504         510      3.43066e-06              1       2.62e-06  
   505         511      3.42989e-06              1       2.66e-06  
   506         512      3.42915e-06              1       3.16e-06  
   507         513      3.42845e-06              1       2.76e-06  
   508         514      3.42778e-06              1       1.73e-06  
   509         515      3.42711e-06              1       2.22e-06  
   510         516      3.42648e-06              1       2.25e-06  
   511         517      3.42591e-06              1       2.15e-06  
   512         518       3.4254e-06              1       1.99e-06  
   513         519       3.4249e-06              1       1.99e-06  
   514         520      3.42441e-06              1       1.85e-06  
   515         521      3.42393e-06              1       1.84e-06  
   516         522      3.42348e-06              1       1.64e-06  
   517         523      3.42306e-06              1       1.72e-06  
   518         524      3.42266e-06              1       1.86e-06  
   519         525      3.42228e-06              1       1.92e-06  
                                                        First-order 
 Iteration  Func-count       f(x)        Step-size       optimality
   520         526      3.42192e-06              1       1.92e-06  
   521         527      3.42158e-06              1       1.92e-06  
   522         528      3.42123e-06              1       1.64e-06  
   523         529      3.42087e-06              1       1.96e-06  
   524         530       3.4205e-06              1       1.84e-06  
   525         531      3.42014e-06              1        1.9e-06  
   526         532      3.41981e-06              1       1.58e-06  
   527         533       3.4195e-06              1       1.68e-06  
   528         534      3.41923e-06              1       1.09e-06  
   529         535      3.41897e-06              1       1.32e-06  
   530         536       3.4187e-06              1       1.28e-06  
   531         537      3.41841e-06              1       1.78e-06  
   532         538      3.41812e-06              1       1.43e-06  
   533         539      3.41784e-06              1       1.39e-06  
   534         540      3.41756e-06              1       1.34e-06  
   535         541      3.41728e-06              1       1.57e-06  
   536         542      3.41701e-06              1       1.47e-06  
   537         543      3.41675e-06              1       1.56e-06  
   538         544      3.41649e-06              1       1.59e-06  
   539         545      3.41624e-06              1       1.52e-06  
                                                        First-order 
 Iteration  Func-count       f(x)        Step-size       optimality
   540         546      3.41599e-06              1       1.56e-06  
   541         547      3.41572e-06              1        1.3e-06  
   542         548      3.41545e-06              1       1.61e-06  
   543         549      3.41516e-06              1       1.66e-06  
   544         550      3.41489e-06              1        1.7e-06  
   545         551      3.41462e-06              1        1.5e-06  
   546         552      3.41437e-06              1       1.45e-06  
   547         553      3.41413e-06              1       1.42e-06  
   548         554      3.41391e-06              1       1.61e-06  
   549         555      3.41371e-06              1       1.03e-06  
   550         556      3.41352e-06              1       1.14e-06  
   551         557      3.41331e-06              1       1.29e-06  
   552         558      3.41311e-06              1        1.6e-06  
   553         559      3.41291e-06              1       1.17e-06  
   554         560      3.41271e-06              1        1.1e-06  
   555         561      3.41252e-06              1       1.46e-06  
   556         562      3.41233e-06              1        1.4e-06  
   557         563      3.41215e-06              1        1.1e-06  
   558         564      3.41198e-06              1       9.51e-07  
   559         565      3.41183e-06              1        9.6e-07  
                                                        First-order 
 Iteration  Func-count       f(x)        Step-size       optimality
   560         566      3.41168e-06              1       1.33e-06  
   561         567      3.41154e-06              1       1.18e-06  
   562         568       3.4114e-06              1       1.05e-06  
   563         569      3.41125e-06              1       1.04e-06  
   564         570      3.41111e-06              1       1.24e-06  
   565         571      3.41097e-06              1       1.27e-06  
   566         572      3.41084e-06              1       9.08e-07  
   567         573      3.41072e-06              1       8.31e-07  
   568         574       3.4106e-06              1       9.65e-07  
   569         575      3.41049e-06              1       1.12e-06  
   570         576      3.41039e-06              1        7.6e-07  
   571         577      3.41028e-06              1       8.26e-07  
   572         578      3.41018e-06              1       7.74e-07  
   573         579      3.41008e-06              1       1.02e-06  
   574         580      3.40998e-06              1       7.39e-07  
   575         581      3.40988e-06              1       7.96e-07  
   576         582      3.40979e-06              1       8.01e-07  
   577         583      3.40969e-06              1       9.35e-07  
   578         584       3.4096e-06              1       8.71e-07  
   579         585      3.40952e-06              1          8e-07  
                                                        First-order 
 Iteration  Func-count       f(x)        Step-size       optimality
   580         586      3.40944e-06              1       8.23e-07  
   581         587      3.40936e-06              1       9.69e-07  
   582         588      3.40928e-06              1       7.32e-07  
   583         589      3.40921e-06              1       6.91e-07  
   584         590      3.40914e-06              1        7.3e-07  
   585         591      3.40908e-06              1        8.3e-07  
   586         592      3.40901e-06              1       8.08e-07  
   587         593      3.40894e-06              1       6.26e-07  
   588         594      3.40888e-06              1       6.28e-07  
   589         595      3.40882e-06              1       7.21e-07  
   590         596      3.40876e-06              1       6.43e-07  
   591         597       3.4087e-06              1       6.36e-07  
   592         598      3.40865e-06              1        4.8e-07  
   593         599       3.4086e-06              1       5.87e-07  
   594         600      3.40855e-06              1       6.51e-07  
   595         601      3.40849e-06              1       6.72e-07  
   596         602      3.40844e-06              1       5.41e-07  
   597         603      3.40839e-06              1        5.5e-07  
   598         604      3.40834e-06              1        6.2e-07  
   599         605      3.40829e-06              1       5.39e-07  
                                                        First-order 
 Iteration  Func-count       f(x)        Step-size       optimality
   600         606      3.40824e-06              1       5.92e-07  
   601         607      3.40819e-06              1       5.16e-07  
   602         608      3.40814e-06              1       6.63e-07  
   603         609       3.4081e-06              1       4.81e-07  
   604         610      3.40805e-06              1       4.66e-07  
   605         611      3.40802e-06              1       6.04e-07  
   606         612      3.40798e-06              1       6.01e-07  
   607         613      3.40794e-06              1       5.54e-07  
   608         614       3.4079e-06              1       4.53e-07  
   609         615      3.40787e-06              1       4.85e-07  
   610         616      3.40783e-06              1       5.28e-07  
   611         617      3.40779e-06              1       5.45e-07  
   612         618      3.40776e-06              1       4.87e-07  
   613         619      3.40772e-06              1       4.14e-07  
   614         620      3.40769e-06              1       4.85e-07  
   615         621      3.40765e-06              1       4.95e-07  
   616         622      3.40762e-06              1       3.81e-07  
   617         623       3.4076e-06              1       3.38e-07  
   618         624      3.40757e-06              1       4.67e-07  
   619         625      3.40755e-06              1       4.74e-07  
                                                        First-order 
 Iteration  Func-count       f(x)        Step-size       optimality
   620         626      3.40752e-06              1        3.6e-07  
   621         627       3.4075e-06              1       3.42e-07  
   622         628      3.40748e-06              1       4.33e-07  
   623         629      3.40746e-06              1        4.2e-07  
   624         630      3.40744e-06              1        2.8e-07  
   625         631      3.40742e-06              1       2.99e-07  
   626         632       3.4074e-06              1       3.74e-07  
   627         633      3.40738e-06              1        3.5e-07  
   628         634      3.40736e-06              1       2.97e-07  
   629         635      3.40735e-06              1       2.84e-07  
   630         636      3.40733e-06              1       3.27e-07  
   631         637      3.40731e-06              1       3.57e-07  
   632         638       3.4073e-06              1       3.49e-07  
   633         639      3.40728e-06              1       2.76e-07  
   634         640      3.40727e-06              1       2.71e-07  
   635         641      3.40725e-06              1       3.52e-07  
   636         642      3.40724e-06              1       3.54e-07  
   637         643      3.40722e-06              1       2.99e-07  
   638         644      3.40721e-06              1       2.79e-07  
   639         645      3.40719e-06              1       3.43e-07  
                                                        First-order 
 Iteration  Func-count       f(x)        Step-size       optimality
   640         646      3.40718e-06              1       3.14e-07  
   641         647      3.40717e-06              1       3.39e-07  
   642         648      3.40715e-06              1       2.78e-07  
   643         649      3.40714e-06              1       2.75e-07  
   644         650      3.40713e-06              1       2.95e-07  
   645         651      3.40712e-06              1       2.99e-07  
   646         652      3.40711e-06              1       3.01e-07  
   647         653       3.4071e-06              1       2.76e-07  
   648         654      3.40708e-06              1       2.73e-07  
   649         655      3.40707e-06              1       2.32e-07  
   650         656      3.40706e-06              1       2.65e-07  
   651         657      3.40705e-06              1       2.92e-07  
   652         658      3.40704e-06              1       3.16e-07  
   653         659      3.40703e-06              1       2.62e-07  
   654         660      3.40702e-06              1       2.39e-07  
   655         661      3.40701e-06              1       2.49e-07  
   656         662        3.407e-06              1       3.33e-07  
   657         663      3.40699e-06              1        2.8e-07  
   658         664      3.40698e-06              1       3.09e-07  
   659         665      3.40697e-06              1       2.84e-07  
                                                        First-order 
 Iteration  Func-count       f(x)        Step-size       optimality
   660         666      3.40696e-06              1       2.21e-07  
   661         667      3.40695e-06              1       2.44e-07  
   662         668      3.40694e-06              1       2.29e-07  
   663         669      3.40694e-06              1       2.44e-07  
   664         670      3.40693e-06              1       2.43e-07  
   665         671      3.40692e-06              1       2.01e-07  
   666         672      3.40691e-06              1        1.9e-07  
   667         673       3.4069e-06              1       2.12e-07  
   668         674      3.40689e-06              1       2.47e-07  
   669         675      3.40688e-06              1       2.28e-07  
   670         676      3.40688e-06              1       2.48e-07  
   671         677      3.40687e-06              1       2.37e-07  
   672         678      3.40686e-06              1       2.51e-07  
   673         679      3.40685e-06              1       2.98e-07  
   674         680      3.40684e-06              1       2.06e-07  
   675         681      3.40683e-06              1       2.46e-07  
   676         682      3.40682e-06              1       2.27e-07  
   677         683      3.40681e-06              1       2.77e-07  
   678         684       3.4068e-06              1       2.05e-07  
   679         685       3.4068e-06              1       2.29e-07  
                                                        First-order 
 Iteration  Func-count       f(x)        Step-size       optimality
   680         686      3.40679e-06              1       2.46e-07  
   681         687      3.40678e-06              1       2.42e-07  
   682         688      3.40677e-06              1       1.88e-07  
   683         689      3.40676e-06              1       2.22e-07  
   684         690      3.40675e-06              1       2.35e-07  
   685         691      3.40675e-06              1       2.49e-07  
   686         692      3.40674e-06              1       2.26e-07  
   687         693      3.40673e-06              1       2.13e-07  
   688         694      3.40672e-06              1       2.64e-07  
   689         695       3.4067e-06              1       2.84e-07  
   690         696      3.40669e-06              1       2.68e-07  
   691         697      3.40668e-06              1       2.21e-07  
   692         698      3.40667e-06              1       2.38e-07  
   693         699      3.40666e-06              1       2.93e-07  
   694         700      3.40665e-06              1       3.28e-07  
   695         701      3.40664e-06              1       2.55e-07  
   696         702      3.40663e-06              1       2.22e-07  
   697         703      3.40662e-06              1       2.87e-07  
   698         704      3.40661e-06              1       4.12e-07  
   699         705      3.40659e-06              1       3.58e-07  
                                                        First-order 
 Iteration  Func-count       f(x)        Step-size       optimality
   700         706      3.40658e-06              1       3.59e-07  
   701         707      3.40656e-06              1       3.26e-07  
   702         708      3.40655e-06              1        3.3e-07  
   703         709      3.40653e-06              1       3.64e-07  
   704         710      3.40651e-06              1       3.97e-07  
   705         711      3.40649e-06              1       3.98e-07  
   706         712      3.40646e-06              1       3.58e-07  
   707         713      3.40644e-06              1       3.96e-07  
   708         714      3.40642e-06              1       4.12e-07  
   709         715      3.40639e-06              1       4.74e-07  
   710         716      3.40636e-06              1       3.53e-07  
   711         717      3.40634e-06              1       4.22e-07  
   712         718      3.40631e-06              1       4.57e-07  
   713         719      3.40627e-06              1       4.18e-07  
   714         720      3.40623e-06              1       5.13e-07  
   715         721      3.40618e-06              1        6.5e-07  
   716         722      3.40613e-06              1       5.94e-07  
   717         723      3.40608e-06              1       4.84e-07  
   718         724      3.40602e-06              1       5.15e-07  
   719         725      3.40596e-06              1       6.36e-07  
                                                        First-order 
 Iteration  Func-count       f(x)        Step-size       optimality
   720         726      3.40589e-06              1        7.6e-07  
   721         727       3.4058e-06              1       7.55e-07  
   722         728       3.4057e-06              1       7.59e-07  
   723         729      3.40559e-06              1       8.42e-07  
   724         730      3.40547e-06              1       7.92e-07  
   725         731      3.40534e-06              1       8.16e-07  
   726         732       3.4052e-06              1       9.49e-07  
   727         733      3.40506e-06              1       9.81e-07  
   728         734       3.4049e-06              1       1.02e-06  
   729         735      3.40475e-06              1          1e-06  
   730         736       3.4046e-06              1       9.14e-07  
   731         737      3.40445e-06              1        9.2e-07  
   732         738      3.40429e-06              1       1.29e-06  
   733         739      3.40412e-06              1       1.33e-06  
   734         740      3.40396e-06              1       9.17e-07  
   735         741      3.40382e-06              1       9.46e-07  
   736         742      3.40367e-06              1       1.02e-06  
   737         743       3.4035e-06              1       1.17e-06  
   738         744      3.40331e-06              1       8.61e-07  
   739         745      3.40318e-06              1        1.1e-06  
                                                        First-order 
 Iteration  Func-count       f(x)        Step-size       optimality
   740         746      3.40301e-06              1       8.54e-07  
   741         747      3.40285e-06              1       1.17e-06  
   742         748      3.40268e-06              1        9.7e-07  
   743         749      3.40252e-06              1       1.06e-06  
   744         750      3.40236e-06              1       1.02e-06  
   745         751      3.40221e-06              1       1.04e-06  
   746         752      3.40206e-06              1       1.13e-06  
   747         753      3.40191e-06              1       9.36e-07  
   748         754      3.40178e-06              1       7.76e-07  
   749         755      3.40164e-06              1       1.12e-06  
   750         756       3.4015e-06              1       1.09e-06  
   751         757      3.40137e-06              1       1.11e-06  
   752         758      3.40124e-06              1       9.26e-07  
   753         759      3.40113e-06              1       9.13e-07  
   754         760      3.40103e-06              1       1.03e-06  
   755         761      3.40093e-06              1       8.49e-07  
   756         762      3.40084e-06              1       8.41e-07  
   757         763      3.40074e-06              1       5.89e-07  
   758         764      3.40066e-06              1       8.21e-07  
   759         765      3.40057e-06              1       9.87e-07  
                                                        First-order 
 Iteration  Func-count       f(x)        Step-size       optimality
   760         766      3.40048e-06              1       1.04e-06  
   761         767      3.40039e-06              1       8.85e-07  
   762         768       3.4003e-06              1       7.71e-07  
   763         769      3.40022e-06              1       9.41e-07  
   764         770      3.40013e-06              1       9.14e-07  
   765         771      3.40005e-06              1       6.13e-07  
   766         772      3.39998e-06              1       8.32e-07  
   767         773       3.3999e-06              1       6.92e-07  
   768         774      3.39982e-06              1       7.73e-07  
   769         775      3.39974e-06              1       7.02e-07  
   770         776      3.39966e-06              1       7.15e-07  
   771         777      3.39958e-06              1       6.41e-07  
   772         778       3.3995e-06              1       6.83e-07  
   773         779      3.39941e-06              1       7.88e-07  
   774         780      3.39933e-06              1        8.1e-07  
   775         781      3.39926e-06              1       7.53e-07  
   776         782      3.39918e-06              1       6.32e-07  
   777         783      3.39912e-06              1       7.42e-07  
   778         784      3.39905e-06              1       6.53e-07  
   779         785      3.39899e-06              1       7.01e-07  
                                                        First-order 
 Iteration  Func-count       f(x)        Step-size       optimality
   780         786      3.39894e-06              1       6.31e-07  
   781         787      3.39888e-06              1       5.99e-07  
   782         788      3.39882e-06              1       6.64e-07  
   783         789      3.39876e-06              1       6.32e-07  
   784         790      3.39871e-06              1        6.2e-07  
   785         791      3.39865e-06              1       5.76e-07  
   786         792       3.3986e-06              1       5.44e-07  
   787         793      3.39854e-06              1       6.01e-07  
   788         794      3.39849e-06              1       5.24e-07  
   789         795      3.39844e-06              1       5.19e-07  
   790         796      3.39839e-06              1       5.41e-07  
   791         797      3.39834e-06              1       5.36e-07  
   792         798      3.39829e-06              1       4.62e-07  
   793         799      3.39824e-06              1       5.56e-07  
   794         800      3.39818e-06              1       5.44e-07  
   795         801      3.39813e-06              1       5.99e-07  
   796         802      3.39807e-06              1       5.99e-07  
   797         803      3.39801e-06              1       6.34e-07  
   798         804      3.39796e-06              1       5.66e-07  
   799         805       3.3979e-06              1       5.74e-07  
                                                        First-order 
 Iteration  Func-count       f(x)        Step-size       optimality
   800         806      3.39784e-06              1       5.73e-07  
   801         807      3.39779e-06              1       5.26e-07  
   802         808      3.39774e-06              1       5.63e-07  
   803         809      3.39769e-06              1        4.7e-07  
   804         810      3.39765e-06              1       5.57e-07  
   805         811       3.3976e-06              1       5.52e-07  
   806         812      3.39755e-06              1       5.57e-07  
   807         813      3.39751e-06              1       4.77e-07  
   808         814      3.39746e-06              1       4.64e-07  
   809         815      3.39742e-06              1       4.59e-07  
   810         816      3.39738e-06              1       6.14e-07  
   811         817      3.39734e-06              1       6.09e-07  
   812         818       3.3973e-06              1        4.9e-07  
   813         819      3.39726e-06              1        5.7e-07  
   814         820      3.39723e-06              1       4.81e-07  
   815         821      3.39719e-06              1       4.37e-07  
   816         822      3.39715e-06              1       4.99e-07  
   817         823      3.39712e-06              1       6.03e-07  
   818         824      3.39708e-06              1       4.82e-07  
   819         825      3.39705e-06              1       4.33e-07  
                                                        First-order 
 Iteration  Func-count       f(x)        Step-size       optimality
   820         826      3.39701e-06              1       4.16e-07  
   821         827      3.39698e-06              1       5.36e-07  
   822         828      3.39695e-06              1       5.02e-07  
   823         829      3.39692e-06              1       5.46e-07  
   824         830      3.39689e-06              1       4.49e-07  
   825         831      3.39686e-06              1        4.4e-07  
   826         832      3.39683e-06              1       4.75e-07  
   827         833       3.3968e-06              1       4.73e-07  
   828         834      3.39677e-06              1       3.77e-07  
   829         835      3.39674e-06              1       3.72e-07  
   830         836      3.39672e-06              1        4.3e-07  
   831         837      3.39669e-06              1       3.59e-07  
   832         838      3.39667e-06              1       3.67e-07  
   833         839      3.39664e-06              1       3.76e-07  
   834         840      3.39661e-06              1       4.68e-07  
   835         841      3.39659e-06              1       3.45e-07  
   836         842      3.39657e-06              1       4.21e-07  
   837         843      3.39654e-06              1       3.76e-07  
   838         844      3.39652e-06              1       5.25e-07  
   839         845       3.3965e-06              1       4.18e-07  
                                                        First-order 
 Iteration  Func-count       f(x)        Step-size       optimality
   840         846      3.39648e-06              1       3.01e-07  
   841         847      3.39647e-06              1       3.25e-07  
   842         848      3.39645e-06              1       4.64e-07  
   843         849      3.39643e-06              1       4.74e-07  
   844         850      3.39641e-06              1       3.58e-07  
   845         851       3.3964e-06              1       2.76e-07  
   846         852      3.39638e-06              1       2.91e-07  
   847         853      3.39636e-06              1        3.8e-07  
   848         854      3.39634e-06              1       3.23e-07  
   849         855      3.39632e-06              1       3.58e-07  
   850         856       3.3963e-06              1       3.09e-07  
   851         857      3.39629e-06              1       3.06e-07  
   852         858      3.39627e-06              1       4.21e-07  
   853         859      3.39625e-06              1        3.8e-07  
   854         860      3.39624e-06              1       3.15e-07  
   855         861      3.39622e-06              1       2.85e-07  
   856         862      3.39621e-06              1       2.83e-07  
   857         863       3.3962e-06              1       3.34e-07  
   858         864      3.39619e-06              1       2.91e-07  
   859         865      3.39617e-06              1       3.91e-07  
                                                        First-order 
 Iteration  Func-count       f(x)        Step-size       optimality
   860         866      3.39616e-06              1       3.07e-07  
   861         867      3.39615e-06              1       2.64e-07  
   862         868      3.39614e-06              1       2.53e-07  
   863         869      3.39612e-06              1       3.22e-07  
   864         870      3.39611e-06              1       3.05e-07  
   865         871       3.3961e-06              1        2.9e-07  
   866         872      3.39609e-06              1       3.12e-07  
   867         873      3.39608e-06              1       2.43e-07  
   868         874      3.39607e-06              1       2.25e-07  
   869         875      3.39606e-06              1       2.05e-07  
   870         876      3.39605e-06              1       2.45e-07  
   871         877      3.39604e-06              1       2.51e-07  
   872         878      3.39603e-06              1       2.65e-07  
   873         879      3.39603e-06              1       2.08e-07  
   874         880      3.39602e-06              1       2.15e-07  
   875         881      3.39601e-06              1       1.93e-07  
   876         882        3.396e-06              1       2.29e-07  
   877         883        3.396e-06              1       2.19e-07  
   878         884      3.39599e-06              1       2.09e-07  
   879         885      3.39598e-06              1       1.97e-07  
                                                        First-order 
 Iteration  Func-count       f(x)        Step-size       optimality
   880         886      3.39598e-06              1       2.22e-07  
   881         887      3.39597e-06              1       1.84e-07  
   882         888      3.39596e-06              1       1.92e-07  
   883         889      3.39596e-06              1       1.97e-07  
   884         890      3.39595e-06              1       2.29e-07  
   885         891      3.39594e-06              1       2.11e-07  
   886         892      3.39594e-06              1        1.9e-07  
   887         893      3.39593e-06              1       2.01e-07  
   888         894      3.39592e-06              1       2.86e-07  
   889         895      3.39592e-06              1       2.45e-07  
   890         896      3.39591e-06              1       1.84e-07  
   891         897       3.3959e-06              1       2.24e-07  
   892         898       3.3959e-06              1        2.2e-07  
   893         899      3.39589e-06              1       2.13e-07  
   894         900      3.39588e-06              1       2.26e-07  
   895         901      3.39588e-06              1       2.44e-07  
   896         902      3.39587e-06              1       2.46e-07  
   897         903      3.39586e-06              1       2.55e-07  
   898         904      3.39586e-06              1       1.73e-07  
   899         905      3.39585e-06              1       2.27e-07  
                                                        First-order 
 Iteration  Func-count       f(x)        Step-size       optimality
   900         906      3.39585e-06              1       2.41e-07  
   901         907      3.39584e-06              1       2.97e-07  
   902         908      3.39584e-06              1       2.15e-07  
   903         909      3.39583e-06              1       1.75e-07  
   904         910      3.39583e-06              1       1.65e-07  
   905         911      3.39582e-06              1       2.28e-07  
   906         912      3.39582e-06              1        2.1e-07  
   907         913      3.39581e-06              1       1.93e-07  
   908         914      3.39581e-06              1       2.01e-07  
   909         915       3.3958e-06              1       1.79e-07  
   910         916       3.3958e-06              1       1.64e-07  
   911         917      3.39579e-06              1       1.48e-07  
   912         918      3.39579e-06              1        1.4e-07  
   913         919      3.39579e-06              1       2.25e-07  
   914         920      3.39578e-06              1        2.2e-07  
   915         921      3.39578e-06              1       1.26e-07  
   916         922      3.39578e-06              1       1.16e-07  
   917         923      3.39577e-06              1       1.55e-07  
   918         924      3.39577e-06              1       1.87e-07  
   919         925      3.39577e-06              1       1.32e-07  
                                                        First-order 
 Iteration  Func-count       f(x)        Step-size       optimality
   920         926      3.39577e-06              1       1.11e-07  

Optimization completed: The <a href = "matlab: helpview([docroot '/toolbox/optim/msg_csh/optim_msg_csh.map'],'first_order_opt_unc','CSHelpWindow');">first-order optimality measure</a>, 9.976974e-08, is less 
than <a href = "matlab: helpview([docroot '/toolbox/optim/msg_csh/optim_msg_csh.map'],'tolfun','CSHelpWindow');">options.TolFun</a> = 1.000000e-07.

Optimization Metric                                            Options
relative norm(gradient) =   9.98e-08                  TolFun =   1e-07 (selected)

