flow iter#1; |dv| = 4.92506
flow iter#2; |dv| = 1.23732
flow iter#3; |dv| = 1.49235
flow iter#4; |dv| = 1.96522
flow iter#5; |dv| = 1.60902
flow iter#6; |dv| = 0.88346
flow iter#7; |dv| = 0.254792
flow iter#8; |dv| = 0.26152
flow iter#9; |dv| = 0.369201
flow iter#10; |dv| = 0.312229
flow iter#11; |dv| = 0.186444
flow iter#12; |dv| = 0.0692117
flow iter#13; |dv| = 0.0292212
flow iter#14; |dv| = 0.053682
flow iter#15; |dv| = 0.0524809
flow iter#16; |dv| = 0.0356872
flow iter#17; |dv| = 0.0166984
flow iter#18; |dv| = 0.00614212
flow iter#19; |dv| = 0.00883343
flow iter#20; |dv| = 0.00980038
flow iter#21; |dv| = 0.0080425
flow iter#22; |dv| = 0.00586178
flow iter#23; |dv| = 0.00487326
                                                        First-order 
 Iteration  Func-count       f(x)        Step-size       optimality
     0           1        0.0500421                       0.00224
     1           4        0.0260924             91        0.00117  
     2           6        0.0102346            0.5       0.000825  
     3           7       0.00106963              1       0.000292  
     4           8      0.000676537              1       0.000931  
     5           9      5.94703e-05              1       3.18e-05  
     6          10      8.25849e-06              1       2.22e-05  
     7          11      1.16067e-06              1       1.35e-05  
     8          13      8.84865e-07       0.487052       1.12e-06  
     9          14      8.78914e-07              1       8.43e-07  
    10          15      8.60125e-07              1       2.44e-06  
    11          16      8.41972e-07              1       3.56e-06  
    12          17      7.90253e-07              1       4.99e-06  
    13          18      6.84929e-07              1       5.55e-06  
    14          19      4.75985e-07              1       1.04e-05  
    15          20      3.06369e-07              1       1.89e-05  
    16          21      7.81974e-08              1        7.4e-06  
    17          22      3.10923e-08              1        4.6e-06  
    18          23      1.14763e-08              1       1.35e-06  
    19          24      7.31474e-09              1        1.5e-06  
                                                        First-order 
 Iteration  Func-count       f(x)        Step-size       optimality
    20          25       3.3252e-10              1       3.71e-07  
    21          26      6.54861e-11              1       3.28e-07  
    22          27       3.6296e-13              1       2.02e-08  
    23          28      1.39994e-15              1       1.18e-09  
    24          29      1.36009e-18              1       4.08e-11  

Optimization completed: The <a href = "matlab: helpview([docroot '/toolbox/optim/msg_csh/optim_msg_csh.map'],'first_order_opt_unc','CSHelpWindow');">first-order optimality measure</a>, 4.065980e-11, is less 
than <a href = "matlab: helpview([docroot '/toolbox/optim/msg_csh/optim_msg_csh.map'],'tolfun','CSHelpWindow');">options.TolFun</a> = 1.000000e-10.

Optimization Metric                                            Options
relative norm(gradient) =   4.07e-11                  TolFun =   1e-10 (selected)

                                                        First-order 
 Iteration  Func-count       f(x)        Step-size       optimality
     0           1         0.213659                        0.0459
     1           2         0.165059              1         0.0232  
     2           3          0.11937              1         0.0558  
     3           4        0.0843319              1          0.034  
     4           5        0.0583566              1         0.0418  
     5           6        0.0451816              1         0.0331  
     6           7        0.0378264              1         0.0239  
     7           8         0.033258              1         0.0142  
     8           9        0.0296648              1         0.0072  
     9          10        0.0262645              1        0.00776  
    10          11        0.0239609              1        0.00842  
    11          12        0.0203981              1        0.00999  
    12          13        0.0180617              1        0.00773  
    13          14        0.0155342              1         0.0075  
    14          15        0.0139565              1        0.00758  
    15          16        0.0126976              1        0.00839  
    16          17        0.0112325              1        0.00428  
    17          18       0.00979124              1        0.00353  
    18          19       0.00852924              1        0.00545  
    19          20        0.0074808              1         0.0051  
                                                        First-order 
 Iteration  Func-count       f(x)        Step-size       optimality
    20          21        0.0064571              1        0.00415  
    21          22       0.00548568              1        0.00385  
    22          23       0.00456701              1        0.00389  
    23          24       0.00373603              1         0.0036  
    24          25        0.0031131              1        0.00262  
    25          26       0.00262626              1        0.00236  
    26          27       0.00223215              1         0.0017  
    27          28       0.00191167              1        0.00175  
    28          29       0.00165654              1        0.00162  
    29          30       0.00145159              1        0.00179  
    30          31       0.00129121              1        0.00153  
    31          32       0.00115198              1        0.00132  
    32          33       0.00101487              1        0.00133  
    33          34      0.000907825              1        0.00109  
    34          35      0.000818813              1       0.000898  
    35          36      0.000747584              1       0.000904  
    36          37      0.000688509              1       0.000785  
    37          38      0.000638674              1        0.00074  
    38          39      0.000594631              1       0.000676  
    39          40      0.000554761              1        0.00059  
                                                        First-order 
 Iteration  Func-count       f(x)        Step-size       optimality
    40          41      0.000514472              1       0.000589  
    41          42      0.000473818              1       0.000686  
    42          43      0.000435691              1       0.000676  
    43          44      0.000402608              1        0.00072  
    44          45      0.000373997              1       0.000759  
    45          46      0.000349236              1        0.00071  
    46          47      0.000326702              1       0.000579  
    47          48      0.000306993              1        0.00064  
    48          49      0.000289749              1       0.000506  
    49          50      0.000275603              1         0.0004  
    50          51      0.000263806              1       0.000333  
    51          52      0.000253436              1       0.000461  
    52          53      0.000243456              1       0.000406  
    53          54      0.000233768              1       0.000544  
    54          55      0.000224178              1       0.000378  
    55          56      0.000214414              1       0.000351  
    56          57      0.000204078              1       0.000342  
    57          58      0.000193653              1        0.00031  
    58          59      0.000183754              1       0.000329  
    59          60      0.000174938              1        0.00031  
                                                        First-order 
 Iteration  Func-count       f(x)        Step-size       optimality
    60          61      0.000166082              1       0.000262  
    61          62       0.00015732              1       0.000204  
    62          63      0.000149581              1       0.000228  
    63          64      0.000142586              1       0.000286  
    64          65      0.000135973              1         0.0002  
    65          66      0.000129869              1       0.000254  
    66          67      0.000124413              1       0.000273  
    67          68      0.000119321              1        0.00027  
    68          69      0.000114626              1       0.000235  
    69          70      0.000110167              1       0.000206  
    70          71      0.000105983              1       0.000207  
    71          72      0.000102002              1       0.000193  
    72          73      9.82555e-05              1       0.000196  
    73          74      9.46619e-05              1       0.000167  
    74          75      9.13198e-05              1       0.000127  
    75          76      8.82418e-05              1       0.000164  
    76          77      8.54747e-05              1       0.000149  
    77          78      8.27358e-05              1        0.00017  
    78          79      7.98817e-05              1       0.000173  
    79          80      7.68145e-05              1        0.00015  
                                                        First-order 
 Iteration  Func-count       f(x)        Step-size       optimality
    80          81      7.39929e-05              1        0.00014  
    81          82      7.13382e-05              1        0.00012  
    82          83      6.90038e-05              1       0.000107  
    83          84      6.67597e-05              1       0.000111  
    84          85      6.44804e-05              1       0.000109  
    85          86      6.21275e-05              1       0.000128  
    86          87      5.98664e-05              1        0.00011  
    87          88      5.78319e-05              1       0.000101  
    88          89      5.60176e-05              1       0.000101  
    89          90      5.43535e-05              1       9.64e-05  
    90          91      5.27288e-05              1       9.86e-05  
    91          92       5.1132e-05              1       0.000105  
    92          93       4.9553e-05              1       0.000116  
    93          94      4.80549e-05              1       0.000126  
    94          95      4.65735e-05              1        0.00013  
    95          96      4.51183e-05              1        0.00013  
    96          97      4.36902e-05              1       0.000119  
    97          98      4.23973e-05              1       0.000109  
    98          99      4.12232e-05              1       9.38e-05  
    99         100       4.0148e-05              1       8.23e-05  
                                                        First-order 
 Iteration  Func-count       f(x)        Step-size       optimality
   100         101      3.91116e-05              1       8.34e-05  
   101         102      3.81608e-05              1       7.01e-05  
   102         103      3.73086e-05              1       5.93e-05  
   103         104      3.65579e-05              1       5.91e-05  
   104         105      3.58871e-05              1       7.06e-05  
   105         106      3.53166e-05              1       6.07e-05  
   106         107       3.4845e-05              1       4.52e-05  
   107         108      3.44435e-05              1        4.3e-05  
   108         109       3.4058e-05              1       4.86e-05  
   109         110      3.36733e-05              1        4.6e-05  
   110         111      3.32974e-05              1       5.08e-05  
   111         112      3.29438e-05              1          5e-05  
   112         113      3.26059e-05              1       4.35e-05  
   113         114      3.22801e-05              1       4.25e-05  
   114         115      3.19692e-05              1       4.65e-05  
   115         116      3.16808e-05              1       4.01e-05  
   116         117      3.14061e-05              1       3.85e-05  
   117         118      3.11351e-05              1       4.17e-05  
   118         119      3.08633e-05              1       4.14e-05  
   119         120      3.05991e-05              1       4.54e-05  
                                                        First-order 
 Iteration  Func-count       f(x)        Step-size       optimality
   120         121       3.0342e-05              1          5e-05  
   121         122      3.00892e-05              1       5.55e-05  
   122         123      2.98327e-05              1       5.83e-05  
   123         124      2.95785e-05              1       5.92e-05  
   124         125      2.93273e-05              1        5.7e-05  
   125         126      2.90826e-05              1       5.39e-05  
   126         127      2.88438e-05              1       5.06e-05  
   127         128      2.86176e-05              1       4.92e-05  
   128         129      2.84072e-05              1       4.92e-05  
   129         130      2.82129e-05              1       5.03e-05  
   130         131      2.80296e-05              1       4.97e-05  
   131         132      2.78535e-05              1       4.71e-05  
   132         133      2.76822e-05              1       4.02e-05  
   133         134      2.75143e-05              1       3.26e-05  
   134         135      2.73507e-05              1       3.36e-05  
   135         136      2.71928e-05              1       2.85e-05  
   136         137      2.70434e-05              1       2.58e-05  
   137         138      2.69032e-05              1       2.92e-05  
   138         139      2.67758e-05              1       3.08e-05  
   139         140      2.66638e-05              1       2.55e-05  
                                                        First-order 
 Iteration  Func-count       f(x)        Step-size       optimality
   140         141      2.65699e-05              1       2.35e-05  
   141         142      2.64882e-05              1       2.44e-05  
   142         143      2.64137e-05              1       2.28e-05  
   143         144      2.63417e-05              1       1.96e-05  
   144         145      2.62754e-05              1       1.75e-05  
   145         146      2.62167e-05              1       1.69e-05  
   146         147      2.61656e-05              1       1.72e-05  
   147         148      2.61188e-05              1       1.77e-05  
   148         149      2.60745e-05              1       1.91e-05  
   149         150      2.60315e-05              1       2.02e-05  
   150         151      2.59899e-05              1       2.06e-05  
   151         152      2.59485e-05              1       2.02e-05  
   152         153      2.59062e-05              1       1.82e-05  
   153         154      2.58627e-05              1       1.58e-05  
   154         155      2.58188e-05              1       1.88e-05  
   155         156      2.57745e-05              1       2.08e-05  
   156         157      2.57291e-05              1       1.86e-05  
   157         158      2.56813e-05              1       1.65e-05  
   158         159      2.56312e-05              1       1.71e-05  
   159         160      2.55801e-05              1       1.73e-05  
                                                        First-order 
 Iteration  Func-count       f(x)        Step-size       optimality
   160         161      2.55299e-05              1       1.78e-05  
   161         162      2.54818e-05              1       1.61e-05  
   162         163      2.54364e-05              1       1.51e-05  
   163         164       2.5393e-05              1       1.62e-05  
   164         165      2.53497e-05              1       1.81e-05  
   165         166      2.53047e-05              1       1.63e-05  
   166         167      2.52579e-05              1       1.75e-05  
   167         168      2.52112e-05              1       1.56e-05  
   168         169      2.51664e-05              1       1.45e-05  
   169         170      2.51244e-05              1       1.69e-05  
   170         171      2.50849e-05              1       1.57e-05  
   171         172      2.50478e-05              1       1.87e-05  
   172         173      2.50132e-05              1       1.74e-05  
   173         174      2.49805e-05              1       1.48e-05  
   174         175      2.49495e-05              1       1.31e-05  
   175         176       2.4921e-05              1       1.34e-05  
   176         177      2.48956e-05              1       1.21e-05  
   177         178      2.48727e-05              1       1.16e-05  
   178         179      2.48507e-05              1       1.07e-05  
   179         180      2.48282e-05              1       1.06e-05  
                                                        First-order 
 Iteration  Func-count       f(x)        Step-size       optimality
   180         181      2.48051e-05              1       1.11e-05  
   181         182      2.47821e-05              1       1.11e-05  
   182         183      2.47593e-05              1       1.13e-05  
   183         184      2.47369e-05              1       1.17e-05  
   184         185      2.47152e-05              1       1.11e-05  
   185         186      2.46946e-05              1       1.13e-05  
   186         187      2.46748e-05              1       9.98e-06  
   187         188      2.46547e-05              1       1.04e-05  
   188         189      2.46335e-05              1       1.07e-05  
   189         190      2.46112e-05              1       1.12e-05  
   190         191      2.45887e-05              1       1.21e-05  
   191         192       2.4567e-05              1       1.06e-05  
   192         193      2.45463e-05              1       1.17e-05  
   193         194      2.45257e-05              1       1.16e-05  
   194         195      2.45044e-05              1       1.15e-05  
   195         196      2.44822e-05              1       1.08e-05  
   196         197      2.44597e-05              1       1.38e-05  
   197         198      2.44374e-05              1        1.4e-05  
   198         199      2.44157e-05              1       1.08e-05  
   199         200       2.4394e-05              1       1.14e-05  
                                                        First-order 
 Iteration  Func-count       f(x)        Step-size       optimality
   200         201      2.43724e-05              1       1.18e-05  
   201         202      2.43511e-05              1       1.01e-05  
   202         203      2.43314e-05              1       9.64e-06  
   203         204      2.43138e-05              1       1.04e-05  
   204         205      2.42979e-05              1       9.72e-06  
   205         206      2.42819e-05              1       9.64e-06  
   206         207      2.42641e-05              1       1.16e-05  
   207         208       2.4244e-05              1       1.16e-05  
   208         209       2.4223e-05              1       1.05e-05  
   209         210      2.42033e-05              1       9.43e-06  
   210         211      2.41857e-05              1       1.01e-05  
   211         212      2.41692e-05              1       1.14e-05  
   212         213      2.41527e-05              1          9e-06  
   213         214      2.41357e-05              1       9.45e-06  
   214         215      2.41188e-05              1       9.91e-06  
   215         216      2.41014e-05              1       9.48e-06  
   216         217      2.40837e-05              1       8.73e-06  
   217         218      2.40656e-05              1       9.67e-06  
   218         219      2.40485e-05              1       9.85e-06  
   219         220      2.40324e-05              1       1.08e-05  
                                                        First-order 
 Iteration  Func-count       f(x)        Step-size       optimality
   220         221      2.40172e-05              1       9.03e-06  
   221         222      2.40021e-05              1       8.08e-06  
   222         223      2.39873e-05              1       9.49e-06  
   223         224      2.39725e-05              1       9.48e-06  
   224         225      2.39579e-05              1       1.04e-05  
   225         226      2.39434e-05              1       9.01e-06  
   226         227      2.39295e-05              1       9.58e-06  
   227         228      2.39165e-05              1       1.01e-05  
   228         229      2.39044e-05              1          1e-05  
   229         230      2.38924e-05              1        9.9e-06  
   230         231      2.38801e-05              1       9.39e-06  
   231         232      2.38677e-05              1       8.88e-06  
   232         233      2.38554e-05              1       7.95e-06  
   233         234      2.38431e-05              1       8.19e-06  
   234         235      2.38306e-05              1       7.72e-06  
   235         236      2.38181e-05              1       7.98e-06  
   236         237      2.38061e-05              1       8.35e-06  
   237         238      2.37949e-05              1       7.24e-06  
   238         239      2.37842e-05              1       7.57e-06  
   239         240      2.37735e-05              1        7.5e-06  
                                                        First-order 
 Iteration  Func-count       f(x)        Step-size       optimality
   240         241      2.37625e-05              1       7.72e-06  
   241         242       2.3751e-05              1       7.28e-06  
   242         243      2.37391e-05              1        8.5e-06  
   243         244      2.37267e-05              1       9.22e-06  
   244         245      2.37139e-05              1       9.37e-06  
   245         246      2.37008e-05              1       9.48e-06  
   246         247      2.36878e-05              1       9.08e-06  
   247         248      2.36751e-05              1       1.04e-05  
   248         249       2.3663e-05              1       8.79e-06  
   249         250      2.36514e-05              1       8.47e-06  
   250         251      2.36404e-05              1       9.18e-06  
   251         252      2.36298e-05              1       8.43e-06  
   252         253      2.36197e-05              1       8.36e-06  
   253         254      2.36098e-05              1       9.15e-06  
   254         255      2.36001e-05              1       7.54e-06  
   255         256      2.35908e-05              1       7.98e-06  
   256         257      2.35819e-05              1       6.83e-06  
   257         258      2.35732e-05              1       6.53e-06  
   258         259      2.35646e-05              1       6.26e-06  
   259         260       2.3556e-05              1          7e-06  
                                                        First-order 
 Iteration  Func-count       f(x)        Step-size       optimality
   260         261      2.35475e-05              1       7.08e-06  
   261         262      2.35394e-05              1       6.68e-06  
   262         263      2.35316e-05              1       6.64e-06  
   263         264      2.35241e-05              1       6.98e-06  
   264         265      2.35164e-05              1       6.54e-06  
   265         266      2.35082e-05              1       7.99e-06  
   266         267      2.34997e-05              1       7.16e-06  
   267         268      2.34914e-05              1       6.84e-06  
   268         269       2.3484e-05              1        6.8e-06  
   269         270      2.34775e-05              1       5.87e-06  
   270         271      2.34714e-05              1       6.58e-06  
   271         272      2.34651e-05              1       5.66e-06  
   272         273      2.34584e-05              1       7.03e-06  
   273         274      2.34517e-05              1       6.58e-06  
   274         275      2.34451e-05              1       6.04e-06  
   275         276      2.34388e-05              1       5.19e-06  
   276         277      2.34327e-05              1       6.13e-06  
   277         278      2.34269e-05              1       5.82e-06  
   278         279      2.34214e-05              1       5.19e-06  
   279         280      2.34161e-05              1       5.28e-06  
                                                        First-order 
 Iteration  Func-count       f(x)        Step-size       optimality
   280         281       2.3411e-05              1       5.65e-06  
   281         282      2.34061e-05              1       4.97e-06  
   282         283      2.34016e-05              1       4.69e-06  
   283         284      2.33976e-05              1       5.17e-06  
   284         285       2.3394e-05              1       4.49e-06  
   285         286      2.33904e-05              1       4.11e-06  
   286         287      2.33868e-05              1       4.41e-06  
   287         288      2.33833e-05              1       4.14e-06  
   288         289      2.33797e-05              1       4.39e-06  
   289         290       2.3376e-05              1       4.48e-06  
   290         291      2.33722e-05              1       4.68e-06  
   291         292      2.33686e-05              1       4.25e-06  
   292         293      2.33649e-05              1       4.17e-06  
   293         294      2.33613e-05              1       4.54e-06  
   294         295      2.33576e-05              1       4.32e-06  
   295         296       2.3354e-05              1       4.38e-06  
   296         297      2.33507e-05              1       4.65e-06  
   297         298      2.33475e-05              1       4.13e-06  
   298         299      2.33443e-05              1       5.19e-06  
   299         300       2.3341e-05              1       5.64e-06  
                                                        First-order 
 Iteration  Func-count       f(x)        Step-size       optimality
   300         301      2.33376e-05              1       3.99e-06  
   301         302      2.33346e-05              1       3.47e-06  
   302         303      2.33318e-05              1       3.69e-06  
   303         304       2.3329e-05              1       4.67e-06  
   304         305      2.33261e-05              1       5.48e-06  
   305         306      2.33231e-05              1       4.41e-06  
   306         307      2.33203e-05              1       3.85e-06  
   307         308      2.33177e-05              1       3.79e-06  
   308         309      2.33151e-05              1        3.8e-06  
   309         310      2.33122e-05              1       3.97e-06  
   310         311      2.33093e-05              1       4.35e-06  
   311         312      2.33066e-05              1       3.87e-06  
   312         313       2.3304e-05              1       4.33e-06  
   313         314      2.33016e-05              1       4.31e-06  
   314         315      2.32991e-05              1       3.46e-06  
   315         316      2.32967e-05              1       3.55e-06  
   316         317      2.32944e-05              1       3.41e-06  
   317         318      2.32921e-05              1       3.89e-06  
   318         319      2.32899e-05              1        3.7e-06  
   319         320      2.32877e-05              1       4.44e-06  
                                                        First-order 
 Iteration  Func-count       f(x)        Step-size       optimality
   320         321      2.32856e-05              1       3.78e-06  
   321         322      2.32836e-05              1       3.31e-06  
   322         323      2.32817e-05              1       2.75e-06  
   323         324        2.328e-05              1       3.36e-06  
   324         325      2.32783e-05              1       3.14e-06  
   325         326      2.32766e-05              1       2.93e-06  
   326         327       2.3275e-05              1       3.13e-06  
   327         328      2.32733e-05              1       3.42e-06  
   328         329      2.32718e-05              1       2.93e-06  
   329         330      2.32704e-05              1       2.86e-06  
   330         331       2.3269e-05              1       2.38e-06  
   331         332      2.32677e-05              1       2.37e-06  
   332         333      2.32664e-05              1        2.6e-06  
   333         334      2.32651e-05              1       3.24e-06  
   334         335      2.32638e-05              1       3.21e-06  
   335         336      2.32624e-05              1       3.17e-06  
   336         337       2.3261e-05              1       3.29e-06  
   337         338      2.32595e-05              1       3.73e-06  
   338         339      2.32582e-05              1          3e-06  
   339         340       2.3257e-05              1        2.4e-06  
                                                        First-order 
 Iteration  Func-count       f(x)        Step-size       optimality
   340         341      2.32558e-05              1       2.41e-06  
   341         342      2.32546e-05              1       2.44e-06  
   342         343      2.32534e-05              1       2.66e-06  
   343         344      2.32521e-05              1       2.67e-06  
   344         345      2.32509e-05              1       2.84e-06  
   345         346      2.32496e-05              1        2.7e-06  
   346         347      2.32484e-05              1       2.74e-06  
   347         348      2.32472e-05              1       3.05e-06  
   348         349       2.3246e-05              1       2.77e-06  
   349         350      2.32448e-05              1       2.55e-06  
   350         351      2.32437e-05              1       2.55e-06  
   351         352      2.32426e-05              1       2.42e-06  
   352         353      2.32416e-05              1       2.16e-06  
   353         354      2.32407e-05              1       1.88e-06  
   354         355      2.32399e-05              1       2.26e-06  
   355         356      2.32391e-05              1       2.28e-06  
   356         357      2.32383e-05              1       2.33e-06  
   357         358      2.32375e-05              1       2.51e-06  
   358         359      2.32367e-05              1       2.04e-06  
   359         360      2.32359e-05              1       2.27e-06  
                                                        First-order 
 Iteration  Func-count       f(x)        Step-size       optimality
   360         361      2.32351e-05              1       1.98e-06  
   361         362      2.32344e-05              1        2.8e-06  
   362         363      2.32335e-05              1       2.84e-06  
   363         364      2.32327e-05              1       2.35e-06  
   364         365      2.32319e-05              1       2.36e-06  
   365         366      2.32311e-05              1       2.35e-06  
   366         367      2.32303e-05              1       2.45e-06  
   367         368      2.32295e-05              1       1.91e-06  
   368         369      2.32287e-05              1       2.26e-06  
   369         370      2.32279e-05              1       2.36e-06  
   370         371       2.3227e-05              1       2.27e-06  
   371         372      2.32262e-05              1        2.4e-06  
   372         373      2.32254e-05              1        2.4e-06  
   373         374      2.32246e-05              1       1.92e-06  
   374         375      2.32239e-05              1       2.51e-06  
   375         376      2.32231e-05              1       2.42e-06  
   376         377      2.32223e-05              1       1.99e-06  
   377         378      2.32214e-05              1          2e-06  
   378         379      2.32205e-05              1       2.23e-06  
   379         380      2.32196e-05              1       2.52e-06  
                                                        First-order 
 Iteration  Func-count       f(x)        Step-size       optimality
   380         381      2.32187e-05              1       2.73e-06  
   381         382      2.32178e-05              1       2.91e-06  
   382         383      2.32168e-05              1       2.85e-06  
   383         384      2.32158e-05              1       3.02e-06  
   384         385      2.32148e-05              1       2.53e-06  
   385         386      2.32138e-05              1       2.57e-06  
   386         387      2.32128e-05              1       2.32e-06  
   387         388      2.32117e-05              1       3.25e-06  
   388         389      2.32106e-05              1       3.79e-06  
   389         390      2.32093e-05              1       2.78e-06  
   390         391      2.32079e-05              1       2.84e-06  
   391         392      2.32064e-05              1       2.92e-06  
   392         393      2.32047e-05              1       3.58e-06  
   393         394      2.32028e-05              1        3.8e-06  
   394         395      2.32007e-05              1       3.23e-06  
   395         396      2.31985e-05              1       3.67e-06  
   396         397      2.31961e-05              1       4.53e-06  
   397         398       2.3194e-05              1       4.22e-06  
   398         399      2.31918e-05              1          4e-06  
   399         400      2.31898e-05              1       3.05e-06  
                                                        First-order 
 Iteration  Func-count       f(x)        Step-size       optimality
   400         401      2.31877e-05              1       3.91e-06  
   401         402      2.31859e-05              1       4.46e-06  
   402         403      2.31839e-05              1       3.69e-06  
   403         404      2.31819e-05              1       3.64e-06  
   404         405      2.31796e-05              1       3.94e-06  
   405         406      2.31772e-05              1       3.98e-06  
   406         407      2.31747e-05              1       3.85e-06  
   407         408      2.31724e-05              1       3.65e-06  
   408         409      2.31701e-05              1       4.08e-06  
   409         410      2.31677e-05              1       4.63e-06  
   410         411       2.3165e-05              1       3.92e-06  
   411         412      2.31623e-05              1       4.17e-06  
   412         413      2.31594e-05              1       4.12e-06  
   413         414      2.31566e-05              1        4.6e-06  
   414         415      2.31539e-05              1       4.33e-06  
   415         416      2.31513e-05              1       4.74e-06  
   416         417      2.31488e-05              1       3.35e-06  
   417         418      2.31466e-05              1        3.2e-06  
   418         419      2.31447e-05              1        2.9e-06  
   419         420       2.3143e-05              1       3.15e-06  
                                                        First-order 
 Iteration  Func-count       f(x)        Step-size       optimality
   420         421      2.31412e-05              1       3.43e-06  
   421         422      2.31395e-05              1       3.18e-06  
   422         423      2.31378e-05              1       3.16e-06  
   423         424      2.31362e-05              1       2.92e-06  
   424         425      2.31346e-05              1       2.67e-06  
   425         426      2.31331e-05              1       2.57e-06  
   426         427      2.31317e-05              1       2.58e-06  
   427         428      2.31303e-05              1       2.78e-06  
   428         429      2.31288e-05              1       3.04e-06  
   429         430      2.31272e-05              1       3.79e-06  
   430         431      2.31254e-05              1       3.34e-06  
   431         432      2.31237e-05              1       2.92e-06  
   432         433      2.31221e-05              1          3e-06  
   433         434      2.31206e-05              1       2.94e-06  
   434         435      2.31193e-05              1       3.66e-06  
   435         436       2.3118e-05              1       3.57e-06  
   436         437      2.31167e-05              1       3.49e-06  
   437         438      2.31155e-05              1       3.04e-06  
   438         439      2.31142e-05              1        2.9e-06  
   439         440       2.3113e-05              1       2.61e-06  
                                                        First-order 
 Iteration  Func-count       f(x)        Step-size       optimality
   440         441      2.31118e-05              1        2.8e-06  
   441         442      2.31106e-05              1       3.28e-06  
   442         443      2.31095e-05              1       3.01e-06  
   443         444      2.31084e-05              1       2.62e-06  
   444         445      2.31073e-05              1       2.18e-06  
   445         446      2.31062e-05              1       2.56e-06  
   446         447      2.31052e-05              1       2.67e-06  
   447         448      2.31042e-05              1       2.33e-06  
   448         449      2.31033e-05              1       2.29e-06  
   449         450      2.31024e-05              1       2.27e-06  
   450         451      2.31014e-05              1       2.54e-06  
   451         452      2.31004e-05              1       2.26e-06  
   452         453      2.30995e-05              1       2.11e-06  
   453         454      2.30985e-05              1       2.01e-06  
   454         455      2.30977e-05              1       2.26e-06  
   455         456      2.30968e-05              1       2.26e-06  
   456         457      2.30959e-05              1       2.37e-06  
   457         458      2.30951e-05              1       2.08e-06  
   458         459      2.30942e-05              1       2.39e-06  
   459         460      2.30934e-05              1       1.98e-06  
                                                        First-order 
 Iteration  Func-count       f(x)        Step-size       optimality
   460         461      2.30925e-05              1       2.01e-06  
   461         462      2.30916e-05              1        2.5e-06  
   462         463      2.30908e-05              1       2.21e-06  
   463         464        2.309e-05              1       2.15e-06  
   464         465      2.30892e-05              1       2.23e-06  
   465         466      2.30884e-05              1       2.23e-06  
   466         467      2.30877e-05              1       2.21e-06  
   467         468       2.3087e-05              1       1.89e-06  
   468         469      2.30863e-05              1       1.84e-06  
   469         470      2.30856e-05              1       1.95e-06  
   470         471       2.3085e-05              1        1.7e-06  
   471         472      2.30843e-05              1       1.77e-06  
   472         473      2.30837e-05              1       1.84e-06  
   473         474      2.30831e-05              1       2.01e-06  
   474         475      2.30824e-05              1       2.02e-06  
   475         476      2.30817e-05              1       2.14e-06  
   476         477       2.3081e-05              1        2.3e-06  
   477         478      2.30803e-05              1       1.92e-06  
   478         479      2.30795e-05              1       2.27e-06  
   479         480      2.30786e-05              1       2.27e-06  
                                                        First-order 
 Iteration  Func-count       f(x)        Step-size       optimality
   480         481      2.30778e-05              1       2.58e-06  
   481         482      2.30769e-05              1       2.46e-06  
   482         483      2.30759e-05              1       2.44e-06  
   483         484      2.30749e-05              1       2.31e-06  
   484         485      2.30738e-05              1       2.59e-06  
   485         486      2.30728e-05              1       2.15e-06  
   486         487      2.30717e-05              1       2.53e-06  
   487         488      2.30707e-05              1       2.39e-06  
   488         489      2.30695e-05              1       2.53e-06  
   489         490      2.30682e-05              1       3.01e-06  
   490         491      2.30669e-05              1       3.36e-06  
   491         492      2.30655e-05              1       3.49e-06  
   492         493      2.30639e-05              1       3.42e-06  
   493         494      2.30624e-05              1        3.6e-06  
   494         495      2.30609e-05              1       4.27e-06  
   495         496      2.30592e-05              1       3.26e-06  
   496         497      2.30575e-05              1       3.25e-06  
   497         498      2.30557e-05              1       3.26e-06  
   498         499       2.3054e-05              1       3.99e-06  
   499         500       2.3052e-05              1       4.35e-06  
                                                        First-order 
 Iteration  Func-count       f(x)        Step-size       optimality
   500         501      2.30498e-05              1       4.75e-06  
   501         502      2.30473e-05              1       5.33e-06  
   502         503      2.30447e-05              1       4.71e-06  
   503         504      2.30423e-05              1       4.34e-06  
   504         505      2.30399e-05              1       3.88e-06  
   505         506      2.30373e-05              1       3.55e-06  
   506         507      2.30343e-05              1       3.49e-06  
   507         508      2.30321e-05              1       3.53e-06  
   508         509      2.30294e-05              1       4.54e-06  
   509         510      2.30269e-05              1       4.36e-06  
   510         511      2.30243e-05              1       3.43e-06  
   511         512      2.30216e-05              1       3.77e-06  
   512         513       2.3019e-05              1       3.68e-06  
   513         514      2.30164e-05              1       4.18e-06  
   514         515       2.3014e-05              1       4.25e-06  
   515         516      2.30116e-05              1       4.27e-06  
   516         517       2.3009e-05              1       4.28e-06  
   517         518      2.30064e-05              1       4.83e-06  
   518         519      2.30039e-05              1       4.95e-06  
   519         520      2.30016e-05              1        4.6e-06  
                                                        First-order 
 Iteration  Func-count       f(x)        Step-size       optimality
   520         521      2.29995e-05              1       4.29e-06  
   521         522      2.29973e-05              1       4.17e-06  
   522         523      2.29946e-05              1       3.54e-06  
   523         524      2.29928e-05              1       3.76e-06  
   524         525      2.29903e-05              1       3.93e-06  
   525         526       2.2988e-05              1       3.52e-06  
   526         527      2.29855e-05              1       3.94e-06  
   527         528       2.2983e-05              1        4.1e-06  
   528         529      2.29807e-05              1        3.9e-06  
   529         530      2.29786e-05              1       3.62e-06  
   530         531      2.29768e-05              1       3.58e-06  
   531         532       2.2975e-05              1       3.48e-06  
   532         533       2.2973e-05              1       3.51e-06  
   533         534      2.29708e-05              1       3.78e-06  
   534         535      2.29685e-05              1       3.25e-06  
   535         536      2.29664e-05              1       3.29e-06  
   536         537      2.29644e-05              1       2.84e-06  
   537         538      2.29625e-05              1       2.78e-06  
   538         539      2.29607e-05              1       2.82e-06  
   539         540      2.29589e-05              1       3.17e-06  
                                                        First-order 
 Iteration  Func-count       f(x)        Step-size       optimality
   540         541      2.29571e-05              1       3.06e-06  
   541         542      2.29555e-05              1       3.24e-06  
   542         543       2.2954e-05              1       3.45e-06  
   543         544      2.29525e-05              1       3.24e-06  
   544         545       2.2951e-05              1       3.08e-06  
   545         546      2.29495e-05              1       2.81e-06  
   546         547      2.29479e-05              1       3.11e-06  
   547         548      2.29464e-05              1       3.11e-06  
   548         549      2.29448e-05              1       2.73e-06  
   549         550      2.29433e-05              1       3.06e-06  
   550         551      2.29419e-05              1       3.11e-06  
   551         552      2.29405e-05              1       2.83e-06  
   552         553      2.29392e-05              1       2.89e-06  
   553         554       2.2938e-05              1       2.48e-06  
   554         555      2.29368e-05              1       2.12e-06  
   555         556      2.29356e-05              1       2.42e-06  
   556         557      2.29344e-05              1       3.12e-06  
   557         558      2.29332e-05              1       3.18e-06  
   558         559      2.29318e-05              1       3.37e-06  
   559         560      2.29303e-05              1       3.31e-06  
                                                        First-order 
 Iteration  Func-count       f(x)        Step-size       optimality
   560         561      2.29286e-05              1       2.95e-06  
   561         562      2.29268e-05              1       3.33e-06  
   562         563      2.29249e-05              1        3.5e-06  
   563         564       2.2923e-05              1       3.18e-06  
   564         565       2.2921e-05              1       3.08e-06  
   565         566       2.2919e-05              1       3.16e-06  
   566         567      2.29173e-05              1       3.15e-06  
   567         568      2.29155e-05              1       3.34e-06  
   568         569      2.29138e-05              1       3.63e-06  
   569         570      2.29119e-05              1       3.88e-06  
   570         571        2.291e-05              1        4.2e-06  
   571         572       2.2908e-05              1       4.15e-06  
   572         573       2.2906e-05              1       4.43e-06  
   573         574      2.29039e-05              1       4.04e-06  
   574         575      2.29017e-05              1        4.4e-06  
   575         576      2.28992e-05              1       4.28e-06  
   576         577      2.28967e-05              1       4.77e-06  
   577         578      2.28939e-05              1       4.96e-06  
   578         579       2.2891e-05              1       5.39e-06  
   579         580      2.28881e-05              1       5.41e-06  
                                                        First-order 
 Iteration  Func-count       f(x)        Step-size       optimality
   580         581      2.28852e-05              1       5.46e-06  
   581         582      2.28825e-05              1       5.25e-06  
   582         583      2.28798e-05              1       5.23e-06  
   583         584       2.2877e-05              1       5.23e-06  
   584         585      2.28743e-05              1       5.47e-06  
   585         586      2.28716e-05              1       5.77e-06  
   586         587      2.28689e-05              1       6.03e-06  
   587         588      2.28662e-05              1       6.21e-06  
   588         589      2.28636e-05              1       6.02e-06  
   589         590      2.28609e-05              1       5.91e-06  
   590         591      2.28582e-05              1        5.2e-06  
   591         592      2.28552e-05              1       5.41e-06  
   592         593      2.28521e-05              1       5.46e-06  
   593         594      2.28493e-05              1       5.77e-06  
   594         595      2.28465e-05              1       4.46e-06  
   595         596      2.28436e-05              1       4.45e-06  
   596         597      2.28405e-05              1       5.38e-06  
   597         598      2.28381e-05              1       4.58e-06  
   598         599      2.28353e-05              1       4.91e-06  
   599         600      2.28324e-05              1       4.48e-06  
                                                        First-order 
 Iteration  Func-count       f(x)        Step-size       optimality
   600         601      2.28292e-05              1       5.09e-06  
   601         602      2.28258e-05              1       4.65e-06  
   602         603      2.28223e-05              1       3.93e-06  
   603         604      2.28191e-05              1       3.38e-06  
   604         605      2.28162e-05              1       3.95e-06  
   605         606      2.28138e-05              1       3.85e-06  
   606         607      2.28116e-05              1       3.86e-06  
   607         608      2.28095e-05              1       3.86e-06  
   608         609      2.28074e-05              1       3.67e-06  
   609         610      2.28054e-05              1       3.69e-06  
   610         611      2.28032e-05              1       3.74e-06  
   611         612       2.2801e-05              1       4.34e-06  
   612         613      2.27988e-05              1       3.43e-06  
   613         614      2.27965e-05              1       3.65e-06  
   614         615      2.27943e-05              1        3.3e-06  
   615         616      2.27922e-05              1       3.01e-06  
   616         617        2.279e-05              1       3.56e-06  
   617         618      2.27878e-05              1       4.05e-06  
   618         619      2.27855e-05              1       3.74e-06  
   619         620       2.2783e-05              1       3.69e-06  
                                                        First-order 
 Iteration  Func-count       f(x)        Step-size       optimality
   620         621      2.27805e-05              1       3.92e-06  
   621         622      2.27782e-05              1       3.68e-06  
   622         623      2.27763e-05              1       3.05e-06  
   623         624      2.27747e-05              1        3.2e-06  
   624         625       2.2773e-05              1       3.17e-06  
   625         626      2.27714e-05              1       2.99e-06  
   626         627      2.27696e-05              1       3.55e-06  
   627         628      2.27679e-05              1       3.28e-06  
   628         629      2.27664e-05              1        3.1e-06  
   629         630       2.2765e-05              1       2.88e-06  
   630         631      2.27638e-05              1       3.04e-06  
   631         632      2.27627e-05              1        2.4e-06  
   632         633      2.27617e-05              1       2.17e-06  
   633         634      2.27608e-05              1       2.32e-06  
   634         635      2.27601e-05              1       2.33e-06  
   635         636      2.27594e-05              1        2.5e-06  
   636         637      2.27587e-05              1       2.45e-06  
   637         638       2.2758e-05              1       2.37e-06  
   638         639      2.27573e-05              1       2.19e-06  
   639         640      2.27565e-05              1       2.12e-06  
                                                        First-order 
 Iteration  Func-count       f(x)        Step-size       optimality
   640         641      2.27558e-05              1       2.05e-06  
   641         642      2.27551e-05              1       2.03e-06  
   642         643      2.27545e-05              1       2.26e-06  
   643         644      2.27539e-05              1        2.3e-06  
   644         645      2.27533e-05              1       1.91e-06  
   645         646      2.27528e-05              1       2.18e-06  
   646         647      2.27522e-05              1       2.05e-06  
   647         648      2.27517e-05              1       1.78e-06  
   648         649      2.27513e-05              1        1.7e-06  
   649         650      2.27508e-05              1       1.78e-06  
   650         651      2.27503e-05              1       1.94e-06  
   651         652      2.27498e-05              1        1.9e-06  
   652         653      2.27494e-05              1       1.45e-06  
   653         654       2.2749e-05              1       1.63e-06  
   654         655      2.27486e-05              1       2.03e-06  
   655         656      2.27482e-05              1       2.13e-06  
   656         657      2.27478e-05              1       1.67e-06  
   657         658      2.27474e-05              1       1.52e-06  
   658         659       2.2747e-05              1       1.59e-06  
   659         660      2.27467e-05              1       1.58e-06  
                                                        First-order 
 Iteration  Func-count       f(x)        Step-size       optimality
   660         661      2.27463e-05              1       1.81e-06  
   661         662       2.2746e-05              1       1.58e-06  
   662         663      2.27456e-05              1       1.67e-06  
   663         664      2.27453e-05              1       1.83e-06  
   664         665      2.27451e-05              1       1.55e-06  
   665         666      2.27448e-05              1       1.65e-06  
   666         667      2.27445e-05              1       1.34e-06  
   667         668      2.27443e-05              1       1.21e-06  
   668         669       2.2744e-05              1       1.28e-06  
   669         670      2.27438e-05              1       1.36e-06  
   670         671      2.27436e-05              1       1.48e-06  
   671         672      2.27434e-05              1       1.01e-06  
   672         673      2.27432e-05              1       1.13e-06  
   673         674       2.2743e-05              1       1.08e-06  
   674         675      2.27428e-05              1       9.84e-07  
   675         676      2.27426e-05              1          1e-06  
   676         677      2.27425e-05              1       8.39e-07  
   677         678      2.27423e-05              1       1.06e-06  
   678         679      2.27422e-05              1       1.11e-06  
   679         680       2.2742e-05              1       9.13e-07  
                                                        First-order 
 Iteration  Func-count       f(x)        Step-size       optimality
   680         681      2.27419e-05              1       8.68e-07  
   681         682      2.27417e-05              1        8.9e-07  
   682         683      2.27416e-05              1       8.19e-07  
   683         684      2.27415e-05              1       9.88e-07  
   684         685      2.27414e-05              1       1.08e-06  
   685         686      2.27412e-05              1       8.17e-07  
   686         687      2.27411e-05              1       9.06e-07  
   687         688       2.2741e-05              1       8.72e-07  
   688         689      2.27409e-05              1       8.79e-07  
   689         690      2.27408e-05              1       9.15e-07  
   690         691      2.27407e-05              1       8.77e-07  
   691         692      2.27406e-05              1       8.59e-07  
   692         693      2.27405e-05              1       7.29e-07  
   693         694      2.27404e-05              1       7.22e-07  
   694         695      2.27403e-05              1       6.47e-07  
   695         696      2.27402e-05              1       7.19e-07  
   696         697      2.27401e-05              1       7.45e-07  
   697         698        2.274e-05              1       8.08e-07  
   698         699      2.27399e-05              1          8e-07  
   699         700      2.27398e-05              1       8.47e-07  
                                                        First-order 
 Iteration  Func-count       f(x)        Step-size       optimality
   700         701      2.27397e-05              1       6.89e-07  
   701         702      2.27396e-05              1       6.44e-07  
   702         703      2.27396e-05              1       7.56e-07  
   703         704      2.27395e-05              1       6.77e-07  
   704         705      2.27394e-05              1       9.04e-07  
   705         706      2.27393e-05              1        9.2e-07  
   706         707      2.27392e-05              1       7.98e-07  
   707         708      2.27391e-05              1       7.03e-07  
   708         709       2.2739e-05              1        6.4e-07  
   709         710       2.2739e-05              1       6.61e-07  
   710         711      2.27389e-05              1       6.89e-07  
   711         712      2.27388e-05              1       6.28e-07  
   712         713      2.27387e-05              1       6.88e-07  
   713         714      2.27387e-05              1       7.79e-07  
   714         715      2.27386e-05              1        8.8e-07  
   715         716      2.27385e-05              1       7.55e-07  
   716         717      2.27385e-05              1        6.2e-07  
   717         718      2.27384e-05              1       6.22e-07  
   718         719      2.27383e-05              1       6.67e-07  
   719         720      2.27383e-05              1       6.84e-07  
                                                        First-order 
 Iteration  Func-count       f(x)        Step-size       optimality
   720         721      2.27382e-05              1       5.36e-07  
   721         722      2.27381e-05              1       5.67e-07  
   722         723      2.27381e-05              1       5.88e-07  
   723         724       2.2738e-05              1       5.34e-07  
   724         725      2.27379e-05              1       6.03e-07  
   725         726      2.27379e-05              1       5.73e-07  
   726         727      2.27379e-05              1        4.7e-07  
   727         728      2.27378e-05              1       4.39e-07  
   728         729      2.27378e-05              1       4.71e-07  
   729         730      2.27377e-05              1       5.06e-07  
   730         731      2.27377e-05              1       5.06e-07  
   731         732      2.27377e-05              1       4.55e-07  
   732         733      2.27377e-05              1       3.98e-07  
   733         734      2.27376e-05              1        3.8e-07  
   734         735      2.27376e-05              1       4.19e-07  
   735         736      2.27376e-05              1        4.2e-07  
   736         737      2.27376e-05              1       4.06e-07  
   737         738      2.27375e-05              1       4.24e-07  
   738         739      2.27375e-05              1       4.06e-07  
   739         740      2.27375e-05              1       4.23e-07  
                                                        First-order 
 Iteration  Func-count       f(x)        Step-size       optimality
   740         741      2.27375e-05              1       3.87e-07  
   741         742      2.27374e-05              1       3.63e-07  
   742         743      2.27374e-05              1       4.34e-07  
   743         744      2.27374e-05              1       3.91e-07  
   744         745      2.27374e-05              1       3.85e-07  
   745         746      2.27373e-05              1       3.46e-07  
   746         747      2.27373e-05              1       3.73e-07  
   747         748      2.27373e-05              1       3.87e-07  
   748         749      2.27373e-05              1        3.6e-07  
   749         750      2.27373e-05              1       3.68e-07  
   750         751      2.27372e-05              1       3.38e-07  
   751         752      2.27372e-05              1       3.91e-07  
   752         753      2.27372e-05              1       4.29e-07  
   753         754      2.27372e-05              1        3.4e-07  
   754         755      2.27371e-05              1       3.05e-07  
   755         756      2.27371e-05              1       3.13e-07  
   756         757      2.27371e-05              1       2.71e-07  
   757         758      2.27371e-05              1       2.86e-07  
   758         759      2.27371e-05              1       2.68e-07  
   759         760      2.27371e-05              1       3.15e-07  
                                                        First-order 
 Iteration  Func-count       f(x)        Step-size       optimality
   760         761       2.2737e-05              1        3.2e-07  
   761         762       2.2737e-05              1       2.82e-07  
   762         763       2.2737e-05              1       2.91e-07  
   763         764       2.2737e-05              1       3.05e-07  
   764         765       2.2737e-05              1       3.22e-07  
   765         766       2.2737e-05              1       2.89e-07  
   766         767       2.2737e-05              1       3.46e-07  
   767         768      2.27369e-05              1       3.44e-07  
   768         769      2.27369e-05              1       2.95e-07  
   769         770      2.27369e-05              1       2.85e-07  
   770         771      2.27369e-05              1       2.84e-07  
   771         772      2.27369e-05              1        2.8e-07  
   772         773      2.27369e-05              1       2.77e-07  
   773         774      2.27369e-05              1       2.63e-07  
   774         775      2.27369e-05              1       3.02e-07  
   775         776      2.27368e-05              1       3.33e-07  
   776         777      2.27368e-05              1       3.11e-07  
   777         778      2.27368e-05              1       3.05e-07  
   778         779      2.27368e-05              1       2.56e-07  
   779         780      2.27368e-05              1       2.44e-07  
                                                        First-order 
 Iteration  Func-count       f(x)        Step-size       optimality
   780         781      2.27368e-05              1       2.64e-07  
   781         782      2.27368e-05              1       2.55e-07  
   782         783      2.27368e-05              1       3.15e-07  
   783         784      2.27367e-05              1       2.94e-07  
   784         785      2.27367e-05              1       2.79e-07  
   785         786      2.27367e-05              1       3.31e-07  
   786         787      2.27367e-05              1       2.98e-07  
   787         788      2.27367e-05              1       2.85e-07  
   788         789      2.27367e-05              1       2.88e-07  
   789         790      2.27367e-05              1          3e-07  
   790         791      2.27367e-05              1       2.59e-07  
   791         792      2.27366e-05              1       2.68e-07  
   792         793      2.27366e-05              1       2.79e-07  
   793         794      2.27366e-05              1       2.73e-07  
   794         795      2.27366e-05              1       2.82e-07  
   795         796      2.27366e-05              1       2.45e-07  
   796         797      2.27366e-05              1       2.73e-07  
   797         798      2.27366e-05              1       2.92e-07  
   798         799      2.27365e-05              1       3.11e-07  
   799         800      2.27365e-05              1       3.17e-07  
                                                        First-order 
 Iteration  Func-count       f(x)        Step-size       optimality
   800         801      2.27365e-05              1       3.05e-07  
   801         802      2.27365e-05              1       3.35e-07  
   802         803      2.27365e-05              1       3.25e-07  
   803         804      2.27365e-05              1       3.27e-07  
   804         805      2.27365e-05              1        2.9e-07  
   805         806      2.27364e-05              1        3.1e-07  
   806         807      2.27364e-05              1        3.1e-07  
   807         808      2.27364e-05              1       3.28e-07  
   808         809      2.27364e-05              1       3.48e-07  
   809         810      2.27364e-05              1       3.43e-07  
   810         811      2.27363e-05              1       2.69e-07  
   811         812      2.27363e-05              1       2.95e-07  
   812         813      2.27363e-05              1       3.22e-07  
   813         814      2.27363e-05              1       3.59e-07  
   814         815      2.27363e-05              1       3.67e-07  
   815         816      2.27363e-05              1       3.38e-07  
   816         817      2.27362e-05              1       3.38e-07  
   817         818      2.27362e-05              1       3.73e-07  
   818         819      2.27362e-05              1       3.87e-07  
   819         820      2.27362e-05              1       4.61e-07  
                                                        First-order 
 Iteration  Func-count       f(x)        Step-size       optimality
   820         821      2.27361e-05              1       3.83e-07  
   821         822      2.27361e-05              1       3.43e-07  
   822         823      2.27361e-05              1       3.87e-07  
   823         824      2.27361e-05              1       3.62e-07  
   824         825      2.27361e-05              1       3.59e-07  
   825         826       2.2736e-05              1       3.11e-07  
   826         827       2.2736e-05              1       3.28e-07  
   827         828       2.2736e-05              1       4.21e-07  
   828         829       2.2736e-05              1        4.9e-07  
   829         830      2.27359e-05              1       4.03e-07  
   830         831      2.27359e-05              1       3.77e-07  
   831         832      2.27359e-05              1       4.09e-07  
   832         833      2.27359e-05              1       4.26e-07  
   833         834      2.27359e-05              1       4.43e-07  
   834         835      2.27358e-05              1       3.98e-07  
   835         836      2.27358e-05              1        3.6e-07  
   836         837      2.27358e-05              1       3.55e-07  
   837         838      2.27358e-05              1       3.49e-07  
   838         839      2.27357e-05              1        4.2e-07  
   839         840      2.27357e-05              1       4.97e-07  
                                                        First-order 
 Iteration  Func-count       f(x)        Step-size       optimality
   840         841      2.27357e-05              1        4.7e-07  
   841         842      2.27356e-05              1       4.06e-07  
   842         843      2.27356e-05              1       3.89e-07  
   843         844      2.27356e-05              1       3.77e-07  
   844         845      2.27356e-05              1          4e-07  
   845         846      2.27355e-05              1       4.27e-07  
   846         847      2.27355e-05              1       4.23e-07  
   847         848      2.27355e-05              1       4.47e-07  
   848         849      2.27354e-05              1       4.82e-07  
   849         850      2.27354e-05              1       4.51e-07  
   850         851      2.27354e-05              1       4.99e-07  
   851         852      2.27353e-05              1       5.85e-07  
   852         853      2.27353e-05              1       4.94e-07  
   853         854      2.27353e-05              1       4.79e-07  
   854         855      2.27352e-05              1       4.36e-07  
   855         856      2.27352e-05              1       4.77e-07  
   856         857      2.27351e-05              1       4.54e-07  
   857         858      2.27351e-05              1       5.01e-07  
   858         859       2.2735e-05              1       5.88e-07  
   859         860       2.2735e-05              1       7.75e-07  
                                                        First-order 
 Iteration  Func-count       f(x)        Step-size       optimality
   860         861      2.27349e-05              1       7.22e-07  
   861         862      2.27349e-05              1        5.3e-07  
   862         863      2.27348e-05              1       5.19e-07  
   863         864      2.27348e-05              1       5.17e-07  
   864         865      2.27347e-05              1       5.48e-07  
   865         866      2.27347e-05              1       5.29e-07  
   866         867      2.27346e-05              1       6.14e-07  
   867         868      2.27346e-05              1       6.06e-07  
   868         869      2.27345e-05              1       6.78e-07  
   869         870      2.27345e-05              1       5.96e-07  
   870         871      2.27344e-05              1       5.88e-07  
   871         872      2.27344e-05              1       5.83e-07  
   872         873      2.27343e-05              1        6.7e-07  
   873         874      2.27342e-05              1       6.99e-07  
   874         875      2.27341e-05              1       6.13e-07  
   875         876      2.27341e-05              1       6.23e-07  
   876         877       2.2734e-05              1       7.18e-07  
   877         878      2.27339e-05              1       7.91e-07  
   878         879      2.27338e-05              1       7.71e-07  
   879         880      2.27337e-05              1       8.71e-07  
                                                        First-order 
 Iteration  Func-count       f(x)        Step-size       optimality
   880         881      2.27336e-05              1       8.12e-07  
   881         882      2.27335e-05              1       8.17e-07  
   882         883      2.27334e-05              1       7.43e-07  
   883         884      2.27333e-05              1       7.75e-07  
   884         885      2.27332e-05              1       7.57e-07  
   885         886      2.27331e-05              1       8.01e-07  
   886         887       2.2733e-05              1        8.3e-07  
   887         888      2.27329e-05              1        7.9e-07  
   888         889      2.27328e-05              1       6.63e-07  
   889         890      2.27327e-05              1       7.25e-07  
   890         891      2.27327e-05              1       7.16e-07  
   891         892      2.27326e-05              1       8.21e-07  
   892         893      2.27325e-05              1       7.87e-07  
   893         894      2.27324e-05              1       8.71e-07  
   894         895      2.27322e-05              1       7.56e-07  
   895         896      2.27321e-05              1       8.28e-07  
   896         897       2.2732e-05              1       9.17e-07  
   897         898      2.27319e-05              1       8.38e-07  
   898         899      2.27318e-05              1        8.1e-07  
   899         900      2.27317e-05              1       7.73e-07  
                                                        First-order 
 Iteration  Func-count       f(x)        Step-size       optimality
   900         901      2.27316e-05              1       6.86e-07  
   901         902      2.27315e-05              1       7.57e-07  
   902         903      2.27314e-05              1       7.52e-07  
   903         904      2.27312e-05              1       1.09e-06  
   904         905      2.27311e-05              1        1.2e-06  
   905         906       2.2731e-05              1       1.12e-06  
   906         907      2.27308e-05              1       8.59e-07  
   907         908      2.27307e-05              1       8.25e-07  
   908         909      2.27306e-05              1       8.21e-07  
   909         910      2.27304e-05              1       7.78e-07  
   910         911      2.27303e-05              1       9.14e-07  
   911         912      2.27302e-05              1       9.72e-07  
   912         913        2.273e-05              1       1.06e-06  
   913         914      2.27299e-05              1       1.04e-06  
   914         915      2.27297e-05              1       1.01e-06  
   915         916      2.27295e-05              1       9.45e-07  
   916         917      2.27294e-05              1       9.31e-07  
   917         918      2.27292e-05              1       9.25e-07  
   918         919      2.27291e-05              1       9.02e-07  
   919         920      2.27289e-05              1       9.27e-07  
                                                        First-order 
 Iteration  Func-count       f(x)        Step-size       optimality
   920         921      2.27287e-05              1       9.29e-07  
   921         922      2.27286e-05              1        9.2e-07  
   922         923      2.27284e-05              1       1.12e-06  
   923         924      2.27282e-05              1       1.15e-06  
   924         925      2.27281e-05              1       1.06e-06  
   925         926      2.27279e-05              1       1.03e-06  
   926         927      2.27277e-05              1       9.16e-07  
   927         928      2.27275e-05              1        1.1e-06  
   928         929      2.27274e-05              1       1.01e-06  
   929         930      2.27272e-05              1        9.9e-07  
   930         931       2.2727e-05              1       1.14e-06  
   931         932      2.27268e-05              1       1.05e-06  
   932         933      2.27267e-05              1       8.97e-07  
   933         934      2.27265e-05              1       8.29e-07  
   934         935      2.27264e-05              1       8.08e-07  
   935         936      2.27263e-05              1       8.74e-07  
   936         937      2.27262e-05              1       8.33e-07  
   937         938      2.27261e-05              1       9.08e-07  
   938         939      2.27259e-05              1       9.56e-07  
   939         940      2.27258e-05              1       9.75e-07  
                                                        First-order 
 Iteration  Func-count       f(x)        Step-size       optimality
   940         941      2.27256e-05              1       1.22e-06  
   941         942      2.27254e-05              1       1.02e-06  
   942         943      2.27252e-05              1       1.12e-06  
   943         944      2.27251e-05              1       1.01e-06  
   944         945      2.27249e-05              1       9.89e-07  
   945         946      2.27248e-05              1       9.12e-07  
   946         947      2.27246e-05              1       1.04e-06  
   947         948      2.27244e-05              1       1.11e-06  
   948         949      2.27243e-05              1        1.1e-06  
   949         950      2.27241e-05              1       9.07e-07  
   950         951      2.27239e-05              1       8.93e-07  
   951         952      2.27238e-05              1       7.98e-07  
   952         953      2.27237e-05              1       8.87e-07  
   953         954      2.27235e-05              1       7.78e-07  
   954         955      2.27234e-05              1       8.12e-07  
   955         956      2.27233e-05              1       8.77e-07  
   956         957      2.27231e-05              1       8.49e-07  
   957         958       2.2723e-05              1       1.08e-06  
   958         959      2.27229e-05              1       1.02e-06  
   959         960      2.27228e-05              1       8.16e-07  
                                                        First-order 
 Iteration  Func-count       f(x)        Step-size       optimality
   960         961      2.27227e-05              1       6.69e-07  
   961         962      2.27226e-05              1       6.67e-07  
   962         963      2.27225e-05              1        6.7e-07  
   963         964      2.27224e-05              1       7.38e-07  
   964         965      2.27223e-05              1       7.39e-07  
   965         966      2.27222e-05              1       8.09e-07  
   966         967      2.27221e-05              1       8.22e-07  
   967         968       2.2722e-05              1       7.08e-07  
   968         969      2.27219e-05              1       7.85e-07  
   969         970      2.27218e-05              1       7.66e-07  
   970         971      2.27217e-05              1          7e-07  
   971         972      2.27216e-05              1       8.29e-07  
   972         973      2.27215e-05              1       6.85e-07  
   973         974      2.27214e-05              1       6.96e-07  
   974         975      2.27213e-05              1       6.43e-07  
   975         976      2.27212e-05              1       6.21e-07  
   976         977      2.27212e-05              1       6.12e-07  
   977         978      2.27211e-05              1       5.86e-07  
   978         979       2.2721e-05              1       6.23e-07  
   979         980       2.2721e-05              1       6.97e-07  
                                                        First-order 
 Iteration  Func-count       f(x)        Step-size       optimality
   980         981      2.27209e-05              1       8.09e-07  
   981         982      2.27208e-05              1       6.73e-07  
   982         983      2.27208e-05              1       5.39e-07  
   983         984      2.27207e-05              1       5.41e-07  
   984         985      2.27206e-05              1       5.03e-07  
   985         986      2.27206e-05              1       5.98e-07  
   986         987      2.27205e-05              1        5.8e-07  
   987         988      2.27205e-05              1       5.69e-07  
   988         989      2.27205e-05              1        5.4e-07  
   989         990      2.27204e-05              1        5.5e-07  
   990         991      2.27204e-05              1       5.07e-07  
   991         992      2.27203e-05              1       4.12e-07  
   992         993      2.27203e-05              1       4.22e-07  
   993         994      2.27203e-05              1       3.86e-07  
   994         995      2.27202e-05              1       4.21e-07  
   995         996      2.27202e-05              1       4.18e-07  
   996         997      2.27202e-05              1       3.63e-07  
   997         998      2.27201e-05              1        4.3e-07  
   998         999      2.27201e-05              1       4.63e-07  
   999        1000      2.27201e-05              1        3.9e-07  
                                                        First-order 
 Iteration  Func-count       f(x)        Step-size       optimality
  1000        1001      2.27201e-05              1       3.84e-07  
  1001        1002        2.272e-05              1       3.36e-07  
  1002        1003        2.272e-05              1       3.15e-07  
  1003        1004        2.272e-05              1       2.91e-07  
  1004        1005        2.272e-05              1       3.28e-07  
  1005        1006        2.272e-05              1       3.36e-07  
  1006        1007      2.27199e-05              1       3.24e-07  
  1007        1008      2.27199e-05              1       2.59e-07  
  1008        1009      2.27199e-05              1       2.92e-07  
  1009        1010      2.27199e-05              1       2.74e-07  
  1010        1011      2.27199e-05              1       3.06e-07  
  1011        1012      2.27199e-05              1       3.18e-07  
  1012        1013      2.27199e-05              1       2.76e-07  
  1013        1014      2.27199e-05              1       2.79e-07  
  1014        1015      2.27198e-05              1       2.34e-07  
  1015        1016      2.27198e-05              1        2.3e-07  
  1016        1017      2.27198e-05              1       2.29e-07  
  1017        1018      2.27198e-05              1       2.42e-07  
  1018        1019      2.27198e-05              1       2.48e-07  
  1019        1020      2.27198e-05              1       2.79e-07  
                                                        First-order 
 Iteration  Func-count       f(x)        Step-size       optimality
  1020        1021      2.27198e-05              1       2.68e-07  
  1021        1022      2.27198e-05              1       2.29e-07  
  1022        1023      2.27198e-05              1        2.5e-07  
  1023        1024      2.27197e-05              1       2.41e-07  
  1024        1025      2.27197e-05              1       2.16e-07  
  1025        1026      2.27197e-05              1       2.29e-07  
  1026        1027      2.27197e-05              1       2.45e-07  
  1027        1028      2.27197e-05              1       2.45e-07  
  1028        1029      2.27197e-05              1       2.42e-07  
  1029        1030      2.27197e-05              1       2.47e-07  
  1030        1031      2.27197e-05              1       2.27e-07  
  1031        1032      2.27197e-05              1       2.24e-07  
  1032        1033      2.27197e-05              1       2.21e-07  
  1033        1034      2.27196e-05              1       2.32e-07  
  1034        1035      2.27196e-05              1       2.37e-07  
  1035        1036      2.27196e-05              1       1.87e-07  
  1036        1037      2.27196e-05              1        2.3e-07  
  1037        1038      2.27196e-05              1       1.97e-07  
  1038        1039      2.27196e-05              1       1.96e-07  
  1039        1040      2.27196e-05              1       2.68e-07  
                                                        First-order 
 Iteration  Func-count       f(x)        Step-size       optimality
  1040        1041      2.27196e-05              1       3.14e-07  
  1041        1042      2.27196e-05              1       2.86e-07  
  1042        1043      2.27196e-05              1       2.07e-07  
  1043        1044      2.27196e-05              1       2.23e-07  
  1044        1045      2.27196e-05              1       2.14e-07  
  1045        1046      2.27196e-05              1       2.34e-07  
  1046        1047      2.27196e-05              1       2.19e-07  
  1047        1048      2.27195e-05              1       1.77e-07  
  1048        1049      2.27195e-05              1       1.67e-07  
  1049        1050      2.27195e-05              1       1.71e-07  
  1050        1051      2.27195e-05              1       1.72e-07  
  1051        1052      2.27195e-05              1       1.35e-07  
  1052        1053      2.27195e-05              1       1.35e-07  
  1053        1054      2.27195e-05              1       1.37e-07  
  1054        1055      2.27195e-05              1        1.4e-07  
  1055        1056      2.27195e-05              1       1.72e-07  
  1056        1057      2.27195e-05              1       1.59e-07  
  1057        1058      2.27195e-05              1       1.85e-07  
  1058        1059      2.27195e-05              1       1.99e-07  
  1059        1060      2.27195e-05              1       1.95e-07  
                                                        First-order 
 Iteration  Func-count       f(x)        Step-size       optimality
  1060        1061      2.27195e-05              1       1.71e-07  
  1061        1062      2.27195e-05              1       1.91e-07  
  1062        1063      2.27195e-05              1       1.99e-07  
  1063        1064      2.27195e-05              1       1.51e-07  
  1064        1065      2.27195e-05              1       1.48e-07  
  1065        1066      2.27195e-05              1       1.38e-07  
  1066        1067      2.27195e-05              1       1.23e-07  
  1067        1068      2.27195e-05              1       1.47e-07  
  1068        1069      2.27194e-05              1       1.65e-07  
  1069        1070      2.27194e-05              1       1.97e-07  
  1070        1071      2.27194e-05              1       1.71e-07  
  1071        1072      2.27194e-05              1       1.54e-07  
  1072        1073      2.27194e-05              1       1.67e-07  
  1073        1074      2.27194e-05              1       1.58e-07  
  1074        1075      2.27194e-05              1       1.25e-07  
  1075        1076      2.27194e-05              1       1.47e-07  
  1076        1077      2.27194e-05              1        1.8e-07  
  1077        1078      2.27194e-05              1       1.79e-07  
  1078        1079      2.27194e-05              1       1.51e-07  
  1079        1080      2.27194e-05              1       1.33e-07  
                                                        First-order 
 Iteration  Func-count       f(x)        Step-size       optimality
  1080        1081      2.27194e-05              1       1.54e-07  
  1081        1082      2.27194e-05              1       1.49e-07  
  1082        1083      2.27194e-05              1       1.08e-07  
  1083        1084      2.27194e-05              1       1.12e-07  
  1084        1085      2.27194e-05              1       1.09e-07  
  1085        1086      2.27194e-05              1        1.3e-07  
  1086        1087      2.27194e-05              1       1.25e-07  
  1087        1088      2.27194e-05              1       1.36e-07  
  1088        1089      2.27194e-05              1       1.31e-07  
  1089        1090      2.27194e-05              1       1.19e-07  
  1090        1091      2.27194e-05              1       1.18e-07  
  1091        1092      2.27194e-05              1       1.08e-07  
  1092        1093      2.27194e-05              1       1.29e-07  
  1093        1094      2.27194e-05              1       1.41e-07  
  1094        1095      2.27194e-05              1        1.5e-07  
  1095        1096      2.27194e-05              1       1.21e-07  
  1096        1097      2.27194e-05              1        1.1e-07  
  1097        1098      2.27194e-05              1       1.34e-07  
  1098        1099      2.27194e-05              1       1.25e-07  
  1099        1100      2.27194e-05              1       9.48e-08  

Optimization completed: The <a href = "matlab: helpview([docroot '/toolbox/optim/msg_csh/optim_msg_csh.map'],'first_order_opt_unc','CSHelpWindow');">first-order optimality measure</a>, 9.065241e-08, is less 
than <a href = "matlab: helpview([docroot '/toolbox/optim/msg_csh/optim_msg_csh.map'],'tolfun','CSHelpWindow');">options.TolFun</a> = 1.000000e-07.

Optimization Metric                                            Options
relative norm(gradient) =   9.07e-08                  TolFun =   1e-07 (selected)

