flow iter#1; |dv| = 4.92506
flow iter#2; |dv| = 1.23732
flow iter#3; |dv| = 1.49235
flow iter#4; |dv| = 1.96522
flow iter#5; |dv| = 1.60902
flow iter#6; |dv| = 0.88346
flow iter#7; |dv| = 0.254792
flow iter#8; |dv| = 0.26152
flow iter#9; |dv| = 0.369201
flow iter#10; |dv| = 0.312229
flow iter#11; |dv| = 0.186444
flow iter#12; |dv| = 0.0692117
flow iter#13; |dv| = 0.0292212
flow iter#14; |dv| = 0.053682
flow iter#15; |dv| = 0.0524809
flow iter#16; |dv| = 0.0356872
flow iter#17; |dv| = 0.0166984
flow iter#18; |dv| = 0.00614212
flow iter#19; |dv| = 0.00883343
flow iter#20; |dv| = 0.00980038
flow iter#21; |dv| = 0.0080425
flow iter#22; |dv| = 0.00586178
flow iter#23; |dv| = 0.00487326
                                                        First-order 
 Iteration  Func-count       f(x)        Step-size       optimality
     0           1        0.0557135                       0.00248
     1           4         0.028732             91        0.00121  
     2           6        0.0130495       0.482269        0.00122  
     3           7       0.00180443              1       0.000396  
     4           8       0.00131582              1        0.00105  
     5           9      0.000546281              1       0.000139  
     6          10      0.000382312              1       9.89e-05  
     7          11      0.000248003              1       0.000211  
     8          12      0.000187394              1       8.03e-05  
     9          13      0.000106306              1       0.000107  
    10          14      7.69228e-05              1       0.000181  
    11          15      6.56076e-05              1       5.32e-05  
    12          16      6.02925e-05              1       3.18e-05  
    13          18      5.64536e-05       0.117376       6.19e-05  
    14          19      5.38683e-05              1       6.17e-05  
    15          20      4.76636e-05              1       2.43e-05  
    16          21      4.48652e-05              1       2.71e-05  
    17          22      3.85568e-05              1       3.96e-05  
    18          23      3.47849e-05              1       6.01e-05  
    19          24      3.12572e-05              1       2.26e-05  
                                                        First-order 
 Iteration  Func-count       f(x)        Step-size       optimality
    20          25      2.83946e-05              1       0.000106  
    21          26       2.2815e-05              1        2.1e-05  
    22          27      1.84437e-05              1       3.06e-05  
    23          28      1.56876e-05              1       3.34e-05  
    24          29       1.4612e-05              1       1.93e-05  
    25          30       1.3288e-05              1       3.01e-05  
    26          31      1.27513e-05              1       2.64e-05  
    27          32      1.21119e-05              1       1.66e-05  
    28          33      1.09694e-05              1       1.38e-05  
    29          34      1.04792e-05              1       1.41e-05  
    30          35        9.875e-06              1        1.1e-05  
    31          36      9.58898e-06              1       9.24e-06  
    32          37      9.40595e-06              1       1.13e-05  
    33          38      8.91995e-06              1       9.63e-06  
    34          39      8.50556e-06              1       2.12e-05  
    35          40       7.8556e-06              1        1.5e-05  
    36          41      7.43694e-06              1       2.49e-05  
    37          42      7.08929e-06              1        6.6e-06  
    38          43       6.9719e-06              1       5.95e-06  
    39          44      6.84947e-06              1       9.78e-06  
                                                        First-order 
 Iteration  Func-count       f(x)        Step-size       optimality
    40          45      6.65885e-06              1       1.12e-05  
    41          46      6.38212e-06              1       1.24e-05  
    42          47      6.07543e-06              1       8.48e-06  
    43          48      5.92006e-06              1       1.35e-05  
    44          49      5.72317e-06              1       1.59e-05  
    45          50      5.61652e-06              1       1.56e-05  
    46          51      5.06648e-06              1        3.1e-05  
    47          52      4.64017e-06              1       9.98e-06  
    48          53      4.41307e-06              1        2.2e-05  
    49          54      4.28502e-06              1       1.13e-05  
    50          55      4.05205e-06              1       4.67e-06  
    51          56      3.72665e-06              1       7.79e-06  
    52          57      3.44872e-06              1       1.87e-05  
    53          58      3.00133e-06              1       6.69e-06  
    54          59      2.83659e-06              1       2.53e-05  
    55          60      2.61999e-06              1       1.69e-05  
    56          61      2.35267e-06              1       6.67e-06  
    57          63      2.05036e-06       0.615979       1.89e-05  
    58          65      1.86843e-06       0.575423       1.63e-05  
    59          66      1.71449e-06              1       3.57e-06  
                                                        First-order 
 Iteration  Func-count       f(x)        Step-size       optimality
    60          67      1.47185e-06              1       8.57e-06  
    61          68      1.35049e-06              1       4.12e-06  
    62          69      1.21103e-06              1       9.51e-06  
    63          70      1.06504e-06              1       4.69e-06  
    64          71      9.53471e-07              1       1.29e-05  
    65          72      8.20139e-07              1       3.52e-06  
    66          73      7.73216e-07              1       1.02e-05  
    67          74      7.32406e-07              1       6.99e-06  
    68          75      7.05398e-07              1       9.02e-06  
    69          76       6.8142e-07              1       2.83e-06  
    70          77      6.66113e-07              1       2.16e-06  
    71          78      6.01917e-07              1       4.37e-06  
    72          79       5.0925e-07              1       5.78e-06  
    73          80      3.90752e-07              1       4.86e-06  
    74          82      3.57452e-07       0.470493       1.06e-05  
    75          83      3.01558e-07              1        5.8e-06  
    76          84      2.75432e-07              1       1.19e-06  
    77          85      2.55053e-07              1       5.96e-06  
    78          86      2.36511e-07              1       4.79e-06  
    79          87      2.15011e-07              1       2.43e-06  
                                                        First-order 
 Iteration  Func-count       f(x)        Step-size       optimality
    80          88      1.96022e-07              1       1.88e-06  
    81          89      1.73405e-07              1       1.59e-06  
    82          90      1.53972e-07              1       4.33e-06  
    83          91      1.29505e-07              1       3.45e-06  
    84          93      1.22311e-07       0.193503       3.56e-06  
    85          94      1.14736e-07              1       2.62e-06  
    86          95      1.07758e-07              1       7.11e-07  
    87          96      1.05752e-07              1       1.57e-06  
    88          97      1.04104e-07              1       8.93e-07  
    89          98      1.02776e-07              1       8.82e-07  
    90          99      1.01366e-07              1       6.48e-07  
    91         100      9.98703e-08              1       6.52e-07  
    92         101      9.80691e-08              1        7.9e-07  
    93         102      9.60518e-08              1       9.17e-07  
    94         103      9.24506e-08              1       1.46e-06  
    95         104      8.64059e-08              1       1.22e-06  
    96         106      8.45401e-08       0.135519          2e-06  
    97         107      7.81466e-08              1       9.99e-07  
    98         108      7.01509e-08              1       2.09e-06  
    99         109      6.95283e-08              1       1.68e-06  
                                                        First-order 
 Iteration  Func-count       f(x)        Step-size       optimality
   100         110      6.56322e-08              1       7.22e-07  
   101         111      6.40287e-08              1       9.14e-07  
   102         112      6.22592e-08              1       7.42e-07  
   103         113      5.88573e-08              1       3.16e-07  
   104         114      5.72628e-08              1       3.76e-07  
   105         115      5.62031e-08              1       8.18e-07  
   106         116      5.55885e-08              1       1.85e-07  
   107         117      5.50445e-08              1       2.41e-07  
   108         118      5.27893e-08              1       5.69e-07  
   109         119      5.12996e-08              1       5.05e-07  
   110         120      4.81468e-08              1       5.91e-07  
   111         121       4.4976e-08              1       7.39e-07  
   112         122      4.17403e-08              1       4.92e-07  
   113         123      4.02171e-08              1       9.81e-07  
   114         125      3.95861e-08       0.398217       2.25e-07  
   115         126      3.90339e-08              1       2.53e-07  
   116         127      3.77789e-08              1       7.26e-07  
   117         128      3.67252e-08              1       6.84e-07  
   118         129      3.34334e-08              1       7.35e-07  
   119         130       2.9807e-08              1       7.89e-07  
                                                        First-order 
 Iteration  Func-count       f(x)        Step-size       optimality
   120         132      2.82408e-08        0.31116       9.71e-07  
   121         133      2.57301e-08              1       6.39e-07  
   122         134      2.21266e-08              1       9.96e-07  
   123         135      2.14908e-08              1       1.94e-06  
   124         136      1.81582e-08              1       1.33e-06  
   125         137      1.68442e-08              1       3.02e-07  
   126         138      1.60721e-08              1       1.94e-07  
   127         140      1.56277e-08       0.605312       2.21e-07  
   128         141      1.53862e-08              1       3.35e-07  
   129         142      1.52819e-08              1       2.68e-07  
   130         143         1.49e-08              1       2.63e-07  
   131         144      1.45769e-08              1       3.23e-07  
   132         145      1.40819e-08              1       3.29e-07  
   133         146      1.35446e-08              1       4.02e-07  
   134         147      1.28313e-08              1       2.33e-07  
   135         148      1.19378e-08              1       7.72e-07  
   136         149      1.08171e-08              1       2.65e-07  
   137         150      8.59706e-09              1       1.44e-07  
   138         151      6.52759e-09              1       9.68e-07  
   139         152      5.61576e-09              1       3.59e-07  
                                                        First-order 
 Iteration  Func-count       f(x)        Step-size       optimality
   140         153      4.90491e-09              1       1.88e-07  
   141         154      4.57825e-09              1        6.1e-07  
   142         155      4.30165e-09              1        3.7e-07  
   143         156      3.99362e-09              1       2.52e-07  
   144         157      3.86934e-09              1       1.07e-07  
   145         158      3.81027e-09              1       3.01e-07  
   146         159      3.74172e-09              1        9.1e-08  
   147         160      3.71566e-09              1       5.43e-08  
   148         161      3.69275e-09              1       9.04e-08  
   149         162      3.67622e-09              1       1.41e-07  
   150         163      3.62927e-09              1       2.26e-07  
   151         164      3.57184e-09              1       2.63e-07  
   152         165      3.45254e-09              1       2.71e-07  
   153         166      3.21499e-09              1       2.47e-07  
   154         167      2.69658e-09              1       2.65e-07  
   155         168      1.92365e-09              1       3.98e-07  
   156         170      1.61587e-09       0.443573       5.33e-07  
   157         172      1.36947e-09       0.454871        2.2e-07  
   158         173       1.1543e-09              1       2.78e-07  
   159         174      1.00931e-09              1       1.96e-07  
                                                        First-order 
 Iteration  Func-count       f(x)        Step-size       optimality
   160         175      8.03395e-10              1       1.68e-07  
   161         177      5.54131e-10            0.5       2.09e-07  
   162         178      4.15465e-10              1       3.19e-07  
   163         179       3.2197e-10              1       8.27e-08  
   164         180      2.26362e-10              1       1.26e-07  
   165         181      1.35361e-10              1        1.6e-07  
   166         182      9.25218e-11              1          3e-08  
   167         183      4.33435e-11              1       4.99e-08  
   168         184      1.68258e-11              1       9.16e-08  
   169         185      1.08704e-11              1       1.01e-08  
   170         186      9.48942e-12              1       2.77e-08  
   171         187      9.12948e-12              1       1.81e-08  
   172         188      8.56997e-12              1       1.48e-08  
   173         189      7.99692e-12              1       1.46e-08  
   174         190      7.19579e-12              1       1.31e-08  
   175         191      6.35444e-12              1       1.36e-08  
   176         192      5.25498e-12              1       1.53e-08  
   177         193      3.72418e-12              1       2.39e-08  
   178         194      1.82549e-12              1       2.86e-08  
   179         195      4.51059e-13              1       2.37e-08  
                                                        First-order 
 Iteration  Func-count       f(x)        Step-size       optimality
   180         196       1.2774e-13              1       4.63e-09  
   181         197      8.61197e-14              1       9.51e-09  
   182         198      1.75063e-14              1       2.56e-09  
   183         199      4.75046e-15              1       5.35e-10  
   184         200      3.83886e-16              1       3.34e-10  
   185         201      2.27505e-17              1       1.36e-10  
   186         202      1.31939e-19              1       5.92e-12  

Optimization completed: The <a href = "matlab: helpview([docroot '/toolbox/optim/msg_csh/optim_msg_csh.map'],'first_order_opt_unc','CSHelpWindow');">first-order optimality measure</a>, 5.903832e-12, is less 
than <a href = "matlab: helpview([docroot '/toolbox/optim/msg_csh/optim_msg_csh.map'],'tolfun','CSHelpWindow');">options.TolFun</a> = 1.000000e-10.

Optimization Metric                                            Options
relative norm(gradient) =   5.90e-12                  TolFun =   1e-10 (selected)

                                                        First-order 
 Iteration  Func-count       f(x)        Step-size       optimality
     0           1         0.194313                        0.0254
     1           2         0.163182              1         0.0127  
     2           3         0.107094              1         0.0229  
     3           4         0.076776              1         0.0212  
     4           5        0.0532431              1         0.0177  
     5           6        0.0411912              1         0.0108  
     6           7        0.0342789              1         0.0087  
     7           8        0.0308704              1        0.00585  
     8           9        0.0278327              1        0.00547  
     9          10        0.0251843              1        0.00632  
    10          11        0.0219865              1        0.00886  
    11          12        0.0186134              1        0.00734  
    12          13        0.0155016              1        0.00668  
    13          14        0.0131077              1        0.00566  
    14          15        0.0113132              1        0.00485  
    15          16        0.0100329              1        0.00459  
    16          17       0.00893044              1        0.00481  
    17          18       0.00795057              1        0.00356  
    18          19       0.00693951              1        0.00365  
    19          20       0.00603482              1        0.00316  
                                                        First-order 
 Iteration  Func-count       f(x)        Step-size       optimality
    20          21       0.00509931              1        0.00271  
    21          22       0.00415647              1        0.00271  
    22          23       0.00351672              1        0.00216  
    23          24       0.00303745              1        0.00183  
    24          25       0.00270324              1        0.00155  
    25          26         0.002453              1        0.00139  
    26          27       0.00224665              1        0.00121  
    27          28       0.00206862              1        0.00103  
    28          29       0.00192282              1       0.000791  
    29          30       0.00180558              1       0.000744  
    30          31       0.00170529              1       0.000897  
    31          32       0.00161503              1       0.000877  
    32          33       0.00152524              1       0.000805  
    33          34       0.00143638              1        0.00102  
    34          35       0.00134787              1        0.00107  
    35          36       0.00126392              1        0.00101  
    36          37       0.00117925              1       0.000871  
    37          38       0.00109939              1       0.000739  
    38          39         0.001021              1       0.000682  
    39          40      0.000951827              1       0.000684  
                                                        First-order 
 Iteration  Func-count       f(x)        Step-size       optimality
    40          41      0.000884615              1       0.000577  
    41          42      0.000823958              1       0.000608  
    42          43      0.000766764              1       0.000581  
    43          44      0.000719826              1       0.000694  
    44          45      0.000677178              1       0.000516  
    45          46       0.00064173              1       0.000511  
    46          47      0.000605245              1       0.000487  
    47          48      0.000575416              1       0.000527  
    48          49      0.000544863              1       0.000499  
    49          50      0.000518476              1       0.000479  
    50          51      0.000492774              1        0.00044  
    51          52      0.000468672              1       0.000418  
    52          53      0.000444879              1        0.00051  
    53          54      0.000423022              1       0.000516  
    54          55      0.000402447              1       0.000426  
    55          56      0.000382692              1        0.00035  
    56          57      0.000362864              1       0.000368  
    57          58      0.000344494              1        0.00042  
    58          59      0.000328069              1        0.00045  
    59          60      0.000314243              1       0.000426  
                                                        First-order 
 Iteration  Func-count       f(x)        Step-size       optimality
    60          61      0.000300489              1       0.000386  
    61          62      0.000286746              1       0.000485  
    62          63      0.000272339              1       0.000438  
    63          64      0.000258696              1       0.000394  
    64          65       0.00024564              1       0.000323  
    65          66      0.000234228              1       0.000261  
    66          67      0.000224039              1       0.000268  
    67          68       0.00021575              1       0.000279  
    68          69      0.000208287              1        0.00022  
    69          70       0.00020177              1       0.000289  
    70          71      0.000195427              1       0.000229  
    71          72       0.00018984              1       0.000235  
    72          73      0.000184917              1        0.00019  
    73          74       0.00018083              1       0.000211  
    74          75      0.000177062              1         0.0002  
    75          76      0.000173466              1        0.00016  
    76          77       0.00016994              1       0.000168  
    77          78      0.000166673              1       0.000161  
    78          79      0.000163572              1       0.000167  
    79          80      0.000160462              1       0.000163  
                                                        First-order 
 Iteration  Func-count       f(x)        Step-size       optimality
    80          81      0.000157144              1       0.000165  
    81          82      0.000153624              1       0.000196  
    82          83      0.000149974              1       0.000153  
    83          84       0.00014626              1       0.000146  
    84          85       0.00014243              1       0.000159  
    85          86      0.000138526              1       0.000198  
    86          87      0.000134617              1       0.000194  
    87          88      0.000130818              1       0.000161  
    88          89      0.000127002              1       0.000179  
    89          90      0.000123101              1       0.000195  
    90          91      0.000119014              1       0.000198  
    91          92      0.000115022              1       0.000189  
    92          93      0.000111193              1       0.000162  
    93          94      0.000107727              1        0.00017  
    94          95      0.000104255              1       0.000188  
    95          96      0.000100904              1       0.000199  
    96          97      9.73032e-05              1       0.000206  
    97          98      9.41647e-05              1         0.0002  
    98          99      9.11453e-05              1       0.000201  
    99         100        8.838e-05              1       0.000184  
                                                        First-order 
 Iteration  Func-count       f(x)        Step-size       optimality
   100         101      8.53225e-05              1       0.000177  
   101         102      8.23715e-05              1       0.000171  
   102         103      7.94111e-05              1       0.000141  
   103         104      7.69446e-05              1       0.000162  
   104         105      7.47491e-05              1       0.000141  
   105         106        7.294e-05              1       0.000137  
   106         107      7.11587e-05              1       0.000116  
   107         108      6.95234e-05              1       0.000119  
   108         109      6.78861e-05              1       0.000121  
   109         110      6.63554e-05              1       0.000146  
   110         111      6.48267e-05              1       0.000139  
   111         112      6.33696e-05              1       0.000149  
   112         113      6.19247e-05              1       0.000123  
   113         114      6.05409e-05              1       0.000125  
   114         115       5.9193e-05              1       8.43e-05  
   115         116      5.79334e-05              1       0.000108  
   116         117      5.67372e-05              1       0.000121  
   117         118      5.56151e-05              1       0.000114  
   118         119      5.44902e-05              1       9.03e-05  
   119         120      5.34076e-05              1       9.69e-05  
                                                        First-order 
 Iteration  Func-count       f(x)        Step-size       optimality
   120         121       5.2357e-05              1       8.96e-05  
   121         122      5.13967e-05              1        6.8e-05  
   122         123      5.04628e-05              1       7.31e-05  
   123         124      4.95464e-05              1       7.83e-05  
   124         125      4.86059e-05              1       7.36e-05  
   125         126      4.76927e-05              1       8.22e-05  
   126         127      4.67869e-05              1       8.37e-05  
   127         128      4.59181e-05              1       7.02e-05  
   128         129      4.50531e-05              1       6.66e-05  
   129         130      4.42618e-05              1       7.59e-05  
   130         131      4.35205e-05              1       6.95e-05  
   131         132      4.28524e-05              1       6.11e-05  
   132         133      4.21954e-05              1       6.12e-05  
   133         134      4.15843e-05              1       5.76e-05  
   134         135      4.09947e-05              1       7.15e-05  
   135         136       4.0436e-05              1       5.93e-05  
   136         137      3.98644e-05              1       5.19e-05  
   137         138      3.93042e-05              1        5.9e-05  
   138         139      3.87652e-05              1       5.59e-05  
   139         140      3.82689e-05              1       5.72e-05  
                                                        First-order 
 Iteration  Func-count       f(x)        Step-size       optimality
   140         141      3.77858e-05              1       5.63e-05  
   141         142      3.73073e-05              1       5.84e-05  
   142         143      3.68251e-05              1       5.39e-05  
   143         144      3.63547e-05              1       6.68e-05  
   144         145      3.58943e-05              1       7.05e-05  
   145         146      3.54507e-05              1       6.22e-05  
   146         147      3.50179e-05              1       6.24e-05  
   147         148      3.45994e-05              1       6.08e-05  
   148         149      3.41805e-05              1       5.53e-05  
   149         150      3.37626e-05              1       6.02e-05  
   150         151       3.3343e-05              1       6.71e-05  
   151         152      3.29253e-05              1       6.55e-05  
   152         153      3.24987e-05              1       5.69e-05  
   153         154       3.2064e-05              1          5e-05  
   154         155      3.16263e-05              1       5.23e-05  
   155         156      3.11936e-05              1       5.56e-05  
   156         157      3.07601e-05              1       5.06e-05  
   157         158      3.03234e-05              1       4.53e-05  
   158         159      2.98991e-05              1        4.6e-05  
   159         160      2.95013e-05              1       4.92e-05  
                                                        First-order 
 Iteration  Func-count       f(x)        Step-size       optimality
   160         161      2.91277e-05              1       4.72e-05  
   161         162      2.87406e-05              1       5.23e-05  
   162         163      2.83279e-05              1       6.36e-05  
   163         164       2.7894e-05              1       6.85e-05  
   164         165      2.74912e-05              1       6.23e-05  
   165         166      2.71071e-05              1       5.13e-05  
   166         167      2.67497e-05              1       5.03e-05  
   167         168      2.63988e-05              1       4.31e-05  
   168         169      2.60649e-05              1       4.08e-05  
   169         170        2.573e-05              1       4.48e-05  
   170         171      2.53983e-05              1       4.43e-05  
   171         172      2.50614e-05              1       4.85e-05  
   172         173      2.47374e-05              1       4.44e-05  
   173         174      2.44224e-05              1       4.32e-05  
   174         175      2.41184e-05              1       4.38e-05  
   175         176      2.38045e-05              1       4.74e-05  
   176         177      2.34869e-05              1       5.07e-05  
   177         178      2.31643e-05              1       5.08e-05  
   178         179      2.28659e-05              1        5.2e-05  
   179         180      2.25726e-05              1       4.94e-05  
                                                        First-order 
 Iteration  Func-count       f(x)        Step-size       optimality
   180         181      2.22775e-05              1       4.86e-05  
   181         182      2.19516e-05              1       4.91e-05  
   182         183      2.16043e-05              1       5.07e-05  
   183         184      2.12444e-05              1       5.24e-05  
   184         185        2.091e-05              1       4.28e-05  
   185         186      2.06081e-05              1       4.06e-05  
   186         187      2.03497e-05              1       4.17e-05  
   187         188      2.01138e-05              1       3.77e-05  
   188         189      1.99022e-05              1        3.5e-05  
   189         190      1.96977e-05              1       3.77e-05  
   190         191      1.95029e-05              1       3.86e-05  
   191         192      1.93053e-05              1       3.88e-05  
   192         193       1.9106e-05              1       4.47e-05  
   193         194      1.88903e-05              1       4.77e-05  
   194         195      1.86574e-05              1       5.29e-05  
   195         196      1.84061e-05              1       5.89e-05  
   196         197      1.81485e-05              1       6.27e-05  
   197         198      1.78864e-05              1       6.43e-05  
   198         199      1.76159e-05              1       6.52e-05  
   199         200      1.73302e-05              1       6.54e-05  
                                                        First-order 
 Iteration  Func-count       f(x)        Step-size       optimality
   200         201      1.70285e-05              1        6.6e-05  
   201         202      1.67183e-05              1       6.44e-05  
   202         203      1.64004e-05              1       6.31e-05  
   203         204      1.60858e-05              1       5.42e-05  
   204         205      1.57673e-05              1       5.15e-05  
   205         206      1.54588e-05              1       4.22e-05  
   206         207      1.51451e-05              1       4.14e-05  
   207         208      1.48971e-05              1       3.93e-05  
   208         209      1.46731e-05              1       3.74e-05  
   209         210      1.44876e-05              1       3.24e-05  
   210         211      1.43246e-05              1       2.99e-05  
   211         212      1.41816e-05              1       2.99e-05  
   212         213      1.40441e-05              1       2.73e-05  
   213         214      1.39102e-05              1       2.94e-05  
   214         215      1.37783e-05              1       3.14e-05  
   215         216      1.36522e-05              1       2.76e-05  
   216         217      1.35337e-05              1       2.84e-05  
   217         218      1.34245e-05              1       2.44e-05  
   218         219      1.33235e-05              1       2.49e-05  
   219         220      1.32292e-05              1       2.35e-05  
                                                        First-order 
 Iteration  Func-count       f(x)        Step-size       optimality
   220         221      1.31397e-05              1       2.58e-05  
   221         222        1.305e-05              1       2.84e-05  
   222         223       1.2953e-05              1       2.59e-05  
   223         224      1.28456e-05              1       2.83e-05  
   224         225      1.27497e-05              1       2.33e-05  
   225         226      1.26488e-05              1       2.74e-05  
   226         227      1.25549e-05              1       2.48e-05  
   227         228      1.24666e-05              1       2.09e-05  
   228         229      1.23832e-05              1       2.22e-05  
   229         230      1.22992e-05              1       2.45e-05  
   230         231       1.2215e-05              1       2.77e-05  
   231         232      1.21337e-05              1          3e-05  
   232         233      1.20583e-05              1       3.04e-05  
   233         234       1.1986e-05              1       2.89e-05  
   234         235      1.19123e-05              1       2.66e-05  
   235         236      1.18354e-05              1       2.37e-05  
   236         237      1.17565e-05              1       2.18e-05  
   237         238      1.16765e-05              1       2.02e-05  
   238         239      1.15941e-05              1       2.45e-05  
   239         240       1.1508e-05              1       2.56e-05  
                                                        First-order 
 Iteration  Func-count       f(x)        Step-size       optimality
   240         241      1.14203e-05              1       2.04e-05  
   241         242      1.13343e-05              1       2.27e-05  
   242         243      1.12518e-05              1       2.36e-05  
   243         244       1.1172e-05              1        2.7e-05  
   244         245      1.10965e-05              1       2.17e-05  
   245         246      1.10273e-05              1       2.34e-05  
   246         247      1.09652e-05              1       1.91e-05  
   247         248      1.09073e-05              1       2.23e-05  
   248         249      1.08513e-05              1       2.24e-05  
   249         250      1.07964e-05              1       1.83e-05  
   250         251      1.07444e-05              1       1.69e-05  
   251         252      1.06958e-05              1       1.47e-05  
   252         253      1.06509e-05              1       1.46e-05  
   253         254      1.06087e-05              1       1.42e-05  
   254         255      1.05689e-05              1        1.5e-05  
   255         256      1.05307e-05              1       1.62e-05  
   256         257      1.04944e-05              1       1.53e-05  
   257         258      1.04597e-05              1        1.5e-05  
   258         259      1.04256e-05              1       1.55e-05  
   259         260      1.03906e-05              1       1.68e-05  
                                                        First-order 
 Iteration  Func-count       f(x)        Step-size       optimality
   260         261      1.03536e-05              1       1.46e-05  
   261         262      1.03149e-05              1       1.47e-05  
   262         263      1.02753e-05              1        1.5e-05  
   263         264      1.02361e-05              1       1.54e-05  
   264         265      1.01991e-05              1       1.61e-05  
   265         266      1.01653e-05              1       1.44e-05  
   266         267      1.01337e-05              1       1.34e-05  
   267         268      1.01016e-05              1       1.31e-05  
   268         269      1.00677e-05              1       1.57e-05  
   269         270      1.00341e-05              1       1.57e-05  
   270         271      1.00035e-05              1        1.3e-05  
   271         272      9.97575e-06              1       1.52e-05  
   272         273      9.94819e-06              1       1.45e-05  
   273         274      9.91966e-06              1       1.29e-05  
   274         275       9.8922e-06              1       1.38e-05  
   275         276      9.86851e-06              1       1.25e-05  
   276         277      9.84827e-06              1       1.13e-05  
   277         278      9.82935e-06              1       1.15e-05  
   278         279      9.81013e-06              1       1.13e-05  
   279         280      9.79046e-06              1       1.06e-05  
                                                        First-order 
 Iteration  Func-count       f(x)        Step-size       optimality
   280         281      9.77043e-06              1       1.04e-05  
   281         282      9.75027e-06              1       1.07e-05  
   282         283      9.73045e-06              1        1.2e-05  
   283         284       9.7119e-06              1       9.66e-06  
   284         285      9.69494e-06              1       9.02e-06  
   285         286      9.67895e-06              1       1.18e-05  
   286         287      9.66292e-06              1       1.13e-05  
   287         288      9.64638e-06              1       8.64e-06  
   288         289      9.62956e-06              1       9.45e-06  
   289         290      9.61305e-06              1       1.02e-05  
   290         291      9.59734e-06              1       9.98e-06  
   291         292      9.58252e-06              1       8.57e-06  
   292         293      9.56826e-06              1       8.17e-06  
   293         294        9.554e-06              1       9.36e-06  
   294         295      9.53927e-06              1       1.04e-05  
   295         296      9.52395e-06              1       9.23e-06  
   296         297      9.50829e-06              1       1.04e-05  
   297         298      9.49286e-06              1       9.46e-06  
   298         299      9.47824e-06              1       8.46e-06  
   299         300      9.46472e-06              1       8.73e-06  
                                                        First-order 
 Iteration  Func-count       f(x)        Step-size       optimality
   300         301      9.45215e-06              1       8.93e-06  
   301         302      9.44002e-06              1       9.95e-06  
   302         303      9.42785e-06              1       8.47e-06  
   303         304      9.41546e-06              1       8.29e-06  
   304         305        9.403e-06              1       8.17e-06  
   305         306      9.39079e-06              1       8.45e-06  
   306         307      9.37902e-06              1       8.05e-06  
   307         308      9.36768e-06              1       8.39e-06  
   308         309       9.3568e-06              1       8.21e-06  
   309         310      9.34655e-06              1       7.39e-06  
   310         311      9.33728e-06              1       7.78e-06  
   311         312      9.32903e-06              1       8.25e-06  
   312         313      9.32152e-06              1       6.36e-06  
   313         314      9.31428e-06              1       6.13e-06  
   314         315      9.30711e-06              1       6.48e-06  
   315         316      9.29998e-06              1       6.56e-06  
   316         317      9.29286e-06              1       6.76e-06  
   317         318      9.28549e-06              1       6.92e-06  
   318         319      9.27768e-06              1        7.1e-06  
   319         320      9.26951e-06              1       7.13e-06  
                                                        First-order 
 Iteration  Func-count       f(x)        Step-size       optimality
   320         321      9.26147e-06              1       6.76e-06  
   321         322      9.25393e-06              1        6.9e-06  
   322         323      9.24704e-06              1       6.96e-06  
   323         324      9.24078e-06              1       7.06e-06  
   324         325      9.23506e-06              1       6.83e-06  
   325         326      9.22965e-06              1       6.55e-06  
   326         327      9.22422e-06              1       5.98e-06  
   327         328      9.21852e-06              1       5.57e-06  
   328         329      9.21263e-06              1       5.68e-06  
   329         330      9.20676e-06              1       5.59e-06  
   330         331      9.20105e-06              1       6.01e-06  
   331         332      9.19536e-06              1       7.26e-06  
   332         333      9.18959e-06              1       6.36e-06  
   333         334      9.18372e-06              1       6.17e-06  
   334         335      9.17784e-06              1       5.89e-06  
   335         336      9.17188e-06              1       5.45e-06  
   336         337      9.16578e-06              1        6.2e-06  
   337         338      9.15957e-06              1       5.52e-06  
   338         339      9.15353e-06              1       5.31e-06  
   339         340      9.14774e-06              1       5.45e-06  
                                                        First-order 
 Iteration  Func-count       f(x)        Step-size       optimality
   340         341      9.14202e-06              1        6.3e-06  
   341         342        9.136e-06              1       6.85e-06  
   342         343      9.12962e-06              1       6.37e-06  
   343         344      9.12306e-06              1       6.36e-06  
   344         345      9.11662e-06              1       6.93e-06  
   345         346      9.11024e-06              1       6.45e-06  
   346         347      9.10379e-06              1       6.73e-06  
   347         348      9.09711e-06              1       6.74e-06  
   348         349      9.09028e-06              1       7.12e-06  
   349         350      9.08311e-06              1       5.99e-06  
   350         351      9.07541e-06              1       7.96e-06  
   351         352      9.06705e-06              1       9.04e-06  
   352         353      9.05874e-06              1       8.12e-06  
   353         354      9.05098e-06              1        6.4e-06  
   354         355       9.0439e-06              1       6.71e-06  
   355         356       9.0367e-06              1        6.6e-06  
   356         357       9.0292e-06              1       6.25e-06  
   357         358      9.02156e-06              1       6.35e-06  
   358         359      9.01452e-06              1       5.96e-06  
   359         360      9.00793e-06              1       5.96e-06  
                                                        First-order 
 Iteration  Func-count       f(x)        Step-size       optimality
   360         361      9.00149e-06              1       5.86e-06  
   361         362      8.99484e-06              1       5.85e-06  
   362         363      8.98828e-06              1       6.43e-06  
   363         364      8.98185e-06              1        6.8e-06  
   364         365      8.97554e-06              1       5.67e-06  
   365         366      8.96915e-06              1       5.74e-06  
   366         367      8.96283e-06              1       6.44e-06  
   367         368      8.95666e-06              1       6.25e-06  
   368         369      8.95072e-06              1       5.08e-06  
   369         370      8.94488e-06              1       5.57e-06  
   370         371      8.93919e-06              1        6.4e-06  
   371         372      8.93366e-06              1       6.25e-06  
   372         373      8.92836e-06              1        7.1e-06  
   373         374      8.92306e-06              1       7.28e-06  
   374         375      8.91771e-06              1       8.18e-06  
   375         376      8.91233e-06              1       6.69e-06  
   376         377      8.90723e-06              1       5.79e-06  
   377         378      8.90254e-06              1       6.52e-06  
   378         379      8.89826e-06              1       6.05e-06  
   379         380      8.89416e-06              1       6.18e-06  
                                                        First-order 
 Iteration  Func-count       f(x)        Step-size       optimality
   380         381      8.89005e-06              1       5.41e-06  
   381         382      8.88573e-06              1       5.34e-06  
   382         383      8.88122e-06              1       5.48e-06  
   383         384      8.87656e-06              1       4.94e-06  
   384         385      8.87186e-06              1       4.75e-06  
   385         386      8.86717e-06              1       4.78e-06  
   386         387      8.86255e-06              1       5.66e-06  
   387         388      8.85798e-06              1       5.86e-06  
   388         389      8.85352e-06              1       5.38e-06  
   389         390      8.84901e-06              1       5.62e-06  
   390         391       8.8443e-06              1       5.07e-06  
   391         392      8.83918e-06              1       6.02e-06  
   392         393      8.83378e-06              1       5.68e-06  
   393         394      8.82834e-06              1       5.29e-06  
   394         395      8.82321e-06              1       5.02e-06  
   395         396      8.81831e-06              1       5.11e-06  
   396         397      8.81354e-06              1       5.59e-06  
   397         398      8.80881e-06              1       5.02e-06  
   398         399       8.8044e-06              1       4.36e-06  
   399         400      8.80033e-06              1       4.18e-06  
                                                        First-order 
 Iteration  Func-count       f(x)        Step-size       optimality
   400         401      8.79644e-06              1       4.37e-06  
   401         402      8.79246e-06              1       5.79e-06  
   402         403      8.78836e-06              1       6.35e-06  
   403         404      8.78429e-06              1       4.84e-06  
   404         405      8.78036e-06              1        5.2e-06  
   405         406      8.77644e-06              1       4.34e-06  
   406         407      8.77243e-06              1       4.81e-06  
   407         408      8.76842e-06              1       4.92e-06  
   408         409      8.76468e-06              1       4.25e-06  
   409         410      8.76132e-06              1       4.41e-06  
   410         411      8.75826e-06              1       4.31e-06  
   411         412      8.75538e-06              1       4.68e-06  
   412         413      8.75263e-06              1       3.91e-06  
   413         414      8.74993e-06              1          4e-06  
   414         415      8.74723e-06              1       3.77e-06  
   415         416      8.74452e-06              1       3.95e-06  
   416         417      8.74183e-06              1       3.48e-06  
   417         418      8.73911e-06              1        3.9e-06  
   418         419      8.73624e-06              1       4.54e-06  
   419         420      8.73312e-06              1          5e-06  
                                                        First-order 
 Iteration  Func-count       f(x)        Step-size       optimality
   420         421      8.72983e-06              1       4.47e-06  
   421         422      8.72648e-06              1        4.1e-06  
   422         423       8.7231e-06              1       3.76e-06  
   423         424      8.71967e-06              1       3.87e-06  
   424         425      8.71625e-06              1       4.15e-06  
   425         426      8.71298e-06              1       4.25e-06  
   426         427      8.70985e-06              1       4.13e-06  
   427         428      8.70667e-06              1       4.12e-06  
   428         429      8.70331e-06              1       4.73e-06  
   429         430      8.69982e-06              1       4.68e-06  
   430         431      8.69639e-06              1        4.7e-06  
   431         432      8.69304e-06              1       4.14e-06  
   432         433      8.68966e-06              1       4.05e-06  
   433         434      8.68618e-06              1       4.96e-06  
   434         435      8.68269e-06              1       4.86e-06  
   435         436      8.67923e-06              1       3.78e-06  
   436         437      8.67578e-06              1       4.84e-06  
   437         438      8.67224e-06              1        4.3e-06  
   438         439      8.66861e-06              1       5.56e-06  
   439         440      8.66481e-06              1       5.57e-06  
                                                        First-order 
 Iteration  Func-count       f(x)        Step-size       optimality
   440         441      8.66065e-06              1       5.14e-06  
   441         442       8.6559e-06              1        5.3e-06  
   442         443       8.6506e-06              1       5.55e-06  
   443         444      8.64493e-06              1        5.9e-06  
   444         445      8.63913e-06              1       6.15e-06  
   445         446      8.63324e-06              1          6e-06  
   446         447      8.62733e-06              1       5.45e-06  
   447         448      8.62153e-06              1       5.12e-06  
   448         449      8.61597e-06              1       5.38e-06  
   449         450      8.61052e-06              1       5.25e-06  
   450         451      8.60505e-06              1       5.74e-06  
   451         452      8.59946e-06              1       6.72e-06  
   452         453      8.59383e-06              1        6.8e-06  
   453         454      8.58812e-06              1       7.02e-06  
   454         455      8.58239e-06              1       7.16e-06  
   455         456      8.57664e-06              1       6.83e-06  
   456         457      8.57107e-06              1        6.6e-06  
   457         458      8.56547e-06              1       6.93e-06  
   458         459      8.55976e-06              1       6.23e-06  
   459         460      8.55384e-06              1       5.61e-06  
                                                        First-order 
 Iteration  Func-count       f(x)        Step-size       optimality
   460         461      8.54822e-06              1       5.96e-06  
   461         462      8.54288e-06              1       5.39e-06  
   462         463      8.53754e-06              1        5.7e-06  
   463         464      8.53169e-06              1       6.66e-06  
   464         465      8.52538e-06              1       6.46e-06  
   465         466      8.51903e-06              1       7.46e-06  
   466         467      8.51301e-06              1       6.27e-06  
   467         468      8.50722e-06              1        5.3e-06  
   468         469      8.50136e-06              1       5.38e-06  
   469         470      8.49552e-06              1       5.13e-06  
   470         471      8.48982e-06              1       6.28e-06  
   471         472      8.48455e-06              1       6.74e-06  
   472         473      8.47958e-06              1       7.17e-06  
   473         474      8.47515e-06              1       6.68e-06  
   474         475      8.47127e-06              1       4.79e-06  
   475         476      8.46789e-06              1       4.39e-06  
   476         477      8.46465e-06              1        4.5e-06  
   477         478       8.4614e-06              1       4.43e-06  
   478         479      8.45811e-06              1       3.83e-06  
   479         480      8.45483e-06              1       4.06e-06  
                                                        First-order 
 Iteration  Func-count       f(x)        Step-size       optimality
   480         481      8.45152e-06              1       4.42e-06  
   481         482      8.44815e-06              1       4.67e-06  
   482         483      8.44477e-06              1       4.17e-06  
   483         484      8.44152e-06              1       4.36e-06  
   484         485      8.43844e-06              1       4.44e-06  
   485         486      8.43545e-06              1       4.22e-06  
   486         487      8.43248e-06              1       3.91e-06  
   487         488      8.42948e-06              1       4.04e-06  
   488         489      8.42648e-06              1       4.19e-06  
   489         490       8.4235e-06              1        3.7e-06  
   490         491      8.42063e-06              1       4.67e-06  
   491         492       8.4179e-06              1       4.52e-06  
   492         493      8.41524e-06              1        4.4e-06  
   493         494      8.41247e-06              1       3.89e-06  
   494         495      8.40956e-06              1       4.38e-06  
   495         496      8.40668e-06              1       4.13e-06  
   496         497      8.40406e-06              1        3.6e-06  
   497         498      8.40171e-06              1       3.43e-06  
   498         499      8.39946e-06              1       3.54e-06  
   499         500      8.39715e-06              1       3.44e-06  
                                                        First-order 
 Iteration  Func-count       f(x)        Step-size       optimality
   500         501      8.39478e-06              1       3.61e-06  
   501         502      8.39244e-06              1       3.56e-06  
   502         503      8.39018e-06              1       4.27e-06  
   503         504      8.38796e-06              1       3.67e-06  
   504         505      8.38575e-06              1       3.85e-06  
   505         506       8.3836e-06              1       4.09e-06  
   506         507      8.38156e-06              1       3.84e-06  
   507         508      8.37965e-06              1       3.34e-06  
   508         509      8.37783e-06              1        2.9e-06  
   509         510      8.37603e-06              1       2.94e-06  
   510         511      8.37426e-06              1       3.85e-06  
   511         512      8.37249e-06              1       3.76e-06  
   512         513      8.37072e-06              1       3.64e-06  
   513         514       8.3689e-06              1       3.11e-06  
   514         515        8.367e-06              1       3.23e-06  
   515         516        8.365e-06              1       3.34e-06  
   516         517      8.36292e-06              1       3.33e-06  
   517         518       8.3608e-06              1       3.04e-06  
   518         519      8.35867e-06              1       3.42e-06  
   519         520      8.35658e-06              1       3.66e-06  
                                                        First-order 
 Iteration  Func-count       f(x)        Step-size       optimality
   520         521      8.35449e-06              1       3.69e-06  
   521         522      8.35239e-06              1       3.61e-06  
   522         523      8.35028e-06              1       3.54e-06  
   523         524       8.3482e-06              1       3.33e-06  
   524         525      8.34615e-06              1       4.04e-06  
   525         526      8.34408e-06              1       3.77e-06  
   526         527      8.34196e-06              1       2.92e-06  
   527         528      8.33978e-06              1       3.42e-06  
   528         529      8.33759e-06              1       4.09e-06  
   529         530      8.33544e-06              1       3.97e-06  
   530         531      8.33338e-06              1       3.48e-06  
   531         532       8.3314e-06              1       3.48e-06  
   532         533      8.32949e-06              1       3.24e-06  
   533         534       8.3276e-06              1       3.61e-06  
   534         535      8.32566e-06              1       3.61e-06  
   535         536      8.32365e-06              1       3.68e-06  
   536         537      8.32163e-06              1       4.29e-06  
   537         538      8.31965e-06              1       3.24e-06  
   538         539      8.31772e-06              1       3.83e-06  
   539         540      8.31578e-06              1       3.61e-06  
                                                        First-order 
 Iteration  Func-count       f(x)        Step-size       optimality
   540         541      8.31378e-06              1        3.6e-06  
   541         542      8.31174e-06              1       3.79e-06  
   542         543      8.30968e-06              1       3.43e-06  
   543         544      8.30765e-06              1       3.53e-06  
   544         545      8.30568e-06              1       3.93e-06  
   545         546       8.3038e-06              1       3.25e-06  
   546         547      8.30199e-06              1        3.4e-06  
   547         548      8.30018e-06              1       3.18e-06  
   548         549      8.29837e-06              1       3.11e-06  
   549         550      8.29656e-06              1       3.18e-06  
   550         551      8.29477e-06              1       3.16e-06  
   551         552      8.29302e-06              1       3.32e-06  
   552         553       8.2913e-06              1       3.25e-06  
   553         554      8.28965e-06              1       2.85e-06  
   554         555      8.28806e-06              1       2.78e-06  
   555         556      8.28645e-06              1       3.12e-06  
   556         557       8.2847e-06              1       2.86e-06  
   557         558      8.28278e-06              1       3.54e-06  
   558         559      8.28083e-06              1       3.52e-06  
   559         560      8.27898e-06              1       3.05e-06  
                                                        First-order 
 Iteration  Func-count       f(x)        Step-size       optimality
   560         561      8.27724e-06              1       3.17e-06  
   561         562      8.27547e-06              1       3.15e-06  
   562         563      8.27354e-06              1       3.22e-06  
   563         564      8.27145e-06              1       3.35e-06  
   564         565      8.26927e-06              1       3.86e-06  
   565         566      8.26711e-06              1       4.06e-06  
   566         567      8.26501e-06              1       3.43e-06  
   567         568      8.26299e-06              1       3.47e-06  
   568         569      8.26101e-06              1       3.25e-06  
   569         570      8.25906e-06              1        3.7e-06  
   570         571      8.25715e-06              1       3.48e-06  
   571         572      8.25532e-06              1       3.87e-06  
   572         573      8.25361e-06              1       3.22e-06  
   573         574      8.25195e-06              1        3.4e-06  
   574         575      8.25025e-06              1       4.05e-06  
   575         576      8.24842e-06              1       3.44e-06  
   576         577      8.24656e-06              1       3.52e-06  
   577         578      8.24482e-06              1       2.87e-06  
   578         579      8.24328e-06              1       3.38e-06  
   579         580      8.24183e-06              1       3.14e-06  
                                                        First-order 
 Iteration  Func-count       f(x)        Step-size       optimality
   580         581      8.24036e-06              1       3.48e-06  
   581         582      8.23886e-06              1       3.72e-06  
   582         583       8.2374e-06              1       3.78e-06  
   583         584      8.23602e-06              1       3.59e-06  
   584         585      8.23465e-06              1       3.32e-06  
   585         586      8.23324e-06              1       3.02e-06  
   586         587      8.23181e-06              1       2.84e-06  
   587         588      8.23045e-06              1       3.02e-06  
   588         589      8.22916e-06              1       2.88e-06  
   589         590      8.22785e-06              1       2.96e-06  
   590         591      8.22644e-06              1       2.97e-06  
   591         592      8.22491e-06              1       2.91e-06  
   592         593      8.22329e-06              1       3.31e-06  
   593         594      8.22162e-06              1       3.54e-06  
   594         595      8.21989e-06              1       3.65e-06  
   595         596      8.21814e-06              1       3.48e-06  
   596         597      8.21638e-06              1       2.98e-06  
   597         598      8.21467e-06              1       3.02e-06  
   598         599      8.21308e-06              1       3.33e-06  
   599         600      8.21164e-06              1        2.8e-06  
                                                        First-order 
 Iteration  Func-count       f(x)        Step-size       optimality
   600         601       8.2103e-06              1       3.22e-06  
   601         602      8.20896e-06              1       3.09e-06  
   602         603       8.2076e-06              1       2.76e-06  
   603         604      8.20623e-06              1       2.64e-06  
   604         605      8.20492e-06              1       2.55e-06  
   605         606      8.20365e-06              1       2.58e-06  
   606         607      8.20236e-06              1       2.93e-06  
   607         608      8.20099e-06              1       2.62e-06  
   608         609      8.19956e-06              1       3.12e-06  
   609         610      8.19816e-06              1       2.55e-06  
   610         611      8.19681e-06              1       2.72e-06  
   611         612      8.19545e-06              1       2.86e-06  
   612         613      8.19411e-06              1       2.76e-06  
   613         614      8.19279e-06              1       2.86e-06  
   614         615      8.19152e-06              1       2.64e-06  
   615         616      8.19028e-06              1       2.71e-06  
   616         617      8.18911e-06              1        3.2e-06  
   617         618      8.18803e-06              1       2.61e-06  
   618         619      8.18701e-06              1       2.73e-06  
   619         620      8.18603e-06              1       2.63e-06  
                                                        First-order 
 Iteration  Func-count       f(x)        Step-size       optimality
   620         621      8.18507e-06              1       2.58e-06  
   621         622      8.18418e-06              1        2.1e-06  
   622         623      8.18336e-06              1       2.15e-06  
   623         624      8.18259e-06              1       2.51e-06  
   624         625      8.18188e-06              1       2.12e-06  
   625         626      8.18123e-06              1       1.78e-06  
   626         627      8.18067e-06              1       1.82e-06  
   627         628      8.18017e-06              1       1.55e-06  
   628         629      8.17969e-06              1       1.69e-06  
   629         630      8.17919e-06              1       1.63e-06  
   630         631      8.17866e-06              1       1.51e-06  
   631         632      8.17813e-06              1       1.64e-06  
   632         633      8.17761e-06              1       1.79e-06  
   633         634       8.1771e-06              1       1.93e-06  
   634         635      8.17658e-06              1       1.74e-06  
   635         636      8.17606e-06              1       1.76e-06  
   636         637      8.17555e-06              1       1.87e-06  
   637         638      8.17508e-06              1       1.64e-06  
   638         639      8.17464e-06              1       1.62e-06  
   639         640      8.17419e-06              1       1.57e-06  
                                                        First-order 
 Iteration  Func-count       f(x)        Step-size       optimality
   640         641      8.17369e-06              1        1.7e-06  
   641         642      8.17315e-06              1        1.7e-06  
   642         643       8.1726e-06              1       1.73e-06  
   643         644      8.17206e-06              1        1.8e-06  
   644         645      8.17154e-06              1       1.93e-06  
   645         646      8.17103e-06              1       1.98e-06  
   646         647      8.17053e-06              1       1.89e-06  
   647         648      8.17003e-06              1       1.67e-06  
   648         649      8.16951e-06              1       1.66e-06  
   649         650      8.16897e-06              1       1.92e-06  
   650         651      8.16843e-06              1       1.74e-06  
   651         652      8.16789e-06              1       1.63e-06  
   652         653      8.16736e-06              1       1.64e-06  
   653         654      8.16681e-06              1       1.62e-06  
   654         655      8.16624e-06              1       1.86e-06  
   655         656      8.16565e-06              1       1.81e-06  
   656         657      8.16505e-06              1       2.01e-06  
   657         658      8.16448e-06              1       1.78e-06  
   658         659      8.16393e-06              1       1.69e-06  
   659         660      8.16339e-06              1       1.85e-06  
                                                        First-order 
 Iteration  Func-count       f(x)        Step-size       optimality
   660         661      8.16285e-06              1       1.84e-06  
   661         662      8.16229e-06              1       1.92e-06  
   662         663      8.16171e-06              1       1.72e-06  
   663         664      8.16113e-06              1       1.87e-06  
   664         665      8.16052e-06              1       1.69e-06  
   665         666      8.15989e-06              1       1.71e-06  
   666         667      8.15925e-06              1       2.04e-06  
   667         668      8.15859e-06              1       1.89e-06  
   668         669      8.15791e-06              1       1.87e-06  
   669         670       8.1572e-06              1       1.85e-06  
   670         671      8.15647e-06              1        2.2e-06  
   671         672      8.15575e-06              1       2.11e-06  
   672         673      8.15506e-06              1       2.14e-06  
   673         674      8.15438e-06              1       2.07e-06  
   674         675      8.15369e-06              1       1.95e-06  
   675         676      8.15298e-06              1       1.86e-06  
   676         677      8.15223e-06              1       2.04e-06  
   677         678      8.15146e-06              1       2.06e-06  
   678         679      8.15065e-06              1        2.3e-06  
   679         680      8.14982e-06              1       2.45e-06  
                                                        First-order 
 Iteration  Func-count       f(x)        Step-size       optimality
   680         681      8.14899e-06              1        2.6e-06  
   681         682       8.1482e-06              1       2.36e-06  
   682         683      8.14745e-06              1       2.15e-06  
   683         684      8.14676e-06              1       2.16e-06  
   684         685      8.14612e-06              1       2.06e-06  
   685         686      8.14549e-06              1       2.25e-06  
   686         687      8.14485e-06              1       1.89e-06  
   687         688      8.14417e-06              1       1.74e-06  
   688         689      8.14345e-06              1       1.81e-06  
   689         690       8.1427e-06              1       2.14e-06  
   690         691      8.14191e-06              1       2.02e-06  
   691         692      8.14108e-06              1        2.2e-06  
   692         693      8.14024e-06              1       2.28e-06  
   693         694      8.13942e-06              1       2.42e-06  
   694         695      8.13863e-06              1          2e-06  
   695         696      8.13786e-06              1       2.03e-06  
   696         697      8.13714e-06              1       2.09e-06  
   697         698       8.1365e-06              1        1.9e-06  
   698         699      8.13593e-06              1       2.09e-06  
   699         700       8.1354e-06              1       1.82e-06  
                                                        First-order 
 Iteration  Func-count       f(x)        Step-size       optimality
   700         701      8.13486e-06              1       1.85e-06  
   701         702      8.13427e-06              1       2.25e-06  
   702         703      8.13365e-06              1       1.93e-06  
   703         704      8.13303e-06              1        1.6e-06  
   704         705      8.13244e-06              1        1.6e-06  
   705         706      8.13191e-06              1        1.7e-06  
   706         707      8.13141e-06              1       1.48e-06  
   707         708       8.1309e-06              1       1.72e-06  
   708         709      8.13038e-06              1       1.76e-06  
   709         710      8.12982e-06              1        1.6e-06  
   710         711      8.12925e-06              1       1.62e-06  
   711         712      8.12871e-06              1       1.78e-06  
   712         713       8.1282e-06              1       1.61e-06  
   713         714      8.12772e-06              1       1.78e-06  
   714         715      8.12723e-06              1       1.87e-06  
   715         716      8.12672e-06              1       1.93e-06  
   716         717      8.12621e-06              1       2.15e-06  
   717         718      8.12572e-06              1       1.75e-06  
   718         719      8.12525e-06              1       1.61e-06  
   719         720      8.12478e-06              1       1.68e-06  
                                                        First-order 
 Iteration  Func-count       f(x)        Step-size       optimality
   720         721       8.1243e-06              1       1.69e-06  
   721         722       8.1238e-06              1       1.99e-06  
   722         723       8.1233e-06              1       1.97e-06  
   723         724       8.1228e-06              1       1.84e-06  
   724         725      8.12231e-06              1       1.71e-06  
   725         726      8.12181e-06              1       1.88e-06  
   726         727      8.12132e-06              1       1.97e-06  
   727         728      8.12085e-06              1       1.66e-06  
   728         729      8.12041e-06              1       1.45e-06  
   729         730         8.12e-06              1       1.49e-06  
   730         731      8.11961e-06              1       1.39e-06  
   731         732       8.1192e-06              1       1.68e-06  
   732         733      8.11877e-06              1       1.98e-06  
   733         734      8.11831e-06              1       1.95e-06  
   734         735      8.11782e-06              1       1.97e-06  
   735         736      8.11734e-06              1       1.75e-06  
   736         737      8.11686e-06              1       1.57e-06  
   737         738      8.11638e-06              1       1.56e-06  
   738         739      8.11591e-06              1       1.53e-06  
   739         740      8.11548e-06              1       1.44e-06  
                                                        First-order 
 Iteration  Func-count       f(x)        Step-size       optimality
   740         741      8.11507e-06              1       1.65e-06  
   741         742      8.11466e-06              1        1.8e-06  
   742         743      8.11425e-06              1       1.97e-06  
   743         744      8.11384e-06              1       1.81e-06  
   744         745      8.11344e-06              1       1.54e-06  
   745         746      8.11308e-06              1       1.29e-06  
   746         747      8.11275e-06              1       1.49e-06  
   747         748      8.11244e-06              1       1.36e-06  
   748         749      8.11213e-06              1       1.69e-06  
   749         750      8.11181e-06              1       1.71e-06  
   750         751       8.1115e-06              1       1.37e-06  
   751         752       8.1112e-06              1       1.31e-06  
   752         753      8.11089e-06              1       1.37e-06  
   753         754      8.11056e-06              1       1.39e-06  
   754         755      8.11021e-06              1       1.59e-06  
   755         756      8.10984e-06              1       1.43e-06  
   756         757      8.10949e-06              1       1.35e-06  
   757         758      8.10917e-06              1       1.14e-06  
   758         759      8.10884e-06              1        1.4e-06  
   759         760      8.10851e-06              1       2.14e-06  
                                                        First-order 
 Iteration  Func-count       f(x)        Step-size       optimality
   760         761      8.10815e-06              1       1.58e-06  
   761         762      8.10778e-06              1       1.48e-06  
   762         763      8.10741e-06              1        1.5e-06  
   763         764      8.10703e-06              1       1.75e-06  
   764         765      8.10667e-06              1       1.93e-06  
   765         766      8.10634e-06              1       1.45e-06  
   766         767      8.10602e-06              1       1.53e-06  
   767         768       8.1057e-06              1       1.51e-06  
   768         769      8.10537e-06              1       1.44e-06  
   769         770      8.10503e-06              1       1.56e-06  
   770         771      8.10469e-06              1       1.25e-06  
   771         772      8.10435e-06              1       1.42e-06  
   772         773      8.10402e-06              1       1.59e-06  
   773         774      8.10369e-06              1       1.67e-06  
   774         775      8.10336e-06              1        1.7e-06  
   775         776      8.10306e-06              1       1.36e-06  
   776         777      8.10279e-06              1       1.16e-06  
   777         778      8.10253e-06              1       1.19e-06  
   778         779      8.10227e-06              1       1.28e-06  
   779         780      8.10199e-06              1       1.44e-06  
                                                        First-order 
 Iteration  Func-count       f(x)        Step-size       optimality
   780         781       8.1017e-06              1       1.29e-06  
   781         782      8.10142e-06              1       1.48e-06  
   782         783      8.10113e-06              1       1.32e-06  
   783         784      8.10084e-06              1       1.49e-06  
   784         785      8.10053e-06              1       1.64e-06  
   785         786      8.10021e-06              1        1.5e-06  
   786         787       8.0999e-06              1       1.35e-06  
   787         788      8.09959e-06              1       1.46e-06  
   788         789      8.09926e-06              1       1.28e-06  
   789         790      8.09894e-06              1       1.28e-06  
   790         791      8.09862e-06              1       1.49e-06  
   791         792      8.09831e-06              1       1.33e-06  
   792         793        8.098e-06              1       1.45e-06  
   793         794      8.09771e-06              1       1.28e-06  
   794         795      8.09745e-06              1       1.14e-06  
   795         796      8.09722e-06              1       1.22e-06  
   796         797        8.097e-06              1       1.07e-06  
   797         798      8.09676e-06              1        1.2e-06  
   798         799       8.0965e-06              1       1.33e-06  
   799         800      8.09623e-06              1       1.53e-06  
                                                        First-order 
 Iteration  Func-count       f(x)        Step-size       optimality
   800         801      8.09597e-06              1       1.55e-06  
   801         802      8.09572e-06              1       1.33e-06  
   802         803      8.09548e-06              1       1.23e-06  
   803         804      8.09522e-06              1       1.45e-06  
   804         805      8.09493e-06              1       1.31e-06  
   805         806      8.09463e-06              1       1.21e-06  
   806         807      8.09433e-06              1       1.05e-06  
   807         808      8.09405e-06              1       1.48e-06  
   808         809      8.09378e-06              1       1.33e-06  
   809         810      8.09354e-06              1       1.41e-06  
   810         811      8.09331e-06              1       1.09e-06  
   811         812      8.09311e-06              1       1.14e-06  
   812         813      8.09293e-06              1       9.96e-07  
   813         814      8.09274e-06              1       1.15e-06  
   814         815      8.09255e-06              1       1.16e-06  
   815         816      8.09236e-06              1       1.09e-06  
   816         817      8.09218e-06              1       1.02e-06  
   817         818        8.092e-06              1       9.83e-07  
   818         819      8.09183e-06              1       1.17e-06  
   819         820      8.09166e-06              1        1.2e-06  
                                                        First-order 
 Iteration  Func-count       f(x)        Step-size       optimality
   820         821      8.09148e-06              1       9.52e-07  
   821         822       8.0913e-06              1       9.57e-07  
   822         823      8.09112e-06              1       1.03e-06  
   823         824      8.09094e-06              1       9.32e-07  
   824         825      8.09078e-06              1       9.43e-07  
   825         826      8.09062e-06              1       1.07e-06  
   826         827      8.09048e-06              1       8.89e-07  
   827         828      8.09035e-06              1        9.8e-07  
   828         829      8.09021e-06              1        8.3e-07  
   829         830      8.09008e-06              1       1.11e-06  
   830         831      8.08993e-06              1        1.1e-06  
   831         832      8.08979e-06              1        9.7e-07  
   832         833      8.08964e-06              1       8.75e-07  
   833         834       8.0895e-06              1       1.01e-06  
   834         835      8.08936e-06              1       1.08e-06  
   835         836      8.08921e-06              1       9.07e-07  
   836         837      8.08906e-06              1       1.11e-06  
   837         838      8.08891e-06              1       9.21e-07  
   838         839      8.08879e-06              1       7.09e-07  
   839         840      8.08868e-06              1       6.94e-07  
                                                        First-order 
 Iteration  Func-count       f(x)        Step-size       optimality
   840         841      8.08858e-06              1       7.12e-07  
   841         842      8.08849e-06              1        8.2e-07  
   842         843       8.0884e-06              1       6.94e-07  
   843         844      8.08832e-06              1       7.57e-07  
   844         845      8.08824e-06              1       7.38e-07  
   845         846      8.08817e-06              1       6.67e-07  
   846         847      8.08811e-06              1       5.52e-07  
   847         848      8.08805e-06              1        5.7e-07  
   848         849        8.088e-06              1       4.98e-07  
   849         850      8.08795e-06              1       5.47e-07  
   850         851       8.0879e-06              1       4.45e-07  
   851         852      8.08785e-06              1       4.94e-07  
   852         853       8.0878e-06              1       4.88e-07  
   853         854      8.08776e-06              1        4.5e-07  
   854         855      8.08771e-06              1       5.02e-07  
   855         856      8.08767e-06              1       5.01e-07  
   856         857      8.08763e-06              1       5.24e-07  
   857         858      8.08759e-06              1        4.9e-07  
   858         859      8.08755e-06              1       5.36e-07  
   859         860      8.08751e-06              1        5.2e-07  
                                                        First-order 
 Iteration  Func-count       f(x)        Step-size       optimality
   860         861      8.08747e-06              1       4.92e-07  
   861         862      8.08744e-06              1       4.21e-07  
   862         863       8.0874e-06              1       4.46e-07  
   863         864      8.08737e-06              1       3.73e-07  
   864         865      8.08734e-06              1       3.54e-07  
   865         866      8.08732e-06              1       3.51e-07  
   866         867      8.08729e-06              1       3.53e-07  
   867         868      8.08727e-06              1       3.62e-07  
   868         869      8.08724e-06              1       3.86e-07  
   869         870      8.08721e-06              1       3.69e-07  
   870         871      8.08719e-06              1       4.17e-07  
   871         872      8.08717e-06              1       3.73e-07  
   872         873      8.08715e-06              1       3.33e-07  
   873         874      8.08713e-06              1       3.22e-07  
   874         875      8.08711e-06              1       3.02e-07  
   875         876      8.08709e-06              1       3.08e-07  
   876         877      8.08707e-06              1       3.13e-07  
   877         878      8.08706e-06              1       2.72e-07  
   878         879      8.08704e-06              1       2.45e-07  
   879         880      8.08703e-06              1       2.75e-07  
                                                        First-order 
 Iteration  Func-count       f(x)        Step-size       optimality
   880         881      8.08702e-06              1       2.69e-07  
   881         882      8.08701e-06              1       2.42e-07  
   882         883        8.087e-06              1       2.75e-07  
   883         884      8.08699e-06              1       2.23e-07  
   884         885      8.08698e-06              1       2.27e-07  
   885         886      8.08697e-06              1       2.15e-07  
   886         887      8.08696e-06              1       2.36e-07  
   887         888      8.08695e-06              1       2.84e-07  
   888         889      8.08693e-06              1       2.67e-07  
   889         890      8.08692e-06              1       2.58e-07  
   890         891      8.08691e-06              1       2.83e-07  
   891         892      8.08689e-06              1       2.57e-07  
   892         893      8.08688e-06              1       2.57e-07  
   893         894      8.08687e-06              1        2.4e-07  
   894         895      8.08686e-06              1        2.5e-07  
   895         896      8.08685e-06              1       2.29e-07  
   896         897      8.08684e-06              1       2.63e-07  
   897         898      8.08683e-06              1       2.45e-07  
   898         899      8.08682e-06              1       2.57e-07  
   899         900      8.08681e-06              1       2.34e-07  
                                                        First-order 
 Iteration  Func-count       f(x)        Step-size       optimality
   900         901       8.0868e-06              1       2.32e-07  
   901         902      8.08678e-06              1       2.34e-07  
   902         903      8.08677e-06              1       2.07e-07  
   903         904      8.08676e-06              1       2.38e-07  
   904         905      8.08676e-06              1       2.35e-07  
   905         906      8.08675e-06              1       2.62e-07  
   906         907      8.08674e-06              1       2.05e-07  
   907         908      8.08673e-06              1       2.23e-07  
   908         909      8.08672e-06              1       2.34e-07  
   909         910      8.08672e-06              1       2.32e-07  
   910         911      8.08671e-06              1       1.63e-07  
   911         912      8.08671e-06              1       1.88e-07  
   912         913       8.0867e-06              1        2.1e-07  
   913         914      8.08669e-06              1          2e-07  
   914         915      8.08669e-06              1       1.73e-07  
   915         916      8.08668e-06              1       1.58e-07  
   916         917      8.08668e-06              1       1.97e-07  
   917         918      8.08667e-06              1       2.08e-07  
   918         919      8.08666e-06              1       1.75e-07  
   919         920      8.08666e-06              1       1.66e-07  
                                                        First-order 
 Iteration  Func-count       f(x)        Step-size       optimality
   920         921      8.08665e-06              1       1.57e-07  
   921         922      8.08665e-06              1       1.53e-07  
   922         923      8.08665e-06              1        1.6e-07  
   923         924      8.08664e-06              1       1.43e-07  
   924         925      8.08664e-06              1       1.33e-07  
   925         926      8.08663e-06              1       1.53e-07  
   926         927      8.08663e-06              1       1.47e-07  
   927         928      8.08663e-06              1       1.42e-07  
   928         929      8.08662e-06              1       1.43e-07  
   929         930      8.08662e-06              1       1.62e-07  
   930         931      8.08661e-06              1        1.7e-07  
   931         932      8.08661e-06              1       1.45e-07  
   932         933       8.0866e-06              1       1.55e-07  
   933         934       8.0866e-06              1       1.82e-07  
   934         935      8.08659e-06              1       1.82e-07  
   935         936      8.08659e-06              1        2.1e-07  
   936         937      8.08658e-06              1       1.82e-07  
   937         938      8.08658e-06              1       1.57e-07  
   938         939      8.08658e-06              1       1.61e-07  
   939         940      8.08657e-06              1       1.43e-07  
                                                        First-order 
 Iteration  Func-count       f(x)        Step-size       optimality
   940         941      8.08657e-06              1       1.49e-07  
   941         942      8.08656e-06              1       1.43e-07  
   942         943      8.08656e-06              1       1.57e-07  
   943         944      8.08656e-06              1       1.57e-07  
   944         945      8.08655e-06              1        1.5e-07  
   945         946      8.08655e-06              1       1.45e-07  
   946         947      8.08654e-06              1        1.8e-07  
   947         948      8.08654e-06              1       1.67e-07  
   948         949      8.08654e-06              1       1.19e-07  
   949         950      8.08653e-06              1       1.23e-07  
   950         951      8.08653e-06              1       1.22e-07  
   951         952      8.08653e-06              1       1.45e-07  
   952         953      8.08653e-06              1       1.28e-07  
   953         954      8.08652e-06              1        1.4e-07  
   954         955      8.08652e-06              1       1.36e-07  
   955         956      8.08652e-06              1       1.34e-07  
   956         957      8.08652e-06              1       1.33e-07  
   957         958      8.08651e-06              1       1.25e-07  
   958         959      8.08651e-06              1       1.21e-07  
   959         960      8.08651e-06              1       1.35e-07  
                                                        First-order 
 Iteration  Func-count       f(x)        Step-size       optimality
   960         961      8.08651e-06              1       1.34e-07  
   961         962      8.08651e-06              1       1.14e-07  
   962         963       8.0865e-06              1       1.14e-07  
   963         964       8.0865e-06              1       1.07e-07  
   964         965       8.0865e-06              1       1.06e-07  
   965         966       8.0865e-06              1       1.11e-07  
   966         967      8.08649e-06              1        1.1e-07  
   967         968      8.08649e-06              1          1e-07  

Optimization completed: The <a href = "matlab: helpview([docroot '/toolbox/optim/msg_csh/optim_msg_csh.map'],'first_order_opt_unc','CSHelpWindow');">first-order optimality measure</a>, 9.754312e-08, is less 
than <a href = "matlab: helpview([docroot '/toolbox/optim/msg_csh/optim_msg_csh.map'],'tolfun','CSHelpWindow');">options.TolFun</a> = 1.000000e-07.

Optimization Metric                                            Options
relative norm(gradient) =   9.75e-08                  TolFun =   1e-07 (selected)

