Starting parallel pool (parpool) using the 'local' profile ... connected to 4 workers.
                                                        First-order 
 Iteration  Func-count       f(x)        Step-size       optimality
     0           1           959547                      2.19e+05
     1           2           417441    4.56757e-06          7e+04  
     2           3           222217              1       3.79e+04  
     3           4           116450              1       1.28e+04  
{Operation terminated by user during
<a href="matlab:matlab.internal.language.introspective.errorDocCallback('distcomp.remoteparfor/awaitCompletionDisplayingOutput', '/usr/local/MATLAB/R2015a/toolbox/distcomp/distcomp/+distcomp/remoteparfor.m', 206)" style="font-weight:bold">distcomp.remoteparfor/awaitCompletionDisplayingOutput</a> (<a href="matlab: opentoline('/usr/local/MATLAB/R2015a/toolbox/distcomp/distcomp/+distcomp/remoteparfor.m',206,0)">line 206</a>)

In <a href="matlab:matlab.internal.language.introspective.errorDocCallback('distcomp.remoteparfor/complete', '/usr/local/MATLAB/R2015a/toolbox/distcomp/distcomp/+distcomp/remoteparfor.m', 116)" style="font-weight:bold">distcomp.remoteparfor/complete</a> (<a href="matlab: opentoline('/usr/local/MATLAB/R2015a/toolbox/distcomp/distcomp/+distcomp/remoteparfor.m',116,0)">line 116</a>)
            obj.awaitCompletionDisplayingOutput();
In <a href="matlab:matlab.internal.language.introspective.errorDocCallback('parallel_function>distributed_execution', '/usr/local/MATLAB/R2015a/toolbox/matlab/lang/parallel_function.p', 847)" style="font-weight:bold">parallel_function>distributed_execution</a> (<a href="matlab: opentoline('/usr/local/MATLAB/R2015a/toolbox/matlab/lang/parallel_function.p',847,0)">line 847</a>)
P.complete();
In <a href="matlab:matlab.internal.language.introspective.errorDocCallback('parallel_function', '/usr/local/MATLAB/R2015a/toolbox/matlab/lang/parallel_function.p', 587)" style="font-weight:bold">parallel_function</a> (<a href="matlab: opentoline('/usr/local/MATLAB/R2015a/toolbox/matlab/lang/parallel_function.p',587,0)">line 587</a>)
        R = distributed_execution(...
In <a href="matlab:matlab.internal.language.introspective.errorDocCallback('eigencost', '/home/ultimate/invspec/mcode/eigencost.m', 41)" style="font-weight:bold">eigencost</a> (<a href="matlab: opentoline('/home/ultimate/invspec/mcode/eigencost.m',41,0)">line 41</a>)
    parfor i = 1:(numeig-eig0+1) % iterate relevant eigenvalue
In <a href="matlab:matlab.internal.language.introspective.errorDocCallback('main>@(s)eigencost(s,M,L,D_T,neig,reg)', '/home/ultimate/invspec/mcode/main.m', 98)" style="font-weight:bold">main>@(s)eigencost(s,M,L,D_T,neig,reg)</a> (<a href="matlab: opentoline('/home/ultimate/invspec/mcode/main.m',98,0)">line 98</a>)
  test = @(s) eigencost(s,M,L,D_T,neig,reg);
In lineSearch>bracketingPhase (line 153)


In lineSearch (line 64)


In <a href="matlab:matlab.internal.language.introspective.errorDocCallback('fminusub', '/usr/local/MATLAB/R2015a/toolbox/optim/optim/private/fminusub.m', 202)" style="font-weight:bold">fminusub</a> (<a href="matlab: opentoline('/usr/local/MATLAB/R2015a/toolbox/optim/optim/private/fminusub.m',202,0)">line 202</a>)
    [alpha,f,grad,exitflagLnSrch,funcCountLnSrch,faultTolStruct] = ...
In <a href="matlab:matlab.internal.language.introspective.errorDocCallback('fminunc', '/usr/local/MATLAB/R2015a/toolbox/optim/optim/fminunc.m', 445)" style="font-weight:bold">fminunc</a> (<a href="matlab: opentoline('/usr/local/MATLAB/R2015a/toolbox/optim/optim/fminunc.m',445,0)">line 445</a>)
   [x,FVAL,GRAD,HESSIAN,EXITFLAG,OUTPUT] = fminusub(funfcn,x, ...
In <a href="matlab:matlab.internal.language.introspective.errorDocCallback('main', '/home/ultimate/invspec/mcode/main.m', 101)" style="font-weight:bold">main</a> (<a href="matlab: opentoline('/home/ultimate/invspec/mcode/main.m',101,0)">line 101</a>)
  [s,J_hist] = fminunc(test,s0,options);
In <a href="matlab:matlab.internal.language.introspective.errorDocCallback('test_script', '/home/ultimate/invspec/mcode/test_script.m', 69)" style="font-weight:bold">test_script</a> (<a href="matlab: opentoline('/home/ultimate/invspec/mcode/test_script.m',69,0)">line 69</a>)
  [v,v_T,v_end,f,f_T,s_end,s_T,J_hist,Jc_hist,...} 
MEvent. CASE!
MEvent. CASE!
MEvent. CASE!
MEvent. CASE!
MEvent. CASE!
MEvent. CASE!
MEvent. CASE!
MEvent. CASE!
test_script
                                                        First-order 
 Iteration  Func-count       f(x)        Step-size       optimality
     0           1           959547                      2.19e+05
     1           2           417441    4.56757e-06          7e+04  
     2           3           222217              1       3.79e+04  
     3           4           116450              1       1.28e+04  
     4           5          68068.8              1       9.53e+03  
     5           6          38987.1              1       6.06e+03  
     6           7          23427.9              1       3.28e+03  
     7           8          14867.6              1       1.52e+03  
{Operation terminated by user during <a href="matlab:matlab.internal.language.introspective.errorDocCallback('eigs/AminusSigmaBsolve', '/usr/local/MATLAB/R2015a/toolbox/matlab/sparfun/eigs.m', 1213)" style="font-weight:bold">eigs/AminusSigmaBsolve</a> (<a href="matlab: opentoline('/usr/local/MATLAB/R2015a/toolbox/matlab/sparfun/eigs.m',1213,0)">line 1213</a>)

In <a href="matlab:matlab.internal.language.introspective.errorDocCallback('eigs>@(v)AminusSigmaBsolve(Bmtimes(v))', '/usr/local/MATLAB/R2015a/toolbox/matlab/sparfun/eigs.m', 149)" style="font-weight:bold">eigs>@(v)AminusSigmaBsolve(Bmtimes(v))</a> (<a href="matlab: opentoline('/usr/local/MATLAB/R2015a/toolbox/matlab/sparfun/eigs.m',149,0)">line 149</a>)
        applyOP = @(v)AminusSigmaBsolve(Bmtimes(v));
In <a href="matlab:matlab.internal.language.introspective.errorDocCallback('eigs', '/usr/local/MATLAB/R2015a/toolbox/matlab/sparfun/eigs.m', 267)" style="font-weight:bold">eigs</a> (<a href="matlab: opentoline('/usr/local/MATLAB/R2015a/toolbox/matlab/sparfun/eigs.m',267,0)">line 267</a>)
            workd(:,cols(2)) = applyOP(workd(:,cols(1)));
In <a href="matlab:matlab.internal.language.introspective.errorDocCallback('eigvf', '/home/ultimate/invspec/mcode/eigvf.m', 20)" style="font-weight:bold">eigvf</a> (<a href="matlab: opentoline('/home/ultimate/invspec/mcode/eigvf.m',20,0)">line 20</a>)
    [V,D] = eigs(L,M,numeig,-1e-6);
In <a href="matlab:matlab.internal.language.introspective.errorDocCallback('eigencost', '/home/ultimate/invspec/mcode/eigencost.m', 21)" style="font-weight:bold">eigencost</a> (<a href="matlab: opentoline('/home/ultimate/invspec/mcode/eigencost.m',21,0)">line 21</a>)
[V,lambda] = eigvf(L,diag(1./exp(s))*M,numeig); % log-conformal factors
In <a href="matlab:matlab.internal.language.introspective.errorDocCallback('main>@(s)eigencost(s,M,L,D_T,neig,reg)', '/home/ultimate/invspec/mcode/main.m', 98)" style="font-weight:bold">main>@(s)eigencost(s,M,L,D_T,neig,reg)</a> (<a href="matlab: opentoline('/home/ultimate/invspec/mcode/main.m',98,0)">line 98</a>)
  test = @(s) eigencost(s,M,L,D_T,neig,reg);
In lineSearch>bracketingPhase (line 153)


In lineSearch (line 64)


In <a href="matlab:matlab.internal.language.introspective.errorDocCallback('fminusub', '/usr/local/MATLAB/R2015a/toolbox/optim/optim/private/fminusub.m', 202)" style="font-weight:bold">fminusub</a> (<a href="matlab: opentoline('/usr/local/MATLAB/R2015a/toolbox/optim/optim/private/fminusub.m',202,0)">line 202</a>)
    [alpha,f,grad,exitflagLnSrch,funcCountLnSrch,faultTolStruct] = ...
In <a href="matlab:matlab.internal.language.introspective.errorDocCallback('fminunc', '/usr/local/MATLAB/R2015a/toolbox/optim/optim/fminunc.m', 445)" style="font-weight:bold">fminunc</a> (<a href="matlab: opentoline('/usr/local/MATLAB/R2015a/toolbox/optim/optim/fminunc.m',445,0)">line 445</a>)
   [x,FVAL,GRAD,HESSIAN,EXITFLAG,OUTPUT] = fminusub(funfcn,x, ...
In <a href="matlab:matlab.internal.language.introspective.errorDocCallback('main', '/home/ultimate/invspec/mcode/main.m', 101)" style="font-weight:bold">main</a> (<a href="matlab: opentoline('/home/ultimate/invspec/mcode/main.m',101,0)">line 101</a>)
  [s,J_hist] = fminunc(test,s0,options);
In <a href="matlab:matlab.internal.language.introspective.errorDocCallback('test_script', '/home/ultimate/invspec/mcode/test_script.m', 69)" style="font-weight:bold">test_script</a> (<a href="matlab: