flow iter#1; |dv| = 4.92506
flow iter#2; |dv| = 1.23732
flow iter#3; |dv| = 1.49235
flow iter#4; |dv| = 1.96522
flow iter#5; |dv| = 1.60902
flow iter#6; |dv| = 0.88346
flow iter#7; |dv| = 0.254792
flow iter#8; |dv| = 0.26152
flow iter#9; |dv| = 0.369201
flow iter#10; |dv| = 0.312229
flow iter#11; |dv| = 0.186444
flow iter#12; |dv| = 0.0692117
flow iter#13; |dv| = 0.0292212
flow iter#14; |dv| = 0.053682
flow iter#15; |dv| = 0.0524809
flow iter#16; |dv| = 0.0356872
flow iter#17; |dv| = 0.0166984
flow iter#18; |dv| = 0.00614212
flow iter#19; |dv| = 0.00883343
flow iter#20; |dv| = 0.00980038
flow iter#21; |dv| = 0.0080425
flow iter#22; |dv| = 0.00586178
flow iter#23; |dv| = 0.00487326
                                                        First-order 
 Iteration  Func-count       f(x)        Step-size       optimality
     0           1        0.0520631                       0.00244
     1           4        0.0265746             91        0.00138  
     2           5        0.0141278              1        0.00198  
     3           6       0.00302989              1       0.000634  
     4           7      0.000755376              1       0.000161  
     5           8      0.000613543              1       9.99e-05  
     6           9      0.000494885              1       0.000136  
     7          10      0.000294131              1       0.000164  
     8          11      0.000157252              1       0.000116  
     9          12      2.98332e-05              1       2.12e-05  
    10          13      1.42832e-05              1       2.87e-05  
    11          14      1.16932e-05              1       5.34e-06  
    12          15      1.14351e-05              1          5e-06  
    13          16       1.0863e-05              1       5.05e-06  
    14          17      1.03492e-05              1        6.2e-06  
    15          18      9.97023e-06              1       4.14e-06  
    16          19      9.83692e-06              1       2.37e-06  
    17          20      9.74455e-06              1       3.27e-06  
    18          21      9.55225e-06              1       4.77e-06  
    19          22      9.31525e-06              1       6.03e-06  
                                                        First-order 
 Iteration  Func-count       f(x)        Step-size       optimality
    20          23      9.13573e-06              1       5.03e-06  
    21          24      9.01645e-06              1       3.09e-06  
    22          25      8.95003e-06              1       2.83e-06  
    23          26      8.88314e-06              1       2.62e-06  
    24          27      8.83304e-06              1       2.31e-06  
    25          28      8.80362e-06              1       1.93e-06  
    26          29      8.76555e-06              1       1.99e-06  
    27          30      8.69044e-06              1       3.13e-06  
    28          31      8.50976e-06              1       4.87e-06  
    29          32      8.00155e-06              1       5.94e-06  
    30          33      7.58129e-06              1       5.82e-06  
    31          34      7.00823e-06              1       1.22e-05  
    32          35       6.7238e-06              1       7.55e-06  
    33          36      6.53208e-06              1       4.81e-06  
    34          37      6.25135e-06              1       6.46e-06  
    35          38      5.73883e-06              1       1.25e-05  
    36          39      5.27314e-06              1       1.37e-05  
    37          40      4.52902e-06              1       1.48e-05  
    38          41      3.93988e-06              1       6.61e-06  
    39          43      3.53592e-06       0.605314       1.22e-05  
                                                        First-order 
 Iteration  Func-count       f(x)        Step-size       optimality
    40          44      3.09959e-06              1       6.97e-06  
    41          45      2.95971e-06              1       5.49e-06  
    42          46      2.83068e-06              1       5.61e-06  
    43          47      2.63553e-06              1       7.03e-06  
    44          48      2.47097e-06              1       1.12e-05  
    45          49      2.41227e-06              1       7.84e-06  
    46          50      2.17864e-06              1       4.02e-06  
    47          51      2.12267e-06              1       7.44e-06  
    48          52      2.01471e-06              1       5.23e-06  
    49          54      1.99252e-06       0.359377       3.03e-06  
    50          55      1.99127e-06              1       3.46e-06  
    51          56      1.97064e-06              1       3.18e-06  
    52          57       1.9659e-06              1       3.51e-06  
    53          58      1.93255e-06              1       3.33e-06  
    54          59       1.9074e-06              1       3.49e-06  
    55          60      1.85313e-06              1       3.23e-06  
    56          62       1.6746e-06            0.5       3.96e-06  
    57          63      1.60688e-06              1       3.89e-06  
    58          64      1.51223e-06              1       5.47e-06  
    59          65      1.42075e-06              1       4.65e-06  
                                                        First-order 
 Iteration  Func-count       f(x)        Step-size       optimality
    60          66       1.3455e-06              1       3.87e-06  
    61          67      1.31346e-06              1       2.92e-06  
    62          68      1.29338e-06              1       3.13e-06  
    63          69      1.26541e-06              1       3.06e-06  
    64          71       1.2552e-06       0.342195       4.89e-06  
    65          72       1.2298e-06              1        3.8e-06  
    66          73      1.14855e-06              1       3.19e-06  
    67          74      1.06087e-06              1       3.42e-06  
    68          75      9.68054e-07              1       4.16e-06  
    69          76      8.96324e-07              1       3.88e-06  
    70          77      8.68005e-07              1       4.13e-06  
    71          78      8.24403e-07              1       2.97e-06  
    72          79      7.93752e-07              1        3.4e-06  
    73          80      7.45694e-07              1       3.56e-06  
    74          81      6.67731e-07              1       3.48e-06  
    75          82      5.89646e-07              1       4.31e-06  
    76          83      5.21892e-07              1       2.37e-06  
    77          84      4.87834e-07              1       2.36e-06  
    78          85      4.72821e-07              1        3.1e-06  
    79          87      4.59268e-07       0.427209       2.69e-06  
                                                        First-order 
 Iteration  Func-count       f(x)        Step-size       optimality
    80          88      4.41988e-07              1       2.15e-06  
    81          89       4.1358e-07              1       3.02e-06  
    82          90      3.66338e-07              1       3.09e-06  
    83          91      3.19599e-07              1        6.3e-06  
    84          92      2.71515e-07              1       1.18e-06  
    85          93       2.3325e-07              1       1.15e-06  
    86          94      2.17577e-07              1       2.53e-06  
    87          95      2.03682e-07              1       2.29e-06  
    88          96      1.77455e-07              1       2.38e-06  
    89          97      1.52876e-07              1       2.69e-06  
    90          98      1.34563e-07              1       1.64e-06  
    91          99      1.26161e-07              1       8.73e-07  
    92         100      1.19462e-07              1       8.94e-07  
    93         101      1.13246e-07              1       9.45e-07  
    94         102       1.0768e-07              1        9.3e-07  
    95         103      1.01235e-07              1       7.87e-07  
    96         104      9.16387e-08              1       6.62e-07  
    97         105       8.2467e-08              1       5.84e-07  
    98         106      7.70199e-08              1        9.7e-07  
    99         107      7.22933e-08              1       7.34e-07  
                                                        First-order 
 Iteration  Func-count       f(x)        Step-size       optimality
   100         108      7.02386e-08              1        3.5e-07  
   101         109      6.72254e-08              1       5.52e-07  
   102         110      6.52468e-08              1       5.72e-07  
   103         111      6.30896e-08              1       5.13e-07  
   104         112      6.01406e-08              1       3.22e-07  
   105         113      5.58764e-08              1       4.73e-07  
   106         114      5.15364e-08              1       6.79e-07  
   107         115      4.71094e-08              1       7.73e-07  
   108         116      4.13517e-08              1       7.06e-07  
   109         117       3.4682e-08              1       4.68e-07  
   110         118      2.81924e-08              1       4.27e-07  
   111         119      2.32966e-08              1       3.61e-07  
   112         120      2.09949e-08              1       2.98e-07  
   113         121      1.97621e-08              1       2.46e-07  
   114         123       1.8527e-08        0.67011       5.87e-07  
   115         124      1.62754e-08              1       3.66e-07  
   116         125      1.48036e-08              1       3.17e-07  
   117         126      1.39738e-08              1       2.28e-07  
   118         127      1.34443e-08              1       1.47e-07  
   119         128      1.31008e-08              1       1.47e-07  
                                                        First-order 
 Iteration  Func-count       f(x)        Step-size       optimality
   120         129      1.12713e-08              1       1.84e-07  
   121         130      1.02113e-08              1       3.07e-07  
   122         131      9.42357e-09              1        2.9e-07  
   123         132      8.96398e-09              1       1.96e-07  
   124         133      8.65145e-09              1       1.66e-07  
   125         134      8.15379e-09              1       2.45e-07  
   126         135      7.23375e-09              1       2.63e-07  
   127         136      6.52418e-09              1       2.76e-07  
   128         137      5.99282e-09              1       1.78e-07  
   129         138      5.63033e-09              1       1.05e-07  
   130         139      5.53618e-09              1       1.14e-07  
   131         140      5.45685e-09              1        1.4e-07  
   132         141      5.35408e-09              1       1.61e-07  
   133         142      5.16801e-09              1       1.68e-07  
   134         143       4.7618e-09              1       1.56e-07  
   135         144      4.02603e-09              1       1.48e-07  
   136         145        3.034e-09              1       1.14e-07  
   137         146      2.19325e-09              1       1.94e-07  
   138         147      1.86914e-09              1       1.67e-07  
   139         148      1.79218e-09              1       2.03e-07  
                                                        First-order 
 Iteration  Func-count       f(x)        Step-size       optimality
   140         149      1.66876e-09              1       1.07e-07  
   141         150      1.58532e-09              1       6.26e-08  
   142         151      1.52887e-09              1       1.11e-07  
   143         152      1.42685e-09              1       1.45e-07  
   144         153      1.22316e-09              1       1.62e-07  
   145         154      9.09376e-10              1        1.4e-07  
   146         155      6.18089e-10              1       7.92e-08  
   147         156      4.70173e-10              1       2.68e-08  
   148         157      4.29134e-10              1       1.55e-08  
   149         158       4.2257e-10              1       1.72e-08  
   150         159      4.19438e-10              1       1.45e-08  
   151         160      4.17112e-10              1       9.91e-09  
   152         161      4.15068e-10              1       1.39e-08  
   153         162      4.10803e-10              1       2.19e-08  
   154         163      4.00608e-10              1       3.31e-08  
   155         164      3.75569e-10              1       4.95e-08  
   156         165      3.19654e-10              1       6.91e-08  
   157         166      2.20847e-10              1       7.63e-08  
   158         167      1.29155e-10              1       6.04e-08  
   159         168      8.76588e-11              1       3.13e-08  
                                                        First-order 
 Iteration  Func-count       f(x)        Step-size       optimality
   160         169      7.62025e-11              1       1.45e-08  
   161         170      7.39695e-11              1       1.16e-08  
   162         171      7.29136e-11              1        9.2e-09  
   163         172      6.98002e-11              1       1.28e-08  
   164         173      6.53926e-11              1       1.82e-08  
   165         174      5.34807e-11              1       3.27e-08  
   166         175      3.42737e-11              1       4.26e-08  
   167         176      1.25742e-11              1        3.6e-08  
   168         177      2.21832e-12              1       1.55e-08  
   169         178      3.28002e-13              1       5.48e-09  
   170         179      1.16959e-13              1       4.15e-09  
   171         180      4.95937e-14              1       2.62e-09  
   172         181      7.56784e-15              1       6.79e-10  
   173         182      4.78703e-16              1       1.59e-10  
   174         183      7.78993e-18              1       2.79e-11  

Optimization completed: The <a href = "matlab: helpview([docroot '/toolbox/optim/msg_csh/optim_msg_csh.map'],'first_order_opt_unc','CSHelpWindow');">first-order optimality measure</a>, 2.780345e-11, is less 
than <a href = "matlab: helpview([docroot '/toolbox/optim/msg_csh/optim_msg_csh.map'],'tolfun','CSHelpWindow');">options.TolFun</a> = 1.000000e-10.

Optimization Metric                                            Options
relative norm(gradient) =   2.78e-11                  TolFun =   1e-10 (selected)

                                                        First-order 
 Iteration  Func-count       f(x)        Step-size       optimality
     0           1         0.193396                        0.0436
     1           2         0.154184              1          0.026  
     2           3         0.108407              1         0.0308  
     3           4         0.084002              1         0.0285  
     4           5        0.0577674              1         0.0288  
     5           6        0.0433717              1         0.0168  
     6           7        0.0343743              1         0.0151  
     7           8        0.0302431              1        0.00792  
     8           9        0.0265151              1        0.00606  
     9          10        0.0235569              1        0.00957  
    10          11        0.0203992              1        0.00688  
    11          12         0.016958              1        0.00683  
    12          13         0.013988              1        0.00724  
    13          14        0.0118169              1        0.00595  
    14          15        0.0102328              1        0.00525  
    15          16       0.00879093              1        0.00496  
    16          17       0.00765262              1        0.00383  
    17          18       0.00649954              1        0.00511  
    18          19       0.00549023              1        0.00452  
    19          20        0.0047137              1        0.00455  
                                                        First-order 
 Iteration  Func-count       f(x)        Step-size       optimality
    20          21       0.00387899              1        0.00336  
    21          22       0.00312663              1        0.00284  
    22          23       0.00260182              1        0.00198  
    23          24       0.00216655              1        0.00155  
    24          25       0.00189254              1        0.00118  
    25          26       0.00171017              1        0.00108  
    26          27       0.00158166              1        0.00124  
    27          28       0.00148365              1       0.000762  
    28          29       0.00140257              1       0.000697  
    29          30       0.00132722              1       0.000725  
    30          31       0.00125476              1       0.000747  
    31          32       0.00118886              1       0.000957  
    32          33        0.0011302              1       0.000769  
    33          34       0.00107507              1        0.00061  
    34          35       0.00102217              1       0.000771  
    35          36      0.000974273              1       0.000712  
    36          37      0.000933618              1       0.000541  
    37          38      0.000899557              1       0.000406  
    38          39      0.000869725              1       0.000404  
    39          40       0.00084271              1       0.000389  
                                                        First-order 
 Iteration  Func-count       f(x)        Step-size       optimality
    40          41      0.000818406              1       0.000409  
    41          42      0.000796581              1       0.000365  
    42          43      0.000776487              1       0.000368  
    43          44      0.000757425              1       0.000342  
    44          45      0.000739329              1       0.000333  
    45          46      0.000722201              1       0.000307  
    46          47      0.000706265              1       0.000306  
    47          48      0.000691596              1       0.000317  
    48          49      0.000678337              1       0.000272  
    49          50      0.000666068              1       0.000319  
    50          51      0.000655135              1       0.000341  
    51          52      0.000645185              1       0.000295  
    52          53      0.000636556              1       0.000241  
    53          54      0.000628468              1        0.00024  
    54          55      0.000621373              1       0.000269  
    55          56      0.000614098              1       0.000253  
    56          57      0.000607394              1       0.000287  
    57          58      0.000600841              1       0.000281  
    58          59      0.000594362              1       0.000267  
    59          60      0.000587584              1       0.000248  
                                                        First-order 
 Iteration  Func-count       f(x)        Step-size       optimality
    60          61      0.000580785              1       0.000251  
    61          62      0.000574057              1       0.000237  
    62          63       0.00056738              1       0.000242  
    63          64      0.000560351              1       0.000271  
    64          65       0.00055301              1       0.000271  
    65          66      0.000545336              1        0.00033  
    66          67      0.000538204              1       0.000345  
    67          68       0.00053056              1       0.000271  
    68          69      0.000522906              1       0.000318  
    69          70      0.000512971              1       0.000281  
    70          71      0.000506458              1        0.00025  
    71          72      0.000498626              1       0.000229  
    72          73        0.0004931              1       0.000209  
    73          74      0.000487946              1       0.000164  
    74          75      0.000483953              1       0.000194  
    75          76      0.000480119              1       0.000195  
    76          77       0.00047646              1       0.000201  
    77          78      0.000472213              1       0.000205  
    78          79       0.00046875              1       0.000175  
    79          80      0.000464831              1       0.000166  
                                                        First-order 
 Iteration  Func-count       f(x)        Step-size       optimality
    80          81      0.000461271              1       0.000144  
    81          82       0.00045815              1        0.00014  
    82          83      0.000455657              1       0.000138  
    83          84      0.000453574              1       0.000142  
    84          85      0.000451694              1        0.00014  
    85          86      0.000449928              1        0.00014  
    86          87      0.000448192              1       0.000131  
    87          88      0.000446422              1       0.000125  
    88          89      0.000444506              1        0.00012  
    89          90      0.000442416              1        0.00013  
    90          91      0.000440124              1       0.000137  
    91          92      0.000437759              1       0.000118  
    92          93      0.000435382              1       0.000113  
    93          94      0.000433181              1       0.000125  
    94          95      0.000431098              1       0.000109  
    95          96      0.000429208              1       0.000111  
    96          97      0.000427287              1        0.00011  
    97          98      0.000425468              1       9.82e-05  
    98          99      0.000423682              1       9.78e-05  
    99         100      0.000422159              1       0.000103  
                                                        First-order 
 Iteration  Func-count       f(x)        Step-size       optimality
   100         101      0.000420793              1       9.86e-05  
   101         102       0.00041961              1       9.81e-05  
   102         103      0.000418423              1       0.000101  
   103         104      0.000417273              1       0.000106  
   104         105      0.000416082              1       0.000115  
   105         106      0.000414939              1       0.000119  
   106         107      0.000413759              1       0.000121  
   107         108      0.000412599              1       0.000115  
   108         109      0.000411464              1       0.000106  
   109         110      0.000410382              1        9.5e-05  
   110         111      0.000409327              1       8.83e-05  
   111         112      0.000408297              1       0.000101  
   112         113       0.00040732              1       9.18e-05  
   113         114        0.0004064              1       9.13e-05  
   114         115      0.000405552              1        8.7e-05  
   115         116      0.000404735              1       6.81e-05  
   116         117      0.000403972              1       7.59e-05  
   117         118       0.00040323              1       7.41e-05  
   118         119      0.000402546              1       7.08e-05  
   119         120      0.000401914              1       5.81e-05  
                                                        First-order 
 Iteration  Func-count       f(x)        Step-size       optimality
   120         121      0.000401356              1       6.18e-05  
   121         122      0.000400821              1       6.02e-05  
   122         123      0.000400277              1       7.14e-05  
   123         124      0.000399688              1        8.4e-05  
   124         125      0.000399066              1       9.84e-05  
   125         126      0.000398411              1       0.000108  
   126         127       0.00039772              1       0.000114  
   127         128      0.000396979              1       0.000107  
   128         129      0.000396204              1       0.000102  
   129         130      0.000395418              1       8.08e-05  
   130         131      0.000394656              1       8.13e-05  
   131         132      0.000393909              1       7.31e-05  
   132         133      0.000393195              1       7.85e-05  
   133         134      0.000392493              1       7.31e-05  
   134         135      0.000391837              1       5.48e-05  
   135         136      0.000391196              1       5.58e-05  
   136         137      0.000390649              1       5.89e-05  
   137         138      0.000390081              1       6.77e-05  
   138         139      0.000389551              1          6e-05  
   139         140      0.000389042              1       5.28e-05  
                                                        First-order 
 Iteration  Func-count       f(x)        Step-size       optimality
   140         141      0.000388575              1       5.16e-05  
   141         142      0.000388119              1       4.94e-05  
   142         143       0.00038766              1       5.68e-05  
   143         144      0.000387184              1        5.7e-05  
   144         145      0.000386697              1          5e-05  
   145         146      0.000386205              1       4.66e-05  
   146         147       0.00038572              1       5.01e-05  
   147         148       0.00038524              1       5.15e-05  
   148         149       0.00038478              1       4.99e-05  
   149         150      0.000384338              1       5.55e-05  
   150         151      0.000383928              1       5.05e-05  
   151         152      0.000383531              1        4.8e-05  
   152         153       0.00038317              1       4.92e-05  
   153         154       0.00038283              1       5.04e-05  
   154         155      0.000382487              1       4.96e-05  
   155         156      0.000382136              1       5.34e-05  
   156         157      0.000381783              1       5.27e-05  
   157         158      0.000381427              1       4.87e-05  
   158         159      0.000381073              1       4.58e-05  
   159         160      0.000380727              1        4.3e-05  
                                                        First-order 
 Iteration  Func-count       f(x)        Step-size       optimality
   160         161      0.000380394              1       4.69e-05  
   161         162      0.000380074              1        4.5e-05  
   162         163       0.00037976              1       4.76e-05  
   163         164      0.000379447              1       4.25e-05  
   164         165      0.000379139              1       4.77e-05  
   165         166      0.000378838              1       4.37e-05  
   166         167      0.000378543              1       4.23e-05  
   167         168      0.000378245              1       4.13e-05  
   168         169      0.000377941              1       5.06e-05  
   169         170      0.000377627              1       5.24e-05  
   170         171      0.000377305              1       4.68e-05  
   171         172      0.000376959              1       4.91e-05  
   172         173      0.000376607              1       4.38e-05  
   173         174      0.000376226              1       4.22e-05  
   174         175      0.000375827              1       4.53e-05  
   175         176      0.000375411              1       4.88e-05  
   176         177      0.000374995              1        5.4e-05  
   177         178      0.000374584              1       6.52e-05  
   178         179      0.000374194              1       5.98e-05  
   179         180      0.000373815              1        4.6e-05  
                                                        First-order 
 Iteration  Func-count       f(x)        Step-size       optimality
   180         181      0.000373424              1       5.63e-05  
   181         182      0.000373001              1       5.26e-05  
   182         183      0.000372557              1       5.12e-05  
   183         184       0.00037214              1       6.33e-05  
   184         185      0.000371757              1       6.01e-05  
   185         186      0.000371403              1       4.59e-05  
   186         187      0.000371015              1       4.65e-05  
   187         188      0.000370669              1       4.32e-05  
   188         189      0.000370287              1       4.86e-05  
   189         190       0.00036988              1       5.63e-05  
   190         191      0.000369426              1       5.61e-05  
   191         192      0.000368942              1       6.05e-05  
   192         193      0.000368423              1        5.8e-05  
   193         194      0.000367886              1       7.24e-05  
   194         195      0.000367323              1       6.53e-05  
   195         196      0.000366772              1       9.39e-05  
   196         197      0.000366197              1       7.12e-05  
   197         198      0.000365601              1       8.26e-05  
   198         199      0.000364858              1       8.59e-05  
   199         200      0.000364231              1       6.62e-05  
                                                        First-order 
 Iteration  Func-count       f(x)        Step-size       optimality
   200         201       0.00036349              1       6.42e-05  
   201         202       0.00036282              1       6.58e-05  
   202         203      0.000362203              1       6.58e-05  
   203         204      0.000361654              1       6.43e-05  
   204         205      0.000361137              1        8.2e-05  
   205         206      0.000360623              1       6.74e-05  
   206         207      0.000360063              1       8.31e-05  
   207         208      0.000359374              1       8.53e-05  
   208         209      0.000358818              1       7.13e-05  
   209         210      0.000358284              1       6.04e-05  
   210         211      0.000357798              1       5.58e-05  
   211         212      0.000357337              1       5.14e-05  
   212         213      0.000356869              1       6.27e-05  
   213         214      0.000356415              1       5.04e-05  
   214         215      0.000355992              1       4.89e-05  
   215         216      0.000355613              1       5.43e-05  
   216         217      0.000355272              1       6.75e-05  
   217         218      0.000354952              1       7.51e-05  
   218         219       0.00035464              1       8.15e-05  
   219         220      0.000354301              1       7.58e-05  
                                                        First-order 
 Iteration  Func-count       f(x)        Step-size       optimality
   220         221      0.000353933              1       7.28e-05  
   221         222      0.000353546              1       6.53e-05  
   222         223      0.000353179              1       6.06e-05  
   223         224      0.000352772              1       6.34e-05  
   224         225      0.000352311              1        6.6e-05  
   225         226      0.000351781              1       5.93e-05  
   226         227      0.000351215              1       6.63e-05  
   227         228      0.000350645              1       6.92e-05  
   228         229      0.000350082              1       7.09e-05  
   229         230      0.000349521              1       7.15e-05  
   230         231      0.000348996              1       6.61e-05  
   231         232      0.000348517              1       8.02e-05  
   232         233      0.000348105              1       6.62e-05  
   233         234      0.000347668              1       5.43e-05  
   234         235      0.000347212              1       6.15e-05  
   235         236      0.000346775              1        6.4e-05  
   236         237      0.000346425              1       6.23e-05  
   237         238      0.000346056              1        5.7e-05  
   238         239      0.000345707              1       4.93e-05  
   239         240      0.000345372              1       4.37e-05  
                                                        First-order 
 Iteration  Func-count       f(x)        Step-size       optimality
   240         241      0.000345061              1       4.08e-05  
   241         242      0.000344765              1       4.24e-05  
   242         243      0.000344477              1       4.23e-05  
   243         244      0.000344198              1       4.36e-05  
   244         245      0.000343936              1       4.12e-05  
   245         246      0.000343689              1       3.95e-05  
   246         247      0.000343436              1       3.81e-05  
   247         248       0.00034318              1       4.18e-05  
   248         249      0.000342938              1       3.64e-05  
   249         250      0.000342714              1       3.71e-05  
   250         251      0.000342515              1       3.78e-05  
   251         252      0.000342339              1       3.52e-05  
   252         253      0.000342174              1       3.66e-05  
   253         254      0.000342017              1       3.32e-05  
   254         255       0.00034186              1       3.24e-05  
   255         256      0.000341704              1       3.31e-05  
   256         257      0.000341549              1       3.73e-05  
   257         258      0.000341394              1       3.58e-05  
   258         259      0.000341235              1       3.03e-05  
   259         260       0.00034108              1       3.11e-05  
                                                        First-order 
 Iteration  Func-count       f(x)        Step-size       optimality
   260         261      0.000340933              1       3.24e-05  
   261         262      0.000340795              1       3.08e-05  
   262         263      0.000340662              1       2.68e-05  
   263         264      0.000340529              1        2.6e-05  
   264         265      0.000340398              1       3.11e-05  
   265         266      0.000340269              1       3.03e-05  
   266         267      0.000340145              1       3.47e-05  
   267         268      0.000340023              1       3.11e-05  
   268         269      0.000339906              1       2.19e-05  
   269         270      0.000339794              1       2.56e-05  
   270         271      0.000339684              1       2.42e-05  
   271         272      0.000339567              1       2.58e-05  
   272         273      0.000339442              1       2.74e-05  
   273         274      0.000339313              1       2.97e-05  
   274         275      0.000339188              1        2.9e-05  
   275         276       0.00033907              1       2.79e-05  
   276         277       0.00033896              1       2.56e-05  
   277         278      0.000338853              1       2.49e-05  
   278         279       0.00033875              1       2.33e-05  
   279         280      0.000338647              1       2.49e-05  
                                                        First-order 
 Iteration  Func-count       f(x)        Step-size       optimality
   280         281      0.000338542              1       2.76e-05  
   281         282      0.000338431              1       3.21e-05  
   282         283      0.000338313              1       3.08e-05  
   283         284      0.000338189              1       3.02e-05  
   284         285      0.000338063              1       2.85e-05  
   285         286      0.000337935              1       2.82e-05  
   286         287      0.000337804              1       3.01e-05  
   287         288      0.000337667              1       2.64e-05  
   288         289      0.000337528              1       2.71e-05  
   289         290      0.000337392              1       2.86e-05  
   290         291      0.000337265              1       2.46e-05  
   291         292      0.000337147              1        2.8e-05  
   292         293      0.000337034              1       2.72e-05  
   293         294      0.000336929              1       2.22e-05  
   294         295      0.000336832              1       2.94e-05  
   295         296      0.000336742              1       2.96e-05  
   296         297      0.000336653              1       2.21e-05  
   297         298       0.00033656              1       3.06e-05  
   298         299      0.000336467              1       2.92e-05  
   299         300      0.000336374              1       2.58e-05  
                                                        First-order 
 Iteration  Func-count       f(x)        Step-size       optimality
   300         301      0.000336282              1       2.39e-05  
   301         302      0.000336184              1        2.5e-05  
   302         303      0.000336075              1       2.81e-05  
   303         304      0.000335956              1       2.71e-05  
   304         305      0.000335832              1       2.71e-05  
   305         306      0.000335708              1       2.43e-05  
   306         307      0.000335581              1       2.63e-05  
   307         308      0.000335446              1       2.71e-05  
   308         309      0.000335298              1        3.3e-05  
   309         310      0.000335137              1       3.85e-05  
   310         311      0.000334967              1        3.4e-05  
   311         312      0.000334798              1        2.8e-05  
   312         313      0.000334632              1       3.52e-05  
   313         314      0.000334471              1       4.63e-05  
   314         315        0.0003343              1        4.2e-05  
   315         316      0.000334122              1       3.91e-05  
   316         317      0.000333928              1       3.76e-05  
   317         318      0.000333746              1       3.43e-05  
   318         319      0.000333551              1       4.38e-05  
   319         320      0.000333349              1       3.77e-05  
                                                        First-order 
 Iteration  Func-count       f(x)        Step-size       optimality
   320         321      0.000333133              1       4.28e-05  
   321         322      0.000332914              1       4.02e-05  
   322         323      0.000332705              1       4.35e-05  
   323         324      0.000332489              1        3.5e-05  
   324         325      0.000332259              1        3.9e-05  
   325         326      0.000331989              1       4.27e-05  
   326         327      0.000331753              1       4.32e-05  
   327         328        0.0003315              1       4.08e-05  
   328         329      0.000331257              1       3.78e-05  
   329         330      0.000331021              1       3.85e-05  
   330         331      0.000330793              1       3.57e-05  
   331         332      0.000330569              1       4.14e-05  
   332         333      0.000330365              1       4.17e-05  
   333         334      0.000330188              1       4.14e-05  
   334         335      0.000330006              1       3.71e-05  
   335         336      0.000329807              1       3.65e-05  
   336         337      0.000329653              1          3e-05  
   337         338      0.000329478              1       3.62e-05  
   338         339      0.000329308              1       3.45e-05  
   339         340      0.000329138              1       4.12e-05  
                                                        First-order 
 Iteration  Func-count       f(x)        Step-size       optimality
   340         341      0.000328971              1       3.51e-05  
   341         342      0.000328816              1          3e-05  
   342         343      0.000328672              1       3.36e-05  
   343         344       0.00032853              1       3.22e-05  
   344         345      0.000328377              1       3.29e-05  
   345         346      0.000328214              1       3.06e-05  
   346         347      0.000328058              1       3.48e-05  
   347         348      0.000327909              1        3.2e-05  
   348         349      0.000327759              1       3.66e-05  
   349         350      0.000327583              1       3.72e-05  
   350         351      0.000327408              1       3.54e-05  
   351         352      0.000327253              1       3.44e-05  
   352         353      0.000327108              1       3.47e-05  
   353         354      0.000326967              1       3.48e-05  
   354         355       0.00032683              1       3.18e-05  
   355         356       0.00032669              1       2.77e-05  
   356         357      0.000326545              1       3.09e-05  
   357         358      0.000326405              1       3.16e-05  
   358         359      0.000326264              1       2.87e-05  
   359         360      0.000326122              1       3.04e-05  
                                                        First-order 
 Iteration  Func-count       f(x)        Step-size       optimality
   360         361      0.000325969              1       3.05e-05  
   361         362       0.00032582              1       3.22e-05  
   362         363      0.000325679              1       2.79e-05  
   363         364      0.000325545              1       2.96e-05  
   364         365      0.000325407              1        3.5e-05  
   365         366      0.000325273              1       3.04e-05  
   366         367      0.000325142              1       2.48e-05  
   367         368      0.000325027              1       2.39e-05  
   368         369      0.000324929              1       2.41e-05  
   369         370      0.000324839              1       2.71e-05  
   370         371      0.000324742              1       2.68e-05  
   371         372      0.000324637              1       2.83e-05  
   372         373      0.000324547              1       2.29e-05  
   373         374      0.000324468              1       2.78e-05  
   374         375      0.000324402              1       2.65e-05  
   375         376      0.000324343              1        1.9e-05  
   376         377      0.000324288              1       1.95e-05  
   377         378      0.000324235              1       1.68e-05  
   378         379      0.000324188              1       1.58e-05  
   379         380      0.000324145              1       1.46e-05  
                                                        First-order 
 Iteration  Func-count       f(x)        Step-size       optimality
   380         381      0.000324104              1       1.56e-05  
   381         382      0.000324064              1       2.01e-05  
   382         383      0.000324025              1       1.59e-05  
   383         384      0.000323986              1       1.67e-05  
   384         385      0.000323946              1       1.63e-05  
   385         386      0.000323907              1       1.63e-05  
   386         387      0.000323868              1       1.56e-05  
   387         388       0.00032383              1       1.95e-05  
   388         389      0.000323789              1       1.97e-05  
   389         390      0.000323745              1       1.73e-05  
   390         391      0.000323701              1       1.54e-05  
   391         392       0.00032366              1       1.65e-05  
   392         393      0.000323622              1       1.62e-05  
   393         394      0.000323583              1       1.65e-05  
   394         395      0.000323541              1       1.85e-05  
   395         396      0.000323499              1       1.59e-05  
   396         397      0.000323457              1       1.43e-05  
   397         398      0.000323418              1       1.56e-05  
   398         399      0.000323382              1       1.49e-05  
   399         400      0.000323347              1       1.44e-05  
                                                        First-order 
 Iteration  Func-count       f(x)        Step-size       optimality
   400         401      0.000323314              1       1.57e-05  
   401         402      0.000323282              1       1.49e-05  
   402         403      0.000323251              1       1.39e-05  
   403         404      0.000323221              1       1.45e-05  
   404         405      0.000323193              1       1.11e-05  
   405         406      0.000323166              1       1.38e-05  
   406         407      0.000323139              1       1.26e-05  
   407         408      0.000323111              1       1.13e-05  
   408         409      0.000323083              1       1.15e-05  
   409         410      0.000323056              1       1.18e-05  
   410         411       0.00032303              1       1.45e-05  
   411         412      0.000323002              1       1.23e-05  
   412         413      0.000322972              1       1.17e-05  
   413         414      0.000322941              1       1.29e-05  
   414         415      0.000322909              1       1.53e-05  
   415         416      0.000322877              1       1.31e-05  
   416         417      0.000322846              1       1.26e-05  
   417         418      0.000322814              1       1.51e-05  
   418         419      0.000322781              1       1.45e-05  
   419         420      0.000322747              1       1.57e-05  
                                                        First-order 
 Iteration  Func-count       f(x)        Step-size       optimality
   420         421      0.000322712              1        1.5e-05  
   421         422      0.000322676              1       1.63e-05  
   422         423       0.00032264              1       2.04e-05  
   423         424      0.000322606              1       1.57e-05  
   424         425      0.000322574              1       1.21e-05  
   425         426      0.000322546              1       1.31e-05  
   426         427      0.000322522              1        1.4e-05  
   427         428      0.000322498              1       1.74e-05  
   428         429      0.000322474              1       1.44e-05  
   429         430      0.000322449              1       1.19e-05  
   430         431      0.000322423              1       1.18e-05  
   431         432      0.000322398              1       1.36e-05  
   432         433      0.000322374              1       1.38e-05  
   433         434      0.000322352              1        1.3e-05  
   434         435      0.000322333              1       1.02e-05  
   435         436      0.000322316              1       8.82e-06  
   436         437      0.000322301              1       8.54e-06  
   437         438      0.000322286              1       8.87e-06  
   438         439      0.000322272              1       1.01e-05  
   439         440      0.000322257              1       1.09e-05  
                                                        First-order 
 Iteration  Func-count       f(x)        Step-size       optimality
   440         441      0.000322242              1       1.07e-05  
   441         442      0.000322227              1       1.02e-05  
   442         443      0.000322211              1       1.02e-05  
   443         444      0.000322196              1       9.22e-06  
   444         445      0.000322181              1          9e-06  
   445         446      0.000322167              1       9.36e-06  
   446         447      0.000322154              1       1.04e-05  
   447         448      0.000322141              1       1.07e-05  
   448         449      0.000322128              1       1.22e-05  
   449         450      0.000322115              1       1.07e-05  
   450         451      0.000322103              1       1.01e-05  
   451         452       0.00032209              1       8.09e-06  
   452         453      0.000322078              1       7.95e-06  
   453         454      0.000322066              1       1.09e-05  
   454         455      0.000322053              1       1.13e-05  
   455         456      0.000322041              1       9.65e-06  
   456         457      0.000322028              1       9.33e-06  
   457         458      0.000322017              1       8.52e-06  
   458         459      0.000322005              1       7.84e-06  
   459         460      0.000321994              1       8.12e-06  
                                                        First-order 
 Iteration  Func-count       f(x)        Step-size       optimality
   460         461      0.000321981              1       9.01e-06  
   461         462      0.000321969              1       9.23e-06  
   462         463      0.000321956              1       1.07e-05  
   463         464      0.000321943              1       9.96e-06  
   464         465      0.000321929              1       9.26e-06  
   465         466      0.000321916              1       1.04e-05  
   466         467      0.000321903              1       1.02e-05  
   467         468       0.00032189              1        7.8e-06  
   468         469      0.000321877              1       8.39e-06  
   469         470      0.000321864              1       7.75e-06  
   470         471      0.000321852              1       9.14e-06  
   471         472      0.000321839              1       8.18e-06  
   472         473      0.000321827              1       7.55e-06  
   473         474      0.000321814              1       8.35e-06  
   474         475      0.000321802              1        9.2e-06  
   475         476      0.000321789              1       9.77e-06  
   476         477      0.000321776              1       1.05e-05  
   477         478      0.000321762              1       9.99e-06  
   478         479      0.000321748              1       8.85e-06  
   479         480      0.000321734              1       9.32e-06  
                                                        First-order 
 Iteration  Func-count       f(x)        Step-size       optimality
   480         481      0.000321721              1       9.83e-06  
   481         482      0.000321706              1       9.64e-06  
   482         483      0.000321693              1       9.12e-06  
   483         484      0.000321679              1       8.44e-06  
   484         485      0.000321667              1        8.2e-06  
   485         486      0.000321655              1       8.45e-06  
   486         487      0.000321643              1       7.98e-06  
   487         488       0.00032163              1       8.56e-06  
   488         489      0.000321617              1       8.24e-06  
   489         490      0.000321604              1       8.01e-06  
   490         491      0.000321591              1       8.84e-06  
   491         492      0.000321578              1       9.24e-06  
   492         493      0.000321565              1       9.19e-06  
   493         494      0.000321552              1       1.27e-05  
   494         495      0.000321539              1        1.5e-05  
   495         496      0.000321527              1        1.3e-05  
   496         497      0.000321514              1       8.76e-06  
   497         498      0.000321502              1       1.02e-05  
   498         499       0.00032149              1       7.91e-06  
   499         500      0.000321478              1       1.06e-05  
                                                        First-order 
 Iteration  Func-count       f(x)        Step-size       optimality
   500         501      0.000321466              1       1.01e-05  
   501         502      0.000321455              1       8.66e-06  
   502         503      0.000321443              1       1.02e-05  
   503         504      0.000321432              1       7.84e-06  
   504         505      0.000321421              1       8.38e-06  
   505         506      0.000321411              1       7.38e-06  
   506         507      0.000321402              1       6.63e-06  
   507         508      0.000321393              1       6.97e-06  
   508         509      0.000321384              1       7.21e-06  
   509         510      0.000321376              1       7.01e-06  
   510         511      0.000321368              1       6.99e-06  
   511         512      0.000321361              1        7.2e-06  
   512         513      0.000321353              1       5.86e-06  
   513         514      0.000321347              1        5.6e-06  
   514         515       0.00032134              1        5.4e-06  
   515         516      0.000321334              1        5.6e-06  
   516         517      0.000321328              1          6e-06  
   517         518      0.000321322              1        6.1e-06  
   518         519      0.000321316              1       5.51e-06  
   519         520      0.000321311              1       5.01e-06  
                                                        First-order 
 Iteration  Func-count       f(x)        Step-size       optimality
   520         521      0.000321305              1        4.7e-06  
   521         522        0.0003213              1       5.08e-06  
   522         523      0.000321295              1       5.43e-06  
   523         524      0.000321291              1       5.47e-06  
   524         525      0.000321286              1       5.09e-06  
   525         526      0.000321282              1       4.47e-06  
   526         527      0.000321278              1       4.55e-06  
   527         528      0.000321274              1       4.35e-06  
   528         529       0.00032127              1        4.2e-06  
   529         530      0.000321267              1       4.51e-06  
   530         531      0.000321263              1       4.42e-06  
   531         532       0.00032126              1       4.55e-06  
   532         533      0.000321256              1       4.91e-06  
   533         534      0.000321253              1       4.94e-06  
   534         535      0.000321249              1       4.62e-06  
   535         536      0.000321246              1       4.53e-06  
   536         537      0.000321242              1       4.31e-06  
   537         538      0.000321239              1       3.99e-06  
   538         539      0.000321237              1       4.65e-06  
   539         540      0.000321234              1       3.96e-06  
                                                        First-order 
 Iteration  Func-count       f(x)        Step-size       optimality
   540         541      0.000321232              1          4e-06  
   541         542      0.000321229              1       3.85e-06  
   542         543      0.000321227              1        3.5e-06  
   543         544      0.000321225              1        4.4e-06  
   544         545      0.000321222              1       4.98e-06  
   545         546       0.00032122              1        3.8e-06  
   546         547      0.000321218              1       3.33e-06  
   547         548      0.000321216              1       4.12e-06  
   548         549      0.000321213              1       4.24e-06  
   549         550      0.000321211              1       3.94e-06  
   550         551      0.000321209              1       3.62e-06  
   551         552      0.000321207              1       3.87e-06  
   552         553      0.000321206              1       3.43e-06  
   553         554      0.000321204              1       3.54e-06  
   554         555      0.000321202              1       3.57e-06  
   555         556        0.0003212              1       3.42e-06  
   556         557      0.000321198              1        3.5e-06  
   557         558      0.000321196              1       2.87e-06  
   558         559      0.000321194              1       2.78e-06  
   559         560      0.000321193              1       2.91e-06  
                                                        First-order 
 Iteration  Func-count       f(x)        Step-size       optimality
   560         561      0.000321191              1       3.19e-06  
   561         562       0.00032119              1       3.02e-06  
   562         563      0.000321188              1        3.2e-06  
   563         564      0.000321186              1       2.75e-06  
   564         565      0.000321185              1       2.52e-06  
   565         566      0.000321183              1       2.84e-06  
   566         567      0.000321182              1       2.59e-06  
   567         568       0.00032118              1       2.53e-06  
   568         569      0.000321179              1       2.78e-06  
   569         570      0.000321178              1       2.56e-06  
   570         571      0.000321176              1       2.75e-06  
   571         572      0.000321175              1       2.85e-06  
   572         573      0.000321174              1       2.96e-06  
   573         574      0.000321173              1       2.98e-06  
   574         575      0.000321172              1       2.39e-06  
   575         576      0.000321171              1       2.37e-06  
   576         577       0.00032117              1       2.23e-06  
   577         578      0.000321169              1       2.27e-06  
   578         579      0.000321168              1       2.57e-06  
   579         580      0.000321166              1       2.71e-06  
                                                        First-order 
 Iteration  Func-count       f(x)        Step-size       optimality
   580         581      0.000321165              1       2.88e-06  
   581         582      0.000321164              1       2.42e-06  
   582         583      0.000321163              1       2.65e-06  
   583         584      0.000321162              1       2.75e-06  
   584         585      0.000321161              1       2.36e-06  
   585         586       0.00032116              1       2.56e-06  
   586         587      0.000321159              1       2.38e-06  
   587         588      0.000321158              1       2.44e-06  
   588         589      0.000321157              1       2.21e-06  
   589         590      0.000321156              1       2.51e-06  
   590         591      0.000321155              1       2.16e-06  
   591         592      0.000321155              1       1.96e-06  
   592         593      0.000321154              1        2.2e-06  
   593         594      0.000321153              1       2.63e-06  
   594         595      0.000321152              1       2.39e-06  
   595         596      0.000321151              1       2.83e-06  
   596         597       0.00032115              1       3.22e-06  
   597         598      0.000321149              1       2.68e-06  
   598         599      0.000321149              1       2.07e-06  
   599         600      0.000321148              1       1.95e-06  
                                                        First-order 
 Iteration  Func-count       f(x)        Step-size       optimality
   600         601      0.000321147              1       1.96e-06  
   601         602      0.000321146              1       2.08e-06  
   602         603      0.000321146              1       2.09e-06  
   603         604      0.000321145              1       1.96e-06  
   604         605      0.000321144              1       2.33e-06  
   605         606      0.000321143              1       2.16e-06  
   606         607      0.000321142              1        2.4e-06  
   607         608      0.000321141              1       2.39e-06  
   608         609       0.00032114              1       2.22e-06  
   609         610       0.00032114              1       2.29e-06  
   610         611      0.000321139              1       2.75e-06  
   611         612      0.000321138              1        2.6e-06  
   612         613      0.000321137              1       2.45e-06  
   613         614      0.000321136              1       2.43e-06  
   614         615      0.000321135              1       2.29e-06  
   615         616      0.000321134              1       2.35e-06  
   616         617      0.000321133              1       2.67e-06  
   617         618      0.000321132              1       2.65e-06  
   618         619      0.000321131              1       2.21e-06  
   619         620       0.00032113              1       2.21e-06  
                                                        First-order 
 Iteration  Func-count       f(x)        Step-size       optimality
   620         621      0.000321129              1       1.95e-06  
   621         622      0.000321129              1       1.93e-06  
   622         623      0.000321128              1        1.9e-06  
   623         624      0.000321127              1       1.77e-06  
   624         625      0.000321126              1       1.94e-06  
   625         626      0.000321126              1       2.31e-06  
   626         627      0.000321125              1       2.02e-06  
   627         628      0.000321124              1       1.89e-06  
   628         629      0.000321124              1       1.95e-06  
   629         630      0.000321123              1       1.92e-06  
   630         631      0.000321123              1       1.83e-06  
   631         632      0.000321122              1       1.73e-06  
   632         633      0.000321122              1       1.68e-06  
   633         634      0.000321121              1       1.71e-06  
   634         635      0.000321121              1       1.56e-06  
   635         636       0.00032112              1       1.53e-06  
   636         637       0.00032112              1       1.62e-06  
   637         638      0.000321119              1       1.48e-06  
   638         639      0.000321119              1       1.31e-06  
   639         640      0.000321119              1       1.28e-06  
                                                        First-order 
 Iteration  Func-count       f(x)        Step-size       optimality
   640         641      0.000321118              1       1.22e-06  
   641         642      0.000321118              1       1.38e-06  
   642         643      0.000321118              1        1.5e-06  
   643         644      0.000321117              1        1.2e-06  
   644         645      0.000321117              1       1.19e-06  
   645         646      0.000321117              1        1.1e-06  
   646         647      0.000321117              1       1.13e-06  
   647         648      0.000321116              1       1.07e-06  
   648         649      0.000321116              1        1.1e-06  
   649         650      0.000321116              1       1.17e-06  
   650         651      0.000321116              1       1.06e-06  
   651         652      0.000321116              1       1.04e-06  
   652         653      0.000321115              1       1.01e-06  
   653         654      0.000321115              1       1.14e-06  
   654         655      0.000321115              1       9.43e-07  
   655         656      0.000321115              1       9.66e-07  
   656         657      0.000321115              1       9.73e-07  
   657         658      0.000321115              1       8.94e-07  
   658         659      0.000321115              1       8.15e-07  
   659         660      0.000321114              1       7.88e-07  
                                                        First-order 
 Iteration  Func-count       f(x)        Step-size       optimality
   660         661      0.000321114              1       8.59e-07  
   661         662      0.000321114              1       1.03e-06  
   662         663      0.000321114              1       8.97e-07  
   663         664      0.000321114              1       8.84e-07  
   664         665      0.000321114              1       7.96e-07  
   665         666      0.000321114              1       8.39e-07  
   666         667      0.000321114              1       8.38e-07  
   667         668      0.000321114              1        7.8e-07  
   668         669      0.000321113              1       8.36e-07  
   669         670      0.000321113              1       7.98e-07  
   670         671      0.000321113              1       7.62e-07  
   671         672      0.000321113              1       7.65e-07  
   672         673      0.000321113              1       8.29e-07  
   673         674      0.000321113              1       7.43e-07  
   674         675      0.000321113              1       7.25e-07  
   675         676      0.000321113              1       6.49e-07  
   676         677      0.000321113              1       5.92e-07  
   677         678      0.000321113              1       6.58e-07  
   678         679      0.000321113              1       8.37e-07  
   679         680      0.000321113              1       7.29e-07  
                                                        First-order 
 Iteration  Func-count       f(x)        Step-size       optimality
   680         681      0.000321112              1       6.06e-07  
   681         682      0.000321112              1       6.15e-07  
   682         683      0.000321112              1       6.32e-07  
   683         684      0.000321112              1       5.63e-07  
   684         685      0.000321112              1       5.88e-07  
   685         686      0.000321112              1       5.35e-07  
   686         687      0.000321112              1       5.45e-07  
   687         688      0.000321112              1       6.02e-07  
   688         689      0.000321112              1       6.24e-07  
   689         690      0.000321112              1       5.77e-07  
   690         691      0.000321112              1       4.98e-07  
   691         692      0.000321112              1       5.44e-07  
   692         693      0.000321112              1       4.77e-07  
   693         694      0.000321112              1       4.74e-07  
   694         695      0.000321112              1       4.83e-07  
   695         696      0.000321112              1       4.74e-07  
   696         697      0.000321112              1       5.11e-07  
   697         698      0.000321112              1       4.42e-07  
   698         699      0.000321111              1       4.46e-07  
   699         700      0.000321111              1       4.44e-07  
                                                        First-order 
 Iteration  Func-count       f(x)        Step-size       optimality
   700         701      0.000321111              1       4.63e-07  
   701         702      0.000321111              1       5.05e-07  
   702         703      0.000321111              1       5.08e-07  
   703         704      0.000321111              1       4.58e-07  
   704         705      0.000321111              1        3.9e-07  
   705         706      0.000321111              1       4.16e-07  
   706         707      0.000321111              1       4.55e-07  
   707         708      0.000321111              1       4.46e-07  
   708         709      0.000321111              1       4.25e-07  
   709         710      0.000321111              1       4.76e-07  
   710         711      0.000321111              1        4.9e-07  
   711         712      0.000321111              1       5.08e-07  
   712         713      0.000321111              1       4.05e-07  
   713         714      0.000321111              1       4.84e-07  
   714         715      0.000321111              1       4.61e-07  
   715         716      0.000321111              1       3.61e-07  
   716         717      0.000321111              1       3.38e-07  
   717         718      0.000321111              1       3.33e-07  
   718         719      0.000321111              1       3.99e-07  
   719         720      0.000321111              1       3.91e-07  
                                                        First-order 
 Iteration  Func-count       f(x)        Step-size       optimality
   720         721      0.000321111              1        4.2e-07  
   721         722      0.000321111              1       4.54e-07  
   722         723      0.000321111              1       4.39e-07  
   723         724      0.000321111              1       4.47e-07  
   724         725      0.000321111              1       4.56e-07  
   725         726      0.000321111              1       4.99e-07  
   726         727      0.000321111              1       5.27e-07  
   727         728      0.000321111              1       5.36e-07  
   728         729      0.000321111              1       5.43e-07  
   729         730       0.00032111              1       4.94e-07  
   730         731       0.00032111              1       4.79e-07  
   731         732       0.00032111              1       5.32e-07  
   732         733       0.00032111              1       5.84e-07  
   733         734       0.00032111              1       5.44e-07  
   734         735       0.00032111              1       4.37e-07  
   735         736       0.00032111              1       4.39e-07  
   736         737       0.00032111              1        4.1e-07  
   737         738       0.00032111              1       4.88e-07  
   738         739       0.00032111              1       4.62e-07  
   739         740       0.00032111              1       4.21e-07  
                                                        First-order 
 Iteration  Func-count       f(x)        Step-size       optimality
   740         741       0.00032111              1        4.4e-07  
   741         742       0.00032111              1       3.88e-07  
   742         743       0.00032111              1       3.96e-07  
   743         744       0.00032111              1        3.9e-07  
   744         745       0.00032111              1       3.88e-07  
   745         746       0.00032111              1       4.37e-07  
   746         747       0.00032111              1        4.8e-07  
   747         748       0.00032111              1       4.73e-07  
   748         749       0.00032111              1        4.6e-07  
   749         750       0.00032111              1       3.67e-07  
   750         751       0.00032111              1       3.94e-07  
   751         752       0.00032111              1       3.26e-07  
   752         753       0.00032111              1        3.4e-07  
   753         754       0.00032111              1       3.25e-07  
   754         755       0.00032111              1       3.39e-07  
   755         756       0.00032111              1       3.08e-07  
   756         757       0.00032111              1       2.87e-07  
   757         758       0.00032111              1       2.93e-07  
   758         759       0.00032111              1       2.73e-07  
   759         760       0.00032111              1       2.82e-07  
                                                        First-order 
 Iteration  Func-count       f(x)        Step-size       optimality
   760         761       0.00032111              1       3.55e-07  
   761         762       0.00032111              1       3.69e-07  
   762         763       0.00032111              1       3.72e-07  
   763         764       0.00032111              1       3.38e-07  
   764         765       0.00032111              1       3.41e-07  
   765         766       0.00032111              1       3.56e-07  
   766         767       0.00032111              1       3.03e-07  
   767         768       0.00032111              1       3.56e-07  
   768         769       0.00032111              1        2.9e-07  
   769         770       0.00032111              1       2.98e-07  
   770         771       0.00032111              1       2.74e-07  
   771         772       0.00032111              1       2.48e-07  
   772         773      0.000321109              1       2.48e-07  
   773         774      0.000321109              1       2.34e-07  
   774         775      0.000321109              1       2.53e-07  
   775         776      0.000321109              1       2.88e-07  
   776         777      0.000321109              1       2.91e-07  
   777         778      0.000321109              1       2.23e-07  
   778         779      0.000321109              1       2.44e-07  
   779         780      0.000321109              1       2.66e-07  
                                                        First-order 
 Iteration  Func-count       f(x)        Step-size       optimality
   780         781      0.000321109              1        2.4e-07  
   781         782      0.000321109              1        2.7e-07  
   782         783      0.000321109              1       3.03e-07  
   783         784      0.000321109              1       2.95e-07  
   784         785      0.000321109              1       2.42e-07  
   785         786      0.000321109              1       2.36e-07  
   786         787      0.000321109              1       2.26e-07  
   787         788      0.000321109              1       2.37e-07  
   788         789      0.000321109              1       2.38e-07  
   789         790      0.000321109              1       2.39e-07  
   790         791      0.000321109              1       1.91e-07  
   791         792      0.000321109              1       2.14e-07  
   792         793      0.000321109              1       2.17e-07  
   793         794      0.000321109              1       1.97e-07  
   794         795      0.000321109              1       1.83e-07  
   795         796      0.000321109              1        2.1e-07  
   796         797      0.000321109              1       2.41e-07  
   797         798      0.000321109              1       2.02e-07  
   798         799      0.000321109              1       1.99e-07  
   799         800      0.000321109              1       1.95e-07  
                                                        First-order 
 Iteration  Func-count       f(x)        Step-size       optimality
   800         801      0.000321109              1       2.73e-07  
   801         802      0.000321109              1       3.17e-07  
   802         803      0.000321109              1       2.34e-07  
   803         804      0.000321109              1       2.21e-07  
   804         805      0.000321109              1       2.06e-07  
   805         806      0.000321109              1       2.36e-07  
   806         807      0.000321109              1       2.57e-07  
   807         808      0.000321109              1       2.15e-07  
   808         809      0.000321109              1        2.5e-07  
   809         810      0.000321109              1       2.31e-07  
   810         811      0.000321109              1        2.4e-07  
   811         812      0.000321109              1       2.46e-07  
   812         813      0.000321109              1       1.95e-07  
   813         814      0.000321109              1       2.22e-07  
   814         815      0.000321109              1       2.46e-07  
   815         816      0.000321109              1       2.02e-07  
   816         817      0.000321109              1       1.92e-07  
   817         818      0.000321109              1       1.51e-07  
   818         819      0.000321109              1       1.92e-07  
   819         820      0.000321109              1       1.68e-07  
                                                        First-order 
 Iteration  Func-count       f(x)        Step-size       optimality
   820         821      0.000321109              1       1.52e-07  
   821         822      0.000321109              1       1.42e-07  
   822         823      0.000321109              1       1.48e-07  
   823         824      0.000321109              1       1.36e-07  
   824         825      0.000321109              1       1.51e-07  
   825         826      0.000321109              1       1.15e-07  
   826         827      0.000321109              1        1.1e-07  
   827         828      0.000321109              1       9.76e-08  

Optimization completed: The <a href = "matlab: helpview([docroot '/toolbox/optim/msg_csh/optim_msg_csh.map'],'first_order_opt_unc','CSHelpWindow');">first-order optimality measure</a>, 9.353784e-08, is less 
than <a href = "matlab: helpview([docroot '/toolbox/optim/msg_csh/optim_msg_csh.map'],'tolfun','CSHelpWindow');">options.TolFun</a> = 1.000000e-07.

Optimization Metric                                            Options
relative norm(gradient) =   9.35e-08                  TolFun =   1e-07 (selected)

