flow iter#1; |dv| = 4.92506
flow iter#2; |dv| = 1.23732
flow iter#3; |dv| = 1.49235
flow iter#4; |dv| = 1.96522
flow iter#5; |dv| = 1.60902
flow iter#6; |dv| = 0.88346
flow iter#7; |dv| = 0.254792
flow iter#8; |dv| = 0.26152
flow iter#9; |dv| = 0.369201
flow iter#10; |dv| = 0.312229
flow iter#11; |dv| = 0.186444
flow iter#12; |dv| = 0.0692117
flow iter#13; |dv| = 0.0292212
flow iter#14; |dv| = 0.053682
flow iter#15; |dv| = 0.0524809
flow iter#16; |dv| = 0.0356872
flow iter#17; |dv| = 0.0166984
flow iter#18; |dv| = 0.00614212
flow iter#19; |dv| = 0.00883343
flow iter#20; |dv| = 0.00980038
flow iter#21; |dv| = 0.0080425
flow iter#22; |dv| = 0.00586178
flow iter#23; |dv| = 0.00487326
                                                        First-order 
 Iteration  Func-count       f(x)        Step-size       optimality
     0           1        0.0554814                       0.00246
     1           4        0.0285698             91        0.00122  
     2           6         0.012931       0.482474        0.00119  
     3           7       0.00177172              1        0.00039  
     4           8       0.00127761              1        0.00103  
     5           9      0.000500703              1       0.000138  
     6          10      0.000336471              1       0.000102  
     7          11      0.000215026              1       0.000224  
     8          12      0.000153629              1       7.58e-05  
     9          13      8.42037e-05              1       0.000139  
    10          14      4.85657e-05              1       0.000106  
    11          15       4.5106e-05              1       4.66e-05  
    12          16      4.25922e-05              1       1.88e-05  
    13          17      4.05588e-05              1       2.42e-05  
    14          18      3.86214e-05              1       3.65e-05  
    15          19      3.42109e-05              1       3.39e-05  
    16          20       3.1321e-05              1       5.32e-05  
    17          21      2.87238e-05              1       4.55e-05  
    18          22      2.74318e-05              1       2.42e-05  
    19          23      2.67327e-05              1       1.01e-05  
                                                        First-order 
 Iteration  Func-count       f(x)        Step-size       optimality
    20          24      2.66236e-05              1        7.2e-06  
    21          25      2.60124e-05              1       8.59e-06  
    22          26      2.51861e-05              1       1.08e-05  
    23          27      2.43536e-05              1       2.81e-05  
    24          28      2.33152e-05              1        1.2e-05  
    25          29      2.07928e-05              1       2.37e-05  
    26          31      1.91928e-05       0.355345        6.5e-05  
    27          32      1.50627e-05              1       2.44e-05  
    28          33      1.30546e-05              1       3.94e-05  
    29          34      9.15238e-06              1       9.84e-06  
    30          35      7.20949e-06              1       6.79e-06  
    31          36      6.96923e-06              1       3.43e-05  
    32          37       6.7853e-06              1       1.17e-05  
    33          38      6.59051e-06              1       5.29e-06  
    34          39      6.17208e-06              1       2.22e-05  
    35          40      5.96532e-06              1       1.76e-05  
    36          41      5.60872e-06              1       1.21e-05  
    37          42      5.36867e-06              1       5.84e-06  
    38          43      5.13865e-06              1        7.4e-06  
    39          44      4.82762e-06              1       1.51e-05  
                                                        First-order 
 Iteration  Func-count       f(x)        Step-size       optimality
    40          45      4.55611e-06              1       1.89e-05  
    41          46      4.24869e-06              1       1.53e-05  
    42          47      4.03883e-06              1       1.43e-05  
    43          48      3.96873e-06              1       5.42e-06  
    44          49      3.91447e-06              1       5.29e-06  
    45          50      3.82952e-06              1       6.95e-06  
    46          51      3.75292e-06              1       6.68e-06  
    47          52      3.64976e-06              1       9.18e-06  
    48          53      3.54931e-06              1       7.74e-06  
    49          54      3.34556e-06              1        1.1e-05  
    50          55      3.05526e-06              1        1.3e-05  
    51          56      2.66644e-06              1       1.47e-05  
    52          57      2.44155e-06              1       1.37e-05  
    53          58      2.26704e-06              1       1.04e-05  
    54          59      2.17231e-06              1       8.78e-06  
    55          60      2.08275e-06              1        4.4e-06  
    56          61      2.03188e-06              1       4.83e-06  
    57          62      1.88599e-06              1       1.21e-05  
    58          63      1.67236e-06              1       1.63e-05  
    59          64       1.3536e-06              1       1.56e-05  
                                                        First-order 
 Iteration  Func-count       f(x)        Step-size       optimality
    60          65      1.10837e-06              1       6.03e-06  
    61          66      1.00224e-06              1       1.33e-05  
    62          67      9.09015e-07              1       6.34e-06  
    63          68      8.02853e-07              1       7.05e-06  
    64          70      7.25227e-07       0.478435       8.74e-06  
    65          71       6.7497e-07              1       3.85e-06  
    66          72      6.42826e-07              1       4.07e-06  
    67          73      5.95487e-07              1       5.59e-06  
    68          74      5.66463e-07              1       2.87e-06  
    69          75       5.4372e-07              1       4.77e-06  
    70          76      5.27732e-07              1       1.21e-06  
    71          77      5.22484e-07              1       9.32e-07  
    72          78      5.18022e-07              1       9.99e-07  
    73          79      5.13448e-07              1       5.27e-07  
    74          80      5.04226e-07              1       1.04e-06  
    75          81      4.95269e-07              1       1.48e-06  
    76          82      4.88587e-07              1       1.11e-06  
    77          84      4.83312e-07       0.428678       2.22e-06  
    78          86      4.77637e-07       0.639992       1.34e-06  
    79          87      4.67003e-07              1        1.4e-06  
                                                        First-order 
 Iteration  Func-count       f(x)        Step-size       optimality
    80          88      4.44023e-07              1       2.26e-06  
    81          89      4.28266e-07              1       2.24e-06  
    82          91      4.22348e-07       0.435553       3.29e-06  
    83          92      4.09809e-07              1       6.15e-07  
    84          93      4.06874e-07              1       7.11e-07  
    85          94      4.01013e-07              1       9.88e-07  
    86          95      3.88444e-07              1       7.67e-07  
    87          96      3.58474e-07              1       2.71e-06  
    88          97      3.25312e-07              1       6.77e-06  
    89          98      2.78392e-07              1       4.36e-06  
    90         100      2.32374e-07       0.442496       7.15e-06  
    91         101      2.07443e-07              1       1.24e-06  
    92         102      1.85182e-07              1       5.75e-06  
    93         103      1.64101e-07              1        2.7e-06  
    94         104      1.53344e-07              1       5.64e-06  
    95         105      1.42942e-07              1        4.1e-06  
    96         106      1.31461e-07              1       4.92e-06  
    97         107      1.13754e-07              1       1.68e-06  
    98         108       1.0198e-07              1       4.28e-06  
    99         109      8.84943e-08              1       2.07e-06  
                                                        First-order 
 Iteration  Func-count       f(x)        Step-size       optimality
   100         110      7.72392e-08              1       3.96e-06  
   101         111      6.77673e-08              1        1.2e-06  
   102         112       5.9658e-08              1        1.6e-06  
   103         113      5.34784e-08              1       1.97e-06  
   104         114      4.22232e-08              1       1.38e-06  
   105         115      3.52387e-08              1       5.12e-06  
   106         116      2.38671e-08              1       1.08e-06  
   107         117      1.55847e-08              1       6.94e-07  
   108         118      9.89916e-09              1       3.39e-06  
   109         119       8.0105e-09              1       7.48e-07  
   110         120      6.31265e-09              1       4.54e-07  
   111         121      4.89478e-09              1        1.1e-06  
   112         122      3.47438e-09              1       8.06e-07  
   113         123      9.92761e-10              1       7.13e-07  
   114         124      4.05073e-10              1       6.84e-07  
   115         125      2.45789e-10              1       7.86e-07  
   116         126      8.74324e-11              1       4.55e-07  
   117         127      1.89102e-11              1        2.5e-08  
   118         128      2.46556e-12              1       6.08e-08  
   119         129       1.2326e-13              1       1.58e-08  
                                                        First-order 
 Iteration  Func-count       f(x)        Step-size       optimality
   120         130      2.82327e-15              1       9.73e-10  
   121         131      1.65632e-16              1       3.98e-10  
   122         132      3.72344e-18              1       4.58e-11  

Optimization completed: The <a href = "matlab: helpview([docroot '/toolbox/optim/msg_csh/optim_msg_csh.map'],'first_order_opt_unc','CSHelpWindow');">first-order optimality measure</a>, 4.573254e-11, is less 
than <a href = "matlab: helpview([docroot '/toolbox/optim/msg_csh/optim_msg_csh.map'],'tolfun','CSHelpWindow');">options.TolFun</a> = 1.000000e-10.

Optimization Metric                                            Options
relative norm(gradient) =   4.57e-11                  TolFun =   1e-10 (selected)

                                                        First-order 
 Iteration  Func-count       f(x)        Step-size       optimality
     0           1         0.217638                        0.0414
     1           2          0.18088              1         0.0164  
     2           3         0.120304              1         0.0594  
     3           4        0.0858053              1         0.0347  
     4           5        0.0621294              1         0.0361  
     5           6        0.0467061              1         0.0171  
     6           7        0.0384581              1         0.0103  
     7           8        0.0334677              1        0.00855  
     8           9        0.0299579              1        0.00823  
     9          10         0.026887              1        0.00791  
    10          11         0.023684              1        0.00776  
    11          12        0.0203007              1        0.00673  
    12          13        0.0169645              1        0.00667  
    13          14        0.0144973              1        0.00526  
    14          15        0.0122869              1          0.005  
    15          16        0.0106881              1        0.00473  
    16          17       0.00934449              1        0.00464  
    17          18       0.00817685              1        0.00528  
    18          19       0.00699134              1         0.0035  
    19          20       0.00599387              1        0.00328  
                                                        First-order 
 Iteration  Func-count       f(x)        Step-size       optimality
    20          21       0.00505155              1        0.00354  
    21          22       0.00416543              1        0.00251  
    22          23       0.00345682              1        0.00203  
    23          24        0.0029295              1        0.00192  
    24          25         0.002511              1        0.00168  
    25          26       0.00219865              1        0.00122  
    26          27       0.00195285              1        0.00139  
    27          28       0.00174566              1        0.00145  
    28          29       0.00157016              1        0.00124  
    29          30        0.0014297              1        0.00107  
    30          31       0.00131141              1        0.00107  
    31          32       0.00121229              1       0.000955  
    32          33       0.00111661              1        0.00119  
    33          34       0.00102888              1        0.00103  
    34          35      0.000950103              1       0.000857  
    35          36      0.000878729              1       0.000958  
    36          37       0.00081103              1        0.00101  
    37          38      0.000750452              1       0.000799  
    38          39      0.000695076              1       0.000781  
    39          40      0.000644269              1       0.000802  
                                                        First-order 
 Iteration  Func-count       f(x)        Step-size       optimality
    40          41      0.000598075              1       0.000614  
    41          42      0.000555863              1       0.000564  
    42          43      0.000518043              1        0.00057  
    43          44      0.000481491              1       0.000504  
    44          45      0.000449352              1       0.000513  
    45          46      0.000420296              1       0.000432  
    46          47      0.000396308              1       0.000392  
    47          48      0.000373234              1       0.000431  
    48          49      0.000350638              1        0.00051  
    49          50      0.000326694              1       0.000567  
    50          51      0.000304333              1        0.00055  
    51          52      0.000283001              1       0.000428  
    52          53      0.000264368              1       0.000389  
    53          54      0.000247267              1       0.000322  
    54          55        0.0002325              1       0.000303  
    55          56      0.000219087              1       0.000285  
    56          57      0.000207717              1       0.000381  
    57          58      0.000196926              1       0.000326  
    58          59      0.000186986              1         0.0003  
    59          60      0.000177023              1       0.000247  
                                                        First-order 
 Iteration  Func-count       f(x)        Step-size       optimality
    60          61      0.000167704              1       0.000263  
    61          62      0.000158506              1       0.000256  
    62          63      0.000150083              1       0.000208  
    63          64      0.000142163              1         0.0002  
    64          65      0.000135038              1       0.000225  
    65          66      0.000128738              1       0.000248  
    66          67      0.000123318              1       0.000221  
    67          68      0.000118477              1       0.000193  
    68          69      0.000113947              1       0.000172  
    69          70      0.000109709              1       0.000159  
    70          71      0.000105791              1        0.00013  
    71          72      0.000102286              1       0.000135  
    72          73      9.91758e-05              1       0.000123  
    73          74      9.64457e-05              1       0.000121  
    74          75       9.3788e-05              1       0.000128  
    75          76       9.1011e-05              1       0.000153  
    76          77      8.80229e-05              1       0.000157  
    77          78      8.51213e-05              1       0.000162  
    78          79      8.24203e-05              1       0.000155  
    79          80       7.9978e-05              1       0.000135  
                                                        First-order 
 Iteration  Func-count       f(x)        Step-size       optimality
    80          81       7.7653e-05              1       0.000116  
    81          82      7.54098e-05              1       0.000131  
    82          83      7.31725e-05              1       0.000109  
    83          84      7.09094e-05              1       0.000116  
    84          85      6.86184e-05              1       0.000113  
    85          86      6.64277e-05              1       0.000125  
    86          87      6.44216e-05              1       0.000131  
    87          88       6.2523e-05              1       0.000114  
    88          89      6.05849e-05              1       0.000128  
    89          90      5.85679e-05              1       0.000135  
    90          91       5.6621e-05              1       0.000113  
    91          92      5.47916e-05              1       9.88e-05  
    92          93      5.30909e-05              1       0.000113  
    93          94      5.13415e-05              1       0.000113  
    94          95      4.96091e-05              1       0.000106  
    95          96      4.78825e-05              1       0.000104  
    96          97      4.63083e-05              1       0.000107  
    97          98      4.47329e-05              1       0.000112  
    98          99      4.33192e-05              1       9.52e-05  
    99         100      4.19921e-05              1       9.48e-05  
                                                        First-order 
 Iteration  Func-count       f(x)        Step-size       optimality
   100         101      4.07884e-05              1       9.78e-05  
   101         102      3.96015e-05              1       0.000104  
   102         103      3.85436e-05              1       0.000126  
   103         104      3.76041e-05              1       7.91e-05  
   104         105      3.67992e-05              1       8.91e-05  
   105         106      3.60006e-05              1       8.22e-05  
   106         107      3.52108e-05              1       7.99e-05  
   107         108      3.44122e-05              1       7.15e-05  
   108         109      3.36679e-05              1        7.2e-05  
   109         110      3.29582e-05              1       6.33e-05  
   110         111      3.22938e-05              1       6.78e-05  
   111         112      3.16547e-05              1        6.7e-05  
   112         113      3.10588e-05              1       5.99e-05  
   113         114      3.04936e-05              1       6.02e-05  
   114         115      2.99561e-05              1       6.42e-05  
   115         116      2.94222e-05              1       5.75e-05  
   116         117       2.8903e-05              1       5.73e-05  
   117         118      2.83976e-05              1       5.62e-05  
   118         119      2.79248e-05              1       6.26e-05  
   119         120      2.74623e-05              1       5.96e-05  
                                                        First-order 
 Iteration  Func-count       f(x)        Step-size       optimality
   120         121      2.70165e-05              1       5.76e-05  
   121         122      2.65733e-05              1       5.69e-05  
   122         123      2.61466e-05              1       5.88e-05  
   123         124      2.57176e-05              1       6.55e-05  
   124         125      2.52893e-05              1       6.11e-05  
   125         126      2.48613e-05              1       5.37e-05  
   126         127      2.44535e-05              1       4.77e-05  
   127         128      2.40626e-05              1       4.44e-05  
   128         129      2.36766e-05              1        5.1e-05  
   129         130      2.32741e-05              1       4.77e-05  
   130         131      2.28494e-05              1       5.63e-05  
   131         132       2.2402e-05              1       5.77e-05  
   132         133      2.19414e-05              1       6.16e-05  
   133         134      2.14737e-05              1       5.32e-05  
   134         135      2.10247e-05              1       4.89e-05  
   135         136      2.06054e-05              1       4.66e-05  
   136         137      2.02272e-05              1       5.52e-05  
   137         138      1.98582e-05              1       5.19e-05  
   138         139      1.95061e-05              1       4.95e-05  
   139         140      1.91756e-05              1       4.39e-05  
                                                        First-order 
 Iteration  Func-count       f(x)        Step-size       optimality
   140         141      1.88675e-05              1       4.51e-05  
   141         142      1.85769e-05              1       4.16e-05  
   142         143      1.82993e-05              1        4.2e-05  
   143         144      1.80181e-05              1        4.1e-05  
   144         145      1.77304e-05              1       4.45e-05  
   145         146      1.74414e-05              1       5.43e-05  
   146         147      1.71593e-05              1       5.05e-05  
   147         148      1.68846e-05              1       4.67e-05  
   148         149       1.6614e-05              1       4.26e-05  
   149         150      1.63552e-05              1       3.52e-05  
   150         151      1.61157e-05              1       3.96e-05  
   151         152      1.59039e-05              1       3.69e-05  
   152         153      1.57099e-05              1       3.48e-05  
   153         154      1.55341e-05              1       3.04e-05  
   154         155      1.53703e-05              1       4.08e-05  
   155         156      1.52175e-05              1       3.62e-05  
   156         157      1.50657e-05              1       3.26e-05  
   157         158      1.49155e-05              1       2.88e-05  
   158         159      1.47682e-05              1        3.1e-05  
   159         160      1.46292e-05              1       3.22e-05  
                                                        First-order 
 Iteration  Func-count       f(x)        Step-size       optimality
   160         161      1.44966e-05              1       2.86e-05  
   161         162      1.43674e-05              1       3.13e-05  
   162         163      1.42384e-05              1       2.91e-05  
   163         164      1.41121e-05              1       3.14e-05  
   164         165      1.39912e-05              1       2.78e-05  
   165         166      1.38772e-05              1       3.01e-05  
   166         167      1.37668e-05              1       2.33e-05  
   167         168      1.36555e-05              1       2.63e-05  
   168         169      1.35384e-05              1       2.18e-05  
   169         170      1.34164e-05              1       2.48e-05  
   170         171      1.32938e-05              1       2.73e-05  
   171         172      1.31759e-05              1       2.55e-05  
   172         173      1.30597e-05              1       2.39e-05  
   173         174      1.29451e-05              1       2.21e-05  
   174         175      1.28335e-05              1       2.24e-05  
   175         176      1.27299e-05              1       2.58e-05  
   176         177      1.26333e-05              1       2.59e-05  
   177         178      1.25411e-05              1       2.46e-05  
   178         179      1.24478e-05              1       2.55e-05  
   179         180      1.23526e-05              1        2.4e-05  
                                                        First-order 
 Iteration  Func-count       f(x)        Step-size       optimality
   180         181      1.22558e-05              1        2.3e-05  
   181         182      1.21619e-05              1       2.58e-05  
   182         183      1.20726e-05              1       2.41e-05  
   183         184      1.19878e-05              1       2.41e-05  
   184         185      1.19019e-05              1       2.09e-05  
   185         186      1.18113e-05              1       2.44e-05  
   186         187      1.17153e-05              1       2.46e-05  
   187         188      1.16189e-05              1       2.22e-05  
   188         189      1.15249e-05              1        2.1e-05  
   189         190      1.14328e-05              1       1.98e-05  
   190         191      1.13382e-05              1       2.36e-05  
   191         192      1.12402e-05              1       2.71e-05  
   192         193      1.11394e-05              1        2.4e-05  
   193         194      1.10414e-05              1       2.34e-05  
   194         195      1.09502e-05              1       2.16e-05  
   195         196      1.08672e-05              1        2.1e-05  
   196         197      1.07853e-05              1          2e-05  
   197         198      1.06974e-05              1       2.32e-05  
   198         199      1.05983e-05              1       2.71e-05  
   199         200      1.04949e-05              1       2.87e-05  
                                                        First-order 
 Iteration  Func-count       f(x)        Step-size       optimality
   200         201      1.03954e-05              1       2.99e-05  
   201         202      1.03047e-05              1        2.4e-05  
   202         203      1.02193e-05              1       2.27e-05  
   203         204      1.01388e-05              1       2.37e-05  
   204         205       1.0061e-05              1       2.09e-05  
   205         206      9.98458e-06              1       2.24e-05  
   206         207      9.90378e-06              1        2.6e-05  
   207         208      9.81892e-06              1       2.14e-05  
   208         209       9.7362e-06              1       2.48e-05  
   209         210      9.66365e-06              1       2.16e-05  
   210         211      9.59961e-06              1       1.94e-05  
   211         212      9.53819e-06              1       1.91e-05  
   212         213      9.47482e-06              1        2.1e-05  
   213         214      9.41107e-06              1       2.26e-05  
   214         215      9.34934e-06              1        1.9e-05  
   215         216      9.29053e-06              1       2.17e-05  
   216         217      9.23348e-06              1       2.13e-05  
   217         218      9.17841e-06              1       1.82e-05  
   218         219      9.12623e-06              1       1.61e-05  
   219         220      9.07807e-06              1       1.58e-05  
                                                        First-order 
 Iteration  Func-count       f(x)        Step-size       optimality
   220         221      9.03298e-06              1       1.51e-05  
   221         222      8.98977e-06              1        1.6e-05  
   222         223      8.94657e-06              1       1.57e-05  
   223         224      8.90361e-06              1       1.74e-05  
   224         225      8.86161e-06              1       1.65e-05  
   225         226      8.82075e-06              1       1.86e-05  
   226         227      8.77911e-06              1       1.73e-05  
   227         228      8.73593e-06              1       1.55e-05  
   228         229      8.69095e-06              1       1.91e-05  
   229         230       8.6453e-06              1       1.62e-05  
   230         231      8.59894e-06              1       1.81e-05  
   231         232      8.55108e-06              1       1.73e-05  
   232         233      8.50103e-06              1       1.62e-05  
   233         234      8.45033e-06              1       1.82e-05  
   234         235      8.40183e-06              1       1.57e-05  
   235         236      8.35761e-06              1       1.72e-05  
   236         237      8.31705e-06              1       1.45e-05  
   237         238      8.27816e-06              1       1.47e-05  
   238         239      8.23873e-06              1       1.38e-05  
   239         240      8.19798e-06              1       1.51e-05  
                                                        First-order 
 Iteration  Func-count       f(x)        Step-size       optimality
   240         241      8.15645e-06              1       1.47e-05  
   241         242      8.11597e-06              1       1.69e-05  
   242         243       8.0778e-06              1       1.57e-05  
   243         244      8.04265e-06              1       1.51e-05  
   244         245       8.0105e-06              1       1.28e-05  
   245         246      7.98196e-06              1       1.27e-05  
   246         247      7.95681e-06              1       1.29e-05  
   247         248      7.93405e-06              1       1.11e-05  
   248         249      7.91195e-06              1       1.29e-05  
   249         250      7.89007e-06              1       1.29e-05  
   250         251       7.8692e-06              1       9.73e-06  
   251         252      7.85032e-06              1       1.11e-05  
   252         253       7.8327e-06              1       1.08e-05  
   253         254      7.81483e-06              1       1.23e-05  
   254         255      7.79557e-06              1       1.15e-05  
   255         256      7.77556e-06              1       1.13e-05  
   256         257      7.75635e-06              1       1.01e-05  
   257         258      7.73886e-06              1       9.03e-06  
   258         259      7.72225e-06              1        9.6e-06  
   259         260      7.70512e-06              1       1.09e-05  
                                                        First-order 
 Iteration  Func-count       f(x)        Step-size       optimality
   260         261      7.68659e-06              1       1.13e-05  
   261         262      7.66687e-06              1       1.01e-05  
   262         263       7.6466e-06              1       1.08e-05  
   263         264      7.62643e-06              1       1.21e-05  
   264         265      7.60682e-06              1       1.18e-05  
   265         266      7.58814e-06              1       1.31e-05  
   266         267      7.57014e-06              1       1.01e-05  
   267         268      7.55207e-06              1       1.07e-05  
   268         269      7.53311e-06              1       1.06e-05  
   269         270      7.51337e-06              1          1e-05  
   270         271      7.49381e-06              1       9.87e-06  
   271         272      7.47538e-06              1        9.6e-06  
   272         273      7.45802e-06              1       1.07e-05  
   273         274      7.44119e-06              1       1.11e-05  
   274         275       7.4245e-06              1       9.77e-06  
   275         276      7.40798e-06              1       1.01e-05  
   276         277      7.39133e-06              1       9.28e-06  
   277         278      7.37391e-06              1       1.05e-05  
   278         279      7.35517e-06              1       1.06e-05  
   279         280      7.33548e-06              1       1.05e-05  
                                                        First-order 
 Iteration  Func-count       f(x)        Step-size       optimality
   280         281      7.31576e-06              1       1.17e-05  
   281         282      7.29668e-06              1       1.12e-05  
   282         283      7.27798e-06              1       1.05e-05  
   283         284      7.25939e-06              1       1.17e-05  
   284         285      7.24073e-06              1       9.82e-06  
   285         286      7.22231e-06              1       1.02e-05  
   286         287      7.20365e-06              1       9.22e-06  
   287         288      7.18439e-06              1       1.04e-05  
   288         289      7.16404e-06              1       1.06e-05  
   289         290      7.14339e-06              1       1.12e-05  
   290         291      7.12317e-06              1       1.27e-05  
   291         292      7.10431e-06              1       1.15e-05  
   292         293      7.08679e-06              1       1.14e-05  
   293         294      7.07018e-06              1       9.98e-06  
   294         295       7.0533e-06              1       9.22e-06  
   295         296      7.03511e-06              1       1.35e-05  
   296         297      7.01537e-06              1       1.33e-05  
   297         298       6.9955e-06              1       1.11e-05  
   298         299      6.97722e-06              1       1.03e-05  
   299         300      6.96076e-06              1       1.03e-05  
                                                        First-order 
 Iteration  Func-count       f(x)        Step-size       optimality
   300         301      6.94475e-06              1       8.53e-06  
   301         302      6.92817e-06              1       9.33e-06  
   302         303      6.91105e-06              1       1.12e-05  
   303         304      6.89426e-06              1       1.08e-05  
   304         305      6.87782e-06              1       1.03e-05  
   305         306      6.86134e-06              1       9.99e-06  
   306         307       6.8439e-06              1       1.08e-05  
   307         308      6.82577e-06              1       1.07e-05  
   308         309      6.80694e-06              1       9.42e-06  
   309         310      6.78805e-06              1       1.13e-05  
   310         311      6.76893e-06              1        1.1e-05  
   311         312      6.75024e-06              1       9.96e-06  
   312         313      6.73122e-06              1       1.07e-05  
   313         314      6.71117e-06              1       1.25e-05  
   314         315      6.68983e-06              1       1.21e-05  
   315         316      6.66886e-06              1       9.61e-06  
   316         317      6.64931e-06              1       9.17e-06  
   317         318      6.63093e-06              1       1.13e-05  
   318         319       6.6121e-06              1       1.11e-05  
   319         320      6.59246e-06              1       1.14e-05  
                                                        First-order 
 Iteration  Func-count       f(x)        Step-size       optimality
   320         321      6.57175e-06              1       1.04e-05  
   321         322      6.55064e-06              1       1.03e-05  
   322         323      6.52815e-06              1       1.13e-05  
   323         324      6.50635e-06              1        1.1e-05  
   324         325      6.48563e-06              1       1.04e-05  
   325         326      6.46706e-06              1       1.21e-05  
   326         327      6.44875e-06              1       1.13e-05  
   327         328       6.4301e-06              1       9.61e-06  
   328         329      6.41039e-06              1       9.74e-06  
   329         330      6.39035e-06              1       1.15e-05  
   330         331      6.37009e-06              1       1.19e-05  
   331         332      6.35026e-06              1       1.14e-05  
   332         333       6.3317e-06              1       9.78e-06  
   333         334      6.31527e-06              1       1.03e-05  
   334         335      6.29921e-06              1       9.61e-06  
   335         336      6.28235e-06              1       1.11e-05  
   336         337      6.26645e-06              1          1e-05  
   337         338       6.2519e-06              1          1e-05  
   338         339      6.23673e-06              1       9.54e-06  
   339         340      6.22158e-06              1       1.06e-05  
                                                        First-order 
 Iteration  Func-count       f(x)        Step-size       optimality
   340         341      6.20592e-06              1       9.91e-06  
   341         342      6.19068e-06              1       9.42e-06  
   342         343      6.17586e-06              1       9.83e-06  
   343         344      6.16154e-06              1       1.05e-05  
   344         345       6.1469e-06              1        8.7e-06  
   345         346      6.13167e-06              1       8.98e-06  
   346         347      6.11591e-06              1       8.37e-06  
   347         348      6.09999e-06              1       1.18e-05  
   348         349      6.08411e-06              1       1.16e-05  
   349         350      6.06819e-06              1       9.97e-06  
   350         351      6.05236e-06              1       9.57e-06  
   351         352      6.03639e-06              1       1.02e-05  
   352         353      6.02046e-06              1       1.26e-05  
   353         354      6.00402e-06              1       1.09e-05  
   354         355       5.9873e-06              1       1.41e-05  
   355         356      5.97013e-06              1       1.32e-05  
   356         357      5.95314e-06              1        1.5e-05  
   357         358      5.93564e-06              1       1.23e-05  
   358         359      5.91688e-06              1       1.18e-05  
   359         360      5.89628e-06              1       1.25e-05  
                                                        First-order 
 Iteration  Func-count       f(x)        Step-size       optimality
   360         361      5.87491e-06              1       1.16e-05  
   361         362      5.85383e-06              1       1.21e-05  
   362         363      5.83313e-06              1       1.13e-05  
   363         364      5.81209e-06              1       1.09e-05  
   364         365      5.79084e-06              1       1.35e-05  
   365         366      5.77112e-06              1        1.2e-05  
   366         367      5.75309e-06              1       1.08e-05  
   367         368      5.73499e-06              1       1.09e-05  
   368         369      5.71318e-06              1       1.05e-05  
   369         370      5.69068e-06              1       1.22e-05  
   370         371      5.66935e-06              1       1.09e-05  
   371         372      5.64752e-06              1       1.25e-05  
   372         373      5.62485e-06              1       1.35e-05  
   373         374      5.60141e-06              1       1.27e-05  
   374         375      5.57779e-06              1       1.24e-05  
   375         376      5.55568e-06              1       1.15e-05  
   376         377      5.53334e-06              1       1.15e-05  
   377         378      5.51091e-06              1       1.14e-05  
   378         379      5.48741e-06              1       1.32e-05  
   379         380      5.46618e-06              1       1.36e-05  
                                                        First-order 
 Iteration  Func-count       f(x)        Step-size       optimality
   380         381      5.44601e-06              1       9.88e-06  
   381         382      5.42661e-06              1       1.16e-05  
   382         383       5.4059e-06              1       1.05e-05  
   383         384       5.3872e-06              1       1.18e-05  
   384         385      5.36809e-06              1        1.2e-05  
   385         386      5.34927e-06              1       1.32e-05  
   386         387      5.33048e-06              1        1.3e-05  
   387         388      5.31217e-06              1       1.12e-05  
   388         389      5.29428e-06              1       1.02e-05  
   389         390      5.27629e-06              1       1.11e-05  
   390         391      5.25811e-06              1       9.98e-06  
   391         392       5.2408e-06              1       1.15e-05  
   392         393      5.22574e-06              1       9.12e-06  
   393         394      5.21294e-06              1       8.73e-06  
   394         395      5.20183e-06              1       9.81e-06  
   395         396      5.19061e-06              1       8.58e-06  
   396         397      5.17888e-06              1       8.27e-06  
   397         398      5.16791e-06              1       9.31e-06  
   398         399      5.15786e-06              1       8.31e-06  
   399         400       5.1493e-06              1       7.44e-06  
                                                        First-order 
 Iteration  Func-count       f(x)        Step-size       optimality
   400         401      5.14174e-06              1       6.61e-06  
   401         402      5.13449e-06              1       5.69e-06  
   402         403      5.12738e-06              1        6.7e-06  
   403         404      5.12074e-06              1       6.04e-06  
   404         405      5.11467e-06              1       5.88e-06  
   405         406      5.10892e-06              1       5.53e-06  
   406         407      5.10326e-06              1       5.71e-06  
   407         408      5.09784e-06              1       5.52e-06  
   408         409      5.09287e-06              1       5.24e-06  
   409         410      5.08839e-06              1       5.35e-06  
   410         411       5.0842e-06              1       5.52e-06  
   411         412      5.08012e-06              1       5.38e-06  
   412         413      5.07607e-06              1       4.71e-06  
   413         414      5.07204e-06              1       4.79e-06  
   414         415      5.06813e-06              1       5.38e-06  
   415         416      5.06453e-06              1       4.86e-06  
   416         417       5.0614e-06              1       4.23e-06  
   417         418      5.05868e-06              1       3.89e-06  
   418         419      5.05621e-06              1       3.57e-06  
   419         420      5.05383e-06              1       3.65e-06  
                                                        First-order 
 Iteration  Func-count       f(x)        Step-size       optimality
   420         421      5.05143e-06              1       3.62e-06  
   421         422      5.04901e-06              1       4.11e-06  
   422         423      5.04663e-06              1       3.68e-06  
   423         424      5.04438e-06              1       3.95e-06  
   424         425      5.04226e-06              1       3.14e-06  
   425         426      5.04019e-06              1       3.49e-06  
   426         427       5.0381e-06              1       3.56e-06  
   427         428      5.03606e-06              1       3.14e-06  
   428         429       5.0342e-06              1       3.17e-06  
   429         430      5.03254e-06              1       2.68e-06  
   430         431      5.03101e-06              1       2.67e-06  
   431         432      5.02952e-06              1       3.67e-06  
   432         433      5.02806e-06              1       3.01e-06  
   433         434      5.02664e-06              1       2.62e-06  
   434         435       5.0253e-06              1       2.85e-06  
   435         436      5.02402e-06              1       2.98e-06  
   436         437       5.0228e-06              1       3.31e-06  
   437         438      5.02163e-06              1       2.97e-06  
   438         439      5.02049e-06              1       2.87e-06  
   439         440       5.0194e-06              1       2.86e-06  
                                                        First-order 
 Iteration  Func-count       f(x)        Step-size       optimality
   440         441      5.01843e-06              1       2.84e-06  
   441         442      5.01756e-06              1       1.88e-06  
   442         443      5.01673e-06              1       2.34e-06  
   443         444      5.01583e-06              1       2.27e-06  
   444         445      5.01485e-06              1       2.73e-06  
   445         446      5.01386e-06              1       2.61e-06  
   446         447      5.01292e-06              1       2.18e-06  
   447         448      5.01202e-06              1       2.24e-06  
   448         449      5.01112e-06              1       2.44e-06  
   449         450      5.01018e-06              1       2.57e-06  
   450         451       5.0092e-06              1       2.44e-06  
   451         452      5.00821e-06              1       2.34e-06  
   452         453      5.00722e-06              1       2.45e-06  
   453         454      5.00625e-06              1       2.41e-06  
   454         455      5.00531e-06              1       2.27e-06  
   455         456      5.00442e-06              1       2.24e-06  
   456         457      5.00358e-06              1       2.41e-06  
   457         458      5.00277e-06              1       2.45e-06  
   458         459      5.00201e-06              1       2.61e-06  
   459         460      5.00128e-06              1       2.14e-06  
                                                        First-order 
 Iteration  Func-count       f(x)        Step-size       optimality
   460         461      5.00059e-06              1       2.34e-06  
   461         462       4.9999e-06              1       2.31e-06  
   462         463      4.99919e-06              1       1.94e-06  
   463         464      4.99844e-06              1       2.24e-06  
   464         465      4.99767e-06              1       1.96e-06  
   465         466      4.99692e-06              1       2.27e-06  
   466         467      4.99619e-06              1       2.34e-06  
   467         468      4.99544e-06              1       2.25e-06  
   468         469      4.99464e-06              1       2.13e-06  
   469         470      4.99381e-06              1       2.01e-06  
   470         471      4.99299e-06              1       2.06e-06  
   471         472      4.99222e-06              1       1.94e-06  
   472         473      4.99148e-06              1       1.77e-06  
   473         474      4.99077e-06              1       2.06e-06  
   474         475      4.99009e-06              1       2.08e-06  
   475         476      4.98945e-06              1        1.9e-06  
   476         477      4.98882e-06              1       2.13e-06  
   477         478      4.98816e-06              1       2.18e-06  
   478         479      4.98749e-06              1       1.92e-06  
   479         480      4.98684e-06              1       1.94e-06  
                                                        First-order 
 Iteration  Func-count       f(x)        Step-size       optimality
   480         481      4.98623e-06              1       1.99e-06  
   481         482      4.98565e-06              1       1.74e-06  
   482         483      4.98509e-06              1       1.97e-06  
   483         484      4.98454e-06              1       2.05e-06  
   484         485        4.984e-06              1        1.8e-06  
   485         486      4.98344e-06              1       1.76e-06  
   486         487      4.98287e-06              1       1.87e-06  
   487         488      4.98226e-06              1       2.03e-06  
   488         489      4.98164e-06              1       1.75e-06  
   489         490      4.98099e-06              1       1.77e-06  
   490         491      4.98035e-06              1       2.08e-06  
   491         492      4.97976e-06              1       2.11e-06  
   492         493      4.97921e-06              1       1.91e-06  
   493         494      4.97869e-06              1       1.54e-06  
   494         495      4.97816e-06              1       1.76e-06  
   495         496      4.97761e-06              1       2.07e-06  
   496         497      4.97704e-06              1       2.16e-06  
   497         498      4.97646e-06              1       1.76e-06  
   498         499      4.97589e-06              1       1.63e-06  
   499         500      4.97532e-06              1        1.8e-06  
                                                        First-order 
 Iteration  Func-count       f(x)        Step-size       optimality
   500         501      4.97472e-06              1       1.72e-06  
   501         502      4.97411e-06              1       1.77e-06  
   502         503      4.97347e-06              1       1.68e-06  
   503         504      4.97285e-06              1       1.76e-06  
   504         505      4.97227e-06              1       1.85e-06  
   505         506      4.97174e-06              1       1.94e-06  
   506         507      4.97122e-06              1       1.86e-06  
   507         508      4.97067e-06              1       1.92e-06  
   508         509      4.97009e-06              1       1.92e-06  
   509         510       4.9695e-06              1       1.99e-06  
   510         511      4.96892e-06              1       2.04e-06  
   511         512      4.96836e-06              1       2.15e-06  
   512         513      4.96779e-06              1       2.04e-06  
   513         514      4.96718e-06              1       2.45e-06  
   514         515      4.96655e-06              1       2.27e-06  
   515         516      4.96595e-06              1       1.63e-06  
   516         517      4.96541e-06              1       1.84e-06  
   517         518      4.96493e-06              1       1.55e-06  
   518         519      4.96447e-06              1       1.67e-06  
   519         520      4.96397e-06              1       1.74e-06  
                                                        First-order 
 Iteration  Func-count       f(x)        Step-size       optimality
   520         521      4.96344e-06              1       2.05e-06  
   521         522      4.96291e-06              1       1.73e-06  
   522         523      4.96243e-06              1       1.52e-06  
   523         524      4.96199e-06              1       1.62e-06  
   524         525      4.96157e-06              1       1.55e-06  
   525         526      4.96116e-06              1       1.39e-06  
   526         527      4.96075e-06              1       1.48e-06  
   527         528      4.96034e-06              1       1.43e-06  
   528         529      4.95992e-06              1       1.72e-06  
   529         530      4.95952e-06              1       1.69e-06  
   530         531      4.95915e-06              1       1.44e-06  
   531         532      4.95878e-06              1       1.42e-06  
   532         533       4.9584e-06              1       1.39e-06  
   533         534        4.958e-06              1       1.59e-06  
   534         535      4.95759e-06              1       1.45e-06  
   535         536      4.95719e-06              1       1.52e-06  
   536         537       4.9568e-06              1       1.53e-06  
   537         538      4.95639e-06              1       1.96e-06  
   538         539      4.95596e-06              1       1.85e-06  
   539         540      4.95553e-06              1       1.56e-06  
                                                        First-order 
 Iteration  Func-count       f(x)        Step-size       optimality
   540         541       4.9551e-06              1       1.74e-06  
   541         542      4.95465e-06              1        1.7e-06  
   542         543       4.9542e-06              1        1.9e-06  
   543         544      4.95373e-06              1       2.05e-06  
   544         545      4.95327e-06              1       1.62e-06  
   545         546      4.95281e-06              1       1.67e-06  
   546         547      4.95236e-06              1       1.41e-06  
   547         548      4.95189e-06              1       1.71e-06  
   548         549      4.95139e-06              1       1.66e-06  
   549         550      4.95086e-06              1       1.68e-06  
   550         551      4.95029e-06              1       1.81e-06  
   551         552       4.9497e-06              1       2.04e-06  
   552         553       4.9491e-06              1        1.8e-06  
   553         554      4.94848e-06              1       1.84e-06  
   554         555      4.94785e-06              1        1.7e-06  
   555         556      4.94721e-06              1       2.14e-06  
   556         557      4.94658e-06              1       1.99e-06  
   557         558      4.94593e-06              1       1.98e-06  
   558         559      4.94525e-06              1       2.06e-06  
   559         560      4.94456e-06              1       2.49e-06  
                                                        First-order 
 Iteration  Func-count       f(x)        Step-size       optimality
   560         561      4.94388e-06              1       2.43e-06  
   561         562      4.94321e-06              1       2.16e-06  
   562         563      4.94254e-06              1       2.19e-06  
   563         564      4.94189e-06              1       1.93e-06  
   564         565      4.94127e-06              1       1.99e-06  
   565         566      4.94066e-06              1       2.31e-06  
   566         567      4.94004e-06              1       2.48e-06  
   567         568      4.93937e-06              1       2.45e-06  
   568         569      4.93868e-06              1       2.23e-06  
   569         570      4.93799e-06              1       1.82e-06  
   570         571      4.93732e-06              1       2.55e-06  
   571         572      4.93668e-06              1       2.48e-06  
   572         573      4.93607e-06              1       1.76e-06  
   573         574      4.93551e-06              1       2.05e-06  
   574         575      4.93496e-06              1       2.19e-06  
   575         576      4.93436e-06              1       1.91e-06  
   576         577      4.93372e-06              1        1.9e-06  
   577         578      4.93306e-06              1        1.8e-06  
   578         579      4.93244e-06              1       1.88e-06  
   579         580      4.93185e-06              1       1.83e-06  
                                                        First-order 
 Iteration  Func-count       f(x)        Step-size       optimality
   580         581      4.93128e-06              1        1.8e-06  
   581         582      4.93072e-06              1       2.08e-06  
   582         583      4.93016e-06              1       1.88e-06  
   583         584      4.92962e-06              1       1.97e-06  
   584         585      4.92908e-06              1       1.93e-06  
   585         586      4.92855e-06              1       1.55e-06  
   586         587      4.92806e-06              1       1.75e-06  
   587         588      4.92761e-06              1        1.5e-06  
   588         589      4.92718e-06              1       1.59e-06  
   589         590      4.92674e-06              1       1.68e-06  
   590         591      4.92628e-06              1        1.9e-06  
   591         592      4.92581e-06              1       1.81e-06  
   592         593      4.92533e-06              1       1.94e-06  
   593         594      4.92484e-06              1       1.81e-06  
   594         595      4.92432e-06              1       1.81e-06  
   595         596      4.92379e-06              1       1.86e-06  
   596         597      4.92328e-06              1       1.85e-06  
   597         598      4.92278e-06              1       1.72e-06  
   598         599      4.92229e-06              1       1.98e-06  
   599         600      4.92179e-06              1       1.79e-06  
                                                        First-order 
 Iteration  Func-count       f(x)        Step-size       optimality
   600         601      4.92132e-06              1       1.64e-06  
   601         602      4.92084e-06              1       1.81e-06  
   602         603      4.92035e-06              1       1.66e-06  
   603         604      4.91982e-06              1       1.49e-06  
   604         605      4.91928e-06              1       1.69e-06  
   605         606      4.91875e-06              1       1.69e-06  
   606         607      4.91823e-06              1       1.76e-06  
   607         608      4.91771e-06              1       1.77e-06  
   608         609      4.91717e-06              1        1.7e-06  
   609         610      4.91665e-06              1       1.88e-06  
   610         611      4.91617e-06              1       1.68e-06  
   611         612      4.91574e-06              1       1.48e-06  
   612         613      4.91535e-06              1       1.55e-06  
   613         614      4.91499e-06              1       1.55e-06  
   614         615      4.91465e-06              1        1.5e-06  
   615         616      4.91432e-06              1        1.5e-06  
   616         617        4.914e-06              1       1.33e-06  
   617         618      4.91369e-06              1       1.26e-06  
   618         619      4.91341e-06              1       1.44e-06  
   619         620      4.91313e-06              1       1.47e-06  
                                                        First-order 
 Iteration  Func-count       f(x)        Step-size       optimality
   620         621      4.91287e-06              1       1.22e-06  
   621         622      4.91259e-06              1       1.26e-06  
   622         623      4.91231e-06              1       1.51e-06  
   623         624      4.91203e-06              1        1.4e-06  
   624         625      4.91174e-06              1       1.22e-06  
   625         626      4.91143e-06              1       1.19e-06  
   626         627      4.91112e-06              1        1.3e-06  
   627         628      4.91083e-06              1       1.51e-06  
   628         629      4.91055e-06              1       1.09e-06  
   629         630      4.91029e-06              1        1.1e-06  
   630         631      4.91004e-06              1       1.11e-06  
   631         632       4.9098e-06              1       1.31e-06  
   632         633      4.90958e-06              1       9.74e-07  
   633         634      4.90938e-06              1       9.75e-07  
   634         635      4.90919e-06              1       1.04e-06  
   635         636        4.909e-06              1       1.07e-06  
   636         637      4.90882e-06              1       9.29e-07  
   637         638      4.90865e-06              1        9.4e-07  
   638         639      4.90849e-06              1       9.49e-07  
   639         640      4.90834e-06              1       9.19e-07  
                                                        First-order 
 Iteration  Func-count       f(x)        Step-size       optimality
   640         641      4.90819e-06              1       8.81e-07  
   641         642      4.90804e-06              1       8.86e-07  
   642         643       4.9079e-06              1       9.54e-07  
   643         644      4.90777e-06              1       9.95e-07  
   644         645      4.90763e-06              1       9.51e-07  
   645         646      4.90747e-06              1        8.5e-07  
   646         647      4.90731e-06              1       1.05e-06  
   647         648      4.90715e-06              1       9.67e-07  
   648         649      4.90701e-06              1       8.82e-07  
   649         650      4.90688e-06              1       9.12e-07  
   650         651      4.90676e-06              1       1.03e-06  
   651         652      4.90664e-06              1       1.17e-06  
   652         653       4.9065e-06              1       9.07e-07  
   653         654      4.90636e-06              1       8.65e-07  
   654         655      4.90622e-06              1       8.11e-07  
   655         656      4.90609e-06              1       8.35e-07  
   656         657      4.90597e-06              1       8.49e-07  
   657         658      4.90585e-06              1       7.05e-07  
   658         659      4.90572e-06              1       7.51e-07  
   659         660      4.90559e-06              1        8.4e-07  
                                                        First-order 
 Iteration  Func-count       f(x)        Step-size       optimality
   660         661      4.90545e-06              1       1.08e-06  
   661         662      4.90531e-06              1       9.95e-07  
   662         663      4.90517e-06              1       9.16e-07  
   663         664      4.90503e-06              1       7.68e-07  
   664         665      4.90491e-06              1       8.19e-07  
   665         666      4.90478e-06              1          1e-06  
   666         667      4.90464e-06              1        9.8e-07  
   667         668      4.90449e-06              1       1.09e-06  
   668         669      4.90432e-06              1       1.11e-06  
   669         670      4.90416e-06              1       8.47e-07  
   670         671      4.90401e-06              1       9.47e-07  
   671         672      4.90386e-06              1       8.66e-07  
   672         673      4.90371e-06              1        9.2e-07  
   673         674      4.90355e-06              1       1.02e-06  
   674         675      4.90339e-06              1       9.21e-07  
   675         676      4.90321e-06              1       1.16e-06  
   676         677      4.90305e-06              1       1.07e-06  
   677         678      4.90289e-06              1       9.68e-07  
   678         679      4.90274e-06              1        8.9e-07  
   679         680      4.90259e-06              1       9.98e-07  
                                                        First-order 
 Iteration  Func-count       f(x)        Step-size       optimality
   680         681      4.90243e-06              1       9.92e-07  
   681         682      4.90227e-06              1       8.74e-07  
   682         683      4.90211e-06              1        8.3e-07  
   683         684      4.90195e-06              1       8.94e-07  
   684         685       4.9018e-06              1       9.37e-07  
   685         686      4.90163e-06              1       9.78e-07  
   686         687      4.90146e-06              1       9.74e-07  
   687         688      4.90128e-06              1        8.3e-07  
   688         689       4.9011e-06              1       9.47e-07  
   689         690      4.90092e-06              1       1.16e-06  
   690         691      4.90073e-06              1       1.08e-06  
   691         692      4.90055e-06              1       1.06e-06  
   692         693      4.90038e-06              1       9.42e-07  
   693         694      4.90021e-06              1        9.8e-07  
   694         695      4.90003e-06              1       1.02e-06  
   695         696      4.89987e-06              1       9.78e-07  
   696         697      4.89972e-06              1       9.63e-07  
   697         698      4.89958e-06              1        8.9e-07  
   698         699      4.89943e-06              1       9.96e-07  
   699         700      4.89928e-06              1       9.51e-07  
                                                        First-order 
 Iteration  Func-count       f(x)        Step-size       optimality
   700         701      4.89912e-06              1       9.18e-07  
   701         702      4.89896e-06              1       9.01e-07  
   702         703      4.89881e-06              1       8.62e-07  
   703         704      4.89866e-06              1       8.73e-07  
   704         705      4.89851e-06              1       8.81e-07  
   705         706      4.89837e-06              1       9.28e-07  
   706         707      4.89822e-06              1       1.06e-06  
   707         708      4.89807e-06              1       1.06e-06  
   708         709      4.89792e-06              1       1.18e-06  
   709         710      4.89777e-06              1       1.03e-06  
   710         711      4.89763e-06              1       8.59e-07  
   711         712      4.89749e-06              1       8.24e-07  
   712         713      4.89735e-06              1       8.93e-07  
   713         714      4.89721e-06              1       9.18e-07  
   714         715      4.89708e-06              1       8.69e-07  
   715         716      4.89694e-06              1       1.01e-06  
   716         717      4.89679e-06              1       9.75e-07  
   717         718      4.89665e-06              1       1.12e-06  
   718         719      4.89651e-06              1       1.03e-06  
   719         720      4.89637e-06              1       9.99e-07  
                                                        First-order 
 Iteration  Func-count       f(x)        Step-size       optimality
   720         721      4.89622e-06              1       8.69e-07  
   721         722      4.89608e-06              1       9.79e-07  
   722         723      4.89595e-06              1       9.45e-07  
   723         724      4.89581e-06              1       8.53e-07  
   724         725      4.89569e-06              1       9.16e-07  
   725         726      4.89557e-06              1       1.17e-06  
   726         727      4.89546e-06              1       1.06e-06  
   727         728      4.89535e-06              1       7.72e-07  
   728         729      4.89524e-06              1       8.12e-07  
   729         730      4.89515e-06              1       7.82e-07  
   730         731      4.89505e-06              1       7.78e-07  
   731         732      4.89495e-06              1       7.29e-07  
   732         733      4.89484e-06              1       7.72e-07  
   733         734      4.89473e-06              1       7.81e-07  
   734         735      4.89464e-06              1       8.35e-07  
   735         736      4.89455e-06              1       7.17e-07  
   736         737      4.89446e-06              1       7.01e-07  
   737         738      4.89437e-06              1       6.91e-07  
   738         739      4.89428e-06              1        6.4e-07  
   739         740      4.89419e-06              1       7.19e-07  
                                                        First-order 
 Iteration  Func-count       f(x)        Step-size       optimality
   740         741      4.89409e-06              1       8.89e-07  
   741         742        4.894e-06              1       7.84e-07  
   742         743      4.89391e-06              1       7.11e-07  
   743         744      4.89383e-06              1       6.64e-07  
   744         745      4.89375e-06              1       7.62e-07  
   745         746      4.89368e-06              1       7.58e-07  
   746         747       4.8936e-06              1        6.4e-07  
   747         748      4.89352e-06              1       6.64e-07  
   748         749      4.89344e-06              1       6.62e-07  
   749         750      4.89335e-06              1       8.05e-07  
   750         751      4.89326e-06              1       8.86e-07  
   751         752      4.89318e-06              1       8.32e-07  
   752         753       4.8931e-06              1       6.62e-07  
   753         754      4.89302e-06              1       6.44e-07  
   754         755      4.89293e-06              1       6.88e-07  
   755         756      4.89283e-06              1       9.25e-07  
   756         757      4.89273e-06              1       8.46e-07  
   757         758      4.89262e-06              1       7.84e-07  
   758         759      4.89251e-06              1       8.07e-07  
   759         760      4.89239e-06              1        8.1e-07  
                                                        First-order 
 Iteration  Func-count       f(x)        Step-size       optimality
   760         761      4.89228e-06              1       8.06e-07  
   761         762      4.89217e-06              1       7.66e-07  
   762         763      4.89207e-06              1       8.75e-07  
   763         764      4.89197e-06              1       8.77e-07  
   764         765      4.89187e-06              1       7.26e-07  
   765         766      4.89176e-06              1       7.45e-07  
   766         767      4.89164e-06              1        7.7e-07  
   767         768      4.89152e-06              1       7.48e-07  
   768         769      4.89141e-06              1       8.27e-07  
   769         770      4.89129e-06              1       8.82e-07  
   770         771      4.89117e-06              1       8.39e-07  
   771         772      4.89103e-06              1       8.55e-07  
   772         773      4.89089e-06              1       1.06e-06  
   773         774      4.89075e-06              1       9.15e-07  
   774         775      4.89061e-06              1       9.91e-07  
   775         776      4.89047e-06              1       1.15e-06  
   776         777      4.89034e-06              1       1.13e-06  
   777         778       4.8902e-06              1       9.36e-07  
   778         779      4.89006e-06              1       1.09e-06  
   779         780      4.88994e-06              1       8.64e-07  
                                                        First-order 
 Iteration  Func-count       f(x)        Step-size       optimality
   780         781      4.88984e-06              1       7.14e-07  
   781         782      4.88975e-06              1       6.55e-07  
   782         783      4.88967e-06              1       6.39e-07  
   783         784      4.88958e-06              1       7.06e-07  
   784         785      4.88949e-06              1       7.09e-07  
   785         786      4.88939e-06              1       7.32e-07  
   786         787      4.88931e-06              1       5.98e-07  
   787         788      4.88923e-06              1       6.63e-07  
   788         789      4.88915e-06              1       5.72e-07  
   789         790      4.88908e-06              1       5.96e-07  
   790         791      4.88901e-06              1       6.47e-07  
   791         792      4.88895e-06              1       5.85e-07  
   792         793      4.88889e-06              1       6.44e-07  
   793         794      4.88882e-06              1       6.15e-07  
   794         795      4.88876e-06              1       5.52e-07  
   795         796       4.8887e-06              1       5.61e-07  
   796         797      4.88865e-06              1       5.77e-07  
   797         798      4.88859e-06              1       5.65e-07  
   798         799      4.88854e-06              1       5.46e-07  
   799         800      4.88848e-06              1       5.62e-07  
                                                        First-order 
 Iteration  Func-count       f(x)        Step-size       optimality
   800         801      4.88843e-06              1       6.34e-07  
   801         802      4.88837e-06              1       6.77e-07  
   802         803      4.88832e-06              1        6.1e-07  
   803         804      4.88826e-06              1       6.73e-07  
   804         805      4.88821e-06              1       5.59e-07  
   805         806      4.88816e-06              1       5.21e-07  
   806         807      4.88812e-06              1       5.08e-07  
   807         808      4.88807e-06              1        4.8e-07  
   808         809      4.88803e-06              1       5.81e-07  
   809         810      4.88798e-06              1       5.33e-07  
   810         811      4.88794e-06              1        5.1e-07  
   811         812       4.8879e-06              1       5.65e-07  
   812         813      4.88786e-06              1       4.94e-07  
   813         814      4.88782e-06              1       4.61e-07  
   814         815      4.88779e-06              1       4.72e-07  
   815         816      4.88776e-06              1       4.24e-07  
   816         817      4.88773e-06              1        5.5e-07  
   817         818       4.8877e-06              1        5.3e-07  
   818         819      4.88767e-06              1       4.87e-07  
   819         820      4.88764e-06              1       4.67e-07  
                                                        First-order 
 Iteration  Func-count       f(x)        Step-size       optimality
   820         821      4.88761e-06              1       4.93e-07  
   821         822      4.88758e-06              1       4.33e-07  
   822         823      4.88754e-06              1       4.82e-07  
   823         824       4.8875e-06              1       5.52e-07  
   824         825      4.88745e-06              1        5.4e-07  
   825         826       4.8874e-06              1       5.49e-07  
   826         827      4.88735e-06              1       4.91e-07  
   827         828      4.88731e-06              1       5.36e-07  
   828         829      4.88727e-06              1       4.83e-07  
   829         830      4.88724e-06              1       4.91e-07  
   830         831       4.8872e-06              1       4.77e-07  
   831         832      4.88716e-06              1       4.73e-07  
   832         833      4.88712e-06              1       4.92e-07  
   833         834      4.88708e-06              1       5.44e-07  
   834         835      4.88703e-06              1       4.62e-07  
   835         836      4.88699e-06              1       5.91e-07  
   836         837      4.88696e-06              1       6.18e-07  
   837         838      4.88692e-06              1       5.39e-07  
   838         839      4.88689e-06              1       3.85e-07  
   839         840      4.88685e-06              1       4.95e-07  
                                                        First-order 
 Iteration  Func-count       f(x)        Step-size       optimality
   840         841      4.88681e-06              1        4.8e-07  
   841         842      4.88677e-06              1       5.07e-07  
   842         843      4.88673e-06              1       4.42e-07  
   843         844       4.8867e-06              1       4.23e-07  
   844         845      4.88666e-06              1        3.7e-07  
   845         846      4.88663e-06              1       4.33e-07  
   846         847       4.8866e-06              1       4.21e-07  
   847         848      4.88657e-06              1       4.29e-07  
   848         849      4.88653e-06              1       3.79e-07  
   849         850       4.8865e-06              1       3.88e-07  
   850         851      4.88647e-06              1       4.25e-07  
   851         852      4.88644e-06              1       4.34e-07  
   852         853      4.88641e-06              1        5.2e-07  
   853         854      4.88637e-06              1       5.27e-07  
   854         855      4.88633e-06              1       4.48e-07  
   855         856      4.88629e-06              1        4.8e-07  
   856         857      4.88625e-06              1       5.35e-07  
   857         858      4.88621e-06              1       4.43e-07  
   858         859      4.88617e-06              1       4.64e-07  
   859         860      4.88613e-06              1        4.8e-07  
                                                        First-order 
 Iteration  Func-count       f(x)        Step-size       optimality
   860         861      4.88609e-06              1       4.66e-07  
   861         862      4.88604e-06              1       4.69e-07  
   862         863      4.88601e-06              1       4.73e-07  
   863         864      4.88597e-06              1       4.68e-07  
   864         865      4.88594e-06              1       4.07e-07  
   865         866       4.8859e-06              1       4.29e-07  
   866         867      4.88587e-06              1       4.17e-07  
   867         868      4.88584e-06              1       4.28e-07  
   868         869      4.88581e-06              1       4.64e-07  
   869         870      4.88578e-06              1        4.1e-07  
   870         871      4.88575e-06              1        4.5e-07  
   871         872      4.88571e-06              1       5.26e-07  
   872         873      4.88568e-06              1       4.71e-07  
   873         874      4.88564e-06              1       4.13e-07  
   874         875      4.88561e-06              1       3.85e-07  
   875         876      4.88558e-06              1       3.93e-07  
   876         877      4.88555e-06              1       4.48e-07  
   877         878      4.88552e-06              1       4.47e-07  
   878         879      4.88548e-06              1        4.1e-07  
   879         880      4.88545e-06              1       4.77e-07  
                                                        First-order 
 Iteration  Func-count       f(x)        Step-size       optimality
   880         881      4.88541e-06              1       5.04e-07  
   881         882      4.88537e-06              1       4.34e-07  
   882         883      4.88533e-06              1       4.29e-07  
   883         884       4.8853e-06              1       5.38e-07  
   884         885      4.88526e-06              1       5.19e-07  
   885         886      4.88522e-06              1       5.13e-07  
   886         887      4.88518e-06              1       4.36e-07  
   887         888      4.88515e-06              1       3.91e-07  
   888         889      4.88512e-06              1       3.48e-07  
   889         890      4.88509e-06              1       3.94e-07  
   890         891      4.88507e-06              1       3.91e-07  
   891         892      4.88504e-06              1       3.45e-07  
   892         893      4.88502e-06              1        3.2e-07  
   893         894        4.885e-06              1        3.3e-07  
   894         895      4.88498e-06              1       3.47e-07  
   895         896      4.88495e-06              1       3.18e-07  
   896         897      4.88493e-06              1       3.28e-07  
   897         898      4.88491e-06              1       3.29e-07  
   898         899      4.88489e-06              1       3.53e-07  
   899         900      4.88488e-06              1       3.16e-07  
                                                        First-order 
 Iteration  Func-count       f(x)        Step-size       optimality
   900         901      4.88486e-06              1       2.94e-07  
   901         902      4.88485e-06              1       3.22e-07  
   902         903      4.88483e-06              1       3.34e-07  
   903         904      4.88482e-06              1        2.9e-07  
   904         905      4.88481e-06              1       2.55e-07  
   905         906      4.88479e-06              1       2.95e-07  
   906         907      4.88478e-06              1       2.67e-07  
   907         908      4.88477e-06              1       2.48e-07  
   908         909      4.88476e-06              1       2.43e-07  
   909         910      4.88475e-06              1        2.5e-07  
   910         911      4.88474e-06              1       2.35e-07  
   911         912      4.88473e-06              1       2.38e-07  
   912         913      4.88472e-06              1       2.04e-07  
   913         914      4.88471e-06              1       2.41e-07  
   914         915      4.88471e-06              1        2.1e-07  
   915         916       4.8847e-06              1       1.71e-07  
   916         917       4.8847e-06              1       1.65e-07  
   917         918      4.88469e-06              1       2.07e-07  
   918         919      4.88468e-06              1       2.79e-07  
   919         920      4.88468e-06              1       2.53e-07  
                                                        First-order 
 Iteration  Func-count       f(x)        Step-size       optimality
   920         921      4.88467e-06              1       2.31e-07  
   921         922      4.88466e-06              1       2.14e-07  
   922         923      4.88466e-06              1       1.69e-07  
   923         924      4.88465e-06              1       1.62e-07  
   924         925      4.88465e-06              1       1.67e-07  
   925         926      4.88464e-06              1       1.79e-07  
   926         927      4.88464e-06              1       1.92e-07  
   927         928      4.88463e-06              1       1.76e-07  
   928         929      4.88463e-06              1       1.64e-07  
   929         930      4.88462e-06              1       1.43e-07  
   930         931      4.88462e-06              1       1.28e-07  
   931         932      4.88462e-06              1       1.23e-07  
   932         933      4.88462e-06              1       1.35e-07  
   933         934      4.88461e-06              1       1.44e-07  
   934         935      4.88461e-06              1        1.2e-07  
   935         936      4.88461e-06              1       1.19e-07  
   936         937      4.88461e-06              1       1.02e-07  

Optimization completed: The <a href = "matlab: helpview([docroot '/toolbox/optim/msg_csh/optim_msg_csh.map'],'first_order_opt_unc','CSHelpWindow');">first-order optimality measure</a>, 9.814455e-08, is less 
than <a href = "matlab: helpview([docroot '/toolbox/optim/msg_csh/optim_msg_csh.map'],'tolfun','CSHelpWindow');">options.TolFun</a> = 1.000000e-07.

Optimization Metric                                            Options
relative norm(gradient) =   9.81e-08                  TolFun =   1e-07 (selected)

