test_script
                                                        First-order 
 Iteration  Func-count       f(x)        Step-size       optimality
     0           1          35368.9                      3.02e+03
     1           2          9009.62    0.000331674       1.05e+03  
     2           3          1202.32              1            395  
     3           4          788.643              1            285  
     4           5          573.526              1            209  
     5           6            244.2              1            139  
     6           7          195.993              1             95  
     7           8          148.151              1            101  
     8           9          123.954              1           92.8  
     9          10          95.2718              1           52.9  
    10          11           88.754              1           38.1  
    11          12          84.8834              1           34.5  
    12          13          77.4343              1           29.5  
    13          14          72.3412              1           27.1  
    14          15          67.2765              1           36.5  
    15          16          64.8947              1           41.4  
    16          17          61.6814              1           33.4  
    17          18          58.2231              1           24.1  
    18          19          54.8795              1           26.3  
    19          20          53.0729              1           22.4  
                                                        First-order 
 Iteration  Func-count       f(x)        Step-size       optimality
    20          21          51.9813              1           22.7  
    21          22          50.0048              1           22.6  
    22          23          46.8669              1             18  
    23          24          45.4028              1           19.4  
    24          25          44.3292              1             13  
    25          26          43.5705              1           12.1  
    26          27          42.3631              1           13.5  
    27          28          40.9536              1           15.7  
    28          29          40.1853              1           12.4  
    29          30          39.3324              1           11.3  
    30          31          38.4783              1           11.2  
    31          32          37.5739              1             12  
    32          33          36.8259              1           12.2  
    33          34          36.2658              1           8.34  
    34          35          35.7012              1           10.3  
    35          36          34.8187              1           12.6  
    36          37          34.0219              1           21.9  
    37          38          33.3495              1           16.2  
    38          39          32.8217              1           8.71  
    39          40          32.4142              1           9.45  
                                                        First-order 
 Iteration  Func-count       f(x)        Step-size       optimality
    40          41          32.0657              1           9.24  
    41          42          31.5798              1           10.8  
    42          43          31.2347              1           9.89  
    43          44          30.9782              1           8.63  
    44          45          30.7143              1           8.42  
    45          46          30.2705              1           11.6  
    46          47          29.6588              1           15.1  
    47          48          29.0856              1           14.4  
    48          49          28.6275              1           11.6  
    49          50          27.9786              1           12.5  
    50          51          27.4547              1           11.1  
    51          52          26.9403              1           15.2  
    52          53          26.3418              1           10.9  
    53          54          25.8925              1           9.85  
    54          55          25.4401              1           8.98  
    55          56          24.9951              1           9.01  
    56          57          24.4602              1           10.2  
    57          58           24.005              1           10.4  
    58          59          23.4486              1           10.1  
    59          60          23.0287              1           10.1  
                                                        First-order 
 Iteration  Func-count       f(x)        Step-size       optimality
    60          61          22.6733              1           10.6  
    61          62          22.3171              1           7.54  
    62          63          21.9527              1           8.85  
    63          64          21.5832              1           5.23  
    64          65          21.3741              1              5  
    65          66          21.0539              1           5.89  
    66          67          20.6703              1           7.51  
    67          68          20.3804              1           8.93  
    68          69          20.1944              1           5.72  
    69          70          20.0175              1           6.58  
    70          71          19.8277              1           8.02  
    71          72          19.4915              1           7.41  
    72          73           19.311              1           5.43  
    73          74          19.0391              1            4.1  
    74          75          18.8619              1            4.3  
    75          76          18.7182              1           4.11  
    76          77          18.5282              1           4.09  
    77          78          18.3563              1           6.55  
    78          79          18.1514              1           6.58  
    79          80          17.9047              1           5.01  
                                                        First-order 
 Iteration  Func-count       f(x)        Step-size       optimality
    80          81          17.6121              1           4.63  
    81          82          17.4117              1           4.35  
    82          83          17.2623              1           5.07  
    83          84          17.0461              1           4.15  
    84          85          16.8125              1           4.52  
    85          86          16.6043              1           4.32  
    86          87          16.4616              1           8.45  
    87          88          16.3271              1           4.91  
    88          89          16.1617              1           4.42  
    89          90          15.7986              1           3.06  
    90          91          15.6333              1           4.78  
    91          92          15.4709              1           7.43  
    92          93          15.3793              1           5.22  
    93          94          15.2534              1           3.92  
    94          95          15.0748              1           3.62  
    95          96          14.9057              1            4.6  
    96          97          14.8081              1           5.35  
    97          98          14.7254              1           6.62  
    98          99          14.5745              1           6.05  
    99         100          14.4148              1           9.49  
                                                        First-order 
 Iteration  Func-count       f(x)        Step-size       optimality
   100         101          14.2671              1           4.97  
   101         102          14.1641              1           3.66  
   102         103          14.0876              1           2.79  
   103         104          14.0115              1           2.78  
   104         105           13.908              1           4.09  
   105         106           13.836              1           5.16  
   106         107          13.7576              1           3.65  
   107         108            13.69              1           2.73  
   108         109          13.5992              1           2.48  
   109         110          13.5405              1           2.96  
   110         111          13.4466              1           3.84  
   111         112          13.3811              1           3.59  
   112         113           13.314              1           2.76  
   113         114          13.2408              1           3.44  
   114         115          13.1645              1           4.43  
   115         116          13.0854              1           3.95  
   116         117          13.0086              1           5.47  
   117         118          12.9312              1           4.53  
   118         119          12.8511              1           3.66  
   119         120          12.7321              1           3.74  
                                                        First-order 
 Iteration  Func-count       f(x)        Step-size       optimality
   120         121          12.5854              1           6.87  
   121         123          12.3753            0.5           12.3  
   122         125          12.1968       0.628581           13.5  
   123         126          11.8505              1           9.29  
   124         127          11.5243              1           7.16  
   125         128          11.1583              1            7.8  
   126         129          10.8917              1           6.31  
   127         130          10.4151              1           6.67  
   128         131           10.206              1           4.57  
   129         132          10.0403              1           3.91  
   130         133          9.92079              1           3.13  
   131         134          9.85065              1           3.21  
   132         135          9.73792              1           3.11  
   133         136          9.59766              1           3.39  
   134         137          9.48695              1           3.99  
   135         138          9.40391              1           4.12  
   136         139          9.33707              1            4.5  
   137         140           9.2771              1           3.44  
   138         141          9.21639              1           3.01  
   139         142          9.17112              1            2.6  
                                                        First-order 
 Iteration  Func-count       f(x)        Step-size       optimality
   140         143          9.12317              1           2.37  
   141         144          9.06259              1           2.74  
   142         145          9.01958              1           2.44  
   143         146          8.98406              1           2.25  
   144         147          8.94811              1           2.66  
   145         148          8.91143              1           2.46  
   146         149          8.86563              1           2.13  
   147         150          8.81875              1           2.12  
   148         151          8.77589              1           1.79  
   149         152          8.74215              1           1.83  
   150         153          8.70991              1           1.95  
   151         154          8.67454              1           2.92  
   152         155          8.63494              1           2.97  
   153         156          8.59813              1           3.75  
   154         157          8.56359              1           2.04  
   155         158          8.53429              1           2.69  
   156         159          8.50682              1           2.64  
   157         160          8.48224              1           2.12  
   158         161           8.4488              1           2.16  
   159         162           8.4108              1           2.39  
                                                        First-order 
 Iteration  Func-count       f(x)        Step-size       optimality
   160         163          8.37024              1           1.95  
   161         164          8.33845              1              2  
   162         165          8.31521              1            2.1  
   163         166          8.29085              1           2.04  
   164         167           8.2559              1           1.86  
   165         168          8.22709              1           2.39  
   166         169          8.18357              1           2.53  
   167         170          8.14139              1           2.56  
   168         171          8.10187              1           2.57  
   169         172          8.05274              1            2.1  
   170         173          8.02997              1           3.59  
   171         174           7.9872              1           1.91  
   172         175          7.94934              1           1.39  
   173         176          7.91785              1           3.78  
   174         177          7.88677              1           2.54  
   175         178          7.84104              1           2.78  
   176         179          7.77552              1           4.84  
   177         180          7.73821              1           3.03  
   178         181          7.70362              1           2.37  
   179         182          7.64613              1           2.59  
                                                        First-order 
 Iteration  Func-count       f(x)        Step-size       optimality
   180         183          7.61338              1           3.35  
   181         184          7.57618              1           3.02  
   182         185          7.51326              1           3.21  
   183         186          7.44072              1            2.2  
   184         187          7.34526              1           3.93  
   185         188          7.29892              1           3.97  
   186         189          7.23638              1            4.3  
   187         190          7.10357              1           4.27  
   188         191          7.04279              1           3.74  
   189         192          6.97908              1           3.53  
   190         193          6.93981              1           2.57  
   191         194          6.89817              1           2.22  
   192         195          6.82854              1            2.8  
   193         196          6.80318              1           2.45  
   194         197          6.77277              1           1.85  
   195         198          6.74568              1           1.95  
   196         199          6.70738              1            2.1  
   197         200          6.67144              1           3.28  
   198         201          6.62552              1           3.85  
   199         202          6.57245              1           3.51  
                                                        First-order 
 Iteration  Func-count       f(x)        Step-size       optimality
   200         203          6.51752              1           2.53  
   201         204          6.47903              1           2.04  
   202         205          6.44778              1           2.61  
   203         206          6.41593              1           3.25  
   204         207          6.37905              1           2.12  
   205         208          6.33361              1           2.45  
   206         209          6.30261              1           2.93  
   207         210          6.27976              1            3.5  
   208         211          6.25699              1              2  
   209         212          6.23149              1           1.71  
   210         213          6.19903              1           3.01  
   211         214          6.15784              1            3.6  
   212         215          6.10683              1           2.31  
   213         216          6.06156              1           1.87  
   214         217          6.03099              1           3.51  
   215         218          6.01718              1           1.44  
   216         219          5.99529              1           1.88  
   217         220          5.97457              1           2.78  
   218         221          5.95401              1           2.33  
   219         222          5.92617              1           1.73  
                                                        First-order 
 Iteration  Func-count       f(x)        Step-size       optimality
   220         223          5.89375              1           2.17  
   221         224          5.86586              1           2.08  
   222         225          5.84079              1           1.78  
   223         226          5.81091              1            1.7  
   224         227          5.77658              1           1.86  
   225         228          5.72909              1           2.02  
   226         229          5.70037              1           2.61  
   227         230          5.67276              1           1.48  
   228         231          5.65121              1           1.62  
   229         232          5.61111              1           2.04  
   230         233          5.57533              1            2.3  
   231         234          5.54107              1           1.84  
   232         235          5.51616              1           1.52  
   233         236          5.49754              1           1.53  
   234         237          5.48166              1           1.32  
   235         238           5.4597              1           1.88  
   236         239           5.4414              1           1.55  
   237         240          5.42802              1           1.44  
   238         241          5.41833              1           1.01  
   239         242          5.40695              1          0.992  
                                                        First-order 
 Iteration  Func-count       f(x)        Step-size       optimality
   240         243           5.3939              1          0.907  
   241         244          5.38079              1           1.11  
   242         245          5.36606              1           1.37  
   243         246          5.35102              1           1.29  
   244         247          5.33454              1           1.92  
   245         248          5.31399              1           2.14  
   246         249          5.29864              1           1.63  
   247         250           5.2906              1          0.855  
   248         251          5.28514              1              1  
   249         252          5.27916              1          0.908  
   250         253          5.27307              1            1.6  
   251         254          5.26592              1           1.07  
   252         255          5.25837              1           1.31  
   253         256          5.25015              1          0.938  
   254         257           5.2402              1           1.18  
   255         258           5.2323              1           1.18  
   256         259          5.22376              1           1.14  
   257         260          5.21455              1           1.42  
   258         261          5.20486              1           1.23  
   259         262          5.19256              1           1.02  
                                                        First-order 
 Iteration  Func-count       f(x)        Step-size       optimality
   260         263          5.17726              1           1.06  
   261         264          5.16219              1           1.32  
   262         265          5.15083              1           1.64  
   263         266          5.14369              1           1.14  
   264         267          5.13622              1           1.04  
   265         268          5.12634              1          0.998  
   266         269          5.11317              1           0.94  
   267         270          5.09694              1           1.34  
   268         271          5.08391              1           1.06  
   269         272          5.07379              1          0.947  
   270         273          5.06519              1           1.11  
   271         274          5.05739              1           1.47  
   272         275          5.05022              1           1.06  
   273         276          5.04077              1          0.991  
   274         277          5.03131              1           1.05  
   275         278          5.01932              1            1.6  
   276         279          5.00833              1           1.41  
   277         280          4.99641              1           1.54  
   278         281          4.98546              1           1.02  
   279         282          4.97545              1              1  
                                                        First-order 
 Iteration  Func-count       f(x)        Step-size       optimality
   280         283           4.9638              1           1.03  
   281         284          4.95242              1           1.13  
   282         285          4.94239              1          0.943  
   283         286          4.93322              1           1.04  
   284         287          4.92197              1           1.24  
   285         288          4.91014              1           1.02  
   286         289          4.89686              1           1.17  
   287         290           4.8862              1            1.1  
   288         291          4.87888              1           1.02  
   289         292          4.86994              1          0.955  
   290         293          4.86121              1           1.03  
   291         294          4.85064              1           1.04  
   292         295          4.84068              1           3.19  
   293         296          4.82868              1           2.39  
   294         297          4.81843              1          0.848  
   295         298          4.81052              1           1.71  
   296         299          4.80301              1          0.958  
   297         300          4.79506              1          0.847  
   298         301          4.78811              1           1.06  
   299         302          4.77866              1           1.57  
                                                        First-order 
 Iteration  Func-count       f(x)        Step-size       optimality
   300         303          4.76736              1           1.48  
   301         304          4.75468              1           1.98  
   302         305          4.74293              1           1.35  
   303         306           4.7365              1           2.05  
   304         307          4.72502              1          0.871  
   305         308          4.71594              1          0.878  
   306         309          4.70853              1           1.52  
   307         310          4.70187              1            1.2  
   308         311          4.69618              1           1.06  
   309         312          4.68999              1          0.739  
   310         313          4.68418              1           1.13  
   311         314          4.67842              1           1.12  
   312         315          4.67122              1          0.987  
   313         316          4.66492              1           1.05  
   314         317          4.66002              1           1.16  
   315         318          4.65373              1           1.37  
   316         319           4.6447              1          0.782  
   317         320          4.63593              1          0.999  
   318         321          4.63198              1          0.791  
   319         322          4.62871              1          0.697  
                                                        First-order 
 Iteration  Func-count       f(x)        Step-size       optimality
   320         323          4.62565              1          0.581  
   321         324          4.62052              1          0.597  
   322         325          4.61286              1          0.909  
   323         326          4.60562              1           1.14  
   324         327          4.59897              1           1.04  
   325         328           4.5943              1          0.686  
   326         329          4.59049              1          0.589  
   327         330          4.58511              1           0.86  
   328         331          4.58048              1            1.2  
   329         332          4.57545              1           1.03  
   330         333          4.56929              1          0.695  
   331         334          4.56463              1           1.38  
   332         335          4.55965              1          0.797  
   333         336           4.5524              1          0.801  
   334         337          4.54295              1          0.602  
   335         338          4.53909              1          0.793  
   336         339          4.53444              1          0.749  
   337         340          4.52895              1           1.31  
   338         341          4.52425              1          0.877  
   339         342          4.51828              1          0.935  
                                                        First-order 
 Iteration  Func-count       f(x)        Step-size       optimality
   340         343          4.51085              1           1.61  
   341         344          4.50565              1          0.906  
   342         345          4.50143              1           1.16  
   343         346           4.4971              1            1.2  
   344         347          4.49372              1           0.69  
   345         348          4.49004              1          0.505  
   346         349          4.48577              1          0.527  
   347         350          4.48133              1          0.633  
   348         351          4.47488              1          0.784  
   349         352          4.46803              1           0.76  
   350         353          4.46319              1          0.581  
   351         354          4.45882              1           1.14  
   352         355          4.45605              1          0.978  
   353         356          4.45269              1          0.518  
   354         357          4.44904              1          0.548  
   355         358          4.44481              1          0.823  
   356         359          4.43987              1          0.807  
   357         360           4.4338              1          0.913  
   358         361          4.42652              1          0.757  
   359         362          4.41954              1          0.865  
                                                        First-order 
 Iteration  Func-count       f(x)        Step-size       optimality
   360         363          4.41621              1           1.19  
   361         364          4.41328              1          0.544  
   362         365          4.40997              1          0.726  
   363         366          4.40669              1          0.637  
   364         367          4.40309              1          0.613  
   365         368          4.39821              1           1.02  
   366         369          4.39338              1          0.606  
   367         370          4.38877              1           1.58  
   368         371          4.38309              1          0.701  
   369         372          4.37747              1          0.522  
   370         373          4.37318              1          0.515  
   371         374          4.36945              1          0.651  
   372         375          4.36477              1           0.54  
   373         376           4.3588              1          0.688  
   374         377           4.3517              1           1.03  
   375         378          4.34451              1           1.32  
   376         379          4.33788              1          0.873  
   377         381          4.33507       0.396943          0.698  
   378         382          4.33131              1          0.864  
   379         383          4.32824              1          0.953  
                                                        First-order 
 Iteration  Func-count       f(x)        Step-size       optimality
   380         384          4.32511              1           0.61  
   381         385          4.32073              1          0.712  
   382         386          4.31544              1           1.41  
   383         387          4.30931              1           1.14  
   384         388          4.30355              1           1.11  
   385         389          4.29732              1           1.38  
   386         390          4.28916              1           1.63  
   387         391          4.28073              1           1.12  
   388         393          4.27797       0.425712           1.37  
   389         394          4.27241              1          0.715  
   390         395          4.26789              1          0.715  
   391         396          4.26273              1           1.21  
   392         397          4.25598              1           1.09  
   393         398          4.24837              1          0.923  
   394         399          4.24321              1          0.867  
   395         400          4.23727              1           1.43  
   396         401          4.23216              1           1.58  
   397         402          4.22549              1           1.73  
   398         403          4.21913              1          0.592  
   399         404           4.2124              1          0.861  
                                                        First-order 
 Iteration  Func-count       f(x)        Step-size       optimality
   400         405          4.20153              1           1.29  
   401         406          4.19483              1           1.14  
   402         407          4.18702              1           1.21  
   403         408           4.1825              1           1.42  
   404         409          4.17812              1           1.47  
   405         410           4.1718              1          0.951  
   406         411          4.16368              1          0.645  
   407         412          4.15614              1           1.23  
   408         413          4.15168              1           1.98  
   409         415          4.14758       0.398758           1.84  
   410         416          4.13889              1            2.5  
   411         417          4.13146              1           1.86  
   412         418          4.12265              1           1.94  
   413         419          4.11712              1           1.76  
   414         420          4.10863              1           1.94  
   415         421          4.10128              1           1.57  
   416         422           4.0959              1           1.24  
   417         423          4.08739              1           1.15  
   418         424          4.08299              1          0.763  
   419         425          4.07763              1          0.895  
                                                        First-order 
 Iteration  Func-count       f(x)        Step-size       optimality
   420         426          4.07259              1          0.982  
   421         427          4.06651              1          0.914  
   422         428          4.05856              1          0.874  
   423         429          4.05009              1           2.15  
   424         430          4.03945              1           1.07  
   425         431          4.03246              1           2.67  
   426         432          4.02345              1          0.915  
   427         433          4.01674              1           1.12  
   428         434          4.00823              1          0.812  
   429         435          3.99925              1           1.72  
   430         436          3.99193              1          0.755  
   431         437          3.98629              1          0.706  
   432         438          3.97841              1           1.19  
   433         439          3.97438              1           1.06  
   434         440          3.96686              1          0.791  
   435         441          3.95684              1           1.07  
   436         442          3.95184              1          0.767  
   437         443          3.94668              1          0.697  
   438         444          3.94211              1          0.814  
   439         445          3.93892              1           0.78  
                                                        First-order 
 Iteration  Func-count       f(x)        Step-size       optimality
   440         446          3.93472              1          0.876  
   441         447          3.92894              1          0.797  
   442         448          3.92177              1           1.45  
   443         449          3.91443              1           1.45  
   444         450          3.90929              1           1.65  
   445         451          3.90225              1          0.948  
   446         452          3.89645              1           1.47  
   447         453          3.89038              1           1.22  
   448         454          3.88266              1           1.15  
   449         455          3.87174              1           1.57  
   450         456          3.86409              1           1.38  
   451         457           3.8587              1          0.853  
   452         458          3.85375              1           1.01  
   453         459          3.85084              1          0.759  
   454         460          3.84906              1          0.717  
   455         461          3.84849              1           1.64  
   456         462          3.84506              1          0.508  
   457         463          3.84248              1          0.491  
   458         464          3.83848              1          0.955  
   459         465          3.83438              1           1.07  
                                                        First-order 
 Iteration  Func-count       f(x)        Step-size       optimality
   460         466          3.83013              1           1.02  
   461         467          3.82551              1           0.73  
   462         468          3.82039              1           0.83  
   463         469          3.81474              1          0.723  
   464         470          3.81017              1          0.989  
   465         471          3.80636              1          0.815  
   466         472          3.80281              1          0.735  
   467         473          3.79894              1          0.684  
   468         474           3.7956              1          0.624  
   469         475           3.7917              1           1.47  
   470         476          3.78777              1          0.658  
   471         477          3.78269              1          0.989  
   472         478          3.77701              1           1.53  
   473         479          3.77375              1           1.55  
   474         480          3.76771              1           1.68  
   475         481          3.76276              1          0.472  
   476         482          3.75868              1          0.706  
   477         483          3.75683              1          0.676  
   478         484          3.75447              1          0.467  
   479         485          3.75177              1           0.61  
                                                        First-order 
 Iteration  Func-count       f(x)        Step-size       optimality
   480         486           3.7486              1           1.26  
   481         487          3.74462              1           0.57  
   482         488          3.73985              1          0.875  
   483         489          3.73694              1            1.1  
   484         490          3.73327              1           1.14  
   485         491          3.72877              1          0.748  
   486         492          3.72708              1           1.53  
   487         493          3.72433              1          0.777  
   488         494          3.72217              1          0.856  
   489         495          3.72004              1          0.745  
   490         496          3.71745              1          0.736  
   491         497          3.71557              1           1.28  
   492         498          3.71355              1          0.659  
   493         499          3.71162              1          0.866  
   494         500          3.70997              1          0.629  
   495         501          3.70853              1          0.434  
   496         502          3.70729              1          0.449  
   497         503           3.7059              1          0.477  
   498         504          3.70411              1          0.362  
   499         505          3.70195              1          0.574  
                                                        First-order 
 Iteration  Func-count       f(x)        Step-size       optimality
   500         506          3.69983              1           1.26  
   501         507          3.69843              1           0.94  

<a href = "matlab: helpview([docroot '/toolbox/optim/msg_csh/optim_msg_csh.map'],'solver_stopped_premature','CSHelpWindow');">Solver stopped prematurely</a>.

fminunc stopped because it exceeded the iteration limit,
<a href = "matlab: helpview([docroot '/toolbox/optim/msg_csh/optim_msg_csh.map'],'max_iter','CSHelpWindow');">options.MaxIter</a> = 500 (the selected value).

                                                        First-order 
 Iteration  Func-count       f(x)        Step-size       optimality
     0           1         0.110728                         0.126
     1           3        0.0419843              2         0.0896  
     2           4        0.0331476              1         0.0966  
     3           6        0.0263155       0.565813         0.0414  
     4           7        0.0198034              1         0.0324  
     5           8          0.01559              1          0.019  
     6           9        0.0134195              1        0.00883  
     7          10        0.0118802              1         0.0101  
     8          11        0.0100739              1        0.00997  
     9          12       0.00878441              1        0.00939  
    10          13       0.00745503              1        0.00919  
    11          14       0.00646631              1         0.0125  
    12          15       0.00569458              1        0.00496  
    13          16       0.00502337              1        0.00655  
    14          17       0.00443539              1        0.00471  
    15          18        0.0040231              1        0.00332  
    16          19       0.00366875              1        0.00277  
    17          20       0.00334649              1        0.00418  
    18          21       0.00304421              1        0.00394  
    19          22       0.00277129              1        0.00338  
                                                        First-order 
 Iteration  Func-count       f(x)        Step-size       optimality
    20          23       0.00254229              1          0.003  
    21          24       0.00235922              1        0.00213  
    22          25       0.00221571              1        0.00214  
    23          26       0.00208944              1          0.002  
    24          27       0.00196709              1        0.00199  
    25          28       0.00186051              1        0.00217  
    26          29       0.00177595              1        0.00197  
    27          30       0.00170738              1        0.00191  
    28          31       0.00164647              1        0.00154  
    29          32       0.00158538              1        0.00156  
    30          33       0.00152672              1        0.00165  
    31          34       0.00147522              1        0.00131  
    32          35       0.00142358              1        0.00146  
    33          36        0.0013623              1         0.0014  
    34          37       0.00129432              1        0.00184  
    35          38       0.00122917              1        0.00137  
    36          39       0.00116995              1        0.00162  
    37          40       0.00111745              1        0.00107  
    38          41        0.0010698              1        0.00133  
    39          42       0.00102267              1        0.00111  
                                                        First-order 
 Iteration  Func-count       f(x)        Step-size       optimality
    40          43       0.00098112              1        0.00127  
    41          44      0.000947026              1       0.000865  
    42          45      0.000917416              1        0.00117  
    43          46      0.000890289              1        0.00103  
    44          47      0.000862434              1        0.00113  
    45          48      0.000833555              1       0.000754  
    46          49      0.000813506              1       0.000835  
    47          50      0.000789651              1       0.000809  
    48          51      0.000766102              1        0.00127  
    49          52      0.000741965              1        0.00128  
    50          53       0.00071921              1       0.000627  
    51          54      0.000698294              1       0.000724  
    52          55      0.000677428              1        0.00107  
    53          56      0.000656217              1        0.00122  
    54          57      0.000635913              1       0.000761  
    55          58      0.000617777              1       0.000671  
    56          59      0.000601164              1       0.000759  
    57          60      0.000585572              1        0.00108  
    58          61      0.000568732              1       0.000933  
    59          62      0.000551979              1       0.000658  
                                                        First-order 
 Iteration  Func-count       f(x)        Step-size       optimality
    60          63      0.000535555              1       0.000664  
    61          64      0.000520157              1       0.000918  
    62          65      0.000504179              1       0.000871  
    63          66      0.000488677              1       0.000565  
    64          67      0.000472203              1        0.00073  
    65          68      0.000456464              1        0.00068  
    66          69      0.000440129              1       0.000823  
    67          70      0.000425275              1       0.000635  
    68          71      0.000411655              1       0.000459  
    69          72      0.000400629              1       0.000709  
    70          73      0.000388866              1       0.000676  
    71          74        0.0003767              1       0.000672  
    72          75       0.00036359              1       0.000654  
    73          76      0.000353068              1       0.000406  
    74          77      0.000343593              1        0.00051  
    75          78      0.000335479              1       0.000453  
    76          79      0.000327304              1        0.00045  
    77          80      0.000319858              1       0.000424  
    78          81      0.000312464              1       0.000408  
    79          82      0.000305622              1       0.000382  
                                                        First-order 
 Iteration  Func-count       f(x)        Step-size       optimality
    80          83      0.000297999              1       0.000386  
    81          84      0.000290595              1       0.000394  
    82          85      0.000282878              1       0.000453  
    83          86      0.000275835              1       0.000321  
    84          87      0.000269025              1       0.000369  
    85          88      0.000262476              1       0.000389  
    86          89      0.000255333              1       0.000463  
    87          90      0.000248628              1       0.000638  
    88          91      0.000242398              1       0.000609  
    89          92      0.000236436              1       0.000436  
    90          93      0.000229243              1       0.000441  
    91          94      0.000222086              1       0.000524  
    92          95       0.00021493              1       0.000366  
    93          96      0.000208054              1       0.000347  
    94          97        0.0002016              1       0.000307  
    95          98      0.000195176              1       0.000424  
    96          99      0.000189263              1       0.000373  
    97         100      0.000183894              1       0.000339  
    98         101        0.0001791              1       0.000371  
    99         102      0.000174083              1       0.000438  
                                                        First-order 
 Iteration  Func-count       f(x)        Step-size       optimality
   100         103      0.000169365              1       0.000412  
   101         104      0.000165349              1       0.000251  
   102         105      0.000161799              1       0.000252  
   103         106      0.000158706              1       0.000239  
   104         107      0.000155683              1       0.000268  
   105         108      0.000152618              1       0.000278  
   106         109      0.000149673              1       0.000234  
   107         110      0.000147007              1       0.000234  
   108         111      0.000144666              1       0.000205  
   109         112      0.000142423              1       0.000202  
   110         113      0.000140193              1       0.000173  
   111         114      0.000137973              1       0.000191  
   112         115      0.000135873              1       0.000208  
   113         116      0.000133864              1       0.000198  
   114         117      0.000131939              1       0.000378  
   115         118      0.000130034              1       0.000268  
   116         119      0.000128191              1       0.000266  
   117         120      0.000126339              1       0.000239  
   118         121      0.000124407              1       0.000201  
   119         122      0.000122356              1       0.000224  
                                                        First-order 
 Iteration  Func-count       f(x)        Step-size       optimality
   120         123       0.00012036              1       0.000204  
   121         124      0.000118524              1       0.000168  
   122         125      0.000116787              1       0.000199  
   123         126      0.000115018              1       0.000259  
   124         127      0.000113197              1       0.000327  
   125         128      0.000111389              1       0.000223  
   126         129      0.000109681              1       0.000179  
   127         130       0.00010805              1       0.000193  
   128         131      0.000106435              1       0.000185  
   129         132      0.000104823              1       0.000157  
   130         133      0.000103266              1       0.000169  
   131         134      0.000101749              1        0.00017  
   132         135      0.000100282              1        0.00038  
   133         136      9.87077e-05              1       0.000196  
   134         137      9.70161e-05              1       0.000164  
   135         138      9.52737e-05              1       0.000225  
   136         139      9.37218e-05              1       0.000188  
   137         140      9.20659e-05              1        0.00019  
   138         141      9.05369e-05              1       0.000198  
   139         142      8.90824e-05              1       0.000185  
                                                        First-order 
 Iteration  Func-count       f(x)        Step-size       optimality
   140         143      8.77146e-05              1       0.000162  
   141         144      8.62749e-05              1        0.00019  
   142         145      8.47567e-05              1       0.000224  
   143         146      8.32569e-05              1       0.000133  
   144         147      8.19256e-05              1       0.000223  
   145         148       8.0742e-05              1       0.000381  
   146         149      7.95798e-05              1       0.000242  
   147         150      7.82619e-05              1       0.000208  
   148         151      7.67349e-05              1       0.000161  
   149         152      7.57381e-05              1       0.000156  
   150         153      7.44962e-05              1       0.000189  
   151         154      7.33313e-05              1       0.000206  
   152         155      7.21349e-05              1       0.000172  
   153         156      7.10619e-05              1       0.000134  
   154         157      7.00093e-05              1       0.000149  
   155         158      6.89328e-05              1       0.000163  
   156         159      6.77489e-05              1        0.00013  
   157         160      6.65791e-05              1       0.000159  
   158         161      6.54619e-05              1       0.000145  
   159         162        6.444e-05              1       0.000263  
                                                        First-order 
 Iteration  Func-count       f(x)        Step-size       optimality
   160         163      6.33762e-05              1       0.000142  
   161         164      6.22924e-05              1       0.000177  
   162         165      6.12528e-05              1       0.000149  
   163         166      6.03457e-05              1       0.000124  
   164         167      5.93975e-05              1       0.000128  
   165         168       5.8495e-05              1       0.000155  
   166         169      5.76042e-05              1       0.000159  
   167         170      5.67823e-05              1       0.000151  
   168         171      5.60237e-05              1       0.000111  
   169         172      5.53397e-05              1       0.000113  
   170         173      5.46831e-05              1       0.000127  
   171         174      5.40331e-05              1       0.000136  
   172         175       5.3354e-05              1        0.00013  
   173         176      5.26799e-05              1       0.000114  
   174         177      5.20457e-05              1       0.000131  
   175         178      5.14915e-05              1       0.000109  
   176         179      5.09359e-05              1        9.8e-05  
   177         180      5.03475e-05              1       0.000116  
   178         181      4.96978e-05              1       0.000141  
   179         182      4.90428e-05              1        0.00011  
                                                        First-order 
 Iteration  Func-count       f(x)        Step-size       optimality
   180         183      4.84143e-05              1       0.000119  
   181         184      4.78201e-05              1       0.000143  
   182         185      4.72142e-05              1       0.000131  
   183         186      4.65956e-05              1       0.000205  
   184         187      4.59651e-05              1       0.000101  
   185         188      4.53556e-05              1       0.000126  
   186         189      4.47314e-05              1       0.000127  
   187         190        4.412e-05              1       0.000131  
   188         191      4.34939e-05              1       0.000103  
   189         192      4.29345e-05              1       8.85e-05  
   190         193      4.24162e-05              1       0.000115  
   191         194       4.1944e-05              1       0.000104  
   192         195      4.14429e-05              1       8.72e-05  
   193         196      4.09501e-05              1       9.69e-05  
   194         197      4.04172e-05              1       0.000127  
   195         198      3.98736e-05              1        0.00013  
   196         199      3.93103e-05              1       0.000167  
   197         200      3.87776e-05              1        0.00012  
   198         201      3.82407e-05              1       0.000112  
   199         202      3.77206e-05              1       0.000109  
                                                        First-order 
 Iteration  Func-count       f(x)        Step-size       optimality
   200         203      3.71596e-05              1       0.000118  
   201         204      3.66729e-05              1       0.000138  
   202         205      3.61517e-05              1       0.000101  
   203         206      3.56594e-05              1       0.000103  
   204         207      3.51629e-05              1       0.000114  
   205         208      3.46907e-05              1       8.57e-05  
   206         209      3.42244e-05              1        9.2e-05  
   207         210      3.37712e-05              1       8.58e-05  
   208         211      3.33085e-05              1       0.000128  
   209         212      3.28575e-05              1        0.00021  
   210         213      3.23879e-05              1       0.000104  
   211         214       3.1918e-05              1       9.38e-05  
   212         215      3.14847e-05              1       8.75e-05  
   213         216      3.10127e-05              1       0.000101  
   214         217      3.05002e-05              1       8.11e-05  
   215         218      2.99947e-05              1       9.22e-05  
   216         219      2.94997e-05              1        7.5e-05  
   217         220      2.89931e-05              1        9.1e-05  
   218         221      2.84845e-05              1       0.000246  
   219         222       2.8012e-05              1       7.85e-05  
                                                        First-order 
 Iteration  Func-count       f(x)        Step-size       optimality
   220         223      2.76047e-05              1       0.000171  
   221         224      2.72275e-05              1       6.89e-05  
   222         225      2.68705e-05              1       7.84e-05  
   223         226        2.651e-05              1       0.000104  
   224         227      2.61454e-05              1       9.37e-05  
   225         228      2.57946e-05              1       6.34e-05  
   226         229      2.54532e-05              1       6.56e-05  
   227         230      2.51058e-05              1       8.79e-05  
   228         231       2.4757e-05              1       0.000132  
   229         232      2.44034e-05              1        8.8e-05  
   230         233      2.40708e-05              1       0.000112  
   231         234      2.37729e-05              1       9.51e-05  
   232         235      2.35106e-05              1       9.18e-05  
   233         236      2.32364e-05              1       0.000106  
   234         237      2.29358e-05              1       7.19e-05  
   235         238      2.26489e-05              1       6.83e-05  
   236         239      2.24131e-05              1       5.99e-05  
   237         240      2.21763e-05              1       7.41e-05  
   238         241      2.19375e-05              1        8.5e-05  
   239         242      2.16893e-05              1       7.07e-05  
                                                        First-order 
 Iteration  Func-count       f(x)        Step-size       optimality
   240         243      2.14526e-05              1       5.52e-05  
   241         244      2.12259e-05              1        7.6e-05  
   242         245      2.10027e-05              1       6.95e-05  
   243         246        2.078e-05              1       6.83e-05  
   244         247      2.05703e-05              1       5.84e-05  
   245         248      2.03743e-05              1       5.58e-05  
   246         249      2.01827e-05              1       0.000134  
   247         250      1.99781e-05              1       6.42e-05  
   248         251       1.9771e-05              1        7.1e-05  
   249         252      1.95976e-05              1       5.18e-05  
   250         253      1.94262e-05              1       5.21e-05  
   251         254      1.92394e-05              1       7.58e-05  
   252         255       1.9054e-05              1        7.3e-05  
   253         256      1.88891e-05              1       4.02e-05  
   254         257      1.87403e-05              1       4.82e-05  
   255         258      1.85852e-05              1       6.63e-05  
   256         259      1.84137e-05              1       8.01e-05  
   257         260      1.82346e-05              1       5.65e-05  
   258         261      1.80563e-05              1       4.88e-05  
   259         262      1.78729e-05              1       4.93e-05  
                                                        First-order 
 Iteration  Func-count       f(x)        Step-size       optimality
   260         263      1.76777e-05              1       8.56e-05  
   261         264      1.74869e-05              1        8.8e-05  
   262         265      1.73162e-05              1       8.07e-05  
   263         266      1.71591e-05              1       6.63e-05  
   264         267      1.69813e-05              1       6.06e-05  
   265         268      1.67936e-05              1       6.63e-05  
   266         269      1.66071e-05              1       4.95e-05  
   267         270      1.64313e-05              1        4.9e-05  
   268         271      1.62688e-05              1       4.73e-05  
   269         272      1.61037e-05              1       4.89e-05  
   270         273      1.59324e-05              1       5.46e-05  
   271         274      1.57668e-05              1        5.2e-05  
   272         275      1.56159e-05              1        4.8e-05  
   273         276      1.54752e-05              1       6.98e-05  
   274         277      1.53359e-05              1       4.84e-05  
   275         278      1.51966e-05              1       4.29e-05  
   276         279      1.50595e-05              1       3.76e-05  
   277         280      1.49256e-05              1       4.54e-05  
   278         281      1.47902e-05              1       0.000101  
   279         282      1.46522e-05              1        5.3e-05  
                                                        First-order 
 Iteration  Func-count       f(x)        Step-size       optimality
   280         283      1.45078e-05              1       4.28e-05  
   281         284      1.43753e-05              1       4.74e-05  
   282         285      1.42607e-05              1       3.64e-05  
   283         286      1.41486e-05              1       4.28e-05  
   284         287       1.4037e-05              1       3.77e-05  
   285         288       1.3926e-05              1       4.96e-05  
   286         289      1.38181e-05              1       4.44e-05  
   287         290       1.3715e-05              1       3.77e-05  
   288         291      1.36167e-05              1       3.68e-05  
   289         292      1.35214e-05              1       4.31e-05  
   290         293      1.34264e-05              1          4e-05  
   291         294      1.33284e-05              1       3.88e-05  
   292         295      1.32249e-05              1       4.32e-05  
   293         296      1.31179e-05              1       4.87e-05  
   294         297      1.30132e-05              1       4.67e-05  
   295         298      1.29138e-05              1       3.31e-05  
   296         299      1.28175e-05              1        3.7e-05  
   297         300      1.27198e-05              1       3.81e-05  
   298         301      1.26218e-05              1       5.94e-05  
   299         302      1.25257e-05              1       3.78e-05  
                                                        First-order 
 Iteration  Func-count       f(x)        Step-size       optimality
   300         303      1.24333e-05              1       3.68e-05  
   301         304      1.23397e-05              1       3.83e-05  
   302         305      1.22452e-05              1       3.68e-05  
   303         306      1.21505e-05              1       3.47e-05  
   304         307      1.20603e-05              1       3.97e-05  
   305         308      1.19689e-05              1       3.93e-05  
   306         309      1.18731e-05              1       4.73e-05  
   307         310      1.17761e-05              1       3.48e-05  
   308         311      1.16882e-05              1       3.45e-05  
   309         312       1.1611e-05              1       3.04e-05  
   310         313      1.15371e-05              1       4.18e-05  
   311         314        1.146e-05              1       3.51e-05  
   312         315      1.13831e-05              1       3.54e-05  
   313         316      1.13132e-05              1        3.2e-05  
   314         317      1.12512e-05              1       3.35e-05  
   315         318      1.11918e-05              1        2.9e-05  
   316         319      1.11314e-05              1       3.43e-05  
   317         320      1.10697e-05              1        3.4e-05  
   318         321      1.10091e-05              1       3.59e-05  
   319         322      1.09489e-05              1          4e-05  
                                                        First-order 
 Iteration  Func-count       f(x)        Step-size       optimality
   320         323      1.08882e-05              1       2.83e-05  
   321         324      1.08249e-05              1        3.1e-05  
   322         325      1.07619e-05              1       3.46e-05  
   323         326      1.06971e-05              1        3.7e-05  
   324         327      1.06333e-05              1       3.09e-05  
   325         328       1.0573e-05              1       2.61e-05  
   326         329       1.0517e-05              1       2.98e-05  
   327         330      1.04619e-05              1       2.99e-05  
   328         331      1.04055e-05              1        3.2e-05  
   329         332      1.03489e-05              1       2.64e-05  
   330         333      1.02948e-05              1       3.35e-05  
   331         334      1.02433e-05              1       3.05e-05  
   332         335      1.01925e-05              1       2.78e-05  
   333         336      1.01412e-05              1       2.74e-05  
   334         337      1.00897e-05              1       3.01e-05  
   335         338      1.00382e-05              1       3.49e-05  
   336         339        9.986e-06              1          3e-05  
   337         340      9.93318e-06              1       3.57e-05  
   338         341      9.88052e-06              1       2.63e-05  
   339         342      9.82868e-06              1       5.14e-05  
                                                        First-order 
 Iteration  Func-count       f(x)        Step-size       optimality
   340         343      9.77628e-06              1       4.01e-05  
   341         344      9.72308e-06              1       3.46e-05  
   342         345      9.66877e-06              1       2.92e-05  
   343         346      9.61645e-06              1       3.31e-05  
   344         347      9.56146e-06              1        4.5e-05  
   345         348      9.50388e-06              1       3.75e-05  
   346         349      9.44697e-06              1       3.43e-05  
   347         350      9.39463e-06              1       3.05e-05  
   348         351      9.34377e-06              1       2.88e-05  
   349         352      9.28997e-06              1       3.25e-05  
   350         353      9.23256e-06              1       3.15e-05  
   351         354      9.17618e-06              1       2.71e-05  
   352         355      9.12274e-06              1       2.97e-05  
   353         356      9.06876e-06              1       3.41e-05  
   354         357      9.01078e-06              1        3.5e-05  
   355         358      8.95181e-06              1       2.85e-05  
   356         359      8.89694e-06              1       2.31e-05  
   357         360      8.84537e-06              1       3.45e-05  
   358         361      8.79116e-06              1       4.13e-05  
   359         362      8.73101e-06              1       3.09e-05  
                                                        First-order 
 Iteration  Func-count       f(x)        Step-size       optimality
   360         363      8.66842e-06              1       2.77e-05  
   361         364      8.60906e-06              1       2.59e-05  
   362         365      8.55378e-06              1        4.2e-05  
   363         366      8.50117e-06              1       3.75e-05  
   364         367      8.44637e-06              1       2.99e-05  
   365         368      8.38735e-06              1       3.17e-05  
   366         369      8.32286e-06              1       4.17e-05  
   367         370      8.26731e-06              1       4.17e-05  
   368         371       8.2088e-06              1       2.58e-05  
   369         372      8.15961e-06              1       2.18e-05  
   370         373      8.11495e-06              1       2.72e-05  
   371         374      8.07108e-06              1       3.18e-05  
   372         375       8.0243e-06              1       3.35e-05  
   373         376       7.9791e-06              1       2.33e-05  
   374         377      7.93823e-06              1       2.21e-05  
   375         378      7.89953e-06              1       2.83e-05  
   376         379      7.85889e-06              1       2.99e-05  
   377         380      7.81698e-06              1        2.6e-05  
   378         381      7.77781e-06              1       2.42e-05  
   379         382      7.74281e-06              1       2.87e-05  
                                                        First-order 
 Iteration  Func-count       f(x)        Step-size       optimality
   380         383      7.70867e-06              1       2.33e-05  
   381         384      7.67276e-06              1        2.9e-05  
   382         385      7.63542e-06              1       3.12e-05  
   383         386      7.59895e-06              1       2.89e-05  
   384         387       7.5638e-06              1       2.73e-05  
   385         388      7.53066e-06              1       2.31e-05  
   386         389      7.49816e-06              1       2.76e-05  
   387         390        7.467e-06              1       2.25e-05  
   388         391       7.4372e-06              1       2.16e-05  
   389         392      7.40832e-06              1       1.96e-05  
   390         393      7.38056e-06              1        2.2e-05  
   391         394      7.35469e-06              1       1.89e-05  
   392         395      7.32982e-06              1       2.08e-05  
   393         396      7.30421e-06              1       2.15e-05  
   394         397      7.27789e-06              1       1.93e-05  
   395         398       7.2532e-06              1       1.96e-05  
   396         399      7.23141e-06              1       1.96e-05  
   397         400        7.211e-06              1        1.9e-05  
   398         401      7.18993e-06              1       1.96e-05  
   399         402       7.1682e-06              1       1.79e-05  
                                                        First-order 
 Iteration  Func-count       f(x)        Step-size       optimality
   400         403      7.14726e-06              1       1.95e-05  
   401         404      7.12795e-06              1       1.68e-05  
   402         405      7.11022e-06              1       1.71e-05  
   403         406      7.09424e-06              1       2.09e-05  
   404         407      7.07986e-06              1       1.75e-05  
   405         408      7.06577e-06              1       1.43e-05  
   406         409      7.05049e-06              1       1.59e-05  
   407         410      7.03428e-06              1       1.55e-05  
   408         411      7.01891e-06              1       1.27e-05  
   409         412      7.00504e-06              1       1.13e-05  
   410         413      6.99124e-06              1       1.35e-05  
   411         414      6.97658e-06              1       1.57e-05  
   412         415      6.96216e-06              1       1.21e-05  
   413         416      6.94948e-06              1       1.26e-05  
   414         417      6.93779e-06              1       1.57e-05  
   415         418      6.92515e-06              1       1.47e-05  
   416         419      6.91129e-06              1        1.5e-05  
   417         420      6.89801e-06              1       1.45e-05  
   418         421       6.8856e-06              1       1.46e-05  
   419         422      6.87255e-06              1        1.4e-05  
                                                        First-order 
 Iteration  Func-count       f(x)        Step-size       optimality
   420         423      6.85794e-06              1       1.71e-05  
   421         424       6.8433e-06              1       1.68e-05  
   422         425      6.83012e-06              1       1.19e-05  
   423         426      6.81749e-06              1       1.34e-05  
   424         427      6.80356e-06              1       1.63e-05  
   425         428      6.78843e-06              1       1.78e-05  
   426         429      6.77398e-06              1       1.74e-05  
   427         430      6.76088e-06              1       1.14e-05  
   428         431      6.74779e-06              1       1.31e-05  
   429         432      6.73375e-06              1       1.62e-05  
   430         433      6.71952e-06              1       1.84e-05  
   431         434       6.7059e-06              1       1.77e-05  
   432         435      6.69222e-06              1       1.16e-05  
   433         436      6.67757e-06              1       1.83e-05  
   434         437       6.6626e-06              1       1.82e-05  
   435         438      6.64857e-06              1       1.69e-05  
   436         439      6.63509e-06              1        1.8e-05  
   437         440      6.62079e-06              1        1.5e-05  
   438         441      6.60551e-06              1       2.14e-05  
   439         442       6.5908e-06              1       1.74e-05  
                                                        First-order 
 Iteration  Func-count       f(x)        Step-size       optimality
   440         443      6.57738e-06              1       1.55e-05  
   441         444      6.56423e-06              1       1.48e-05  
   442         445      6.55042e-06              1       1.94e-05  
   443         446      6.53689e-06              1       1.95e-05  
   444         447      6.52467e-06              1       1.89e-05  
   445         448      6.51327e-06              1       1.41e-05  
   446         449      6.50145e-06              1       1.68e-05  
   447         450      6.48947e-06              1       2.04e-05  
   448         451      6.47838e-06              1        1.4e-05  
   449         452      6.46806e-06              1       1.03e-05  

Optimization completed: The <a href = "matlab: helpview([docroot '/toolbox/optim/msg_csh/optim_msg_csh.map'],'first_order_opt_unc','CSHelpWindow');">first-order optimality measure</a>, 9.142757e-06, is less 
than <a href = "matlab: helpview([docroot '/toolbox/optim/msg_csh/optim_msg_csh.map'],'tolfun','CSHelpWindow');">options.TolFun</a> = 1.000000e-05.

Optimization Metric                                            Options
relative norm(gradient) =   9.14e-06                  TolFun =   1e-05 (selected)

