                                                        First-order 
 Iteration  Func-count       f(x)        Step-size       optimality
     0           1            64832                      4.97e+03
     1           3          11764.2     8.1843e-05       2.08e+03  
     2           4          6108.05              1       1.29e+03  
     3           5          1327.18              1            334  
     4           6          956.765              1            292  
     5           7          764.269              1            280  
     6           8          628.964              1            251  
     7           9          456.422              1            188  
     8          10          314.054              1            169  
     9          11          278.637              1            175  
    10          12          242.579              1            126  
    11          13          198.348              1            112  
    12          14          154.191              1            140  
    13          15          146.594              1            136  
    14          16          135.618              1           96.6  
    15          17          116.026              1           84.9  
    16          18          102.947              1           56.5  
    17          19          98.1838              1           40.4  
    18          20          95.4753              1           51.5  
    19          21           88.828              1           33.3  
                                                        First-order 
 Iteration  Func-count       f(x)        Step-size       optimality
    20          22          82.5667              1           25.9  
    21          23          80.9673              1           26.6  
    22          24          79.5768              1           21.4  
    23          25            78.15              1           16.7  
    24          26          76.5416              1             24  
    25          27          74.5497              1           46.2  
    26          28          73.5153              1           42.1  
    27          29          71.9483              1           27.4  
    28          30          70.7124              1           19.9  
    29          31          69.3456              1           29.1  
    30          32          68.3585              1           27.6  
    31          33           67.362              1           19.6  
    32          34          66.2241              1           19.8  
    33          35          64.9971              1           17.7  
    34          36          63.9705              1           27.2  
    35          37          63.1982              1           23.7  
    36          38          61.1683              1           18.4  
    37          39          59.9034              1           21.2  
    38          40          58.7007              1           20.3  
    39          41           57.907              1           32.5  
                                                        First-order 
 Iteration  Func-count       f(x)        Step-size       optimality
    40          42          57.2364              1           17.9  
    41          43          56.6763              1             18  
    42          44          55.1714              1           16.7  
    43          45           54.554              1           16.2  
    44          46           53.963              1           21.9  
    45          47          53.3517              1           17.2  
    46          48          52.0348              1           17.7  
    47          49          51.4628              1           24.1  
    48          50          50.7515              1           27.5  
    49          51          49.8412              1           23.8  
    50          52           49.121              1           19.9  
    51          53          48.6886              1           16.1  
    52          54           48.232              1           18.3  
    53          55          47.8431              1           20.2  
    54          56          47.3648              1           17.6  
    55          57          46.9973              1           11.1  
    56          58          46.6544              1           8.68  
    57          59          46.3716              1             11  
    58          60          46.1223              1           9.86  
    59          61          44.9841              1           11.2  
                                                        First-order 
 Iteration  Func-count       f(x)        Step-size       optimality
    60          62           44.734              1           12.4  
    61          63           44.447              1           11.3  
    62          64          44.2721              1           9.51  
    63          65           43.969              1           6.03  
    64          66          43.5913              1           8.55  
    65          67          43.3567              1           8.17  
    66          68          43.2139              1           6.93  
    67          69          43.0697              1           7.03  
    68          70          42.8357              1            6.3  
    69          71          42.5111              1           8.99  
    70          72          42.2219              1           8.38  
    71          73          42.0031              1           7.79  
    72          74          41.8669              1           6.54  
    73          75          41.6849              1           7.85  
    74          76          41.4214              1           12.5  
    75          77          41.0777              1           11.4  
    76          78          40.3729              1           11.7  
    77          79          40.1618              1           9.61  
    78          80          39.9817              1           8.75  
    79          81          39.7459              1           8.66  
                                                        First-order 
 Iteration  Func-count       f(x)        Step-size       optimality
    80          82           39.701              1           12.5  
    81          83           39.435              1           6.95  
    82          84          39.2558              1           4.69  
    83          85          38.8948              1           4.89  
    84          86          38.6863              1           9.52  
    85          87          38.4847              1           12.9  
    86          88          38.3028              1           13.2  
    87          89          38.0423              1           9.91  
    88          90          37.8229              1           8.13  
    89          91          37.4574              1           7.21  
    90          92          37.3345              1           8.15  
    91          93          37.1413              1           10.8  
    92          94          36.9511              1           11.2  
    93          95          36.5784              1           9.06  
    94          96          36.2245              1           7.94  
    95          97          35.9486              1           9.65  
    96          98          35.7864              1           11.6  
    97          99          35.5832              1           10.8  
    98         100          35.2751              1           11.4  
    99         101          34.7634              1           11.3  
                                                        First-order 
 Iteration  Func-count       f(x)        Step-size       optimality
   100         102          34.0618              1             13  
   101         103          33.5975              1             13  
   102         104          33.3707              1           13.1  
   103         105          32.9572              1           13.1  
   104         106          32.4466              1           13.3  
   105         107          31.9213              1           11.7  
   106         108          31.2293              1           11.8  
   107         109          30.2775              1           11.6  
   108         110          29.9522              1           17.2  
   109         111          29.5313              1             16  
   110         112          29.2436              1           16.9  
   111         113           28.744              1           19.4  
   112         114          28.1751              1           11.1  
   113         115          27.7688              1           12.3  
   114         116          27.4932              1           6.23  
   115         117          27.3184              1           5.35  
   116         118          27.1444              1           5.41  
   117         119          26.9216              1           6.62  
   118         120          26.5671              1           7.98  
   119         121          26.2791              1           6.85  
                                                        First-order 
 Iteration  Func-count       f(x)        Step-size       optimality
   120         122          26.0136              1           7.34  
   121         123          25.8374              1           7.22  
   122         124          25.6979              1           6.21  
   123         125          25.5432              1           5.34  
   124         126          25.3957              1           5.65  
   125         127          25.2484              1           5.19  
   126         128          25.1106              1           7.29  
   127         129          24.9941              1           7.55  
   128         130          24.8957              1           6.59  
   129         131          24.7946              1           7.12  
   130         132          24.6629              1           6.64  
   131         133          24.5042              1           6.55  
   132         134          24.3638              1           5.28  
   133         135          24.2555              1            4.6  
   134         136          24.1608              1           5.33  
   135         137          24.0779              1           4.85  
   136         138           23.972              1           4.62  
   137         139          23.8399              1           5.99  
   138         140          23.6864              1           6.27  
   139         141           23.558              1           5.32  
                                                        First-order 
 Iteration  Func-count       f(x)        Step-size       optimality
   140         142          23.4815              1           6.04  
   141         143          23.4247              1           5.42  
   142         144          23.3466              1           5.28  
   143         145          23.2215              1           5.05  
   144         146          23.0696              1            7.1  
   145         147          22.9289              1           8.49  
   146         148            22.84              1           7.58  
   147         149          22.7714              1           6.26  
   148         150          22.6842              1           6.44  
   149         151          22.5446              1           5.43  
   150         152          22.3836              1           6.56  
   151         153          22.3109              1           6.53  
   152         154          22.2655              1           3.69  
   153         155          22.2187              1            4.7  
   154         156          22.1449              1           4.76  
   155         157          22.0452              1           4.96  
   156         158          21.9289              1           5.75  
   157         159          21.8063              1           5.63  
   158         160          21.7045              1           5.99  
   159         161          21.6321              1              6  
                                                        First-order 
 Iteration  Func-count       f(x)        Step-size       optimality
   160         162          21.5677              1           5.07  
   161         163           21.502              1           5.19  
   162         164          21.4064              1           4.01  
   163         165           21.322              1           5.77  
   164         166          21.2443              1           3.92  
   165         167          21.1864              1           4.44  
   166         168          21.1412              1           3.21  
   167         169          21.1092              1           3.01  
   168         170          21.0211              1           5.84  
   169         171          20.9472              1           6.37  
   170         172          20.8416              1           4.81  
   171         173          20.7456              1           4.49  
   172         174           20.684              1           5.28  
   173         175          20.6306              1            5.2  
   174         176          20.5754              1           4.27  
   175         177          20.4902              1           5.19  
   176         178          20.3711              1           5.57  
   177         179          20.2307              1            5.6  
   178         180          20.0826              1           3.86  
   179         181          20.0002              1           3.47  
                                                        First-order 
 Iteration  Func-count       f(x)        Step-size       optimality
   180         182          19.9463              1           4.39  
   181         183          19.8913              1            3.9  
   182         184          19.8171              1           3.45  
   183         185          19.7042              1           4.41  
   184         186          19.5278              1           5.38  
   185         187          19.3688              1            5.4  
   186         188          19.2561              1           5.02  
   187         189          19.2095              1           4.39  
   188         190          19.1569              1           4.32  
   189         191          19.0907              1           4.98  
   190         192          19.0213              1           5.84  
   191         193           18.915              1           5.01  
   192         194          18.7527              1           5.17  
   193         195           18.683              1           5.73  
   194         196          18.6259              1           4.89  
   195         197          18.5796              1           4.32  
   196         198           18.506              1           3.04  
   197         199          18.3984              1           4.52  
   198         200          18.2847              1           5.95  
   199         201          18.2034              1           4.56  
                                                        First-order 
 Iteration  Func-count       f(x)        Step-size       optimality
   200         202          18.1661              1           4.09  
   201         203          18.1266              1           5.39  
   202         204          18.0783              1           4.44  
   203         205          17.9958              1           3.74  
   204         206          17.9288              1           3.86  
   205         207          17.8612              1           4.64  
   206         208          17.8154              1           3.48  
   207         209          17.7715              1           3.93  
   208         210           17.727              1           4.21  
   209         211          17.6857              1            5.2  
   210         212          17.6019              1           3.76  
   211         213          17.4987              1           3.74  
   212         214          17.3926              1           4.52  
   213         215          17.3184              1            4.3  
   214         216          17.2676              1           4.25  
   215         217          17.2272              1           3.79  
   216         218           17.189              1           3.43  
   217         219          17.1419              1           3.82  
   218         220          17.0831              1           3.38  
   219         221          17.0173              1           3.46  
                                                        First-order 
 Iteration  Func-count       f(x)        Step-size       optimality
   220         222          16.9576              1           3.31  
   221         223          16.9147              1           2.56  
   222         224          16.8798              1           2.48  
   223         225          16.8488              1           3.11  
   224         226          16.8149              1           3.06  
   225         227          16.7674              1           3.71  
   226         228          16.6994              1           3.53  
   227         229          16.6369              1           3.96  
   228         230          16.5942              1           4.48  
   229         231          16.5611              1           4.06  
   230         232           16.524              1           3.18  
   231         233          16.4772              1           2.46  
   232         234          16.4105              1           3.09  
   233         235          16.3375              1           2.95  
   234         236          16.2815              1           4.52  
   235         237          16.2393              1           3.25  
   236         238          16.1966              1           3.98  
   237         239          16.1645              1           3.46  
   238         240          16.1322              1           3.26  
   239         241          16.0511              1           3.28  
                                                        First-order 
 Iteration  Func-count       f(x)        Step-size       optimality
   240         242           15.975              1           3.47  
   241         243          15.8948              1            4.2  
   242         244          15.8384              1           3.55  
   243         245          15.7872              1           4.05  
   244         246          15.7585              1           4.17  
   245         247          15.6956              1           3.87  
   246         248          15.6227              1           3.12  
   247         249          15.5426              1           3.28  
   248         250          15.4785              1           3.24  
   249         251          15.4056              1           3.88  
   250         252          15.3692              1           3.34  
   251         253          15.3173              1           4.38  
   252         254           15.282              1           3.04  
   253         255          15.2386              1           3.27  
   254         256          15.1793              1           3.56  
   255         257          15.1314              1           3.39  
   256         258          15.0718              1           3.19  
   257         259          15.0323              1            3.3  
   258         260          14.9913              1           3.35  
   259         261          14.9522              1           2.87  
                                                        First-order 
 Iteration  Func-count       f(x)        Step-size       optimality
   260         262           14.912              1           2.57  
   261         263          14.8578              1           3.02  
   262         264          14.7864              1           3.42  
   263         265          14.7221              1           3.85  
   264         266          14.6772              1           3.66  
   265         267           14.654              1            2.2  
   266         268          14.6343              1           2.39  
   267         269          14.6034              1           2.52  
   268         270          14.5606              1           3.06  
   269         271          14.5024              1           3.74  
   270         272          14.4322              1           3.88  
   271         273          14.3675              1           3.54  
   272         274          14.3218              1           3.13  
   273         275          14.3004              1           3.81  
   274         276          14.2754              1           2.79  
   275         277          14.2375              1           2.86  
   276         278          14.1679              1           2.45  
   277         279          14.1056              1           2.93  
   278         280          14.0486              1           2.84  
   279         281          14.0105              1           3.29  
                                                        First-order 
 Iteration  Func-count       f(x)        Step-size       optimality
   280         282           13.988              1           2.66  
   281         283          13.9668              1           2.31  
   282         284          13.9313              1           4.18  
   283         285          13.8837              1           4.62  
   284         286          13.8214              1           5.06  
   285         287          13.7642              1           2.99  
   286         288          13.7198              1           2.49  
   287         289          13.6906              1           4.01  
   288         290           13.666              1           4.39  
   289         291          13.6334              1           4.16  
   290         292           13.585              1           4.04  
   291         293           13.518              1           4.18  
   292         294          13.4656              1           3.26  
   293         295          13.4305              1           3.23  
   294         296          13.3944              1           3.08  
   295         297          13.3482              1           2.93  
   296         298           13.302              1           3.65  
   297         299          13.2607              1           2.92  
   298         300           13.222              1           3.16  
   299         301          13.1737              1           3.57  
                                                        First-order 
 Iteration  Func-count       f(x)        Step-size       optimality
   300         302           13.111              1           3.07  
   301         303          13.0554              1           3.09  
   302         304          13.0301              1            2.7  
   303         305          13.0025              1           2.46  
   304         306           12.979              1           2.44  
   305         307          12.9473              1           2.26  
   306         308           12.903              1           2.94  
   307         309          12.8556              1           4.32  
   308         310           12.817              1           4.08  
   309         311          12.7903              1            3.1  
   310         312           12.769              1           2.26  
   311         313          12.7445              1           2.08  
   312         314          12.7186              1           1.99  
   313         315          12.6921              1           2.28  
   314         316          12.6639              1           1.62  
   315         317          12.6399              1            1.7  
   316         318          12.6213              1           2.64  
   317         319          12.5981              1           2.59  
   318         320          12.5744              1           2.99  
   319         321          12.5513              1           3.46  
                                                        First-order 
 Iteration  Func-count       f(x)        Step-size       optimality
   320         322          12.5309              1           2.79  
   321         323          12.5101              1           2.14  
   322         324          12.4858              1           2.42  
   323         325          12.4446              1           2.33  
   324         326          12.3967              1           3.45  
   325         327          12.3445              1           5.35  
   326         328          12.3121              1           2.51  
   327         329          12.2976              1            2.5  
   328         330           12.275              1           2.78  
   329         331          12.2507              1           2.19  
   330         332          12.2064              1           2.14  
   331         333          12.1759              1           2.36  
   332         334          12.1417              1           2.66  
   333         335          12.1038              1           2.69  
   334         336          12.0746              1            2.8  
   335         337          12.0442              1           2.28  
   336         338          12.0109              1           2.82  
   337         339          11.9823              1           2.01  
   338         340          11.9569              1           1.98  
   339         341           11.936              1           1.77  
                                                        First-order 
 Iteration  Func-count       f(x)        Step-size       optimality
   340         342          11.9157              1           1.55  
   341         343          11.8972              1           1.95  
   342         344          11.8706              1           2.27  
   343         345           11.839              1           2.37  
   344         346          11.8058              1           1.98  
   345         347          11.7779              1            2.4  
   346         348          11.7524              1           2.52  
   347         349          11.7304              1           2.73  
   348         350          11.7101              1           1.88  
   349         351          11.6899              1           1.72  
   350         352          11.6677              1            1.6  
   351         353          11.6478              1           1.79  
   352         354          11.6248              1           3.54  
   353         355          11.5937              1           2.17  
   354         356          11.5606              1           3.54  
   355         357          11.5347              1           2.66  
   356         358          11.5135              1           2.05  
   357         359          11.4965              1           2.69  
   358         360           11.476              1           2.42  
   359         361          11.4563              1           1.95  
                                                        First-order 
 Iteration  Func-count       f(x)        Step-size       optimality
   360         362          11.4375              1           1.85  
   361         363           11.421              1            1.7  
   362         364          11.4077              1           1.58  
   363         365          11.3875              1           1.79  
   364         366          11.3665              1           2.36  
   365         367          11.3427              1           2.53  
   366         368          11.3234              1           2.04  
   367         369          11.3054              1           2.49  
   368         370          11.2873              1           2.47  
   369         371          11.2675              1           2.18  
   370         372          11.2461              1           2.54  
   371         373           11.223              1           3.67  
   372         374          11.1999              1           1.75  
   373         375          11.1769              1           2.24  
   374         376          11.1599              1           1.64  
   375         377          11.1443              1           2.55  
   376         378          11.1304              1           1.82  
   377         379          11.1174              1           2.11  
   378         380          11.1038              1           2.11  
   379         381          11.0856              1           1.36  
                                                        First-order 
 Iteration  Func-count       f(x)        Step-size       optimality
   380         382          11.0658              1            1.4  
   381         383           11.048              1           1.32  
   382         384          11.0312              1           1.44  
   383         385          11.0204              1           1.21  
   384         386          11.0122              1           1.37  
   385         387          11.0044              1           1.36  
   386         388          10.9896              1           1.56  
   387         389          10.9751              1           1.63  
   388         390          10.9558              1           1.48  
   389         391          10.9369              1           1.36  
   390         392          10.9202              1           1.85  
   391         393          10.9081              1           2.07  
   392         394          10.8964              1           1.45  
   393         395          10.8841              1           1.41  
   394         396          10.8712              1           1.87  
   395         397          10.8618              1           1.54  
   396         398          10.8522              1            1.3  
   397         399           10.842              1           1.16  
   398         400          10.8315              1            1.1  
   399         401          10.8196              1            1.1  
                                                        First-order 
 Iteration  Func-count       f(x)        Step-size       optimality
   400         402          10.8087              1           1.28  
   401         403          10.7971              1            1.3  
   402         404          10.7864              1           1.34  
   403         405           10.776              1            1.4  
   404         406          10.7657              1           1.68  
   405         407          10.7536              1           1.59  
   406         408          10.7368              1           1.92  
   407         409          10.7166              1           2.34  
   408         410          10.6982              1           1.91  
   409         411          10.6832              1           1.72  
   410         412          10.6708              1           1.79  
   411         413          10.6596              1           1.97  
   412         414          10.6491              1           1.79  
   413         415          10.6374              1           1.28  
   414         416          10.6276              1           1.51  
   415         417          10.6147              1           1.52  
   416         418          10.5998              1           1.83  
   417         419          10.5848              1           1.86  
   418         420          10.5707              1           1.67  
   419         421           10.554              1           1.74  
                                                        First-order 
 Iteration  Func-count       f(x)        Step-size       optimality
   420         422          10.5341              1           1.79  
   421         423          10.5151              1           2.26  
   422         424          10.4972              1           1.78  
   423         425          10.4823              1           1.57  
   424         426          10.4677              1            2.4  
   425         427          10.4608              1           1.61  
   426         428           10.449              1           1.88  
   427         429          10.4319              1            1.6  
   428         430          10.4157              1           1.63  
   429         431          10.3907              1           2.21  
   430         432          10.3742              1           2.22  
   431         433          10.3597              1           1.81  
   432         434          10.3473              1           1.63  
   433         435          10.3332              1           1.44  
   434         436          10.3183              1           1.39  
   435         437          10.3018              1           1.36  
   436         438          10.2876              1           1.32  
   437         439          10.2755              1           1.41  
   438         440           10.264              1           1.42  
   439         441          10.2545              1           1.58  
                                                        First-order 
 Iteration  Func-count       f(x)        Step-size       optimality
   440         442          10.2428              1           1.25  
   441         443          10.2268              1           1.12  
   442         444           10.216              1           1.21  
   443         445          10.2047              1            1.3  
   444         446           10.196              1           1.49  
   445         447          10.1878              1           1.81  
   446         448          10.1769              1           1.97  
   447         449          10.1636              1           1.88  
   448         450          10.1457              1           2.55  
   449         451          10.1283              1           2.47  
   450         452          10.1113              1           1.56  
   451         453          10.1009              1            1.5  
   452         454          10.0935              1            1.4  
   453         455          10.0849              1            1.3  
   454         456           10.073              1           1.56  
   455         457          10.0574              1           1.52  
   456         458          10.0418              1            1.5  
   457         459          10.0267              1           1.23  
   458         460          10.0111              1           1.69  
   459         461          9.99863              1            1.8  
                                                        First-order 
 Iteration  Func-count       f(x)        Step-size       optimality
   460         462          9.98734              1           1.46  
   461         463           9.9781              1            1.4  
   462         464          9.96847              1           1.31  
   463         465          9.95907              1           1.54  
   464         466          9.94978              1           1.53  
   465         467          9.93818              1           1.55  
   466         468          9.92085              1           1.42  
   467         469           9.9006              1           1.53  
   468         470          9.88461              1           2.05  
   469         471          9.87603              1           2.57  
   470         472          9.86793              1           1.49  
   471         473          9.85999              1           1.47  
   472         474          9.84899              1           1.26  
   473         475          9.83714              1           1.37  
   474         476           9.8269              1           1.69  
   475         477          9.81326              1           1.77  
   476         478          9.79957              1           1.43  
   477         479           9.7864              1           1.47  
   478         480           9.7755              1           1.25  
   479         481          9.76519              1           1.39  
                                                        First-order 
 Iteration  Func-count       f(x)        Step-size       optimality
   480         482          9.75527              1           1.14  
   481         483          9.74198              1           1.59  
   482         484          9.72821              1           1.33  
   483         485          9.72007              1           1.03  
   484         486          9.71335              1           1.04  
   485         487          9.70539              1           1.11  
   486         488          9.69662              1           1.11  
   487         489          9.68766              1           1.23  
   488         490           9.6787              1           1.21  
   489         491          9.66628              1           1.35  
   490         492          9.65165              1           1.66  
   491         493          9.63544              1           1.58  
   492         494          9.62204              1            1.3  
   493         495          9.61261              1           1.15  
   494         496          9.60325              1          0.895  
   495         497          9.59266              1           1.13  
   496         498          9.58465              1           1.49  
   497         499          9.57849              1           1.17  
   498         500          9.57244              1          0.955  
   499         501          9.56564              1          0.852  
                                                        First-order 
 Iteration  Func-count       f(x)        Step-size       optimality
   500         502          9.55545              1           1.36  
   501         503           9.5453              1           1.28  

<a href = "matlab: helpview([docroot '/toolbox/optim/msg_csh/optim_msg_csh.map'],'solver_stopped_premature','CSHelpWindow');">Solver stopped prematurely</a>.

fminunc stopped because it exceeded the iteration limit,
<a href = "matlab: helpview([docroot '/toolbox/optim/msg_csh/optim_msg_csh.map'],'max_iter','CSHelpWindow');">options.MaxIter</a> = 500 (the selected value).

                                                        First-order 
 Iteration  Func-count       f(x)        Step-size       optimality
     0           1        0.0989103                          0.12
     1           2        0.0554812              1          0.124  
     2           4        0.0375583       0.279534          0.166  
     3           5        0.0258174              1          0.047  
     4           6        0.0193285              1          0.035  
     5           7        0.0159594              1         0.0968  
     6           8        0.0122536              1         0.0251  
     7           9        0.0106575              1         0.0119  
     8          10        0.0086184              1         0.0248  
     9          11       0.00794682              1         0.0126  
    10          12        0.0065875              1        0.00862  
    11          13       0.00599999              1        0.00942  
    12          14       0.00517403              1        0.00938  
    13          15       0.00447167              1        0.00892  
    14          16       0.00387077              1        0.00693  
    15          17       0.00334458              1        0.00535  
    16          18       0.00288688              1        0.00372  
    17          19       0.00254728              1        0.00387  
    18          20        0.0022619              1        0.00356  
    19          21        0.0020214              1        0.00296  
                                                        First-order 
 Iteration  Func-count       f(x)        Step-size       optimality
    20          22       0.00183788              1        0.00259  
    21          23       0.00168005              1        0.00189  
    22          24       0.00153997              1        0.00278  
    23          25        0.0014217              1        0.00327  
    24          26       0.00131926              1         0.0024  
    25          27       0.00123275              1        0.00226  
    26          28       0.00116392              1        0.00146  
    27          29       0.00110303              1        0.00196  
    28          30       0.00104887              1        0.00172  
    29          31       0.00100317              1        0.00145  
    30          32      0.000962132              1        0.00113  
    31          33      0.000924425              1        0.00133  
    32          34      0.000888553              1        0.00145  
    33          35      0.000853282              1        0.00138  
    34          36      0.000821921              1        0.00129  
    35          37      0.000794522              1        0.00081  
    36          38      0.000768202              1        0.00117  
    37          39      0.000740888              1        0.00127  
    38          40      0.000712387              1        0.00145  
    39          41       0.00068531              1        0.00102  
                                                        First-order 
 Iteration  Func-count       f(x)        Step-size       optimality
    40          42      0.000663612              1       0.000676  
    41          43      0.000645178              1       0.000772  
    42          44      0.000625803              1        0.00127  
    43          45      0.000604837              1        0.00116  
    44          46      0.000585388              1       0.000999  
    45          47      0.000568722              1       0.000614  
    46          48      0.000553926              1       0.000941  
    47          49      0.000538736              1          0.001  
    48          50      0.000523907              1       0.000951  
    49          51      0.000511012              1        0.00069  
    50          52      0.000499759              1       0.000614  
    51          53      0.000488509              1        0.00072  
    52          54      0.000476981              1       0.000663  
    53          55      0.000465755              1       0.000508  
    54          56      0.000455485              1       0.000514  
    55          57      0.000445452              1       0.000739  
    56          58      0.000435204              1       0.000588  
    57          59      0.000425201              1       0.000621  
    58          60       0.00041636              1       0.000426  
    59          61      0.000408108              1       0.000461  
                                                        First-order 
 Iteration  Func-count       f(x)        Step-size       optimality
    60          62      0.000399828              1       0.000597  
    61          63      0.000391426              1       0.000604  
    62          64      0.000383801              1       0.000453  
    63          65      0.000376599              1       0.000434  
    64          66      0.000369181              1        0.00063  
    65          67      0.000360995              1       0.000683  
    66          68      0.000353189              1       0.000675  
    67          69      0.000346147              1       0.000419  
    68          70      0.000339623              1       0.000457  
    69          71      0.000332516              1       0.000635  
    70          72      0.000325056              1       0.000528  
    71          73      0.000317955              1       0.000638  
    72          74      0.000311661              1        0.00054  
    73          75      0.000305387              1       0.000444  
    74          76      0.000298553              1       0.000508  
    75          77      0.000290959              1       0.000576  
    76          78      0.000283262              1       0.000713  
    77          79      0.000275911              1        0.00047  
    78          80      0.000269319              1       0.000522  
    79          81      0.000262854              1       0.000439  
                                                        First-order 
 Iteration  Func-count       f(x)        Step-size       optimality
    80          82      0.000256573              1       0.000663  
    81          83      0.000249968              1       0.000604  
    82          84      0.000243706              1       0.000558  
    83          85      0.000237754              1       0.000545  
    84          86      0.000232305              1       0.000525  
    85          87      0.000226561              1       0.000589  
    86          88      0.000220488              1       0.000524  
    87          89      0.000214161              1       0.000639  
    88          90      0.000208138              1       0.000489  
    89          91      0.000202226              1       0.000653  
    90          92      0.000196513              1       0.000546  
    91          93      0.000190802              1       0.000548  
    92          94       0.00018548              1       0.000488  
    93          95      0.000180226              1       0.000495  
    94          96      0.000175434              1        0.00047  
    95          97      0.000170798              1       0.000411  
    96          98      0.000166898              1       0.000356  
    97          99      0.000163303              1       0.000363  
    98         100      0.000159905              1       0.000378  
    99         101      0.000156501              1       0.000359  
                                                        First-order 
 Iteration  Func-count       f(x)        Step-size       optimality
   100         102      0.000153414              1       0.000359  
   101         103      0.000150554              1       0.000291  
   102         104      0.000147648              1         0.0004  
   103         105      0.000144438              1       0.000456  
   104         106      0.000141332              1        0.00045  
   105         107      0.000138651              1       0.000296  
   106         108      0.000136279              1       0.000265  
   107         109      0.000133606              1       0.000457  
   108         110      0.000130645              1       0.000581  
   109         111      0.000127829              1        0.00042  
   110         112      0.000125483              1       0.000251  
   111         113       0.00012321              1       0.000265  
   112         114      0.000120697              1       0.000499  
   113         115      0.000118058              1        0.00048  
   114         116      0.000115729              1       0.000232  
   115         117      0.000113727              1       0.000206  
   116         118      0.000111748              1       0.000372  
   117         119      0.000109566              1       0.000474  
   118         120       0.00010737              1       0.000311  
   119         121      0.000105387              1       0.000232  
                                                        First-order 
 Iteration  Func-count       f(x)        Step-size       optimality
   120         122      0.000103554              1       0.000256  
   121         123      0.000101649              1       0.000383  
   122         124      9.96996e-05              1       0.000305  
   123         125       9.7824e-05              1       0.000206  
   124         126      9.60487e-05              1       0.000193  
   125         127      9.42237e-05              1       0.000352  
   126         128      9.23251e-05              1        0.00037  
   127         129      9.04184e-05              1       0.000293  
   128         130      8.86037e-05              1       0.000274  
   129         131      8.67968e-05              1       0.000314  
   130         132      8.50401e-05              1       0.000327  
   131         133      8.33695e-05              1       0.000195  
   132         134      8.18178e-05              1       0.000264  
   133         135      8.02566e-05              1       0.000249  
   134         136      7.86484e-05              1       0.000355  
   135         137      7.70856e-05              1       0.000276  
   136         138      7.56658e-05              1       0.000216  
   137         139      7.42787e-05              1       0.000196  
   138         140      7.27781e-05              1        0.00029  
   139         141      7.11561e-05              1       0.000303  
                                                        First-order 
 Iteration  Func-count       f(x)        Step-size       optimality
   140         142      6.95824e-05              1       0.000249  
   141         143      6.81757e-05              1       0.000254  
   142         144      6.68982e-05              1       0.000229  
   143         145      6.56359e-05              1       0.000275  
   144         146       6.4356e-05              1       0.000193  
   145         147      6.30575e-05              1       0.000238  
   146         148      6.17511e-05              1       0.000235  
   147         149      6.04392e-05              1        0.00027  
   148         150      5.91829e-05              1       0.000218  
   149         151      5.80158e-05              1       0.000182  
   150         152      5.69295e-05              1       0.000185  
   151         153      5.58254e-05              1       0.000217  
   152         154      5.47132e-05              1       0.000255  
   153         155      5.36531e-05              1       0.000268  
   154         156      5.27068e-05              1       0.000161  
   155         157      5.18201e-05              1       0.000184  
   156         158      5.09242e-05              1       0.000193  
   157         159      4.99902e-05              1       0.000283  
   158         160      4.90739e-05              1       0.000249  
   159         161      4.82196e-05              1       0.000173  
                                                        First-order 
 Iteration  Func-count       f(x)        Step-size       optimality
   160         162      4.74352e-05              1       0.000144  
   161         163      4.66946e-05              1       0.000174  
   162         164      4.59843e-05              1       0.000188  
   163         165      4.53048e-05              1       0.000116  
   164         166      4.46633e-05              1       0.000109  
   165         167      4.40419e-05              1       0.000134  
   166         168      4.34237e-05              1       0.000176  
   167         169      4.28057e-05              1       0.000129  
   168         170      4.22169e-05              1       0.000102  
   169         171      4.16746e-05              1       0.000143  
   170         172      4.11638e-05              1       0.000134  
   171         173      4.06398e-05              1       0.000132  
   172         174      4.00965e-05              1       0.000115  
   173         175       3.9564e-05              1       9.84e-05  
   174         176       3.9075e-05              1       0.000114  
   175         177      3.86073e-05              1       0.000113  
   176         178      3.81299e-05              1        0.00012  
   177         179      3.76405e-05              1       0.000102  
   178         180      3.71792e-05              1       0.000116  
   179         181      3.67421e-05              1       0.000111  
                                                        First-order 
 Iteration  Func-count       f(x)        Step-size       optimality
   180         182      3.62927e-05              1       0.000123  
   181         183      3.58103e-05              1       0.000127  
   182         184      3.53362e-05              1       0.000116  
   183         185      3.49049e-05              1       0.000108  
   184         186      3.45014e-05              1        8.8e-05  
   185         187      3.40863e-05              1        0.00011  
   186         188      3.36644e-05              1       0.000139  
   187         189      3.32738e-05              1       0.000132  
   188         190      3.29289e-05              1       8.91e-05  
   189         191      3.26014e-05              1       7.66e-05  
   190         192       3.2267e-05              1       0.000112  
   191         193      3.19268e-05              1       0.000117  
   192         194      3.15877e-05              1       0.000107  
   193         195      3.12418e-05              1       9.65e-05  
   194         196      3.08846e-05              1       9.84e-05  
   195         197      3.05246e-05              1       0.000114  
   196         198      3.01704e-05              1       0.000101  
   197         199      2.98083e-05              1       0.000104  
   198         200      2.94254e-05              1       0.000101  
   199         201      2.90297e-05              1       0.000121  
                                                        First-order 
 Iteration  Func-count       f(x)        Step-size       optimality
   200         202      2.86528e-05              1       0.000109  
   201         203      2.82989e-05              1       0.000102  
   202         204      2.79587e-05              1       8.81e-05  
   203         205       2.7628e-05              1       8.28e-05  
   204         206      2.73176e-05              1       9.64e-05  
   205         207      2.70195e-05              1       8.79e-05  
   206         208      2.67185e-05              1       9.87e-05  
   207         209       2.6413e-05              1        7.1e-05  
   208         210       2.6122e-05              1       8.43e-05  
   209         211      2.58467e-05              1       7.51e-05  
   210         212      2.55658e-05              1       0.000105  
   211         213      2.52694e-05              1       0.000102  
   212         214      2.49833e-05              1        7.4e-05  
   213         215      2.47312e-05              1       8.09e-05  
   214         216      2.44998e-05              1       7.38e-05  
   215         217      2.42611e-05              1       9.14e-05  
   216         218      2.40147e-05              1       6.91e-05  
   217         219      2.37833e-05              1       6.57e-05  
   218         220      2.35695e-05              1       6.84e-05  
   219         221      2.33494e-05              1       8.54e-05  
                                                        First-order 
 Iteration  Func-count       f(x)        Step-size       optimality
   220         222      2.31083e-05              1        9.7e-05  
   221         223      2.28646e-05              1       9.42e-05  
   222         224      2.26419e-05              1       7.11e-05  
   223         225      2.24352e-05              1       7.24e-05  
   224         226       2.2221e-05              1        8.4e-05  
   225         227      2.19948e-05              1       9.77e-05  
   226         228       2.1772e-05              1       9.28e-05  
   227         229      2.15603e-05              1       7.26e-05  
   228         230      2.13412e-05              1       8.29e-05  
   229         231      2.11031e-05              1       8.37e-05  
   230         232      2.08597e-05              1       9.31e-05  
   231         233      2.06337e-05              1       8.05e-05  
   232         234        2.042e-05              1        7.4e-05  
   233         235      2.02011e-05              1       7.69e-05  
   234         236      1.99739e-05              1       8.82e-05  
   235         237      1.97559e-05              1       7.29e-05  
   236         238      1.95536e-05              1       5.55e-05  
   237         239      1.93541e-05              1       7.03e-05  
   238         240      1.91417e-05              1       8.12e-05  
   239         241      1.89232e-05              1       8.74e-05  
                                                        First-order 
 Iteration  Func-count       f(x)        Step-size       optimality
   240         242      1.87199e-05              1       7.34e-05  
   241         243      1.85389e-05              1       6.52e-05  
   242         244       1.8362e-05              1       7.33e-05  
   243         245      1.81728e-05              1       7.31e-05  
   244         246      1.79773e-05              1       9.24e-05  
   245         247      1.78002e-05              1       7.16e-05  
   246         248      1.76491e-05              1        4.7e-05  
   247         249      1.75076e-05              1       6.55e-05  
   248         250      1.73557e-05              1       8.47e-05  
   249         251      1.71943e-05              1       9.09e-05  
   250         252      1.70368e-05              1        5.3e-05  
   251         253      1.68906e-05              1       5.35e-05  
   252         254      1.67458e-05              1       7.41e-05  
   253         255      1.65925e-05              1       0.000107  
   254         256      1.64309e-05              1       9.52e-05  
   255         257      1.62708e-05              1       6.78e-05  
   256         258      1.61175e-05              1       5.73e-05  
   257         259       1.5969e-05              1       7.64e-05  
   258         260      1.58178e-05              1       8.93e-05  
   259         261      1.56577e-05              1       7.66e-05  
                                                        First-order 
 Iteration  Func-count       f(x)        Step-size       optimality
   260         262      1.54868e-05              1       9.29e-05  
   261         263       1.5317e-05              1       7.02e-05  
   262         264      1.51625e-05              1       6.98e-05  
   263         265      1.50227e-05              1       5.17e-05  
   264         266      1.48781e-05              1       7.98e-05  
   265         267       1.4715e-05              1       8.76e-05  
   266         268      1.45386e-05              1       7.81e-05  
   267         269      1.43667e-05              1       7.42e-05  
   268         270      1.41987e-05              1       6.88e-05  
   269         271      1.40189e-05              1       8.92e-05  
   270         272      1.38204e-05              1       8.64e-05  
   271         273      1.36214e-05              1       9.23e-05  
   272         274      1.34331e-05              1       7.51e-05  
   273         275      1.32453e-05              1       8.77e-05  
   274         276      1.30449e-05              1       9.46e-05  
   275         277      1.28487e-05              1       0.000104  
   276         278      1.26729e-05              1       7.86e-05  
   277         279      1.25078e-05              1       8.37e-05  
   278         280      1.23164e-05              1       9.39e-05  
   279         281      1.20919e-05              1       0.000112  
                                                        First-order 
 Iteration  Func-count       f(x)        Step-size       optimality
   280         282      1.18699e-05              1        0.00011  
   281         283      1.16817e-05              1       6.56e-05  
   282         284      1.15016e-05              1       6.22e-05  
   283         285      1.13022e-05              1       9.59e-05  
   284         286      1.10847e-05              1       0.000126  
   285         287      1.08811e-05              1       9.35e-05  
   286         288      1.06946e-05              1       7.76e-05  
   287         289      1.05098e-05              1       7.45e-05  
   288         290      1.03157e-05              1       0.000124  
   289         291      1.01342e-05              1       0.000121  
   290         292      9.97135e-06              1       7.34e-05  
   291         293      9.81924e-06              1       6.37e-05  
   292         294      9.65726e-06              1       7.91e-05  
   293         295      9.50157e-06              1       9.98e-05  
   294         296      9.36003e-06              1       7.13e-05  
   295         297      9.23042e-06              1       5.73e-05  
   296         298      9.09848e-06              1       5.29e-05  
   297         299      8.96766e-06              1       7.41e-05  
   298         300      8.84136e-06              1       6.67e-05  
   299         301      8.71842e-06              1       5.38e-05  
                                                        First-order 
 Iteration  Func-count       f(x)        Step-size       optimality
   300         302      8.59296e-06              1       5.25e-05  
   301         303      8.47053e-06              1       5.37e-05  
   302         304      8.35503e-06              1        6.5e-05  
   303         305       8.2423e-06              1       5.14e-05  
   304         306      8.12411e-06              1       5.17e-05  
   305         307      8.00609e-06              1       4.85e-05  
   306         308      7.89716e-06              1       7.06e-05  
   307         309      7.79713e-06              1       7.62e-05  
   308         310      7.69684e-06              1       5.65e-05  
   309         311      7.59751e-06              1       4.93e-05  
   310         312      7.50617e-06              1       4.97e-05  
   311         313       7.4202e-06              1       6.68e-05  
   312         314       7.3243e-06              1       6.53e-05  
   313         315      7.21684e-06              1       5.83e-05  
   314         316      7.11517e-06              1       5.01e-05  
   315         317      7.03021e-06              1          4e-05  
   316         318       6.9491e-06              1        5.3e-05  
   317         319      6.85688e-06              1       5.56e-05  
   318         320      6.75932e-06              1       5.31e-05  
   319         321      6.67411e-06              1       4.54e-05  
                                                        First-order 
 Iteration  Func-count       f(x)        Step-size       optimality
   320         322      6.60114e-06              1       4.02e-05  
   321         323      6.52423e-06              1       4.84e-05  
   322         324      6.43564e-06              1       4.92e-05  
   323         325       6.3483e-06              1       4.03e-05  
   324         326      6.27341e-06              1        4.5e-05  
   325         327      6.20267e-06              1       4.25e-05  
   326         328       6.1223e-06              1       4.34e-05  
   327         329      6.03511e-06              1       4.75e-05  
   328         330      5.95591e-06              1       3.79e-05  
   329         331       5.8876e-06              1       4.15e-05  
   330         332      5.81869e-06              1       4.22e-05  
   331         333       5.7432e-06              1       4.28e-05  
   332         334      5.66881e-06              1        4.4e-05  
   333         335      5.60215e-06              1       4.18e-05  
   334         336      5.53632e-06              1       4.68e-05  
   335         337      5.46179e-06              1       5.07e-05  
   336         338      5.38276e-06              1       4.25e-05  
   337         339      5.31472e-06              1       3.75e-05  
   338         340       5.2542e-06              1       4.17e-05  
   339         341      5.19037e-06              1       4.57e-05  
                                                        First-order 
 Iteration  Func-count       f(x)        Step-size       optimality
   340         342      5.12212e-06              1       4.24e-05  
   341         343      5.06069e-06              1       3.25e-05  
   342         344      5.00853e-06              1       4.56e-05  
   343         345      4.95621e-06              1       4.21e-05  
   344         346      4.89619e-06              1       4.84e-05  
   345         347      4.83427e-06              1       4.78e-05  
   346         348      4.77906e-06              1       3.42e-05  
   347         349      4.72862e-06              1       3.71e-05  
   348         350      4.67521e-06              1       3.63e-05  
   349         351      4.61889e-06              1       4.77e-05  
   350         352      4.56654e-06              1       3.57e-05  
   351         353      4.51905e-06              1       3.76e-05  
   352         354      4.46978e-06              1       3.59e-05  
   353         355      4.41675e-06              1       3.65e-05  
   354         356      4.36721e-06              1       3.03e-05  
   355         357      4.32512e-06              1       3.34e-05  
   356         358      4.28354e-06              1       3.58e-05  
   357         359      4.23519e-06              1       4.24e-05  
   358         360      4.18412e-06              1        4.5e-05  
   359         361      4.14075e-06              1       2.54e-05  
                                                        First-order 
 Iteration  Func-count       f(x)        Step-size       optimality
   360         362      4.10373e-06              1       2.77e-05  
   361         363      4.06244e-06              1       3.61e-05  
   362         364       4.0115e-06              1       4.59e-05  
   363         365       3.9615e-06              1       3.53e-05  
   364         366      3.92194e-06              1       2.06e-05  
   365         367      3.88676e-06              1       2.51e-05  
   366         368      3.84363e-06              1       4.57e-05  
   367         369      3.79267e-06              1       4.83e-05  
   368         370      3.74726e-06              1       2.69e-05  
   369         371      3.71307e-06              1       2.53e-05  
   370         372      3.68005e-06              1       3.52e-05  
   371         373      3.63824e-06              1        5.3e-05  
   372         374      3.59166e-06              1       4.73e-05  
   373         375      3.55253e-06              1        2.5e-05  
   374         376      3.52155e-06              1       2.84e-05  
   375         377      3.48916e-06              1       3.68e-05  
   376         378      3.45036e-06              1        4.8e-05  
   377         379      3.41295e-06              1       3.55e-05  
   378         380      3.38373e-06              1       2.42e-05  
   379         381      3.35808e-06              1       2.56e-05  
                                                        First-order 
 Iteration  Func-count       f(x)        Step-size       optimality
   380         382      3.32776e-06              1       3.57e-05  
   381         383      3.29317e-06              1       3.86e-05  
   382         384      3.26231e-06              1       2.22e-05  
   383         385      3.23771e-06              1       2.38e-05  
   384         386      3.21353e-06              1       2.93e-05  
   385         387      3.18551e-06              1       3.46e-05  
   386         388      3.15749e-06              1       2.86e-05  
   387         389      3.13412e-06              1       2.46e-05  
   388         390      3.11277e-06              1        2.5e-05  
   389         391      3.08781e-06              1       2.95e-05  
   390         392       3.0592e-06              1        2.9e-05  
   391         393      3.03324e-06              1       2.64e-05  
   392         394      3.01211e-06              1        2.5e-05  
   393         395       2.9911e-06              1       2.31e-05  
   394         396      2.96618e-06              1        2.8e-05  
   395         397      2.94108e-06              1       2.65e-05  
   396         398      2.92065e-06              1       2.12e-05  
   397         399      2.90292e-06              1       2.12e-05  
   398         400      2.88266e-06              1       2.59e-05  
   399         401      2.85951e-06              1       3.02e-05  
                                                        First-order 
 Iteration  Func-count       f(x)        Step-size       optimality
   400         402      2.83836e-06              1       2.51e-05  
   401         403      2.82108e-06              1       2.12e-05  
   402         404       2.8039e-06              1       1.96e-05  
   403         405      2.78339e-06              1        2.6e-05  
   404         406      2.76192e-06              1       2.67e-05  
   405         407      2.74407e-06              1       1.99e-05  
   406         408      2.72964e-06              1       2.06e-05  
   407         409      2.71492e-06              1       1.93e-05  
   408         410      2.69838e-06              1       2.19e-05  
   409         411      2.68228e-06              1       2.19e-05  
   410         412      2.66828e-06              1       2.06e-05  
   411         413       2.6547e-06              1       2.23e-05  
   412         414      2.63912e-06              1       2.05e-05  
   413         415      2.62198e-06              1       2.73e-05  
   414         416      2.60596e-06              1       2.18e-05  
   415         417      2.59193e-06              1       1.88e-05  
   416         418      2.57793e-06              1       1.88e-05  
   417         419      2.56206e-06              1       2.61e-05  
   418         420      2.54502e-06              1       2.75e-05  
   419         421      2.52899e-06              1       1.88e-05  
                                                        First-order 
 Iteration  Func-count       f(x)        Step-size       optimality
   420         422      2.51447e-06              1       1.68e-05  
   421         423      2.49966e-06              1       1.83e-05  
   422         424      2.48288e-06              1       2.64e-05  
   423         425      2.46476e-06              1        2.6e-05  
   424         426      2.44751e-06              1        1.8e-05  
   425         427      2.43191e-06              1       2.08e-05  
   426         428      2.41631e-06              1       2.06e-05  
   427         429       2.3992e-06              1       2.75e-05  
   428         430      2.38176e-06              1       2.54e-05  
   429         431      2.36633e-06              1       1.89e-05  
   430         432       2.3527e-06              1       2.09e-05  
   431         433      2.33822e-06              1        2.2e-05  
   432         434      2.32137e-06              1       2.85e-05  
   433         435      2.30436e-06              1       2.34e-05  
   434         436      2.29027e-06              1       1.86e-05  
   435         437      2.27822e-06              1       1.99e-05  
   436         438        2.265e-06              1       2.29e-05  
   437         439      2.24952e-06              1       2.47e-05  
   438         440      2.23469e-06              1       1.76e-05  
   439         441      2.22224e-06              1       2.02e-05  
                                                        First-order 
 Iteration  Func-count       f(x)        Step-size       optimality
   440         442      2.21022e-06              1       1.87e-05  
   441         443      2.19614e-06              1       1.81e-05  
   442         444       2.1811e-06              1       1.95e-05  
   443         445      2.16797e-06              1       1.57e-05  
   444         446      2.15648e-06              1       1.75e-05  
   445         447      2.14375e-06              1       1.67e-05  
   446         448       2.1289e-06              1       2.18e-05  
   447         449      2.11511e-06              1       1.84e-05  
   448         450      2.10442e-06              1       1.15e-05  
   449         451      2.09435e-06              1       1.48e-05  
   450         452      2.08116e-06              1       2.21e-05  
   451         453      2.06483e-06              1       2.71e-05  
   452         454      2.04957e-06              1       1.89e-05  
   453         455      2.03759e-06              1       1.73e-05  
   454         456      2.02606e-06              1       1.96e-05  
   455         457      2.01199e-06              1       2.53e-05  
   456         458      1.99716e-06              1       2.45e-05  
   457         459      1.98534e-06              1       1.26e-05  
   458         460      1.97597e-06              1       1.35e-05  
   459         461      1.96532e-06              1       1.97e-05  
                                                        First-order 
 Iteration  Func-count       f(x)        Step-size       optimality
   460         462      1.95159e-06              1       2.85e-05  
   461         463      1.93796e-06              1       2.29e-05  
   462         464      1.92766e-06              1       1.43e-05  
   463         465      1.91895e-06              1       1.27e-05  
   464         466      1.90803e-06              1       2.22e-05  
   465         467      1.89414e-06              1       2.73e-05  
   466         468      1.88094e-06              1       1.78e-05  
   467         469       1.8709e-06              1       1.44e-05  
   468         470       1.8617e-06              1       1.49e-05  
   469         471      1.85013e-06              1       2.52e-05  
   470         472      1.83692e-06              1       2.38e-05  
   471         473      1.82569e-06              1       1.69e-05  
   472         474      1.81692e-06              1        1.4e-05  
   473         475      1.80774e-06              1       2.06e-05  
   474         476      1.79629e-06              1       2.63e-05  
   475         477      1.78474e-06              1       1.89e-05  
   476         478      1.77549e-06              1       1.28e-05  
   477         479      1.76733e-06              1       1.69e-05  
   478         480      1.75742e-06              1       2.82e-05  
   479         481      1.74558e-06              1        2.9e-05  
                                                        First-order 
 Iteration  Func-count       f(x)        Step-size       optimality
   480         482      1.73513e-06              1       1.56e-05  
   481         483      1.72745e-06              1       1.53e-05  
   482         484      1.71961e-06              1       1.94e-05  
   483         485      1.70851e-06              1       3.18e-05  
   484         486      1.69562e-06              1       3.08e-05  
   485         487      1.68547e-06              1       1.58e-05  
   486         488       1.6785e-06              1       1.36e-05  
   487         489      1.67116e-06              1       2.01e-05  
   488         490      1.66054e-06              1       2.86e-05  
   489         491      1.64803e-06              1        2.7e-05  
   490         492      1.63753e-06              1       1.22e-05  
   491         493      1.62967e-06              1       9.81e-06  

Optimization completed: The <a href = "matlab: helpview([docroot '/toolbox/optim/msg_csh/optim_msg_csh.map'],'first_order_opt_unc','CSHelpWindow');">first-order optimality measure</a>, 8.762548e-06, is less 
than <a href = "matlab: helpview([docroot '/toolbox/optim/msg_csh/optim_msg_csh.map'],'tolfun','CSHelpWindow');">options.TolFun</a> = 1.000000e-05.

Optimization Metric                                            Options
relative norm(gradient) =   8.76e-06                  TolFun =   1e-05 (selected)

