MCF iter#1: |dv| = 18.9698; sphericity = 0.806962
MCF iter#2: |dv| = 11.862; sphericity = 0.908444
MCF iter#3: |dv| = 6.45549; sphericity = 0.759336
MCF iter#4: |dv| = 6.92391; sphericity = 0.53257
MCF iter#5: |dv| = 8.7885; sphericity = 0.312773
MCF iter#6: |dv| = 8.08402; sphericity = 0.127344
MCF iter#7: |dv| = 5.46934; sphericity = 0.014434
MCF iter#8: |dv| = 2.68085; sphericity = 0.0644928
MCF iter#9: |dv| = 0.861579; sphericity = 0.0748713
MCF iter#10: |dv| = 0.542201; sphericity = 0.056881
MCF iter#11: |dv| = 0.85079; sphericity = 0.0298023
MCF iter#12: |dv| = 0.790442; sphericity = 0.0105087
MCF iter#13: |dv| = 0.510493; sphericity = 0.0130058
MCF iter#14: |dv| = 0.210811; sphericity = 0.0160576
MCF iter#15: |dv| = 0.0728498; sphericity = 0.0144897
MCF iter#16: |dv| = 0.139616; sphericity = 0.01152
MCF iter#17: |dv| = 0.148202; sphericity = 0.00967452
MCF iter#18: |dv| = 0.113454; sphericity = 0.00926531
MCF iter#19: |dv| = 0.0716101; sphericity = 0.00930488
                                                        First-order 
 Iteration  Func-count       f(x)        Step-size       optimality
     0           1          15.8461                         0.201
     1           2          5.84159              1          0.142  
     2           4          2.70334            0.5          0.146  
     3           5           2.6317              1          0.207  
     4           6           2.0105              1         0.0868  
     5           7          1.77262              1         0.0931  
     6           8          1.71228              1          0.092  

fminunc stopped by the <a href = "matlab: helpview([docroot '/toolbox/optim/msg_csh/optim_msg_csh.map'],'output_function','CSHelpWindow');">output or plot function</a>.

mesh refined due to bad conformal factors, continue? Y/N [Y]: 

fminunc stopped by the <a href = "matlab: helpview([docroot '/toolbox/optim/msg_csh/optim_msg_csh.map'],'output_function','CSHelpWindow');">output or plot function</a>.

mesh refined due to bad conformal factors, continue? Y/N [Y]: 

fminunc stopped by the <a href = "matlab: helpview([docroot '/toolbox/optim/msg_csh/optim_msg_csh.map'],'output_function','CSHelpWindow');">output or plot function</a>.

mesh refined due to bad conformal factors, continue? Y/N [Y]: 

fminunc stopped by the <a href = "matlab: helpview([docroot '/toolbox/optim/msg_csh/optim_msg_csh.map'],'output_function','CSHelpWindow');">output or plot function</a>.

                                                        First-order 
 Iteration  Func-count       f(x)        Step-size       optimality
     0           1           22.834                          1.37
     1           2          12.2351       0.731038           1.15  
     2           3          5.76357              1          0.372  
     3           4           4.7129              1          0.117  
     4           5          4.24136              1          0.218  
     5           6          3.85061              1          0.148  
     6           7           3.7415              1         0.0586  
     7           8          3.67341              1         0.0733  
     8           9          3.63251              1         0.0615  
     9          10          3.58762              1          0.177  
    10          12          3.54347       0.447483          0.124  
    11          13          3.50708              1          0.129  
    12          14          3.44662              1          0.194  
    13          15           3.3956              1          0.101  
    14          16          3.34019              1         0.0669  
    15          17          3.31632              1          0.057  
    16          18          3.29834              1          0.034  
    17          19          3.28775              1         0.0222  
    18          20          3.27778              1          0.159  
    19          22           3.2701       0.205459           0.13  
                                                        First-order 
 Iteration  Func-count       f(x)        Step-size       optimality
    20          23          3.26271              1          0.121  
    21          24          3.24249              1         0.0805  
    22          25          3.23392              1          0.064  
    23          26          3.21856              1          0.032  
    24          27          3.20993              1         0.0221  
    25          28          3.20286              1         0.0178  
    26          29          3.19928              1         0.0154  
    27          30          3.19698              1         0.0137  
    28          31          3.19562              1         0.0105  
    29          32          3.19492              1        0.00853  
    30          33           3.1944              1        0.00438  
    31          34          3.19417              1        0.00334  
    32          35            3.194              1        0.00209  
    33          36          3.19392              1        0.00163  
    34          37          3.19386              1        0.00131  
    35          38          3.19383              1        0.00108  
    36          39          3.19382              1       0.000894  
    37          40          3.19381              1       0.000538  
    38          41           3.1938              1       0.000354  
    39          42           3.1938              1       0.000377  
                                                        First-order 
 Iteration  Func-count       f(x)        Step-size       optimality
    40          43           3.1938              1       0.000274  
    41          44           3.1938              1       0.000202  
    42          45           3.1938              1        0.00022  
    43          46           3.1938              1       0.000189  
    44          47           3.1938              1        0.00011  
    45          48           3.1938              1       7.59e-05  
    46          49           3.1938              1       5.57e-05  
    47          50           3.1938              1       4.28e-05  
    48          51           3.1938              1       2.77e-05  
    49          52           3.1938              1       2.85e-05  
    50          53           3.1938              1       3.33e-05  
    51          54           3.1938              1       2.85e-05  
    52          55           3.1938              1       1.79e-05  

Optimization completed: The <a href = "matlab: helpview([docroot '/toolbox/optim/msg_csh/optim_msg_csh.map'],'first_order_opt_unc','CSHelpWindow');">first-order optimality measure</a>, 7.540738e-06, is less 
than <a href = "matlab: helpview([docroot '/toolbox/optim/msg_csh/optim_msg_csh.map'],'tolfun','CSHelpWindow');">options.TolFun</a> = 1.000000e-05.

Optimization Metric                                            Options
relative norm(gradient) =   7.54e-06                  TolFun =   1e-05 (selected)

[Warning: Error creating or updating Patch
 Error in value of one or more of the following properties:  <a href="matlab:helpUtils.reference.showPropertyHelp('matlab.graphics.primitive.Patch','Faces');")">Faces</a> <a href="matlab:helpUtils.reference.showPropertyHelp('matlab.graphics.primitive.Patch','Vertices');")">Vertices</a>
 Values in Faces must lie within the range, 1 and number of vertices] 
[> In <a href="matlab:matlab.internal.language.introspective.errorDocCallback('defaulterrorcallback', '/usr/local/MATLAB/R2015a/toolbox/matlab/graphics/defaulterrorcallback.m', 12)" style="font-weight:bold">defaulterrorcallback</a> (<a href="matlab: opentoline('/usr/local/MATLAB/R2015a/toolbox/matlab/graphics/defaulterrorcallback.m',12,0)">line 12</a>)
  In <a href="matlab:matlab.internal.language.introspective.errorDocCallback('main', '/home/ultimate/invspec/mcode/main.m', 222)" style="font-weight:bold">main</a> (<a href="matlab: opentoline('/home/ultimate/invspec/mcode/main.m',222,0)">line 222</a>)
  In <a href="matlab:matlab.internal.language.introspective.errorDocCallback('test_script', '/home/ultimate/invspec/mcode/test_script.m', 84)" style="font-weight:bold">test_script</a> (<a href="matlab: opentoline('/home/ultimate/invspec/mcode/test_script.m',84,0)">line 84</a>)] 
Continue optimization? Y/N [Y]: 
                                                        First-order 
 Iteration  Func-count       f(x)        Step-size       optimality
     0           1        0.0694659                        0.0143
     1           2        0.0641495              1         0.0114  
     2           4        0.0490472            0.5         0.0171  
     3           5        0.0411227              1        0.00973  
     4           6         0.033555              1         0.0179  
     5           7        0.0259754              1         0.0154  
     6           8        0.0202829              1         0.0102  
     7           9        0.0154565              1        0.00599  
     8          10         0.012129              1        0.00746  
     9          11       0.00982249              1        0.00694  
    10          12       0.00795938              1        0.00366  
    11          13        0.0065395              1        0.00384  
    12          14       0.00541153              1        0.00231  
    13          15       0.00434361              1        0.00229  
    14          16       0.00352214              1        0.00213  
    15          17       0.00281848              1        0.00167  
    16          18       0.00220746              1        0.00144  
    17          19       0.00177685              1        0.00123  
    18          20       0.00145183              1        0.00071  
    19          21       0.00120118              1        0.00119  
                                                        First-order 
 Iteration  Func-count       f(x)        Step-size       optimality
    20          22       0.00101876              1       0.000815  
    21          23      0.000882427              1        0.00082  
    22          24      0.000769563              1       0.000916  
    23          25      0.000678669              1       0.000656  
    24          26      0.000603394              1       0.000458  
    25          27      0.000542375              1       0.000521  
    26          28      0.000493332              1       0.000432  
    27          29      0.000450703              1        0.00038  
    28          30      0.000412661              1       0.000318  
    29          31       0.00038016              1       0.000471  
    30          32      0.000350828              1       0.000229  
    31          33      0.000325594              1       0.000222  
    32          34      0.000304248              1       0.000271  
    33          35      0.000283147              1       0.000305  
    34          36      0.000263075              1       0.000228  
    35          37      0.000244185              1        0.00023  
    36          38      0.000227342              1       0.000214  
    37          39      0.000211695              1       0.000178  
    38          40      0.000198273              1       0.000162  
    39          41      0.000186723              1       0.000153  
                                                        First-order 
 Iteration  Func-count       f(x)        Step-size       optimality
    40          42       0.00017749              1       0.000155  
    41          43      0.000169274              1       0.000206  
    42          44      0.000161768              1       0.000236  
    43          45      0.000154557              1       0.000223  
    44          46      0.000148142              1       0.000219  
    45          47      0.000141388              1       0.000183  
    46          48      0.000134451              1       0.000147  
    47          49      0.000127731              1       0.000117  
    48          50      0.000121529              1       0.000139  
    49          51      0.000115521              1       0.000149  
    50          52      0.000109968              1       0.000156  
    51          53      0.000104348              1       0.000144  
    52          54       9.8938e-05              1       0.000105  
    53          55       9.3783e-05              1       0.000142  
    54          56      8.95145e-05              1       0.000142  
    55          57      8.56348e-05              1       0.000106  
    56          58      8.21417e-05              1        0.00013  
    57          59      7.86623e-05              1       0.000118  
    58          60      7.57863e-05              1       0.000185  
    59          61      7.27449e-05              1       0.000104  
                                                        First-order 
 Iteration  Func-count       f(x)        Step-size       optimality
    60          62      6.99943e-05              1        0.00015  
    61          63      6.73531e-05              1       7.11e-05  
    62          64      6.49078e-05              1       5.56e-05  
    63          65      6.24786e-05              1       5.71e-05  
    64          66      6.03904e-05              1       6.91e-05  
    65          67      5.83339e-05              1        7.1e-05  
    66          68      5.63646e-05              1       6.47e-05  
    67          69      5.44422e-05              1       6.06e-05  
    68          70      5.27529e-05              1       5.18e-05  
    69          71      5.12552e-05              1       5.54e-05  
    70          72      4.98792e-05              1       4.58e-05  
    71          73      4.85965e-05              1        7.1e-05  
    72          74      4.73934e-05              1       5.02e-05  
    73          75      4.62829e-05              1       5.06e-05  
    74          76      4.51711e-05              1       4.52e-05  
    75          77      4.40781e-05              1       3.61e-05  
    76          78      4.31299e-05              1       4.01e-05  
    77          79      4.22465e-05              1       3.22e-05  
    78          80      4.13956e-05              1       3.24e-05  
    79          81      4.06144e-05              1       3.28e-05  
                                                        First-order 
 Iteration  Func-count       f(x)        Step-size       optimality
    80          82      3.98634e-05              1       3.27e-05  
    81          83      3.91242e-05              1        3.3e-05  
    82          84      3.83946e-05              1       2.94e-05  
    83          85      3.76646e-05              1        3.9e-05  
    84          86      3.69138e-05              1       3.39e-05  
    85          87      3.61403e-05              1        3.3e-05  
    86          88      3.53871e-05              1       4.04e-05  
    87          89      3.46996e-05              1       2.85e-05  
    88          90      3.40903e-05              1       3.04e-05  
    89          91      3.35332e-05              1       2.88e-05  
    90          92      3.29834e-05              1       3.11e-05  
    91          93      3.24392e-05              1       2.54e-05  
    92          94      3.18967e-05              1       2.77e-05  
    93          95      3.14007e-05              1       2.78e-05  
    94          96      3.09234e-05              1       3.24e-05  
    95          97      3.04764e-05              1       2.58e-05  
    96          98      3.00225e-05              1       2.77e-05  
    97          99      2.95795e-05              1       2.62e-05  
    98         100      2.91194e-05              1       2.84e-05  
    99         101      2.86616e-05              1       2.57e-05  
                                                        First-order 
 Iteration  Func-count       f(x)        Step-size       optimality
   100         102      2.82015e-05              1       2.75e-05  
   101         103      2.77434e-05              1       3.37e-05  
   102         104      2.72693e-05              1       3.01e-05  
   103         105      2.67654e-05              1       3.11e-05  
   104         106      2.62452e-05              1       3.01e-05  
   105         107      2.57254e-05              1       3.48e-05  
   106         108      2.52433e-05              1       3.47e-05  
   107         109      2.47353e-05              1       3.18e-05  
   108         110      2.42005e-05              1       2.64e-05  
   109         111      2.36313e-05              1        3.5e-05  
   110         112      2.30772e-05              1       5.24e-05  
   111         113      2.25107e-05              1       5.16e-05  
   112         114      2.19822e-05              1       3.05e-05  
   113         115      2.14834e-05              1       3.62e-05  
   114         116      2.10005e-05              1       3.67e-05  
   115         117      2.05656e-05              1        3.6e-05  
   116         118      2.01722e-05              1       2.93e-05  
   117         119      1.98097e-05              1       3.65e-05  
   118         120      1.94055e-05              1       4.33e-05  
   119         121      1.90385e-05              1       4.74e-05  
                                                        First-order 
 Iteration  Func-count       f(x)        Step-size       optimality
   120         122      1.86182e-05              1       3.49e-05  
   121         123      1.82049e-05              1       2.69e-05  
   122         124      1.77956e-05              1       2.69e-05  
   123         125      1.74052e-05              1       2.52e-05  
   124         126      1.70282e-05              1       2.68e-05  
   125         127      1.66697e-05              1       3.24e-05  
   126         128       1.6329e-05              1       2.87e-05  
   127         129      1.60001e-05              1       2.41e-05  
   128         130      1.56837e-05              1       2.24e-05  
   129         131      1.53811e-05              1       2.17e-05  
   130         132      1.51046e-05              1       2.19e-05  
   131         133      1.48379e-05              1        2.2e-05  
   132         134      1.45749e-05              1       2.07e-05  
   133         135      1.42885e-05              1       2.26e-05  
   134         136      1.40433e-05              1       2.26e-05  
   135         137      1.37909e-05              1       2.17e-05  
   136         138       1.3552e-05              1       2.02e-05  
   137         139       1.3324e-05              1       2.62e-05  
   138         140      1.31097e-05              1       2.86e-05  
   139         141      1.29011e-05              1       2.19e-05  
                                                        First-order 
 Iteration  Func-count       f(x)        Step-size       optimality
   140         142      1.26976e-05              1       1.82e-05  
   141         143      1.24958e-05              1       2.47e-05  
   142         144       1.2291e-05              1       2.63e-05  
   143         145      1.20811e-05              1       2.11e-05  
   144         146      1.18751e-05              1       1.82e-05  
   145         147      1.16804e-05              1       1.98e-05  
   146         148      1.14979e-05              1       2.01e-05  
   147         149       1.1318e-05              1       1.86e-05  
   148         150      1.11424e-05              1        1.8e-05  
   149         151      1.09667e-05              1       1.55e-05  
   150         152      1.07918e-05              1       1.96e-05  
   151         153      1.06068e-05              1       1.82e-05  
   152         154      1.04359e-05              1        1.5e-05  
   153         155      1.02627e-05              1       1.48e-05  
   154         156      1.00985e-05              1       2.27e-05  
   155         157      9.93693e-06              1       1.81e-05  
   156         158       9.7794e-06              1        1.4e-05  
   157         159      9.62558e-06              1       1.37e-05  
   158         160      9.47699e-06              1       1.48e-05  
   159         161      9.32613e-06              1       1.64e-05  
                                                        First-order 
 Iteration  Func-count       f(x)        Step-size       optimality
   160         162      9.17027e-06              1       1.85e-05  
   161         163      9.01445e-06              1       1.99e-05  
   162         164       8.8657e-06              1       1.98e-05  
   163         165      8.72295e-06              1       2.21e-05  
   164         166      8.58458e-06              1       1.55e-05  
   165         167      8.45308e-06              1       1.69e-05  
   166         168      8.33276e-06              1       1.65e-05  
   167         169      8.21204e-06              1       1.54e-05  
   168         170      8.08266e-06              1       1.64e-05  
   169         171      7.95977e-06              1       1.39e-05  
   170         172      7.84105e-06              1       1.19e-05  
   171         173      7.72768e-06              1       1.46e-05  
   172         174      7.62224e-06              1       1.28e-05  
   173         175      7.52111e-06              1       1.26e-05  
   174         176      7.42421e-06              1       1.08e-05  
   175         177      7.33228e-06              1       1.06e-05  
   176         178      7.24572e-06              1       1.11e-05  
   177         179      7.16616e-06              1       9.29e-06  

Optimization completed: The <a href = "matlab: helpview([docroot '/toolbox/optim/msg_csh/optim_msg_csh.map'],'first_order_opt_unc','CSHelpWindow');">first-order optimality measure</a>, 9.155105e-06, is less 
than <a href = "matlab: helpview([docroot '/toolbox/optim/msg_csh/optim_msg_csh.map'],'tolfun','CSHelpWindow');">options.TolFun</a> = 1.000000e-05.

Optimization Metric                                            Options
relative norm(gradient) =   9.16e-06                  TolFun =   1e-05 (selected)

