MCF iter#1: |dv| = 18.9189; sphericity = 0.759444
MCF iter#2: |dv| = 12.7864; sphericity = 0.976243
MCF iter#3: |dv| = 6.13475; sphericity = 0.806125
MCF iter#4: |dv| = 7.86967; sphericity = 0.563581
MCF iter#5: |dv| = 9.61232; sphericity = 0.348613
MCF iter#6: |dv| = 8.87923; sphericity = 0.176945
MCF iter#7: |dv| = 6.42573; sphericity = 0.0487877
MCF iter#8: |dv| = 3.54863; sphericity = 0.0308595
MCF iter#9: |dv| = 1.38267; sphericity = 0.0593603
MCF iter#10: |dv| = 0.360794; sphericity = 0.05476
MCF iter#11: |dv| = 0.69699; sphericity = 0.0333075
MCF iter#12: |dv| = 0.804971; sphericity = 0.0105623
MCF iter#13: |dv| = 0.617295; sphericity = 0.00991445
MCF iter#14: |dv| = 0.327647; sphericity = 0.0171708
MCF iter#15: |dv| = 0.0897708; sphericity = 0.0181312
MCF iter#16: |dv| = 0.0907533; sphericity = 0.0155129
MCF iter#17: |dv| = 0.135945; sphericity = 0.01205
MCF iter#18: |dv| = 0.123089; sphericity = 0.0093793
MCF iter#19: |dv| = 0.0846935; sphericity = 0.00794972
MCF iter#20: |dv| = 0.0484839; sphericity = 0.0074605
MCF iter#21: |dv| = 0.031481; sphericity = 0.00750232
                                                        First-order 
 Iteration  Func-count       f(x)        Step-size       optimality
     0           1          3.43408                          2.38
     1           2          1.66806       0.420759           1.18  
     2           3         0.726376              1          0.658  
     3           5          0.35289            0.5          0.605  
{Operation terminated by user during <a href="matlab:matlab.internal.language.introspective.errorDocCallback('distcomp.remoteparfor/getCompleteIntervals', '/usr/local/MATLAB/R2015a/toolbox/distcomp/distcomp/+distcomp/remoteparfor.m', 127)" style="font-weight:bold">distcomp.remoteparfor/getCompleteIntervals</a>
(<a href="matlab: opentoline('/usr/local/MATLAB/R2015a/toolbox/distcomp/distcomp/+distcomp/remoteparfor.m',127,0)">line 127</a>)

In <a href="matlab:matlab.internal.language.introspective.errorDocCallback('parallel_function>distributed_execution', '/usr/local/MATLAB/R2015a/toolbox/matlab/lang/parallel_function.p', 820)" style="font-weight:bold">parallel_function>distributed_execution</a> (<a href="matlab: opentoline('/usr/local/MATLAB/R2015a/toolbox/matlab/lang/parallel_function.p',820,0)">line 820</a>)
        [tags, out] = P.getCompleteIntervals(chunkSize);
In <a href="matlab:matlab.internal.language.introspective.errorDocCallback('parallel_function', '/usr/local/MATLAB/R2015a/toolbox/matlab/lang/parallel_function.p', 587)" style="font-weight:bold">parallel_function</a> (<a href="matlab: opentoline('/usr/local/MATLAB/R2015a/toolbox/matlab/lang/parallel_function.p',587,0)">line 587</a>)
        R = distributed_execution(...
In <a href="matlab:matlab.internal.language.introspective.errorDocCallback('eigencostSH', '/home/ultimate/invspec/mcode/eigencostSH.m', 37)" style="font-weight:bold">eigencostSH</a> (<a href="matlab: opentoline('/home/ultimate/invspec/mcode/eigencostSH.m',37,0)">line 37</a>)
    parfor j = 1:numa % iterate relevant conformal factor
In <a href="matlab:matlab.internal.language.introspective.errorDocCallback('mainSH>@(a)eigencostSH(a,D_T,numeig)', '/home/ultimate/invspec/mcode/mainSH.m', 127)" style="font-weight:bold">mainSH>@(a)eigencostSH(a,D_T,numeig)</a> (<a href="matlab: opentoline('/home/ultimate/invspec/mcode/mainSH.m',127,0)">line 127</a>)
  test = @(a) eigencostSH(a,D_T,numeig);
In lineSearch>sectioningPhase (line 315)


In lineSearch (line 72)


In <a href="matlab:matlab.internal.language.introspective.errorDocCallback('fminusub', '/usr/local/MATLAB/R2015a/toolbox/optim/optim/private/fminusub.m', 202)" style="font-weight:bold">fminusub</a> (<a href="matlab: opentoline('/usr/local/MATLAB/R2015a/toolbox/optim/optim/private/fminusub.m',202,0)">line 202</a>)
    [alpha,f,grad,exitflagLnSrch,funcCountLnSrch,faultTolStruct] = ...
In <a href="matlab:matlab.internal.language.introspective.errorDocCallback('fminunc', '/usr/local/MATLAB/R2015a/toolbox/optim/optim/fminunc.m', 445)" style="font-weight:bold">fminunc</a> (<a href="matlab: opentoline('/usr/local/MATLAB/R2015a/toolbox/optim/optim/fminunc.m',445,0)">line 445</a>)
   [x,FVAL,GRAD,HESSIAN,EXITFLAG,OUTPUT] = fminusub(funfcn,x, ...
In <a href="matlab:matlab.internal.language.introspective.errorDocCallback('mainSH', '/home/ultimate/invspec/mcode/mainSH.m', 130)" style="font-weight:bold">mainSH</a> (<a href="matlab: opentoline('/home/ultimate/invspec/mcode/mainSH.m',130,0)">line 130</a>)
  [a,J_hist] = fminunc(test,a0,options);
In <a href="matlab:matlab.internal.language.introspective.errorDocCallback('test_scriptSH', '/home/ultimate/invspec/mcode/test_scriptSH.m', 73)" style="font-weight:bold">test_scriptSH</a> (<a href="matlab: opentoline('/home/ultimate/invspec/mcode/test_scriptSH.m',73,0)">line 73</a>)
  [v,v_T,v_end,f,f_T,s_end,s_T,J_hist,Jc_hist,...} 
