
Wait while particle positions are being optimized ...
Iteration #     Net Energy      Time (sec)     
0               280811.409169   0.2            
50              265872.181246   4.6            
100             265865.657765   9.2            
150             265864.223090   13.7           
200             265863.837133   18.1           
250             265863.648167   22.6           
300             265863.565692   27.1           
350             265863.409465   31.5           
400             265863.303503   35.9           
450             265863.234867   40.4           
500             265863.182015   44.7           
550             265862.865858   49.2           
600             265862.767465   53.6           
650             265862.713460   58.3           
700             265862.647863   62.7           
750             265862.599743   67.1           
800             265862.584565   71.4           
850             265862.579123   75.9           
888             265862.577360   79.3           
Optimization completed after 888 iterations. Elapsed time:  79.3 sec
                                                        First-order 
 Iteration  Func-count       f(x)        Step-size       optimality
     0           1          22.1828                         0.206
     1           2          6.13571              1           0.12  
     2           3          4.32344              1          0.163  
     3           4          2.34382              1         0.0427  
     4           5           2.0391              1         0.0405  
     5           7          1.73385       0.587421         0.0301  
     6           8          1.68426              1         0.0258  
     7           9          1.56749              1         0.0303  
     8          10          1.53231              1         0.0288  
     9          11          1.46524              1         0.0328  
    10          12          1.43715              1         0.0359  
    11          13          1.40868              1          0.045  
    12          14          1.36183              1          0.108  

fminunc stopped by the <a href = "matlab: helpview([docroot '/toolbox/optim/msg_csh/optim_msg_csh.map'],'output_function','CSHelpWindow');">output or plot function</a>.

refined mesh by to high conformal factor, continue? Y/N [Y]: 
                                                        First-order 
 Iteration  Func-count       f(x)        Step-size       optimality
     0           1          20.6673                         0.198
     1           2           5.7533              1          0.113  
     2           3          3.79526              1          0.136  
     3           4          1.93961              1         0.0309  
     4           5          1.72551              1         0.0298  
     5           6          1.47405              1         0.0291  
     6           7           1.4209              1         0.0192  
     7           8           1.3626              1         0.0164  
     8           9           1.3172              1         0.0249  
     9          10          1.25089              1         0.0306  
    10          11          1.18136              1         0.0278  
    11          12          1.10083              1         0.0241  
    12          13          1.05973              1         0.0171  
    13          14          1.01271              1         0.0156  
    14          15         0.986641              1          0.016  
    15          16         0.967947              1          0.013  
    16          17         0.953803              1         0.0164  
    17          18         0.943982              1         0.0139  
    18          19         0.933709              1         0.0107  
    19          20         0.924143              1        0.00786  
                                                        First-order 
 Iteration  Func-count       f(x)        Step-size       optimality
    20          21         0.918211              1        0.00768  
    21          22         0.908509              1        0.00935  
    22          23         0.902958              1        0.00906  
    23          24         0.895929              1        0.00734  
    24          25         0.891526              1        0.00697  
    25          26         0.887536              1        0.00456  
    26          27         0.884093              1         0.0125  
    27          29         0.881404       0.244758        0.00802  
    28          30         0.878904              1        0.00628  
    29          31         0.874421              1        0.00539  
    30          32         0.871896              1         0.0054  
    31          33          0.86948              1        0.00498  
    32          34         0.867139              1        0.00836  
    33          36         0.864263       0.469374        0.00783  

fminunc stopped by the <a href = "matlab: helpview([docroot '/toolbox/optim/msg_csh/optim_msg_csh.map'],'output_function','CSHelpWindow');">output or plot function</a>.

refined mesh by to high conformal factor, continue? Y/N [Y]: 
                                                        First-order 
 Iteration  Func-count       f(x)        Step-size       optimality
     0           1          19.7454                         0.195
     1           2          5.56494              1          0.112  
     2           3          3.58503              1          0.129  
     3           4          1.78718              1         0.0254  
     4           5          1.61441              1         0.0275  
     5           6          1.39881              1         0.0349  
     6           7          1.34971              1         0.0437  
     7           8          1.29394              1         0.0393  
     8           9          1.25211              1         0.0204  
     9          10          1.16713              1         0.0348  
    10          11          1.10282              1         0.0564  
    11          12          1.05864              1         0.0367  
    12          13          1.00659              1         0.0147  
    13          14         0.955949              1         0.0536  
    14          15         0.917925              1         0.0331  
    15          16         0.885702              1          0.027  
    16          17         0.843074              1         0.0298  
    17          18         0.821662              1         0.0239  
    18          19         0.790463              1         0.0196  
    19          20          0.77071              1         0.0213  
                                                        First-order 
 Iteration  Func-count       f(x)        Step-size       optimality
    20          21         0.758283              1         0.0226  
    21          22         0.746532              1         0.0253  
    22          23         0.736528              1          0.021  
    23          24         0.728468              1         0.0133  
    24          25         0.720589              1         0.0105  
    25          26         0.713814              1         0.0103  
    26          27         0.709984              1        0.00713  
    27          28         0.706048              1        0.00987  
    28          29         0.703237              1         0.0109  
    29          30         0.700177              1        0.00523  
    30          31         0.698038              1        0.00936  
    31          32         0.696356              1        0.00323  
    32          33         0.694527              1        0.00388  
    33          34          0.69323              1        0.00673  
    34          37         0.691991       0.023601        0.00643  
    35          38         0.690853              1        0.00568  
    36          39         0.689119              1        0.00438  
    37          40         0.688186              1        0.00388  
    38          41         0.687229              1        0.00506  
    39          43         0.686309       0.445293        0.00412  

fminunc stopped by the <a href = "matlab: helpview([docroot '/toolbox/optim/msg_csh/optim_msg_csh.map'],'output_function','CSHelpWindow');">output or plot function</a>.

refined mesh by to high conformal factor, continue? Y/N [Y]: 
                                                        First-order 
 Iteration  Func-count       f(x)        Step-size       optimality
     0           1          19.0365                         0.194
     1           2          5.44767              1          0.112  
     2           3          3.44301              1          0.118  
     3           4          1.70548              1         0.0513  
     4           5          1.55273              1          0.092  
     5           6           1.4939              1          0.432  
     6           7          1.32364              1           0.11  
     7           8            1.281              1         0.0537  
     8           9          1.23878              1         0.0236  
     9          10          1.18253              1         0.0743  
    10          11          1.12316              1         0.0809  
    11          12          1.05855              1         0.0421  
    12          13         0.977173              1         0.0301  
    13          14         0.925312              1         0.0451  
    14          15         0.873393              1          0.037  
    15          16         0.837632              1         0.0212  
    16          17         0.807176              1         0.0313  
    17          18         0.788069              1         0.0281  
    18          19         0.773218              1         0.0191  
    19          20         0.755399              1         0.0258  
                                                        First-order 
 Iteration  Func-count       f(x)        Step-size       optimality
    20          21         0.744088              1         0.0208  
    21          22         0.725874              1         0.0134  
    22          23         0.712863              1         0.0137  
    23          24         0.699184              1         0.0151  
    24          25         0.684495              1        0.00972  
    25          26         0.672774              1        0.00827  
    26          27         0.664136              1         0.0105  
    27          28         0.657288              1        0.00748  
    28          29         0.651621              1          0.011  
    29          30         0.646938              1        0.00754  
    30          31         0.642746              1        0.00558  
    31          32         0.638105              1         0.0049  
    32          33          0.63486              1        0.00673  
    33          34          0.63189              1        0.00645  
    34          35         0.629091              1        0.00628  
    35          36         0.626896              1        0.00556  
    36          37         0.624723              1        0.00434  
    37          38         0.623009              1        0.00402  
    38          39         0.621464              1        0.00588  
    39          40         0.620241              1        0.00739  
                                                        First-order 
 Iteration  Func-count       f(x)        Step-size       optimality
    40          41          0.61912              1        0.00363  
    41          42         0.618378              1        0.00278  
    42          43          0.61764              1        0.00239  
    43          44         0.617113              1        0.00264  
    44          45         0.616667              1        0.00204  
    45          46         0.616297              1        0.00127  
    46          47         0.615975              1         0.0021  
    47          48         0.615226              1        0.00413  
    48          49         0.614649              1        0.00341  
    49          50         0.613289              1        0.00355  
    50          51         0.612646              1         0.0139  
    51          54         0.612373      0.0305752         0.0069  
    52          55         0.611584              1        0.00564  
    53          56         0.610207              1        0.00588  
    54          57         0.609611              1        0.00371  
    55          58         0.608957              1        0.00341  

fminunc stopped by the <a href = "matlab: helpview([docroot '/toolbox/optim/msg_csh/optim_msg_csh.map'],'output_function','CSHelpWindow');">output or plot function</a>.

refined mesh by to high conformal factor, continue? Y/N [Y]: 
n
                                                        First-order 
 Iteration  Func-count       f(x)        Step-size       optimality
     0           1         0.655732                        0.0277
     1           2         0.629905              1         0.0169  
     2           3         0.624236              1           0.01  
     3           4          0.62058              1        0.00503  
     4           5          0.61888              1        0.00443  
     5           6         0.617751              1        0.00417  
     6           7         0.616488              1        0.00353  
     7           8         0.615343              1        0.00427  
     8           9         0.614264              1        0.00469  
     9          10         0.613352              1         0.0079  
    10          11         0.612294              1        0.00648  
    11          12         0.611483              1        0.00394  
    12          13         0.610362              1        0.00344  
    13          14         0.609738              1        0.00454  
    14          15         0.608959              1         0.0087  
    15          16         0.608137              1        0.00722  
    16          17         0.607067              1        0.00364  
    17          18         0.606253              1        0.00433  
    18          19         0.605642              1        0.00307  
    19          20         0.605111              1        0.00241  
                                                        First-order 
 Iteration  Func-count       f(x)        Step-size       optimality
    20          21         0.604721              1        0.00212  
    21          22         0.604314              1        0.00299  
    22          23         0.604073              1        0.00259  
    23          24         0.603815              1        0.00247  
    24          25         0.603632              1         0.0017  
    25          26          0.60347              1        0.00127  
    26          27         0.603341              1         0.0014  
    27          28         0.603235              1        0.00129  
    28          29         0.603137              1        0.00134  
    29          30         0.603066              1        0.00136  
    30          31         0.602994              1        0.00116  
    31          32         0.602946              1       0.000673  
    32          33           0.6029              1       0.000799  
    33          34         0.602862              1       0.000721  
    34          35         0.602825              1       0.000565  
    35          36         0.602788              1       0.000699  
    36          37         0.602722              1        0.00118  
    37          38         0.602661              1        0.00137  
    38          39         0.602579              1        0.00142  
    39          40         0.602444              1        0.00123  
                                                        First-order 
 Iteration  Func-count       f(x)        Step-size       optimality
    40          41         0.602374              1        0.00122  
    41          42         0.602288              1        0.00107  
    42          43         0.602228              1        0.00078  
    43          44         0.602173              1         0.0007  
    44          45         0.602133              1       0.000667  
    45          46         0.602091              1       0.000632  
    46          47         0.602066              1       0.000539  
    47          48         0.602032              1       0.000516  
    48          49         0.602013              1       0.000479  
    49          50         0.601993              1       0.000406  
    50          51         0.601977              1       0.000318  
    51          52         0.601963              1       0.000435  
    52          53         0.601951              1       0.000412  
    53          54          0.60194              1       0.000357  
    54          55         0.601932              1       0.000348  
    55          56         0.601923              1       0.000322  
    56          57         0.601918              1       0.000265  
    57          58         0.601913              1       0.000187  
    58          59         0.601909              1       0.000177  
    59          60         0.601906              1       0.000227  
                                                        First-order 
 Iteration  Func-count       f(x)        Step-size       optimality
    60          61         0.601903              1       0.000214  
    61          62         0.601901              1       0.000242  
    62          63         0.601897              1       0.000368  
    63          64         0.601895              1        0.00032  
    64          65         0.601892              1       0.000286  
    65          66         0.601888              1       0.000206  
    66          67         0.601886              1       0.000152  
    67          68         0.601884              1       0.000172  
    68          69         0.601882              1       0.000173  
    69          70         0.601881              1       0.000153  
    70          71          0.60188              1       0.000116  
    71          72         0.601879              1       0.000109  
    72          73         0.601878              1       0.000114  
    73          74         0.601876              1       0.000116  
    74          75         0.601876              1        9.8e-05  
    75          76         0.601875              1       0.000111  
    76          77         0.601874              1       0.000116  
    77          78         0.601873              1       0.000109  
    78          79         0.601872              1       0.000102  
    79          80         0.601871              1        9.8e-05  
                                                        First-order 
 Iteration  Func-count       f(x)        Step-size       optimality
    80          81          0.60187              1       9.69e-05  
    81          82         0.601869              1       8.07e-05  
    82          83         0.601868              1       7.51e-05  
    83          84         0.601868              1       7.05e-05  
    84          85         0.601867              1       7.64e-05  
    85          86         0.601867              1          7e-05  
    86          87         0.601866              1       5.77e-05  
    87          88         0.601866              1       6.32e-05  
    88          89         0.601866              1       5.48e-05  
    89          90         0.601865              1       5.11e-05  
    90          91         0.601865              1       4.79e-05  
    91          92         0.601865              1       4.76e-05  
    92          93         0.601865              1       3.93e-05  
    93          94         0.601865              1       3.01e-05  
    94          95         0.601865              1       2.44e-05  
    95          96         0.601865              1       2.82e-05  
    96          97         0.601864              1       2.68e-05  
    97          98         0.601864              1       1.75e-05  
    98          99         0.601864              1       1.64e-05  
    99         100         0.601864              1       2.11e-05  
                                                        First-order 
 Iteration  Func-count       f(x)        Step-size       optimality
   100         101         0.601864              1       2.07e-05  
   101         102         0.601864              1       1.55e-05  
   102         103         0.601864              1       1.57e-05  
   103         104         0.601864              1       1.27e-05  
   104         105         0.601864              1        1.1e-05  
   105         106         0.601864              1       9.63e-06  
   106         107         0.601864              1       1.17e-05  
   107         108         0.601864              1       1.17e-05  
   108         109         0.601864              1       1.06e-05  
   109         110         0.601864              1       7.24e-06  
   110         111         0.601864              1       8.13e-06  
   111         112         0.601864              1       9.05e-06  
   112         113         0.601864              1          9e-06  
   113         114         0.601864              1       5.45e-06  
   114         115         0.601864              1        5.7e-06  
   115         116         0.601864              1       5.18e-06  
   116         117         0.601864              1        4.1e-06  
   117         118         0.601864              1       3.36e-06  
   118         119         0.601864              1       3.74e-06  
   119         120         0.601864              1       3.59e-06  
                                                        First-order 
 Iteration  Func-count       f(x)        Step-size       optimality
   120         121         0.601864              1       2.93e-06  
   121         122         0.601864              1        2.7e-06  
   122         123         0.601864              1       2.89e-06  
   123         124         0.601864              1       2.85e-06  
   124         125         0.601864              1       1.97e-06  
   125         126         0.601864              1       1.96e-06  
   126         127         0.601864              1       1.81e-06  
   127         128         0.601864              1       1.69e-06  
   128         129         0.601864              1       1.53e-06  
   129         130         0.601864              1       1.23e-06  
   130         131         0.601864              1       1.36e-06  
   131         132         0.601864              1       1.52e-06  
   132         133         0.601864              1       1.22e-06  
   133         134         0.601864              1       9.57e-07  
   134         135         0.601864              1       1.11e-06  
   135         136         0.601864              1       1.03e-06  
   136         137         0.601864              1       1.01e-06  
   137         138         0.601864              1       7.49e-07  
   138         139         0.601864              1       9.59e-07  
   139         140         0.601864              1       8.31e-07  
                                                        First-order 
 Iteration  Func-count       f(x)        Step-size       optimality
   140         141         0.601864              1       7.96e-07  
   141         142         0.601864              1       5.74e-07  
   142         143         0.601864              1       7.02e-07  
   143         144         0.601864              1       7.21e-07  
   144         145         0.601864              1       6.14e-07  
   145         146         0.601864              1       4.56e-07  
   146         147         0.601864              1       5.26e-07  
   147         148         0.601864              1       5.34e-07  
   148         149         0.601864              1       4.54e-07  
   149         150         0.601864              1       3.95e-07  
   150         151         0.601864              1       3.23e-07  
   151         152         0.601864              1       4.41e-07  
   152         153         0.601864              1       3.68e-07  
   153         154         0.601864              1       2.82e-07  
   154         155         0.601864              1       4.23e-07  
   155         156         0.601864              1       3.79e-07  
   156         157         0.601864              1       3.19e-07  
   157         158         0.601864              1       2.53e-07  
   158         159         0.601864              1       2.41e-07  
   159         160         0.601864              1       2.66e-07  
                                                        First-order 
 Iteration  Func-count       f(x)        Step-size       optimality
   160         161         0.601864              1        2.3e-07  
   161         162         0.601864              1       1.99e-07  
   162         163         0.601864              1       2.18e-07  
   163         164         0.601864              1       2.27e-07  
   164         165         0.601864              1       1.75e-07  
   165         166         0.601864              1       1.58e-07  
   166         167         0.601864              1        1.4e-07  
   167         168         0.601864              1       1.65e-07  
   168         169         0.601864              1       1.53e-07  
   169         170         0.601864              1       1.16e-07  
   170         171         0.601864              1       8.81e-08  
   171         172         0.601864              1       1.11e-07  
   172         173         0.601864              1       1.08e-07  
   173         174         0.601864              1       1.06e-07  
   174         175         0.601864              1       9.21e-08  
   175         176         0.601864              1       1.01e-07  
   176         177         0.601864              1       7.33e-08  
   177         178         0.601864              1       5.77e-08  
   178         179         0.601864              1       4.88e-08  
   179         180         0.601864              1       5.61e-08  
                                                        First-order 
 Iteration  Func-count       f(x)        Step-size       optimality
   180         181         0.601864              1       4.29e-08  
   181         182         0.601864              1       5.36e-08  
   182         183         0.601864              1          5e-08  
   183         184         0.601864              1       5.27e-08  
   184         185         0.601864              1       3.42e-08  
   185         186         0.601864              1       2.98e-08  
   186         187         0.601864              1       2.99e-08  
   187         188         0.601864              1       2.68e-08  
   188         189         0.601864              1       2.65e-08  
   189         190         0.601864              1       2.24e-08  
   190         191         0.601864              1       1.98e-08  
   191         192         0.601864              1       1.91e-08  
   192         193         0.601864              1       1.53e-08  
   193         194         0.601864              1        1.3e-08  
   194         195         0.601864              1       1.55e-08  
   195         196         0.601864              1       1.65e-08  
   196         197         0.601864              1       1.29e-08  
   197         198         0.601864              1       1.08e-08  
   198         199         0.601864              1       8.85e-09  

Optimization completed: The <a href = "matlab: helpview([docroot '/toolbox/optim/msg_csh/optim_msg_csh.map'],'first_order_opt_unc','CSHelpWindow');">first-order optimality measure</a>, 8.609145e-09, is less 
than <a href = "matlab: helpview([docroot '/toolbox/optim/msg_csh/optim_msg_csh.map'],'tolfun','CSHelpWindow');">options.TolFun</a> = 1.000000e-08.

Optimization Metric                                            Options
relative norm(gradient) =   8.61e-09                  TolFun =   1e-08 (selected)

                                                        First-order 
 Iteration  Func-count       f(x)        Step-size       optimality
     0           1         0.601864                      8.85e-09

Optimization completed: The final point is the initial point.
The <a href = "matlab: helpview([docroot '/toolbox/optim/msg_csh/optim_msg_csh.map'],'first_order_opt_unc','CSHelpWindow');">first-order optimality measure</a>, 8.847814e-09, is less than
<a href = "matlab: helpview([docroot '/toolbox/optim/msg_csh/optim_msg_csh.map'],'tolfun','CSHelpWindow');">options.TolFun</a> = 1.000000e-08.

Optimization Metric                                    Options
relative first-order optimality =   8.85e-09  TolFun =   1e-08 (selected)

[Warning: Error creating or updating Patch
 Error in value of property  <a href="matlab:helpUtils.reference.showPropertyHelp('matlab.graphics.primitive.Patch','FaceVertexCData');")">FaceVertexCData</a>
 Number of colors must equal number of vertices] 
[> In <a href="matlab:matlab.internal.language.introspective.errorDocCallback('defaulterrorcallback', '/usr/local/MATLAB/R2015a/toolbox/matlab/graphics/defaulterrorcallback.m', 12)" style="font-weight:bold">defaulterrorcallback</a> (<a href="matlab: opentoline('/usr/local/MATLAB/R2015a/toolbox/matlab/graphics/defaulterrorcallback.m',12,0)">line 12</a>)
  In <a href="matlab:matlab.internal.language.introspective.errorDocCallback('main', '/home/ultimate/invspec/mcode/main.m', 192)" style="font-weight:bold">main</a> (<a href="matlab: opentoline('/home/ultimate/invspec/mcode/main.m',192,0)">line 192</a>)
  In <a href="matlab:matlab.internal.language.introspective.errorDocCallback('test_script', '/home/ultimate/invspec/mcode/test_script.m', 76)" style="font-weight:bold">test_script</a> (<a href="matlab: opentoline('/home/ultimate/invspec/mcode/test_script.m',76,0)">line 76</a>)] 
Continue optimization? Y/N [Y]: 
                                                        First-order 
 Iteration  Func-count       f(x)        Step-size       optimality
     0           1        0.0585904                       0.00462
     1           3        0.0478314             10        0.00646  
     2           4        0.0429245              1         0.0175  
     3           5        0.0360451              1        0.00247  
     4           6        0.0311197              1        0.00302  
     5           7        0.0253057              1         0.0111  
     6           8        0.0207818              1        0.00278  
     7           9        0.0151506              1        0.00596  
     8          10        0.0117011              1        0.00331  
     9          11       0.00921564              1        0.00423  
    10          12       0.00676047              1        0.00178  
    11          13       0.00545433              1        0.00152  
    12          14       0.00431162              1        0.00191  
    13          15       0.00361133              1        0.00148  
    14          16       0.00299137              1       0.000962  
    15          17       0.00258566              1       0.000885  
    16          18       0.00219543              1       0.000795  
    17          19       0.00188751              1       0.000946  
    18          20       0.00165203              1       0.000617  
    19          21       0.00147108              1       0.000492  
                                                        First-order 
 Iteration  Func-count       f(x)        Step-size       optimality
    20          22       0.00132162              1       0.000591  
    21          23       0.00119907              1        0.00053  
    22          24       0.00109722              1       0.000361  
    23          25       0.00101516              1       0.000378  
    24          26      0.000942635              1       0.000442  
    25          27      0.000875441              1       0.000407  
    26          28      0.000816346              1       0.000253  
    27          29       0.00076604              1       0.000263  
    28          30      0.000722975              1       0.000308  
    29          31      0.000683446              1       0.000316  
    30          32      0.000645142              1       0.000234  
    31          33      0.000610372              1       0.000178  
    32          34      0.000578988              1       0.000199  
    33          35       0.00054929              1       0.000199  
    34          36      0.000519744              1       0.000173  
    35          37       0.00048973              1       0.000206  
    36          38      0.000460541              1       0.000234  
    37          39      0.000432689              1       0.000236  
    38          40      0.000406088              1       0.000198  
    39          41      0.000381137              1       0.000186  
                                                        First-order 
 Iteration  Func-count       f(x)        Step-size       optimality
    40          42      0.000359559              1       0.000201  
    41          43       0.00033899              1       0.000199  
    42          44      0.000319373              1       0.000158  
    43          45       0.00029614              1       0.000143  
    44          46      0.000280555              1       0.000195  
    45          47      0.000262806              1       0.000177  
    46          48      0.000248432              1       0.000166  
    47          49      0.000233702              1       0.000148  
    48          50       0.00022199              1       0.000111  
    49          51      0.000210777              1       0.000112  
    50          52      0.000201676              1       0.000106  
    51          53      0.000192206              1       0.000111  
    52          54       0.00018384              1       0.000108  
    53          55       0.00017515              1       0.000109  
    54          56      0.000167173              1       0.000107  
    55          57      0.000158985              1       8.83e-05  
    56          58      0.000151551              1       0.000107  
    57          59      0.000144118              1       0.000103  
    58          60      0.000137502              1       9.78e-05  
    59          61      0.000130799              1       0.000108  
                                                        First-order 
 Iteration  Func-count       f(x)        Step-size       optimality
    60          62      0.000124823              1       8.97e-05  
    61          63      0.000118822              1       8.42e-05  
    62          64      0.000113577              1        7.4e-05  
    63          65      0.000108323              1       6.79e-05  
    64          66       0.00010374              1       6.66e-05  
    65          67      9.91441e-05              1       8.02e-05  
    66          68      9.51598e-05              1       6.21e-05  
    67          69      9.13023e-05              1       6.36e-05  
    68          70      8.78936e-05              1       6.94e-05  
    69          71      8.43089e-05              1       7.89e-05  
    70          72      8.09759e-05              1       8.79e-05  
    71          73      7.76757e-05              1       7.28e-05  
    72          74      7.48712e-05              1       7.77e-05  
    73          75      7.20487e-05              1       5.76e-05  
    74          76      6.94699e-05              1       5.09e-05  
    75          77      6.69449e-05              1       5.23e-05  
    76          78      6.48051e-05              1       5.32e-05  
    77          79      6.27254e-05              1       6.07e-05  
    78          80      6.07724e-05              1        6.6e-05  
    79          81      5.86804e-05              1       6.24e-05  
                                                        First-order 
 Iteration  Func-count       f(x)        Step-size       optimality
    80          82      5.66966e-05              1       5.15e-05  
    81          83      5.46502e-05              1       5.68e-05  
    82          84      5.26714e-05              1          5e-05  
    83          85       5.0587e-05              1       6.85e-05  
    84          86      4.86793e-05              1       5.62e-05  
    85          87      4.68127e-05              1        5.9e-05  
    86          88      4.50882e-05              1       6.33e-05  
    87          89      4.33004e-05              1       6.05e-05  
    88          90      4.16105e-05              1       5.96e-05  
    89          91       3.9901e-05              1        4.1e-05  
    90          92      3.82941e-05              1       4.15e-05  
    91          93      3.66304e-05              1       5.27e-05  
    92          94      3.51193e-05              1       5.73e-05  
    93          95       3.3684e-05              1       3.92e-05  
    94          96      3.24436e-05              1       5.19e-05  
    95          97      3.12013e-05              1        4.5e-05  
    96          98      3.00343e-05              1        5.7e-05  
    97          99       2.8873e-05              1       4.18e-05  
    98         100      2.78382e-05              1       3.12e-05  
    99         101      2.68293e-05              1       3.17e-05  
                                                        First-order 
 Iteration  Func-count       f(x)        Step-size       optimality
   100         102      2.58836e-05              1       4.36e-05  
   101         103      2.49084e-05              1       3.65e-05  
   102         104       2.4006e-05              1       4.24e-05  
   103         105       2.3121e-05              1       3.84e-05  
   104         106      2.23096e-05              1       3.09e-05  
   105         107      2.15342e-05              1       2.77e-05  
   106         108       2.0797e-05              1       3.24e-05  
   107         109      2.00488e-05              1       3.19e-05  
   108         110       1.9321e-05              1       3.73e-05  
   109         111      1.86034e-05              1       3.49e-05  
   110         112      1.79094e-05              1       2.95e-05  
   111         113      1.71695e-05              1       3.02e-05  
   112         114      1.65601e-05              1       2.81e-05  
   113         115      1.59278e-05              1       2.76e-05  
   114         116      1.53571e-05              1       2.43e-05  
   115         117      1.48157e-05              1       2.29e-05  
   116         118      1.43055e-05              1       2.59e-05  
   117         119       1.3817e-05              1       2.48e-05  
   118         120      1.33538e-05              1       2.26e-05  
   119         121      1.29207e-05              1       1.89e-05  
                                                        First-order 
 Iteration  Func-count       f(x)        Step-size       optimality
   120         122      1.24975e-05              1       2.21e-05  
   121         123      1.21013e-05              1       2.04e-05  
   122         124      1.17319e-05              1       2.01e-05  
   123         125      1.14044e-05              1       2.23e-05  
   124         126      1.10815e-05              1       2.19e-05  
   125         127      1.07699e-05              1       2.71e-05  
   126         128      1.04588e-05              1        2.4e-05  
   127         129       1.0171e-05              1       2.46e-05  
   128         130      9.88951e-06              1       2.23e-05  
   129         131      9.61091e-06              1       2.12e-05  
   130         132      9.33403e-06              1       1.88e-05  
   131         133      9.06773e-06              1       2.15e-05  
   132         134      8.80644e-06              1       2.32e-05  
   133         135      8.54641e-06              1        2.4e-05  
   134         136      8.28844e-06              1        2.2e-05  
   135         137      8.03624e-06              1       2.06e-05  
   136         138       7.7911e-06              1       1.86e-05  
   137         139      7.54972e-06              1       1.39e-05  
   138         140      7.31707e-06              1       1.52e-05  
   139         141      7.09524e-06              1       1.38e-05  
                                                        First-order 
 Iteration  Func-count       f(x)        Step-size       optimality
   140         142      6.88882e-06              1        1.6e-05  
   141         143      6.69112e-06              1       1.63e-05  
   142         144      6.50308e-06              1       1.59e-05  
   143         145      6.31431e-06              1       1.51e-05  
   144         146      6.13454e-06              1       1.43e-05  
   145         147      5.96668e-06              1       1.36e-05  
   146         148      5.79846e-06              1       1.23e-05  
   147         149      5.63331e-06              1        1.4e-05  
   148         150      5.47259e-06              1        1.2e-05  
   149         151       5.3142e-06              1       1.32e-05  
   150         152      5.15883e-06              1       1.19e-05  
   151         153      5.01058e-06              1        1.1e-05  
   152         154      4.87191e-06              1       1.14e-05  
   153         155      4.73952e-06              1        1.3e-05  
   154         156       4.6111e-06              1       1.35e-05  
   155         157      4.48672e-06              1       1.48e-05  
   156         158      4.36834e-06              1       1.51e-05  
   157         159      4.25073e-06              1       1.53e-05  
   158         160      4.13063e-06              1        1.5e-05  
   159         161      4.00706e-06              1        1.2e-05  
                                                        First-order 
 Iteration  Func-count       f(x)        Step-size       optimality
   160         162      3.89037e-06              1       1.07e-05  
   161         163      3.78176e-06              1       1.05e-05  
   162         164      3.68216e-06              1       9.07e-06  
   163         165      3.58711e-06              1       8.84e-06  
   164         166      3.49716e-06              1       8.34e-06  
   165         167      3.41157e-06              1       9.12e-06  
   166         168      3.33134e-06              1        9.4e-06  
   167         169      3.25588e-06              1       8.06e-06  
   168         170      3.18514e-06              1          8e-06  
   169         171       3.1183e-06              1       6.94e-06  
   170         172      3.05526e-06              1       7.64e-06  
   171         173      2.99602e-06              1       8.04e-06  
   172         174       2.9406e-06              1       7.87e-06  
   173         175      2.88765e-06              1       7.51e-06  
   174         176      2.83616e-06              1        7.3e-06  
   175         177      2.78553e-06              1       6.24e-06  
   176         178      2.73661e-06              1       7.04e-06  
   177         179      2.68868e-06              1       6.72e-06  
   178         180      2.64153e-06              1       6.96e-06  
   179         181      2.59433e-06              1       6.98e-06  
                                                        First-order 
 Iteration  Func-count       f(x)        Step-size       optimality
   180         182       2.5491e-06              1       6.94e-06  
   181         183      2.50582e-06              1          6e-06  
   182         184      2.46474e-06              1          6e-06  
   183         185      2.42472e-06              1        6.6e-06  
   184         186      2.38652e-06              1       5.32e-06  
   185         187      2.35071e-06              1       5.21e-06  
   186         188      2.31747e-06              1       5.01e-06  
   187         189      2.28553e-06              1       5.83e-06  
   188         190      2.25402e-06              1       5.36e-06  
   189         191      2.22249e-06              1       4.84e-06  
   190         192      2.19113e-06              1       5.91e-06  
   191         193      2.15994e-06              1       6.69e-06  
   192         194      2.12914e-06              1       5.54e-06  
   193         195      2.09879e-06              1       5.13e-06  
   194         196      2.06892e-06              1       4.78e-06  
   195         197      2.03915e-06              1       5.54e-06  
   196         198      2.00948e-06              1       5.28e-06  
   197         199      1.98007e-06              1       6.04e-06  
   198         200      1.95129e-06              1       6.44e-06  
   199         201      1.92301e-06              1       6.53e-06  
                                                        First-order 
 Iteration  Func-count       f(x)        Step-size       optimality
   200         202      1.89518e-06              1       5.52e-06  
   201         203      1.86747e-06              1        4.4e-06  
   202         204      1.83988e-06              1       4.63e-06  
   203         205      1.81175e-06              1        4.7e-06  
   204         206      1.78333e-06              1        5.4e-06  
   205         207      1.75466e-06              1       4.74e-06  
   206         208      1.72696e-06              1       4.31e-06  
   207         209      1.69971e-06              1       4.96e-06  
   208         210      1.67318e-06              1        5.5e-06  
   209         211       1.6472e-06              1       4.71e-06  
   210         212      1.62316e-06              1       4.75e-06  
   211         213      1.60088e-06              1       3.74e-06  
   212         214      1.57997e-06              1       4.29e-06  
   213         215      1.55939e-06              1       4.47e-06  
   214         216      1.53935e-06              1       4.51e-06  
   215         217       1.5198e-06              1       4.06e-06  
   216         218      1.50075e-06              1       4.24e-06  
   217         219      1.48149e-06              1       3.92e-06  
   218         220      1.46222e-06              1       4.59e-06  
   219         221      1.44306e-06              1        4.2e-06  
                                                        First-order 
 Iteration  Func-count       f(x)        Step-size       optimality
   220         222      1.42451e-06              1       4.29e-06  
   221         223      1.40579e-06              1       3.75e-06  
   222         224       1.3869e-06              1       3.78e-06  
   223         225      1.36795e-06              1       3.73e-06  
   224         226      1.34979e-06              1       3.82e-06  
   225         227      1.33227e-06              1       3.52e-06  
   226         228       1.3153e-06              1       3.57e-06  
   227         229      1.29867e-06              1        4.2e-06  
   228         230      1.28278e-06              1       3.27e-06  
   229         231       1.2676e-06              1       3.57e-06  
   230         232      1.25305e-06              1       3.99e-06  
   231         233      1.23882e-06              1       3.33e-06  
   232         234      1.22498e-06              1       3.37e-06  
   233         235      1.21137e-06              1       3.38e-06  
   234         236       1.1978e-06              1       3.55e-06  
   235         237      1.18396e-06              1       3.94e-06  
   236         238         1.17e-06              1       3.57e-06  
   237         239      1.15604e-06              1       3.51e-06  
   238         240      1.14223e-06              1       3.36e-06  
   239         241      1.12845e-06              1       3.27e-06  
                                                        First-order 
 Iteration  Func-count       f(x)        Step-size       optimality
   240         242      1.11488e-06              1       3.52e-06  
   241         243      1.10169e-06              1       3.06e-06  
   242         244      1.08908e-06              1       3.04e-06  
   243         245      1.07676e-06              1       3.25e-06  
   244         246      1.06463e-06              1       3.41e-06  
   245         247       1.0526e-06              1       3.43e-06  
   246         248        1.041e-06              1       3.67e-06  
   247         249      1.02976e-06              1       2.74e-06  
   248         250      1.01871e-06              1       3.29e-06  
   249         251      1.00754e-06              1       3.19e-06  
   250         252      9.96334e-07              1       2.65e-06  
   251         253      9.85348e-07              1       3.18e-06  
   252         254      9.74911e-07              1       2.92e-06  
   253         255      9.65033e-07              1       2.94e-06  
   254         256      9.55602e-07              1       2.51e-06  
   255         257      9.46345e-07              1       2.56e-06  
   256         258      9.37124e-07              1       2.67e-06  
   257         259      9.27817e-07              1       2.92e-06  
   258         260      9.18498e-07              1       2.77e-06  
   259         261      9.09207e-07              1       2.65e-06  
                                                        First-order 
 Iteration  Func-count       f(x)        Step-size       optimality
   260         262       9.0007e-07              1       2.76e-06  
   261         263      8.91043e-07              1        2.9e-06  
   262         264      8.82179e-07              1       2.67e-06  
   263         265      8.73393e-07              1       2.38e-06  
   264         266      8.64715e-07              1       2.64e-06  
   265         267      8.56014e-07              1       2.61e-06  
   266         268      8.47335e-07              1       2.65e-06  
   267         269      8.38697e-07              1        2.5e-06  
   268         270      8.30264e-07              1       2.64e-06  
   269         271      8.21985e-07              1       2.56e-06  
   270         272      8.13787e-07              1       2.55e-06  
   271         273      8.05561e-07              1       2.55e-06  
   272         274      7.97513e-07              1       2.64e-06  
   273         275      7.89864e-07              1       2.49e-06  
   274         276      7.82689e-07              1       2.43e-06  
   275         277      7.75685e-07              1       2.42e-06  
   276         278      7.68588e-07              1       2.88e-06  
   277         279      7.61355e-07              1       2.95e-06  
   278         280      7.54279e-07              1       2.37e-06  
   279         281      7.47516e-07              1       2.18e-06  
                                                        First-order 
 Iteration  Func-count       f(x)        Step-size       optimality
   280         282       7.4094e-07              1        2.4e-06  
   281         283       7.3429e-07              1       2.91e-06  
   282         284      7.27546e-07              1       2.57e-06  
   283         285      7.21005e-07              1       2.31e-06  
   284         286      7.14906e-07              1       1.98e-06  
   285         287      7.09249e-07              1       2.41e-06  
   286         288      7.03751e-07              1       2.46e-06  
   287         289      6.98299e-07              1       2.24e-06  
   288         290      6.92824e-07              1       2.04e-06  
   289         291      6.87398e-07              1       2.16e-06  
   290         292      6.81945e-07              1       2.34e-06  
   291         293      6.76548e-07              1       2.15e-06  
   292         294      6.71214e-07              1       1.86e-06  
   293         295      6.65946e-07              1       2.09e-06  
   294         296       6.6062e-07              1       1.94e-06  
   295         297      6.55254e-07              1       2.27e-06  
   296         298      6.49992e-07              1       1.86e-06  
   297         299      6.45017e-07              1        2.5e-06  
   298         300       6.4032e-07              1       2.41e-06  
   299         301      6.35783e-07              1       2.38e-06  
                                                        First-order 
 Iteration  Func-count       f(x)        Step-size       optimality
   300         302      6.31321e-07              1       1.86e-06  
   301         303      6.26947e-07              1       2.07e-06  
   302         304      6.22659e-07              1       2.54e-06  
   303         305      6.18423e-07              1       1.85e-06  
   304         306      6.14234e-07              1       1.79e-06  
   305         307       6.1015e-07              1       1.63e-06  
   306         308      6.06194e-07              1       1.94e-06  
   307         309      6.02296e-07              1       1.96e-06  
   308         310      5.98409e-07              1       1.98e-06  
   309         311      5.94597e-07              1       1.69e-06  
   310         312      5.90989e-07              1       1.87e-06  
   311         313      5.87558e-07              1       1.94e-06  
   312         314      5.84157e-07              1       1.48e-06  
   313         315      5.80571e-07              1       1.52e-06  
   314         316      5.76866e-07              1       1.47e-06  
   315         317      5.73158e-07              1       1.66e-06  
   316         318      5.69428e-07              1       1.59e-06  
   317         319      5.65576e-07              1       1.55e-06  
   318         320      5.61615e-07              1       1.84e-06  
   319         321      5.57551e-07              1       1.88e-06  
                                                        First-order 
 Iteration  Func-count       f(x)        Step-size       optimality
   320         322      5.53425e-07              1       1.72e-06  
   321         323      5.49261e-07              1       1.64e-06  
   322         324      5.45168e-07              1       1.86e-06  
   323         325      5.41231e-07              1       1.83e-06  
   324         326      5.37452e-07              1       2.04e-06  
   325         327      5.33742e-07              1       1.47e-06  
   326         328      5.30077e-07              1       1.66e-06  
   327         329      5.26502e-07              1       1.57e-06  
   328         330      5.23059e-07              1       2.24e-06  
   329         331      5.19658e-07              1       2.01e-06  
   330         332      5.16206e-07              1       1.78e-06  
   331         333      5.12685e-07              1       1.92e-06  
   332         334      5.09252e-07              1       2.15e-06  
   333         335      5.05987e-07              1       2.05e-06  
   334         336      5.02931e-07              1       1.54e-06  
   335         337      4.99948e-07              1       1.65e-06  
   336         338      4.97041e-07              1       1.67e-06  
   337         339      4.94182e-07              1       1.66e-06  
   338         340      4.91449e-07              1       1.44e-06  
   339         341      4.88793e-07              1       1.47e-06  
                                                        First-order 
 Iteration  Func-count       f(x)        Step-size       optimality
   340         342      4.86166e-07              1       1.88e-06  
   341         343      4.83475e-07              1       1.59e-06  
   342         344      4.80726e-07              1        1.4e-06  
   343         345      4.77987e-07              1        1.8e-06  
   344         346      4.75331e-07              1       1.58e-06  
   345         347      4.72739e-07              1       1.61e-06  
   346         348      4.70127e-07              1       1.37e-06  
   347         349      4.67461e-07              1       1.59e-06  
   348         350      4.64775e-07              1       1.41e-06  
   349         351      4.62121e-07              1       1.53e-06  
   350         352      4.59475e-07              1       1.27e-06  
   351         353      4.56812e-07              1       1.35e-06  
   352         354      4.54133e-07              1       1.52e-06  
   353         355       4.5151e-07              1       1.71e-06  
   354         356      4.48897e-07              1       1.57e-06  
   355         357      4.46242e-07              1       1.68e-06  
   356         358      4.43462e-07              1       1.66e-06  
   357         359      4.40692e-07              1       2.09e-06  
   358         360      4.37963e-07              1       1.61e-06  
   359         361      4.35335e-07              1       1.33e-06  
                                                        First-order 
 Iteration  Func-count       f(x)        Step-size       optimality
   360         362      4.32738e-07              1       1.64e-06  
   361         363      4.30152e-07              1       1.81e-06  
   362         364      4.27568e-07              1       1.97e-06  
   363         365      4.25036e-07              1       1.28e-06  
   364         366      4.22574e-07              1       1.52e-06  
   365         367      4.20186e-07              1       1.67e-06  
   366         368      4.17846e-07              1       1.77e-06  
   367         369      4.15531e-07              1       1.31e-06  
   368         370      4.13215e-07              1        1.3e-06  
   369         371      4.10883e-07              1       1.32e-06  
   370         372      4.08523e-07              1       1.67e-06  
   371         373      4.06131e-07              1       1.52e-06  
   372         374      4.03701e-07              1       1.38e-06  
   373         375      4.01241e-07              1       1.63e-06  
   374         376      3.98767e-07              1       1.64e-06  
   375         377      3.96311e-07              1       1.51e-06  
   376         378      3.93901e-07              1       1.32e-06  
   377         379      3.91602e-07              1          2e-06  
   378         380      3.89289e-07              1       1.65e-06  
   379         381      3.86846e-07              1       1.43e-06  
                                                        First-order 
 Iteration  Func-count       f(x)        Step-size       optimality
   380         382      3.84249e-07              1       1.25e-06  
   381         383      3.81897e-07              1       1.25e-06  
   382         384      3.79267e-07              1       1.75e-06  
   383         385      3.76771e-07              1       1.71e-06  
   384         386      3.74342e-07              1        1.3e-06  
   385         387      3.72025e-07              1       1.31e-06  
   386         388      3.69721e-07              1       1.38e-06  
   387         389      3.67448e-07              1       1.43e-06  
   388         390      3.65193e-07              1       1.42e-06  
   389         391      3.62921e-07              1       1.62e-06  
   390         392       3.6058e-07              1       1.89e-06  
   391         393      3.58173e-07              1       1.58e-06  
   392         394      3.55739e-07              1       1.33e-06  
   393         395      3.53278e-07              1       1.39e-06  
   394         396      3.50768e-07              1       1.27e-06  
   395         397      3.48209e-07              1       1.55e-06  
   396         398       3.4571e-07              1       1.37e-06  
   397         399      3.43348e-07              1          2e-06  
   398         400      3.41072e-07              1       1.88e-06  
   399         401       3.3867e-07              1        1.8e-06  
                                                        First-order 
 Iteration  Func-count       f(x)        Step-size       optimality
   400         402      3.36238e-07              1        1.3e-06  
   401         403      3.33964e-07              1       1.53e-06  
   402         404      3.31627e-07              1       1.34e-06  
   403         405       3.2936e-07              1       1.23e-06  
   404         406      3.27141e-07              1       1.25e-06  
   405         407       3.2497e-07              1       1.23e-06  
   406         408      3.22812e-07              1       1.06e-06  
   407         409       3.2067e-07              1       1.21e-06  
   408         410      3.18559e-07              1       1.25e-06  
   409         411      3.16506e-07              1       1.29e-06  
   410         412      3.14513e-07              1        1.6e-06  
   411         413      3.12563e-07              1       1.34e-06  
   412         414      3.10622e-07              1       1.33e-06  
   413         415       3.0867e-07              1        1.2e-06  
   414         416      3.06675e-07              1       1.25e-06  
   415         417      3.04663e-07              1       1.17e-06  
   416         418      3.02648e-07              1       1.39e-06  
   417         419      3.00669e-07              1       1.15e-06  
   418         420      2.98646e-07              1        1.2e-06  
   419         421       2.9664e-07              1       1.38e-06  
                                                        First-order 
 Iteration  Func-count       f(x)        Step-size       optimality
   420         422      2.94611e-07              1       1.38e-06  
   421         423      2.92519e-07              1       1.24e-06  
   422         424      2.90476e-07              1       1.14e-06  
   423         425      2.88537e-07              1        1.4e-06  
   424         426       2.8666e-07              1       1.34e-06  
   425         427      2.84778e-07              1       1.27e-06  
   426         428      2.82874e-07              1       1.22e-06  
   427         429      2.80967e-07              1       1.29e-06  
   428         430      2.79089e-07              1       1.21e-06  
   429         431      2.77257e-07              1        1.2e-06  
   430         432      2.75503e-07              1       1.12e-06  
   431         433       2.7383e-07              1       1.35e-06  
   432         434      2.72222e-07              1       1.46e-06  
   433         435      2.70629e-07              1       1.07e-06  
   434         436      2.69047e-07              1       1.14e-06  
   435         437      2.67467e-07              1       1.03e-06  
   436         438      2.65906e-07              1       1.38e-06  
   437         439       2.6435e-07              1       1.23e-06  
   438         440      2.62837e-07              1       1.12e-06  
   439         441      2.61323e-07              1       1.08e-06  
                                                        First-order 
 Iteration  Func-count       f(x)        Step-size       optimality
   440         442      2.59774e-07              1       1.38e-06  
   441         443      2.58195e-07              1       1.26e-06  
   442         444      2.56705e-07              1       1.23e-06  
   443         445      2.55098e-07              1       1.01e-06  
   444         446      2.53548e-07              1       1.35e-06  
   445         447      2.52048e-07              1       1.32e-06  
   446         448      2.50615e-07              1       1.09e-06  
   447         449      2.49195e-07              1       9.14e-07  

Optimization completed: The <a href = "matlab: helpview([docroot '/toolbox/optim/msg_csh/optim_msg_csh.map'],'first_order_opt_unc','CSHelpWindow');">first-order optimality measure</a>, 9.099509e-07, is less 
than <a href = "matlab: helpview([docroot '/toolbox/optim/msg_csh/optim_msg_csh.map'],'tolfun','CSHelpWindow');">options.TolFun</a> = 1.000000e-06.

Optimization Metric                                            Options
relative norm(gradient) =   9.10e-07                  TolFun =   1e-06 (selected)

