flow iter#1; |dv| = 4.92506
flow iter#2; |dv| = 1.23732
flow iter#3; |dv| = 1.49235
flow iter#4; |dv| = 1.96522
flow iter#5; |dv| = 1.60902
flow iter#6; |dv| = 0.88346
flow iter#7; |dv| = 0.254792
flow iter#8; |dv| = 0.26152
flow iter#9; |dv| = 0.369201
flow iter#10; |dv| = 0.312229
flow iter#11; |dv| = 0.186444
flow iter#12; |dv| = 0.0692117
flow iter#13; |dv| = 0.0292212
flow iter#14; |dv| = 0.053682
flow iter#15; |dv| = 0.0524809
flow iter#16; |dv| = 0.0356872
flow iter#17; |dv| = 0.0166984
flow iter#18; |dv| = 0.00614212
flow iter#19; |dv| = 0.00883343
flow iter#20; |dv| = 0.00980038
flow iter#21; |dv| = 0.0080425
flow iter#22; |dv| = 0.00586178
flow iter#23; |dv| = 0.00487326
                                                        First-order 
 Iteration  Func-count       f(x)        Step-size       optimality
     0           1        0.0505025                       0.00238
     1           4        0.0262162             91        0.00118  
     2           6        0.0114981       0.486804       0.000855  
     3           7       0.00134611              1       0.000154  
     4           8      0.000674399              1       0.000451  
     5           9      0.000276574              1       0.000197  
     6          10      0.000226594              1       6.58e-05  
     7          11      0.000189671              1       0.000123  
     8          12      0.000150999              1       0.000218  
     9          13      9.69915e-05              1       0.000226  
    10          14      3.88025e-05              1       6.53e-05  
    11          15      2.04491e-05              1       8.36e-05  
    12          16      1.35661e-05              1       6.03e-05  
    13          17      1.14836e-05              1       2.62e-05  
    14          18      1.09942e-05              1       6.16e-06  
    15          19      1.05501e-05              1        1.1e-05  
    16          20      9.25999e-06              1       2.46e-05  
    17          21      8.57605e-06              1       6.28e-06  
    18          22      8.39796e-06              1       4.91e-06  
    19          23      8.35483e-06              1       5.09e-06  
                                                        First-order 
 Iteration  Func-count       f(x)        Step-size       optimality
    20          24      8.30715e-06              1       3.37e-06  
    21          26      8.25889e-06       0.627265       3.41e-06  
    22          27      8.23216e-06              1       2.85e-06  
    23          28       8.1943e-06              1       2.23e-06  
    24          29      8.14275e-06              1       3.57e-06  
    25          30      8.02581e-06              1       1.13e-05  
    26          31      7.84263e-06              1       1.46e-05  
    27          34      7.47369e-06       0.103578       4.34e-05  
    28          36      7.00054e-06       0.372844       6.84e-05  
    29          37      5.70868e-06              1       4.94e-05  
    30          38       4.5078e-06              1       4.49e-05  
    31          39      2.92931e-06              1       9.62e-06  
    32          40      2.74645e-06              1       2.29e-05  
    33          41      2.55283e-06              1       2.23e-05  
    34          42      2.30027e-06              1       6.44e-06  
    35          43      2.12476e-06              1       1.08e-05  
    36          44       1.8143e-06              1       1.42e-05  
    37          45      1.51973e-06              1       1.54e-05  
    38          46      1.13682e-06              1       9.23e-06  
    39          47       9.1915e-07              1       1.24e-05  
                                                        First-order 
 Iteration  Func-count       f(x)        Step-size       optimality
    40          48      8.32262e-07              1       8.04e-06  
    41          49      7.29256e-07              1       3.09e-06  
    42          50      6.84013e-07              1       5.52e-06  
    43          51      6.34677e-07              1       6.19e-06  
    44          52      6.06454e-07              1       3.46e-06  
    45          53      5.95712e-07              1       7.33e-07  
    46          54      5.92991e-07              1       9.95e-07  
    47          55      5.88847e-07              1       1.61e-06  
    48          56      5.78141e-07              1        3.6e-06  
    49          57      5.52127e-07              1       5.08e-06  
    50          58      4.87589e-07              1       7.52e-06  
    51          59      4.16243e-07              1       6.67e-06  
    52          60      2.43847e-07              1       3.76e-06  
    53          62      1.93991e-07       0.419727       7.04e-06  
    54          63      1.55121e-07              1       4.33e-06  
    55          64      1.15581e-07              1       1.47e-06  
    56          65      9.84022e-08              1       4.15e-06  
    57          66       8.6263e-08              1       3.42e-06  
    58          67      6.86982e-08              1       4.61e-06  
    59          68      5.34543e-08              1       1.94e-06  
                                                        First-order 
 Iteration  Func-count       f(x)        Step-size       optimality
    60          69      3.95461e-08              1       7.91e-07  
    61          70      3.65961e-08              1       1.29e-06  
    62          72      3.36837e-08       0.589609       9.49e-07  
    63          73      3.20878e-08              1       7.17e-07  
    64          74      2.58098e-08              1       6.44e-07  
    65          75      2.14589e-08              1       8.16e-07  
    66          76       1.3392e-08              1       1.19e-06  
    67          77      7.91635e-09              1        1.1e-06  
    68          79      4.68114e-09       0.378494       1.16e-06  
    69          80      2.87619e-09              1       6.23e-07  
    70          81      1.81377e-09              1       6.05e-07  
    71          82      1.11124e-09              1       4.41e-07  
    72          83      2.94852e-10              1       2.32e-07  
    73          84      5.31905e-11              1       1.29e-07  
    74          86      2.77508e-11       0.306316       7.19e-08  
    75          87      7.28604e-12              1       7.11e-08  
    76          88      1.64649e-12              1       2.11e-08  
    77          89      7.97195e-14              1        4.8e-09  
    78          90      2.56363e-15              1       4.25e-10  
    79          91       1.2427e-16              1       1.81e-10  
                                                        First-order 
 Iteration  Func-count       f(x)        Step-size       optimality
    80          92      4.86825e-18              1       3.96e-11  

Optimization completed: The <a href = "matlab: helpview([docroot '/toolbox/optim/msg_csh/optim_msg_csh.map'],'first_order_opt_unc','CSHelpWindow');">first-order optimality measure</a>, 3.950356e-11, is less 
than <a href = "matlab: helpview([docroot '/toolbox/optim/msg_csh/optim_msg_csh.map'],'tolfun','CSHelpWindow');">options.TolFun</a> = 1.000000e-10.

Optimization Metric                                            Options
relative norm(gradient) =   3.95e-11                  TolFun =   1e-10 (selected)

                                                        First-order 
 Iteration  Func-count       f(x)        Step-size       optimality
     0           1         0.192164                        0.0245
     1           2         0.160171              1         0.0142  
     2           3         0.102202              1         0.0267  
     3           4        0.0736525              1         0.0189  
     4           5        0.0527356              1         0.0195  
     5           6        0.0409093              1         0.0139  
     6           7        0.0324777              1         0.0107  
     7           8        0.0285368              1        0.00749  
     8           9        0.0246365              1        0.00674  
     9          10        0.0219244              1        0.00755  
    10          11        0.0179584              1        0.00787  
    11          12        0.0149439              1        0.00528  
    12          13        0.0119713              1        0.00749  
    13          14       0.00999825              1        0.00802  
    14          15       0.00855513              1        0.00477  
    15          16        0.0073131              1        0.00399  
    16          17       0.00626861              1        0.00429  
    17          18       0.00519654              1        0.00279  
    18          19       0.00428574              1        0.00205  
    19          20       0.00348763              1        0.00222  
                                                        First-order 
 Iteration  Func-count       f(x)        Step-size       optimality
    20          21       0.00277352              1        0.00244  
    21          22       0.00221175              1        0.00182  
    22          23       0.00180735              1        0.00145  
    23          24       0.00150594              1        0.00139  
    24          25       0.00128746              1        0.00124  
    25          26       0.00113083              1        0.00102  
    26          27       0.00101373              1       0.000924  
    27          28      0.000915969              1       0.000773  
    28          29      0.000832877              1       0.000722  
    29          30      0.000762379              1       0.000758  
    30          31      0.000700181              1       0.000785  
    31          32      0.000643064              1       0.000722  
    32          33      0.000587809              1       0.000637  
    33          34      0.000535346              1       0.000726  
    34          35      0.000484398              1       0.000634  
    35          36      0.000440544              1       0.000531  
    36          37      0.000400735              1       0.000506  
    37          38      0.000365934              1       0.000601  
    38          39      0.000333087              1       0.000583  
    39          40      0.000301774              1        0.00047  
                                                        First-order 
 Iteration  Func-count       f(x)        Step-size       optimality
    40          41      0.000272821              1       0.000462  
    41          42      0.000249367              1       0.000398  
    42          43      0.000231939              1       0.000349  
    43          44      0.000218087              1       0.000321  
    44          45      0.000205435              1        0.00029  
    45          46      0.000193372              1       0.000297  
    46          47      0.000182097              1        0.00029  
    47          48      0.000171949              1       0.000277  
    48          49       0.00016232              1       0.000299  
    49          50      0.000153477              1       0.000246  
    50          51        0.0001453              1       0.000212  
    51          52      0.000138436              1       0.000199  
    52          53      0.000132145              1       0.000223  
    53          54      0.000126555              1       0.000203  
    54          55      0.000121412              1       0.000178  
    55          56      0.000116889              1        0.00018  
    56          57      0.000112811              1       0.000172  
    57          58       0.00010904              1       0.000153  
    58          59      0.000105395              1         0.0002  
    59          60      0.000101842              1       0.000174  
                                                        First-order 
 Iteration  Func-count       f(x)        Step-size       optimality
    60          61       9.8447e-05              1       0.000183  
    61          62      9.53366e-05              1       0.000167  
    62          63      9.26038e-05              1       0.000144  
    63          64      9.01561e-05              1       0.000129  
    64          65      8.77986e-05              1       0.000116  
    65          66      8.53854e-05              1       0.000138  
    66          67      8.29248e-05              1       0.000145  
    67          68      8.05196e-05              1       0.000145  
    68          69      7.81738e-05              1       0.000118  
    69          70      7.58877e-05              1       0.000119  
    70          71       7.3646e-05              1       0.000113  
    71          72      7.15616e-05              1       9.37e-05  
    72          73      6.95908e-05              1       0.000106  
    73          74      6.77373e-05              1       0.000102  
    74          75      6.58917e-05              1       0.000103  
    75          76      6.41232e-05              1       0.000106  
    76          77      6.24135e-05              1       9.96e-05  
    77          78      6.08533e-05              1        9.7e-05  
    78          79      5.94038e-05              1       0.000102  
    79          80      5.80869e-05              1       9.95e-05  
                                                        First-order 
 Iteration  Func-count       f(x)        Step-size       optimality
    80          81      5.67894e-05              1       0.000108  
    81          82      5.55011e-05              1       0.000103  
    82          83      5.41728e-05              1       0.000113  
    83          84      5.28898e-05              1       0.000101  
    84          85       5.1605e-05              1       0.000109  
    85          86      5.03538e-05              1        9.7e-05  
    86          87      4.90154e-05              1       0.000101  
    87          88      4.76847e-05              1       0.000107  
    88          89      4.62624e-05              1       9.96e-05  
    89          90      4.48614e-05              1       0.000136  
    90          91      4.33715e-05              1       0.000122  
    91          92      4.19669e-05              1       0.000149  
    92          93      4.05266e-05              1       0.000165  
    93          94      3.91999e-05              1       0.000162  
    94          95      3.77871e-05              1       0.000174  
    95          96      3.64612e-05              1       0.000155  
    96          97      3.50151e-05              1       0.000123  
    97          98      3.36991e-05              1       0.000126  
    98          99      3.23093e-05              1       9.25e-05  
    99         100      3.11611e-05              1        8.4e-05  
                                                        First-order 
 Iteration  Func-count       f(x)        Step-size       optimality
   100         101       3.0071e-05              1       7.55e-05  
   101         102      2.92005e-05              1       8.07e-05  
   102         103       2.8329e-05              1       7.62e-05  
   103         104      2.75715e-05              1       7.38e-05  
   104         105      2.68196e-05              1       7.26e-05  
   105         106      2.61363e-05              1       8.78e-05  
   106         107      2.54155e-05              1       8.99e-05  
   107         108      2.47235e-05              1       8.44e-05  
   108         109      2.40619e-05              1       6.77e-05  
   109         110      2.34769e-05              1       6.09e-05  
   110         111      2.29564e-05              1       5.58e-05  
   111         112      2.25088e-05              1        4.9e-05  
   112         113      2.21126e-05              1       5.25e-05  
   113         114       2.1754e-05              1       4.84e-05  
   114         115      2.14158e-05              1       4.96e-05  
   115         116      2.11049e-05              1       4.39e-05  
   116         117      2.08257e-05              1       3.52e-05  
   117         118      2.05759e-05              1       3.55e-05  
   118         119      2.03439e-05              1       3.46e-05  
   119         120      2.01318e-05              1       3.42e-05  
                                                        First-order 
 Iteration  Func-count       f(x)        Step-size       optimality
   120         121        1.994e-05              1       3.13e-05  
   121         122      1.97634e-05              1        3.7e-05  
   122         123       1.9592e-05              1       3.54e-05  
   123         124      1.94185e-05              1       3.24e-05  
   124         125      1.92394e-05              1       3.49e-05  
   125         126      1.90574e-05              1        3.4e-05  
   126         127      1.88825e-05              1       3.67e-05  
   127         128      1.87261e-05              1       3.19e-05  
   128         129      1.85897e-05              1       2.51e-05  
   129         130       1.8465e-05              1        2.6e-05  
   130         131      1.83434e-05              1       2.62e-05  
   131         132      1.82228e-05              1       2.97e-05  
   132         133      1.81051e-05              1       2.78e-05  
   133         134      1.79918e-05              1       2.72e-05  
   134         135      1.78824e-05              1       2.58e-05  
   135         136      1.77762e-05              1       2.58e-05  
   136         137      1.76721e-05              1       2.46e-05  
   137         138      1.75685e-05              1       2.26e-05  
   138         139      1.74664e-05              1       2.38e-05  
   139         140      1.73697e-05              1       2.24e-05  
                                                        First-order 
 Iteration  Func-count       f(x)        Step-size       optimality
   140         141      1.72795e-05              1       2.71e-05  
   141         142      1.71908e-05              1       2.49e-05  
   142         143       1.7097e-05              1       2.33e-05  
   143         144      1.69967e-05              1       2.53e-05  
   144         145      1.68938e-05              1       1.96e-05  
   145         146      1.67912e-05              1       2.61e-05  
   146         147      1.66881e-05              1       2.77e-05  
   147         148      1.65851e-05              1       2.22e-05  
   148         149      1.64872e-05              1       2.06e-05  
   149         150      1.63985e-05              1       2.17e-05  
   150         151      1.63171e-05              1       2.08e-05  
   151         152      1.62389e-05              1       1.96e-05  
   152         153      1.61638e-05              1       2.25e-05  
   153         154      1.60935e-05              1       1.85e-05  
   154         155      1.60265e-05              1       1.95e-05  
   155         156      1.59583e-05              1       1.97e-05  
   156         157      1.58865e-05              1       2.05e-05  
   157         158      1.58135e-05              1       2.25e-05  
   158         159      1.57426e-05              1       2.14e-05  
   159         160      1.56734e-05              1        1.9e-05  
                                                        First-order 
 Iteration  Func-count       f(x)        Step-size       optimality
   160         161      1.56021e-05              1       2.28e-05  
   161         162      1.55258e-05              1       2.27e-05  
   162         163      1.54436e-05              1        2.4e-05  
   163         164       1.5358e-05              1        2.5e-05  
   164         165      1.52719e-05              1       2.37e-05  
   165         166       1.5188e-05              1       2.03e-05  
   166         167      1.51053e-05              1       2.15e-05  
   167         168      1.50224e-05              1       2.15e-05  
   168         169      1.49378e-05              1       2.38e-05  
   169         170      1.48565e-05              1        2.3e-05  
   170         171      1.47806e-05              1       2.06e-05  
   171         172      1.47104e-05              1       2.16e-05  
   172         173      1.46415e-05              1       2.07e-05  
   173         174      1.45753e-05              1       1.87e-05  
   174         175      1.45126e-05              1        2.1e-05  
   175         176      1.44538e-05              1        1.9e-05  
   176         177      1.43947e-05              1       1.87e-05  
   177         178      1.43346e-05              1       1.83e-05  
   178         179      1.42748e-05              1       1.79e-05  
   179         180       1.4218e-05              1        1.7e-05  
                                                        First-order 
 Iteration  Func-count       f(x)        Step-size       optimality
   180         181      1.41621e-05              1       1.87e-05  
   181         182      1.41046e-05              1       2.07e-05  
   182         183      1.40448e-05              1       1.81e-05  
   183         184      1.39861e-05              1       1.67e-05  
   184         185      1.39307e-05              1       1.71e-05  
   185         186      1.38785e-05              1       1.44e-05  
   186         187      1.38268e-05              1       1.52e-05  
   187         188      1.37753e-05              1       1.58e-05  
   188         189      1.37231e-05              1       1.63e-05  
   189         190      1.36704e-05              1       1.58e-05  
   190         191      1.36149e-05              1       1.67e-05  
   191         192      1.35564e-05              1       1.84e-05  
   192         193      1.34948e-05              1       2.11e-05  
   193         194      1.34329e-05              1       1.99e-05  
   194         195      1.33711e-05              1       1.84e-05  
   195         196       1.3311e-05              1       2.05e-05  
   196         197      1.32523e-05              1       1.79e-05  
   197         198      1.31965e-05              1       1.81e-05  
   198         199       1.3142e-05              1       1.93e-05  
   199         200      1.30868e-05              1       1.83e-05  
                                                        First-order 
 Iteration  Func-count       f(x)        Step-size       optimality
   200         201      1.30271e-05              1        1.9e-05  
   201         202      1.29629e-05              1       2.18e-05  
   202         203      1.28959e-05              1       2.28e-05  
   203         204      1.28303e-05              1       1.93e-05  
   204         205      1.27644e-05              1       1.97e-05  
   205         206      1.26983e-05              1       1.81e-05  
   206         207      1.26288e-05              1       2.05e-05  
   207         208      1.25623e-05              1       1.89e-05  
   208         209      1.24946e-05              1       2.09e-05  
   209         210      1.24273e-05              1       1.99e-05  
   210         211      1.23597e-05              1       1.87e-05  
   211         212       1.2296e-05              1       1.84e-05  
   212         213      1.22358e-05              1       1.67e-05  
   213         214      1.21778e-05              1        1.9e-05  
   214         215      1.21189e-05              1       1.93e-05  
   215         216      1.20596e-05              1       1.73e-05  
   216         217      1.20017e-05              1        1.7e-05  
   217         218      1.19471e-05              1       1.68e-05  
   218         219       1.1896e-05              1       1.64e-05  
   219         220      1.18494e-05              1       1.62e-05  
                                                        First-order 
 Iteration  Func-count       f(x)        Step-size       optimality
   220         221      1.18032e-05              1       1.71e-05  
   221         222      1.17554e-05              1       1.51e-05  
   222         223      1.17041e-05              1        1.5e-05  
   223         224      1.16625e-05              1       1.48e-05  
   224         225      1.16147e-05              1       1.58e-05  
   225         226      1.15672e-05              1       1.78e-05  
   226         227      1.15141e-05              1        1.8e-05  
   227         228      1.14577e-05              1       1.77e-05  
   228         229      1.14034e-05              1       1.53e-05  
   229         230       1.1355e-05              1       1.57e-05  
   230         231      1.13097e-05              1       1.53e-05  
   231         232      1.12635e-05              1       1.78e-05  
   232         233      1.12153e-05              1       1.92e-05  
   233         234      1.11676e-05              1       1.85e-05  
   234         235      1.11232e-05              1       1.96e-05  
   235         236      1.10823e-05              1       1.91e-05  
   236         237      1.10448e-05              1       2.07e-05  
   237         238      1.10094e-05              1       2.22e-05  
   238         239      1.09748e-05              1       2.31e-05  
   239         240       1.0938e-05              1       2.39e-05  
                                                        First-order 
 Iteration  Func-count       f(x)        Step-size       optimality
   240         241       1.0899e-05              1       2.44e-05  
   241         242      1.08588e-05              1       2.53e-05  
   242         243      1.08182e-05              1       2.63e-05  
   243         244      1.07749e-05              1       2.78e-05  
   244         245      1.07287e-05              1       2.94e-05  
   245         246      1.06789e-05              1       3.12e-05  
   246         247      1.06254e-05              1       3.29e-05  
   247         248      1.05676e-05              1       3.41e-05  
   248         249      1.05049e-05              1       3.53e-05  
   249         250      1.04375e-05              1       3.51e-05  
   250         251      1.03642e-05              1       3.61e-05  
   251         252      1.02879e-05              1       3.32e-05  
   252         253      1.02087e-05              1       3.56e-05  
   253         254       1.0134e-05              1          3e-05  
   254         255      1.00552e-05              1       3.16e-05  
   255         256      9.98199e-06              1       2.85e-05  
   256         257      9.90687e-06              1       2.81e-05  
   257         258      9.84039e-06              1       2.41e-05  
   258         259       9.7794e-06              1       2.38e-05  
   259         260       9.7284e-06              1       1.83e-05  
                                                        First-order 
 Iteration  Func-count       f(x)        Step-size       optimality
   260         261      9.67998e-06              1       1.98e-05  
   261         262      9.63535e-06              1       1.69e-05  
   262         263      9.59097e-06              1       1.66e-05  
   263         264      9.54928e-06              1       1.74e-05  
   264         265      9.51004e-06              1       1.79e-05  
   265         266      9.47569e-06              1       1.84e-05  
   266         267      9.44362e-06              1       1.88e-05  
   267         268      9.41419e-06              1       1.89e-05  
   268         269      9.38492e-06              1       1.92e-05  
   269         270      9.35529e-06              1       1.89e-05  
   270         271      9.32545e-06              1       1.91e-05  
   271         272      9.29635e-06              1       1.85e-05  
   272         273      9.26826e-06              1       1.86e-05  
   273         274      9.24133e-06              1       1.76e-05  
   274         275      9.21595e-06              1       1.79e-05  
   275         276      9.19229e-06              1        1.7e-05  
   276         277      9.17018e-06              1       1.75e-05  
   277         278      9.14877e-06              1        1.7e-05  
   278         279      9.12757e-06              1       1.72e-05  
   279         280      9.10591e-06              1       1.69e-05  
                                                        First-order 
 Iteration  Func-count       f(x)        Step-size       optimality
   280         281      9.08365e-06              1       1.66e-05  
   281         282      9.06124e-06              1       1.62e-05  
   282         283      9.04006e-06              1       1.57e-05  
   283         284      9.02064e-06              1       1.54e-05  
   284         285      9.00206e-06              1       1.48e-05  
   285         286      8.98252e-06              1       1.45e-05  
   286         287      8.96109e-06              1       1.37e-05  
   287         288      8.93817e-06              1        1.3e-05  
   288         289      8.91511e-06              1       1.26e-05  
   289         290      8.89251e-06              1       1.16e-05  
   290         291      8.86994e-06              1       1.31e-05  
   291         292      8.84652e-06              1       1.23e-05  
   292         293      8.82219e-06              1       1.29e-05  
   293         294      8.79769e-06              1       1.21e-05  
   294         295      8.77468e-06              1       1.26e-05  
   295         296      8.75395e-06              1       9.97e-06  
   296         297      8.73542e-06              1        1.2e-05  
   297         298      8.71791e-06              1       9.39e-06  
   298         299      8.70096e-06              1       1.04e-05  
   299         300      8.68439e-06              1       9.15e-06  
                                                        First-order 
 Iteration  Func-count       f(x)        Step-size       optimality
   300         301      8.66918e-06              1       1.07e-05  
   301         302      8.65555e-06              1        8.6e-06  
   302         303      8.64344e-06              1       8.31e-06  
   303         304       8.6318e-06              1       8.49e-06  
   304         305      8.62019e-06              1       7.45e-06  
   305         306      8.60838e-06              1       8.11e-06  
   306         307      8.59719e-06              1       7.87e-06  
   307         308        8.587e-06              1       7.88e-06  
   308         309      8.57805e-06              1        7.4e-06  
   309         310      8.56981e-06              1       6.64e-06  
   310         311      8.56203e-06              1       7.06e-06  
   311         312      8.55428e-06              1       7.95e-06  
   312         313      8.54649e-06              1       9.31e-06  
   313         314      8.53867e-06              1       8.19e-06  
   314         315      8.53114e-06              1       7.52e-06  
   315         316      8.52389e-06              1       7.08e-06  
   316         317      8.51674e-06              1       7.37e-06  
   317         318      8.50939e-06              1       7.04e-06  
   318         319      8.50195e-06              1       7.45e-06  
   319         320      8.49462e-06              1       7.26e-06  
                                                        First-order 
 Iteration  Func-count       f(x)        Step-size       optimality
   320         321      8.48745e-06              1        7.8e-06  
   321         322      8.48025e-06              1       7.63e-06  
   322         323      8.47306e-06              1       8.21e-06  
   323         324      8.46621e-06              1       7.98e-06  
   324         325       8.4599e-06              1       8.56e-06  
   325         326      8.45379e-06              1       8.23e-06  
   326         327      8.44725e-06              1       8.62e-06  
   327         328      8.43993e-06              1       7.92e-06  
   328         329      8.43207e-06              1        7.9e-06  
   329         330       8.4243e-06              1       6.54e-06  
   330         331      8.41719e-06              1       6.34e-06  
   331         332      8.41076e-06              1       5.96e-06  
   332         333       8.4047e-06              1       6.02e-06  
   333         334      8.39864e-06              1       6.88e-06  
   334         335      8.39237e-06              1       5.99e-06  
   335         336      8.38591e-06              1       5.89e-06  
   336         337      8.37956e-06              1       5.91e-06  
   337         338      8.37354e-06              1       5.53e-06  
   338         339      8.36792e-06              1       5.64e-06  
   339         340      8.36254e-06              1       5.89e-06  
                                                        First-order 
 Iteration  Func-count       f(x)        Step-size       optimality
   340         341      8.35727e-06              1       6.42e-06  
   341         342      8.35198e-06              1       6.85e-06  
   342         343       8.3467e-06              1        7.3e-06  
   343         344      8.34155e-06              1       7.42e-06  
   344         345      8.33669e-06              1       7.51e-06  
   345         346      8.33218e-06              1        7.4e-06  
   346         347       8.3278e-06              1        7.4e-06  
   347         348      8.32324e-06              1       7.38e-06  
   348         349       8.3183e-06              1       7.54e-06  
   349         350      8.31291e-06              1       7.71e-06  
   350         351      8.30707e-06              1       7.99e-06  
   351         352      8.30079e-06              1       8.18e-06  
   352         353      8.29409e-06              1       8.35e-06  
   353         354       8.2871e-06              1       8.33e-06  
   354         355      8.28009e-06              1       8.22e-06  
   355         356      8.27319e-06              1       7.95e-06  
   356         357      8.26641e-06              1       7.72e-06  
   357         358      8.25968e-06              1       7.27e-06  
   358         359      8.25307e-06              1       6.94e-06  
   359         360      8.24656e-06              1        6.6e-06  
                                                        First-order 
 Iteration  Func-count       f(x)        Step-size       optimality
   360         361      8.24009e-06              1       6.36e-06  
   361         362      8.23358e-06              1       6.13e-06  
   362         363      8.22724e-06              1       6.23e-06  
   363         364       8.2213e-06              1       6.54e-06  
   364         365      8.21571e-06              1       7.42e-06  
   365         366      8.20996e-06              1       7.79e-06  
   366         367      8.20362e-06              1        7.4e-06  
   367         368      8.19669e-06              1        6.3e-06  
   368         369      8.18984e-06              1       5.98e-06  
   369         370      8.18369e-06              1        6.1e-06  
   370         371      8.17833e-06              1        5.3e-06  
   371         372      8.17333e-06              1       5.36e-06  
   372         373      8.16843e-06              1       5.75e-06  
   373         374      8.16358e-06              1       6.34e-06  
   374         375      8.15884e-06              1       6.48e-06  
   375         376      8.15419e-06              1       5.33e-06  
   376         377      8.14965e-06              1       4.89e-06  
   377         378      8.14531e-06              1       4.29e-06  
   378         379      8.14126e-06              1       4.31e-06  
   379         380      8.13737e-06              1       4.57e-06  
                                                        First-order 
 Iteration  Func-count       f(x)        Step-size       optimality
   380         381      8.13341e-06              1       5.39e-06  
   381         382      8.12929e-06              1       5.33e-06  
   382         383       8.1252e-06              1        5.2e-06  
   383         384      8.12139e-06              1       5.32e-06  
   384         385      8.11786e-06              1       5.09e-06  
   385         386      8.11447e-06              1       4.79e-06  
   386         387      8.11108e-06              1       4.99e-06  
   387         388      8.10762e-06              1       4.73e-06  
   388         389      8.10407e-06              1        4.9e-06  
   389         390      8.10041e-06              1       4.87e-06  
   390         391      8.09683e-06              1       5.09e-06  
   391         392      8.09354e-06              1        5.1e-06  
   392         393      8.09061e-06              1        5.2e-06  
   393         394      8.08783e-06              1       5.05e-06  
   394         395      8.08502e-06              1        4.9e-06  
   395         396      8.08211e-06              1        4.6e-06  
   396         397      8.07917e-06              1       4.38e-06  
   397         398      8.07623e-06              1       4.31e-06  
   398         399      8.07325e-06              1       4.12e-06  
   399         400      8.07023e-06              1       4.55e-06  
                                                        First-order 
 Iteration  Func-count       f(x)        Step-size       optimality
   400         401      8.06729e-06              1       4.22e-06  
   401         402      8.06447e-06              1       4.25e-06  
   402         403       8.0617e-06              1       4.22e-06  
   403         404      8.05886e-06              1       4.03e-06  
   404         405      8.05591e-06              1        4.1e-06  
   405         406      8.05296e-06              1       4.26e-06  
   406         407      8.05013e-06              1       4.15e-06  
   407         408      8.04743e-06              1       4.26e-06  
   408         409      8.04477e-06              1       3.99e-06  
   409         410      8.04201e-06              1       4.19e-06  
   410         411      8.03908e-06              1       4.74e-06  
   411         412      8.03601e-06              1       4.92e-06  
   412         413      8.03294e-06              1       4.86e-06  
   413         414      8.03008e-06              1       3.95e-06  
   414         415      8.02753e-06              1       3.89e-06  
   415         416      8.02526e-06              1       3.57e-06  
   416         417      8.02309e-06              1       3.91e-06  
   417         418      8.02089e-06              1        3.7e-06  
   418         419       8.0186e-06              1       3.79e-06  
   419         420      8.01625e-06              1       3.65e-06  
                                                        First-order 
 Iteration  Func-count       f(x)        Step-size       optimality
   420         421      8.01398e-06              1       3.37e-06  
   421         422      8.01188e-06              1       2.71e-06  
   422         423      8.01003e-06              1       2.94e-06  
   423         424      8.00836e-06              1       2.76e-06  
   424         425      8.00679e-06              1       2.93e-06  
   425         426      8.00516e-06              1       2.76e-06  
   426         427      8.00344e-06              1       3.68e-06  
   427         428      8.00167e-06              1       3.38e-06  
   428         429            8e-06              1       3.44e-06  
   429         430      7.99846e-06              1       3.64e-06  
   430         431      7.99702e-06              1       2.86e-06  
   431         432      7.99557e-06              1       3.21e-06  
   432         433      7.99411e-06              1       2.72e-06  
   433         434      7.99271e-06              1       3.11e-06  
   434         435      7.99139e-06              1       3.26e-06  
   435         436      7.99015e-06              1        2.7e-06  
   436         437      7.98896e-06              1       2.74e-06  
   437         438      7.98784e-06              1       2.52e-06  
   438         439      7.98679e-06              1       2.56e-06  
   439         440      7.98577e-06              1        2.3e-06  
                                                        First-order 
 Iteration  Func-count       f(x)        Step-size       optimality
   440         441      7.98477e-06              1       2.35e-06  
   441         442      7.98377e-06              1       2.54e-06  
   442         443      7.98276e-06              1       2.43e-06  
   443         444      7.98169e-06              1       2.62e-06  
   444         445      7.98053e-06              1       2.39e-06  
   445         446       7.9793e-06              1       2.54e-06  
   446         447      7.97806e-06              1       2.83e-06  
   447         448      7.97685e-06              1       2.99e-06  
   448         449      7.97564e-06              1       2.75e-06  
   449         450      7.97437e-06              1       3.03e-06  
   450         451      7.97306e-06              1          3e-06  
   451         452      7.97175e-06              1       2.71e-06  
   452         453       7.9705e-06              1        2.6e-06  
   453         454      7.96928e-06              1       2.72e-06  
   454         455      7.96812e-06              1       2.89e-06  
   455         456      7.96702e-06              1        2.3e-06  
   456         457      7.96599e-06              1       2.29e-06  
   457         458      7.96501e-06              1       2.68e-06  
   458         459      7.96402e-06              1        2.7e-06  
   459         460      7.96299e-06              1       2.88e-06  
                                                        First-order 
 Iteration  Func-count       f(x)        Step-size       optimality
   460         461       7.9619e-06              1       2.37e-06  
   461         462      7.96073e-06              1       3.05e-06  
   462         463      7.95952e-06              1       3.38e-06  
   463         464      7.95832e-06              1       2.65e-06  
   464         465      7.95717e-06              1       2.26e-06  
   465         466      7.95608e-06              1       2.29e-06  
   466         467      7.95494e-06              1       2.82e-06  
   467         468       7.9537e-06              1       3.14e-06  
   468         469      7.95235e-06              1       2.84e-06  
   469         470      7.95095e-06              1       2.96e-06  
   470         471      7.94957e-06              1        2.6e-06  
   471         472      7.94817e-06              1       2.72e-06  
   472         473      7.94668e-06              1       2.97e-06  
   473         474      7.94505e-06              1       3.34e-06  
   474         475      7.94334e-06              1       3.29e-06  
   475         476      7.94168e-06              1       3.83e-06  
   476         477      7.94011e-06              1       3.33e-06  
   477         478      7.93853e-06              1       3.15e-06  
   478         479      7.93683e-06              1       3.46e-06  
   479         480      7.93496e-06              1       3.48e-06  
                                                        First-order 
 Iteration  Func-count       f(x)        Step-size       optimality
   480         481       7.9331e-06              1       3.41e-06  
   481         482      7.93125e-06              1       3.26e-06  
   482         483      7.92943e-06              1       3.52e-06  
   483         484      7.92757e-06              1       3.75e-06  
   484         485      7.92567e-06              1       3.65e-06  
   485         486      7.92367e-06              1       3.03e-06  
   486         487      7.92156e-06              1       3.39e-06  
   487         488      7.91933e-06              1       4.54e-06  
   488         489      7.91711e-06              1       3.85e-06  
   489         490      7.91497e-06              1       3.38e-06  
   490         491      7.91297e-06              1       3.44e-06  
   491         492      7.91101e-06              1       4.31e-06  
   492         493      7.90906e-06              1       4.76e-06  
   493         494      7.90697e-06              1       3.52e-06  
   494         495      7.90483e-06              1       3.27e-06  
   495         496      7.90274e-06              1       3.19e-06  
   496         497      7.90077e-06              1       3.61e-06  
   497         498      7.89894e-06              1       3.43e-06  
   498         499      7.89732e-06              1       2.63e-06  
   499         500       7.8958e-06              1       2.77e-06  
                                                        First-order 
 Iteration  Func-count       f(x)        Step-size       optimality
   500         501      7.89433e-06              1        2.7e-06  
   501         502      7.89285e-06              1       2.61e-06  
   502         503      7.89136e-06              1       2.76e-06  
   503         504      7.88982e-06              1       3.02e-06  
   504         505      7.88821e-06              1       3.42e-06  
   505         506      7.88654e-06              1       3.96e-06  
   506         507      7.88485e-06              1       3.11e-06  
   507         508      7.88315e-06              1       3.16e-06  
   508         509      7.88151e-06              1       2.99e-06  
   509         510      7.87989e-06              1       2.98e-06  
   510         511      7.87835e-06              1       3.29e-06  
   511         512      7.87681e-06              1       3.28e-06  
   512         513      7.87528e-06              1       2.86e-06  
   513         514      7.87371e-06              1       2.68e-06  
   514         515      7.87206e-06              1       3.04e-06  
   515         516      7.87032e-06              1       3.36e-06  
   516         517      7.86854e-06              1        3.1e-06  
   517         518      7.86682e-06              1       2.74e-06  
   518         519      7.86524e-06              1       2.95e-06  
   519         520      7.86374e-06              1       2.65e-06  
                                                        First-order 
 Iteration  Func-count       f(x)        Step-size       optimality
   520         521      7.86225e-06              1       3.11e-06  
   521         522      7.86078e-06              1       2.82e-06  
   522         523      7.85942e-06              1        2.7e-06  
   523         524      7.85815e-06              1       2.82e-06  
   524         525      7.85689e-06              1       2.84e-06  
   525         526      7.85549e-06              1        2.5e-06  
   526         527        7.854e-06              1       2.97e-06  
   527         528      7.85252e-06              1        2.7e-06  
   528         529      7.85108e-06              1       3.17e-06  
   529         530      7.84959e-06              1       3.43e-06  
   530         531      7.84798e-06              1       2.62e-06  
   531         532      7.84629e-06              1       3.59e-06  
   532         533      7.84464e-06              1       3.45e-06  
   533         534      7.84309e-06              1       2.69e-06  
   534         535      7.84163e-06              1       3.04e-06  
   535         536      7.84023e-06              1       2.84e-06  
   536         537      7.83886e-06              1       2.76e-06  
   537         538      7.83749e-06              1       2.41e-06  
   538         539      7.83607e-06              1       2.81e-06  
   539         540      7.83455e-06              1       2.87e-06  
                                                        First-order 
 Iteration  Func-count       f(x)        Step-size       optimality
   540         541      7.83293e-06              1       3.27e-06  
   541         542      7.83122e-06              1       3.31e-06  
   542         543      7.82948e-06              1       3.18e-06  
   543         544      7.82775e-06              1       3.46e-06  
   544         545      7.82609e-06              1       2.69e-06  
   545         546       7.8245e-06              1       2.61e-06  
   546         547        7.823e-06              1       2.38e-06  
   547         548      7.82149e-06              1       2.36e-06  
   548         549      7.81994e-06              1       2.75e-06  
   549         550      7.81834e-06              1       2.78e-06  
   550         551      7.81679e-06              1       3.13e-06  
   551         552      7.81536e-06              1       3.08e-06  
   552         553      7.81404e-06              1       3.18e-06  
   553         554      7.81277e-06              1       2.88e-06  
   554         555      7.81154e-06              1       2.48e-06  
   555         556      7.81038e-06              1       2.35e-06  
   556         557      7.80933e-06              1       2.84e-06  
   557         558      7.80833e-06              1       2.21e-06  
   558         559      7.80734e-06              1       2.32e-06  
   559         560      7.80636e-06              1       2.23e-06  
                                                        First-order 
 Iteration  Func-count       f(x)        Step-size       optimality
   560         561      7.80543e-06              1       2.07e-06  
   561         562      7.80452e-06              1       2.22e-06  
   562         563      7.80357e-06              1       2.29e-06  
   563         564      7.80252e-06              1        2.4e-06  
   564         565      7.80143e-06              1       2.86e-06  
   565         566      7.80038e-06              1       2.51e-06  
   566         567      7.79938e-06              1       2.22e-06  
   567         568      7.79838e-06              1       2.38e-06  
   568         569      7.79735e-06              1       2.53e-06  
   569         570      7.79629e-06              1        2.5e-06  
   570         571      7.79523e-06              1       2.73e-06  
   571         572      7.79416e-06              1       2.45e-06  
   572         573      7.79306e-06              1       2.68e-06  
   573         574      7.79194e-06              1       2.53e-06  
   574         575      7.79081e-06              1       2.28e-06  
   575         576      7.78965e-06              1        2.9e-06  
   576         577      7.78848e-06              1       2.57e-06  
   577         578      7.78734e-06              1       2.32e-06  
   578         579      7.78626e-06              1       2.11e-06  
   579         580      7.78523e-06              1       2.15e-06  
                                                        First-order 
 Iteration  Func-count       f(x)        Step-size       optimality
   580         581      7.78418e-06              1       2.49e-06  
   581         582       7.7831e-06              1        2.3e-06  
   582         583      7.78207e-06              1        2.3e-06  
   583         584      7.78114e-06              1       1.98e-06  
   584         585      7.78026e-06              1       2.31e-06  
   585         586      7.77933e-06              1       2.18e-06  
   586         587       7.7783e-06              1       2.86e-06  
   587         588       7.7772e-06              1       3.14e-06  
   588         589       7.7761e-06              1       2.42e-06  
   589         590      7.77502e-06              1       2.32e-06  
   590         591       7.7739e-06              1       2.84e-06  
   591         592       7.7727e-06              1       2.74e-06  
   592         593      7.77147e-06              1       2.69e-06  
   593         594      7.77026e-06              1       2.51e-06  
   594         595      7.76907e-06              1       2.51e-06  
   595         596      7.76786e-06              1       2.47e-06  
   596         597      7.76664e-06              1       2.74e-06  
   597         598       7.7654e-06              1       2.81e-06  
   598         599      7.76412e-06              1       3.02e-06  
   599         600      7.76278e-06              1       2.81e-06  
                                                        First-order 
 Iteration  Func-count       f(x)        Step-size       optimality
   600         601      7.76142e-06              1        2.5e-06  
   601         602      7.76017e-06              1       2.44e-06  
   602         603      7.75907e-06              1       2.16e-06  
   603         604      7.75807e-06              1       2.08e-06  
   604         605       7.7571e-06              1       2.08e-06  
   605         606      7.75614e-06              1       2.16e-06  
   606         607       7.7552e-06              1       2.53e-06  
   607         608      7.75427e-06              1        2.2e-06  
   608         609      7.75332e-06              1       2.38e-06  
   609         610      7.75231e-06              1       2.67e-06  
   610         611      7.75123e-06              1       2.74e-06  
   611         612      7.75007e-06              1       2.73e-06  
   612         613      7.74889e-06              1        2.9e-06  
   613         614      7.74774e-06              1       2.61e-06  
   614         615       7.7467e-06              1       2.56e-06  
   615         616      7.74579e-06              1       2.17e-06  
   616         617      7.74499e-06              1       2.01e-06  
   617         618      7.74424e-06              1       2.06e-06  
   618         619      7.74353e-06              1       1.99e-06  
   619         620      7.74283e-06              1       2.15e-06  
                                                        First-order 
 Iteration  Func-count       f(x)        Step-size       optimality
   620         621      7.74212e-06              1       2.25e-06  
   621         622      7.74142e-06              1       2.02e-06  
   622         623      7.74074e-06              1       1.82e-06  
   623         624      7.74012e-06              1       1.91e-06  
   624         625      7.73952e-06              1       1.83e-06  
   625         626      7.73892e-06              1       1.97e-06  
   626         627      7.73831e-06              1       1.95e-06  
   627         628       7.7377e-06              1       1.78e-06  
   628         629      7.73709e-06              1       1.99e-06  
   629         630      7.73647e-06              1       1.93e-06  
   630         631      7.73583e-06              1       2.03e-06  
   631         632       7.7352e-06              1       1.69e-06  
   632         633      7.73461e-06              1        1.8e-06  
   633         634      7.73406e-06              1       1.66e-06  
   634         635      7.73353e-06              1       1.88e-06  
   635         636      7.73302e-06              1       1.91e-06  
   636         637      7.73251e-06              1       2.24e-06  
   637         638      7.73201e-06              1       2.14e-06  
   638         639      7.73151e-06              1       1.77e-06  
   639         640      7.73101e-06              1       1.51e-06  
                                                        First-order 
 Iteration  Func-count       f(x)        Step-size       optimality
   640         641      7.73051e-06              1       1.72e-06  
   641         642         7.73e-06              1       1.82e-06  
   642         643      7.72951e-06              1       1.84e-06  
   643         644      7.72904e-06              1       1.85e-06  
   644         645      7.72861e-06              1        1.4e-06  
   645         646      7.72821e-06              1       1.26e-06  
   646         647      7.72782e-06              1       1.36e-06  
   647         648      7.72746e-06              1       1.19e-06  
   648         649      7.72714e-06              1       1.19e-06  
   649         650      7.72685e-06              1       1.13e-06  
   650         651      7.72655e-06              1       1.27e-06  
   651         652      7.72625e-06              1       1.87e-06  
   652         653      7.72596e-06              1       1.87e-06  
   653         654      7.72569e-06              1       1.22e-06  
   654         655      7.72545e-06              1       1.15e-06  
   655         656      7.72522e-06              1       9.98e-07  
   656         657      7.72499e-06              1       1.13e-06  
   657         658      7.72476e-06              1       1.08e-06  
   658         659      7.72455e-06              1        1.2e-06  
   659         660      7.72434e-06              1       1.05e-06  
                                                        First-order 
 Iteration  Func-count       f(x)        Step-size       optimality
   660         661      7.72413e-06              1       1.03e-06  
   661         662      7.72393e-06              1       1.14e-06  
   662         663      7.72374e-06              1       1.27e-06  
   663         664      7.72356e-06              1       1.14e-06  
   664         665      7.72338e-06              1       8.15e-07  
   665         666       7.7232e-06              1       1.05e-06  
   666         667      7.72303e-06              1       1.11e-06  
   667         668      7.72285e-06              1       1.16e-06  
   668         669      7.72268e-06              1       1.16e-06  
   669         670      7.72252e-06              1       8.53e-07  
   670         671      7.72238e-06              1       1.02e-06  
   671         672      7.72225e-06              1       8.66e-07  
   672         673      7.72213e-06              1       7.41e-07  
   673         674        7.722e-06              1       7.24e-07  
   674         675      7.72188e-06              1       7.68e-07  
   675         676      7.72176e-06              1       9.12e-07  
   676         677      7.72164e-06              1       8.87e-07  
   677         678      7.72151e-06              1        8.2e-07  
   678         679      7.72139e-06              1          8e-07  
   679         680      7.72126e-06              1       8.17e-07  
                                                        First-order 
 Iteration  Func-count       f(x)        Step-size       optimality
   680         681      7.72114e-06              1       9.73e-07  
   681         682      7.72101e-06              1       9.74e-07  
   682         683      7.72088e-06              1        8.2e-07  
   683         684      7.72075e-06              1       8.59e-07  
   684         685      7.72063e-06              1       8.76e-07  
   685         686       7.7205e-06              1       8.41e-07  
   686         687      7.72038e-06              1       8.87e-07  
   687         688      7.72025e-06              1       8.59e-07  
   688         689      7.72013e-06              1       8.71e-07  
   689         690         7.72e-06              1       8.17e-07  
   690         691      7.71986e-06              1       8.69e-07  
   691         692      7.71973e-06              1        7.7e-07  
   692         693      7.71961e-06              1       8.61e-07  
   693         694       7.7195e-06              1       8.56e-07  
   694         695      7.71939e-06              1       7.68e-07  
   695         696      7.71929e-06              1       7.07e-07  
   696         697       7.7192e-06              1       6.51e-07  
   697         698       7.7191e-06              1        8.1e-07  
   698         699      7.71899e-06              1       9.51e-07  
   699         700      7.71887e-06              1       9.35e-07  
                                                        First-order 
 Iteration  Func-count       f(x)        Step-size       optimality
   700         701      7.71875e-06              1       7.94e-07  
   701         702      7.71864e-06              1       8.26e-07  
   702         703      7.71854e-06              1       7.91e-07  
   703         704      7.71843e-06              1       8.77e-07  
   704         705      7.71833e-06              1       9.45e-07  
   705         706      7.71823e-06              1       7.68e-07  
   706         707      7.71815e-06              1       8.91e-07  
   707         708      7.71806e-06              1       7.64e-07  
   708         709      7.71798e-06              1       7.86e-07  
   709         710       7.7179e-06              1       7.03e-07  
   710         711      7.71781e-06              1       7.34e-07  
   711         712      7.71772e-06              1       6.92e-07  
   712         713      7.71764e-06              1       6.76e-07  
   713         714      7.71756e-06              1       6.03e-07  
   714         715      7.71748e-06              1       5.92e-07  
   715         716      7.71741e-06              1       7.12e-07  
   716         717      7.71734e-06              1       7.59e-07  
   717         718      7.71726e-06              1       7.59e-07  
   718         719      7.71717e-06              1       6.68e-07  
   719         720      7.71708e-06              1       7.12e-07  
                                                        First-order 
 Iteration  Func-count       f(x)        Step-size       optimality
   720         721      7.71699e-06              1       6.77e-07  
   721         722      7.71689e-06              1        7.4e-07  
   722         723      7.71681e-06              1       6.51e-07  
   723         724      7.71672e-06              1          6e-07  
   724         725      7.71664e-06              1       6.57e-07  
   725         726      7.71656e-06              1       7.63e-07  
   726         727      7.71648e-06              1       6.78e-07  
   727         728      7.71641e-06              1       6.66e-07  
   728         729      7.71633e-06              1       6.67e-07  
   729         730      7.71626e-06              1       6.61e-07  
   730         731      7.71618e-06              1       6.79e-07  
   731         732      7.71609e-06              1       6.13e-07  
   732         733      7.71601e-06              1       6.84e-07  
   733         734      7.71593e-06              1       7.62e-07  
   734         735      7.71584e-06              1       6.74e-07  
   735         736      7.71577e-06              1          7e-07  
   736         737      7.71568e-06              1       7.68e-07  
   737         738       7.7156e-06              1       6.41e-07  
   738         739       7.7155e-06              1       6.07e-07  
   739         740       7.7154e-06              1       6.43e-07  
                                                        First-order 
 Iteration  Func-count       f(x)        Step-size       optimality
   740         741      7.71529e-06              1        8.9e-07  
   741         742      7.71519e-06              1       1.08e-06  
   742         743      7.71508e-06              1       9.34e-07  
   743         744      7.71497e-06              1       7.92e-07  
   744         745      7.71486e-06              1       6.51e-07  
   745         746      7.71475e-06              1       6.75e-07  
   746         747      7.71465e-06              1       8.09e-07  
   747         748      7.71455e-06              1       7.46e-07  
   748         749      7.71445e-06              1       6.78e-07  
   749         750      7.71435e-06              1       6.45e-07  
   750         751      7.71425e-06              1       7.06e-07  
   751         752      7.71415e-06              1       9.18e-07  
   752         753      7.71405e-06              1       9.12e-07  
   753         754      7.71394e-06              1       8.62e-07  
   754         755      7.71383e-06              1       9.83e-07  
   755         756      7.71371e-06              1       9.17e-07  
   756         757      7.71359e-06              1       7.07e-07  
   757         758      7.71349e-06              1       7.55e-07  
   758         759      7.71339e-06              1       6.91e-07  
   759         760      7.71331e-06              1       6.02e-07  
                                                        First-order 
 Iteration  Func-count       f(x)        Step-size       optimality
   760         761      7.71323e-06              1        5.9e-07  
   761         762      7.71315e-06              1       6.66e-07  
   762         763      7.71307e-06              1       7.49e-07  
   763         764      7.71299e-06              1       7.44e-07  
   764         765      7.71292e-06              1       5.98e-07  
   765         766      7.71284e-06              1       5.71e-07  
   766         767      7.71276e-06              1       6.75e-07  
   767         768      7.71267e-06              1       6.56e-07  
   768         769      7.71259e-06              1       5.91e-07  
   769         770      7.71253e-06              1       6.33e-07  
   770         771      7.71246e-06              1       6.18e-07  
   771         772       7.7124e-06              1       6.08e-07  
   772         773      7.71234e-06              1       5.92e-07  
   773         774      7.71229e-06              1       6.08e-07  
   774         775      7.71223e-06              1       6.27e-07  
   775         776      7.71216e-06              1       5.88e-07  
   776         777       7.7121e-06              1       5.64e-07  
   777         778      7.71204e-06              1       6.06e-07  
   778         779      7.71198e-06              1       6.22e-07  
   779         780      7.71193e-06              1       5.35e-07  
                                                        First-order 
 Iteration  Func-count       f(x)        Step-size       optimality
   780         781      7.71189e-06              1       5.41e-07  
   781         782      7.71184e-06              1       5.07e-07  
   782         783      7.71179e-06              1       4.95e-07  
   783         784      7.71175e-06              1       5.01e-07  
   784         785      7.71172e-06              1       4.42e-07  
   785         786      7.71168e-06              1       4.05e-07  
   786         787      7.71165e-06              1       3.84e-07  
   787         788      7.71162e-06              1       3.37e-07  
   788         789       7.7116e-06              1       4.09e-07  
   789         790      7.71157e-06              1       3.95e-07  
   790         791      7.71155e-06              1       3.64e-07  
   791         792      7.71152e-06              1       3.92e-07  
   792         793       7.7115e-06              1       3.78e-07  
   793         794      7.71147e-06              1       4.43e-07  
   794         795      7.71144e-06              1       4.28e-07  
   795         796      7.71142e-06              1       4.03e-07  
   796         797      7.71139e-06              1       4.08e-07  
   797         798      7.71136e-06              1       3.97e-07  
   798         799      7.71133e-06              1       4.02e-07  
   799         800       7.7113e-06              1       4.04e-07  
                                                        First-order 
 Iteration  Func-count       f(x)        Step-size       optimality
   800         801      7.71128e-06              1       3.96e-07  
   801         802      7.71125e-06              1        4.4e-07  
   802         803      7.71123e-06              1       4.26e-07  
   803         804       7.7112e-06              1       3.37e-07  
   804         805      7.71118e-06              1       4.71e-07  
   805         806      7.71116e-06              1       4.64e-07  
   806         807      7.71113e-06              1       3.82e-07  
   807         808      7.71111e-06              1       4.36e-07  
   808         809      7.71108e-06              1       3.53e-07  
   809         810      7.71106e-06              1       4.28e-07  
   810         811      7.71104e-06              1       4.04e-07  
   811         812      7.71101e-06              1       4.13e-07  
   812         813      7.71099e-06              1       4.08e-07  
   813         814      7.71097e-06              1       3.61e-07  
   814         815      7.71094e-06              1       4.42e-07  
   815         816      7.71091e-06              1       4.76e-07  
   816         817      7.71089e-06              1       4.02e-07  
   817         818      7.71087e-06              1       2.77e-07  
   818         819      7.71086e-06              1       2.92e-07  
   819         820      7.71084e-06              1        3.1e-07  
                                                        First-order 
 Iteration  Func-count       f(x)        Step-size       optimality
   820         821      7.71082e-06              1       3.44e-07  
   821         822       7.7108e-06              1       3.34e-07  
   822         823      7.71079e-06              1       3.15e-07  
   823         824      7.71077e-06              1       2.91e-07  
   824         825      7.71076e-06              1       2.76e-07  
   825         826      7.71074e-06              1       2.92e-07  
   826         827      7.71073e-06              1       2.61e-07  
   827         828      7.71071e-06              1       2.31e-07  
   828         829       7.7107e-06              1       2.42e-07  
   829         830      7.71069e-06              1       2.59e-07  
   830         831      7.71067e-06              1       3.14e-07  
   831         832      7.71066e-06              1       2.86e-07  
   832         833      7.71064e-06              1       3.23e-07  
   833         834      7.71063e-06              1       2.94e-07  
   834         835      7.71062e-06              1       2.35e-07  
   835         836      7.71061e-06              1       2.08e-07  
   836         837       7.7106e-06              1       2.02e-07  
   837         838      7.71059e-06              1       2.33e-07  
   838         839      7.71058e-06              1       2.11e-07  
   839         840      7.71057e-06              1       2.43e-07  
                                                        First-order 
 Iteration  Func-count       f(x)        Step-size       optimality
   840         841      7.71056e-06              1       2.42e-07  
   841         842      7.71054e-06              1       2.64e-07  
   842         843      7.71053e-06              1       3.06e-07  
   843         844      7.71052e-06              1       2.93e-07  
   844         845       7.7105e-06              1       3.05e-07  
   845         846      7.71049e-06              1       2.69e-07  
   846         847      7.71047e-06              1       3.12e-07  
   847         848      7.71046e-06              1       2.71e-07  
   848         849      7.71044e-06              1       2.65e-07  
   849         850      7.71043e-06              1       2.78e-07  
   850         851      7.71042e-06              1       3.11e-07  
   851         852       7.7104e-06              1       2.81e-07  
   852         853      7.71039e-06              1       2.65e-07  
   853         854      7.71038e-06              1       2.52e-07  
   854         855      7.71036e-06              1       2.62e-07  
   855         856      7.71035e-06              1       3.05e-07  
   856         857      7.71033e-06              1       3.93e-07  
   857         858      7.71032e-06              1       3.94e-07  
   858         859       7.7103e-06              1       3.01e-07  
   859         860      7.71029e-06              1       3.25e-07  
                                                        First-order 
 Iteration  Func-count       f(x)        Step-size       optimality
   860         861      7.71027e-06              1       3.27e-07  
   861         862      7.71025e-06              1       2.64e-07  
   862         863      7.71023e-06              1       3.14e-07  
   863         864      7.71022e-06              1       2.77e-07  
   864         865      7.71021e-06              1       2.55e-07  
   865         866      7.71019e-06              1        2.6e-07  
   866         867      7.71018e-06              1       2.46e-07  
   867         868      7.71017e-06              1        3.2e-07  
   868         869      7.71016e-06              1       4.23e-07  
   869         870      7.71014e-06              1       3.98e-07  
   870         871      7.71013e-06              1       3.13e-07  
   871         872      7.71011e-06              1       3.16e-07  
   872         873      7.71009e-06              1       2.74e-07  
   873         874      7.71008e-06              1       3.38e-07  
   874         875      7.71006e-06              1       3.24e-07  
   875         876      7.71004e-06              1       4.03e-07  
   876         877      7.71002e-06              1       3.75e-07  
   877         878      7.71001e-06              1       2.66e-07  
   878         879      7.70999e-06              1        3.2e-07  
   879         880      7.70997e-06              1          3e-07  
                                                        First-order 
 Iteration  Func-count       f(x)        Step-size       optimality
   880         881      7.70996e-06              1       3.11e-07  
   881         882      7.70994e-06              1       3.06e-07  
   882         883      7.70992e-06              1        2.9e-07  
   883         884       7.7099e-06              1       3.15e-07  
   884         885      7.70988e-06              1       3.18e-07  
   885         886      7.70986e-06              1       3.28e-07  
   886         887      7.70984e-06              1       3.02e-07  
   887         888      7.70982e-06              1       3.03e-07  
   888         889       7.7098e-06              1       3.63e-07  
   889         890      7.70979e-06              1        3.6e-07  
   890         891      7.70976e-06              1        4.4e-07  
   891         892      7.70974e-06              1       4.38e-07  
   892         893      7.70972e-06              1       3.66e-07  
   893         894      7.70969e-06              1       4.23e-07  
   894         895      7.70967e-06              1       3.81e-07  
   895         896      7.70964e-06              1       4.04e-07  
   896         897      7.70961e-06              1       3.88e-07  
   897         898      7.70959e-06              1       3.71e-07  
   898         899      7.70956e-06              1       4.28e-07  
   899         900      7.70954e-06              1       3.59e-07  
                                                        First-order 
 Iteration  Func-count       f(x)        Step-size       optimality
   900         901      7.70951e-06              1       3.71e-07  
   901         902      7.70949e-06              1       3.37e-07  
   902         903      7.70947e-06              1       3.26e-07  
   903         904      7.70944e-06              1       3.39e-07  
   904         905      7.70942e-06              1        3.9e-07  
   905         906       7.7094e-06              1       3.43e-07  
   906         907      7.70937e-06              1       3.87e-07  
   907         908      7.70934e-06              1       4.19e-07  
   908         909      7.70932e-06              1       4.68e-07  
   909         910      7.70929e-06              1       3.95e-07  
   910         911      7.70927e-06              1       3.52e-07  
   911         912      7.70924e-06              1       4.19e-07  
   912         913      7.70922e-06              1       3.63e-07  
   913         914       7.7092e-06              1       3.58e-07  
   914         915      7.70918e-06              1       3.67e-07  
   915         916      7.70916e-06              1       3.01e-07  
   916         917      7.70915e-06              1       3.33e-07  
   917         918      7.70913e-06              1       3.08e-07  
   918         919      7.70912e-06              1       2.94e-07  
   919         920       7.7091e-06              1       2.73e-07  
                                                        First-order 
 Iteration  Func-count       f(x)        Step-size       optimality
   920         921      7.70909e-06              1       2.52e-07  
   921         922      7.70907e-06              1       2.71e-07  
   922         923      7.70906e-06              1       3.15e-07  
   923         924      7.70905e-06              1       3.14e-07  
   924         925      7.70903e-06              1       2.62e-07  
   925         926      7.70902e-06              1       2.55e-07  
   926         927      7.70901e-06              1       2.31e-07  
   927         928        7.709e-06              1       2.23e-07  
   928         929      7.70899e-06              1       2.46e-07  
   929         930      7.70898e-06              1       2.74e-07  
   930         931      7.70896e-06              1       2.57e-07  
   931         932      7.70895e-06              1       2.57e-07  
   932         933      7.70894e-06              1       2.54e-07  
   933         934      7.70893e-06              1       2.43e-07  
   934         935      7.70892e-06              1       2.17e-07  
   935         936      7.70891e-06              1       1.92e-07  
   936         937       7.7089e-06              1       2.18e-07  
   937         938      7.70889e-06              1       2.32e-07  
   938         939      7.70888e-06              1       2.55e-07  
   939         940      7.70887e-06              1       2.57e-07  
                                                        First-order 
 Iteration  Func-count       f(x)        Step-size       optimality
   940         941      7.70886e-06              1       2.27e-07  
   941         942      7.70885e-06              1       2.68e-07  
   942         943      7.70884e-06              1       2.44e-07  
   943         944      7.70884e-06              1       2.38e-07  
   944         945      7.70883e-06              1       2.26e-07  
   945         946      7.70882e-06              1       2.01e-07  
   946         947      7.70881e-06              1       1.92e-07  
   947         948      7.70881e-06              1       1.91e-07  
   948         949       7.7088e-06              1       1.89e-07  
   949         950      7.70879e-06              1       2.06e-07  
   950         951      7.70879e-06              1       1.77e-07  
   951         952      7.70878e-06              1       1.64e-07  
   952         953      7.70877e-06              1       1.59e-07  
   953         954      7.70877e-06              1       2.05e-07  
   954         955      7.70876e-06              1       1.96e-07  
   955         956      7.70876e-06              1       1.41e-07  
   956         957      7.70875e-06              1       1.38e-07  
   957         958      7.70875e-06              1        1.5e-07  
   958         959      7.70875e-06              1       1.45e-07  
   959         960      7.70874e-06              1       1.65e-07  
                                                        First-order 
 Iteration  Func-count       f(x)        Step-size       optimality
   960         961      7.70874e-06              1       1.51e-07  
   961         962      7.70873e-06              1       1.36e-07  
   962         963      7.70873e-06              1        1.4e-07  
   963         964      7.70873e-06              1       1.66e-07  
   964         965      7.70872e-06              1       1.89e-07  
   965         966      7.70872e-06              1       1.51e-07  
   966         967      7.70872e-06              1       1.34e-07  
   967         968      7.70871e-06              1       1.27e-07  
   968         969      7.70871e-06              1       1.14e-07  
   969         970      7.70871e-06              1       1.17e-07  
   970         971       7.7087e-06              1       1.08e-07  
   971         972       7.7087e-06              1       1.05e-07  
   972         973       7.7087e-06              1       1.05e-07  
   973         974       7.7087e-06              1        1.1e-07  
   974         975       7.7087e-06              1       1.24e-07  
   975         976      7.70869e-06              1       1.13e-07  
   976         977      7.70869e-06              1       1.01e-07  

Optimization completed: The <a href = "matlab: helpview([docroot '/toolbox/optim/msg_csh/optim_msg_csh.map'],'first_order_opt_unc','CSHelpWindow');">first-order optimality measure</a>, 9.877347e-08, is less 
than <a href = "matlab: helpview([docroot '/toolbox/optim/msg_csh/optim_msg_csh.map'],'tolfun','CSHelpWindow');">options.TolFun</a> = 1.000000e-07.

Optimization Metric                                            Options
relative norm(gradient) =   9.88e-08                  TolFun =   1e-07 (selected)

