                                                        First-order 
 Iteration  Func-count       f(x)        Step-size       optimality
     0           1        0.0800489                       0.00145
     1          13        0.0125059        666.281           0.03  
     2          19        0.0125048    6.13591e-05         0.0158  
     3          20        0.0102537              1          0.421  
     4          21       0.00804576              1         0.0136  
     5          22       0.00594284              1          0.253  
     6          23       0.00454986              1         0.0737  
     7          24       0.00356342              1          0.106  
     8          25       0.00221093              1          0.151  
     9          26       0.00205892              1         0.0691  
    10          27       0.00197549              1       0.000137  
    11          28       0.00195888              1        0.00973  
    12          29       0.00195173              1        0.00456  
    13          30       0.00194059              1         0.0019  
    14          31       0.00191149              1        0.00978  
    15          38         0.001702        2.40625          0.073  
    16          41        0.0016974       0.166418         0.0764  
    17          42       0.00164907              1          0.143  
    18          43       0.00160936              1          0.105  
    19          45       0.00149638       0.626506         0.0153  
                                                        First-order 
 Iteration  Func-count       f(x)        Step-size       optimality
    20          46       0.00149376              1         0.0031  
    21          47       0.00149194              1        0.00788  
    22          48       0.00148905              1         0.0144  
    23          49       0.00147668              1         0.0363  
    24          50       0.00145001              1         0.0618  
    25          51       0.00138981              1         0.0945  
    26          52       0.00129825              1         0.0986  
    27          53       0.00121452              1         0.0607  
    28          54        0.0011791              1        0.00672  
    29          55       0.00116878              1       0.000667  
    30          56       0.00115895              1         0.0546  
    31          60       0.00115327      0.0482197         0.0874  
    32          61       0.00114534              1         0.0758  
    33          62       0.00111784              1        0.00108  
    34          63        0.0011142              1       0.000751  
    35          64       0.00111312              1        0.00293  
    36          65       0.00111277              1       6.73e-05  
    37          66       0.00111236              1       0.000659  
    38          67        0.0011113              1        0.00491  
    39          68       0.00110803              1         0.0129  
                                                        First-order 
 Iteration  Func-count       f(x)        Step-size       optimality
    40          70       0.00110447       0.636469         0.0219  
    41          71       0.00109653              1           0.02  
    42          72       0.00108835              1         0.0205  
    43          74       0.00108486        0.34794        0.00675  
    44          75        0.0010836              1        0.00334  
    45          76       0.00108328              1        0.00465  
    46          77       0.00108224              1        0.00401  
    47          78        0.0010815              1         0.0019  
    48          79       0.00108038              1       0.000284  
    49          80       0.00107709              1        0.00434  
    50          81       0.00107131              1        0.00771  
    51          82       0.00105545              1         0.0159  
    52          83       0.00103383              1         0.0354  
    53          84      0.000990566              1         0.0452  
    54          85      0.000866994              1         0.0615  
    55          87      0.000817331       0.316698        0.00629  
    56          90      0.000775225           0.25         0.0244  
    57          91      0.000756193              1         0.0668  
    58          92        0.0007071              1         0.0326  
    59          93      0.000688951              1        0.00882  
                                                        First-order 
 Iteration  Func-count       f(x)        Step-size       optimality
    60          94      0.000677484              1         0.0278  
    61          95      0.000660268              1        0.00802  
    62          96      0.000647544              1        0.00426  
    63          97      0.000641122              1         0.0205  
    64          98      0.000633241              1        0.00899  
    65          99      0.000622181              1         0.0143  
    66         102      0.000609953           0.25          0.032  
    67         104      0.000597183       0.458807         0.0373  
    68         106      0.000583782       0.462451        0.00713  
    69         107      0.000570955              1        0.00228  
    70         110       0.00056041       0.178213         0.0226  
    71         111      0.000546387              1         0.0324  
    72         112      0.000527939              1         0.0312  
    73         113      0.000517477              1         0.0115  
    74         114      0.000507411              1         0.0116  
    75         115      0.000502858              1        0.00826  
    76         116      0.000499955              1        0.00625  
    77         118      0.000496864       0.389332        0.00334  
    78         119      0.000494484              1        0.00353  
    79         120       0.00048291              1         0.0219  
                                                        First-order 
 Iteration  Func-count       f(x)        Step-size       optimality
    80         121      0.000458249              1         0.0196  
    81         124      0.000437516           0.25       0.000548  
    82         126      0.000415046            0.5         0.0116  
    83         128      0.000375389       0.681496         0.0126  
    84         129      0.000366031              1          0.015  
    85         130      0.000354674              1         0.0191  
    86         131      0.000348404              1         0.0719  
    87         132      0.000341394              1         0.0474  
    88         133      0.000333666              1         0.0295  
    89         134       0.00031992              1        0.00515  
    90         136      0.000314121        0.40649         0.0149  
    91         137      0.000310222              1        0.00939  
    92         138      0.000307947              1         0.0158  
    93         139      0.000301264              1          0.015  
    94         140      0.000293919              1        0.00892  
    95         141      0.000287181              1         0.0183  
    96         142      0.000284237              1         0.0151  
    97         143       0.00028071              1         0.0101  
    98         145      0.000271574       0.598094         0.0306  
    99         146      0.000259868              1         0.0299  
                                                        First-order 
 Iteration  Func-count       f(x)        Step-size       optimality
   100         148      0.000249188       0.661922         0.0305  
   101         150      0.000240401       0.414901         0.0124  
   102         151      0.000236338              1         0.0114  
   103         154      0.000233745       0.191776       0.000422  
   104         157      0.000226692       0.208667        0.00123  
   105         158      0.000223673              1         0.0128  
   106         159      0.000221611              1         0.0139  
   107         160      0.000218997              1         0.0126  
   108         161      0.000216594              1         0.0032  
   109         162      0.000215315              1       0.000725  
   110         163      0.000214113              1        0.00423  
   111         164      0.000213531              1       0.000767  
   112         165      0.000213191              1       4.28e-05  
   113         166       0.00021277              1        0.00127  
   114         167      0.000212401              1        0.00064  
   115         168      0.000212043              1        0.00106  
   116         169      0.000211683              1         0.0028  
   117         170      0.000211002              1        0.00422  
   118         171      0.000209827              1        0.00494  
   119         172      0.000207598              1        0.00572  
                                                        First-order 
 Iteration  Func-count       f(x)        Step-size       optimality
   120         173       0.00020397              1         0.0191  
   121         174      0.000201249              1         0.0154  
   122         176      0.000199242       0.315381        0.00446  
   123         177      0.000194814              1        0.00496  
   124         178        0.0001936              1         0.0114  
   125         179      0.000191906              1        0.00383  
   126         180      0.000190951              1        0.00338  
   127         181      0.000185461              1         0.0211  
   128         182      0.000181428              1        0.00344  
   129         183      0.000178251              1         0.0198  
   130         184      0.000174015              1        0.00217  
   131         185      0.000171856              1        0.00368  
   132         187      0.000171131       0.474725        0.00916  
   133         188      0.000170565              1        0.00103  
   134         189      0.000170405              1        0.00161  
   135         190       0.00017027              1        0.00263  
   136         191      0.000170121              1        0.00369  
   137         192      0.000169864              1         0.0026  
   138         196       0.00016761        2.18469        0.00851  
   139         198      0.000166948       0.595837         0.0155  
                                                        First-order 
 Iteration  Func-count       f(x)        Step-size       optimality
   140         199      0.000164518              1        0.00696  
   141         200       0.00016305              1        0.00445  
   142         202      0.000161682       0.465876        0.00504  
   143         203      0.000161071              1        0.00705  
   144         204      0.000160534              1        0.00357  
   145         205      0.000160145              1        0.00322  
   146         206       0.00015954              1        0.00242  
   147         207      0.000159242              1        0.00353  
   148         208      0.000158727              1        0.00441  
   149         209      0.000157289              1       0.000147  
   150         210      0.000156827              1        0.00349  
   151         211      0.000156112              1        0.00348  
   152         212       0.00015527              1        0.00066  
   153         213      0.000154745              1        0.00305  
   154         214      0.000154128              1        0.00354  
   155         215      0.000153569              1        0.00293  
   156         216      0.000153428              1        0.00687  
   157         217       0.00015307              1        0.00269  
   158         218      0.000152887              1       0.000644  
   159         219      0.000152574              1        0.00354  
                                                        First-order 
 Iteration  Func-count       f(x)        Step-size       optimality
   160         220      0.000152108              1         0.0051  
   161         221      0.000151541              1        0.00491  
   162         223      0.000150865       0.603497        0.00651  
   163         224      0.000150084              1         0.0049  
   164         225      0.000149939              1         0.0133  
   165         226      0.000149341              1        0.00447  
   166         227      0.000148919              1        0.00165  
   167         228       0.00014852              1        0.00204  
   168         229      0.000147963              1        0.00184  
   169         230      0.000147408              1        0.00259  
   170         231      0.000146474              1       0.000941  
   171         232      0.000144843              1       0.000163  
   172         234      0.000142324       0.498603         0.0126  
   173         235       0.00014013              1         0.0127  
   174         236       0.00013983              1        0.00383  
   175         237      0.000139127              1        0.00173  
   176         238      0.000138936              1        0.00369  
   177         239      0.000138817              1        0.00267  
   178         240      0.000138529              1       0.000462  
   179         241        0.0001382              1       9.93e-05  
                                                        First-order 
 Iteration  Func-count       f(x)        Step-size       optimality
   180         242      0.000137304              1        0.00182  
   181         243      0.000136397              1        0.00435  
   182         244      0.000135245              1        0.00467  
   183         245      0.000134763              1        0.00375  
   184         246       0.00013458              1        0.00172  
   185         247      0.000134441              1       0.000884  
   186         248      0.000134295              1        0.00333  
   187         249      0.000134119              1        0.00295  
   188         250      0.000133868              1        0.00273  
   189         251      0.000132721              1       0.000898  
   190         252      0.000131412              1        0.00631  
   191         253      0.000129149              1        0.00475  
   192         254      0.000128015              1        0.00521  
   193         255      0.000126871              1        0.00555  
   194         256      0.000126175              1       0.000993  
   195         257      0.000125409              1        0.00263  
   196         259      0.000125113       0.607156        0.00609  
   197         260      0.000124903              1       0.000882  
   198         261      0.000124735              1         0.0013  
   199         262      0.000124635              1        0.00105  
                                                        First-order 
 Iteration  Func-count       f(x)        Step-size       optimality
   200         263      0.000124528              1       9.27e-05  
   201         264      0.000124358              1       0.000139  
   202         265      0.000124095              1       0.000765  
   203         266      0.000123732              1        0.00128  
   204         267      0.000123161              1        0.00266  
   205         268      0.000122626              1       0.000514  
   206         269      0.000122246              1         0.0026  
   207         270      0.000121681              1        0.00356  
   208         271        0.0001213              1         0.0035  
   209         272      0.000120825              1        0.00355  
   210         273      0.000120373              1       0.000164  
   211         274      0.000120092              1         0.0031  
   212         275      0.000119515              1       0.000454  
   213         276      0.000119038              1       0.000919  
   214         277      0.000118876              1       9.26e-05  
   215         278      0.000118753              1       0.000217  
   216         280      0.000118167       0.661303        0.00138  
   217         281      0.000117904              1        0.00123  
   218         283      0.000117612        0.36069        0.00201  
   219         284       0.00011739              1        0.00243  
                                                        First-order 
 Iteration  Func-count       f(x)        Step-size       optimality
   220         285       0.00011725              1       0.000463  
   221         286      0.000117145              1        0.00103  
   222         287      0.000116995              1        0.00286  
   223         288      0.000116904              1        0.00221  
   224         289      0.000116654              1        0.00235  
   225         290      0.000116459              1        0.00283  
   226         291      0.000116403              1       0.000368  
   227         292      0.000116272              1        0.00173  
   228         293      0.000116113              1        0.00278  
   229         294      0.000115805              1        0.00307  
   230         295      0.000115572              1        0.00255  
   231         296      0.000115248              1       9.29e-05  
   232         297      0.000115062              1       0.000326  
   233         298       0.00011494              1       0.000667  
   234         299      0.000114874              1        0.00112  
   235         300      0.000114838              1       0.000879  
   236         301      0.000114775              1         0.0022  
   237         302      0.000114705              1        0.00222  
   238         303      0.000114543              1        0.00303  
   239         304      0.000114231              1        0.00252  
                                                        First-order 
 Iteration  Func-count       f(x)        Step-size       optimality
   240         305      0.000113788              1       0.000965  
   241         307      0.000113193       0.760534         0.0051  
   242         309      0.000112934       0.649589        0.00805  
   243         310      0.000112749              1        0.00397  
   244         311      0.000112333              1        0.00322  
   245         312      0.000112192              1       0.000144  
   246         313      0.000112081              1        0.00139  
   247         314      0.000111937              1        0.00191  
   248         315      0.000111872              1         0.0049  
   249         316      0.000111753              1       0.000425  
   250         317       0.00011169              1       0.000528  
   251         318      0.000111543              1        0.00122  
   252         319      0.000111417              1        0.00187  
   253         320      0.000111112              1         0.0026  
   254         321      0.000110814              1        0.00409  
   255         322        0.0001101              1        0.00341  
   256         323        0.0001093              1        0.00744  
   257         324      0.000108295              1        0.00155  
   258         325      0.000107336              1        0.00072  
   259         326      0.000106803              1       0.000516  
                                                        First-order 
 Iteration  Func-count       f(x)        Step-size       optimality
   260         327      0.000106668              1       0.000584  
   261         328      0.000106623              1       0.000647  
   262         329      0.000106591              1       0.000117  
   263         330      0.000106545              1       0.000448  
   264         331      0.000106423              1       0.000361  
   265         332      0.000106182              1        0.00171  
   266         333      0.000105832              1        0.00218  
   267         334      0.000105464              1        0.00422  
   268         335      0.000104798              1        0.00289  
   269         336      0.000103704              1        0.00315  
   270         337      0.000103111              1        0.00588  
   271         338      0.000102722              1         0.0031  
   272         339       0.00010249              1        0.00267  
   273         340      0.000102336              1       0.000764  
   274         341      0.000102253              1        0.00287  
   275         342      0.000102074              1       0.000897  
   276         343      0.000101914              1       0.000914  
   277         344       0.00010177              1       0.000102  
   278         345      0.000101701              1        0.00423  
   279         346      0.000101504              1       0.000102  
                                                        First-order 
 Iteration  Func-count       f(x)        Step-size       optimality
   280         347      0.000101345              1       0.000862  
   281         348      0.000100699              1       0.000816  
   282         349      0.000100435              1       0.000835  
   283         350      0.000100145              1       0.000667  
   284         351      9.99718e-05              1        0.00501  
   285         352      9.98414e-05              1        0.00117  
   286         353      9.95381e-05              1        0.00113  
   287         354      9.93965e-05              1        0.00145  
   288         355      9.92993e-05              1       0.000219  
   289         356      9.92037e-05              1        0.00191  
   290         357       9.9021e-05              1        0.00236  
   291         358       9.8934e-05              1        0.00146  
   292         360      9.88133e-05       0.452367       0.000286  
   293         361      9.87338e-05              1       0.000658  
   294         362        9.859e-05              1       0.000643  
   295         363      9.82972e-05              1        0.00226  
   296         364      9.79974e-05              1       0.000511  
   297         365      9.75779e-05              1        0.00139  
   298         366      9.74795e-05              1         0.0078  
   299         367      9.71912e-05              1        0.00024  
                                                        First-order 
 Iteration  Func-count       f(x)        Step-size       optimality
   300         368         9.71e-05              1        0.00037  
   301         369      9.70027e-05              1       0.000207  
   302         371      9.67388e-05       0.473267         0.0018  
   303         372      9.64922e-05              1        0.00107  
   304         373       9.6042e-05              1       0.000375  
   305         376      9.54874e-05       0.196984        0.00684  
   306         377      9.45263e-05              1        0.00246  
   307         378       9.3515e-05              1        0.00282  
   308         379      9.31664e-05              1          0.012  
   309         380      9.24846e-05              1        0.00318  
   310         381      9.19967e-05              1       0.000937  
   311         382       9.1705e-05              1       0.000943  
   312         383      9.14382e-05              1        0.00233  
   313         384      9.11496e-05              1        0.00122  
   314         385      9.07961e-05              1        0.00225  
   315         386      9.04002e-05              1          0.001  
   316         387      9.01136e-05              1        0.00432  
   317         388      8.98502e-05              1        0.00449  
   318         389      8.96489e-05              1       0.000724  
   319         391      8.95919e-05       0.369511        0.00238  
                                                        First-order 
 Iteration  Func-count       f(x)        Step-size       optimality
   320         392      8.95224e-05              1        0.00265  
   321         393      8.94868e-05              1         0.0021  
   322         394      8.94272e-05              1        0.00152  
   323         395       8.9327e-05              1       0.000509  
   324         396      8.91423e-05              1       5.85e-05  
   325         397      8.89766e-05              1        0.00228  
   326         398      8.87518e-05              1        0.00238  
   327         399      8.85419e-05              1        0.00111  
   328         400       8.8347e-05              1        0.00379  
   329         401      8.81603e-05              1        0.00201  
   330         402      8.80548e-05              1        0.00283  
   331         403      8.79246e-05              1        0.00311  
   332         404       8.7823e-05              1        0.00311  
   333         405      8.75462e-05              1        0.00238  
   334         406      8.73727e-05              1        0.00199  
   335         407      8.70936e-05              1       0.000753  
   336         408      8.69169e-05              1          0.003  
   337         409      8.67695e-05              1        0.00128  
   338         410      8.63895e-05              1       0.000476  
   339         412      8.63282e-05       0.219982        0.00126  
                                                        First-order 
 Iteration  Func-count       f(x)        Step-size       optimality
   340         413       8.6198e-05              1        0.00133  
   341         414      8.61101e-05              1        0.00107  
   342         415      8.60747e-05              1       0.000426  
   343         416      8.60373e-05              1        0.00017  
   344         417      8.60051e-05              1        0.00014  
   345         418      8.59832e-05              1       0.000839  
   346         419      8.59605e-05              1       0.000431  
   347         420       8.5942e-05              1        0.00111  
   348         421       8.5925e-05              1       0.000925  
   349         422      8.58828e-05              1       0.000978  
   350         423      8.57977e-05              1       0.000996  
   351         424      8.55779e-05              1       0.000712  
   352         425      8.51349e-05              1       0.000792  
   353         426      8.45204e-05              1        0.00514  
   354         427      8.39376e-05              1        0.00266  
   355         428      8.31078e-05              1        0.00155  
   356         430      8.27042e-05       0.634322        0.00701  
   357         431      8.24982e-05              1        0.00253  
   358         432      8.23039e-05              1        0.00617  
   359         433      8.20384e-05              1        0.00148  
                                                        First-order 
 Iteration  Func-count       f(x)        Step-size       optimality
   360         434       8.1885e-05              1        0.00183  
   361         435      8.17199e-05              1        0.00308  
   362         436      8.16233e-05              1        0.00151  
   363         437      8.15894e-05              1       3.12e-05  
   364         439      8.15628e-05            0.5       0.000846  
   365         440      8.15416e-05              1        0.00012  
   366         441      8.15169e-05              1       0.000469  
   367         442      8.14962e-05              1       0.000828  
   368         443      8.14772e-05              1       0.000397  
   369         444       8.1458e-05              1       0.000215  
   370         445      8.14313e-05              1       0.000192  
   371         446      8.13753e-05              1        0.00113  
   372         447      8.13215e-05              1        0.00131  
   373         448      8.11664e-05              1        0.00202  
   374         449      8.09803e-05              1        0.00173  
   375         450      8.05707e-05              1        0.00312  
   376         451      8.00671e-05              1        0.00302  
   377         452       7.9463e-05              1        0.00494  
   378         454      7.92807e-05       0.251994       0.000775  
   379         455      7.90032e-05              1        0.00121  
                                                        First-order 
 Iteration  Func-count       f(x)        Step-size       optimality
   380         456      7.88058e-05              1       0.000199  
   381         457      7.86956e-05              1        0.00045  
   382         459      7.85814e-05       0.362084       0.000515  
   383         460      7.84871e-05              1        0.00169  
   384         461      7.83932e-05              1       0.000692  
   385         462      7.83195e-05              1       0.000911  
   386         463      7.82589e-05              1       0.000153  
   387         464      7.82171e-05              1        0.00124  
   388         465      7.81629e-05              1       0.000653  
   389         466      7.81119e-05              1       0.000809  
   390         467      7.80644e-05              1       0.000673  
   391         468      7.80458e-05              1       0.000751  
   392         469      7.80283e-05              1        0.00181  
   393         470      7.80207e-05              1        0.00039  
   394         471      7.79904e-05              1        0.00137  
   395         472      7.79493e-05              1        0.00178  
   396         475      7.78307e-05       0.240492       0.000554  
   397         476      7.77802e-05              1       0.000589  
   398         477        7.773e-05              1         0.0015  
   399         479      7.76987e-05         0.4199       0.000194  
                                                        First-order 
 Iteration  Func-count       f(x)        Step-size       optimality
   400         480      7.76704e-05              1       6.41e-05  
   401         482      7.76404e-05       0.403643       0.000113  
   402         483      7.76173e-05              1       0.000292  
   403         484      7.75824e-05              1       0.000934  
   404         485      7.75629e-05              1       0.000525  
   405         486      7.75352e-05              1       0.000369  
   406         487      7.74921e-05              1       0.000264  
   407         488       7.7408e-05              1       0.000167  
   408         489      7.73312e-05              1        0.00126  
   409         490      7.71491e-05              1        0.00123  
   410         491      7.69218e-05              1        0.00204  
   411         492      7.67558e-05              1        0.00822  
   412         493      7.64569e-05              1        0.00214  
   413         494      7.62687e-05              1       0.000673  
   414         495      7.61557e-05              1       0.000944  
   415         496      7.60192e-05              1        0.00149  
   416         497      7.59574e-05              1       0.000806  
   417         498      7.58916e-05              1       0.000786  
   418         501      7.58389e-05       0.109259       0.000484  
   419         502       7.5801e-05              1       0.000817  
                                                        First-order 
 Iteration  Func-count       f(x)        Step-size       optimality
   420         503      7.57568e-05              1        0.00154  
   421         504      7.57253e-05              1        0.00149  
   422         505      7.56976e-05              1        0.00179  
   423         506      7.56686e-05              1       0.000713  
   424         507      7.56393e-05              1       0.000491  
   425         508      7.56003e-05              1       1.78e-05  
   426         509      7.55429e-05              1       0.000559  
   427         511      7.54813e-05       0.343206        0.00192  
   428         512      7.54167e-05              1        0.00116  
   429         513      7.53247e-05              1        0.00102  
   430         514      7.52888e-05              1        6.7e-05  
   431         515      7.52549e-05              1        0.00057  
   432         516      7.52064e-05              1        0.00165  
   433         517      7.51635e-05              1        0.00139  
   434         518       7.5071e-05              1        0.00203  
   435         519      7.49038e-05              1        0.00256  
   436         520      7.47929e-05              1        0.00478  
   437         521      7.45275e-05              1         0.0039  
   438         522       7.4207e-05              1        0.00411  
   439         523      7.39438e-05              1        0.00343  
                                                        First-order 
 Iteration  Func-count       f(x)        Step-size       optimality
   440         524      7.37607e-05              1        0.00417  
   441         525       7.3502e-05              1       0.000714  
   442         526      7.32494e-05              1        0.00464  
   443         527      7.30704e-05              1         0.0017  
   444         528       7.2956e-05              1        0.00109  
   445         529       7.2874e-05              1        0.00061  
   446         530      7.28243e-05              1       0.000877  
   447         531      7.27937e-05              1       0.000416  
   448         532      7.27652e-05              1       0.000396  
   449         533      7.27274e-05              1       0.000266  
   450         534       7.2685e-05              1       0.000121  
   451         536      7.26434e-05       0.355452       0.000957  
   452         537      7.26053e-05              1       0.000376  
   453         538      7.25637e-05              1        0.00048  
   454         539       7.2521e-05              1         0.0002  
   455         540      7.24867e-05              1        0.00037  
   456         541      7.24625e-05              1       0.000639  
   457         542      7.24441e-05              1       0.000385  
   458         543      7.24121e-05              1       0.000632  
   459         544      7.23736e-05              1       0.000637  
                                                        First-order 
 Iteration  Func-count       f(x)        Step-size       optimality
   460         545       7.2294e-05              1       0.000681  
   461         546      7.21657e-05              1        0.00066  
   462         548      7.21007e-05       0.365879         0.0017  
   463         549      7.19557e-05              1        0.00201  
   464         550       7.1782e-05              1        0.00225  
   465         551      7.13898e-05              1       0.000777  
   466         552      7.10857e-05              1        0.00207  
   467         553      7.06653e-05              1       2.44e-05  
   468         555      7.04633e-05            0.5         0.0027  
   469         556      7.01601e-05              1        0.00327  
   470         557      7.00691e-05              1       0.000291  
   471         558      6.99455e-05              1        0.00413  
   472         559      6.98168e-05              1        0.00198  
   473         560      6.97247e-05              1        0.00148  
   474         561      6.96228e-05              1        0.00164  
   475         562       6.9588e-05              1        0.00194  
   476         563      6.95238e-05              1       0.000691  
   477         564      6.95049e-05              1       1.51e-05  
   478         565        6.949e-05              1       0.000454  
   479         566      6.94654e-05              1       0.000489  
                                                        First-order 
 Iteration  Func-count       f(x)        Step-size       optimality
   480         567      6.94519e-05              1       0.000656  
   481         568      6.94236e-05              1       0.000557  
   482         569       6.9394e-05              1        0.00018  
   483         570      6.93691e-05              1        0.00103  
   484         571       6.9331e-05              1       0.000743  
   485         572      6.92642e-05              1        0.00105  
   486         573      6.91296e-05              1       0.000299  
   487         574      6.88956e-05              1        0.00215  
   488         576      6.87575e-05       0.582422        0.00085  
   489         577      6.83166e-05              1       0.000904  
   490         578      6.78322e-05              1          0.002  
   491         580      6.74599e-05       0.486013        0.00449  
   492         581       6.6941e-05              1        0.00663  
   493         582      6.62456e-05              1        0.00272  
   494         583      6.57766e-05              1        0.00434  
   495         585      6.53742e-05       0.446868        0.00106  
   496         587      6.50915e-05       0.640494        0.00382  
   497         588      6.49578e-05              1       0.000448  
   498         589      6.46654e-05              1        0.00393  
   499         590      6.45511e-05              1       0.000636  
                                                        First-order 
 Iteration  Func-count       f(x)        Step-size       optimality
   500         591      6.44642e-05              1        0.00154  
   501         592      6.44102e-05              1         0.0014  

<a href = "matlab: helpview([docroot '/toolbox/optim/msg_csh/optim_msg_csh.map'],'solver_stopped_premature','CSHelpWindow');">Solver stopped prematurely</a>.

fminunc stopped because it exceeded the iteration limit,
<a href = "matlab: helpview([docroot '/toolbox/optim/msg_csh/optim_msg_csh.map'],'max_iter','CSHelpWindow');">options.MaxIter</a> = 500 (the selected value).

                                                        First-order 
 Iteration  Func-count       f(x)        Step-size       optimality
     0           1         0.239307                        0.0827
     1           4        0.0863516        3.31502         0.0817  
     2           6        0.0785239       0.206009          0.194  
     3           8         0.055497       0.407594          0.115  
     4           9        0.0385714              1         0.0241  
     5          10        0.0342018              1         0.0715  
     6          11        0.0306435              1          0.105  
     7          12        0.0259138              1         0.0299  
     8          13         0.023564              1         0.0263  
     9          14        0.0212889              1         0.0251  
    10          15         0.019299              1         0.0195  
    11          16        0.0172001              1         0.0116  
    12          17        0.0155318              1        0.00783  
    13          18        0.0138871              1         0.0105  
    14          19        0.0127136              1        0.00666  
    15          20        0.0115383              1        0.00579  
    16          21        0.0105121              1        0.00988  
    17          22       0.00944658              1        0.00512  
    18          23       0.00872768              1        0.00559  
    19          24         0.007895              1        0.00441  
                                                        First-order 
 Iteration  Func-count       f(x)        Step-size       optimality
    20          25       0.00731833              1        0.00468  
    21          26       0.00660061              1        0.00348  
    22          27       0.00604994              1        0.00322  
    23          28       0.00554199              1        0.00266  
    24          29        0.0051743              1        0.00248  
    25          30       0.00482259              1        0.00206  
    26          31       0.00453115              1         0.0023  
    27          32       0.00424228              1        0.00201  
    28          33       0.00397457              1        0.00187  
    29          34       0.00373494              1        0.00165  
    30          35       0.00352689              1        0.00164  
    31          36       0.00332564              1        0.00185  
    32          37       0.00314523              1        0.00186  
    33          38       0.00297546              1         0.0014  
    34          39        0.0028295              1        0.00154  
    35          40       0.00269176              1        0.00132  
    36          41       0.00256701              1        0.00134  
    37          42        0.0024397              1        0.00116  
    38          43       0.00232652              1        0.00177  
    39          44       0.00222013              1        0.00186  
                                                        First-order 
 Iteration  Func-count       f(x)        Step-size       optimality
    40          45        0.0021197              1         0.0011  
    41          46       0.00201557              1        0.00104  
    42          47       0.00192211              1        0.00125  
    43          48       0.00183871              1        0.00109  
    44          49       0.00176555              1       0.000894  
    45          50       0.00169704              1        0.00104  
    46          51       0.00163191              1       0.000774  
    47          52       0.00156823              1       0.000958  
    48          53       0.00151142              1       0.000785  
    49          54       0.00145686              1       0.000793  
    50          55       0.00140571              1       0.000827  
    51          56       0.00135325              1       0.000793  
    52          57       0.00130472              1       0.000749  
    53          58       0.00125857              1       0.000685  
    54          59       0.00121732              1        0.00067  
    55          60       0.00117604              1       0.000714  
    56          61       0.00113888              1       0.000619  
    57          62       0.00110447              1       0.000598  
    58          63        0.0010713              1         0.0007  
    59          64        0.0010364              1       0.000904  
                                                        First-order 
 Iteration  Func-count       f(x)        Step-size       optimality
    60          65       0.00100276              1       0.000728  
    61          66      0.000973272              1       0.000494  
    62          67      0.000947909              1       0.000433  
    63          68      0.000922703              1       0.000578  
    64          69      0.000896392              1       0.000628  
    65          70      0.000869694              1        0.00048  
    66          71      0.000844821              1       0.000541  
    67          72      0.000821197              1       0.000504  
    68          73      0.000798703              1       0.000675  
    69          74      0.000776806              1       0.000611  
    70          75      0.000756235              1       0.000573  
    71          76      0.000735896              1       0.000515  
    72          77      0.000716871              1       0.000556  
    73          78      0.000698407              1       0.000497  
    74          79       0.00068066              1       0.000434  
    75          80       0.00066296              1       0.000517  
    76          81      0.000645844              1       0.000466  
    77          82       0.00062876              1       0.000473  
    78          83      0.000613031              1       0.000397  
    79          84      0.000598278              1       0.000512  
                                                        First-order 
 Iteration  Func-count       f(x)        Step-size       optimality
    80          85      0.000584579              1       0.000413  
    81          86      0.000570935              1       0.000418  
    82          87      0.000558253              1       0.000341  
    83          88      0.000546335              1       0.000467  
    84          89      0.000535481              1       0.000428  
    85          90      0.000524322              1       0.000389  
    86          91      0.000513436              1       0.000368  
    87          92      0.000502934              1       0.000386  
    88          93      0.000493729              1       0.000467  
    89          94      0.000484945              1       0.000352  
    90          95      0.000476104              1       0.000343  
    91          96       0.00046695              1       0.000296  
    92          97       0.00045887              1       0.000347  
    93          98      0.000451806              1       0.000311  
    94          99      0.000445015              1       0.000297  
    95         100      0.000437645              1       0.000313  
    96         101      0.000430161              1       0.000304  
    97         102      0.000423096              1       0.000248  
    98         103      0.000416752              1       0.000255  
    99         104       0.00041027              1       0.000266  
                                                        First-order 
 Iteration  Func-count       f(x)        Step-size       optimality
   100         105      0.000403597              1       0.000269  
   101         106      0.000397168              1       0.000325  
   102         107      0.000391507              1       0.000243  
   103         108      0.000386043              1       0.000211  
   104         109      0.000380246              1       0.000225  
   105         110       0.00037392              1       0.000328  
   106         111       0.00036776              1       0.000305  
   107         112      0.000361999              1       0.000273  
   108         113      0.000356425              1       0.000286  
   109         114       0.00035078              1       0.000262  
   110         115      0.000345354              1       0.000308  
   111         116      0.000340221              1       0.000264  
   112         117      0.000335313              1       0.000276  
   113         118      0.000330349              1       0.000291  
   114         119      0.000325406              1        0.00026  
   115         120       0.00032072              1       0.000271  
   116         121      0.000316449              1         0.0002  
   117         122      0.000312418              1       0.000214  
   118         123      0.000308594              1       0.000186  
   119         124      0.000304905              1       0.000252  
                                                        First-order 
 Iteration  Func-count       f(x)        Step-size       optimality
   120         125       0.00030126              1       0.000253  
   121         126      0.000297534              1       0.000207  
   122         127      0.000293964              1       0.000171  
   123         128      0.000290718              1       0.000197  
   124         129      0.000287709              1       0.000178  
   125         130       0.00028456              1       0.000191  
   126         131      0.000281152              1       0.000189  
   127         132      0.000277687              1       0.000177  
   128         133      0.000274641              1       0.000214  
   129         134      0.000271992              1        0.00014  
   130         135      0.000269485              1       0.000169  
   131         136      0.000266859              1       0.000145  
   132         137      0.000264183              1       0.000186  
   133         138      0.000261468              1       0.000167  
   134         139      0.000258777              1        0.00017  
   135         140      0.000256113              1       0.000184  
   136         141      0.000253591              1       0.000158  
   137         142      0.000251222              1       0.000168  
   138         143      0.000248949              1       0.000143  
   139         144      0.000246674              1       0.000191  
                                                        First-order 
 Iteration  Func-count       f(x)        Step-size       optimality
   140         145      0.000244373              1       0.000197  
   141         146      0.000242036              1       0.000164  
   142         147      0.000239699              1        0.00014  
   143         148      0.000237407              1       0.000171  
   144         149       0.00023521              1       0.000206  
   145         150      0.000233125              1       0.000191  
   146         151      0.000231092              1       0.000134  
   147         152      0.000229048              1       0.000157  
   148         153      0.000227025              1       0.000169  
   149         154      0.000225106              1       0.000177  
   150         155      0.000223257              1       0.000141  
   151         156      0.000221393              1       0.000153  
   152         157      0.000219412              1       0.000173  
   153         158      0.000217407              1       0.000146  
   154         159      0.000215475              1       0.000168  
   155         160      0.000213659              1       0.000131  
   156         161      0.000211837              1        0.00016  
   157         162      0.000210076              1       0.000138  
   158         163      0.000208405              1       0.000131  
   159         164      0.000206805              1       0.000127  
                                                        First-order 
 Iteration  Func-count       f(x)        Step-size       optimality
   160         165      0.000205167              1        0.00015  
   161         166       0.00020352              1       0.000152  
   162         167      0.000201963              1       0.000129  
   163         168      0.000200517              1       0.000125  
   164         169      0.000199039              1       0.000145  
   165         170      0.000197412              1       0.000149  
   166         171      0.000195676              1       0.000144  
   167         172      0.000194018              1        0.00011  
   168         173      0.000192517              1       0.000144  
   169         174      0.000191121              1       0.000144  
   170         175      0.000189757              1       0.000132  
   171         176      0.000188436              1       0.000132  
   172         177      0.000187161              1       0.000118  
   173         178      0.000185898              1       0.000149  
   174         179      0.000184601              1       0.000116  
   175         180      0.000183321              1       0.000119  
   176         181      0.000182112              1       0.000107  
   177         182      0.000180984              1       0.000143  
   178         183      0.000179875              1       0.000119  
   179         184      0.000178775              1       9.73e-05  
                                                        First-order 
 Iteration  Func-count       f(x)        Step-size       optimality
   180         185      0.000177674              1       8.63e-05  
   181         186      0.000176634              1       0.000114  
   182         187      0.000175612              1        0.00012  
   183         188        0.0001746              1       0.000107  
   184         189      0.000173569              1       9.33e-05  
   185         190      0.000172529              1       0.000109  
   186         191      0.000171477              1       0.000118  
   187         192      0.000170468              1       9.39e-05  
   188         193      0.000169532              1       8.77e-05  
   189         194      0.000168667              1       8.57e-05  
   190         195      0.000167823              1       8.86e-05  
   191         196      0.000166978              1        8.9e-05  
   192         197      0.000166119              1       8.45e-05  
   193         198      0.000165257              1       8.37e-05  
   194         199      0.000164406              1       9.55e-05  
   195         200      0.000163611              1       0.000107  
   196         201      0.000162877              1       9.05e-05  
   197         202      0.000162157              1       9.63e-05  
   198         203      0.000161368              1       0.000112  
   199         204      0.000160523              1       0.000125  
                                                        First-order 
 Iteration  Func-count       f(x)        Step-size       optimality
   200         205      0.000159716              1       0.000102  
   201         206      0.000159034              1       6.74e-05  
   202         207      0.000158405              1       9.37e-05  
   203         208      0.000157737              1       9.77e-05  
   204         209      0.000157004              1       9.59e-05  
   205         210      0.000156292              1       8.56e-05  
   206         211      0.000155644              1       0.000103  
   207         212      0.000155028              1       8.76e-05  
   208         213      0.000154393              1       8.71e-05  
   209         214      0.000153753              1       6.48e-05  
   210         215      0.000153142              1       8.57e-05  
   211         216      0.000152561              1       8.62e-05  
   212         217      0.000151987              1       7.43e-05  
   213         218      0.000151419              1       7.43e-05  
   214         219      0.000150875              1       8.03e-05  
   215         220      0.000150354              1       8.92e-05  
   216         221      0.000149838              1       8.34e-05  
   217         222      0.000149322              1       6.78e-05  
   218         223      0.000148809              1       6.18e-05  
   219         224       0.00014829              1        7.7e-05  
                                                        First-order 
 Iteration  Func-count       f(x)        Step-size       optimality
   220         225      0.000147745              1       8.28e-05  
   221         226      0.000147184              1       9.23e-05  
   222         227      0.000146655              1       6.14e-05  
   223         228       0.00014618              1       5.99e-05  
   224         229      0.000145728              1       5.87e-05  
   225         230      0.000145256              1       8.18e-05  
   226         231      0.000144768              1       6.87e-05  
   227         232      0.000144298              1       7.57e-05  
   228         233       0.00014387              1       5.99e-05  
   229         234      0.000143453              1       7.29e-05  
   230         235      0.000143029              1       6.81e-05  
   231         236      0.000142608              1       6.46e-05  
   232         237      0.000142211              1       7.32e-05  
   233         238      0.000141823              1       5.96e-05  
   234         239      0.000141427              1       7.78e-05  
   235         240      0.000141031              1       7.04e-05  
   236         241      0.000140654              1       6.05e-05  
   237         242      0.000140291              1       5.77e-05  
   238         243      0.000139921              1       6.66e-05  
   239         244      0.000139537              1       8.08e-05  
                                                        First-order 
 Iteration  Func-count       f(x)        Step-size       optimality
   240         245      0.000139151              1       7.39e-05  
   241         246      0.000138778              1       6.06e-05  
   242         247      0.000138421              1       7.22e-05  
   243         248      0.000138078              1       6.85e-05  
   244         249      0.000137753              1       6.47e-05  
   245         250      0.000137444              1       5.05e-05  
   246         251      0.000137137              1       6.36e-05  
   247         252      0.000136823              1        6.7e-05  
   248         253       0.00013651              1       6.23e-05  
   249         254      0.000136213              1        5.6e-05  
   250         255      0.000135924              1       6.38e-05  
   251         256      0.000135632              1       7.63e-05  
   252         257      0.000135331              1       6.61e-05  
   253         258      0.000135047              1       5.49e-05  
   254         259      0.000134786              1       4.96e-05  
   255         260      0.000134528              1       5.03e-05  
   256         261      0.000134249              1       6.25e-05  
   257         262      0.000133965              1        6.5e-05  
   258         263      0.000133705              1       4.42e-05  
   259         264      0.000133475              1       4.17e-05  
                                                        First-order 
 Iteration  Func-count       f(x)        Step-size       optimality
   260         265      0.000133246              1       5.17e-05  
   261         266      0.000132995              1       5.96e-05  
   262         267      0.000132731              1       5.78e-05  
   263         268      0.000132483              1       4.69e-05  
   264         269      0.000132255              1       4.31e-05  
   265         270      0.000132038              1       5.11e-05  
   266         271      0.000131818              1       4.94e-05  
   267         272      0.000131598              1       4.29e-05  
   268         273       0.00013138              1       6.21e-05  
   269         274      0.000131159              1       4.53e-05  
   270         275      0.000130924              1       6.09e-05  
   271         276       0.00013068              1       7.05e-05  
   272         277      0.000130439              1       6.38e-05  
   273         278      0.000130217              1       6.61e-05  
   274         279      0.000130014              1       4.52e-05  
   275         280      0.000129819              1       6.56e-05  
   276         281      0.000129618              1       7.34e-05  
   277         282      0.000129411              1       9.78e-05  
   278         283      0.000129207              1       5.92e-05  
   279         284      0.000129014              1       3.87e-05  
                                                        First-order 
 Iteration  Func-count       f(x)        Step-size       optimality
   280         285      0.000128826              1       5.61e-05  
   281         286      0.000128634              1       6.75e-05  
   282         287      0.000128441              1       0.000102  
   283         288      0.000128265              1       4.12e-05  
   284         289      0.000128104              1        3.6e-05  
   285         290      0.000127945              1        6.4e-05  
   286         291      0.000127775              1       5.67e-05  
   287         292      0.000127605              1       6.68e-05  
   288         293      0.000127448              1       3.67e-05  
   289         294        0.0001273              1        3.7e-05  
   290         295      0.000127144              1       5.02e-05  
   291         296      0.000126979              1       5.02e-05  
   292         297      0.000126822              1        4.2e-05  
   293         298      0.000126678              1       3.31e-05  
   294         299      0.000126532              1       5.34e-05  
   295         300      0.000126375              1       5.25e-05  
   296         301      0.000126219              1       4.58e-05  
   297         302       0.00012608              1       3.18e-05  
   298         303      0.000125953              1       4.06e-05  
   299         304      0.000125822              1       5.62e-05  
                                                        First-order 
 Iteration  Func-count       f(x)        Step-size       optimality
   300         305      0.000125681              1       5.45e-05  
   301         306      0.000125538              1       3.68e-05  
   302         307      0.000125404              1       3.42e-05  
   303         308      0.000125277              1       4.62e-05  
   304         309      0.000125151              1       4.51e-05  
   305         310      0.000125028              1       4.39e-05  
   306         311      0.000124912              1       3.59e-05  
   307         312      0.000124797              1       4.18e-05  
   308         313      0.000124678              1       4.41e-05  
   309         314      0.000124557              1       4.25e-05  
   310         315      0.000124443              1       2.99e-05  
   311         316      0.000124334              1       3.32e-05  
   312         317      0.000124226              1       4.58e-05  
   313         318      0.000124111              1       3.58e-05  
   314         319      0.000123995              1       3.42e-05  
   315         320      0.000123881              1       2.88e-05  
   316         321      0.000123775              1       3.83e-05  
   317         322      0.000123673              1       4.44e-05  
   318         323      0.000123573              1       3.27e-05  
   319         324      0.000123472              1       3.55e-05  
                                                        First-order 
 Iteration  Func-count       f(x)        Step-size       optimality
   320         325       0.00012337              1       3.23e-05  
   321         326      0.000123268              1       3.55e-05  
   322         327       0.00012317              1       2.81e-05  
   323         328      0.000123076              1       3.61e-05  
   324         329      0.000122982              1       3.11e-05  
   325         330      0.000122887              1       3.93e-05  
   326         331      0.000122792              1       2.86e-05  
   327         332      0.000122699              1       3.33e-05  
   328         333      0.000122611              1        3.6e-05  
   329         334      0.000122527              1       3.78e-05  
   330         335      0.000122445              1       3.17e-05  
   331         336      0.000122363              1       2.96e-05  
   332         337      0.000122282              1       3.29e-05  
   333         338      0.000122201              1       3.05e-05  
   334         339       0.00012212              1       2.97e-05  
   335         340      0.000122042              1       2.67e-05  
   336         341      0.000121966              1       3.33e-05  
   337         342      0.000121895              1       2.86e-05  
   338         343      0.000121827              1       2.59e-05  
   339         344      0.000121762              1       2.47e-05  
                                                        First-order 
 Iteration  Func-count       f(x)        Step-size       optimality
   340         345      0.000121698              1       2.84e-05  
   341         346      0.000121635              1       3.09e-05  
   342         347      0.000121572              1        2.8e-05  
   343         348      0.000121509              1       1.89e-05  
   344         349      0.000121448              1       2.44e-05  
   345         350       0.00012139              1       2.61e-05  
   346         351      0.000121334              1       2.41e-05  
   347         352      0.000121277              1       2.05e-05  
   348         353      0.000121217              1       2.41e-05  
   349         354      0.000121159              1       2.63e-05  
   350         355      0.000121103              1       2.38e-05  
   351         356       0.00012105              1       2.28e-05  
   352         357      0.000120997              1       1.95e-05  
   353         358      0.000120944              1       2.57e-05  
   354         359      0.000120894              1       2.61e-05  
   355         360      0.000120846              1       2.01e-05  
   356         361      0.000120798              1       2.06e-05  
   357         362      0.000120749              1       2.21e-05  
   358         363      0.000120701              1       2.95e-05  
   359         364      0.000120654              1       2.49e-05  
                                                        First-order 
 Iteration  Func-count       f(x)        Step-size       optimality
   360         365      0.000120608              1       2.34e-05  
   361         366      0.000120558              1       2.09e-05  
   362         367      0.000120507              1       3.01e-05  
   363         368      0.000120458              1       3.19e-05  
   364         369      0.000120412              1       2.28e-05  
   365         370      0.000120365              1       2.15e-05  
   366         371      0.000120317              1       2.47e-05  
   367         372      0.000120268              1       2.97e-05  
   368         373      0.000120219              1       2.36e-05  
   369         374      0.000120172              1        2.7e-05  
   370         375      0.000120124              1       2.51e-05  
   371         376      0.000120077              1       2.41e-05  
   372         377      0.000120033              1       2.02e-05  
   373         378      0.000119991              1       2.59e-05  
   374         379      0.000119948              1       2.33e-05  
   375         380      0.000119903              1       2.71e-05  
   376         381      0.000119859              1       2.34e-05  
   377         382      0.000119815              1       2.26e-05  
   378         383      0.000119773              1       2.28e-05  
   379         384      0.000119731              1       2.11e-05  
                                                        First-order 
 Iteration  Func-count       f(x)        Step-size       optimality
   380         385      0.000119688              1       2.52e-05  
   381         386      0.000119643              1       2.19e-05  
   382         387      0.000119598              1       2.33e-05  
   383         388      0.000119556              1       2.17e-05  
   384         389      0.000119516              1       2.13e-05  
   385         390      0.000119476              1       2.09e-05  
   386         391      0.000119435              1       2.29e-05  
   387         392      0.000119394              1       2.54e-05  
   388         393      0.000119353              1       2.24e-05  
   389         394      0.000119314              1        2.3e-05  
   390         395      0.000119275              1       2.02e-05  
   391         396      0.000119235              1        2.7e-05  
   392         397      0.000119196              1       2.19e-05  
   393         398      0.000119158              1       2.15e-05  
   394         399      0.000119122              1       2.22e-05  
   395         400      0.000119088              1       2.37e-05  
   396         401      0.000119055              1       2.12e-05  
   397         402      0.000119022              1       1.91e-05  
   398         403       0.00011899              1       2.37e-05  
   399         404      0.000118957              1       2.15e-05  
                                                        First-order 
 Iteration  Func-count       f(x)        Step-size       optimality
   400         405      0.000118926              1       2.24e-05  
   401         406      0.000118898              1       1.67e-05  
   402         407      0.000118871              1       2.05e-05  
   403         408      0.000118843              1       1.91e-05  
   404         409      0.000118812              1       2.47e-05  
   405         410       0.00011878              1       2.17e-05  
   406         411      0.000118749              1       1.71e-05  
   407         412      0.000118721              1       1.66e-05  
   408         413      0.000118692              1       2.48e-05  
   409         414      0.000118661              1       2.24e-05  
   410         415       0.00011863              1       2.02e-05  
   411         416        0.0001186              1       1.54e-05  
   412         417      0.000118571              1       2.08e-05  
   413         418      0.000118543              1       2.18e-05  
   414         419      0.000118512              1        2.3e-05  
   415         420      0.000118481              1       1.87e-05  
   416         421      0.000118449              1       2.02e-05  
   417         422      0.000118418              1       2.43e-05  
   418         423      0.000118388              1       1.73e-05  
   419         424      0.000118357              1       2.13e-05  
                                                        First-order 
 Iteration  Func-count       f(x)        Step-size       optimality
   420         425      0.000118326              1        1.7e-05  
   421         426      0.000118294              1       2.45e-05  
   422         427      0.000118263              1       1.92e-05  
   423         428      0.000118233              1       1.97e-05  
   424         429      0.000118204              1       1.66e-05  
   425         430      0.000118173              1        2.3e-05  
   426         431      0.000118142              1       2.13e-05  
   427         432      0.000118111              1       1.87e-05  
   428         433      0.000118082              1       1.76e-05  
   429         434      0.000118054              1       2.15e-05  
   430         435      0.000118024              1       2.36e-05  
   431         436      0.000117994              1       1.91e-05  
   432         437      0.000117964              1       1.79e-05  
   433         438      0.000117935              1       1.71e-05  
   434         439      0.000117907              1       2.12e-05  
   435         440       0.00011788              1       1.83e-05  
   436         441      0.000117852              1        1.9e-05  
   437         442      0.000117825              1        1.8e-05  
   438         443      0.000117797              1       2.45e-05  
   439         444       0.00011777              1       1.83e-05  
                                                        First-order 
 Iteration  Func-count       f(x)        Step-size       optimality
   440         445      0.000117744              1       1.89e-05  
   441         446       0.00011772              1       1.54e-05  
   442         447      0.000117693              1       2.68e-05  
   443         448      0.000117666              1        2.6e-05  
   444         449      0.000117638              1       2.03e-05  
   445         450      0.000117613              1       1.58e-05  
   446         451      0.000117591              1       1.77e-05  
   447         452      0.000117568              1       2.18e-05  
   448         453      0.000117544              1       2.15e-05  
   449         454      0.000117519              1       1.99e-05  
   450         455      0.000117495              1       1.66e-05  
   451         456      0.000117473              1       1.73e-05  
   452         457      0.000117452              1       1.77e-05  
   453         458      0.000117431              1       1.83e-05  
   454         459      0.000117411              1        1.4e-05  
   455         460      0.000117391              1       1.83e-05  
   456         461      0.000117369              1       1.73e-05  
   457         462      0.000117347              1       2.14e-05  
   458         463      0.000117326              1       1.45e-05  
   459         464      0.000117305              1       1.49e-05  
                                                        First-order 
 Iteration  Func-count       f(x)        Step-size       optimality
   460         465      0.000117284              1       1.66e-05  
   461         466      0.000117264              1       2.05e-05  
   462         467      0.000117245              1       1.69e-05  
   463         468      0.000117228              1       1.21e-05  
   464         469      0.000117212              1       1.42e-05  
   465         470      0.000117195              1       1.74e-05  
   466         471      0.000117177              1       1.73e-05  
   467         472      0.000117159              1       1.47e-05  
   468         473      0.000117143              1       1.38e-05  
   469         474      0.000117126              1       1.38e-05  
   470         475      0.000117109              1       1.57e-05  
   471         476      0.000117094              1       1.43e-05  
   472         477      0.000117078              1       1.37e-05  
   473         478      0.000117063              1       1.57e-05  
   474         479      0.000117047              1       1.23e-05  
   475         480      0.000117033              1       1.13e-05  
   476         481      0.000117019              1       1.44e-05  
   477         482      0.000117005              1       1.37e-05  
   478         483       0.00011699              1       1.42e-05  
   479         484      0.000116973              1       1.31e-05  
                                                        First-order 
 Iteration  Func-count       f(x)        Step-size       optimality
   480         485      0.000116958              1       1.41e-05  
   481         486      0.000116944              1       1.41e-05  
   482         487      0.000116931              1       1.24e-05  
   483         488      0.000116916              1       1.51e-05  
   484         489      0.000116902              1       1.59e-05  
   485         490      0.000116887              1       1.47e-05  
   486         491      0.000116873              1        1.3e-05  
   487         492      0.000116859              1       1.12e-05  
   488         493      0.000116845              1       1.64e-05  
   489         494      0.000116831              1       1.55e-05  
   490         495      0.000116817              1       1.23e-05  
   491         496      0.000116803              1        1.2e-05  
   492         497       0.00011679              1       1.13e-05  
   493         498      0.000116777              1       1.12e-05  
   494         499      0.000116764              1       1.01e-05  
   495         500      0.000116751              1       1.13e-05  
   496         501      0.000116737              1       1.24e-05  
   497         502      0.000116724              1       1.23e-05  
   498         503      0.000116712              1       1.04e-05  
   499         504      0.000116699              1       1.14e-05  
                                                        First-order 
 Iteration  Func-count       f(x)        Step-size       optimality
   500         505      0.000116687              1          1e-05  
   501         506      0.000116673              1       1.42e-05  

<a href = "matlab: helpview([docroot '/toolbox/optim/msg_csh/optim_msg_csh.map'],'solver_stopped_premature','CSHelpWindow');">Solver stopped prematurely</a>.

fminunc stopped because it exceeded the iteration limit,
<a href = "matlab: helpview([docroot '/toolbox/optim/msg_csh/optim_msg_csh.map'],'max_iter','CSHelpWindow');">options.MaxIter</a> = 500 (the selected value).

