flow iter#1; |dv| = 4.92506
flow iter#2; |dv| = 1.23732
flow iter#3; |dv| = 1.49235
flow iter#4; |dv| = 1.96522
flow iter#5; |dv| = 1.60902
flow iter#6; |dv| = 0.88346
flow iter#7; |dv| = 0.254792
flow iter#8; |dv| = 0.26152
flow iter#9; |dv| = 0.369201
flow iter#10; |dv| = 0.312229
flow iter#11; |dv| = 0.186444
flow iter#12; |dv| = 0.0692117
flow iter#13; |dv| = 0.0292212
flow iter#14; |dv| = 0.053682
flow iter#15; |dv| = 0.0524809
flow iter#16; |dv| = 0.0356872
flow iter#17; |dv| = 0.0166984
flow iter#18; |dv| = 0.00614212
flow iter#19; |dv| = 0.00883343
flow iter#20; |dv| = 0.00980038
flow iter#21; |dv| = 0.0080425
flow iter#22; |dv| = 0.00586178
flow iter#23; |dv| = 0.00487326
                                                        First-order 
 Iteration  Func-count       f(x)        Step-size       optimality
     0           1        0.0453809                       0.00217
     1           4        0.0238492             91        0.00114  
     2           6       0.00915437            0.5       0.000689  
     3           7      0.000744128              1       0.000135  
     4           8      0.000276377              1       0.000384  
     5           9      3.81612e-05              1       0.000161  
     6          10       9.1554e-06              1       1.85e-05  
     7          11      9.10199e-06              1       1.03e-05  
     8          12      8.93093e-06              1       2.16e-06  
     9          13      8.87281e-06              1       2.75e-06  
    10          14      8.42391e-06              1       1.28e-05  
    11          15      7.69865e-06              1       1.94e-05  
    12          17      5.42692e-06       0.736917       5.75e-05  
    13          19      4.78498e-06       0.306814       7.35e-05  
    14          20      2.13948e-06              1       2.24e-05  
    15          21      1.41593e-06              1       2.59e-05  
    16          22      7.41335e-07              1       3.51e-05  
    17          23      1.12243e-07              1       2.48e-06  
    18          25       6.3401e-08       0.471781       1.24e-05  
    19          26      3.51765e-08              1       9.14e-06  
                                                        First-order 
 Iteration  Func-count       f(x)        Step-size       optimality
    20          27      6.04359e-09              1       2.75e-06  
    21          28      1.70776e-09              1       1.67e-06  
    22          29      1.18896e-10              1       4.53e-07  
    23          30      3.80951e-12              1       1.18e-07  
    24          31      3.14755e-14              1       1.06e-08  
    25          32      3.78083e-15              1       3.43e-09  
    26          33      1.52188e-17              1       3.08e-10  
    27          34      3.90923e-20              1       9.24e-12  

Optimization completed: The <a href = "matlab: helpview([docroot '/toolbox/optim/msg_csh/optim_msg_csh.map'],'first_order_opt_unc','CSHelpWindow');">first-order optimality measure</a>, 9.224297e-12, is less 
than <a href = "matlab: helpview([docroot '/toolbox/optim/msg_csh/optim_msg_csh.map'],'tolfun','CSHelpWindow');">options.TolFun</a> = 1.000000e-10.

Optimization Metric                                            Options
relative norm(gradient) =   9.22e-12                  TolFun =   1e-10 (selected)

                                                        First-order 
 Iteration  Func-count       f(x)        Step-size       optimality
     0           1         0.219115                        0.0569
     1           2         0.163388              1         0.0293  
     2           3         0.122647              1         0.0789  
     3           4        0.0856116              1         0.0297  
     4           5        0.0596289              1          0.028  
     5           6        0.0466834              1         0.0415  
     6           7        0.0370357              1         0.0222  
     7           8        0.0322674              1          0.022  
     8           9        0.0278811              1         0.0114  
     9          10        0.0240481              1         0.0103  
    10          11        0.0216176              1        0.00982  
    11          12        0.0186751              1         0.0116  
    12          13         0.016571              1          0.011  
    13          14        0.0141307              1        0.00627  
    14          15        0.0124262              1         0.0076  
    15          16        0.0108364              1        0.00752  
    16          17       0.00955562              1         0.0077  
    17          18       0.00829119              1        0.00541  
    18          19       0.00699182              1        0.00359  
    19          20         0.006049              1        0.00408  
                                                        First-order 
 Iteration  Func-count       f(x)        Step-size       optimality
    20          21       0.00508751              1        0.00362  
    21          22       0.00429719              1         0.0032  
    22          23       0.00357779              1        0.00244  
    23          24       0.00296549              1        0.00228  
    24          25       0.00249916              1        0.00324  
    25          26        0.0021408              1        0.00219  
    26          27       0.00187045              1        0.00187  
    27          28       0.00163709              1        0.00138  
    28          29       0.00146432              1        0.00159  
    29          30       0.00133553              1        0.00114  
    30          31       0.00122788              1       0.000947  
    31          32       0.00113574              1       0.000733  
    32          33       0.00106052              1       0.000979  
    33          34       0.00100052              1       0.000745  
    34          35      0.000947502              1       0.000951  
    35          36      0.000903203              1       0.000478  
    36          37       0.00086606              1       0.000591  
    37          38      0.000833861              1       0.000666  
    38          39       0.00079863              1       0.000722  
    39          40      0.000760755              1       0.000858  
                                                        First-order 
 Iteration  Func-count       f(x)        Step-size       optimality
    40          41      0.000719462              1       0.000965  
    41          42      0.000675568              1        0.00094  
    42          43      0.000629142              1       0.000913  
    43          44      0.000584912              1       0.000668  
    44          45      0.000546716              1       0.000448  
    45          46      0.000518589              1       0.000553  
    46          47      0.000497291              1       0.000417  
    47          48      0.000480578              1       0.000599  
    48          49      0.000464333              1       0.000551  
    49          50      0.000448168              1       0.000723  
    50          51      0.000428499              1       0.000457  
    51          52      0.000407837              1       0.000545  
    52          53      0.000385645              1       0.000538  
    53          54      0.000363315              1       0.000376  
    54          55      0.000341869              1       0.000457  
    55          56      0.000321894              1       0.000444  
    56          57      0.000301772              1       0.000397  
    57          58      0.000281589              1       0.000388  
    58          59      0.000261621              1       0.000383  
    59          60      0.000241898              1       0.000358  
                                                        First-order 
 Iteration  Func-count       f(x)        Step-size       optimality
    60          61      0.000222261              1       0.000418  
    61          62      0.000203765              1       0.000351  
    62          63      0.000189686              1       0.000559  
    63          64      0.000175333              1       0.000511  
    64          65      0.000162366              1       0.000373  
    65          66      0.000146256              1        0.00028  
    66          67      0.000137429              1        0.00025  
    67          68      0.000126896              1       0.000261  
    68          69      0.000120291              1       0.000244  
    69          70      0.000113431              1        0.00023  
    70          71       0.00010689              1       0.000228  
    71          72      0.000100433              1       0.000209  
    72          73      9.46732e-05              1       0.000178  
    73          74      8.93789e-05              1       0.000175  
    74          75      8.43845e-05              1       0.000219  
    75          76      7.94601e-05              1       0.000218  
    76          77      7.47546e-05              1       0.000223  
    77          78      7.05814e-05              1       0.000175  
    78          79      6.71163e-05              1       0.000152  
    79          80      6.41217e-05              1       0.000185  
                                                        First-order 
 Iteration  Func-count       f(x)        Step-size       optimality
    80          81      6.12909e-05              1       0.000182  
    81          82        5.842e-05              1       0.000161  
    82          83       5.5528e-05              1       0.000145  
    83          84      5.26451e-05              1       0.000134  
    84          85      4.98351e-05              1       0.000117  
    85          86      4.71003e-05              1        0.00012  
    86          87      4.45806e-05              1        0.00014  
    87          88      4.23147e-05              1       0.000139  
    88          89      4.03427e-05              1        0.00011  
    89          90      3.86122e-05              1         0.0001  
    90          91      3.71298e-05              1       0.000113  
    91          92      3.58346e-05              1       7.98e-05  
    92          93      3.46883e-05              1       7.58e-05  
    93          94      3.36429e-05              1       8.29e-05  
    94          95      3.27037e-05              1       9.05e-05  
    95          96      3.18742e-05              1       8.51e-05  
    96          97      3.11417e-05              1       8.37e-05  
    97          98      3.04606e-05              1       7.62e-05  
    98          99      2.97957e-05              1       6.88e-05  
    99         100      2.91372e-05              1       7.48e-05  
                                                        First-order 
 Iteration  Func-count       f(x)        Step-size       optimality
   100         101      2.85002e-05              1       7.66e-05  
   101         102      2.78953e-05              1       6.06e-05  
   102         103      2.73204e-05              1       6.84e-05  
   103         104      2.67597e-05              1       7.23e-05  
   104         105      2.61937e-05              1       7.07e-05  
   105         106      2.56125e-05              1       6.11e-05  
   106         107      2.50259e-05              1       5.43e-05  
   107         108      2.44649e-05              1       5.14e-05  
   108         109      2.39578e-05              1       5.34e-05  
   109         110      2.35141e-05              1       5.66e-05  
   110         111      2.31228e-05              1       4.38e-05  
   111         112      2.27744e-05              1       4.05e-05  
   112         113       2.2458e-05              1       3.76e-05  
   113         114       2.2169e-05              1       3.71e-05  
   114         115      2.19013e-05              1       3.77e-05  
   115         116      2.16578e-05              1       3.52e-05  
   116         117        2.144e-05              1       3.31e-05  
   117         118      2.12445e-05              1       3.06e-05  
   118         119      2.10597e-05              1       3.47e-05  
   119         120      2.08751e-05              1       4.11e-05  
                                                        First-order 
 Iteration  Func-count       f(x)        Step-size       optimality
   120         121      2.06868e-05              1       4.04e-05  
   121         122       2.0498e-05              1       3.41e-05  
   122         123      2.03139e-05              1       3.23e-05  
   123         124      2.01377e-05              1       3.17e-05  
   124         125      1.99713e-05              1        3.1e-05  
   125         126      1.98174e-05              1       2.86e-05  
   126         127       1.9677e-05              1       2.78e-05  
   127         128       1.9546e-05              1       3.59e-05  
   128         129      1.94176e-05              1       3.83e-05  
   129         130      1.92874e-05              1       3.38e-05  
   130         131       1.9157e-05              1       2.81e-05  
   131         132      1.90312e-05              1       2.63e-05  
   132         133      1.89122e-05              1       3.14e-05  
   133         134      1.87984e-05              1       2.57e-05  
   134         135      1.86886e-05              1       2.74e-05  
   135         136      1.85837e-05              1       2.59e-05  
   136         137      1.84843e-05              1        2.5e-05  
   137         138      1.83876e-05              1        2.7e-05  
   138         139      1.82892e-05              1       2.45e-05  
   139         140      1.81866e-05              1       2.38e-05  
                                                        First-order 
 Iteration  Func-count       f(x)        Step-size       optimality
   140         141      1.80814e-05              1       2.38e-05  
   141         142      1.79752e-05              1       2.48e-05  
   142         143      1.78685e-05              1       2.43e-05  
   143         144      1.77607e-05              1       2.89e-05  
   144         145      1.76525e-05              1       2.68e-05  
   145         146      1.75424e-05              1       2.62e-05  
   146         147      1.74296e-05              1       3.06e-05  
   147         148      1.73151e-05              1       2.58e-05  
   148         149      1.72076e-05              1       2.43e-05  
   149         150       1.7114e-05              1       2.59e-05  
   150         151      1.70343e-05              1       2.45e-05  
   151         152      1.69604e-05              1       1.96e-05  
   152         153      1.68874e-05              1       1.81e-05  
   153         154      1.68147e-05              1       2.35e-05  
   154         155      1.67444e-05              1        2.7e-05  
   155         156      1.66757e-05              1       2.33e-05  
   156         157      1.66063e-05              1       2.22e-05  
   157         158       1.6534e-05              1       2.09e-05  
   158         159      1.64589e-05              1       2.41e-05  
   159         160      1.63794e-05              1        2.5e-05  
                                                        First-order 
 Iteration  Func-count       f(x)        Step-size       optimality
   160         161      1.62963e-05              1       2.66e-05  
   161         162      1.62104e-05              1       2.39e-05  
   162         163      1.61276e-05              1       2.18e-05  
   163         164      1.60483e-05              1       1.94e-05  
   164         165      1.59718e-05              1       1.99e-05  
   165         166      1.58951e-05              1        2.1e-05  
   166         167      1.58214e-05              1       2.12e-05  
   167         168      1.57524e-05              1        1.9e-05  
   168         169      1.56893e-05              1       1.96e-05  
   169         170      1.56307e-05              1       1.63e-05  
   170         171      1.55775e-05              1       1.54e-05  
   171         172      1.55294e-05              1       1.55e-05  
   172         173       1.5485e-05              1       1.55e-05  
   173         174      1.54416e-05              1       1.55e-05  
   174         175      1.54003e-05              1       1.59e-05  
   175         176      1.53622e-05              1       1.62e-05  
   176         177      1.53276e-05              1       1.51e-05  
   177         178      1.52932e-05              1       1.45e-05  
   178         179      1.52571e-05              1       1.47e-05  
   179         180      1.52191e-05              1       1.46e-05  
                                                        First-order 
 Iteration  Func-count       f(x)        Step-size       optimality
   180         181      1.51809e-05              1        1.6e-05  
   181         182      1.51414e-05              1       1.67e-05  
   182         183      1.51004e-05              1       1.37e-05  
   183         184      1.50591e-05              1       1.34e-05  
   184         185      1.50203e-05              1       1.51e-05  
   185         186      1.49832e-05              1       1.32e-05  
   186         187      1.49449e-05              1       1.54e-05  
   187         188      1.49028e-05              1       1.38e-05  
   188         189      1.48573e-05              1       1.52e-05  
   189         190        1.481e-05              1        1.7e-05  
   190         191      1.47617e-05              1       1.73e-05  
   191         192      1.47117e-05              1       1.57e-05  
   192         193      1.46609e-05              1       1.69e-05  
   193         194      1.46108e-05              1       1.52e-05  
   194         195      1.45631e-05              1        1.7e-05  
   195         196      1.45166e-05              1       1.61e-05  
   196         197      1.44714e-05              1       1.41e-05  
   197         198      1.44266e-05              1       1.37e-05  
   198         199      1.43832e-05              1       1.61e-05  
   199         200      1.43371e-05              1       1.62e-05  
                                                        First-order 
 Iteration  Func-count       f(x)        Step-size       optimality
   200         201      1.42882e-05              1       1.61e-05  
   201         202      1.42371e-05              1       1.51e-05  
   202         203      1.41876e-05              1       1.63e-05  
   203         204      1.41381e-05              1       1.67e-05  
   204         205      1.40863e-05              1        1.9e-05  
   205         206      1.40308e-05              1       1.74e-05  
   206         207      1.39759e-05              1       1.94e-05  
   207         208      1.39237e-05              1       1.64e-05  
   208         209      1.38753e-05              1       1.56e-05  
   209         210      1.38268e-05              1       1.62e-05  
   210         211      1.37787e-05              1       1.66e-05  
   211         212      1.37296e-05              1       1.62e-05  
   212         213      1.36824e-05              1       1.52e-05  
   213         214      1.36333e-05              1       1.74e-05  
   214         215      1.35857e-05              1       1.62e-05  
   215         216      1.35415e-05              1        1.5e-05  
   216         217      1.35025e-05              1       1.71e-05  
   217         218      1.34643e-05              1       1.89e-05  
   218         219      1.34243e-05              1          2e-05  
   219         220      1.33818e-05              1       1.98e-05  
                                                        First-order 
 Iteration  Func-count       f(x)        Step-size       optimality
   220         221      1.33398e-05              1       1.86e-05  
   221         222      1.32994e-05              1       1.68e-05  
   222         223      1.32604e-05              1       1.56e-05  
   223         224      1.32207e-05              1       1.51e-05  
   224         225      1.31804e-05              1       1.57e-05  
   225         226      1.31385e-05              1       1.67e-05  
   226         227      1.30962e-05              1       1.74e-05  
   227         228      1.30545e-05              1        1.7e-05  
   228         229      1.30172e-05              1       1.76e-05  
   229         230       1.2981e-05              1       1.58e-05  
   230         231      1.29466e-05              1       1.52e-05  
   231         232      1.29123e-05              1       1.31e-05  
   232         233      1.28785e-05              1       1.33e-05  
   233         234      1.28453e-05              1       1.48e-05  
   234         235      1.28141e-05              1       1.27e-05  
   235         236      1.27858e-05              1       1.22e-05  
   236         237      1.27606e-05              1       1.23e-05  
   237         238      1.27373e-05              1       1.06e-05  
   238         239      1.27149e-05              1       1.06e-05  
   239         240      1.26924e-05              1       1.09e-05  
                                                        First-order 
 Iteration  Func-count       f(x)        Step-size       optimality
   240         241      1.26706e-05              1       1.02e-05  
   241         242        1.265e-05              1       1.03e-05  
   242         243      1.26307e-05              1       9.73e-06  
   243         244      1.26121e-05              1       1.04e-05  
   244         245      1.25937e-05              1       9.43e-06  
   245         246      1.25756e-05              1       8.27e-06  
   246         247      1.25579e-05              1       9.17e-06  
   247         248      1.25405e-05              1          1e-05  
   248         249      1.25237e-05              1        1.1e-05  
   249         250      1.25078e-05              1       1.02e-05  
   250         251      1.24933e-05              1       8.11e-06  
   251         252      1.24793e-05              1       7.99e-06  
   252         253      1.24649e-05              1          1e-05  
   253         254      1.24497e-05              1       9.81e-06  
   254         255      1.24339e-05              1       9.82e-06  
   255         256      1.24186e-05              1       9.72e-06  
   256         257      1.24042e-05              1       9.02e-06  
   257         258      1.23904e-05              1       9.39e-06  
   258         259       1.2376e-05              1       8.72e-06  
   259         260      1.23597e-05              1       9.33e-06  
                                                        First-order 
 Iteration  Func-count       f(x)        Step-size       optimality
   260         261      1.23408e-05              1        1.2e-05  
   261         262      1.23196e-05              1       1.59e-05  
   262         263       1.2298e-05              1       1.57e-05  
   263         264      1.22776e-05              1       1.28e-05  
   264         265      1.22594e-05              1          1e-05  
   265         266      1.22427e-05              1       1.15e-05  
   266         267      1.22265e-05              1       1.18e-05  
   267         268      1.22099e-05              1       1.37e-05  
   268         269      1.21927e-05              1        1.3e-05  
   269         270      1.21755e-05              1       9.71e-06  
   270         271      1.21593e-05              1       9.08e-06  
   271         272       1.2144e-05              1       8.61e-06  
   272         273      1.21292e-05              1       8.54e-06  
   273         274      1.21137e-05              1       1.03e-05  
   274         275      1.20975e-05              1        1.1e-05  
   275         276      1.20807e-05              1       9.42e-06  
   276         277      1.20636e-05              1       1.07e-05  
   277         278      1.20465e-05              1       1.12e-05  
   278         279      1.20299e-05              1       9.41e-06  
   279         280      1.20138e-05              1       8.87e-06  
                                                        First-order 
 Iteration  Func-count       f(x)        Step-size       optimality
   280         281      1.19974e-05              1       8.72e-06  
   281         282        1.198e-05              1       8.82e-06  
   282         283       1.1962e-05              1       1.01e-05  
   283         284      1.19453e-05              1       8.47e-06  
   284         285      1.19306e-05              1       8.51e-06  
   285         286      1.19173e-05              1       9.59e-06  
   286         287      1.19038e-05              1       9.19e-06  
   287         288      1.18896e-05              1        9.7e-06  
   288         289      1.18747e-05              1       8.43e-06  
   289         290      1.18595e-05              1       9.14e-06  
   290         291      1.18438e-05              1       1.18e-05  
   291         292       1.1828e-05              1       1.09e-05  
   292         293      1.18127e-05              1       1.02e-05  
   293         294      1.17991e-05              1       9.85e-06  
   294         295       1.1787e-05              1       8.55e-06  
   295         296      1.17764e-05              1       8.51e-06  
   296         297      1.17671e-05              1       6.54e-06  
   297         298      1.17586e-05              1       5.66e-06  
   298         299      1.17506e-05              1       6.76e-06  
   299         300      1.17425e-05              1       7.82e-06  
                                                        First-order 
 Iteration  Func-count       f(x)        Step-size       optimality
   300         301      1.17345e-05              1       6.88e-06  
   301         302      1.17267e-05              1       6.03e-06  
   302         303      1.17188e-05              1       6.24e-06  
   303         304      1.17107e-05              1       6.18e-06  
   304         305      1.17023e-05              1       7.04e-06  
   305         306      1.16939e-05              1       7.82e-06  
   306         307      1.16858e-05              1       6.97e-06  
   307         308      1.16782e-05              1        6.7e-06  
   308         309      1.16708e-05              1       5.92e-06  
   309         310      1.16632e-05              1       6.37e-06  
   310         311      1.16554e-05              1       5.89e-06  
   311         312      1.16479e-05              1       5.76e-06  
   312         313       1.1641e-05              1       6.27e-06  
   313         314      1.16348e-05              1       6.43e-06  
   314         315       1.1629e-05              1       5.72e-06  
   315         316      1.16231e-05              1       5.79e-06  
   316         317      1.16172e-05              1       6.03e-06  
   317         318      1.16113e-05              1       5.47e-06  
   318         319      1.16056e-05              1       6.39e-06  
   319         320      1.15997e-05              1       5.88e-06  
                                                        First-order 
 Iteration  Func-count       f(x)        Step-size       optimality
   320         321      1.15936e-05              1       5.63e-06  
   321         322      1.15874e-05              1       5.37e-06  
   322         323      1.15815e-05              1       5.37e-06  
   323         324      1.15757e-05              1       6.07e-06  
   324         325        1.157e-05              1       6.34e-06  
   325         326      1.15642e-05              1       5.67e-06  
   326         327      1.15588e-05              1       5.26e-06  
   327         328      1.15539e-05              1       5.31e-06  
   328         329      1.15495e-05              1       5.47e-06  
   329         330      1.15454e-05              1       6.11e-06  
   330         331      1.15413e-05              1       6.51e-06  
   331         332      1.15369e-05              1       6.48e-06  
   332         333      1.15326e-05              1       5.99e-06  
   333         334      1.15285e-05              1       5.23e-06  
   334         335      1.15244e-05              1       4.92e-06  
   335         336      1.15202e-05              1       4.93e-06  
   336         337      1.15157e-05              1       5.16e-06  
   337         338      1.15113e-05              1        5.5e-06  
   338         339      1.15072e-05              1       4.19e-06  
   339         340      1.15034e-05              1       4.15e-06  
                                                        First-order 
 Iteration  Func-count       f(x)        Step-size       optimality
   340         341      1.14997e-05              1       4.27e-06  
   341         342      1.14959e-05              1       4.93e-06  
   342         343       1.1492e-05              1       5.11e-06  
   343         344      1.14881e-05              1        5.2e-06  
   344         345       1.1484e-05              1       4.79e-06  
   345         346      1.14797e-05              1       5.18e-06  
   346         347      1.14753e-05              1        5.7e-06  
   347         348      1.14707e-05              1       5.51e-06  
   348         349      1.14661e-05              1       5.98e-06  
   349         350      1.14615e-05              1        4.8e-06  
   350         351      1.14572e-05              1       4.76e-06  
   351         352      1.14533e-05              1       4.85e-06  
   352         353      1.14495e-05              1       5.03e-06  
   353         354      1.14455e-05              1       5.18e-06  
   354         355      1.14412e-05              1        5.4e-06  
   355         356      1.14367e-05              1       4.99e-06  
   356         357       1.1432e-05              1        4.6e-06  
   357         358      1.14273e-05              1       5.36e-06  
   358         359      1.14224e-05              1       5.11e-06  
   359         360      1.14172e-05              1       5.26e-06  
                                                        First-order 
 Iteration  Func-count       f(x)        Step-size       optimality
   360         361      1.14117e-05              1        5.3e-06  
   361         362      1.14059e-05              1       5.41e-06  
   362         363      1.13998e-05              1       5.54e-06  
   363         364      1.13937e-05              1       5.85e-06  
   364         365      1.13879e-05              1       5.24e-06  
   365         366      1.13824e-05              1       5.59e-06  
   366         367      1.13768e-05              1       5.56e-06  
   367         368       1.1371e-05              1       5.46e-06  
   368         369      1.13651e-05              1       6.47e-06  
   369         370      1.13591e-05              1       6.68e-06  
   370         371      1.13529e-05              1        5.3e-06  
   371         372      1.13469e-05              1       5.55e-06  
   372         373      1.13407e-05              1        5.8e-06  
   373         374      1.13346e-05              1       5.95e-06  
   374         375      1.13286e-05              1       6.23e-06  
   375         376      1.13225e-05              1        7.1e-06  
   376         377      1.13159e-05              1       6.33e-06  
   377         378       1.1309e-05              1       7.16e-06  
   378         379      1.13014e-05              1       6.99e-06  
   379         380      1.12931e-05              1        8.5e-06  
                                                        First-order 
 Iteration  Func-count       f(x)        Step-size       optimality
   380         381      1.12838e-05              1       8.97e-06  
   381         382      1.12741e-05              1       8.09e-06  
   382         383      1.12639e-05              1       7.72e-06  
   383         384      1.12537e-05              1       8.74e-06  
   384         385      1.12428e-05              1       8.19e-06  
   385         386      1.12325e-05              1       8.61e-06  
   386         387      1.12222e-05              1       7.47e-06  
   387         388      1.12134e-05              1       7.17e-06  
   388         389      1.12051e-05              1       8.67e-06  
   389         390      1.11974e-05              1       7.36e-06  
   390         391       1.1189e-05              1       9.43e-06  
   391         392      1.11802e-05              1       7.37e-06  
   392         393      1.11705e-05              1       9.81e-06  
   393         394      1.11608e-05              1       7.49e-06  
   394         395      1.11506e-05              1       8.18e-06  
   395         396      1.11403e-05              1       9.02e-06  
   396         397      1.11292e-05              1       9.53e-06  
   397         398      1.11182e-05              1       1.17e-05  
   398         399      1.11071e-05              1       1.05e-05  
   399         400      1.10967e-05              1        8.2e-06  
                                                        First-order 
 Iteration  Func-count       f(x)        Step-size       optimality
   400         401      1.10867e-05              1       7.51e-06  
   401         402      1.10772e-05              1       7.88e-06  
   402         403      1.10679e-05              1        7.3e-06  
   403         404      1.10588e-05              1       1.03e-05  
   404         405      1.10503e-05              1       8.77e-06  
   405         406      1.10423e-05              1       8.63e-06  
   406         407      1.10343e-05              1       6.75e-06  
   407         408      1.10251e-05              1       6.42e-06  
   408         409      1.10173e-05              1       6.89e-06  
   409         410       1.1008e-05              1       7.74e-06  
   410         411      1.09996e-05              1       7.28e-06  
   411         412      1.09914e-05              1       7.69e-06  
   412         413      1.09837e-05              1       7.15e-06  
   413         414      1.09763e-05              1        5.7e-06  
   414         415      1.09696e-05              1        5.4e-06  
   415         416      1.09633e-05              1       6.05e-06  
   416         417      1.09573e-05              1       5.52e-06  
   417         418      1.09513e-05              1       6.29e-06  
   418         419      1.09455e-05              1        7.2e-06  
   419         420        1.094e-05              1       7.48e-06  
                                                        First-order 
 Iteration  Func-count       f(x)        Step-size       optimality
   420         421      1.09348e-05              1       6.92e-06  
   421         422      1.09297e-05              1       5.63e-06  
   422         423      1.09248e-05              1       4.63e-06  
   423         424      1.09204e-05              1       5.67e-06  
   424         425      1.09164e-05              1       6.29e-06  
   425         426      1.09125e-05              1       5.42e-06  
   426         427      1.09086e-05              1       4.83e-06  
   427         428      1.09047e-05              1       4.22e-06  
   428         429      1.09009e-05              1       4.81e-06  
   429         430      1.08972e-05              1       4.46e-06  
   430         431      1.08935e-05              1       5.42e-06  
   431         432      1.08898e-05              1        5.7e-06  
   432         433      1.08864e-05              1       5.19e-06  
   433         434      1.08833e-05              1       5.12e-06  
   434         435      1.08804e-05              1       4.25e-06  
   435         436      1.08776e-05              1       3.97e-06  
   436         437      1.08748e-05              1       4.08e-06  
   437         438       1.0872e-05              1       4.11e-06  
   438         439      1.08693e-05              1       4.22e-06  
   439         440      1.08667e-05              1       4.43e-06  
                                                        First-order 
 Iteration  Func-count       f(x)        Step-size       optimality
   440         441      1.08643e-05              1       4.46e-06  
   441         442       1.0862e-05              1        3.4e-06  
   442         443        1.086e-05              1       3.46e-06  
   443         444      1.08582e-05              1       3.06e-06  
   444         445      1.08566e-05              1        2.7e-06  
   445         446      1.08551e-05              1       2.65e-06  
   446         447      1.08536e-05              1       2.62e-06  
   447         448      1.08522e-05              1       2.68e-06  
   448         449      1.08508e-05              1       2.89e-06  
   449         450      1.08493e-05              1       3.47e-06  
   450         451      1.08477e-05              1       3.64e-06  
   451         452      1.08459e-05              1       3.61e-06  
   452         453       1.0844e-05              1       3.22e-06  
   453         454      1.08422e-05              1       2.83e-06  
   454         455      1.08405e-05              1       2.73e-06  
   455         456       1.0839e-05              1       2.74e-06  
   456         457      1.08376e-05              1       3.11e-06  
   457         458      1.08362e-05              1       2.63e-06  
   458         459      1.08348e-05              1       2.55e-06  
   459         460      1.08334e-05              1       3.08e-06  
                                                        First-order 
 Iteration  Func-count       f(x)        Step-size       optimality
   460         461       1.0832e-05              1       2.72e-06  
   461         462      1.08306e-05              1       3.16e-06  
   462         463      1.08292e-05              1       2.86e-06  
   463         464      1.08279e-05              1       2.38e-06  
   464         465      1.08266e-05              1       2.77e-06  
   465         466      1.08253e-05              1       2.38e-06  
   466         467      1.08241e-05              1       2.75e-06  
   467         468      1.08229e-05              1       2.73e-06  
   468         469      1.08217e-05              1        2.4e-06  
   469         470      1.08204e-05              1       2.76e-06  
   470         471      1.08193e-05              1       2.63e-06  
   471         472      1.08181e-05              1       2.66e-06  
   472         473      1.08169e-05              1       2.62e-06  
   473         474      1.08157e-05              1       2.86e-06  
   474         475      1.08145e-05              1       3.06e-06  
   475         476      1.08134e-05              1       3.04e-06  
   476         477      1.08123e-05              1       2.52e-06  
   477         478      1.08113e-05              1       2.32e-06  
   478         479      1.08102e-05              1        2.6e-06  
   479         480      1.08092e-05              1       2.07e-06  
                                                        First-order 
 Iteration  Func-count       f(x)        Step-size       optimality
   480         481      1.08082e-05              1        2.2e-06  
   481         482      1.08073e-05              1       2.22e-06  
   482         483      1.08064e-05              1       2.22e-06  
   483         484      1.08056e-05              1       2.26e-06  
   484         485      1.08047e-05              1       2.66e-06  
   485         486      1.08037e-05              1       2.77e-06  
   486         487      1.08028e-05              1       2.15e-06  
   487         488       1.0802e-05              1       2.29e-06  
   488         489      1.08013e-05              1       2.14e-06  
   489         490      1.08005e-05              1       2.06e-06  
   490         491      1.07998e-05              1       2.17e-06  
   491         492      1.07991e-05              1       2.02e-06  
   492         493      1.07985e-05              1       1.63e-06  
   493         494      1.07979e-05              1       1.66e-06  
   494         495      1.07973e-05              1       1.87e-06  
   495         496      1.07967e-05              1       1.96e-06  
   496         497      1.07962e-05              1       1.81e-06  
   497         498      1.07957e-05              1       2.02e-06  
   498         499      1.07952e-05              1       1.68e-06  
   499         500      1.07948e-05              1       1.52e-06  
                                                        First-order 
 Iteration  Func-count       f(x)        Step-size       optimality
   500         501      1.07943e-05              1       1.49e-06  
   501         502      1.07939e-05              1       1.39e-06  
   502         503      1.07936e-05              1       1.28e-06  
   503         504      1.07932e-05              1        1.4e-06  
   504         505      1.07929e-05              1        1.3e-06  
   505         506      1.07926e-05              1       1.11e-06  
   506         507      1.07924e-05              1       1.35e-06  
   507         508      1.07921e-05              1       1.22e-06  
   508         509      1.07919e-05              1       1.16e-06  
   509         510      1.07916e-05              1       1.16e-06  
   510         511      1.07914e-05              1       1.35e-06  
   511         512      1.07911e-05              1       1.64e-06  
   512         513      1.07909e-05              1        1.4e-06  
   513         514      1.07907e-05              1       1.07e-06  
   514         515      1.07904e-05              1       1.21e-06  
   515         516      1.07902e-05              1       1.15e-06  
   516         517      1.07899e-05              1       1.17e-06  
   517         518      1.07897e-05              1       1.04e-06  
   518         519      1.07895e-05              1       8.79e-07  
   519         520      1.07893e-05              1       9.08e-07  
                                                        First-order 
 Iteration  Func-count       f(x)        Step-size       optimality
   520         521      1.07891e-05              1       9.51e-07  
   521         522      1.07889e-05              1       1.06e-06  
   522         523      1.07888e-05              1        1.1e-06  
   523         524      1.07886e-05              1       1.09e-06  
   524         525      1.07884e-05              1       1.04e-06  
   525         526      1.07882e-05              1       9.79e-07  
   526         527      1.07881e-05              1       8.72e-07  
   527         528      1.07879e-05              1       1.13e-06  
   528         529      1.07878e-05              1       1.13e-06  
   529         530      1.07877e-05              1       8.23e-07  
   530         531      1.07875e-05              1       9.03e-07  
   531         532      1.07874e-05              1       8.69e-07  
   532         533      1.07873e-05              1       9.49e-07  
   533         534      1.07872e-05              1       9.66e-07  
   534         535      1.07871e-05              1       8.07e-07  
   535         536       1.0787e-05              1       8.45e-07  
   536         537      1.07868e-05              1       8.63e-07  
   537         538      1.07867e-05              1       8.38e-07  
   538         539      1.07866e-05              1       7.93e-07  
   539         540      1.07865e-05              1       7.54e-07  
                                                        First-order 
 Iteration  Func-count       f(x)        Step-size       optimality
   540         541      1.07864e-05              1       5.82e-07  
   541         542      1.07863e-05              1       6.53e-07  
   542         543      1.07863e-05              1       6.58e-07  
   543         544      1.07862e-05              1       6.26e-07  
   544         545      1.07861e-05              1       6.64e-07  
   545         546       1.0786e-05              1        6.8e-07  
   546         547      1.07859e-05              1       7.02e-07  
   547         548      1.07858e-05              1       6.87e-07  
   548         549      1.07858e-05              1       5.63e-07  
   549         550      1.07857e-05              1       4.74e-07  
   550         551      1.07856e-05              1       4.71e-07  
   551         552      1.07856e-05              1       4.95e-07  
   552         553      1.07855e-05              1       5.49e-07  
   553         554      1.07855e-05              1       5.04e-07  
   554         555      1.07854e-05              1       5.52e-07  
   555         556      1.07854e-05              1       4.77e-07  
   556         557      1.07853e-05              1       5.49e-07  
   557         558      1.07853e-05              1       4.66e-07  
   558         559      1.07852e-05              1       4.91e-07  
   559         560      1.07852e-05              1       5.09e-07  
                                                        First-order 
 Iteration  Func-count       f(x)        Step-size       optimality
   560         561      1.07851e-05              1       4.89e-07  
   561         562      1.07851e-05              1       4.63e-07  
   562         563      1.07851e-05              1       5.51e-07  
   563         564       1.0785e-05              1       4.38e-07  
   564         565       1.0785e-05              1       4.31e-07  
   565         566       1.0785e-05              1       4.51e-07  
   566         567      1.07849e-05              1       4.47e-07  
   567         568      1.07849e-05              1       4.88e-07  
   568         569      1.07849e-05              1       4.03e-07  
   569         570      1.07848e-05              1       4.21e-07  
   570         571      1.07848e-05              1       4.35e-07  
   571         572      1.07848e-05              1       3.91e-07  
   572         573      1.07847e-05              1          4e-07  
   573         574      1.07847e-05              1       3.82e-07  
   574         575      1.07847e-05              1       3.41e-07  
   575         576      1.07847e-05              1       3.22e-07  
   576         577      1.07847e-05              1       3.09e-07  
   577         578      1.07846e-05              1       3.52e-07  
   578         579      1.07846e-05              1       3.68e-07  
   579         580      1.07846e-05              1       3.45e-07  
                                                        First-order 
 Iteration  Func-count       f(x)        Step-size       optimality
   580         581      1.07846e-05              1       2.93e-07  
   581         582      1.07846e-05              1       2.67e-07  
   582         583      1.07845e-05              1       2.41e-07  
   583         584      1.07845e-05              1        2.7e-07  
   584         585      1.07845e-05              1       2.71e-07  
   585         586      1.07845e-05              1       2.64e-07  
   586         587      1.07845e-05              1       2.55e-07  
   587         588      1.07845e-05              1       2.31e-07  
   588         589      1.07845e-05              1       2.96e-07  
   589         590      1.07845e-05              1        3.1e-07  
   590         591      1.07844e-05              1       2.67e-07  
   591         592      1.07844e-05              1       2.65e-07  
   592         593      1.07844e-05              1       2.51e-07  
   593         594      1.07844e-05              1       2.25e-07  
   594         595      1.07844e-05              1       2.53e-07  
   595         596      1.07844e-05              1       2.69e-07  
   596         597      1.07844e-05              1       2.46e-07  
   597         598      1.07844e-05              1       1.86e-07  
   598         599      1.07844e-05              1        2.1e-07  
   599         600      1.07843e-05              1        2.3e-07  
                                                        First-order 
 Iteration  Func-count       f(x)        Step-size       optimality
   600         601      1.07843e-05              1       2.21e-07  
   601         602      1.07843e-05              1       2.06e-07  
   602         603      1.07843e-05              1       1.74e-07  
   603         604      1.07843e-05              1        1.9e-07  
   604         605      1.07843e-05              1       2.02e-07  
   605         606      1.07843e-05              1        2.1e-07  
   606         607      1.07843e-05              1        2.2e-07  
   607         608      1.07843e-05              1        2.2e-07  
   608         609      1.07843e-05              1       1.89e-07  
   609         610      1.07843e-05              1       2.07e-07  
   610         611      1.07843e-05              1       2.15e-07  
   611         612      1.07843e-05              1       1.83e-07  
   612         613      1.07842e-05              1       1.76e-07  
   613         614      1.07842e-05              1       1.76e-07  
   614         615      1.07842e-05              1       1.79e-07  
   615         616      1.07842e-05              1       1.86e-07  
   616         617      1.07842e-05              1       1.78e-07  
   617         618      1.07842e-05              1       1.64e-07  
   618         619      1.07842e-05              1       1.79e-07  
   619         620      1.07842e-05              1       1.51e-07  
                                                        First-order 
 Iteration  Func-count       f(x)        Step-size       optimality
   620         621      1.07842e-05              1       1.59e-07  
   621         622      1.07842e-05              1        1.6e-07  
   622         623      1.07842e-05              1       1.81e-07  
   623         624      1.07842e-05              1       1.54e-07  
   624         625      1.07842e-05              1       1.42e-07  
   625         626      1.07842e-05              1       1.42e-07  
   626         627      1.07842e-05              1       1.49e-07  
   627         628      1.07842e-05              1       1.61e-07  
   628         629      1.07842e-05              1       1.68e-07  
   629         630      1.07842e-05              1       1.32e-07  
   630         631      1.07842e-05              1       1.55e-07  
   631         632      1.07842e-05              1        1.2e-07  
   632         633      1.07842e-05              1       1.15e-07  
   633         634      1.07842e-05              1       1.13e-07  
   634         635      1.07842e-05              1       1.27e-07  
   635         636      1.07841e-05              1       1.36e-07  
   636         637      1.07841e-05              1       1.18e-07  
   637         638      1.07841e-05              1       1.15e-07  
   638         639      1.07841e-05              1       1.06e-07  
   639         640      1.07841e-05              1       1.06e-07  
                                                        First-order 
 Iteration  Func-count       f(x)        Step-size       optimality
   640         641      1.07841e-05              1       1.01e-07  

Optimization completed: The <a href = "matlab: helpview([docroot '/toolbox/optim/msg_csh/optim_msg_csh.map'],'first_order_opt_unc','CSHelpWindow');">first-order optimality measure</a>, 9.570896e-08, is less 
than <a href = "matlab: helpview([docroot '/toolbox/optim/msg_csh/optim_msg_csh.map'],'tolfun','CSHelpWindow');">options.TolFun</a> = 1.000000e-07.

Optimization Metric                                            Options
relative norm(gradient) =   9.57e-08                  TolFun =   1e-07 (selected)

