flow iter#1; |dv| = 4.92506
flow iter#2; |dv| = 1.23732
flow iter#3; |dv| = 1.49235
flow iter#4; |dv| = 1.96522
flow iter#5; |dv| = 1.60902
flow iter#6; |dv| = 0.88346
flow iter#7; |dv| = 0.254792
flow iter#8; |dv| = 0.26152
flow iter#9; |dv| = 0.369201
flow iter#10; |dv| = 0.312229
flow iter#11; |dv| = 0.186444
flow iter#12; |dv| = 0.0692117
flow iter#13; |dv| = 0.0292212
flow iter#14; |dv| = 0.053682
flow iter#15; |dv| = 0.0524809
flow iter#16; |dv| = 0.0356872
flow iter#17; |dv| = 0.0166984
flow iter#18; |dv| = 0.00614212
flow iter#19; |dv| = 0.00883343
flow iter#20; |dv| = 0.00980038
flow iter#21; |dv| = 0.0080425
flow iter#22; |dv| = 0.00586178
flow iter#23; |dv| = 0.00487326
                                                        First-order 
 Iteration  Func-count       f(x)        Step-size       optimality
     0           1        0.0520631                       0.00244
     1           4        0.0268731             91         0.0012  
     2           6        0.0121613       0.476377        0.00111  
     3           7       0.00166004              1        0.00031  
     4           8       0.00118779              1       0.000711  
     5           9      0.000596283              1       0.000142  
     6          10      0.000428096              1       0.000102  
     7          11      0.000270432              1       0.000237  
     8          12      0.000183925              1       0.000127  
     9          13      8.21993e-05              1       0.000169  
    10          14      6.80216e-05              1        8.1e-05  
    11          15      6.20092e-05              1       6.93e-05  
    12          16      5.63123e-05              1       5.33e-05  
    13          17      5.12376e-05              1       2.03e-05  
    14          18      4.40812e-05              1       3.41e-05  
    15          19      3.50056e-05              1       6.97e-05  
    16          20      2.59399e-05              1        5.4e-05  
    17          21      2.18722e-05              1       0.000115  
    18          23      1.92538e-05       0.617388       3.04e-05  
    19          24       1.7812e-05              1       2.76e-05  
                                                        First-order 
 Iteration  Func-count       f(x)        Step-size       optimality
    20          25      1.51539e-05              1        0.00014  
    21          26      1.37615e-05              1       1.49e-05  
    22          27      1.26301e-05              1       2.12e-05  
    23          28      1.07457e-05              1       7.25e-05  
    24          29      9.40184e-06              1        4.3e-05  
    25          30       7.5172e-06              1       2.77e-05  
    26          31      6.76814e-06              1       9.76e-06  
    27          32      6.10323e-06              1       4.38e-05  
    28          33       5.4884e-06              1       3.54e-05  
    29          34      5.21348e-06              1       2.34e-05  
    30          35      4.97226e-06              1       2.16e-05  
    31          36      4.72666e-06              1       7.53e-06  
    32          37      4.39684e-06              1       1.15e-05  
    33          38      4.27427e-06              1       8.27e-06  
    34          39      4.14468e-06              1       4.99e-06  
    35          40      3.82266e-06              1       1.54e-05  
    36          41      3.57503e-06              1       3.39e-05  
    37          42      3.25533e-06              1        2.2e-05  
    38          43       2.9944e-06              1       5.95e-06  
    39          44       2.8569e-06              1       6.49e-06  
                                                        First-order 
 Iteration  Func-count       f(x)        Step-size       optimality
    40          45       2.5987e-06              1       6.96e-06  
    41          46      2.40713e-06              1       6.44e-06  
    42          47      2.31085e-06              1       5.86e-06  
    43          48      2.23147e-06              1        7.5e-06  
    44          49      2.09995e-06              1       8.23e-06  
    45          50       1.9987e-06              1       1.02e-05  
    46          51      1.78933e-06              1       2.61e-05  
    47          52      1.73201e-06              1       1.71e-06  
    48          53      1.67603e-06              1       7.46e-06  
    49          54      1.61729e-06              1       1.01e-05  
    50          55      1.54905e-06              1       1.26e-05  
    51          56      1.44194e-06              1          9e-06  
    52          57      1.33698e-06              1       1.09e-05  
    53          58      1.21024e-06              1       3.75e-06  
    54          59      1.15435e-06              1       1.02e-05  
    55          61      1.10275e-06       0.411099       4.63e-06  
    56          62      1.03786e-06              1       5.52e-06  
    57          63      9.84861e-07              1       9.64e-06  
    58          64      9.51516e-07              1       1.31e-05  
    59          65       8.9288e-07              1       3.17e-06  
                                                        First-order 
 Iteration  Func-count       f(x)        Step-size       optimality
    60          66      8.26671e-07              1       1.33e-05  
    61          67      7.55176e-07              1       2.12e-05  
    62          68      7.09218e-07              1       8.18e-06  
    63          69      7.07994e-07              1       5.45e-06  
    64          70      6.79195e-07              1       5.75e-06  
    65          72      6.76811e-07       0.359047        2.4e-06  
    66          73      6.62098e-07              1          3e-06  
    67          74      6.30341e-07              1       4.22e-06  
    68          75      6.11044e-07              1       3.27e-06  
    69          76      5.85522e-07              1       7.19e-06  
    70          77      5.35708e-07              1       5.28e-06  
    71          78      4.92624e-07              1       5.65e-06  
    72          80      4.61126e-07            0.5       7.89e-06  
    73          81      4.48697e-07              1       2.96e-06  
    74          82      4.35854e-07              1       3.96e-06  
    75          83      4.23633e-07              1       3.51e-06  
    76          84      4.19342e-07              1       3.39e-06  
    77          85      4.09098e-07              1       2.49e-06  
    78          86      3.96762e-07              1       5.52e-06  
    79          87      3.81487e-07              1       6.88e-06  
                                                        First-order 
 Iteration  Func-count       f(x)        Step-size       optimality
    80          88      3.56795e-07              1       4.07e-06  
    81          89      3.18998e-07              1       6.82e-06  
    82          90      2.96118e-07              1       9.92e-06  
    83          91      2.95412e-07              1       5.41e-06  
    84          92      2.82593e-07              1       1.25e-05  
    85          93      2.78467e-07              1       4.24e-06  
    86          94      2.70462e-07              1       8.27e-06  
    87          95      2.46646e-07              1        7.9e-06  
    88          96      2.32459e-07              1       7.08e-06  
    89          97      2.20459e-07              1       7.77e-06  
    90          98      2.17568e-07              1       2.26e-06  
    91          99      2.13541e-07              1       1.89e-06  
    92         100      2.09736e-07              1       3.71e-06  
    93         101      2.05887e-07              1       1.83e-06  
    94         102      1.99742e-07              1        5.2e-06  
    95         104      1.89901e-07       0.373272       1.84e-06  
    96         105      1.85215e-07              1        3.3e-06  
    97         106      1.83184e-07              1       7.21e-06  
    98         107      1.72387e-07              1       4.05e-06  
    99         108      1.68196e-07              1       1.73e-06  
                                                        First-order 
 Iteration  Func-count       f(x)        Step-size       optimality
   100         109      1.67316e-07              1       1.48e-06  
   101         110      1.63628e-07              1       4.28e-06  
   102         111      1.62468e-07              1       1.64e-06  
   103         112      1.60685e-07              1       1.46e-06  
   104         114      1.59303e-07       0.279893       9.58e-07  
   105         116      1.51297e-07             10       1.67e-06  
   106         117      1.43279e-07              1       2.32e-06  
   107         118      1.28197e-07              1       8.32e-06  
   108         119      1.24632e-07              1       3.48e-06  
   109         120      1.16404e-07              1       1.05e-06  
   110         121      1.12659e-07              1        4.7e-06  
   111         122      1.08222e-07              1       3.59e-06  
   112         123      9.72231e-08              1       1.97e-06  
   113         124      9.06623e-08              1       1.17e-06  
   114         126       8.9051e-08       0.261104       2.49e-06  
   115         127      8.44803e-08              1       1.16e-06  
   116         128      7.97157e-08              1       1.44e-06  
   117         129      7.55666e-08              1       4.86e-06  
   118         131      7.12248e-08       0.415702       5.27e-06  
   119         132      6.92563e-08              1       2.59e-06  
                                                        First-order 
 Iteration  Func-count       f(x)        Step-size       optimality
   120         133      6.78443e-08              1       8.28e-07  
   121         134      6.63993e-08              1       3.47e-06  
   122         135      6.46264e-08              1        2.5e-06  
   123         136       6.2525e-08              1       1.15e-06  
   124         137      6.00274e-08              1       9.55e-07  
   125         138      5.74461e-08              1       1.48e-06  
   126         139      5.60898e-08              1       1.27e-06  
   127         140      5.48435e-08              1       1.76e-06  
   128         141       5.3275e-08              1       1.11e-06  
   129         142       5.1757e-08              1       1.23e-06  
   130         143      4.74741e-08              1       3.23e-06  
   131         144      4.33774e-08              1       4.77e-06  
   132         145      3.56323e-08              1        6.5e-06  
   133         146      2.88647e-08              1       5.07e-06  
   134         147      2.61815e-08              1       9.05e-06  
   135         148      2.21836e-08              1       9.98e-07  
   136         149       1.9914e-08              1       2.01e-06  
   137         150      1.65952e-08              1       3.42e-06  
   138         151      1.47263e-08              1       2.27e-06  
   139         152      1.34426e-08              1        1.2e-06  
                                                        First-order 
 Iteration  Func-count       f(x)        Step-size       optimality
   140         153      1.31888e-08              1       2.72e-06  
   141         154      1.20963e-08              1       1.43e-06  
   142         155      1.16969e-08              1       7.76e-07  
   143         156      1.15001e-08              1          9e-07  
   144         157      1.10254e-08              1       1.69e-06  
   145         158      1.06968e-08              1       2.01e-06  
   146         159      9.62455e-09              1       2.52e-06  
   147         160      8.52776e-09              1       1.71e-06  
   148         161      7.56826e-09              1       2.53e-06  
   149         162      6.86579e-09              1        1.1e-06  
   150         163      6.64865e-09              1       4.93e-07  
   151         164      6.42364e-09              1       4.29e-07  
   152         165      5.88725e-09              1        3.9e-07  
   153         166      5.22831e-09              1       8.48e-07  
   154         167       4.4403e-09              1       3.48e-07  
   155         168      4.08255e-09              1       8.49e-07  
   156         169      3.81765e-09              1        6.7e-07  
   157         170      3.65111e-09              1       1.72e-07  
   158         171      3.54831e-09              1       8.33e-07  
   159         172      3.44834e-09              1       4.17e-07  
                                                        First-order 
 Iteration  Func-count       f(x)        Step-size       optimality
   160         173      3.36191e-09              1       2.52e-07  
   161         174      3.03127e-09              1       4.58e-07  
   162         175      2.77065e-09              1       5.17e-07  
   163         176      2.52454e-09              1       6.21e-07  
   164         177      2.24592e-09              1       7.69e-07  
   165         178       2.0523e-09              1       1.08e-06  
   166         179      1.85137e-09              1       7.61e-07  
   167         180       1.7281e-09              1       3.39e-07  
   168         181      1.65094e-09              1       3.08e-07  
   169         182      1.48696e-09              1       3.48e-07  
   170         183      1.33279e-09              1       1.86e-07  
   171         184      1.20113e-09              1        6.5e-07  
   172         185      1.11226e-09              1       3.02e-07  
   173         186      1.06574e-09              1       4.39e-07  
   174         187      1.02525e-09              1       5.16e-07  
   175         188      9.52231e-10              1       4.56e-07  
   176         189      8.77039e-10              1       2.84e-07  
   177         190      8.03584e-10              1       2.58e-07  
   178         191      7.29421e-10              1       2.13e-07  
   179         192      6.33602e-10              1       2.18e-07  
                                                        First-order 
 Iteration  Func-count       f(x)        Step-size       optimality
   180         193      5.02925e-10              1        2.2e-07  
   181         194      3.95141e-10              1       6.24e-07  
   182         195      2.94481e-10              1       4.22e-07  
   183         196      2.20734e-10              1       6.54e-08  
   184         197      1.90102e-10              1       1.82e-07  
   185         198      1.77033e-10              1       1.68e-07  
   186         199      1.59049e-10              1       1.51e-07  
   187         200       1.3957e-10              1       1.71e-07  
   188         201      1.26464e-10              1       3.93e-08  
   189         202      1.23835e-10              1       1.05e-07  
   190         203      1.23243e-10              1       5.69e-08  
   191         204      1.22877e-10              1       2.48e-08  
   192         205      1.22704e-10              1       7.57e-09  
   193         206      1.22398e-10              1       7.72e-09  
   194         207       1.2185e-10              1       6.99e-09  
   195         208      1.20727e-10              1        1.6e-08  
   196         209      1.18027e-10              1       3.98e-08  
   197         210      1.12237e-10              1       5.86e-08  
   198         211      1.02413e-10              1       9.58e-08  
   199         212       9.0889e-11              1       1.51e-07  
                                                        First-order 
 Iteration  Func-count       f(x)        Step-size       optimality
   200         213      7.23713e-11              1       8.56e-08  
   201         215      6.54476e-11       0.437426       1.17e-07  
   202         216      6.21954e-11              1       1.59e-07  
   203         218      5.72026e-11       0.295622       2.51e-07  
   204         219      4.49232e-11              1       3.69e-08  
   205         220      4.06061e-11              1       2.48e-08  
   206         221      3.53141e-11              1       1.58e-08  
   207         222      3.23921e-11              1       2.73e-08  
   208         223      2.47662e-11              1        3.1e-08  
   209         224      1.92295e-11              1       1.63e-07  
   210         225      1.57917e-11              1       8.32e-08  
   211         226      1.20874e-11              1       8.64e-08  
   212         227      9.73952e-12              1       9.06e-08  
   213         228      8.07178e-12              1       2.99e-08  
   214         230      6.80468e-12            0.5       8.45e-08  
   215         231      4.62376e-12              1        3.2e-08  
   216         232      3.05336e-12              1       2.73e-08  
   217         233      1.91584e-12              1       2.36e-08  
   218         234      1.44562e-12              1       2.63e-08  
   219         236      9.56718e-13         0.3156       4.44e-08  
                                                        First-order 
 Iteration  Func-count       f(x)        Step-size       optimality
   220         237      6.40875e-13              1       2.41e-08  
   221         238      3.57427e-13              1       2.12e-08  
   222         239      2.38182e-13              1       1.34e-09  
   223         241       1.7437e-13            0.5       1.13e-08  
   224         242      1.04018e-13              1       8.76e-09  
   225         243      2.88305e-14              1        2.3e-09  
   226         244      1.34045e-14              1       8.07e-09  
   227         245      2.24013e-15              1       9.55e-10  
   228         246      5.41522e-16              1       5.35e-10  
   229         247      1.38438e-16              1       9.98e-11  

Optimization completed: The <a href = "matlab: helpview([docroot '/toolbox/optim/msg_csh/optim_msg_csh.map'],'first_order_opt_unc','CSHelpWindow');">first-order optimality measure</a>, 9.953626e-11, is less 
than <a href = "matlab: helpview([docroot '/toolbox/optim/msg_csh/optim_msg_csh.map'],'tolfun','CSHelpWindow');">options.TolFun</a> = 1.000000e-10.

Optimization Metric                                            Options
relative norm(gradient) =   9.95e-11                  TolFun =   1e-10 (selected)

                                                        First-order 
 Iteration  Func-count       f(x)        Step-size       optimality
     0           1         0.193427                        0.0653
     1           2         0.156037              1         0.0223  
     2           3         0.111222              1          0.063  
     3           4        0.0865592              1          0.028  
     4           5        0.0610729              1         0.0377  
     5           6           0.0453              1         0.0255  
     6           7        0.0344867              1         0.0109  
     7           8        0.0296942              1        0.00857  
     8           9        0.0262462              1        0.00932  
     9          10        0.0238918              1        0.00618  
    10          11        0.0216954              1        0.00492  
    11          12        0.0191507              1         0.0081  
    12          13         0.016646              1        0.00625  
    13          14        0.0142219              1        0.00506  
    14          15        0.0123159              1         0.0051  
    15          16        0.0103595              1        0.00527  
    16          17       0.00910705              1        0.00578  
    17          18       0.00770747              1        0.00315  
    18          19       0.00668545              1        0.00391  
    19          20       0.00542948              1        0.00384  
                                                        First-order 
 Iteration  Func-count       f(x)        Step-size       optimality
    20          21       0.00459807              1        0.00321  
    21          22       0.00375004              1        0.00295  
    22          23       0.00317012              1        0.00281  
    23          24       0.00269538              1        0.00262  
    24          25       0.00235409              1        0.00202  
    25          26       0.00205924              1        0.00147  
    26          27       0.00182221              1        0.00148  
    27          28       0.00162909              1        0.00128  
    28          29       0.00147463              1        0.00135  
    29          30       0.00133989              1        0.00108  
    30          31       0.00122282              1        0.00104  
    31          32       0.00112442              1       0.000951  
    32          33       0.00104532              1       0.000861  
    33          34      0.000974108              1       0.000813  
    34          35      0.000909466              1       0.000766  
    35          36      0.000846319              1       0.000666  
    36          37      0.000791403              1       0.000564  
    37          38      0.000739437              1       0.000703  
    38          39      0.000689692              1       0.000702  
    39          40      0.000637702              1       0.000653  
                                                        First-order 
 Iteration  Func-count       f(x)        Step-size       optimality
    40          41      0.000585926              1       0.000606  
    41          42      0.000534756              1       0.000573  
    42          43      0.000489209              1       0.000608  
    43          44      0.000450901              1       0.000554  
    44          45      0.000418356              1       0.000445  
    45          46      0.000387066              1       0.000503  
    46          47      0.000356489              1       0.000548  
    47          48      0.000328139              1       0.000506  
    48          49      0.000305252              1       0.000452  
    49          50      0.000285892              1       0.000412  
    50          51      0.000269849              1       0.000332  
    51          52      0.000254136              1       0.000282  
    52          53      0.000243087              1       0.000296  
    53          54       0.00023131              1         0.0003  
    54          55      0.000220688              1       0.000287  
    55          56      0.000209774              1       0.000245  
    56          57      0.000199661              1       0.000232  
    57          58       0.00019029              1        0.00022  
    58          59      0.000181891              1        0.00023  
    59          60       0.00017415              1        0.00026  
                                                        First-order 
 Iteration  Func-count       f(x)        Step-size       optimality
    60          61      0.000166869              1       0.000279  
    61          62      0.000160119              1        0.00022  
    62          63       0.00015391              1        0.00017  
    63          64      0.000148414              1       0.000169  
    64          65      0.000143418              1       0.000195  
    65          66      0.000139056              1       0.000219  
    66          67       0.00013509              1       0.000198  
    67          68      0.000131551              1       0.000183  
    68          69      0.000128225              1       0.000159  
    69          70      0.000125184              1       0.000171  
    70          71      0.000122312              1        0.00016  
    71          72      0.000119603              1       0.000146  
    72          73      0.000116952              1       0.000171  
    73          74      0.000114387              1       0.000162  
    74          75      0.000111915              1       0.000142  
    75          76      0.000109596              1       0.000139  
    76          77      0.000107358              1       0.000146  
    77          78      0.000105116              1       0.000143  
    78          79      0.000102754              1       0.000129  
    79          80      0.000100325              1       0.000123  
                                                        First-order 
 Iteration  Func-count       f(x)        Step-size       optimality
    80          81      9.78867e-05              1       0.000125  
    81          82      9.55436e-05              1       0.000113  
    82          83      9.32269e-05              1       0.000127  
    83          84      9.09532e-05              1       0.000131  
    84          85      8.86945e-05              1       0.000132  
    85          86       8.6599e-05              1       0.000119  
    86          87      8.45889e-05              1       0.000123  
    87          88      8.26505e-05              1       0.000116  
    88          89      8.05878e-05              1       0.000123  
    89          90      7.85154e-05              1       0.000126  
    90          91      7.63959e-05              1       0.000123  
    91          92      7.43732e-05              1       0.000112  
    92          93      7.23359e-05              1       0.000102  
    93          94       7.0364e-05              1       0.000114  
    94          95      6.83914e-05              1        0.00011  
    95          96      6.65798e-05              1         0.0001  
    96          97      6.48525e-05              1       0.000108  
    97          98      6.32737e-05              1       0.000126  
    98          99      6.16574e-05              1       0.000104  
    99         100      6.00807e-05              1       0.000101  
                                                        First-order 
 Iteration  Func-count       f(x)        Step-size       optimality
   100         101      5.84273e-05              1       0.000108  
   101         102      5.68285e-05              1       0.000134  
   102         103      5.52358e-05              1       0.000131  
   103         104      5.37769e-05              1        0.00013  
   104         105      5.24185e-05              1        9.6e-05  
   105         106      5.12386e-05              1       8.51e-05  
   106         107      5.01531e-05              1       8.25e-05  
   107         108      4.91863e-05              1       7.88e-05  
   108         109      4.82649e-05              1       7.54e-05  
   109         110      4.74516e-05              1       7.11e-05  
   110         111      4.66905e-05              1       6.81e-05  
   111         112      4.59835e-05              1       6.58e-05  
   112         113      4.52621e-05              1       6.26e-05  
   113         114      4.45524e-05              1       7.67e-05  
   114         115      4.38447e-05              1       6.55e-05  
   115         116       4.3175e-05              1        6.5e-05  
   116         117      4.25493e-05              1       6.27e-05  
   117         118      4.19929e-05              1       5.17e-05  
   118         119       4.1493e-05              1       5.28e-05  
   119         120      4.10253e-05              1       5.54e-05  
                                                        First-order 
 Iteration  Func-count       f(x)        Step-size       optimality
   120         121      4.05437e-05              1       5.71e-05  
   121         122      4.00356e-05              1       6.42e-05  
   122         123        3.951e-05              1       5.44e-05  
   123         124      3.90051e-05              1       5.73e-05  
   124         125      3.85282e-05              1       5.54e-05  
   125         126      3.80849e-05              1       5.42e-05  
   126         127      3.76571e-05              1        5.5e-05  
   127         128      3.72753e-05              1        4.6e-05  
   128         129      3.69454e-05              1        4.7e-05  
   129         130       3.6647e-05              1       4.59e-05  
   130         131      3.63476e-05              1        4.7e-05  
   131         132       3.6032e-05              1       4.89e-05  
   132         133      3.56803e-05              1       4.61e-05  
   133         134      3.52819e-05              1       5.38e-05  
   134         135      3.48437e-05              1       5.88e-05  
   135         136      3.43907e-05              1       5.08e-05  
   136         137      3.39435e-05              1       5.88e-05  
   137         138      3.35002e-05              1        5.6e-05  
   138         139      3.30594e-05              1       5.06e-05  
   139         140      3.26342e-05              1       5.28e-05  
                                                        First-order 
 Iteration  Func-count       f(x)        Step-size       optimality
   140         141      3.22386e-05              1       5.26e-05  
   141         142      3.18696e-05              1       5.03e-05  
   142         143      3.15093e-05              1       4.79e-05  
   143         144      3.11537e-05              1       4.68e-05  
   144         145      3.07948e-05              1       5.16e-05  
   145         146      3.04381e-05              1       5.56e-05  
   146         147       3.0055e-05              1       5.37e-05  
   147         148      2.96352e-05              1       5.99e-05  
   148         149      2.91661e-05              1       6.97e-05  
   149         150      2.86962e-05              1       5.47e-05  
   150         151      2.82446e-05              1       4.75e-05  
   151         152       2.7849e-05              1       4.52e-05  
   152         153         2.75e-05              1       4.76e-05  
   153         154      2.72034e-05              1       4.19e-05  
   154         155       2.6923e-05              1       3.79e-05  
   155         156      2.66485e-05              1       3.81e-05  
   156         157      2.63646e-05              1       3.77e-05  
   157         158      2.60999e-05              1       4.12e-05  
   158         159      2.58513e-05              1       3.95e-05  
   159         160      2.56158e-05              1       4.12e-05  
                                                        First-order 
 Iteration  Func-count       f(x)        Step-size       optimality
   160         161      2.53769e-05              1       3.98e-05  
   161         162      2.51468e-05              1       3.83e-05  
   162         163      2.49305e-05              1       4.38e-05  
   163         164      2.47303e-05              1       4.23e-05  
   164         165      2.45322e-05              1       4.03e-05  
   165         166      2.43332e-05              1       3.92e-05  
   166         167      2.41346e-05              1       3.57e-05  
   167         168       2.3944e-05              1        3.6e-05  
   168         169      2.37568e-05              1        3.8e-05  
   169         170      2.35674e-05              1       3.57e-05  
   170         171      2.33685e-05              1       3.72e-05  
   171         172      2.31652e-05              1       3.57e-05  
   172         173      2.29622e-05              1        3.7e-05  
   173         174      2.27689e-05              1       3.56e-05  
   174         175      2.25819e-05              1       3.35e-05  
   175         176      2.24017e-05              1       3.73e-05  
   176         177      2.22184e-05              1       3.86e-05  
   177         178      2.20346e-05              1       3.83e-05  
   178         179      2.18477e-05              1       3.66e-05  
   179         180      2.16651e-05              1       3.68e-05  
                                                        First-order 
 Iteration  Func-count       f(x)        Step-size       optimality
   180         181      2.14836e-05              1       4.35e-05  
   181         182      2.13001e-05              1       4.46e-05  
   182         183      2.11092e-05              1       3.52e-05  
   183         184      2.09187e-05              1       3.69e-05  
   184         185      2.07392e-05              1        3.4e-05  
   185         186      2.05764e-05              1       3.22e-05  
   186         187      2.04233e-05              1       3.27e-05  
   187         188      2.02751e-05              1       3.51e-05  
   188         189       2.0133e-05              1       3.36e-05  
   189         190      2.00035e-05              1        3.4e-05  
   190         191      1.98842e-05              1       3.73e-05  
   191         192        1.977e-05              1       3.59e-05  
   192         193      1.96517e-05              1       3.47e-05  
   193         194      1.95345e-05              1       3.48e-05  
   194         195      1.94274e-05              1       3.13e-05  
   195         196      1.93261e-05              1       2.64e-05  
   196         197      1.92258e-05              1       2.57e-05  
   197         198      1.91278e-05              1       2.97e-05  
   198         199      1.90315e-05              1       2.76e-05  
   199         200       1.8937e-05              1        2.5e-05  
                                                        First-order 
 Iteration  Func-count       f(x)        Step-size       optimality
   200         201      1.88449e-05              1       2.37e-05  
   201         202      1.87581e-05              1       2.22e-05  
   202         203      1.86794e-05              1       2.46e-05  
   203         204      1.86077e-05              1        2.3e-05  
   204         205      1.85414e-05              1       1.91e-05  
   205         206      1.84791e-05              1       1.94e-05  
   206         207      1.84201e-05              1       1.98e-05  
   207         208      1.83617e-05              1       1.96e-05  
   208         209      1.83019e-05              1       1.87e-05  
   209         210      1.82405e-05              1       2.01e-05  
   210         211      1.81799e-05              1       1.88e-05  
   211         212      1.81212e-05              1       1.95e-05  
   212         213       1.8064e-05              1       1.87e-05  
   213         214      1.80071e-05              1       1.86e-05  
   214         215      1.79508e-05              1       1.98e-05  
   215         216      1.78928e-05              1       2.02e-05  
   216         217      1.78297e-05              1       1.95e-05  
   217         218      1.77566e-05              1       2.71e-05  
   218         219       1.7677e-05              1       2.29e-05  
   219         220      1.75965e-05              1       2.37e-05  
                                                        First-order 
 Iteration  Func-count       f(x)        Step-size       optimality
   220         221      1.75219e-05              1       1.85e-05  
   221         222      1.74522e-05              1       2.34e-05  
   222         223      1.73843e-05              1       2.43e-05  
   223         224      1.73157e-05              1       2.04e-05  
   224         225      1.72477e-05              1       2.02e-05  
   225         226      1.71805e-05              1       2.04e-05  
   226         227      1.71131e-05              1       2.14e-05  
   227         228      1.70432e-05              1       2.24e-05  
   228         229      1.69713e-05              1       2.34e-05  
   229         230      1.69013e-05              1       2.24e-05  
   230         231      1.68373e-05              1       2.08e-05  
   231         232      1.67793e-05              1       2.45e-05  
   232         233      1.67242e-05              1       2.53e-05  
   233         234      1.66683e-05              1       2.42e-05  
   234         235      1.66112e-05              1       2.67e-05  
   235         236      1.65523e-05              1       2.33e-05  
   236         237      1.64959e-05              1       1.83e-05  
   237         238      1.64448e-05              1       1.71e-05  
   238         239      1.63959e-05              1       1.85e-05  
   239         240      1.63497e-05              1       1.86e-05  
                                                        First-order 
 Iteration  Func-count       f(x)        Step-size       optimality
   240         241      1.63079e-05              1       1.73e-05  
   241         242      1.62682e-05              1       1.63e-05  
   242         243      1.62278e-05              1       1.67e-05  
   243         244      1.61848e-05              1       1.57e-05  
   244         245      1.61411e-05              1       1.57e-05  
   245         246      1.60994e-05              1       1.61e-05  
   246         247      1.60621e-05              1       1.62e-05  
   247         248      1.60281e-05              1       1.65e-05  
   248         249      1.59947e-05              1       1.59e-05  
   249         250      1.59599e-05              1       1.59e-05  
   250         251      1.59249e-05              1        1.5e-05  
   251         252      1.58913e-05              1        1.5e-05  
   252         253      1.58602e-05              1       1.45e-05  
   253         254      1.58294e-05              1       1.62e-05  
   254         255      1.57976e-05              1       1.52e-05  
   255         256      1.57645e-05              1        1.5e-05  
   256         257      1.57318e-05              1       1.22e-05  
   257         258         1.57e-05              1       1.35e-05  
   258         259      1.56697e-05              1       1.34e-05  
   259         260      1.56404e-05              1       1.46e-05  
                                                        First-order 
 Iteration  Func-count       f(x)        Step-size       optimality
   260         261      1.56121e-05              1       1.32e-05  
   261         262      1.55842e-05              1       1.38e-05  
   262         263      1.55564e-05              1       1.37e-05  
   263         264      1.55293e-05              1       1.33e-05  
   264         265      1.55048e-05              1        1.2e-05  
   265         266      1.54832e-05              1       1.22e-05  
   266         267      1.54643e-05              1        1.3e-05  
   267         268      1.54469e-05              1       1.28e-05  
   268         269      1.54302e-05              1        1.3e-05  
   269         270      1.54133e-05              1       1.31e-05  
   270         271      1.53959e-05              1        1.3e-05  
   271         272      1.53779e-05              1       1.28e-05  
   272         273      1.53601e-05              1       1.26e-05  
   273         274      1.53424e-05              1       1.25e-05  
   274         275      1.53242e-05              1       1.26e-05  
   275         276      1.53048e-05              1       1.27e-05  
   276         277      1.52844e-05              1       1.28e-05  
   277         278      1.52631e-05              1       1.26e-05  
   278         279      1.52413e-05              1       1.23e-05  
   279         280      1.52191e-05              1       1.15e-05  
                                                        First-order 
 Iteration  Func-count       f(x)        Step-size       optimality
   280         281      1.51975e-05              1       1.21e-05  
   281         282      1.51774e-05              1       1.23e-05  
   282         283      1.51587e-05              1       1.09e-05  
   283         284      1.51402e-05              1       1.09e-05  
   284         285      1.51216e-05              1       1.19e-05  
   285         286      1.51029e-05              1       1.02e-05  
   286         287      1.50851e-05              1       8.99e-06  
   287         288      1.50685e-05              1       9.11e-06  
   288         289       1.5053e-05              1       8.92e-06  
   289         290      1.50382e-05              1       1.07e-05  
   290         291       1.5024e-05              1       9.31e-06  
   291         292      1.50103e-05              1       9.87e-06  
   292         293       1.4997e-05              1       9.23e-06  
   293         294      1.49838e-05              1       8.87e-06  
   294         295      1.49706e-05              1       9.87e-06  
   295         296      1.49571e-05              1       8.87e-06  
   296         297      1.49436e-05              1       1.04e-05  
   297         298      1.49304e-05              1       9.85e-06  
   298         299      1.49174e-05              1       9.33e-06  
   299         300      1.49043e-05              1        8.8e-06  
                                                        First-order 
 Iteration  Func-count       f(x)        Step-size       optimality
   300         301       1.4891e-05              1       9.82e-06  
   301         302      1.48776e-05              1       9.11e-06  
   302         303      1.48644e-05              1       9.15e-06  
   303         304      1.48512e-05              1       1.01e-05  
   304         305      1.48377e-05              1       9.52e-06  
   305         306       1.4824e-05              1       8.89e-06  
   306         307      1.48104e-05              1       9.24e-06  
   307         308      1.47968e-05              1        8.8e-06  
   308         309      1.47829e-05              1       9.49e-06  
   309         310      1.47688e-05              1       9.82e-06  
   310         311      1.47549e-05              1       9.75e-06  
   311         312      1.47413e-05              1       1.01e-05  
   312         313      1.47277e-05              1       9.75e-06  
   313         314      1.47135e-05              1       1.12e-05  
   314         315      1.46987e-05              1       1.05e-05  
   315         316      1.46834e-05              1       9.63e-06  
   316         317       1.4668e-05              1       1.11e-05  
   317         318      1.46523e-05              1       1.25e-05  
   318         319       1.4636e-05              1       1.39e-05  
   319         320       1.4619e-05              1       1.45e-05  
                                                        First-order 
 Iteration  Func-count       f(x)        Step-size       optimality
   320         321       1.4602e-05              1       1.46e-05  
   321         322      1.45851e-05              1       1.39e-05  
   322         323      1.45685e-05              1       1.34e-05  
   323         324      1.45511e-05              1       1.27e-05  
   324         325      1.45322e-05              1       1.27e-05  
   325         326      1.45115e-05              1       1.36e-05  
   326         327      1.44902e-05              1       1.32e-05  
   327         328      1.44684e-05              1       1.33e-05  
   328         329      1.44461e-05              1       1.32e-05  
   329         330      1.44223e-05              1       1.25e-05  
   330         331      1.43979e-05              1       1.34e-05  
   331         332       1.4374e-05              1       1.36e-05  
   332         333      1.43522e-05              1       1.21e-05  
   333         334      1.43321e-05              1       1.05e-05  
   334         335      1.43127e-05              1       1.16e-05  
   335         336      1.42932e-05              1       9.85e-06  
   336         337      1.42742e-05              1       9.72e-06  
   337         338      1.42558e-05              1       1.14e-05  
   338         339      1.42383e-05              1       1.15e-05  
   339         340      1.42211e-05              1       1.08e-05  
                                                        First-order 
 Iteration  Func-count       f(x)        Step-size       optimality
   340         341      1.42046e-05              1       1.05e-05  
   341         342      1.41886e-05              1       1.05e-05  
   342         343      1.41735e-05              1       1.09e-05  
   343         344      1.41575e-05              1       1.03e-05  
   344         345      1.41412e-05              1       1.15e-05  
   345         346      1.41248e-05              1          1e-05  
   346         347      1.41088e-05              1       9.77e-06  
   347         348      1.40931e-05              1       9.96e-06  
   348         349      1.40775e-05              1       1.19e-05  
   349         350      1.40621e-05              1       1.19e-05  
   350         351      1.40472e-05              1       9.84e-06  
   351         352      1.40328e-05              1       9.34e-06  
   352         353       1.4019e-05              1       9.43e-06  
   353         354      1.40056e-05              1       1.07e-05  
   354         355      1.39925e-05              1       1.02e-05  
   355         356      1.39797e-05              1       1.05e-05  
   356         357      1.39668e-05              1       1.01e-05  
   357         358      1.39542e-05              1       1.13e-05  
   358         359      1.39419e-05              1       8.37e-06  
   359         360      1.39301e-05              1       8.18e-06  
                                                        First-order 
 Iteration  Func-count       f(x)        Step-size       optimality
   360         361      1.39181e-05              1       9.93e-06  
   361         362      1.39056e-05              1       8.46e-06  
   362         363       1.3893e-05              1       8.68e-06  
   363         364      1.38806e-05              1       8.72e-06  
   364         365      1.38685e-05              1       8.88e-06  
   365         366      1.38569e-05              1       8.82e-06  
   366         367      1.38457e-05              1       8.53e-06  
   367         368      1.38353e-05              1       8.34e-06  
   368         369      1.38253e-05              1       7.87e-06  
   369         370      1.38156e-05              1       7.88e-06  
   370         371      1.38061e-05              1       7.45e-06  
   371         372      1.37968e-05              1       8.64e-06  
   372         373      1.37878e-05              1       8.78e-06  
   373         374      1.37784e-05              1       8.18e-06  
   374         375      1.37685e-05              1       7.77e-06  
   375         376      1.37583e-05              1       7.48e-06  
   376         377      1.37485e-05              1       7.41e-06  
   377         378      1.37394e-05              1       8.31e-06  
   378         379      1.37309e-05              1        7.5e-06  
   379         380      1.37227e-05              1       7.45e-06  
                                                        First-order 
 Iteration  Func-count       f(x)        Step-size       optimality
   380         381      1.37149e-05              1       7.18e-06  
   381         382      1.37074e-05              1       7.26e-06  
   382         383      1.36999e-05              1       7.07e-06  
   383         384      1.36924e-05              1       6.68e-06  
   384         385       1.3685e-05              1       6.34e-06  
   385         386      1.36774e-05              1       7.42e-06  
   386         387      1.36695e-05              1       6.91e-06  
   387         388      1.36611e-05              1       7.35e-06  
   388         389      1.36526e-05              1       7.03e-06  
   389         390      1.36445e-05              1       6.45e-06  
   390         391      1.36368e-05              1       6.58e-06  
   391         392      1.36288e-05              1       7.13e-06  
   392         393      1.36201e-05              1       6.91e-06  
   393         394      1.36106e-05              1       7.43e-06  
   394         395       1.3601e-05              1       7.82e-06  
   395         396      1.35914e-05              1       7.86e-06  
   396         397      1.35819e-05              1       6.69e-06  
   397         398      1.35724e-05              1       7.14e-06  
   398         399      1.35629e-05              1       7.22e-06  
   399         400      1.35538e-05              1       9.78e-06  
                                                        First-order 
 Iteration  Func-count       f(x)        Step-size       optimality
   400         401       1.3545e-05              1       9.85e-06  
   401         402      1.35364e-05              1       7.27e-06  
   402         403      1.35281e-05              1       6.96e-06  
   403         404      1.35202e-05              1       6.78e-06  
   404         405      1.35125e-05              1       6.33e-06  
   405         406      1.35046e-05              1       6.86e-06  
   406         407      1.34965e-05              1       7.51e-06  
   407         408      1.34884e-05              1        6.8e-06  
   408         409      1.34806e-05              1       6.58e-06  
   409         410      1.34732e-05              1       6.51e-06  
   410         411      1.34662e-05              1       7.53e-06  
   411         412      1.34596e-05              1        8.4e-06  
   412         413      1.34533e-05              1       6.51e-06  
   413         414      1.34469e-05              1       6.76e-06  
   414         415      1.34405e-05              1       6.43e-06  
   415         416      1.34346e-05              1       5.91e-06  
   416         417      1.34282e-05              1       7.09e-06  
   417         418      1.34217e-05              1       6.75e-06  
   418         419       1.3415e-05              1       6.57e-06  
   419         420      1.34086e-05              1       5.47e-06  
                                                        First-order 
 Iteration  Func-count       f(x)        Step-size       optimality
   420         421      1.34027e-05              1       5.62e-06  
   421         422      1.33969e-05              1       6.47e-06  
   422         423      1.33911e-05              1       5.91e-06  
   423         424      1.33849e-05              1       7.16e-06  
   424         425      1.33785e-05              1       6.88e-06  
   425         426      1.33724e-05              1       5.89e-06  
   426         427      1.33664e-05              1       6.01e-06  
   427         428      1.33604e-05              1       5.59e-06  
   428         429      1.33543e-05              1       5.32e-06  
   429         430      1.33479e-05              1       6.73e-06  
   430         431      1.33412e-05              1       6.43e-06  
   431         432      1.33345e-05              1       7.56e-06  
   432         433      1.33278e-05              1       8.15e-06  
   433         434      1.33214e-05              1       7.33e-06  
   434         435      1.33153e-05              1       6.58e-06  
   435         436      1.33094e-05              1       6.01e-06  
   436         437      1.33033e-05              1       6.88e-06  
   437         438       1.3297e-05              1       7.84e-06  
   438         439      1.32905e-05              1       6.38e-06  
   439         440      1.32839e-05              1       6.11e-06  
                                                        First-order 
 Iteration  Func-count       f(x)        Step-size       optimality
   440         441      1.32776e-05              1       6.14e-06  
   441         442      1.32716e-05              1          6e-06  
   442         443       1.3266e-05              1       6.17e-06  
   443         444      1.32607e-05              1       5.94e-06  
   444         445      1.32554e-05              1       5.98e-06  
   445         446      1.32499e-05              1       7.52e-06  
   446         447      1.32444e-05              1        6.7e-06  
   447         448      1.32391e-05              1       6.32e-06  
   448         449       1.3234e-05              1       5.74e-06  
   449         450      1.32292e-05              1       5.33e-06  
   450         451      1.32246e-05              1       5.88e-06  
   451         452      1.32202e-05              1       5.05e-06  
   452         453       1.3216e-05              1       4.86e-06  
   453         454      1.32119e-05              1       5.15e-06  
   454         455      1.32077e-05              1       4.84e-06  
   455         456      1.32035e-05              1       5.17e-06  
   456         457      1.31992e-05              1       5.18e-06  
   457         458       1.3195e-05              1       5.61e-06  
   458         459      1.31908e-05              1       4.83e-06  
   459         460      1.31869e-05              1       5.09e-06  
                                                        First-order 
 Iteration  Func-count       f(x)        Step-size       optimality
   460         461      1.31831e-05              1       4.51e-06  
   461         462      1.31795e-05              1       4.27e-06  
   462         463      1.31758e-05              1       4.81e-06  
   463         464      1.31721e-05              1       4.61e-06  
   464         465      1.31686e-05              1       4.84e-06  
   465         466      1.31651e-05              1       5.16e-06  
   466         467      1.31618e-05              1       5.18e-06  
   467         468      1.31584e-05              1       5.35e-06  
   468         469      1.31549e-05              1       5.94e-06  
   469         470      1.31515e-05              1       4.54e-06  
   470         471      1.31483e-05              1        4.3e-06  
   471         472      1.31455e-05              1       4.17e-06  
   472         473      1.31429e-05              1       3.93e-06  
   473         474      1.31403e-05              1       4.57e-06  
   474         475      1.31379e-05              1       5.19e-06  
   475         476      1.31356e-05              1       4.32e-06  
   476         477      1.31333e-05              1       3.85e-06  
   477         478       1.3131e-05              1        4.5e-06  
   478         479      1.31286e-05              1       4.16e-06  
   479         480      1.31263e-05              1       3.91e-06  
                                                        First-order 
 Iteration  Func-count       f(x)        Step-size       optimality
   480         481      1.31242e-05              1       3.63e-06  
   481         482      1.31221e-05              1       3.88e-06  
   482         483      1.31201e-05              1       3.47e-06  
   483         484      1.31181e-05              1       3.61e-06  
   484         485      1.31161e-05              1       3.83e-06  
   485         486      1.31143e-05              1        3.4e-06  
   486         487      1.31125e-05              1       3.82e-06  
   487         488      1.31108e-05              1       2.96e-06  
   488         489      1.31092e-05              1       3.63e-06  
   489         490      1.31077e-05              1       3.45e-06  
   490         491      1.31062e-05              1       3.26e-06  
   491         492      1.31048e-05              1       3.61e-06  
   492         493      1.31034e-05              1       3.35e-06  
   493         494       1.3102e-05              1       2.93e-06  
   494         495      1.31006e-05              1       3.42e-06  
   495         496      1.30992e-05              1       3.18e-06  
   496         497       1.3098e-05              1       2.53e-06  
   497         498      1.30968e-05              1       2.56e-06  
   498         499      1.30956e-05              1       2.99e-06  
   499         500      1.30944e-05              1       3.26e-06  
                                                        First-order 
 Iteration  Func-count       f(x)        Step-size       optimality
   500         501       1.3093e-05              1       3.22e-06  
   501         502      1.30916e-05              1       2.91e-06  
   502         503      1.30901e-05              1       3.27e-06  
   503         504      1.30887e-05              1       3.39e-06  
   504         505      1.30872e-05              1        2.9e-06  
   505         506      1.30858e-05              1       2.77e-06  
   506         507      1.30845e-05              1       2.79e-06  
   507         508      1.30833e-05              1       3.05e-06  
   508         509      1.30822e-05              1       3.05e-06  
   509         510      1.30812e-05              1       2.55e-06  
   510         511      1.30803e-05              1       2.62e-06  
   511         512      1.30794e-05              1        2.6e-06  
   512         513      1.30785e-05              1       2.11e-06  
   513         514      1.30776e-05              1       2.66e-06  
   514         515      1.30767e-05              1        2.4e-06  
   515         516      1.30759e-05              1       1.99e-06  
   516         517      1.30751e-05              1       1.86e-06  
   517         518      1.30742e-05              1       2.18e-06  
   518         519      1.30734e-05              1       2.25e-06  
   519         520      1.30727e-05              1       1.91e-06  
                                                        First-order 
 Iteration  Func-count       f(x)        Step-size       optimality
   520         521       1.3072e-05              1       2.12e-06  
   521         522      1.30713e-05              1       1.93e-06  
   522         523      1.30707e-05              1       1.77e-06  
   523         524      1.30701e-05              1       1.71e-06  
   524         525      1.30696e-05              1       1.75e-06  
   525         526      1.30691e-05              1       1.89e-06  
   526         527      1.30685e-05              1       1.86e-06  
   527         528       1.3068e-05              1       2.09e-06  
   528         529      1.30674e-05              1       1.95e-06  
   529         530      1.30669e-05              1       1.83e-06  
   530         531      1.30664e-05              1       1.89e-06  
   531         532       1.3066e-05              1       1.89e-06  
   532         533      1.30656e-05              1       1.44e-06  
   533         534      1.30652e-05              1       1.58e-06  
   534         535      1.30648e-05              1       1.55e-06  
   535         536      1.30644e-05              1       1.61e-06  
   536         537      1.30641e-05              1       1.54e-06  
   537         538      1.30637e-05              1       1.43e-06  
   538         539      1.30634e-05              1       1.53e-06  
   539         540      1.30631e-05              1       1.39e-06  
                                                        First-order 
 Iteration  Func-count       f(x)        Step-size       optimality
   540         541      1.30628e-05              1       1.34e-06  
   541         542      1.30625e-05              1       1.33e-06  
   542         543      1.30622e-05              1        1.4e-06  
   543         544      1.30618e-05              1       1.44e-06  
   544         545      1.30615e-05              1       1.76e-06  
   545         546      1.30611e-05              1       1.52e-06  
   546         547      1.30608e-05              1        1.3e-06  
   547         548      1.30605e-05              1       1.25e-06  
   548         549      1.30603e-05              1       1.34e-06  
   549         550        1.306e-05              1       1.36e-06  
   550         551      1.30598e-05              1       1.05e-06  
   551         552      1.30595e-05              1       1.12e-06  
   552         553      1.30593e-05              1       1.23e-06  
   553         554      1.30591e-05              1       1.35e-06  
   554         555      1.30588e-05              1       1.17e-06  
   555         556      1.30586e-05              1       1.09e-06  
   556         557      1.30584e-05              1       1.28e-06  
   557         558      1.30582e-05              1       1.06e-06  
   558         559      1.30581e-05              1       9.61e-07  
   559         560      1.30579e-05              1       8.83e-07  
                                                        First-order 
 Iteration  Func-count       f(x)        Step-size       optimality
   560         561      1.30577e-05              1       1.29e-06  
   561         562      1.30576e-05              1       1.42e-06  
   562         563      1.30574e-05              1       1.08e-06  
   563         564      1.30572e-05              1       9.51e-07  
   564         565      1.30571e-05              1       9.28e-07  
   565         566      1.30569e-05              1       1.05e-06  
   566         567      1.30568e-05              1          1e-06  
   567         568      1.30566e-05              1       9.15e-07  
   568         569      1.30565e-05              1        9.5e-07  
   569         570      1.30564e-05              1       9.24e-07  
   570         571      1.30563e-05              1       9.04e-07  
   571         572      1.30562e-05              1       9.39e-07  
   572         573       1.3056e-05              1       1.02e-06  
   573         574      1.30559e-05              1       8.47e-07  
   574         575      1.30558e-05              1       8.66e-07  
   575         576      1.30557e-05              1       8.56e-07  
   576         577      1.30556e-05              1       8.04e-07  
   577         578      1.30555e-05              1       8.62e-07  
   578         579      1.30554e-05              1       7.17e-07  
   579         580      1.30553e-05              1        6.9e-07  
                                                        First-order 
 Iteration  Func-count       f(x)        Step-size       optimality
   580         581      1.30552e-05              1        6.9e-07  
   581         582      1.30552e-05              1       6.93e-07  
   582         583      1.30551e-05              1       6.89e-07  
   583         584       1.3055e-05              1       6.72e-07  
   584         585      1.30549e-05              1       7.27e-07  
   585         586      1.30548e-05              1       6.92e-07  
   586         587      1.30548e-05              1       6.57e-07  
   587         588      1.30547e-05              1       7.45e-07  
   588         589      1.30546e-05              1       8.32e-07  
   589         590      1.30545e-05              1       8.09e-07  
   590         591      1.30544e-05              1       8.48e-07  
   591         592      1.30543e-05              1       7.67e-07  
   592         593      1.30542e-05              1       7.33e-07  
   593         594      1.30541e-05              1       8.12e-07  
   594         595       1.3054e-05              1       7.65e-07  
   595         596      1.30539e-05              1        8.1e-07  
   596         597      1.30537e-05              1       9.68e-07  
   597         598      1.30536e-05              1       1.08e-06  
   598         599      1.30535e-05              1       9.97e-07  
   599         600      1.30533e-05              1       9.82e-07  
                                                        First-order 
 Iteration  Func-count       f(x)        Step-size       optimality
   600         601      1.30532e-05              1       8.19e-07  
   601         602      1.30531e-05              1       8.08e-07  
   602         603       1.3053e-05              1        7.8e-07  
   603         604      1.30529e-05              1       8.31e-07  
   604         605      1.30528e-05              1        8.4e-07  
   605         606      1.30527e-05              1        7.3e-07  
   606         607      1.30526e-05              1       7.77e-07  
   607         608      1.30525e-05              1       8.69e-07  
   608         609      1.30524e-05              1       9.67e-07  
   609         610      1.30523e-05              1       8.69e-07  
   610         611      1.30522e-05              1       8.13e-07  
   611         612      1.30521e-05              1       8.18e-07  
   612         613      1.30521e-05              1       6.44e-07  
   613         614       1.3052e-05              1       6.36e-07  
   614         615      1.30519e-05              1       6.31e-07  
   615         616      1.30518e-05              1       6.47e-07  
   616         617      1.30518e-05              1       5.71e-07  
   617         618      1.30517e-05              1       6.52e-07  
   618         619      1.30516e-05              1       6.19e-07  
   619         620      1.30515e-05              1       7.12e-07  
                                                        First-order 
 Iteration  Func-count       f(x)        Step-size       optimality
   620         621      1.30515e-05              1       6.06e-07  
   621         622      1.30514e-05              1       7.76e-07  
   622         623      1.30514e-05              1       7.84e-07  
   623         624      1.30513e-05              1        6.2e-07  
   624         625      1.30513e-05              1       5.38e-07  
   625         626      1.30512e-05              1       5.05e-07  
   626         627      1.30512e-05              1       5.02e-07  
   627         628      1.30512e-05              1       4.79e-07  
   628         629      1.30511e-05              1       5.77e-07  
   629         630      1.30511e-05              1       5.04e-07  
   630         631      1.30511e-05              1       4.19e-07  
   631         632       1.3051e-05              1       4.72e-07  
   632         633       1.3051e-05              1       3.97e-07  
   633         634       1.3051e-05              1       4.05e-07  
   634         635      1.30509e-05              1       4.02e-07  
   635         636      1.30509e-05              1       4.06e-07  
   636         637      1.30509e-05              1       4.14e-07  
   637         638      1.30509e-05              1       4.02e-07  
   638         639      1.30509e-05              1       3.59e-07  
   639         640      1.30508e-05              1       3.49e-07  
                                                        First-order 
 Iteration  Func-count       f(x)        Step-size       optimality
   640         641      1.30508e-05              1        3.5e-07  
   641         642      1.30508e-05              1       4.02e-07  
   642         643      1.30508e-05              1       3.61e-07  
   643         644      1.30507e-05              1       3.88e-07  
   644         645      1.30507e-05              1       3.77e-07  
   645         646      1.30507e-05              1       3.79e-07  
   646         647      1.30506e-05              1       4.22e-07  
   647         648      1.30506e-05              1       3.96e-07  
   648         649      1.30506e-05              1       4.38e-07  
   649         650      1.30506e-05              1       5.43e-07  
   650         651      1.30505e-05              1       4.93e-07  
   651         652      1.30505e-05              1       4.08e-07  
   652         653      1.30505e-05              1        3.7e-07  
   653         654      1.30505e-05              1       3.25e-07  
   654         655      1.30504e-05              1        3.7e-07  
   655         656      1.30504e-05              1       3.75e-07  
   656         657      1.30504e-05              1       4.45e-07  
   657         658      1.30504e-05              1       4.33e-07  
   658         659      1.30503e-05              1       3.77e-07  
   659         660      1.30503e-05              1       3.55e-07  
                                                        First-order 
 Iteration  Func-count       f(x)        Step-size       optimality
   660         661      1.30503e-05              1       3.28e-07  
   661         662      1.30503e-05              1       3.47e-07  
   662         663      1.30503e-05              1       3.44e-07  
   663         664      1.30502e-05              1       3.03e-07  
   664         665      1.30502e-05              1        3.8e-07  
   665         666      1.30502e-05              1       4.48e-07  
   666         667      1.30502e-05              1       3.79e-07  
   667         668      1.30502e-05              1        3.3e-07  
   668         669      1.30501e-05              1       2.94e-07  
   669         670      1.30501e-05              1       3.46e-07  
   670         671      1.30501e-05              1       3.59e-07  
   671         672      1.30501e-05              1       3.43e-07  
   672         673      1.30501e-05              1       3.66e-07  
   673         674        1.305e-05              1       4.25e-07  
   674         675        1.305e-05              1       4.14e-07  
   675         676        1.305e-05              1       3.41e-07  
   676         677        1.305e-05              1       3.45e-07  
   677         678        1.305e-05              1       3.28e-07  
   678         679      1.30499e-05              1       3.17e-07  
   679         680      1.30499e-05              1       3.29e-07  
                                                        First-order 
 Iteration  Func-count       f(x)        Step-size       optimality
   680         681      1.30499e-05              1       3.68e-07  
   681         682      1.30499e-05              1       3.08e-07  
   682         683      1.30499e-05              1       2.81e-07  
   683         684      1.30499e-05              1        3.2e-07  
   684         685      1.30499e-05              1       2.99e-07  
   685         686      1.30498e-05              1       3.39e-07  
   686         687      1.30498e-05              1       2.83e-07  
   687         688      1.30498e-05              1       3.17e-07  
   688         689      1.30498e-05              1       3.16e-07  
   689         690      1.30498e-05              1       2.84e-07  
   690         691      1.30498e-05              1       2.47e-07  
   691         692      1.30498e-05              1       2.76e-07  
   692         693      1.30498e-05              1       2.72e-07  
   693         694      1.30497e-05              1       2.82e-07  
   694         695      1.30497e-05              1       2.98e-07  
   695         696      1.30497e-05              1       2.88e-07  
   696         697      1.30497e-05              1       2.62e-07  
   697         698      1.30497e-05              1       3.05e-07  
   698         699      1.30497e-05              1       2.89e-07  
   699         700      1.30497e-05              1       2.68e-07  
                                                        First-order 
 Iteration  Func-count       f(x)        Step-size       optimality
   700         701      1.30497e-05              1       2.69e-07  
   701         702      1.30496e-05              1       2.75e-07  
   702         703      1.30496e-05              1       2.63e-07  
   703         704      1.30496e-05              1       2.37e-07  
   704         705      1.30496e-05              1       2.49e-07  
   705         706      1.30496e-05              1       2.54e-07  
   706         707      1.30496e-05              1       2.92e-07  
   707         708      1.30496e-05              1       2.63e-07  
   708         709      1.30496e-05              1       2.33e-07  
   709         710      1.30495e-05              1       2.46e-07  
   710         711      1.30495e-05              1       2.54e-07  
   711         712      1.30495e-05              1       2.76e-07  
   712         713      1.30495e-05              1       2.68e-07  
   713         714      1.30495e-05              1       2.87e-07  
   714         715      1.30495e-05              1       2.79e-07  
   715         716      1.30495e-05              1       2.47e-07  
   716         717      1.30495e-05              1        2.4e-07  
   717         718      1.30495e-05              1       2.72e-07  
   718         719      1.30495e-05              1       2.77e-07  
   719         720      1.30494e-05              1       2.67e-07  
                                                        First-order 
 Iteration  Func-count       f(x)        Step-size       optimality
   720         721      1.30494e-05              1       2.39e-07  
   721         722      1.30494e-05              1       1.98e-07  
   722         723      1.30494e-05              1       2.25e-07  
   723         724      1.30494e-05              1        2.3e-07  
   724         725      1.30494e-05              1       2.64e-07  
   725         726      1.30494e-05              1       2.31e-07  
   726         727      1.30494e-05              1       2.27e-07  
   727         728      1.30494e-05              1        2.2e-07  
   728         729      1.30494e-05              1        2.3e-07  
   729         730      1.30494e-05              1       2.18e-07  
   730         731      1.30494e-05              1       2.35e-07  
   731         732      1.30493e-05              1       2.64e-07  
   732         733      1.30493e-05              1       2.64e-07  
   733         734      1.30493e-05              1       2.47e-07  
   734         735      1.30493e-05              1       2.22e-07  
   735         736      1.30493e-05              1       2.43e-07  
   736         737      1.30493e-05              1       2.31e-07  
   737         738      1.30493e-05              1       2.44e-07  
   738         739      1.30493e-05              1       2.14e-07  
   739         740      1.30493e-05              1       2.36e-07  
                                                        First-order 
 Iteration  Func-count       f(x)        Step-size       optimality
   740         741      1.30493e-05              1       2.18e-07  
   741         742      1.30493e-05              1       2.31e-07  
   742         743      1.30493e-05              1       2.52e-07  
   743         744      1.30493e-05              1       2.03e-07  
   744         745      1.30492e-05              1       1.99e-07  
   745         746      1.30492e-05              1       1.79e-07  
   746         747      1.30492e-05              1        1.9e-07  
   747         748      1.30492e-05              1       2.01e-07  
   748         749      1.30492e-05              1       2.01e-07  
   749         750      1.30492e-05              1       1.86e-07  
   750         751      1.30492e-05              1       1.74e-07  
   751         752      1.30492e-05              1       1.95e-07  
   752         753      1.30492e-05              1       1.98e-07  
   753         754      1.30492e-05              1        2.1e-07  
   754         755      1.30492e-05              1       2.21e-07  
   755         756      1.30492e-05              1       2.02e-07  
   756         757      1.30492e-05              1       1.76e-07  
   757         758      1.30492e-05              1          2e-07  
   758         759      1.30492e-05              1       2.03e-07  
   759         760      1.30492e-05              1        1.7e-07  
                                                        First-order 
 Iteration  Func-count       f(x)        Step-size       optimality
   760         761      1.30491e-05              1       1.55e-07  
   761         762      1.30491e-05              1       1.63e-07  
   762         763      1.30491e-05              1       1.67e-07  
   763         764      1.30491e-05              1       1.82e-07  
   764         765      1.30491e-05              1       1.93e-07  
   765         766      1.30491e-05              1       2.08e-07  
   766         767      1.30491e-05              1       2.01e-07  
   767         768      1.30491e-05              1       1.71e-07  
   768         769      1.30491e-05              1       1.49e-07  
   769         770      1.30491e-05              1       1.63e-07  
   770         771      1.30491e-05              1       1.89e-07  
   771         772      1.30491e-05              1       1.64e-07  
   772         773      1.30491e-05              1       1.45e-07  
   773         774      1.30491e-05              1       1.74e-07  
   774         775      1.30491e-05              1       1.73e-07  
   775         776      1.30491e-05              1       1.49e-07  
   776         777      1.30491e-05              1       1.77e-07  
   777         778      1.30491e-05              1       1.61e-07  
   778         779      1.30491e-05              1       1.57e-07  
   779         780      1.30491e-05              1       1.63e-07  
                                                        First-order 
 Iteration  Func-count       f(x)        Step-size       optimality
   780         781      1.30491e-05              1       1.49e-07  
   781         782      1.30491e-05              1       1.43e-07  
   782         783       1.3049e-05              1       1.61e-07  
   783         784       1.3049e-05              1       1.88e-07  
   784         785       1.3049e-05              1       1.62e-07  
   785         786       1.3049e-05              1        1.5e-07  
   786         787       1.3049e-05              1       1.31e-07  
   787         788       1.3049e-05              1       1.28e-07  
   788         789       1.3049e-05              1       1.21e-07  
   789         790       1.3049e-05              1       1.42e-07  
   790         791       1.3049e-05              1       1.74e-07  
   791         792       1.3049e-05              1       1.55e-07  
   792         793       1.3049e-05              1       1.52e-07  
   793         794       1.3049e-05              1       1.21e-07  
   794         795       1.3049e-05              1       1.24e-07  
   795         796       1.3049e-05              1       1.21e-07  
   796         797       1.3049e-05              1       1.23e-07  
   797         798       1.3049e-05              1        1.3e-07  
   798         799       1.3049e-05              1       1.31e-07  
   799         800       1.3049e-05              1        1.4e-07  
                                                        First-order 
 Iteration  Func-count       f(x)        Step-size       optimality
   800         801       1.3049e-05              1       1.28e-07  
   801         802       1.3049e-05              1       1.31e-07  
   802         803       1.3049e-05              1       1.35e-07  
   803         804       1.3049e-05              1       1.23e-07  
   804         805       1.3049e-05              1       1.37e-07  
   805         806       1.3049e-05              1       1.24e-07  
   806         807       1.3049e-05              1       1.56e-07  
   807         808       1.3049e-05              1       1.49e-07  
   808         809       1.3049e-05              1       1.24e-07  
   809         810       1.3049e-05              1       1.11e-07  
   810         811       1.3049e-05              1       1.29e-07  
   811         812       1.3049e-05              1       1.16e-07  
   812         813       1.3049e-05              1       1.31e-07  
   813         814       1.3049e-05              1       1.41e-07  
   814         815       1.3049e-05              1       1.16e-07  
   815         816       1.3049e-05              1       1.34e-07  
   816         817       1.3049e-05              1       1.16e-07  
   817         818       1.3049e-05              1        1.1e-07  
   818         819       1.3049e-05              1       9.81e-08  

Optimization completed: The <a href = "matlab: helpview([docroot '/toolbox/optim/msg_csh/optim_msg_csh.map'],'first_order_opt_unc','CSHelpWindow');">first-order optimality measure</a>, 9.207990e-08, is less 
than <a href = "matlab: helpview([docroot '/toolbox/optim/msg_csh/optim_msg_csh.map'],'tolfun','CSHelpWindow');">options.TolFun</a> = 1.000000e-07.

Optimization Metric                                            Options
relative norm(gradient) =   9.21e-08                  TolFun =   1e-07 (selected)

