flow iter#1; |dv| = 4.92506
flow iter#2; |dv| = 1.23732
flow iter#3; |dv| = 1.49235
flow iter#4; |dv| = 1.96522
flow iter#5; |dv| = 1.60902
flow iter#6; |dv| = 0.88346
flow iter#7; |dv| = 0.254792
flow iter#8; |dv| = 0.26152
flow iter#9; |dv| = 0.369201
flow iter#10; |dv| = 0.312229
flow iter#11; |dv| = 0.186444
flow iter#12; |dv| = 0.0692117
flow iter#13; |dv| = 0.0292212
flow iter#14; |dv| = 0.053682
flow iter#15; |dv| = 0.0524809
flow iter#16; |dv| = 0.0356872
flow iter#17; |dv| = 0.0166984
flow iter#18; |dv| = 0.00614212
flow iter#19; |dv| = 0.00883343
flow iter#20; |dv| = 0.00980038
flow iter#21; |dv| = 0.0080425
flow iter#22; |dv| = 0.00586178
flow iter#23; |dv| = 0.00487326
                                                        First-order 
 Iteration  Func-count       f(x)        Step-size       optimality
     0           1        0.0429019                       0.00217
     1           4        0.0233915             91        0.00112  
     2           6       0.00947461            0.5       0.000708  
     3           7       0.00103903              1       0.000174  
     4           8      0.000315734              1       0.000328  
     5           9      0.000158521              1       0.000366  
     6          10      9.86537e-06              1       3.12e-05  
     7          11      6.72059e-06              1       2.03e-05  
     8          12      1.20836e-06              1       2.79e-05  
     9          13      2.34868e-07              1       1.27e-05  
    10          14      1.88273e-09              1       7.77e-07  
    11          15      1.36728e-09              1       8.81e-07  
    12          16      6.26267e-12              1       5.89e-08  
    13          17      1.95035e-13              1       7.04e-09  
    14          18      1.26084e-17              1       9.07e-11  

Optimization completed: The <a href = "matlab: helpview([docroot '/toolbox/optim/msg_csh/optim_msg_csh.map'],'first_order_opt_unc','CSHelpWindow');">first-order optimality measure</a>, 9.048148e-11, is less 
than <a href = "matlab: helpview([docroot '/toolbox/optim/msg_csh/optim_msg_csh.map'],'tolfun','CSHelpWindow');">options.TolFun</a> = 1.000000e-10.

Optimization Metric                                            Options
relative norm(gradient) =   9.05e-11                  TolFun =   1e-10 (selected)

                                                        First-order 
 Iteration  Func-count       f(x)        Step-size       optimality
     0           1          0.18609                         0.039
     1           2         0.146028              1         0.0181  
     2           3          0.10445              1         0.0366  
     3           4        0.0734675              1         0.0338  
     4           5         0.048502              1         0.0214  
     5           6        0.0387226              1         0.0201  
     6           7        0.0319949              1         0.0232  
     7           8        0.0288615              1          0.015  
     8           9        0.0258557              1         0.0115  
     9          10        0.0233344              1        0.00836  
    10          11        0.0216696              1        0.00663  
    11          12        0.0190113              1           0.01  
    12          13        0.0172007              1         0.0106  
    13          14         0.015007              1        0.00787  
    14          15        0.0133958              1         0.0074  
    15          16        0.0120071              1        0.00904  
    16          17        0.0106576              1        0.00602  
    17          18       0.00951496              1        0.00545  
    18          19       0.00835714              1        0.00765  
    19          20       0.00751989              1        0.00442  
                                                        First-order 
 Iteration  Func-count       f(x)        Step-size       optimality
    20          21       0.00658778              1        0.00277  
    21          22       0.00578587              1        0.00463  
    22          23       0.00496035              1        0.00502  
    23          24       0.00423321              1        0.00307  
    24          25       0.00365623              1        0.00248  
    25          26       0.00314089              1        0.00342  
    26          27        0.0027686              1        0.00227  
    27          28       0.00244225              1        0.00178  
    28          29       0.00215825              1        0.00148  
    29          30       0.00190818              1         0.0017  
    30          31       0.00170141              1        0.00156  
    31          32       0.00152543              1        0.00133  
    32          33       0.00137915              1        0.00121  
    33          34       0.00125419              1        0.00123  
    34          35       0.00114316              1        0.00108  
    35          36        0.0010451              1       0.000817  
    36          37      0.000955651              1       0.000803  
    37          38      0.000878461              1        0.00107  
    38          39      0.000808189              1       0.000868  
    39          40      0.000746751              1       0.000629  
                                                        First-order 
 Iteration  Func-count       f(x)        Step-size       optimality
    40          41      0.000689937              1       0.000859  
    41          42      0.000638571              1       0.000682  
    42          43      0.000590469              1       0.000548  
    43          44      0.000550283              1       0.000737  
    44          45      0.000514126              1       0.000687  
    45          46      0.000481698              1       0.000583  
    46          47       0.00045009              1       0.000519  
    47          48      0.000424073              1       0.000391  
    48          49      0.000402323              1       0.000454  
    49          50      0.000383454              1       0.000378  
    50          51      0.000365942              1         0.0004  
    51          52      0.000349306              1       0.000392  
    52          53      0.000332654              1       0.000372  
    53          54      0.000316224              1       0.000381  
    54          55      0.000300909              1       0.000424  
    55          56      0.000286362              1       0.000488  
    56          57      0.000272817              1       0.000471  
    57          58      0.000258796              1       0.000402  
    58          59      0.000246333              1       0.000332  
    59          60      0.000234071              1       0.000271  
                                                        First-order 
 Iteration  Func-count       f(x)        Step-size       optimality
    60          61      0.000223419              1       0.000259  
    61          62      0.000213769              1       0.000296  
    62          63      0.000205334              1        0.00028  
    63          64        0.0001975              1        0.00022  
    64          65      0.000190455              1       0.000206  
    65          66      0.000184102              1       0.000235  
    66          67      0.000178317              1       0.000218  
    67          68      0.000172642              1       0.000187  
    68          69      0.000166982              1       0.000207  
    69          70      0.000161392              1       0.000199  
    70          71      0.000156132              1       0.000191  
    71          72      0.000150927              1       0.000234  
    72          73      0.000145761              1       0.000185  
    73          74      0.000140612              1       0.000179  
    74          75      0.000135499              1       0.000171  
    75          76      0.000129981              1       0.000208  
    76          77      0.000124252              1       0.000206  
    77          78      0.000118446              1       0.000193  
    78          79      0.000112918              1       0.000198  
    79          80      0.000107578              1         0.0002  
                                                        First-order 
 Iteration  Func-count       f(x)        Step-size       optimality
    80          81      0.000102307              1       0.000178  
    81          82      9.71824e-05              1       0.000175  
    82          83       9.2591e-05              1       0.000175  
    83          84      8.86477e-05              1       0.000149  
    84          85      8.51362e-05              1       0.000159  
    85          86       8.1728e-05              1       0.000141  
    86          87      7.84694e-05              1        0.00016  
    87          88      7.54343e-05              1       0.000146  
    88          89      7.26673e-05              1       0.000129  
    89          90      6.99073e-05              1       0.000147  
    90          91      6.73072e-05              1       0.000149  
    91          92      6.46676e-05              1       0.000144  
    92          93      6.20891e-05              1       0.000136  
    93          94      5.97082e-05              1       0.000137  
    94          95      5.75893e-05              1        0.00011  
    95          96      5.56707e-05              1       0.000135  
    96          97       5.3909e-05              1       0.000138  
    97          98      5.23361e-05              1        0.00012  
    98          99      5.09314e-05              1       9.54e-05  
    99         100      4.96129e-05              1       9.61e-05  
                                                        First-order 
 Iteration  Func-count       f(x)        Step-size       optimality
   100         101      4.82739e-05              1       0.000104  
   101         102      4.69148e-05              1       0.000108  
   102         103      4.55817e-05              1       9.91e-05  
   103         104      4.43297e-05              1       9.78e-05  
   104         105       4.3112e-05              1       8.02e-05  
   105         106      4.19306e-05              1       8.41e-05  
   106         107      4.08005e-05              1       7.88e-05  
   107         108      3.97761e-05              1       8.74e-05  
   108         109      3.87926e-05              1       8.72e-05  
   109         110      3.77965e-05              1       8.15e-05  
   110         111      3.67603e-05              1       7.75e-05  
   111         112      3.57932e-05              1       9.19e-05  
   112         113      3.49389e-05              1       0.000111  
   113         114      3.42013e-05              1         0.0001  
   114         115      3.35344e-05              1       7.28e-05  
   115         116      3.29411e-05              1       6.25e-05  
   116         117       3.2418e-05              1       5.26e-05  
   117         118       3.1955e-05              1       5.19e-05  
   118         119       3.1518e-05              1       5.15e-05  
   119         120      3.10924e-05              1       4.99e-05  
                                                        First-order 
 Iteration  Func-count       f(x)        Step-size       optimality
   120         121       3.0675e-05              1       5.26e-05  
   121         122       3.0274e-05              1       5.84e-05  
   122         123      2.98891e-05              1       4.88e-05  
   123         124        2.952e-05              1       5.09e-05  
   124         125      2.91623e-05              1       4.82e-05  
   125         126      2.88158e-05              1        4.8e-05  
   126         127      2.84825e-05              1       4.55e-05  
   127         128      2.81746e-05              1       4.13e-05  
   128         129      2.78997e-05              1       3.56e-05  
   129         130      2.76558e-05              1       3.86e-05  
   130         131        2.743e-05              1       3.73e-05  
   131         132      2.72145e-05              1       3.57e-05  
   132         133       2.7008e-05              1       3.63e-05  
   133         134      2.68121e-05              1       3.37e-05  
   134         135      2.66205e-05              1       3.57e-05  
   135         136      2.64256e-05              1       3.49e-05  
   136         137       2.6224e-05              1       3.13e-05  
   137         138      2.60216e-05              1       3.54e-05  
   138         139       2.5824e-05              1       3.15e-05  
   139         140      2.56377e-05              1       3.37e-05  
                                                        First-order 
 Iteration  Func-count       f(x)        Step-size       optimality
   140         141      2.54665e-05              1       3.41e-05  
   141         142      2.53129e-05              1       2.94e-05  
   142         143      2.51707e-05              1       3.11e-05  
   143         144      2.50313e-05              1       2.76e-05  
   144         145      2.48907e-05              1       2.82e-05  
   145         146      2.47566e-05              1       3.29e-05  
   146         147      2.46359e-05              1       2.91e-05  
   147         148      2.45259e-05              1       2.37e-05  
   148         149      2.44153e-05              1       2.63e-05  
   149         150      2.42983e-05              1       3.01e-05  
   150         151      2.41787e-05              1       2.58e-05  
   151         152      2.40657e-05              1       2.64e-05  
   152         153      2.39619e-05              1       2.34e-05  
   153         154      2.38653e-05              1       2.73e-05  
   154         155      2.37747e-05              1       2.33e-05  
   155         156      2.36933e-05              1       2.16e-05  
   156         157      2.36216e-05              1        1.9e-05  
   157         158      2.35576e-05              1       1.93e-05  
   158         159      2.34973e-05              1       2.27e-05  
   159         160      2.34395e-05              1       2.36e-05  
                                                        First-order 
 Iteration  Func-count       f(x)        Step-size       optimality
   160         161      2.33835e-05              1       1.89e-05  
   161         162      2.33293e-05              1       1.88e-05  
   162         163      2.32768e-05              1       1.66e-05  
   163         164      2.32269e-05              1       1.56e-05  
   164         165      2.31801e-05              1       1.69e-05  
   165         166      2.31369e-05              1       1.82e-05  
   166         167      2.30967e-05              1        1.6e-05  
   167         168      2.30596e-05              1       1.32e-05  
   168         169       2.3025e-05              1       1.57e-05  
   169         170      2.29925e-05              1       1.47e-05  
   170         171      2.29612e-05              1       1.33e-05  
   171         172      2.29317e-05              1       1.41e-05  
   172         173       2.2904e-05              1       1.28e-05  
   173         174      2.28779e-05              1       1.36e-05  
   174         175      2.28517e-05              1       1.55e-05  
   175         176      2.28243e-05              1       1.46e-05  
   176         177      2.27955e-05              1       1.49e-05  
   177         178      2.27662e-05              1       1.34e-05  
   178         179      2.27381e-05              1       1.36e-05  
   179         180       2.2712e-05              1       1.12e-05  
                                                        First-order 
 Iteration  Func-count       f(x)        Step-size       optimality
   180         181      2.26876e-05              1       1.07e-05  
   181         182      2.26641e-05              1       1.15e-05  
   182         183      2.26414e-05              1        1.1e-05  
   183         184      2.26204e-05              1       1.07e-05  
   184         185      2.26014e-05              1       1.07e-05  
   185         186      2.25838e-05              1       1.01e-05  
   186         187      2.25661e-05              1       1.13e-05  
   187         188      2.25474e-05              1       1.14e-05  
   188         189      2.25281e-05              1          1e-05  
   189         190      2.25094e-05              1       1.14e-05  
   190         191       2.2492e-05              1       1.01e-05  
   191         192      2.24761e-05              1       9.35e-06  
   192         193      2.24611e-05              1          1e-05  
   193         194      2.24466e-05              1       9.54e-06  
   194         195      2.24323e-05              1       9.37e-06  
   195         196      2.24175e-05              1       9.91e-06  
   196         197      2.24019e-05              1       9.81e-06  
   197         198      2.23858e-05              1       9.75e-06  
   198         199      2.23695e-05              1       9.63e-06  
   199         200      2.23533e-05              1       9.16e-06  
                                                        First-order 
 Iteration  Func-count       f(x)        Step-size       optimality
   200         201      2.23377e-05              1       8.82e-06  
   201         202      2.23233e-05              1       9.36e-06  
   202         203      2.23103e-05              1        1.1e-05  
   203         204      2.22978e-05              1       1.25e-05  
   204         205      2.22849e-05              1       9.57e-06  
   205         206       2.2271e-05              1       9.47e-06  
   206         207      2.22569e-05              1       9.66e-06  
   207         208      2.22435e-05              1        9.8e-06  
   208         209      2.22308e-05              1       9.94e-06  
   209         210      2.22185e-05              1       8.92e-06  
   210         211      2.22064e-05              1       1.03e-05  
   211         212      2.21949e-05              1       8.31e-06  
   212         213      2.21836e-05              1       8.41e-06  
   213         214      2.21722e-05              1       8.55e-06  
   214         215      2.21604e-05              1       8.81e-06  
   215         216      2.21488e-05              1       8.33e-06  
   216         217      2.21381e-05              1       7.49e-06  
   217         218      2.21283e-05              1       6.69e-06  
   218         219      2.21189e-05              1       8.52e-06  
   219         220      2.21094e-05              1       8.23e-06  
                                                        First-order 
 Iteration  Func-count       f(x)        Step-size       optimality
   220         221      2.20997e-05              1        6.7e-06  
   221         222      2.20902e-05              1       7.51e-06  
   222         223       2.2081e-05              1       8.09e-06  
   223         224      2.20721e-05              1       7.24e-06  
   224         225      2.20631e-05              1       7.82e-06  
   225         226      2.20536e-05              1       7.71e-06  
   226         227      2.20434e-05              1       7.87e-06  
   227         228      2.20331e-05              1       8.22e-06  
   228         229      2.20229e-05              1       7.65e-06  
   229         230      2.20127e-05              1       6.61e-06  
   230         231      2.20025e-05              1       7.71e-06  
   231         232      2.19926e-05              1       7.98e-06  
   232         233      2.19835e-05              1        6.9e-06  
   233         234      2.19751e-05              1       6.71e-06  
   234         235      2.19666e-05              1       6.79e-06  
   235         236      2.19574e-05              1       7.32e-06  
   236         237       2.1948e-05              1       7.66e-06  
   237         238      2.19386e-05              1       7.38e-06  
   238         239      2.19293e-05              1       7.45e-06  
   239         240      2.19197e-05              1       6.72e-06  
                                                        First-order 
 Iteration  Func-count       f(x)        Step-size       optimality
   240         241      2.19095e-05              1       6.98e-06  
   241         242      2.18991e-05              1       8.77e-06  
   242         243       2.1889e-05              1       8.59e-06  
   243         244       2.1879e-05              1       7.94e-06  
   244         245      2.18688e-05              1       7.29e-06  
   245         246      2.18582e-05              1       8.24e-06  
   246         247      2.18477e-05              1       8.25e-06  
   247         248       2.1838e-05              1       9.04e-06  
   248         249       2.1829e-05              1       9.98e-06  
   249         250      2.18199e-05              1       8.43e-06  
   250         251      2.18101e-05              1       8.25e-06  
   251         252      2.17991e-05              1       7.58e-06  
   252         253      2.17874e-05              1       8.26e-06  
   253         254      2.17761e-05              1       9.24e-06  
   254         255      2.17654e-05              1          1e-05  
   255         256       2.1755e-05              1       9.63e-06  
   256         257      2.17443e-05              1       8.67e-06  
   257         258      2.17336e-05              1       8.55e-06  
   258         259      2.17234e-05              1       9.08e-06  
   259         260      2.17139e-05              1       7.46e-06  
                                                        First-order 
 Iteration  Func-count       f(x)        Step-size       optimality
   260         261      2.17046e-05              1       7.96e-06  
   261         262      2.16953e-05              1       7.34e-06  
   262         263      2.16858e-05              1       6.74e-06  
   263         264      2.16765e-05              1       7.05e-06  
   264         265      2.16671e-05              1       7.98e-06  
   265         266      2.16576e-05              1       8.24e-06  
   266         267       2.1648e-05              1       8.74e-06  
   267         268      2.16382e-05              1       9.71e-06  
   268         269      2.16282e-05              1       7.72e-06  
   269         270      2.16179e-05              1       7.85e-06  
   270         271      2.16075e-05              1       8.18e-06  
   271         272      2.15977e-05              1        8.4e-06  
   272         273       2.1588e-05              1       8.57e-06  
   273         274       2.1578e-05              1       8.73e-06  
   274         275      2.15673e-05              1       8.15e-06  
   275         276      2.15567e-05              1       8.63e-06  
   276         277      2.15462e-05              1       8.52e-06  
   277         278      2.15358e-05              1        7.2e-06  
   278         279       2.1525e-05              1       7.46e-06  
   279         280      2.15143e-05              1       8.74e-06  
                                                        First-order 
 Iteration  Func-count       f(x)        Step-size       optimality
   280         281      2.15039e-05              1       7.64e-06  
   281         282      2.14936e-05              1       7.66e-06  
   282         283      2.14825e-05              1       8.48e-06  
   283         284      2.14704e-05              1          8e-06  
   284         285      2.14579e-05              1       9.33e-06  
   285         286      2.14453e-05              1        9.6e-06  
   286         287      2.14325e-05              1       9.21e-06  
   287         288      2.14193e-05              1       8.09e-06  
   288         289      2.14059e-05              1       8.89e-06  
   289         290       2.1393e-05              1       9.53e-06  
   290         291      2.13803e-05              1       9.66e-06  
   291         292      2.13677e-05              1        8.8e-06  
   292         293      2.13546e-05              1       1.02e-05  
   293         294      2.13418e-05              1       9.26e-06  
   294         295      2.13295e-05              1        7.6e-06  
   295         296      2.13179e-05              1       7.69e-06  
   296         297      2.13062e-05              1        8.3e-06  
   297         298      2.12948e-05              1       7.37e-06  
   298         299      2.12837e-05              1       6.64e-06  
   299         300      2.12737e-05              1       6.84e-06  
                                                        First-order 
 Iteration  Func-count       f(x)        Step-size       optimality
   300         301      2.12645e-05              1       7.46e-06  
   301         302       2.1256e-05              1       6.72e-06  
   302         303      2.12476e-05              1       6.52e-06  
   303         304       2.1239e-05              1       6.73e-06  
   304         305      2.12305e-05              1       6.53e-06  
   305         306      2.12224e-05              1       6.92e-06  
   306         307       2.1215e-05              1       6.43e-06  
   307         308       2.1208e-05              1        6.9e-06  
   308         309      2.12013e-05              1       6.85e-06  
   309         310      2.11947e-05              1        6.1e-06  
   310         311      2.11886e-05              1       6.39e-06  
   311         312      2.11827e-05              1       5.55e-06  
   312         313      2.11768e-05              1       6.64e-06  
   313         314      2.11707e-05              1       6.36e-06  
   314         315      2.11644e-05              1       6.83e-06  
   315         316      2.11578e-05              1       6.94e-06  
   316         317      2.11512e-05              1       6.86e-06  
   317         318      2.11448e-05              1       6.43e-06  
   318         319       2.1139e-05              1       5.52e-06  
   319         320      2.11337e-05              1       5.41e-06  
                                                        First-order 
 Iteration  Func-count       f(x)        Step-size       optimality
   320         321      2.11286e-05              1       5.54e-06  
   321         322      2.11236e-05              1          5e-06  
   322         323      2.11186e-05              1       4.87e-06  
   323         324      2.11135e-05              1       4.98e-06  
   324         325      2.11082e-05              1       5.74e-06  
   325         326      2.11028e-05              1       5.41e-06  
   326         327       2.1097e-05              1       5.53e-06  
   327         328      2.10912e-05              1       5.85e-06  
   328         329      2.10855e-05              1          6e-06  
   329         330        2.108e-05              1       5.08e-06  
   330         331      2.10749e-05              1       5.86e-06  
   331         332      2.10702e-05              1       5.33e-06  
   332         333      2.10659e-05              1       4.75e-06  
   333         334      2.10616e-05              1       5.03e-06  
   334         335      2.10574e-05              1       5.03e-06  
   335         336       2.1053e-05              1       4.58e-06  
   336         337      2.10486e-05              1       5.24e-06  
   337         338      2.10441e-05              1       5.43e-06  
   338         339      2.10395e-05              1       5.14e-06  
   339         340      2.10347e-05              1       4.51e-06  
                                                        First-order 
 Iteration  Func-count       f(x)        Step-size       optimality
   340         341      2.10299e-05              1       4.81e-06  
   341         342      2.10251e-05              1       5.12e-06  
   342         343      2.10204e-05              1       5.36e-06  
   343         344      2.10158e-05              1       6.51e-06  
   344         345      2.10111e-05              1       5.72e-06  
   345         346      2.10063e-05              1       5.71e-06  
   346         347      2.10016e-05              1       4.44e-06  
   347         348      2.09971e-05              1       4.98e-06  
   348         349      2.09928e-05              1       5.44e-06  
   349         350      2.09885e-05              1       5.41e-06  
   350         351      2.09841e-05              1       5.04e-06  
   351         352      2.09792e-05              1        5.8e-06  
   352         353      2.09738e-05              1       6.61e-06  
   353         354       2.0968e-05              1        6.7e-06  
   354         355      2.09619e-05              1       5.45e-06  
   355         356      2.09556e-05              1       5.93e-06  
   356         357      2.09489e-05              1       6.56e-06  
   357         358      2.09422e-05              1       7.02e-06  
   358         359      2.09354e-05              1       6.83e-06  
   359         360      2.09289e-05              1        8.3e-06  
                                                        First-order 
 Iteration  Func-count       f(x)        Step-size       optimality
   360         361      2.09224e-05              1       6.55e-06  
   361         362      2.09159e-05              1       7.38e-06  
   362         363      2.09092e-05              1       7.95e-06  
   363         364      2.09026e-05              1       6.31e-06  
   364         365       2.0896e-05              1       6.34e-06  
   365         366      2.08894e-05              1       7.21e-06  
   366         367      2.08826e-05              1       7.04e-06  
   367         368      2.08756e-05              1       7.28e-06  
   368         369      2.08684e-05              1        6.8e-06  
   369         370       2.0861e-05              1       7.44e-06  
   370         371       2.0853e-05              1       7.39e-06  
   371         372      2.08447e-05              1       6.87e-06  
   372         373      2.08368e-05              1       6.86e-06  
   373         374      2.08298e-05              1       6.76e-06  
   374         375      2.08239e-05              1       7.23e-06  
   375         376      2.08182e-05              1       7.06e-06  
   376         377      2.08117e-05              1       6.93e-06  
   377         378      2.08048e-05              1       5.79e-06  
   378         379      2.07981e-05              1       7.01e-06  
   379         380      2.07904e-05              1       6.65e-06  
                                                        First-order 
 Iteration  Func-count       f(x)        Step-size       optimality
   380         381      2.07833e-05              1       5.69e-06  
   381         382      2.07764e-05              1       6.18e-06  
   382         383      2.07699e-05              1       6.35e-06  
   383         384      2.07632e-05              1       6.37e-06  
   384         385      2.07567e-05              1       5.76e-06  
   385         386      2.07505e-05              1        6.7e-06  
   386         387      2.07445e-05              1       7.37e-06  
   387         388      2.07383e-05              1       7.45e-06  
   388         389      2.07319e-05              1        7.1e-06  
   389         390      2.07256e-05              1       6.36e-06  
   390         391      2.07194e-05              1       6.59e-06  
   391         392      2.07129e-05              1       7.17e-06  
   392         393      2.07061e-05              1       6.17e-06  
   393         394      2.06989e-05              1       6.87e-06  
   394         395      2.06919e-05              1       6.23e-06  
   395         396       2.0685e-05              1        6.1e-06  
   396         397      2.06781e-05              1       6.71e-06  
   397         398      2.06713e-05              1       5.67e-06  
   398         399      2.06647e-05              1       6.74e-06  
   399         400       2.0658e-05              1       7.01e-06  
                                                        First-order 
 Iteration  Func-count       f(x)        Step-size       optimality
   400         401      2.06513e-05              1       7.99e-06  
   401         402      2.06443e-05              1       6.65e-06  
   402         403      2.06374e-05              1       6.07e-06  
   403         404      2.06304e-05              1       6.31e-06  
   404         405      2.06237e-05              1       5.73e-06  
   405         406      2.06173e-05              1       5.62e-06  
   406         407      2.06119e-05              1       6.79e-06  
   407         408       2.0607e-05              1       6.55e-06  
   408         409      2.06022e-05              1       5.54e-06  
   409         410      2.05968e-05              1        5.4e-06  
   410         411      2.05919e-05              1       5.92e-06  
   411         412      2.05865e-05              1       6.44e-06  
   412         413      2.05813e-05              1       6.57e-06  
   413         414      2.05759e-05              1       6.25e-06  
   414         415      2.05704e-05              1       6.04e-06  
   415         416      2.05649e-05              1       6.45e-06  
   416         417      2.05596e-05              1       5.87e-06  
   417         418      2.05547e-05              1       5.57e-06  
   418         419      2.05503e-05              1       5.59e-06  
   419         420      2.05463e-05              1       5.36e-06  
                                                        First-order 
 Iteration  Func-count       f(x)        Step-size       optimality
   420         421      2.05424e-05              1       4.79e-06  
   421         422      2.05384e-05              1       5.28e-06  
   422         423      2.05341e-05              1        5.4e-06  
   423         424      2.05299e-05              1       5.09e-06  
   424         425       2.0526e-05              1       4.16e-06  
   425         426      2.05225e-05              1       5.15e-06  
   426         427      2.05191e-05              1        5.6e-06  
   427         428      2.05158e-05              1       4.68e-06  
   428         429      2.05126e-05              1       4.82e-06  
   429         430      2.05096e-05              1       4.08e-06  
   430         431      2.05067e-05              1       4.36e-06  
   431         432      2.05038e-05              1       3.74e-06  
   432         433       2.0501e-05              1       4.59e-06  
   433         434      2.04983e-05              1       4.43e-06  
   434         435      2.04957e-05              1       3.71e-06  
   435         436       2.0493e-05              1       3.49e-06  
   436         437      2.04903e-05              1       4.14e-06  
   437         438      2.04875e-05              1       4.33e-06  
   438         439      2.04846e-05              1       4.23e-06  
   439         440      2.04819e-05              1       3.87e-06  
                                                        First-order 
 Iteration  Func-count       f(x)        Step-size       optimality
   440         441      2.04795e-05              1       4.14e-06  
   441         442      2.04772e-05              1       3.81e-06  
   442         443      2.04748e-05              1       4.07e-06  
   443         444      2.04724e-05              1       3.61e-06  
   444         445      2.04699e-05              1       3.95e-06  
   445         446      2.04674e-05              1       3.84e-06  
   446         447       2.0465e-05              1       3.78e-06  
   447         448      2.04626e-05              1       3.51e-06  
   448         449      2.04604e-05              1       3.36e-06  
   449         450      2.04582e-05              1       3.52e-06  
   450         451      2.04561e-05              1       3.58e-06  
   451         452       2.0454e-05              1       3.35e-06  
   452         453      2.04519e-05              1       3.43e-06  
   453         454      2.04498e-05              1       4.09e-06  
   454         455      2.04477e-05              1       4.36e-06  
   455         456      2.04456e-05              1        4.8e-06  
   456         457      2.04434e-05              1       3.94e-06  
   457         458      2.04411e-05              1       3.78e-06  
   458         459      2.04388e-05              1       3.52e-06  
   459         460      2.04366e-05              1       3.67e-06  
                                                        First-order 
 Iteration  Func-count       f(x)        Step-size       optimality
   460         461      2.04344e-05              1       3.54e-06  
   461         462      2.04322e-05              1       3.52e-06  
   462         463        2.043e-05              1       3.29e-06  
   463         464      2.04278e-05              1       4.07e-06  
   464         465      2.04255e-05              1       3.67e-06  
   465         466      2.04232e-05              1       3.62e-06  
   466         467       2.0421e-05              1       3.35e-06  
   467         468       2.0419e-05              1       3.21e-06  
   468         469      2.04171e-05              1        3.2e-06  
   469         470      2.04153e-05              1       3.32e-06  
   470         471      2.04134e-05              1       3.31e-06  
   471         472      2.04114e-05              1       3.42e-06  
   472         473      2.04093e-05              1       3.36e-06  
   473         474      2.04071e-05              1       3.33e-06  
   474         475      2.04049e-05              1       3.45e-06  
   475         476      2.04026e-05              1       3.91e-06  
   476         477      2.04002e-05              1       3.93e-06  
   477         478      2.03975e-05              1       3.88e-06  
   478         479      2.03944e-05              1       4.28e-06  
   479         480      2.03909e-05              1       4.39e-06  
                                                        First-order 
 Iteration  Func-count       f(x)        Step-size       optimality
   480         481      2.03874e-05              1       4.66e-06  
   481         482      2.03841e-05              1       4.39e-06  
   482         483      2.03808e-05              1       4.96e-06  
   483         484      2.03774e-05              1       5.01e-06  
   484         485      2.03737e-05              1       4.94e-06  
   485         486        2.037e-05              1       4.26e-06  
   486         487      2.03665e-05              1       4.23e-06  
   487         488      2.03633e-05              1       5.69e-06  
   488         489        2.036e-05              1       6.32e-06  
   489         490      2.03568e-05              1       4.94e-06  
   490         491      2.03537e-05              1       4.43e-06  
   491         492      2.03507e-05              1       4.26e-06  
   492         493      2.03477e-05              1       4.17e-06  
   493         494      2.03446e-05              1       4.01e-06  
   494         495      2.03417e-05              1       3.95e-06  
   495         496      2.03389e-05              1        4.2e-06  
   496         497      2.03363e-05              1       4.01e-06  
   497         498      2.03337e-05              1       4.05e-06  
   498         499      2.03312e-05              1       3.33e-06  
   499         500      2.03287e-05              1       3.64e-06  
                                                        First-order 
 Iteration  Func-count       f(x)        Step-size       optimality
   500         501      2.03263e-05              1       4.43e-06  
   501         502      2.03239e-05              1       4.18e-06  
   502         503      2.03216e-05              1       3.87e-06  
   503         504      2.03195e-05              1       3.38e-06  
   504         505      2.03175e-05              1       3.65e-06  
   505         506      2.03156e-05              1       3.33e-06  
   506         507      2.03136e-05              1       3.31e-06  
   507         508      2.03115e-05              1       3.17e-06  
   508         509      2.03093e-05              1       3.36e-06  
   509         510       2.0307e-05              1       3.37e-06  
   510         511      2.03047e-05              1       3.29e-06  
   511         512      2.03022e-05              1        3.6e-06  
   512         513      2.02996e-05              1       3.61e-06  
   513         514      2.02969e-05              1       4.52e-06  
   514         515      2.02944e-05              1       4.73e-06  
   515         516      2.02923e-05              1       3.78e-06  
   516         517      2.02904e-05              1       3.27e-06  
   517         518      2.02886e-05              1       2.78e-06  
   518         519      2.02869e-05              1       3.25e-06  
   519         520      2.02852e-05              1       3.26e-06  
                                                        First-order 
 Iteration  Func-count       f(x)        Step-size       optimality
   520         521      2.02835e-05              1       3.09e-06  
   521         522      2.02819e-05              1       3.04e-06  
   522         523      2.02803e-05              1       2.84e-06  
   523         524      2.02787e-05              1       3.18e-06  
   524         525      2.02771e-05              1       3.25e-06  
   525         526      2.02753e-05              1       2.96e-06  
   526         527      2.02736e-05              1       3.49e-06  
   527         528      2.02719e-05              1       3.11e-06  
   528         529      2.02701e-05              1       2.95e-06  
   529         530      2.02683e-05              1       3.28e-06  
   530         531      2.02665e-05              1          3e-06  
   531         532      2.02649e-05              1       2.91e-06  
   532         533      2.02632e-05              1        2.8e-06  
   533         534      2.02616e-05              1       2.79e-06  
   534         535      2.02599e-05              1       3.07e-06  
   535         536      2.02582e-05              1        3.5e-06  
   536         537      2.02565e-05              1       3.76e-06  
   537         538      2.02547e-05              1        3.1e-06  
   538         539      2.02528e-05              1       2.96e-06  
   539         540      2.02508e-05              1       3.53e-06  
                                                        First-order 
 Iteration  Func-count       f(x)        Step-size       optimality
   540         541       2.0249e-05              1       3.42e-06  
   541         542      2.02472e-05              1        3.5e-06  
   542         543      2.02454e-05              1       3.38e-06  
   543         544      2.02436e-05              1       3.17e-06  
   544         545      2.02419e-05              1       2.99e-06  
   545         546      2.02404e-05              1       3.19e-06  
   546         547       2.0239e-05              1       3.09e-06  
   547         548      2.02375e-05              1        3.2e-06  
   548         549       2.0236e-05              1       3.26e-06  
   549         550      2.02344e-05              1       3.64e-06  
   550         551      2.02329e-05              1       3.68e-06  
   551         552      2.02314e-05              1       2.87e-06  
   552         553      2.02298e-05              1       3.62e-06  
   553         554      2.02283e-05              1       3.41e-06  
   554         555      2.02268e-05              1       3.61e-06  
   555         556      2.02254e-05              1       2.94e-06  
   556         557      2.02239e-05              1       3.07e-06  
   557         558      2.02223e-05              1          3e-06  
   558         559      2.02207e-05              1       4.13e-06  
   559         560      2.02192e-05              1       4.12e-06  
                                                        First-order 
 Iteration  Func-count       f(x)        Step-size       optimality
   560         561      2.02178e-05              1       2.88e-06  
   561         562      2.02164e-05              1       2.92e-06  
   562         563      2.02151e-05              1       3.32e-06  
   563         564      2.02137e-05              1       2.51e-06  
   564         565      2.02123e-05              1       2.47e-06  
   565         566      2.02111e-05              1        2.3e-06  
   566         567      2.02099e-05              1       2.71e-06  
   567         568      2.02089e-05              1       2.78e-06  
   568         569      2.02078e-05              1       2.72e-06  
   569         570      2.02066e-05              1       2.77e-06  
   570         571      2.02055e-05              1       2.31e-06  
   571         572      2.02045e-05              1       2.23e-06  
   572         573      2.02036e-05              1       2.03e-06  
   573         574      2.02027e-05              1       1.94e-06  
   574         575      2.02019e-05              1       2.24e-06  
   575         576       2.0201e-05              1       2.68e-06  
   576         577      2.02002e-05              1        2.2e-06  
   577         578      2.01994e-05              1       2.05e-06  
   578         579      2.01987e-05              1       2.11e-06  
   579         580      2.01979e-05              1       1.78e-06  
                                                        First-order 
 Iteration  Func-count       f(x)        Step-size       optimality
   580         581      2.01972e-05              1       1.78e-06  
   581         582      2.01966e-05              1       1.71e-06  
   582         583      2.01959e-05              1       1.72e-06  
   583         584      2.01953e-05              1       1.74e-06  
   584         585      2.01947e-05              1       1.81e-06  
   585         586      2.01941e-05              1       1.81e-06  
   586         587      2.01935e-05              1       1.81e-06  
   587         588      2.01929e-05              1       1.73e-06  
   588         589      2.01923e-05              1       1.82e-06  
   589         590      2.01917e-05              1       1.71e-06  
   590         591      2.01912e-05              1        1.8e-06  
   591         592      2.01906e-05              1       2.05e-06  
   592         593      2.01899e-05              1       1.86e-06  
   593         594      2.01893e-05              1       1.94e-06  
   594         595      2.01887e-05              1       1.79e-06  
   595         596      2.01882e-05              1       1.81e-06  
   596         597      2.01876e-05              1       2.03e-06  
   597         598      2.01871e-05              1       2.39e-06  
   598         599      2.01866e-05              1       2.08e-06  
   599         600      2.01862e-05              1       1.43e-06  
                                                        First-order 
 Iteration  Func-count       f(x)        Step-size       optimality
   600         601      2.01858e-05              1       1.53e-06  
   601         602      2.01853e-05              1       1.81e-06  
   602         603      2.01849e-05              1       1.76e-06  
   603         604      2.01844e-05              1       1.69e-06  
   604         605       2.0184e-05              1       1.74e-06  
   605         606      2.01835e-05              1       1.62e-06  
   606         607       2.0183e-05              1       1.75e-06  
   607         608      2.01825e-05              1       1.97e-06  
   608         609       2.0182e-05              1       1.88e-06  
   609         610      2.01814e-05              1       1.72e-06  
   610         611      2.01809e-05              1       1.77e-06  
   611         612      2.01804e-05              1       1.52e-06  
   612         613      2.01799e-05              1       1.39e-06  
   613         614      2.01794e-05              1       1.55e-06  
   614         615      2.01789e-05              1       1.98e-06  
   615         616      2.01784e-05              1       2.24e-06  
   616         617      2.01778e-05              1       1.61e-06  
   617         618      2.01772e-05              1       2.04e-06  
   618         619      2.01766e-05              1       2.16e-06  
   619         620      2.01759e-05              1       2.02e-06  
                                                        First-order 
 Iteration  Func-count       f(x)        Step-size       optimality
   620         621      2.01753e-05              1       1.86e-06  
   621         622      2.01745e-05              1       2.14e-06  
   622         623      2.01738e-05              1       2.03e-06  
   623         624      2.01731e-05              1       1.94e-06  
   624         625      2.01725e-05              1       1.58e-06  
   625         626      2.01721e-05              1       1.57e-06  
   626         627      2.01716e-05              1       1.59e-06  
   627         628      2.01712e-05              1       1.57e-06  
   628         629      2.01707e-05              1       1.75e-06  
   629         630      2.01702e-05              1       1.59e-06  
   630         631      2.01697e-05              1       1.86e-06  
   631         632      2.01691e-05              1       1.74e-06  
   632         633      2.01686e-05              1       1.83e-06  
   633         634      2.01681e-05              1       2.05e-06  
   634         635      2.01676e-05              1       2.23e-06  
   635         636      2.01671e-05              1       2.11e-06  
   636         637      2.01666e-05              1       1.83e-06  
   637         638       2.0166e-05              1       1.95e-06  
   638         639      2.01654e-05              1       2.25e-06  
   639         640      2.01647e-05              1       2.02e-06  
                                                        First-order 
 Iteration  Func-count       f(x)        Step-size       optimality
   640         641      2.01641e-05              1        1.9e-06  
   641         642      2.01635e-05              1       1.82e-06  
   642         643      2.01629e-05              1       1.94e-06  
   643         644      2.01624e-05              1       1.93e-06  
   644         645      2.01618e-05              1       1.94e-06  
   645         646      2.01612e-05              1        1.9e-06  
   646         647      2.01606e-05              1       1.81e-06  
   647         648        2.016e-05              1       1.71e-06  
   648         649      2.01595e-05              1       1.72e-06  
   649         650      2.01589e-05              1       1.58e-06  
   650         651      2.01584e-05              1       1.55e-06  
   651         652      2.01579e-05              1       1.85e-06  
   652         653      2.01574e-05              1        1.7e-06  
   653         654      2.01569e-05              1       1.66e-06  
   654         655      2.01564e-05              1       1.76e-06  
   655         656       2.0156e-05              1       1.75e-06  
   656         657      2.01555e-05              1       1.61e-06  
   657         658      2.01551e-05              1       1.73e-06  
   658         659      2.01547e-05              1       1.62e-06  
   659         660      2.01543e-05              1       1.44e-06  
                                                        First-order 
 Iteration  Func-count       f(x)        Step-size       optimality
   660         661      2.01538e-05              1        1.5e-06  
   661         662      2.01534e-05              1       1.41e-06  
   662         663       2.0153e-05              1       1.36e-06  
   663         664      2.01526e-05              1       1.39e-06  
   664         665      2.01523e-05              1       1.29e-06  
   665         666      2.01519e-05              1       1.54e-06  
   666         667      2.01515e-05              1       1.32e-06  
   667         668      2.01511e-05              1       1.62e-06  
   668         669      2.01507e-05              1       1.67e-06  
   669         670      2.01503e-05              1       1.65e-06  
   670         671      2.01499e-05              1       1.51e-06  
   671         672      2.01495e-05              1       1.57e-06  
   672         673      2.01491e-05              1        1.7e-06  
   673         674      2.01487e-05              1       1.74e-06  
   674         675      2.01484e-05              1       1.68e-06  
   675         676      2.01481e-05              1       1.53e-06  
   676         677      2.01478e-05              1       1.55e-06  
   677         678      2.01474e-05              1       1.32e-06  
   678         679      2.01471e-05              1       1.68e-06  
   679         680      2.01468e-05              1       1.86e-06  
                                                        First-order 
 Iteration  Func-count       f(x)        Step-size       optimality
   680         681      2.01465e-05              1       1.78e-06  
   681         682      2.01461e-05              1       1.49e-06  
   682         683      2.01457e-05              1       1.61e-06  
   683         684      2.01454e-05              1       1.29e-06  
   684         685      2.01451e-05              1       1.16e-06  
   685         686      2.01448e-05              1       1.47e-06  
   686         687      2.01445e-05              1       1.49e-06  
   687         688      2.01442e-05              1       1.31e-06  
   688         689       2.0144e-05              1       1.19e-06  
   689         690      2.01437e-05              1       1.28e-06  
   690         691      2.01434e-05              1       1.29e-06  
   691         692      2.01431e-05              1       1.21e-06  
   692         693      2.01428e-05              1        1.2e-06  
   693         694      2.01426e-05              1       1.14e-06  
   694         695      2.01423e-05              1       9.53e-07  
   695         696      2.01421e-05              1       1.12e-06  
   696         697      2.01418e-05              1       1.11e-06  
   697         698      2.01416e-05              1       1.16e-06  
   698         699      2.01413e-05              1       1.06e-06  
   699         700       2.0141e-05              1       1.19e-06  
                                                        First-order 
 Iteration  Func-count       f(x)        Step-size       optimality
   700         701      2.01407e-05              1       1.42e-06  
   701         702      2.01405e-05              1       1.24e-06  
   702         703      2.01402e-05              1       1.14e-06  
   703         704      2.01399e-05              1        1.2e-06  
   704         705      2.01397e-05              1       1.24e-06  
   705         706      2.01394e-05              1       1.21e-06  
   706         707      2.01392e-05              1       1.51e-06  
   707         708      2.01389e-05              1       1.34e-06  
   708         709      2.01387e-05              1       1.28e-06  
   709         710      2.01384e-05              1       1.29e-06  
   710         711      2.01382e-05              1       1.24e-06  
   711         712       2.0138e-05              1       1.37e-06  
   712         713      2.01378e-05              1       1.21e-06  
   713         714      2.01376e-05              1       1.09e-06  
   714         715      2.01374e-05              1       1.02e-06  
   715         716      2.01373e-05              1       9.67e-07  
   716         717      2.01371e-05              1       9.64e-07  
   717         718       2.0137e-05              1       8.94e-07  
   718         719      2.01368e-05              1       9.34e-07  
   719         720      2.01367e-05              1       8.98e-07  
                                                        First-order 
 Iteration  Func-count       f(x)        Step-size       optimality
   720         721      2.01366e-05              1       1.05e-06  
   721         722      2.01364e-05              1       1.11e-06  
   722         723      2.01363e-05              1       1.02e-06  
   723         724      2.01361e-05              1       1.11e-06  
   724         725      2.01359e-05              1       9.59e-07  
   725         726      2.01358e-05              1       9.12e-07  
   726         727      2.01356e-05              1       8.91e-07  
   727         728      2.01355e-05              1       1.09e-06  
   728         729      2.01353e-05              1       9.56e-07  
   729         730      2.01352e-05              1       8.71e-07  
   730         731       2.0135e-05              1       7.85e-07  
   731         732      2.01349e-05              1       1.06e-06  
   732         733      2.01348e-05              1          1e-06  
   733         734      2.01347e-05              1       7.76e-07  
   734         735      2.01346e-05              1       7.42e-07  
   735         736      2.01344e-05              1       7.82e-07  
   736         737      2.01343e-05              1       9.09e-07  
   737         738      2.01342e-05              1       7.92e-07  
   738         739      2.01341e-05              1       7.15e-07  
   739         740       2.0134e-05              1       6.65e-07  
                                                        First-order 
 Iteration  Func-count       f(x)        Step-size       optimality
   740         741       2.0134e-05              1       8.04e-07  
   741         742      2.01339e-05              1       7.75e-07  
   742         743      2.01338e-05              1       6.63e-07  
   743         744      2.01337e-05              1        5.9e-07  
   744         745      2.01336e-05              1        5.7e-07  
   745         746      2.01336e-05              1        5.9e-07  
   746         747      2.01335e-05              1        6.5e-07  
   747         748      2.01334e-05              1       5.48e-07  
   748         749      2.01334e-05              1       5.41e-07  
   749         750      2.01333e-05              1       6.02e-07  
   750         751      2.01333e-05              1        6.8e-07  
   751         752      2.01332e-05              1        6.1e-07  
   752         753      2.01332e-05              1       6.72e-07  
   753         754      2.01331e-05              1       6.71e-07  
   754         755       2.0133e-05              1       8.39e-07  
   755         756       2.0133e-05              1       8.44e-07  
   756         757      2.01329e-05              1       6.88e-07  
   757         758      2.01328e-05              1       7.93e-07  
   758         759      2.01327e-05              1       6.36e-07  
   759         760      2.01327e-05              1       7.09e-07  
                                                        First-order 
 Iteration  Func-count       f(x)        Step-size       optimality
   760         761      2.01326e-05              1       5.42e-07  
   761         762      2.01326e-05              1       5.91e-07  
   762         763      2.01325e-05              1       5.95e-07  
   763         764      2.01325e-05              1       4.89e-07  
   764         765      2.01324e-05              1       4.98e-07  
   765         766      2.01324e-05              1       5.49e-07  
   766         767      2.01323e-05              1       5.72e-07  
   767         768      2.01323e-05              1       6.37e-07  
   768         769      2.01322e-05              1       5.59e-07  
   769         770      2.01322e-05              1       5.11e-07  
   770         771      2.01321e-05              1       4.82e-07  
   771         772      2.01321e-05              1       6.56e-07  
   772         773       2.0132e-05              1       6.55e-07  
   773         774       2.0132e-05              1       5.51e-07  
   774         775      2.01319e-05              1       5.41e-07  
   775         776      2.01319e-05              1       5.51e-07  
   776         777      2.01318e-05              1       5.84e-07  
   777         778      2.01318e-05              1       5.78e-07  
   778         779      2.01317e-05              1       5.25e-07  
   779         780      2.01317e-05              1       6.05e-07  
                                                        First-order 
 Iteration  Func-count       f(x)        Step-size       optimality
   780         781      2.01316e-05              1       7.84e-07  
   781         782      2.01315e-05              1       8.89e-07  
   782         783      2.01315e-05              1       7.11e-07  
   783         784      2.01314e-05              1       5.66e-07  
   784         785      2.01314e-05              1       6.05e-07  
   785         786      2.01313e-05              1       5.57e-07  
   786         787      2.01312e-05              1       6.31e-07  
   787         788      2.01312e-05              1       5.84e-07  
   788         789      2.01311e-05              1       6.59e-07  
   789         790      2.01311e-05              1       7.88e-07  
   790         791       2.0131e-05              1        6.4e-07  
   791         792      2.01309e-05              1        6.3e-07  
   792         793      2.01309e-05              1       6.76e-07  
   793         794      2.01308e-05              1       6.64e-07  
   794         795      2.01307e-05              1       6.57e-07  
   795         796      2.01307e-05              1       5.92e-07  
   796         797      2.01306e-05              1       6.51e-07  
   797         798      2.01305e-05              1       6.53e-07  
   798         799      2.01305e-05              1       5.73e-07  
   799         800      2.01304e-05              1        5.2e-07  
                                                        First-order 
 Iteration  Func-count       f(x)        Step-size       optimality
   800         801      2.01304e-05              1       5.56e-07  
   801         802      2.01303e-05              1       5.87e-07  
   802         803      2.01302e-05              1       7.14e-07  
   803         804      2.01302e-05              1       7.44e-07  
   804         805      2.01301e-05              1       6.87e-07  
   805         806      2.01301e-05              1       7.32e-07  
   806         807        2.013e-05              1       5.71e-07  
   807         808      2.01299e-05              1       5.56e-07  
   808         809      2.01299e-05              1       5.98e-07  
   809         810      2.01298e-05              1       5.42e-07  
   810         811      2.01298e-05              1       6.14e-07  
   811         812      2.01297e-05              1       4.72e-07  
   812         813      2.01296e-05              1       6.07e-07  
   813         814      2.01296e-05              1       5.39e-07  
   814         815      2.01295e-05              1       5.38e-07  
   815         816      2.01295e-05              1       6.53e-07  
   816         817      2.01294e-05              1       6.11e-07  
   817         818      2.01294e-05              1       7.16e-07  
   818         819      2.01293e-05              1       7.49e-07  
   819         820      2.01292e-05              1       5.96e-07  
                                                        First-order 
 Iteration  Func-count       f(x)        Step-size       optimality
   820         821      2.01292e-05              1       5.62e-07  
   821         822      2.01291e-05              1       5.35e-07  
   822         823      2.01291e-05              1       6.38e-07  
   823         824       2.0129e-05              1       6.37e-07  
   824         825       2.0129e-05              1       5.15e-07  
   825         826      2.01289e-05              1        5.4e-07  
   826         827      2.01289e-05              1       5.46e-07  
   827         828      2.01288e-05              1       6.18e-07  
   828         829      2.01288e-05              1       6.85e-07  
   829         830      2.01287e-05              1       5.29e-07  
   830         831      2.01286e-05              1       5.15e-07  
   831         832      2.01286e-05              1       5.19e-07  
   832         833      2.01285e-05              1       5.87e-07  
   833         834      2.01285e-05              1       6.53e-07  
   834         835      2.01284e-05              1       5.89e-07  
   835         836      2.01284e-05              1       5.32e-07  
   836         837      2.01283e-05              1        6.6e-07  
   837         838      2.01282e-05              1       7.76e-07  
   838         839      2.01282e-05              1       6.22e-07  
   839         840      2.01281e-05              1       4.93e-07  
                                                        First-order 
 Iteration  Func-count       f(x)        Step-size       optimality
   840         841      2.01281e-05              1       6.79e-07  
   841         842       2.0128e-05              1       7.08e-07  
   842         843       2.0128e-05              1       5.13e-07  
   843         844       2.0128e-05              1       4.45e-07  
   844         845      2.01279e-05              1       5.28e-07  
   845         846      2.01279e-05              1       4.66e-07  
   846         847      2.01278e-05              1       4.77e-07  
   847         848      2.01278e-05              1       4.01e-07  
   848         849      2.01278e-05              1       4.24e-07  
   849         850      2.01277e-05              1        4.4e-07  
   850         851      2.01277e-05              1       4.52e-07  
   851         852      2.01277e-05              1       4.28e-07  
   852         853      2.01276e-05              1       4.57e-07  
   853         854      2.01276e-05              1       3.97e-07  
   854         855      2.01276e-05              1       4.31e-07  
   855         856      2.01275e-05              1       4.07e-07  
   856         857      2.01275e-05              1       3.62e-07  
   857         858      2.01275e-05              1        3.8e-07  
   858         859      2.01275e-05              1       3.56e-07  
   859         860      2.01274e-05              1       3.49e-07  
                                                        First-order 
 Iteration  Func-count       f(x)        Step-size       optimality
   860         861      2.01274e-05              1       3.46e-07  
   861         862      2.01274e-05              1       3.21e-07  
   862         863      2.01274e-05              1       3.94e-07  
   863         864      2.01273e-05              1       3.82e-07  
   864         865      2.01273e-05              1       3.43e-07  
   865         866      2.01273e-05              1       2.98e-07  
   866         867      2.01273e-05              1       3.17e-07  
   867         868      2.01273e-05              1       3.57e-07  
   868         869      2.01272e-05              1       3.18e-07  
   869         870      2.01272e-05              1       2.68e-07  
   870         871      2.01272e-05              1       2.94e-07  
   871         872      2.01272e-05              1       3.08e-07  
   872         873      2.01272e-05              1       3.37e-07  
   873         874      2.01271e-05              1        2.9e-07  
   874         875      2.01271e-05              1       2.84e-07  
   875         876      2.01271e-05              1       3.01e-07  
   876         877      2.01271e-05              1       3.14e-07  
   877         878      2.01271e-05              1       2.77e-07  
   878         879      2.01271e-05              1       2.65e-07  
   879         880       2.0127e-05              1       2.65e-07  
                                                        First-order 
 Iteration  Func-count       f(x)        Step-size       optimality
   880         881       2.0127e-05              1       2.47e-07  
   881         882       2.0127e-05              1        2.7e-07  
   882         883       2.0127e-05              1       2.48e-07  
   883         884       2.0127e-05              1       2.91e-07  
   884         885       2.0127e-05              1       3.07e-07  
   885         886       2.0127e-05              1       3.21e-07  
   886         887       2.0127e-05              1       2.45e-07  
   887         888      2.01269e-05              1       2.39e-07  
   888         889      2.01269e-05              1       2.36e-07  
   889         890      2.01269e-05              1       2.76e-07  
   890         891      2.01269e-05              1       2.93e-07  
   891         892      2.01269e-05              1       2.38e-07  
   892         893      2.01269e-05              1       2.17e-07  
   893         894      2.01269e-05              1       2.36e-07  
   894         895      2.01269e-05              1       2.18e-07  
   895         896      2.01269e-05              1       1.98e-07  
   896         897      2.01269e-05              1          2e-07  
   897         898      2.01268e-05              1       2.46e-07  
   898         899      2.01268e-05              1        2.7e-07  
   899         900      2.01268e-05              1       2.47e-07  
                                                        First-order 
 Iteration  Func-count       f(x)        Step-size       optimality
   900         901      2.01268e-05              1       2.34e-07  
   901         902      2.01268e-05              1       2.46e-07  
   902         903      2.01268e-05              1       2.25e-07  
   903         904      2.01268e-05              1       2.22e-07  
   904         905      2.01268e-05              1       2.24e-07  
   905         906      2.01268e-05              1       2.62e-07  
   906         907      2.01268e-05              1       2.54e-07  
   907         908      2.01268e-05              1       2.65e-07  
   908         909      2.01267e-05              1       2.87e-07  
   909         910      2.01267e-05              1       2.22e-07  
   910         911      2.01267e-05              1       2.26e-07  
   911         912      2.01267e-05              1       2.18e-07  
   912         913      2.01267e-05              1       2.55e-07  
   913         914      2.01267e-05              1       2.55e-07  
   914         915      2.01267e-05              1       2.22e-07  
   915         916      2.01267e-05              1       2.05e-07  
   916         917      2.01267e-05              1       2.43e-07  
   917         918      2.01267e-05              1       2.26e-07  
   918         919      2.01267e-05              1       2.24e-07  
   919         920      2.01267e-05              1       1.94e-07  
                                                        First-order 
 Iteration  Func-count       f(x)        Step-size       optimality
   920         921      2.01266e-05              1       2.12e-07  
   921         922      2.01266e-05              1       1.95e-07  
   922         923      2.01266e-05              1       1.94e-07  
   923         924      2.01266e-05              1       1.94e-07  
   924         925      2.01266e-05              1       1.93e-07  
   925         926      2.01266e-05              1       2.07e-07  
   926         927      2.01266e-05              1       2.02e-07  
   927         928      2.01266e-05              1       1.76e-07  
   928         929      2.01266e-05              1        1.7e-07  
   929         930      2.01266e-05              1       2.01e-07  
   930         931      2.01266e-05              1       2.25e-07  
   931         932      2.01266e-05              1       2.21e-07  
   932         933      2.01266e-05              1       2.56e-07  
   933         934      2.01266e-05              1        2.1e-07  
   934         935      2.01265e-05              1       1.93e-07  
   935         936      2.01265e-05              1          2e-07  
   936         937      2.01265e-05              1       2.22e-07  
   937         938      2.01265e-05              1       2.25e-07  
   938         939      2.01265e-05              1       2.03e-07  
   939         940      2.01265e-05              1        1.9e-07  
                                                        First-order 
 Iteration  Func-count       f(x)        Step-size       optimality
   940         941      2.01265e-05              1       2.12e-07  
   941         942      2.01265e-05              1       1.53e-07  
   942         943      2.01265e-05              1       1.55e-07  
   943         944      2.01265e-05              1       1.67e-07  
   944         945      2.01265e-05              1       1.98e-07  
   945         946      2.01265e-05              1       1.82e-07  
   946         947      2.01265e-05              1       1.84e-07  
   947         948      2.01265e-05              1       1.67e-07  
   948         949      2.01265e-05              1       1.99e-07  
   949         950      2.01265e-05              1       1.54e-07  
   950         951      2.01265e-05              1       1.92e-07  
   951         952      2.01265e-05              1       2.07e-07  
   952         953      2.01265e-05              1       1.93e-07  
   953         954      2.01265e-05              1       1.75e-07  
   954         955      2.01264e-05              1       1.84e-07  
   955         956      2.01264e-05              1       1.82e-07  
   956         957      2.01264e-05              1       1.53e-07  
   957         958      2.01264e-05              1       1.65e-07  
   958         959      2.01264e-05              1       2.16e-07  
   959         960      2.01264e-05              1       2.18e-07  
                                                        First-order 
 Iteration  Func-count       f(x)        Step-size       optimality
   960         961      2.01264e-05              1       1.92e-07  
   961         962      2.01264e-05              1       1.44e-07  
   962         963      2.01264e-05              1       1.62e-07  
   963         964      2.01264e-05              1       1.69e-07  
   964         965      2.01264e-05              1       1.88e-07  
   965         966      2.01264e-05              1       1.71e-07  
   966         967      2.01264e-05              1       2.06e-07  
   967         968      2.01264e-05              1       1.99e-07  
   968         969      2.01264e-05              1       2.12e-07  
   969         970      2.01264e-05              1       2.19e-07  
   970         971      2.01264e-05              1       1.97e-07  
   971         972      2.01264e-05              1       1.67e-07  
   972         973      2.01264e-05              1       1.58e-07  
   973         974      2.01264e-05              1       1.81e-07  
   974         975      2.01263e-05              1          2e-07  
   975         976      2.01263e-05              1       1.95e-07  
   976         977      2.01263e-05              1       2.33e-07  
   977         978      2.01263e-05              1       2.01e-07  
   978         979      2.01263e-05              1       1.71e-07  
   979         980      2.01263e-05              1        1.8e-07  
                                                        First-order 
 Iteration  Func-count       f(x)        Step-size       optimality
   980         981      2.01263e-05              1       1.75e-07  
   981         982      2.01263e-05              1       1.79e-07  
   982         983      2.01263e-05              1       1.47e-07  
   983         984      2.01263e-05              1       1.43e-07  
   984         985      2.01263e-05              1       1.74e-07  
   985         986      2.01263e-05              1       1.43e-07  
   986         987      2.01263e-05              1       1.14e-07  
   987         988      2.01263e-05              1       1.27e-07  
   988         989      2.01263e-05              1       1.29e-07  
   989         990      2.01263e-05              1        1.5e-07  
   990         991      2.01263e-05              1        1.4e-07  
   991         992      2.01263e-05              1       1.56e-07  
   992         993      2.01263e-05              1        1.4e-07  
   993         994      2.01263e-05              1       1.51e-07  
   994         995      2.01263e-05              1       1.25e-07  
   995         996      2.01263e-05              1       1.14e-07  
   996         997      2.01263e-05              1       1.13e-07  
   997         998      2.01263e-05              1       1.11e-07  
   998         999      2.01263e-05              1       1.32e-07  
   999        1000      2.01263e-05              1       1.23e-07  
                                                        First-order 
 Iteration  Func-count       f(x)        Step-size       optimality
  1000        1001      2.01263e-05              1       1.02e-07  

Optimization completed: The <a href = "matlab: helpview([docroot '/toolbox/optim/msg_csh/optim_msg_csh.map'],'first_order_opt_unc','CSHelpWindow');">first-order optimality measure</a>, 9.776886e-08, is less 
than <a href = "matlab: helpview([docroot '/toolbox/optim/msg_csh/optim_msg_csh.map'],'tolfun','CSHelpWindow');">options.TolFun</a> = 1.000000e-07.

Optimization Metric                                            Options
relative norm(gradient) =   9.78e-08                  TolFun =   1e-07 (selected)

