flow iter#1; |dv| = 4.92506
flow iter#2; |dv| = 1.23732
flow iter#3; |dv| = 1.49235
flow iter#4; |dv| = 1.96522
flow iter#5; |dv| = 1.60902
flow iter#6; |dv| = 0.88346
flow iter#7; |dv| = 0.254792
flow iter#8; |dv| = 0.26152
flow iter#9; |dv| = 0.369201
flow iter#10; |dv| = 0.312229
flow iter#11; |dv| = 0.186444
flow iter#12; |dv| = 0.0692117
flow iter#13; |dv| = 0.0292212
flow iter#14; |dv| = 0.053682
flow iter#15; |dv| = 0.0524809
flow iter#16; |dv| = 0.0356872
flow iter#17; |dv| = 0.0166984
flow iter#18; |dv| = 0.00614212
flow iter#19; |dv| = 0.00883343
flow iter#20; |dv| = 0.00980038
flow iter#21; |dv| = 0.0080425
flow iter#22; |dv| = 0.00586178
flow iter#23; |dv| = 0.00487326
                                                        First-order 
 Iteration  Func-count       f(x)        Step-size       optimality
     0           1        0.0506079                       0.00238
     1           4        0.0262394             91        0.00118  
     2           6        0.0115452       0.485608       0.000928  
     3           7       0.00149378              1       0.000208  
     4           8      0.000938106              1       0.000547  
     5           9      0.000424881              1       0.000136  
     6          10      0.000318057              1       0.000104  
     7          11      0.000208293              1       0.000402  
     8          12      0.000122679              1       9.32e-05  
     9          13      5.21537e-05              1        0.00028  
    10          14      3.79801e-05              1       5.43e-05  
    11          15      3.36889e-05              1       5.08e-05  
    12          16      2.67402e-05              1       2.22e-05  
    13          17      2.38498e-05              1       3.44e-05  
    14          18      1.98834e-05              1       4.28e-05  
    15          19      1.51272e-05              1       4.57e-05  
    16          20      1.20876e-05              1       2.05e-05  
    17          21      1.08088e-05              1       1.45e-05  
    18          22      1.04109e-05              1       9.28e-06  
    19          23      9.85612e-06              1       1.11e-05  
                                                        First-order 
 Iteration  Func-count       f(x)        Step-size       optimality
    20          24      8.85293e-06              1       1.59e-05  
    21          27      6.25474e-06        1.72479       4.23e-05  
    22          29      5.54036e-06       0.297517       5.99e-05  
    23          30      4.69072e-06              1       3.87e-05  
    24          31      3.55579e-06              1       8.45e-06  
    25          32      3.25433e-06              1        1.1e-05  
    26          33      2.62594e-06              1        1.3e-05  
    27          34      2.21967e-06              1       1.12e-05  
    28          35      1.85535e-06              1       6.62e-06  
    29          36      1.56565e-06              1       8.29e-06  
    30          37      1.31833e-06              1       6.52e-06  
    31          38      1.19396e-06              1       8.75e-06  
    32          39      1.09943e-06              1       2.53e-06  
    33          40      1.07473e-06              1       2.89e-06  
    34          41      1.06253e-06              1       2.48e-06  
    35          42      1.04952e-06              1       1.55e-06  
    36          43      1.04422e-06              1       1.68e-06  
    37          44      1.02362e-06              1       4.09e-06  
    38          45       1.0081e-06              1       4.27e-06  
    39          46      9.79762e-07              1        2.3e-06  
                                                        First-order 
 Iteration  Func-count       f(x)        Step-size       optimality
    40          47      9.54417e-07              1       1.63e-06  
    41          48      9.47356e-07              1       4.44e-06  
    42          49      9.31277e-07              1       2.35e-06  
    43          50      9.19844e-07              1       2.17e-06  
    44          51      8.81824e-07              1       5.08e-06  
    45          52      8.64775e-07              1       7.58e-07  
    46          53      8.46357e-07              1       1.33e-06  
    47          54      8.31395e-07              1       3.42e-06  
    48          55      8.10334e-07              1       4.61e-06  
    49          56      7.94979e-07              1       2.58e-06  
    50          57      7.84714e-07              1       1.31e-06  
    51          58       7.8079e-07              1        1.4e-06  
    52          59       7.6804e-07              1       1.76e-06  
    53          60      6.94115e-07              1       3.51e-06  
    54          62      6.00135e-07       0.389772        1.5e-05  
    55          63      5.39715e-07              1       1.35e-05  
    56          64       4.9071e-07              1       6.42e-06  
    57          65      4.25895e-07              1       1.29e-05  
    58          66      3.92337e-07              1       4.14e-06  
    59          67      3.67038e-07              1       6.04e-06  
                                                        First-order 
 Iteration  Func-count       f(x)        Step-size       optimality
    60          69      3.16115e-07            0.5       1.09e-05  
    61          70      2.65141e-07              1       9.62e-06  
    62          71      1.86745e-07              1       2.31e-06  
    63          73      1.64959e-07       0.425321       4.28e-06  
    64          74      1.49558e-07              1       3.37e-06  
    65          75      1.21451e-07              1       2.09e-06  
    66          76      8.02549e-08              1        3.2e-06  
    67          78      6.75606e-08       0.363381       3.42e-06  
    68          79      3.74526e-08              1        2.7e-06  
    69          80      2.37107e-08              1       3.21e-06  
    70          81      1.54978e-08              1       4.04e-06  
    71          82      1.31028e-08              1       1.67e-06  
    72          83      1.15012e-08              1       3.99e-07  
    73          84      1.13572e-08              1       6.05e-07  
    74          85      1.10088e-08              1        7.2e-07  
    75          86      1.05779e-08              1       4.89e-07  
    76          87      1.01802e-08              1       1.51e-07  
    77          88      9.93139e-09              1       5.09e-07  
    78          89       9.7023e-09              1       7.72e-07  
    79          90      9.18292e-09              1        1.1e-06  
                                                        First-order 
 Iteration  Func-count       f(x)        Step-size       optimality
    80          91      8.04412e-09              1       1.41e-06  
    81          92      5.74776e-09              1       1.46e-06  
    82          93       2.7644e-09              1       5.79e-07  
    83          94      1.05249e-09              1       2.12e-07  
    84          95      3.50233e-10              1       3.69e-07  
    85          96      2.71025e-10              1       3.37e-07  
    86          97      9.82329e-11              1       8.93e-08  
    87          98      5.41681e-11              1       1.86e-07  
    88          99       2.7942e-11              1       1.84e-07  
    89         100      1.04386e-11              1       1.19e-07  
    90         101      1.86246e-12              1       4.66e-08  
    91         102      1.54024e-13              1       1.04e-08  
    92         103      8.28113e-15              1       1.17e-09  
    93         104      2.03429e-16              1       2.85e-10  
    94         105      3.37149e-18              1       3.29e-11  

Optimization completed: The <a href = "matlab: helpview([docroot '/toolbox/optim/msg_csh/optim_msg_csh.map'],'first_order_opt_unc','CSHelpWindow');">first-order optimality measure</a>, 3.278179e-11, is less 
than <a href = "matlab: helpview([docroot '/toolbox/optim/msg_csh/optim_msg_csh.map'],'tolfun','CSHelpWindow');">options.TolFun</a> = 1.000000e-10.

Optimization Metric                                            Options
relative norm(gradient) =   3.28e-11                  TolFun =   1e-10 (selected)

                                                        First-order 
 Iteration  Func-count       f(x)        Step-size       optimality
     0           1         0.198563                        0.0288
     1           2         0.163023              1         0.0154  
     2           3         0.108882              1         0.0345  
     3           4        0.0806357              1         0.0215  
     4           5        0.0561295              1          0.026  
     5           6        0.0437444              1         0.0182  
     6           7        0.0339167              1        0.00928  
     7           8        0.0295048              1        0.00971  
     8           9          0.02543              1        0.00825  
     9          10        0.0223906              1        0.00622  
    10          11        0.0193917              1        0.00558  
    11          12        0.0162619              1         0.0054  
    12          13        0.0138312              1        0.00476  
    13          14        0.0115617              1        0.00445  
    14          15       0.00980016              1        0.00344  
    15          16       0.00846879              1        0.00593  
    16          17       0.00726461              1        0.00423  
    17          18       0.00620181              1        0.00274  
    18          19       0.00488596              1        0.00306  
    19          20       0.00421573              1        0.00311  
                                                        First-order 
 Iteration  Func-count       f(x)        Step-size       optimality
    20          21       0.00321865              1        0.00268  
    21          22        0.0026153              1        0.00227  
    22          23       0.00213871              1        0.00201  
    23          24       0.00180369              1        0.00177  
    24          25       0.00155514              1         0.0012  
    25          26       0.00139219              1       0.000887  
    26          27        0.0012801              1        0.00082  
    27          28        0.0011884              1       0.000779  
    28          29       0.00110778              1       0.000813  
    29          30       0.00103342              1       0.000711  
    30          31      0.000967511              1       0.000757  
    31          32      0.000904971              1        0.00068  
    32          33       0.00084433              1       0.000674  
    33          34      0.000782451              1       0.000759  
    34          35      0.000723358              1        0.00067  
    35          36      0.000666127              1       0.000683  
    36          37      0.000615371              1       0.000666  
    37          38      0.000571421              1       0.000565  
    38          39      0.000535122              1       0.000611  
    39          40       0.00050156              1       0.000568  
                                                        First-order 
 Iteration  Func-count       f(x)        Step-size       optimality
    40          41       0.00046989              1       0.000508  
    41          42      0.000439916              1       0.000542  
    42          43      0.000413067              1       0.000589  
    43          44      0.000387968              1       0.000575  
    44          45      0.000364667              1        0.00049  
    45          46      0.000342503              1       0.000448  
    46          47      0.000323211              1       0.000393  
    47          48      0.000306085              1       0.000382  
    48          49      0.000291199              1       0.000432  
    49          50      0.000276375              1       0.000374  
    50          51      0.000262428              1       0.000378  
    51          52      0.000249277              1       0.000338  
    52          53      0.000239641              1        0.00031  
    53          54      0.000231173              1       0.000307  
    54          55      0.000224215              1       0.000295  
    55          56      0.000217407              1       0.000264  
    56          57      0.000210555              1        0.00028  
    57          58      0.000203417              1       0.000256  
    58          59      0.000196424              1       0.000222  
    59          60      0.000189765              1        0.00021  
                                                        First-order 
 Iteration  Func-count       f(x)        Step-size       optimality
    60          61      0.000183731              1       0.000236  
    61          62      0.000178027              1       0.000229  
    62          63      0.000172588              1       0.000244  
    63          64      0.000166952              1       0.000201  
    64          65       0.00016165              1       0.000202  
    65          66      0.000156477              1       0.000176  
    66          67      0.000151492              1       0.000223  
    67          68      0.000146057              1       0.000246  
    68          69       0.00014041              1       0.000218  
    69          70      0.000134495              1       0.000205  
    70          71      0.000128984              1       0.000204  
    71          72      0.000123672              1       0.000207  
    72          73      0.000118682              1       0.000203  
    73          74      0.000113743              1       0.000192  
    74          75      0.000109147              1       0.000163  
    75          76       0.00010493              1       0.000172  
    76          77      0.000101393              1       0.000243  
    77          78      9.79789e-05              1       0.000243  
    78          79      9.46658e-05              1       0.000211  
    79          80      9.12304e-05              1       0.000143  
                                                        First-order 
 Iteration  Func-count       f(x)        Step-size       optimality
    80          81      8.85971e-05              1       0.000126  
    81          82      8.59859e-05              1       0.000132  
    82          83      8.38857e-05              1       0.000135  
    83          84      8.19761e-05              1       0.000143  
    84          85      8.01529e-05              1       0.000121  
    85          86      7.83056e-05              1       0.000119  
    86          87      7.65518e-05              1       0.000114  
    87          88      7.49181e-05              1       0.000124  
    88          89      7.33152e-05              1       0.000119  
    89          90      7.16108e-05              1       0.000131  
    90          91      6.97252e-05              1       0.000141  
    91          92       6.7759e-05              1       0.000145  
    92          93      6.58173e-05              1       0.000154  
    93          94      6.40103e-05              1       0.000144  
    94          95      6.22294e-05              1        0.00015  
    95          96      6.05495e-05              1       0.000141  
    96          97       5.8907e-05              1       0.000143  
    97          98      5.74333e-05              1       0.000129  
    98          99      5.60251e-05              1        0.00012  
    99         100      5.47039e-05              1       9.38e-05  
                                                        First-order 
 Iteration  Func-count       f(x)        Step-size       optimality
   100         101      5.34276e-05              1       8.98e-05  
   101         102      5.22687e-05              1       9.47e-05  
   102         103      5.11932e-05              1       0.000131  
   103         104      5.01989e-05              1       0.000115  
   104         105      4.92558e-05              1        8.4e-05  
   105         106      4.84087e-05              1       7.22e-05  
   106         107      4.76399e-05              1       7.74e-05  
   107         108      4.69486e-05              1       9.02e-05  
   108         109      4.62815e-05              1       8.59e-05  
   109         110      4.56611e-05              1       0.000106  
   110         111      4.50818e-05              1       0.000103  
   111         112      4.45454e-05              1       0.000109  
   112         113      4.40057e-05              1       0.000102  
   113         114      4.34756e-05              1       9.48e-05  
   114         115      4.29461e-05              1       8.37e-05  
   115         116       4.2416e-05              1       7.12e-05  
   116         117      4.18797e-05              1       5.86e-05  
   117         118      4.13698e-05              1       5.99e-05  
   118         119      4.09234e-05              1        5.8e-05  
   119         120       4.0554e-05              1       5.02e-05  
                                                        First-order 
 Iteration  Func-count       f(x)        Step-size       optimality
   120         121      4.02326e-05              1       4.77e-05  
   121         122      3.99245e-05              1       3.89e-05  
   122         123       3.9609e-05              1        4.3e-05  
   123         124      3.92929e-05              1       4.55e-05  
   124         125      3.89913e-05              1       4.81e-05  
   125         126      3.87144e-05              1       5.13e-05  
   126         127      3.84509e-05              1       5.02e-05  
   127         128      3.81844e-05              1        5.2e-05  
   128         129      3.78988e-05              1       4.89e-05  
   129         130      3.75955e-05              1       4.96e-05  
   130         131      3.72866e-05              1       4.27e-05  
   131         132       3.6997e-05              1       4.05e-05  
   132         133      3.67408e-05              1        3.9e-05  
   133         134      3.65178e-05              1       4.06e-05  
   134         135       3.6307e-05              1       3.88e-05  
   135         136      3.60951e-05              1       3.85e-05  
   136         137      3.58764e-05              1       4.02e-05  
   137         138      3.56603e-05              1       3.94e-05  
   138         139      3.54471e-05              1       4.28e-05  
   139         140      3.52341e-05              1       3.83e-05  
                                                        First-order 
 Iteration  Func-count       f(x)        Step-size       optimality
   140         141      3.50168e-05              1        3.3e-05  
   141         142      3.48105e-05              1       3.04e-05  
   142         143      3.46246e-05              1        2.9e-05  
   143         144      3.44598e-05              1       2.86e-05  
   144         145      3.43008e-05              1       3.35e-05  
   145         146      3.41455e-05              1       2.73e-05  
   146         147      3.39957e-05              1       2.76e-05  
   147         148      3.38574e-05              1       2.86e-05  
   148         149       3.3722e-05              1       2.97e-05  
   149         150      3.35877e-05              1       2.67e-05  
   150         151      3.34565e-05              1       2.39e-05  
   151         152      3.33389e-05              1       2.48e-05  
   152         153      3.32322e-05              1       2.73e-05  
   153         154      3.31331e-05              1          3e-05  
   154         155      3.30388e-05              1       2.93e-05  
   155         156      3.29523e-05              1       2.52e-05  
   156         157      3.28702e-05              1       2.48e-05  
   157         158      3.27873e-05              1       2.45e-05  
   158         159      3.26989e-05              1       2.29e-05  
   159         160      3.26094e-05              1       2.77e-05  
                                                        First-order 
 Iteration  Func-count       f(x)        Step-size       optimality
   160         161      3.25244e-05              1       2.38e-05  
   161         162      3.24476e-05              1       2.13e-05  
   162         163      3.23771e-05              1       2.26e-05  
   163         164      3.23111e-05              1        1.9e-05  
   164         165      3.22462e-05              1       1.85e-05  
   165         166      3.21802e-05              1       1.96e-05  
   166         167      3.21105e-05              1       2.22e-05  
   167         168      3.20371e-05              1       2.87e-05  
   168         169      3.19598e-05              1       2.58e-05  
   169         170      3.18788e-05              1       2.24e-05  
   170         171      3.17937e-05              1       2.16e-05  
   171         172      3.17085e-05              1       1.96e-05  
   172         173      3.16267e-05              1       2.19e-05  
   173         174      3.15505e-05              1       2.39e-05  
   174         175      3.14778e-05              1       1.82e-05  
   175         176      3.14087e-05              1       1.79e-05  
   176         177      3.13431e-05              1       1.91e-05  
   177         178      3.12806e-05              1       1.95e-05  
   178         179      3.12179e-05              1       1.92e-05  
   179         180      3.11532e-05              1       2.02e-05  
                                                        First-order 
 Iteration  Func-count       f(x)        Step-size       optimality
   180         181      3.10868e-05              1       2.11e-05  
   181         182      3.10209e-05              1       1.88e-05  
   182         183      3.09554e-05              1       1.79e-05  
   183         184      3.08903e-05              1       1.96e-05  
   184         185      3.08257e-05              1       1.95e-05  
   185         186      3.07639e-05              1       2.09e-05  
   186         187      3.07047e-05              1       1.99e-05  
   187         188      3.06477e-05              1       2.05e-05  
   188         189      3.05922e-05              1       1.73e-05  
   189         190      3.05404e-05              1       1.72e-05  
   190         191      3.04924e-05              1       1.58e-05  
   191         192       3.0447e-05              1       1.69e-05  
   192         193       3.0401e-05              1       1.75e-05  
   193         194      3.03536e-05              1       2.01e-05  
   194         195      3.03055e-05              1        2.1e-05  
   195         196      3.02593e-05              1       1.62e-05  
   196         197      3.02165e-05              1       1.77e-05  
   197         198      3.01768e-05              1       1.62e-05  
   198         199      3.01379e-05              1       1.34e-05  
   199         200      3.00979e-05              1       1.28e-05  
                                                        First-order 
 Iteration  Func-count       f(x)        Step-size       optimality
   200         201      3.00567e-05              1       1.51e-05  
   201         202      3.00161e-05              1       1.42e-05  
   202         203      2.99783e-05              1       1.44e-05  
   203         204      2.99435e-05              1       1.65e-05  
   204         205      2.99098e-05              1        1.6e-05  
   205         206      2.98736e-05              1       1.66e-05  
   206         207      2.98331e-05              1       1.79e-05  
   207         208      2.97891e-05              1       1.53e-05  
   208         209      2.97461e-05              1       1.32e-05  
   209         210      2.97067e-05              1       1.29e-05  
   210         211      2.96705e-05              1       1.54e-05  
   211         212      2.96343e-05              1       1.62e-05  
   212         213      2.95973e-05              1       1.35e-05  
   213         214       2.9561e-05              1       1.47e-05  
   214         215       2.9527e-05              1       1.52e-05  
   215         216      2.94941e-05              1       1.49e-05  
   216         217      2.94606e-05              1       1.63e-05  
   217         218      2.94272e-05              1       1.45e-05  
   218         219      2.93965e-05              1       1.34e-05  
   219         220      2.93697e-05              1       1.16e-05  
                                                        First-order 
 Iteration  Func-count       f(x)        Step-size       optimality
   220         221      2.93453e-05              1        1.2e-05  
   221         222      2.93213e-05              1       1.24e-05  
   222         223      2.92968e-05              1        1.2e-05  
   223         224      2.92719e-05              1       1.15e-05  
   224         225      2.92466e-05              1       1.16e-05  
   225         226      2.92214e-05              1       1.18e-05  
   226         227      2.91968e-05              1       1.09e-05  
   227         228      2.91731e-05              1       1.14e-05  
   228         229      2.91503e-05              1       1.23e-05  
   229         230       2.9128e-05              1       1.17e-05  
   230         231      2.91063e-05              1       1.23e-05  
   231         232      2.90854e-05              1       1.16e-05  
   232         233      2.90653e-05              1        1.2e-05  
   233         234      2.90454e-05              1       1.03e-05  
   234         235      2.90261e-05              1        9.9e-06  
   235         236      2.90088e-05              1          1e-05  
   236         237      2.89937e-05              1       9.78e-06  
   237         238      2.89795e-05              1       9.04e-06  
   238         239       2.8965e-05              1       9.23e-06  
   239         240      2.89503e-05              1       9.87e-06  
                                                        First-order 
 Iteration  Func-count       f(x)        Step-size       optimality
   240         241      2.89361e-05              1       1.09e-05  
   241         242       2.8923e-05              1       8.94e-06  
   242         243      2.89107e-05              1       9.66e-06  
   243         244      2.88988e-05              1       8.82e-06  
   244         245      2.88873e-05              1       7.44e-06  
   245         246      2.88762e-05              1       6.79e-06  
   246         247      2.88654e-05              1       6.79e-06  
   247         248      2.88546e-05              1       7.26e-06  
   248         249      2.88439e-05              1       7.75e-06  
   249         250      2.88333e-05              1       8.99e-06  
   250         251      2.88227e-05              1       9.07e-06  
   251         252       2.8812e-05              1       8.27e-06  
   252         253      2.88013e-05              1       7.49e-06  
   253         254      2.87911e-05              1       8.22e-06  
   254         255      2.87817e-05              1       6.67e-06  
   255         256      2.87726e-05              1       7.09e-06  
   256         257      2.87634e-05              1       7.01e-06  
   257         258      2.87537e-05              1       6.76e-06  
   258         259       2.8744e-05              1       7.12e-06  
   259         260      2.87343e-05              1       8.24e-06  
                                                        First-order 
 Iteration  Func-count       f(x)        Step-size       optimality
   260         261      2.87247e-05              1       6.94e-06  
   261         262      2.87151e-05              1       7.36e-06  
   262         263      2.87057e-05              1        8.7e-06  
   263         264      2.86967e-05              1        9.2e-06  
   264         265      2.86875e-05              1       9.64e-06  
   265         266      2.86779e-05              1       8.94e-06  
   266         267      2.86678e-05              1       7.91e-06  
   267         268      2.86573e-05              1       8.57e-06  
   268         269      2.86469e-05              1       8.33e-06  
   269         270      2.86367e-05              1       7.37e-06  
   270         271      2.86269e-05              1       6.76e-06  
   271         272      2.86177e-05              1       6.81e-06  
   272         273      2.86093e-05              1       7.71e-06  
   273         274      2.86014e-05              1       6.93e-06  
   274         275      2.85937e-05              1       6.47e-06  
   275         276       2.8586e-05              1       7.64e-06  
   276         277      2.85782e-05              1       6.04e-06  
   277         278      2.85702e-05              1        6.6e-06  
   278         279      2.85621e-05              1       6.84e-06  
   279         280      2.85542e-05              1       6.74e-06  
                                                        First-order 
 Iteration  Func-count       f(x)        Step-size       optimality
   280         281      2.85466e-05              1       6.65e-06  
   281         282      2.85392e-05              1       6.27e-06  
   282         283      2.85317e-05              1        6.8e-06  
   283         284       2.8524e-05              1       6.17e-06  
   284         285      2.85162e-05              1       6.08e-06  
   285         286      2.85084e-05              1       6.29e-06  
   286         287      2.85007e-05              1       7.17e-06  
   287         288      2.84931e-05              1       6.43e-06  
   288         289      2.84854e-05              1        7.6e-06  
   289         290      2.84775e-05              1       6.89e-06  
   290         291      2.84694e-05              1       6.33e-06  
   291         292      2.84615e-05              1       7.15e-06  
   292         293      2.84539e-05              1       7.44e-06  
   293         294      2.84464e-05              1       7.36e-06  
   294         295      2.84391e-05              1       7.51e-06  
   295         296      2.84317e-05              1       7.06e-06  
   296         297      2.84245e-05              1       7.49e-06  
   297         298      2.84176e-05              1       6.55e-06  
   298         299      2.84112e-05              1       6.13e-06  
   299         300      2.84053e-05              1       5.96e-06  
                                                        First-order 
 Iteration  Func-count       f(x)        Step-size       optimality
   300         301      2.83997e-05              1       4.68e-06  
   301         302      2.83945e-05              1       5.57e-06  
   302         303      2.83895e-05              1       5.59e-06  
   303         304      2.83846e-05              1       5.66e-06  
   304         305      2.83797e-05              1       5.06e-06  
   305         306      2.83747e-05              1        5.7e-06  
   306         307      2.83697e-05              1       4.86e-06  
   307         308      2.83647e-05              1       5.25e-06  
   308         309      2.83598e-05              1       5.58e-06  
   309         310      2.83552e-05              1       5.95e-06  
   310         311      2.83507e-05              1       4.86e-06  
   311         312      2.83465e-05              1       4.29e-06  
   312         313      2.83423e-05              1        5.3e-06  
   313         314      2.83381e-05              1       5.65e-06  
   314         315      2.83339e-05              1        4.4e-06  
   315         316      2.83298e-05              1       4.94e-06  
   316         317      2.83259e-05              1       4.21e-06  
   317         318       2.8322e-05              1       5.02e-06  
   318         319       2.8318e-05              1       4.44e-06  
   319         320      2.83138e-05              1       4.32e-06  
                                                        First-order 
 Iteration  Func-count       f(x)        Step-size       optimality
   320         321      2.83096e-05              1       4.18e-06  
   321         322      2.83055e-05              1       4.64e-06  
   322         323      2.83016e-05              1       5.26e-06  
   323         324      2.82976e-05              1        4.3e-06  
   324         325      2.82934e-05              1       4.47e-06  
   325         326      2.82893e-05              1       4.83e-06  
   326         327      2.82854e-05              1        5.8e-06  
   327         328      2.82817e-05              1        5.1e-06  
   328         329       2.8278e-05              1       4.53e-06  
   329         330      2.82742e-05              1       4.11e-06  
   330         331      2.82704e-05              1       4.55e-06  
   331         332      2.82667e-05              1       4.99e-06  
   332         333      2.82632e-05              1       5.18e-06  
   333         334      2.82601e-05              1       4.46e-06  
   334         335      2.82575e-05              1       4.51e-06  
   335         336      2.82552e-05              1       4.13e-06  
   336         337      2.82529e-05              1       3.97e-06  
   337         338      2.82504e-05              1       3.94e-06  
   338         339      2.82478e-05              1       3.74e-06  
   339         340      2.82452e-05              1       4.88e-06  
                                                        First-order 
 Iteration  Func-count       f(x)        Step-size       optimality
   340         341      2.82425e-05              1       5.05e-06  
   341         342      2.82398e-05              1       4.68e-06  
   342         343      2.82372e-05              1       4.96e-06  
   343         344      2.82348e-05              1       3.77e-06  
   344         345      2.82326e-05              1       3.42e-06  
   345         346      2.82304e-05              1       3.16e-06  
   346         347      2.82281e-05              1       3.69e-06  
   347         348      2.82256e-05              1        4.7e-06  
   348         349       2.8223e-05              1        5.2e-06  
   349         350      2.82204e-05              1       4.25e-06  
   350         351      2.82178e-05              1       3.95e-06  
   351         352      2.82154e-05              1       3.31e-06  
   352         353       2.8213e-05              1       3.98e-06  
   353         354      2.82106e-05              1       4.44e-06  
   354         355      2.82083e-05              1        4.2e-06  
   355         356       2.8206e-05              1        4.4e-06  
   356         357      2.82035e-05              1        3.6e-06  
   357         358      2.82008e-05              1       3.88e-06  
   358         359      2.81982e-05              1       4.23e-06  
   359         360      2.81955e-05              1       4.21e-06  
                                                        First-order 
 Iteration  Func-count       f(x)        Step-size       optimality
   360         361      2.81928e-05              1       5.27e-06  
   361         362      2.81901e-05              1       4.84e-06  
   362         363      2.81872e-05              1          5e-06  
   363         364      2.81845e-05              1       3.99e-06  
   364         365       2.8182e-05              1       3.61e-06  
   365         366      2.81797e-05              1       3.34e-06  
   366         367      2.81777e-05              1        3.3e-06  
   367         368      2.81755e-05              1       3.46e-06  
   368         369      2.81733e-05              1       3.04e-06  
   369         370       2.8171e-05              1        3.5e-06  
   370         371      2.81687e-05              1       3.79e-06  
   371         372      2.81664e-05              1       3.45e-06  
   372         373       2.8164e-05              1       3.11e-06  
   373         374      2.81616e-05              1       3.99e-06  
   374         375      2.81592e-05              1       4.38e-06  
   375         376      2.81567e-05              1       4.15e-06  
   376         377      2.81541e-05              1       3.95e-06  
   377         378      2.81514e-05              1       4.15e-06  
   378         379      2.81488e-05              1       4.07e-06  
   379         380      2.81462e-05              1       3.97e-06  
                                                        First-order 
 Iteration  Func-count       f(x)        Step-size       optimality
   380         381      2.81437e-05              1       3.72e-06  
   381         382      2.81413e-05              1       4.86e-06  
   382         383      2.81389e-05              1       4.74e-06  
   383         384      2.81366e-05              1       4.33e-06  
   384         385      2.81344e-05              1       4.18e-06  
   385         386      2.81324e-05              1       3.71e-06  
   386         387      2.81303e-05              1        3.9e-06  
   387         388      2.81282e-05              1       3.71e-06  
   388         389       2.8126e-05              1       4.96e-06  
   389         390      2.81236e-05              1       4.64e-06  
   390         391      2.81212e-05              1       3.91e-06  
   391         392      2.81188e-05              1       3.72e-06  
   392         393      2.81164e-05              1       3.87e-06  
   393         394       2.8114e-05              1       3.31e-06  
   394         395      2.81113e-05              1       3.66e-06  
   395         396      2.81085e-05              1       4.26e-06  
   396         397      2.81054e-05              1       5.19e-06  
   397         398      2.81023e-05              1       4.28e-06  
   398         399      2.80992e-05              1       3.94e-06  
   399         400       2.8096e-05              1       3.78e-06  
                                                        First-order 
 Iteration  Func-count       f(x)        Step-size       optimality
   400         401      2.80928e-05              1       4.21e-06  
   401         402      2.80896e-05              1       4.72e-06  
   402         403      2.80864e-05              1        4.3e-06  
   403         404      2.80834e-05              1       4.26e-06  
   404         405      2.80805e-05              1       4.38e-06  
   405         406      2.80776e-05              1       4.91e-06  
   406         407      2.80748e-05              1       3.73e-06  
   407         408       2.8072e-05              1       3.73e-06  
   408         409      2.80693e-05              1        3.6e-06  
   409         410      2.80667e-05              1       3.32e-06  
   410         411      2.80641e-05              1       3.41e-06  
   411         412      2.80616e-05              1       3.94e-06  
   412         413      2.80591e-05              1       3.58e-06  
   413         414      2.80567e-05              1       4.09e-06  
   414         415      2.80543e-05              1       4.62e-06  
   415         416       2.8052e-05              1       4.19e-06  
   416         417      2.80499e-05              1       2.98e-06  
   417         418      2.80478e-05              1       3.18e-06  
   418         419      2.80459e-05              1        3.2e-06  
   419         420      2.80438e-05              1       3.99e-06  
                                                        First-order 
 Iteration  Func-count       f(x)        Step-size       optimality
   420         421      2.80416e-05              1       3.81e-06  
   421         422      2.80393e-05              1        4.4e-06  
   422         423      2.80371e-05              1       4.39e-06  
   423         424       2.8035e-05              1       3.73e-06  
   424         425      2.80329e-05              1       3.67e-06  
   425         426      2.80307e-05              1       3.25e-06  
   426         427      2.80285e-05              1       3.79e-06  
   427         428      2.80263e-05              1       3.52e-06  
   428         429       2.8024e-05              1       3.27e-06  
   429         430      2.80217e-05              1       3.35e-06  
   430         431      2.80192e-05              1       4.33e-06  
   431         432      2.80168e-05              1       4.19e-06  
   432         433      2.80146e-05              1       3.56e-06  
   433         434      2.80124e-05              1       3.54e-06  
   434         435        2.801e-05              1        3.8e-06  
   435         436      2.80074e-05              1       4.21e-06  
   436         437      2.80048e-05              1       4.29e-06  
   437         438      2.80021e-05              1       4.04e-06  
   438         439      2.79993e-05              1       4.56e-06  
   439         440       2.7996e-05              1       4.26e-06  
                                                        First-order 
 Iteration  Func-count       f(x)        Step-size       optimality
   440         441      2.79926e-05              1       4.88e-06  
   441         442      2.79891e-05              1       4.76e-06  
   442         443      2.79854e-05              1       5.04e-06  
   443         444      2.79815e-05              1       5.22e-06  
   444         445      2.79775e-05              1       4.63e-06  
   445         446      2.79735e-05              1       4.28e-06  
   446         447      2.79695e-05              1       4.13e-06  
   447         448      2.79655e-05              1       5.03e-06  
   448         449      2.79613e-05              1        5.1e-06  
   449         450      2.79571e-05              1       5.78e-06  
   450         451      2.79528e-05              1        4.9e-06  
   451         452      2.79482e-05              1       4.95e-06  
   452         453      2.79431e-05              1       5.12e-06  
   453         454      2.79374e-05              1          6e-06  
   454         455       2.7931e-05              1       6.27e-06  
   455         456      2.79243e-05              1       6.62e-06  
   456         457      2.79172e-05              1       7.24e-06  
   457         458      2.79104e-05              1       6.49e-06  
   458         459      2.79039e-05              1       5.95e-06  
   459         460      2.78979e-05              1       5.99e-06  
                                                        First-order 
 Iteration  Func-count       f(x)        Step-size       optimality
   460         461      2.78919e-05              1       6.25e-06  
   461         462      2.78861e-05              1       6.23e-06  
   462         463      2.78807e-05              1       5.39e-06  
   463         464      2.78757e-05              1       5.22e-06  
   464         465      2.78707e-05              1       4.61e-06  
   465         466      2.78654e-05              1       4.97e-06  
   466         467      2.78603e-05              1       6.85e-06  
   467         468      2.78551e-05              1       6.47e-06  
   468         469      2.78501e-05              1       5.67e-06  
   469         470      2.78454e-05              1        5.7e-06  
   470         471       2.7841e-05              1       5.26e-06  
   471         472      2.78367e-05              1        6.1e-06  
   472         473      2.78324e-05              1          5e-06  
   473         474      2.78283e-05              1       4.76e-06  
   474         475      2.78245e-05              1       5.43e-06  
   475         476      2.78208e-05              1       4.77e-06  
   476         477      2.78171e-05              1       4.87e-06  
   477         478      2.78133e-05              1       4.91e-06  
   478         479      2.78096e-05              1       5.15e-06  
   479         480      2.78061e-05              1       4.82e-06  
                                                        First-order 
 Iteration  Func-count       f(x)        Step-size       optimality
   480         481      2.78028e-05              1       4.31e-06  
   481         482      2.77996e-05              1       4.38e-06  
   482         483      2.77965e-05              1        4.4e-06  
   483         484      2.77932e-05              1       4.38e-06  
   484         485      2.77897e-05              1       4.84e-06  
   485         486      2.77861e-05              1       4.94e-06  
   486         487      2.77824e-05              1       5.03e-06  
   487         488      2.77788e-05              1       4.84e-06  
   488         489      2.77751e-05              1       4.48e-06  
   489         490      2.77714e-05              1       4.74e-06  
   490         491      2.77677e-05              1       5.06e-06  
   491         492      2.77641e-05              1       4.97e-06  
   492         493      2.77605e-05              1        4.3e-06  
   493         494      2.77568e-05              1       5.74e-06  
   494         495       2.7753e-05              1       5.41e-06  
   495         496      2.77492e-05              1       4.59e-06  
   496         497      2.77454e-05              1        4.7e-06  
   497         498      2.77417e-05              1       5.12e-06  
   498         499      2.77383e-05              1       4.25e-06  
   499         500      2.77353e-05              1       4.13e-06  
                                                        First-order 
 Iteration  Func-count       f(x)        Step-size       optimality
   500         501      2.77326e-05              1       3.53e-06  
   501         502      2.77302e-05              1       3.81e-06  
   502         503      2.77279e-05              1       3.61e-06  
   503         504      2.77258e-05              1       3.47e-06  
   504         505      2.77237e-05              1       3.85e-06  
   505         506      2.77217e-05              1       3.89e-06  
   506         507      2.77195e-05              1       3.61e-06  
   507         508      2.77174e-05              1       3.18e-06  
   508         509      2.77154e-05              1       3.14e-06  
   509         510      2.77135e-05              1       3.23e-06  
   510         511      2.77115e-05              1       3.13e-06  
   511         512      2.77096e-05              1        3.3e-06  
   512         513      2.77077e-05              1       3.77e-06  
   513         514      2.77059e-05              1        3.4e-06  
   514         515      2.77043e-05              1       3.09e-06  
   515         516      2.77028e-05              1       2.72e-06  
   516         517      2.77014e-05              1       3.48e-06  
   517         518      2.77001e-05              1       3.66e-06  
   518         519       2.7699e-05              1       2.41e-06  
   519         520      2.76979e-05              1       2.59e-06  
                                                        First-order 
 Iteration  Func-count       f(x)        Step-size       optimality
   520         521      2.76967e-05              1       2.24e-06  
   521         522      2.76955e-05              1       2.83e-06  
   522         523      2.76944e-05              1       3.42e-06  
   523         524      2.76932e-05              1       2.81e-06  
   524         525      2.76921e-05              1       2.57e-06  
   525         526      2.76909e-05              1        2.7e-06  
   526         527      2.76897e-05              1       2.46e-06  
   527         528      2.76885e-05              1       2.61e-06  
   528         529      2.76874e-05              1       2.41e-06  
   529         530      2.76863e-05              1       2.89e-06  
   530         531      2.76853e-05              1       2.38e-06  
   531         532      2.76843e-05              1       2.29e-06  
   532         533      2.76833e-05              1       2.22e-06  
   533         534      2.76824e-05              1        2.2e-06  
   534         535      2.76815e-05              1       2.38e-06  
   535         536      2.76807e-05              1       2.37e-06  
   536         537        2.768e-05              1       2.41e-06  
   537         538      2.76792e-05              1       2.37e-06  
   538         539      2.76784e-05              1       2.01e-06  
   539         540      2.76775e-05              1       2.25e-06  
                                                        First-order 
 Iteration  Func-count       f(x)        Step-size       optimality
   540         541      2.76765e-05              1       2.09e-06  
   541         542      2.76756e-05              1       2.54e-06  
   542         543      2.76746e-05              1       2.82e-06  
   543         544      2.76737e-05              1       2.49e-06  
   544         545      2.76728e-05              1        2.6e-06  
   545         546      2.76718e-05              1       2.16e-06  
   546         547      2.76707e-05              1       2.81e-06  
   547         548      2.76695e-05              1       3.13e-06  
   548         549      2.76682e-05              1       2.51e-06  
   549         550       2.7667e-05              1       3.05e-06  
   550         551      2.76659e-05              1       2.44e-06  
   551         552      2.76648e-05              1       2.72e-06  
   552         553      2.76638e-05              1       2.39e-06  
   553         554      2.76628e-05              1       2.44e-06  
   554         555      2.76618e-05              1       2.56e-06  
   555         556      2.76609e-05              1       2.08e-06  
   556         557      2.76599e-05              1       2.47e-06  
   557         558       2.7659e-05              1       2.39e-06  
   558         559      2.76581e-05              1       2.43e-06  
   559         560      2.76573e-05              1       2.32e-06  
                                                        First-order 
 Iteration  Func-count       f(x)        Step-size       optimality
   560         561      2.76565e-05              1       2.15e-06  
   561         562      2.76556e-05              1       2.08e-06  
   562         563      2.76547e-05              1       2.29e-06  
   563         564      2.76537e-05              1       2.37e-06  
   564         565      2.76527e-05              1       2.65e-06  
   565         566      2.76518e-05              1       2.34e-06  
   566         567      2.76509e-05              1       2.32e-06  
   567         568      2.76501e-05              1       2.24e-06  
   568         569      2.76492e-05              1       1.94e-06  
   569         570      2.76484e-05              1       1.88e-06  
   570         571      2.76476e-05              1       2.13e-06  
   571         572      2.76467e-05              1       1.97e-06  
   572         573      2.76459e-05              1       2.07e-06  
   573         574       2.7645e-05              1       2.27e-06  
   574         575      2.76441e-05              1       2.41e-06  
   575         576      2.76433e-05              1       2.34e-06  
   576         577      2.76424e-05              1       2.17e-06  
   577         578      2.76416e-05              1       2.21e-06  
   578         579      2.76407e-05              1       2.01e-06  
   579         580      2.76398e-05              1       2.56e-06  
                                                        First-order 
 Iteration  Func-count       f(x)        Step-size       optimality
   580         581       2.7639e-05              1       2.63e-06  
   581         582      2.76381e-05              1       2.15e-06  
   582         583      2.76373e-05              1       2.18e-06  
   583         584      2.76365e-05              1       1.94e-06  
   584         585      2.76357e-05              1       2.24e-06  
   585         586       2.7635e-05              1       2.61e-06  
   586         587      2.76343e-05              1       2.18e-06  
   587         588      2.76336e-05              1       2.13e-06  
   588         589      2.76329e-05              1       2.06e-06  
   589         590      2.76322e-05              1        2.1e-06  
   590         591      2.76316e-05              1       2.13e-06  
   591         592      2.76309e-05              1        1.8e-06  
   592         593      2.76303e-05              1       1.59e-06  
   593         594      2.76297e-05              1       1.76e-06  
   594         595      2.76292e-05              1       1.97e-06  
   595         596      2.76287e-05              1       1.78e-06  
   596         597      2.76282e-05              1       1.67e-06  
   597         598      2.76278e-05              1       1.67e-06  
   598         599      2.76273e-05              1       1.74e-06  
   599         600      2.76268e-05              1       1.68e-06  
                                                        First-order 
 Iteration  Func-count       f(x)        Step-size       optimality
   600         601      2.76263e-05              1       1.67e-06  
   601         602      2.76258e-05              1       1.51e-06  
   602         603      2.76254e-05              1       1.64e-06  
   603         604      2.76249e-05              1       1.94e-06  
   604         605      2.76245e-05              1       1.81e-06  
   605         606      2.76241e-05              1       1.52e-06  
   606         607      2.76238e-05              1       1.37e-06  
   607         608      2.76234e-05              1       1.46e-06  
   608         609       2.7623e-05              1       1.27e-06  
   609         610      2.76227e-05              1        1.3e-06  
   610         611      2.76223e-05              1       1.25e-06  
   611         612       2.7622e-05              1        1.5e-06  
   612         613      2.76217e-05              1       1.65e-06  
   613         614      2.76214e-05              1       1.29e-06  
   614         615      2.76211e-05              1        1.3e-06  
   615         616      2.76208e-05              1        1.3e-06  
   616         617      2.76206e-05              1       1.29e-06  
   617         618      2.76203e-05              1       1.15e-06  
   618         619      2.76201e-05              1       1.08e-06  
   619         620      2.76199e-05              1       1.02e-06  
                                                        First-order 
 Iteration  Func-count       f(x)        Step-size       optimality
   620         621      2.76197e-05              1       8.54e-07  
   621         622      2.76195e-05              1       9.59e-07  
   622         623      2.76193e-05              1       9.51e-07  
   623         624      2.76191e-05              1       9.24e-07  
   624         625      2.76189e-05              1       9.61e-07  
   625         626      2.76187e-05              1       1.04e-06  
   626         627      2.76186e-05              1        1.1e-06  
   627         628      2.76184e-05              1       1.01e-06  
   628         629      2.76183e-05              1       1.05e-06  
   629         630      2.76181e-05              1       8.87e-07  
   630         631       2.7618e-05              1       9.83e-07  
   631         632      2.76178e-05              1       1.02e-06  
   632         633      2.76177e-05              1       8.91e-07  
   633         634      2.76176e-05              1       8.84e-07  
   634         635      2.76175e-05              1       8.06e-07  
   635         636      2.76174e-05              1       7.41e-07  
   636         637      2.76173e-05              1       7.47e-07  
   637         638      2.76172e-05              1       7.27e-07  
   638         639      2.76171e-05              1       6.71e-07  
   639         640       2.7617e-05              1        6.4e-07  
                                                        First-order 
 Iteration  Func-count       f(x)        Step-size       optimality
   640         641      2.76169e-05              1        7.3e-07  
   641         642      2.76167e-05              1       8.41e-07  
   642         643      2.76166e-05              1       8.33e-07  
   643         644      2.76165e-05              1       9.34e-07  
   644         645      2.76164e-05              1       8.96e-07  
   645         646      2.76163e-05              1       7.88e-07  
   646         647      2.76162e-05              1       7.39e-07  
   647         648      2.76161e-05              1       6.39e-07  
   648         649       2.7616e-05              1       5.84e-07  
   649         650       2.7616e-05              1       6.29e-07  
   650         651      2.76159e-05              1        7.4e-07  
   651         652      2.76158e-05              1       6.76e-07  
   652         653      2.76157e-05              1        6.4e-07  
   653         654      2.76157e-05              1       7.79e-07  
   654         655      2.76156e-05              1       6.77e-07  
   655         656      2.76155e-05              1       6.21e-07  
   656         657      2.76154e-05              1       6.21e-07  
   657         658      2.76154e-05              1       6.19e-07  
   658         659      2.76153e-05              1       6.53e-07  
   659         660      2.76152e-05              1       5.92e-07  
                                                        First-order 
 Iteration  Func-count       f(x)        Step-size       optimality
   660         661      2.76152e-05              1       6.02e-07  
   661         662      2.76151e-05              1       7.44e-07  
   662         663       2.7615e-05              1       7.35e-07  
   663         664       2.7615e-05              1       5.83e-07  
   664         665      2.76149e-05              1       6.19e-07  
   665         666      2.76148e-05              1       5.45e-07  
   666         667      2.76148e-05              1       4.88e-07  
   667         668      2.76147e-05              1       4.92e-07  
   668         669      2.76147e-05              1       6.18e-07  
   669         670      2.76146e-05              1       6.58e-07  
   670         671      2.76146e-05              1       5.99e-07  
   671         672      2.76145e-05              1       4.87e-07  
   672         673      2.76144e-05              1       5.13e-07  
   673         674      2.76144e-05              1       6.21e-07  
   674         675      2.76143e-05              1       4.99e-07  
   675         676      2.76143e-05              1        4.8e-07  
   676         677      2.76142e-05              1       5.29e-07  
   677         678      2.76142e-05              1       4.99e-07  
   678         679      2.76141e-05              1       4.63e-07  
   679         680      2.76141e-05              1       5.13e-07  
                                                        First-order 
 Iteration  Func-count       f(x)        Step-size       optimality
   680         681       2.7614e-05              1       5.46e-07  
   681         682       2.7614e-05              1       5.32e-07  
   682         683      2.76139e-05              1       5.56e-07  
   683         684      2.76139e-05              1       5.66e-07  
   684         685      2.76138e-05              1       4.55e-07  
   685         686      2.76138e-05              1        4.4e-07  
   686         687      2.76137e-05              1       4.13e-07  
   687         688      2.76137e-05              1       4.37e-07  
   688         689      2.76137e-05              1       4.38e-07  
   689         690      2.76136e-05              1       4.78e-07  
   690         691      2.76136e-05              1       4.84e-07  
   691         692      2.76136e-05              1       4.57e-07  
   692         693      2.76136e-05              1       5.04e-07  
   693         694      2.76135e-05              1       4.79e-07  
   694         695      2.76135e-05              1       3.82e-07  
   695         696      2.76135e-05              1        4.1e-07  
   696         697      2.76135e-05              1       4.16e-07  
   697         698      2.76134e-05              1        4.1e-07  
   698         699      2.76134e-05              1       4.34e-07  
   699         700      2.76134e-05              1       5.02e-07  
                                                        First-order 
 Iteration  Func-count       f(x)        Step-size       optimality
   700         701      2.76133e-05              1       5.34e-07  
   701         702      2.76133e-05              1        3.7e-07  
   702         703      2.76133e-05              1        4.3e-07  
   703         704      2.76133e-05              1       3.93e-07  
   704         705      2.76132e-05              1       4.11e-07  
   705         706      2.76132e-05              1       3.94e-07  
   706         707      2.76132e-05              1       3.11e-07  
   707         708      2.76132e-05              1       3.74e-07  
   708         709      2.76131e-05              1          4e-07  
   709         710      2.76131e-05              1       3.59e-07  
   710         711      2.76131e-05              1       3.16e-07  
   711         712      2.76131e-05              1       3.21e-07  
   712         713       2.7613e-05              1       3.23e-07  
   713         714       2.7613e-05              1       3.14e-07  
   714         715       2.7613e-05              1       3.55e-07  
   715         716       2.7613e-05              1        3.8e-07  
   716         717       2.7613e-05              1       3.15e-07  
   717         718      2.76129e-05              1       3.72e-07  
   718         719      2.76129e-05              1       3.44e-07  
   719         720      2.76129e-05              1        3.2e-07  
                                                        First-order 
 Iteration  Func-count       f(x)        Step-size       optimality
   720         721      2.76129e-05              1        3.6e-07  
   721         722      2.76129e-05              1       3.51e-07  
   722         723      2.76128e-05              1       3.51e-07  
   723         724      2.76128e-05              1       3.78e-07  
   724         725      2.76128e-05              1        3.8e-07  
   725         726      2.76128e-05              1       3.39e-07  
   726         727      2.76128e-05              1       3.69e-07  
   727         728      2.76127e-05              1       3.38e-07  
   728         729      2.76127e-05              1        3.3e-07  
   729         730      2.76127e-05              1       3.53e-07  
   730         731      2.76127e-05              1        3.2e-07  
   731         732      2.76127e-05              1       3.29e-07  
   732         733      2.76126e-05              1        3.4e-07  
   733         734      2.76126e-05              1       3.38e-07  
   734         735      2.76126e-05              1       3.38e-07  
   735         736      2.76126e-05              1       3.47e-07  
   736         737      2.76126e-05              1       3.81e-07  
   737         738      2.76125e-05              1       3.77e-07  
   738         739      2.76125e-05              1       3.69e-07  
   739         740      2.76125e-05              1       3.23e-07  
                                                        First-order 
 Iteration  Func-count       f(x)        Step-size       optimality
   740         741      2.76125e-05              1       3.51e-07  
   741         742      2.76125e-05              1       4.05e-07  
   742         743      2.76124e-05              1       4.71e-07  
   743         744      2.76124e-05              1       4.11e-07  
   744         745      2.76124e-05              1       3.47e-07  
   745         746      2.76124e-05              1       3.54e-07  
   746         747      2.76123e-05              1       3.83e-07  
   747         748      2.76123e-05              1       3.65e-07  
   748         749      2.76123e-05              1       3.41e-07  
   749         750      2.76123e-05              1       3.97e-07  
   750         751      2.76122e-05              1        3.7e-07  
   751         752      2.76122e-05              1       3.85e-07  
   752         753      2.76122e-05              1       4.11e-07  
   753         754      2.76122e-05              1       3.65e-07  
   754         755      2.76121e-05              1       3.47e-07  
   755         756      2.76121e-05              1       3.15e-07  
   756         757      2.76121e-05              1       2.99e-07  
   757         758      2.76121e-05              1       3.43e-07  
   758         759      2.76121e-05              1       3.43e-07  
   759         760       2.7612e-05              1        3.1e-07  
                                                        First-order 
 Iteration  Func-count       f(x)        Step-size       optimality
   760         761       2.7612e-05              1       3.53e-07  
   761         762       2.7612e-05              1       2.86e-07  
   762         763       2.7612e-05              1       3.01e-07  
   763         764       2.7612e-05              1       2.97e-07  
   764         765       2.7612e-05              1       2.92e-07  
   765         766       2.7612e-05              1       3.15e-07  
   766         767      2.76119e-05              1       3.08e-07  
   767         768      2.76119e-05              1       3.15e-07  
   768         769      2.76119e-05              1       3.18e-07  
   769         770      2.76119e-05              1       3.26e-07  
   770         771      2.76119e-05              1       2.39e-07  
   771         772      2.76119e-05              1       2.78e-07  
   772         773      2.76119e-05              1       2.59e-07  
   773         774      2.76118e-05              1       2.46e-07  
   774         775      2.76118e-05              1       2.52e-07  
   775         776      2.76118e-05              1       2.58e-07  
   776         777      2.76118e-05              1       2.58e-07  
   777         778      2.76118e-05              1       2.51e-07  
   778         779      2.76118e-05              1       2.29e-07  
   779         780      2.76118e-05              1       2.49e-07  
                                                        First-order 
 Iteration  Func-count       f(x)        Step-size       optimality
   780         781      2.76118e-05              1       2.32e-07  
   781         782      2.76118e-05              1       2.31e-07  
   782         783      2.76117e-05              1       2.64e-07  
   783         784      2.76117e-05              1       2.54e-07  
   784         785      2.76117e-05              1       1.85e-07  
   785         786      2.76117e-05              1       2.33e-07  
   786         787      2.76117e-05              1       2.05e-07  
   787         788      2.76117e-05              1       1.83e-07  
   788         789      2.76117e-05              1       1.82e-07  
   789         790      2.76117e-05              1       1.92e-07  
   790         791      2.76117e-05              1       2.06e-07  
   791         792      2.76117e-05              1       1.87e-07  
   792         793      2.76117e-05              1          2e-07  
   793         794      2.76117e-05              1       2.31e-07  
   794         795      2.76117e-05              1        2.3e-07  
   795         796      2.76117e-05              1       2.15e-07  
   796         797      2.76116e-05              1       2.13e-07  
   797         798      2.76116e-05              1       1.83e-07  
   798         799      2.76116e-05              1       1.92e-07  
   799         800      2.76116e-05              1       2.23e-07  
                                                        First-order 
 Iteration  Func-count       f(x)        Step-size       optimality
   800         801      2.76116e-05              1       2.14e-07  
   801         802      2.76116e-05              1       1.83e-07  
   802         803      2.76116e-05              1       2.04e-07  
   803         804      2.76116e-05              1       1.92e-07  
   804         805      2.76116e-05              1       2.09e-07  
   805         806      2.76116e-05              1       2.08e-07  
   806         807      2.76116e-05              1       1.67e-07  
   807         808      2.76116e-05              1       1.94e-07  
   808         809      2.76116e-05              1       2.02e-07  
   809         810      2.76116e-05              1       1.66e-07  
   810         811      2.76116e-05              1       1.54e-07  
   811         812      2.76116e-05              1       1.71e-07  
   812         813      2.76115e-05              1        2.1e-07  
   813         814      2.76115e-05              1       1.87e-07  
   814         815      2.76115e-05              1       1.76e-07  
   815         816      2.76115e-05              1       1.49e-07  
   816         817      2.76115e-05              1        1.6e-07  
   817         818      2.76115e-05              1       1.36e-07  
   818         819      2.76115e-05              1       1.37e-07  
   819         820      2.76115e-05              1       1.24e-07  
                                                        First-order 
 Iteration  Func-count       f(x)        Step-size       optimality
   820         821      2.76115e-05              1       1.28e-07  
   821         822      2.76115e-05              1       1.36e-07  
   822         823      2.76115e-05              1       1.31e-07  
   823         824      2.76115e-05              1       1.37e-07  
   824         825      2.76115e-05              1       1.38e-07  
   825         826      2.76115e-05              1       1.45e-07  
   826         827      2.76115e-05              1        1.3e-07  
   827         828      2.76115e-05              1       1.36e-07  
   828         829      2.76115e-05              1       1.64e-07  
   829         830      2.76115e-05              1        1.6e-07  
   830         831      2.76115e-05              1       1.34e-07  
   831         832      2.76115e-05              1        1.1e-07  
   832         833      2.76115e-05              1       1.43e-07  
   833         834      2.76115e-05              1       1.63e-07  
   834         835      2.76115e-05              1       1.72e-07  
   835         836      2.76115e-05              1       1.17e-07  
   836         837      2.76115e-05              1       1.11e-07  
   837         838      2.76115e-05              1       1.18e-07  
   838         839      2.76115e-05              1       1.31e-07  
   839         840      2.76115e-05              1       1.25e-07  
                                                        First-order 
 Iteration  Func-count       f(x)        Step-size       optimality
   840         841      2.76115e-05              1       1.08e-07  
   841         842      2.76115e-05              1       9.12e-08  

Optimization completed: The <a href = "matlab: helpview([docroot '/toolbox/optim/msg_csh/optim_msg_csh.map'],'first_order_opt_unc','CSHelpWindow');">first-order optimality measure</a>, 8.862519e-08, is less 
than <a href = "matlab: helpview([docroot '/toolbox/optim/msg_csh/optim_msg_csh.map'],'tolfun','CSHelpWindow');">options.TolFun</a> = 1.000000e-07.

Optimization Metric                                            Options
relative norm(gradient) =   8.86e-08                  TolFun =   1e-07 (selected)

