flow iter#1; |dv| = 4.92506
flow iter#2; |dv| = 1.23732
flow iter#3; |dv| = 1.49235
flow iter#4; |dv| = 1.96522
flow iter#5; |dv| = 1.60902
flow iter#6; |dv| = 0.88346
flow iter#7; |dv| = 0.254792
flow iter#8; |dv| = 0.26152
flow iter#9; |dv| = 0.369201
flow iter#10; |dv| = 0.312229
flow iter#11; |dv| = 0.186444
flow iter#12; |dv| = 0.0692117
flow iter#13; |dv| = 0.0292212
flow iter#14; |dv| = 0.053682
flow iter#15; |dv| = 0.0524809
flow iter#16; |dv| = 0.0356872
flow iter#17; |dv| = 0.0166984
flow iter#18; |dv| = 0.00614212
flow iter#19; |dv| = 0.00883343
flow iter#20; |dv| = 0.00980038
flow iter#21; |dv| = 0.0080425
flow iter#22; |dv| = 0.00586178
flow iter#23; |dv| = 0.00487326
                                                        First-order 
 Iteration  Func-count       f(x)        Step-size       optimality
     0           1        0.0521918                       0.00245
     1           4        0.0269237             91         0.0012  
     2           6        0.0123071       0.473192        0.00113  
     3           7       0.00173607              1       0.000298  
     4           8       0.00122068              1         0.0007  
     5           9      0.000609714              1       0.000148  
     6          10      0.000439457              1       0.000105  
     7          11      0.000272084              1       0.000219  
     8          12      0.000182668              1       0.000141  
     9          13      8.52078e-05              1        0.00015  
    10          14        7.392e-05              1       0.000117  
    11          15      6.33144e-05              1       6.69e-05  
    12          16      5.89689e-05              1       4.75e-05  
    13          17      5.39407e-05              1       3.22e-05  
    14          18      4.57409e-05              1       3.09e-05  
    15          19       3.7795e-05              1       4.13e-05  
    16          20      3.00274e-05              1       8.67e-05  
    17          21      2.54209e-05              1       9.86e-05  
    18          22       2.2825e-05              1       4.16e-05  
    19          23       2.0953e-05              1       4.54e-05  
                                                        First-order 
 Iteration  Func-count       f(x)        Step-size       optimality
    20          24      1.89967e-05              1       4.47e-05  
    21          25      1.72114e-05              1       0.000102  
    22          26      1.51654e-05              1       4.12e-05  
    23          27      1.34847e-05              1       2.35e-05  
    24          28      1.16856e-05              1       1.74e-05  
    25          29      1.07304e-05              1       2.11e-05  
    26          30      9.98994e-06              1       3.23e-05  
    27          31      9.44192e-06              1       1.47e-05  
    28          32       8.6866e-06              1       1.77e-05  
    29          33      7.33349e-06              1        4.1e-05  
    30          34      7.05361e-06              1       1.64e-05  
    31          35      6.58404e-06              1       8.43e-06  
    32          36      6.22688e-06              1       1.67e-05  
    33          37      5.94649e-06              1       1.17e-05  
    34          38      5.49342e-06              1       1.13e-05  
    35          39      4.84327e-06              1       1.01e-05  
    36          40      4.31595e-06              1       1.74e-05  
    37          41      3.98036e-06              1       3.33e-05  
    38          42       3.7004e-06              1       1.42e-05  
    39          43      3.53424e-06              1       5.52e-06  
                                                        First-order 
 Iteration  Func-count       f(x)        Step-size       optimality
    40          44      3.32019e-06              1       1.02e-05  
    41          45      3.15397e-06              1       1.78e-05  
    42          46      2.93893e-06              1       1.21e-05  
    43          47      2.80627e-06              1       7.91e-06  
    44          48      2.61038e-06              1       6.94e-06  
    45          49      2.46195e-06              1       8.76e-06  
    46          50      2.28308e-06              1       1.08e-05  
    47          51      2.10398e-06              1       3.78e-06  
    48          52      1.99686e-06              1       4.16e-06  
    49          53      1.88418e-06              1       3.01e-06  
    50          54       1.7805e-06              1       8.68e-06  
    51          55      1.64033e-06              1       7.02e-06  
    52          56      1.56744e-06              1       3.31e-05  
    53          57      1.45215e-06              1       1.12e-05  
    54          58      1.29289e-06              1       7.64e-06  
    55          59       1.1206e-06              1       7.71e-06  
    56          60      9.85765e-07              1       7.08e-06  
    57          61      8.85495e-07              1       1.55e-05  
    58          63      8.63218e-07       0.381214       7.91e-06  
    59          64      8.26253e-07              1       5.28e-06  
                                                        First-order 
 Iteration  Func-count       f(x)        Step-size       optimality
    60          65      7.66661e-07              1       3.12e-06  
    61          66      7.27626e-07              1       6.35e-06  
    62          67      6.76164e-07              1       5.87e-06  
    63          68       6.3089e-07              1       6.47e-06  
    64          69      6.01358e-07              1        2.7e-06  
    65          70      5.86318e-07              1       2.24e-06  
    66          71      5.71597e-07              1       2.03e-06  
    67          72      5.55932e-07              1       4.12e-06  
    68          73      5.29044e-07              1       6.68e-06  
    69          74      4.93365e-07              1       6.46e-06  
    70          75      4.70682e-07              1       7.55e-06  
    71          76       4.5411e-07              1       3.74e-06  
    72          77      4.48804e-07              1       1.05e-06  
    73          78      4.43217e-07              1        2.4e-06  
    74          79      4.27851e-07              1       4.21e-06  
    75          80      4.06547e-07              1       4.28e-06  
    76          81      3.73904e-07              1       2.16e-06  
    77          82      3.44175e-07              1       2.21e-06  
    78          83      3.27324e-07              1       3.61e-06  
    79          84      3.17112e-07              1       5.03e-06  
                                                        First-order 
 Iteration  Func-count       f(x)        Step-size       optimality
    80          85      3.03166e-07              1       4.75e-06  
    81          86      2.84159e-07              1       7.13e-06  
    82          87      2.56489e-07              1       3.14e-06  
    83          88      2.31307e-07              1       4.39e-06  
    84          89      2.08553e-07              1       6.91e-06  
    85          90       2.0166e-07              1       1.11e-06  
    86          91      1.96959e-07              1       1.06e-06  
    87          92      1.88755e-07              1       8.28e-07  
    88          93      1.81145e-07              1       1.31e-06  
    89          94      1.71259e-07              1        3.4e-06  
    90          95      1.58337e-07              1       6.38e-06  
    91          96      1.52544e-07              1       1.08e-05  
    92          97      1.40002e-07              1       3.18e-06  
    93          98      1.31099e-07              1       2.91e-06  
    94          99      1.15621e-07              1        2.8e-06  
    95         100      1.06448e-07              1       1.69e-06  
    96         101       9.3178e-08              1       1.04e-06  
    97         102      8.74198e-08              1       1.74e-06  
    98         103      8.38672e-08              1       6.27e-07  
    99         104      8.24175e-08              1       2.84e-06  
                                                        First-order 
 Iteration  Func-count       f(x)        Step-size       optimality
   100         105      8.09466e-08              1       7.78e-07  
   101         106      7.95084e-08              1       7.02e-07  
   102         107      7.73012e-08              1        1.2e-06  
   103         108       7.5911e-08              1       1.36e-06  
   104         109      7.18535e-08              1       1.55e-06  
   105         110      6.70291e-08              1       1.56e-06  
   106         111      6.12427e-08              1       2.09e-06  
   107         112      5.56705e-08              1        3.5e-06  
   108         113       5.2083e-08              1       4.93e-06  
   109         114      4.84712e-08              1        1.8e-06  
   110         115      4.55601e-08              1       1.43e-06  
   111         116      4.35347e-08              1       8.09e-07  
   112         117      4.22218e-08              1       3.91e-07  
   113         118      4.11659e-08              1       9.18e-07  
   114         119      3.99366e-08              1       8.52e-07  
   115         120      3.80905e-08              1       1.68e-06  
   116         121      3.53856e-08              1       9.02e-07  
   117         122      3.33768e-08              1        2.7e-06  
   118         123      3.10943e-08              1       1.52e-06  
   119         124      2.88604e-08              1       1.21e-06  
                                                        First-order 
 Iteration  Func-count       f(x)        Step-size       optimality
   120         125      2.71643e-08              1       4.14e-07  
   121         126      2.46144e-08              1       1.48e-06  
   122         127      2.19385e-08              1       1.58e-06  
   123         128      1.99351e-08              1       1.94e-06  
   124         129      1.77823e-08              1       1.56e-06  
   125         130      1.64532e-08              1       8.46e-07  
   126         131      1.44023e-08              1       5.99e-07  
   127         132      1.29462e-08              1       1.22e-06  
   128         133      1.18802e-08              1       1.01e-06  
   129         134      1.10626e-08              1       1.16e-06  
   130         135      1.06379e-08              1        1.1e-06  
   131         136      1.00602e-08              1       8.38e-07  
   132         137      9.43312e-09              1       2.82e-07  
   133         138      8.74109e-09              1       4.41e-07  
   134         139      8.17397e-09              1       4.96e-07  
   135         140      7.65455e-09              1       9.72e-07  
   136         141      7.39452e-09              1          3e-07  
   137         142      7.22875e-09              1       3.94e-07  
   138         143      7.04765e-09              1       2.79e-07  
   139         144      6.68573e-09              1       2.16e-07  
                                                        First-order 
 Iteration  Func-count       f(x)        Step-size       optimality
   140         145      6.28981e-09              1       4.56e-07  
   141         146      5.82602e-09              1        5.3e-07  
   142         147      5.52329e-09              1        3.5e-07  
   143         148       5.3535e-09              1       1.84e-07  
   144         149      5.19056e-09              1       1.82e-07  
   145         150      4.89071e-09              1       3.77e-07  
   146         151      4.42807e-09              1        4.9e-07  
   147         152       3.9594e-09              1       3.52e-07  
   148         153      3.13499e-09              1       7.72e-07  
   149         154       2.7829e-09              1       7.19e-07  
   150         155      2.47697e-09              1       3.77e-07  
   151         157      2.31907e-09       0.417546       6.97e-07  
   152         158      2.10517e-09              1       4.93e-07  
   153         159      1.71774e-09              1       7.21e-07  
   154         160      1.29337e-09              1       4.13e-07  
   155         161      1.09769e-09              1       4.61e-07  
   156         163      1.00567e-09       0.397964        2.2e-07  
   157         164      9.43423e-10              1        1.3e-07  
   158         165      9.02512e-10              1       3.03e-07  
   159         166      8.28583e-10              1       3.86e-07  
                                                        First-order 
 Iteration  Func-count       f(x)        Step-size       optimality
   160         167      7.37745e-10              1        4.1e-07  
   161         168      6.37055e-10              1       1.74e-07  
   162         169      5.54348e-10              1       5.73e-08  
   163         170      4.94466e-10              1       2.34e-07  
   164         171      4.61793e-10              1       2.13e-07  
   165         172      4.38567e-10              1       1.69e-07  
   166         173       4.1833e-10              1       6.42e-08  
   167         174      4.08468e-10              1       3.69e-08  
   168         175      3.99559e-10              1       6.83e-08  
   169         176      3.90001e-10              1       7.22e-08  
   170         177      3.81303e-10              1       3.64e-08  
   171         178       3.7597e-10              1       1.81e-08  
   172         179      3.72659e-10              1       3.21e-08  
   173         180      3.70115e-10              1       2.73e-08  
   174         181      3.66378e-10              1       1.51e-08  
   175         182      3.59522e-10              1       2.89e-08  
   176         183      3.45806e-10              1       8.25e-08  
   177         184      3.20572e-10              1       1.41e-07  
   178         185      2.87343e-10              1       1.58e-07  
   179         186      2.64009e-10              1       9.34e-08  
                                                        First-order 
 Iteration  Func-count       f(x)        Step-size       optimality
   180         187       2.5377e-10              1       4.21e-08  
   181         188      2.52448e-10              1       1.12e-07  
   182         189      2.47094e-10              1       4.17e-08  
   183         190       2.4494e-10              1       2.88e-08  
   184         191      2.40286e-10              1       7.25e-08  
   185         192      2.33619e-10              1       1.16e-07  
   186         193       2.1855e-10              1       1.41e-07  
   187         194      1.91872e-10              1       1.54e-07  
   188         195      1.59781e-10              1       1.12e-07  
   189         196      1.34159e-10              1       4.69e-08  
   190         197      1.17897e-10              1       3.09e-08  
   191         198      1.11518e-10              1       2.49e-08  
   192         199      1.08954e-10              1       4.79e-08  
   193         200      1.05875e-10              1       5.82e-08  
   194         201      9.60464e-11              1       7.05e-08  
   195         202      8.15096e-11              1       4.12e-08  
   196         203      5.97015e-11              1       3.97e-08  
   197         204      3.95293e-11              1       7.65e-08  
   198         205      2.19096e-11              1       8.33e-08  
   199         206      1.28733e-11              1          7e-08  
                                                        First-order 
 Iteration  Func-count       f(x)        Step-size       optimality
   200         207      5.85589e-12              1       2.83e-08  
   201         208      4.71788e-12              1       3.74e-08  
   202         209      3.83408e-12              1       4.13e-08  
   203         210      2.67667e-12              1       2.76e-08  
   204         211      1.38919e-12              1       2.06e-08  
   205         212       4.2289e-13              1       6.88e-09  
   206         213        1.208e-13              1       3.08e-09  
   207         214      4.45394e-14              1       4.83e-09  
   208         215      1.45784e-14              1       2.04e-09  
   209         216        2.775e-15              1       1.71e-09  
   210         217      5.48209e-16              1          1e-09  
   211         218       4.7253e-17              1       1.81e-10  
   212         219      3.23483e-18              1       1.85e-11  

Optimization completed: The <a href = "matlab: helpview([docroot '/toolbox/optim/msg_csh/optim_msg_csh.map'],'first_order_opt_unc','CSHelpWindow');">first-order optimality measure</a>, 1.842731e-11, is less 
than <a href = "matlab: helpview([docroot '/toolbox/optim/msg_csh/optim_msg_csh.map'],'tolfun','CSHelpWindow');">options.TolFun</a> = 1.000000e-10.

Optimization Metric                                            Options
relative norm(gradient) =   1.84e-11                  TolFun =   1e-10 (selected)

                                                        First-order 
 Iteration  Func-count       f(x)        Step-size       optimality
     0           1         0.193018                        0.0504
     1           2         0.155986              1         0.0197  
     2           3         0.107936              1         0.0308  
     3           4         0.083877              1         0.0226  
     4           5        0.0573382              1         0.0349  
     5           6        0.0426753              1         0.0177  
     6           7        0.0333702              1         0.0117  
     7           8        0.0290035              1        0.00839  
     8           9        0.0251927              1        0.00695  
     9          10        0.0227232              1        0.00695  
    10          11        0.0198285              1        0.00728  
    11          12         0.017131              1        0.00711  
    12          13        0.0149225              1        0.00513  
    13          14        0.0128257              1        0.00486  
    14          15        0.0110333              1        0.00576  
    15          16       0.00917163              1        0.00517  
    16          17       0.00783705              1        0.00489  
    17          18       0.00649936              1        0.00472  
    18          19       0.00560138              1        0.00457  
    19          20       0.00452034              1        0.00309  
                                                        First-order 
 Iteration  Func-count       f(x)        Step-size       optimality
    20          21       0.00375222              1        0.00323  
    21          22       0.00306177              1        0.00229  
    22          23       0.00255313              1        0.00207  
    23          24       0.00217873              1        0.00157  
    24          25       0.00189707              1        0.00131  
    25          26       0.00168833              1        0.00131  
    26          27       0.00151862              1        0.00138  
    27          28          0.00138              1        0.00109  
    28          29       0.00125007              1        0.00087  
    29          30       0.00113657              1       0.000776  
    30          31       0.00103836              1       0.000761  
    31          32      0.000956725              1       0.000767  
    32          33      0.000884056              1       0.000712  
    33          34      0.000817128              1       0.000641  
    34          35      0.000752407              1       0.000596  
    35          36      0.000691223              1       0.000589  
    36          37       0.00063411              1        0.00061  
    37          38      0.000582885              1       0.000726  
    38          39      0.000537475              1       0.000724  
    39          40      0.000497887              1       0.000489  
                                                        First-order 
 Iteration  Func-count       f(x)        Step-size       optimality
    40          41      0.000462592              1       0.000423  
    41          42      0.000431356              1       0.000478  
    42          43      0.000402778              1       0.000415  
    43          44      0.000377005              1       0.000389  
    44          45      0.000352406              1       0.000428  
    45          46      0.000330465              1       0.000341  
    46          47      0.000310547              1       0.000336  
    47          48      0.000293934              1       0.000356  
    48          49      0.000277846              1       0.000352  
    49          50      0.000262755              1       0.000404  
    50          51      0.000247945              1       0.000437  
    51          52      0.000234732              1       0.000399  
    52          53       0.00022243              1       0.000332  
    53          54      0.000211632              1       0.000348  
    54          55      0.000201995              1       0.000298  
    55          56      0.000194114              1       0.000215  
    56          57      0.000187209              1       0.000249  
    57          58      0.000181004              1        0.00023  
    58          59      0.000174904              1       0.000255  
    59          60       0.00016935              1       0.000184  
                                                        First-order 
 Iteration  Func-count       f(x)        Step-size       optimality
    60          61       0.00016439              1       0.000184  
    61          62       0.00016014              1       0.000192  
    62          63       0.00015608              1       0.000192  
    63          64      0.000151975              1       0.000195  
    64          65      0.000147502              1       0.000225  
    65          66      0.000142854              1       0.000204  
    66          67      0.000138106              1       0.000191  
    67          68      0.000133664              1       0.000214  
    68          69      0.000129504              1       0.000172  
    69          70      0.000125758              1        0.00021  
    70          71      0.000122126              1       0.000163  
    71          72      0.000118732              1         0.0002  
    72          73      0.000115474              1       0.000165  
    73          74      0.000112568              1       0.000131  
    74          75      0.000109783              1       0.000112  
    75          76      0.000107078              1       0.000122  
    76          77      0.000104251              1       0.000123  
    77          78      0.000101558              1       0.000124  
    78          79      9.90541e-05              1       0.000117  
    79          80       9.6826e-05              1       0.000128  
                                                        First-order 
 Iteration  Func-count       f(x)        Step-size       optimality
    80          81      9.47089e-05              1       0.000111  
    81          82      9.27201e-05              1       0.000103  
    82          83      9.08304e-05              1       0.000107  
    83          84      8.91128e-05              1       0.000103  
    84          85      8.74738e-05              1       9.45e-05  
    85          86      8.59006e-05              1       0.000117  
    86          87      8.43142e-05              1       0.000119  
    87          88      8.27965e-05              1       0.000107  
    88          89      8.13176e-05              1       8.91e-05  
    89          90      7.99682e-05              1       9.33e-05  
    90          91       7.8722e-05              1       8.51e-05  
    91          92      7.76322e-05              1        7.6e-05  
    92          93      7.66198e-05              1       7.26e-05  
    93          94      7.56693e-05              1        6.4e-05  
    94          95      7.47352e-05              1       7.03e-05  
    95          96      7.38429e-05              1       6.79e-05  
    96          97      7.29746e-05              1       7.06e-05  
    97          98      7.21264e-05              1       6.96e-05  
    98          99      7.12791e-05              1       8.33e-05  
    99         100       7.0466e-05              1       7.27e-05  
                                                        First-order 
 Iteration  Func-count       f(x)        Step-size       optimality
   100         101      6.97059e-05              1       7.31e-05  
   101         102      6.90171e-05              1       7.38e-05  
   102         103      6.83639e-05              1       7.86e-05  
   103         104      6.77332e-05              1       7.37e-05  
   104         105       6.7105e-05              1       6.55e-05  
   105         106      6.65089e-05              1       7.18e-05  
   106         107      6.59497e-05              1       5.67e-05  
   107         108      6.54342e-05              1       5.65e-05  
   108         109      6.49386e-05              1        5.9e-05  
   109         110      6.44666e-05              1       5.93e-05  
   110         111      6.40153e-05              1       5.22e-05  
   111         112      6.35987e-05              1       4.56e-05  
   112         113      6.32163e-05              1        4.8e-05  
   113         114      6.28667e-05              1       4.33e-05  
   114         115      6.25384e-05              1       4.21e-05  
   115         116      6.22221e-05              1       4.69e-05  
   116         117      6.19113e-05              1       4.23e-05  
   117         118      6.16081e-05              1       4.33e-05  
   118         119      6.13188e-05              1       4.69e-05  
   119         120      6.10433e-05              1       4.14e-05  
                                                        First-order 
 Iteration  Func-count       f(x)        Step-size       optimality
   120         121      6.07738e-05              1       3.91e-05  
   121         122      6.04983e-05              1       3.68e-05  
   122         123      6.02198e-05              1       4.23e-05  
   123         124      5.99486e-05              1       3.59e-05  
   124         125      5.97038e-05              1       3.56e-05  
   125         126       5.9482e-05              1       3.52e-05  
   126         127      5.92743e-05              1       3.39e-05  
   127         128      5.90662e-05              1       4.17e-05  
   128         129      5.88616e-05              1       4.12e-05  
   129         130      5.86606e-05              1        3.6e-05  
   130         131       5.8465e-05              1       3.23e-05  
   131         132      5.82686e-05              1        3.4e-05  
   132         133      5.80713e-05              1       4.02e-05  
   133         134       5.7877e-05              1       3.64e-05  
   134         135      5.76957e-05              1       3.04e-05  
   135         136       5.7532e-05              1       2.88e-05  
   136         137      5.73846e-05              1       2.98e-05  
   137         138      5.72443e-05              1        3.2e-05  
   138         139      5.71032e-05              1       3.12e-05  
   139         140      5.69566e-05              1        3.2e-05  
                                                        First-order 
 Iteration  Func-count       f(x)        Step-size       optimality
   140         141       5.6808e-05              1       2.89e-05  
   141         142      5.66619e-05              1        3.1e-05  
   142         143       5.6523e-05              1       3.02e-05  
   143         144      5.63893e-05              1       3.59e-05  
   144         145      5.62611e-05              1       3.82e-05  
   145         146      5.61351e-05              1       2.73e-05  
   146         147      5.60123e-05              1       2.62e-05  
   147         148      5.58867e-05              1       2.53e-05  
   148         149      5.57595e-05              1       2.92e-05  
   149         150      5.56332e-05              1       2.43e-05  
   150         151      5.55178e-05              1       2.46e-05  
   151         152      5.54135e-05              1       2.34e-05  
   152         153      5.53158e-05              1       2.54e-05  
   153         154      5.52175e-05              1        2.5e-05  
   154         155        5.512e-05              1       2.34e-05  
   155         156      5.50268e-05              1       2.32e-05  
   156         157      5.49407e-05              1       2.52e-05  
   157         158      5.48592e-05              1       2.32e-05  
   158         159      5.47817e-05              1        2.1e-05  
   159         160       5.4707e-05              1       2.11e-05  
                                                        First-order 
 Iteration  Func-count       f(x)        Step-size       optimality
   160         161      5.46343e-05              1       1.93e-05  
   161         162      5.45595e-05              1       2.18e-05  
   162         163      5.44814e-05              1       2.37e-05  
   163         164      5.44011e-05              1        2.3e-05  
   164         165      5.43227e-05              1       2.34e-05  
   165         166       5.4246e-05              1        2.3e-05  
   166         167      5.41703e-05              1       2.18e-05  
   167         168      5.40942e-05              1       1.76e-05  
   168         169      5.40198e-05              1       2.21e-05  
   169         170      5.39454e-05              1       2.19e-05  
   170         171      5.38701e-05              1       2.03e-05  
   171         172      5.37939e-05              1       2.07e-05  
   172         173      5.37238e-05              1       1.86e-05  
   173         174       5.3663e-05              1       1.78e-05  
   174         175      5.36099e-05              1        1.8e-05  
   175         176      5.35587e-05              1       1.65e-05  
   176         177      5.35074e-05              1        1.6e-05  
   177         178      5.34562e-05              1       1.77e-05  
   178         179      5.34061e-05              1        1.9e-05  
   179         180      5.33554e-05              1       1.65e-05  
                                                        First-order 
 Iteration  Func-count       f(x)        Step-size       optimality
   180         181       5.3303e-05              1       1.56e-05  
   181         182       5.3249e-05              1       1.56e-05  
   182         183      5.31957e-05              1       1.69e-05  
   183         184      5.31427e-05              1       1.51e-05  
   184         185      5.30902e-05              1       1.66e-05  
   185         186      5.30376e-05              1       1.66e-05  
   186         187      5.29873e-05              1       1.74e-05  
   187         188      5.29394e-05              1       1.56e-05  
   188         189      5.28936e-05              1       1.76e-05  
   189         190      5.28471e-05              1       1.75e-05  
   190         191      5.27993e-05              1       1.64e-05  
   191         192      5.27487e-05              1       1.92e-05  
   192         193      5.26954e-05              1       1.83e-05  
   193         194      5.26385e-05              1        1.8e-05  
   194         195      5.25816e-05              1       2.07e-05  
   195         196      5.25296e-05              1       1.59e-05  
   196         197      5.24867e-05              1        1.7e-05  
   197         198      5.24504e-05              1       1.36e-05  
   198         199      5.24173e-05              1       1.53e-05  
   199         200      5.23835e-05              1       1.39e-05  
                                                        First-order 
 Iteration  Func-count       f(x)        Step-size       optimality
   200         201       5.2349e-05              1       1.32e-05  
   201         202      5.23138e-05              1       1.39e-05  
   202         203      5.22789e-05              1       1.39e-05  
   203         204      5.22435e-05              1       1.52e-05  
   204         205      5.22076e-05              1       1.75e-05  
   205         206      5.21699e-05              1       1.62e-05  
   206         207      5.21304e-05              1       1.44e-05  
   207         208      5.20889e-05              1       1.75e-05  
   208         209      5.20486e-05              1       1.82e-05  
   209         210      5.20112e-05              1       1.35e-05  
   210         211      5.19774e-05              1       1.53e-05  
   211         212      5.19454e-05              1       1.25e-05  
   212         213      5.19145e-05              1       1.51e-05  
   213         214      5.18842e-05              1       1.31e-05  
   214         215      5.18545e-05              1       1.32e-05  
   215         216      5.18233e-05              1       1.36e-05  
   216         217        5.179e-05              1       1.45e-05  
   217         218      5.17539e-05              1       1.74e-05  
   218         219      5.17174e-05              1       1.52e-05  
   219         220      5.16811e-05              1       1.58e-05  
                                                        First-order 
 Iteration  Func-count       f(x)        Step-size       optimality
   220         221      5.16464e-05              1       1.58e-05  
   221         222      5.16134e-05              1        1.4e-05  
   222         223      5.15832e-05              1       1.31e-05  
   223         224      5.15547e-05              1       1.25e-05  
   224         225      5.15273e-05              1       1.44e-05  
   225         226      5.14999e-05              1       1.31e-05  
   226         227      5.14734e-05              1       1.27e-05  
   227         228      5.14478e-05              1       1.26e-05  
   228         229      5.14235e-05              1       1.16e-05  
   229         230      5.13995e-05              1       1.33e-05  
   230         231      5.13759e-05              1        1.2e-05  
   231         232      5.13525e-05              1       1.14e-05  
   232         233      5.13295e-05              1       1.12e-05  
   233         234      5.13058e-05              1       1.29e-05  
   234         235      5.12812e-05              1       1.28e-05  
   235         236      5.12555e-05              1       1.25e-05  
   236         237      5.12293e-05              1       1.32e-05  
   237         238      5.12034e-05              1       1.35e-05  
   238         239      5.11784e-05              1       1.33e-05  
   239         240      5.11539e-05              1       1.24e-05  
                                                        First-order 
 Iteration  Func-count       f(x)        Step-size       optimality
   240         241      5.11293e-05              1       1.17e-05  
   241         242      5.11045e-05              1       1.26e-05  
   242         243      5.10798e-05              1       1.39e-05  
   243         244       5.1056e-05              1       1.17e-05  
   244         245      5.10319e-05              1       1.14e-05  
   245         246      5.10068e-05              1        1.2e-05  
   246         247      5.09803e-05              1       1.14e-05  
   247         248      5.09543e-05              1       1.56e-05  
   248         249      5.09295e-05              1       1.47e-05  
   249         250      5.09062e-05              1       1.31e-05  
   250         251      5.08833e-05              1       1.29e-05  
   251         252      5.08611e-05              1       1.16e-05  
   252         253      5.08397e-05              1       1.07e-05  
   253         254      5.08193e-05              1        1.1e-05  
   254         255      5.07995e-05              1       1.01e-05  
   255         256      5.07804e-05              1       1.11e-05  
   256         257      5.07621e-05              1        1.1e-05  
   257         258      5.07454e-05              1       1.09e-05  
   258         259      5.07306e-05              1       9.77e-06  
   259         260      5.07178e-05              1       8.37e-06  
                                                        First-order 
 Iteration  Func-count       f(x)        Step-size       optimality
   260         261      5.07059e-05              1       7.63e-06  
   261         262      5.06941e-05              1       7.99e-06  
   262         263      5.06822e-05              1       7.24e-06  
   263         264      5.06707e-05              1       7.26e-06  
   264         265      5.06599e-05              1       9.47e-06  
   265         266      5.06498e-05              1        9.5e-06  
   266         267      5.06399e-05              1       7.73e-06  
   267         268      5.06303e-05              1       7.36e-06  
   268         269      5.06212e-05              1       7.19e-06  
   269         270      5.06128e-05              1       6.53e-06  
   270         271      5.06047e-05              1       7.74e-06  
   271         272      5.05968e-05              1       6.78e-06  
   272         273      5.05891e-05              1       9.25e-06  
   273         274      5.05818e-05              1        9.6e-06  
   274         275      5.05748e-05              1       7.32e-06  
   275         276      5.05679e-05              1       6.59e-06  
   276         277      5.05613e-05              1       6.05e-06  
   277         278      5.05552e-05              1       6.59e-06  
   278         279      5.05494e-05              1       5.11e-06  
   279         280      5.05434e-05              1       5.73e-06  
                                                        First-order 
 Iteration  Func-count       f(x)        Step-size       optimality
   280         281      5.05374e-05              1       6.43e-06  
   281         282      5.05316e-05              1       6.32e-06  
   282         283      5.05261e-05              1       5.77e-06  
   283         284      5.05208e-05              1       5.48e-06  
   284         285      5.05153e-05              1       6.08e-06  
   285         286      5.05096e-05              1       5.87e-06  
   286         287      5.05039e-05              1       5.68e-06  
   287         288      5.04983e-05              1       5.36e-06  
   288         289      5.04931e-05              1       5.08e-06  
   289         290       5.0488e-05              1       5.82e-06  
   290         291      5.04831e-05              1       5.47e-06  
   291         292      5.04781e-05              1       5.22e-06  
   292         293      5.04728e-05              1       5.91e-06  
   293         294      5.04671e-05              1       6.55e-06  
   294         295      5.04612e-05              1       7.09e-06  
   295         296      5.04555e-05              1       6.05e-06  
   296         297      5.04496e-05              1        6.9e-06  
   297         298      5.04435e-05              1       6.51e-06  
   298         299      5.04369e-05              1       7.19e-06  
   299         300        5.043e-05              1       8.17e-06  
                                                        First-order 
 Iteration  Func-count       f(x)        Step-size       optimality
   300         301      5.04228e-05              1          8e-06  
   301         302      5.04156e-05              1       6.72e-06  
   302         303      5.04083e-05              1       6.29e-06  
   303         304      5.04011e-05              1       6.08e-06  
   304         305      5.03941e-05              1       6.21e-06  
   305         306      5.03873e-05              1       6.24e-06  
   306         307      5.03802e-05              1       6.82e-06  
   307         308      5.03724e-05              1       7.59e-06  
   308         309      5.03638e-05              1       7.81e-06  
   309         310      5.03547e-05              1       6.99e-06  
   310         311      5.03457e-05              1       8.56e-06  
   311         312       5.0337e-05              1       7.45e-06  
   312         313      5.03284e-05              1       7.63e-06  
   313         314      5.03195e-05              1       7.27e-06  
   314         315      5.03104e-05              1        6.8e-06  
   315         316      5.03016e-05              1       8.36e-06  
   316         317      5.02932e-05              1       6.38e-06  
   317         318      5.02848e-05              1       6.34e-06  
   318         319      5.02757e-05              1       7.13e-06  
   319         320      5.02659e-05              1       9.11e-06  
                                                        First-order 
 Iteration  Func-count       f(x)        Step-size       optimality
   320         321       5.0256e-05              1       1.06e-05  
   321         322      5.02462e-05              1       7.96e-06  
   322         323      5.02363e-05              1       8.36e-06  
   323         324      5.02257e-05              1       8.33e-06  
   324         325      5.02149e-05              1       8.29e-06  
   325         326      5.02048e-05              1       9.66e-06  
   326         327      5.01958e-05              1       7.34e-06  
   327         328      5.01875e-05              1       6.72e-06  
   328         329      5.01797e-05              1       6.05e-06  
   329         330      5.01722e-05              1       7.64e-06  
   330         331      5.01653e-05              1       6.87e-06  
   331         332      5.01589e-05              1       6.38e-06  
   332         333      5.01526e-05              1       5.79e-06  
   333         334      5.01461e-05              1       6.94e-06  
   334         335      5.01395e-05              1       6.41e-06  
   335         336      5.01327e-05              1       5.32e-06  
   336         337      5.01258e-05              1       5.83e-06  
   337         338      5.01192e-05              1       5.17e-06  
   338         339      5.01131e-05              1        5.4e-06  
   339         340      5.01076e-05              1       5.39e-06  
                                                        First-order 
 Iteration  Func-count       f(x)        Step-size       optimality
   340         341      5.01025e-05              1       5.02e-06  
   341         342      5.00974e-05              1       5.52e-06  
   342         343      5.00922e-05              1       5.59e-06  
   343         344      5.00869e-05              1       6.22e-06  
   344         345      5.00816e-05              1       5.48e-06  
   345         346      5.00763e-05              1       5.42e-06  
   346         347       5.0071e-05              1       5.83e-06  
   347         348      5.00658e-05              1        6.9e-06  
   348         349      5.00606e-05              1       7.16e-06  
   349         350      5.00555e-05              1       5.12e-06  
   350         351      5.00504e-05              1       5.39e-06  
   351         352      5.00453e-05              1        5.5e-06  
   352         353        5.004e-05              1       5.59e-06  
   353         354      5.00346e-05              1       5.77e-06  
   354         355      5.00293e-05              1       5.54e-06  
   355         356      5.00243e-05              1        5.4e-06  
   356         357      5.00196e-05              1       4.63e-06  
   357         358      5.00152e-05              1       5.16e-06  
   358         359      5.00109e-05              1       5.44e-06  
   359         360      5.00066e-05              1       5.21e-06  
                                                        First-order 
 Iteration  Func-count       f(x)        Step-size       optimality
   360         361      5.00023e-05              1       5.34e-06  
   361         362      4.99979e-05              1       4.88e-06  
   362         363      4.99935e-05              1       5.15e-06  
   363         364      4.99891e-05              1       4.94e-06  
   364         365      4.99848e-05              1       4.69e-06  
   365         366      4.99804e-05              1       5.58e-06  
   366         367      4.99759e-05              1       6.08e-06  
   367         368      4.99714e-05              1       5.22e-06  
   368         369      4.99667e-05              1       5.19e-06  
   369         370      4.99618e-05              1       5.61e-06  
   370         371      4.99567e-05              1       6.43e-06  
   371         372      4.99515e-05              1       6.28e-06  
   372         373      4.99462e-05              1       6.45e-06  
   373         374      4.99409e-05              1       5.51e-06  
   374         375      4.99357e-05              1        5.2e-06  
   375         376      4.99307e-05              1       5.09e-06  
   376         377      4.99259e-05              1       5.71e-06  
   377         378       4.9921e-05              1       5.32e-06  
   378         379      4.99157e-05              1       5.75e-06  
   379         380      4.99101e-05              1       7.45e-06  
                                                        First-order 
 Iteration  Func-count       f(x)        Step-size       optimality
   380         381      4.99043e-05              1       6.54e-06  
   381         382      4.98985e-05              1       5.43e-06  
   382         383      4.98923e-05              1       6.76e-06  
   383         384      4.98861e-05              1       7.04e-06  
   384         385        4.988e-05              1       6.16e-06  
   385         386      4.98744e-05              1       4.99e-06  
   386         387      4.98691e-05              1       5.73e-06  
   387         388      4.98637e-05              1       6.47e-06  
   388         389       4.9858e-05              1       5.93e-06  
   389         390      4.98519e-05              1          6e-06  
   390         391      4.98452e-05              1       6.01e-06  
   391         392       4.9838e-05              1       6.51e-06  
   392         393      4.98304e-05              1       5.99e-06  
   393         394      4.98228e-05              1       6.89e-06  
   394         395      4.98155e-05              1       7.96e-06  
   395         396      4.98083e-05              1       8.12e-06  
   396         397      4.98009e-05              1       7.57e-06  
   397         398      4.97935e-05              1       6.54e-06  
   398         399      4.97862e-05              1       6.95e-06  
   399         400      4.97786e-05              1       7.41e-06  
                                                        First-order 
 Iteration  Func-count       f(x)        Step-size       optimality
   400         401      4.97694e-05              1        6.8e-06  
   401         402      4.97611e-05              1       7.79e-06  
   402         403      4.97524e-05              1       7.65e-06  
   403         404      4.97444e-05              1       6.36e-06  
   404         405      4.97372e-05              1       6.96e-06  
   405         406      4.97302e-05              1       6.83e-06  
   406         407      4.97227e-05              1       8.31e-06  
   407         408      4.97145e-05              1       8.27e-06  
   408         409      4.97056e-05              1       9.38e-06  
   409         410      4.96963e-05              1       8.24e-06  
   410         411      4.96868e-05              1       8.09e-06  
   411         412      4.96773e-05              1        7.9e-06  
   412         413      4.96681e-05              1       8.01e-06  
   413         414      4.96589e-05              1       7.77e-06  
   414         415      4.96503e-05              1       6.45e-06  
   415         416      4.96422e-05              1       7.63e-06  
   416         417      4.96344e-05              1       6.02e-06  
   417         418      4.96257e-05              1       7.24e-06  
   418         419      4.96164e-05              1       6.83e-06  
   419         420       4.9607e-05              1        7.4e-06  
                                                        First-order 
 Iteration  Func-count       f(x)        Step-size       optimality
   420         421      4.95981e-05              1       8.48e-06  
   421         422      4.95897e-05              1       7.43e-06  
   422         423      4.95815e-05              1       7.83e-06  
   423         424      4.95731e-05              1        7.5e-06  
   424         425      4.95648e-05              1       7.66e-06  
   425         426      4.95568e-05              1       7.04e-06  
   426         427      4.95492e-05              1        7.2e-06  
   427         428      4.95416e-05              1       7.03e-06  
   428         429      4.95339e-05              1       8.21e-06  
   429         430      4.95257e-05              1       6.83e-06  
   430         431      4.95177e-05              1        6.6e-06  
   431         432      4.95098e-05              1       6.05e-06  
   432         433      4.95026e-05              1       5.67e-06  
   433         434      4.94958e-05              1       5.86e-06  
   434         435      4.94892e-05              1       6.98e-06  
   435         436      4.94821e-05              1       5.82e-06  
   436         437       4.9475e-05              1       6.26e-06  
   437         438      4.94681e-05              1       5.94e-06  
   438         439      4.94614e-05              1        6.6e-06  
   439         440      4.94547e-05              1       6.03e-06  
                                                        First-order 
 Iteration  Func-count       f(x)        Step-size       optimality
   440         441      4.94477e-05              1       6.26e-06  
   441         442      4.94404e-05              1       5.99e-06  
   442         443      4.94332e-05              1       5.71e-06  
   443         444      4.94263e-05              1        8.4e-06  
   444         445      4.94198e-05              1       7.42e-06  
   445         446      4.94132e-05              1       5.75e-06  
   446         447      4.94061e-05              1       5.65e-06  
   447         448      4.94006e-05              1       6.24e-06  
   448         449      4.93948e-05              1       5.25e-06  
   449         450      4.93896e-05              1       5.62e-06  
   450         451      4.93846e-05              1       4.98e-06  
   451         452      4.93798e-05              1          5e-06  
   452         453      4.93751e-05              1       5.62e-06  
   453         454      4.93705e-05              1       4.68e-06  
   454         455      4.93662e-05              1       4.58e-06  
   455         456       4.9362e-05              1        4.4e-06  
   456         457       4.9358e-05              1       4.44e-06  
   457         458       4.9354e-05              1       4.74e-06  
   458         459        4.935e-05              1       4.83e-06  
   459         460       4.9346e-05              1       5.06e-06  
                                                        First-order 
 Iteration  Func-count       f(x)        Step-size       optimality
   460         461       4.9342e-05              1       5.12e-06  
   461         462       4.9338e-05              1       5.34e-06  
   462         463      4.93339e-05              1        4.9e-06  
   463         464      4.93294e-05              1        5.1e-06  
   464         465      4.93244e-05              1       5.16e-06  
   465         466       4.9319e-05              1       5.52e-06  
   466         467      4.93135e-05              1       6.07e-06  
   467         468      4.93079e-05              1       5.36e-06  
   468         469      4.93026e-05              1       4.97e-06  
   469         470      4.92974e-05              1       4.85e-06  
   470         471      4.92926e-05              1       5.38e-06  
   471         472      4.92876e-05              1       5.64e-06  
   472         473      4.92827e-05              1        5.6e-06  
   473         474      4.92779e-05              1       4.94e-06  
   474         475      4.92733e-05              1       4.81e-06  
   475         476      4.92688e-05              1       5.81e-06  
   476         477       4.9264e-05              1       5.53e-06  
   477         478       4.9259e-05              1       5.31e-06  
   478         479      4.92539e-05              1       6.05e-06  
   479         480      4.92488e-05              1       5.32e-06  
                                                        First-order 
 Iteration  Func-count       f(x)        Step-size       optimality
   480         481      4.92439e-05              1       5.03e-06  
   481         482      4.92389e-05              1       4.98e-06  
   482         483      4.92342e-05              1       5.12e-06  
   483         484      4.92296e-05              1       5.19e-06  
   484         485      4.92252e-05              1       6.22e-06  
   485         486      4.92207e-05              1       6.33e-06  
   486         487       4.9216e-05              1       4.83e-06  
   487         488      4.92115e-05              1       5.17e-06  
   488         489      4.92073e-05              1       4.55e-06  
   489         490      4.92033e-05              1       5.59e-06  
   490         491      4.91995e-05              1       5.68e-06  
   491         492      4.91957e-05              1       4.23e-06  
   492         493      4.91922e-05              1       5.37e-06  
   493         494      4.91888e-05              1       5.75e-06  
   494         495      4.91854e-05              1       4.96e-06  
   495         496       4.9182e-05              1       4.94e-06  
   496         497      4.91784e-05              1       4.41e-06  
   497         498      4.91748e-05              1       5.02e-06  
   498         499      4.91714e-05              1       5.04e-06  
   499         500      4.91681e-05              1       4.73e-06  
                                                        First-order 
 Iteration  Func-count       f(x)        Step-size       optimality
   500         501      4.91652e-05              1       4.41e-06  
   501         502      4.91623e-05              1       3.94e-06  
   502         503      4.91593e-05              1       4.69e-06  
   503         504      4.91561e-05              1       4.59e-06  
   504         505      4.91531e-05              1          4e-06  
   505         506      4.91502e-05              1       3.54e-06  
   506         507      4.91475e-05              1       3.52e-06  
   507         508      4.91447e-05              1       3.75e-06  
   508         509      4.91421e-05              1       3.67e-06  
   509         510      4.91396e-05              1       4.62e-06  
   510         511      4.91373e-05              1       4.21e-06  
   511         512       4.9135e-05              1       4.12e-06  
   512         513      4.91327e-05              1       3.91e-06  
   513         514      4.91305e-05              1       3.81e-06  
   514         515      4.91283e-05              1       3.52e-06  
   515         516      4.91262e-05              1       3.77e-06  
   516         517      4.91241e-05              1        3.3e-06  
   517         518      4.91221e-05              1       3.26e-06  
   518         519      4.91201e-05              1       3.37e-06  
   519         520       4.9118e-05              1       3.43e-06  
                                                        First-order 
 Iteration  Func-count       f(x)        Step-size       optimality
   520         521      4.91157e-05              1       3.55e-06  
   521         522      4.91134e-05              1       3.12e-06  
   522         523      4.91114e-05              1       3.28e-06  
   523         524      4.91094e-05              1       2.85e-06  
   524         525      4.91076e-05              1       3.19e-06  
   525         526      4.91058e-05              1       3.33e-06  
   526         527       4.9104e-05              1       3.87e-06  
   527         528      4.91022e-05              1       3.28e-06  
   528         529      4.91003e-05              1        2.9e-06  
   529         530      4.90985e-05              1       2.77e-06  
   530         531      4.90967e-05              1       3.05e-06  
   531         532       4.9095e-05              1       2.96e-06  
   532         533      4.90933e-05              1       2.86e-06  
   533         534      4.90918e-05              1       2.93e-06  
   534         535      4.90903e-05              1       3.17e-06  
   535         536      4.90888e-05              1       3.07e-06  
   536         537      4.90875e-05              1       2.75e-06  
   537         538      4.90861e-05              1       2.69e-06  
   538         539      4.90847e-05              1       2.84e-06  
   539         540      4.90834e-05              1       3.01e-06  
                                                        First-order 
 Iteration  Func-count       f(x)        Step-size       optimality
   540         541      4.90822e-05              1       3.07e-06  
   541         542       4.9081e-05              1       2.69e-06  
   542         543      4.90798e-05              1       2.84e-06  
   543         544      4.90785e-05              1       3.22e-06  
   544         545      4.90771e-05              1       3.04e-06  
   545         546      4.90758e-05              1       3.31e-06  
   546         547      4.90743e-05              1       3.77e-06  
   547         548      4.90727e-05              1        3.2e-06  
   548         549      4.90711e-05              1       2.71e-06  
   549         550      4.90696e-05              1       2.83e-06  
   550         551      4.90681e-05              1       2.98e-06  
   551         552      4.90665e-05              1       3.01e-06  
   552         553       4.9065e-05              1       2.97e-06  
   553         554      4.90634e-05              1       2.85e-06  
   554         555      4.90619e-05              1       2.83e-06  
   555         556      4.90603e-05              1       2.61e-06  
   556         557      4.90588e-05              1          3e-06  
   557         558      4.90574e-05              1        2.9e-06  
   558         559       4.9056e-05              1       2.73e-06  
   559         560      4.90545e-05              1       2.78e-06  
                                                        First-order 
 Iteration  Func-count       f(x)        Step-size       optimality
   560         561      4.90528e-05              1       2.81e-06  
   561         562      4.90511e-05              1       3.64e-06  
   562         563      4.90494e-05              1       3.94e-06  
   563         564      4.90476e-05              1       3.35e-06  
   564         565      4.90458e-05              1        3.2e-06  
   565         566      4.90439e-05              1          3e-06  
   566         567       4.9042e-05              1       3.65e-06  
   567         568      4.90401e-05              1       3.79e-06  
   568         569      4.90384e-05              1       3.22e-06  
   569         570      4.90366e-05              1       3.47e-06  
   570         571      4.90347e-05              1       3.76e-06  
   571         572      4.90329e-05              1        3.7e-06  
   572         573       4.9031e-05              1       3.43e-06  
   573         574      4.90291e-05              1       3.62e-06  
   574         575       4.9027e-05              1       4.15e-06  
   575         576      4.90248e-05              1       4.19e-06  
   576         577      4.90225e-05              1       3.56e-06  
   577         578      4.90201e-05              1       3.56e-06  
   578         579      4.90178e-05              1       4.09e-06  
   579         580      4.90156e-05              1       3.96e-06  
                                                        First-order 
 Iteration  Func-count       f(x)        Step-size       optimality
   580         581      4.90134e-05              1       3.78e-06  
   581         582      4.90113e-05              1       3.44e-06  
   582         583       4.9009e-05              1       4.11e-06  
   583         584      4.90064e-05              1       3.82e-06  
   584         585      4.90036e-05              1       3.86e-06  
   585         586      4.90008e-05              1       4.13e-06  
   586         587       4.8998e-05              1       3.87e-06  
   587         588      4.89955e-05              1       3.66e-06  
   588         589      4.89932e-05              1       3.64e-06  
   589         590      4.89909e-05              1       4.38e-06  
   590         591      4.89885e-05              1       5.05e-06  
   591         592      4.89861e-05              1       4.51e-06  
   592         593      4.89835e-05              1       3.83e-06  
   593         594      4.89808e-05              1       3.95e-06  
   594         595      4.89779e-05              1       3.94e-06  
   595         596      4.89748e-05              1       4.02e-06  
   596         597      4.89716e-05              1       4.38e-06  
   597         598      4.89686e-05              1        4.1e-06  
   598         599      4.89656e-05              1       4.35e-06  
   599         600      4.89629e-05              1       4.05e-06  
                                                        First-order 
 Iteration  Func-count       f(x)        Step-size       optimality
   600         601      4.89602e-05              1       4.23e-06  
   601         602      4.89575e-05              1       3.82e-06  
   602         603      4.89548e-05              1       4.48e-06  
   603         604      4.89519e-05              1       3.79e-06  
   604         605      4.89491e-05              1       4.81e-06  
   605         606      4.89464e-05              1       4.37e-06  
   606         607      4.89439e-05              1       4.23e-06  
   607         608      4.89414e-05              1       4.73e-06  
   608         609      4.89388e-05              1       4.67e-06  
   609         610      4.89362e-05              1          4e-06  
   610         611      4.89334e-05              1       4.72e-06  
   611         612      4.89307e-05              1       5.27e-06  
   612         613       4.8928e-05              1       5.09e-06  
   613         614      4.89252e-05              1       4.54e-06  
   614         615      4.89224e-05              1       4.06e-06  
   615         616      4.89195e-05              1       4.13e-06  
   616         617      4.89165e-05              1       5.01e-06  
   617         618      4.89136e-05              1        4.3e-06  
   618         619       4.8911e-05              1       3.92e-06  
   619         620      4.89085e-05              1       4.08e-06  
                                                        First-order 
 Iteration  Func-count       f(x)        Step-size       optimality
   620         621       4.8906e-05              1       3.82e-06  
   621         622      4.89037e-05              1       3.86e-06  
   622         623      4.89014e-05              1       3.54e-06  
   623         624      4.88991e-05              1       4.02e-06  
   624         625      4.88967e-05              1       4.14e-06  
   625         626      4.88942e-05              1       3.91e-06  
   626         627      4.88917e-05              1        4.2e-06  
   627         628      4.88891e-05              1       3.76e-06  
   628         629      4.88865e-05              1       4.21e-06  
   629         630      4.88838e-05              1       3.86e-06  
   630         631      4.88813e-05              1       4.36e-06  
   631         632      4.88788e-05              1       3.43e-06  
   632         633      4.88763e-05              1       3.88e-06  
   633         634      4.88738e-05              1       4.34e-06  
   634         635      4.88713e-05              1       4.15e-06  
   635         636      4.88688e-05              1       3.76e-06  
   636         637      4.88662e-05              1       4.35e-06  
   637         638      4.88633e-05              1       4.28e-06  
   638         639      4.88604e-05              1       4.34e-06  
   639         640      4.88576e-05              1       3.76e-06  
                                                        First-order 
 Iteration  Func-count       f(x)        Step-size       optimality
   640         641      4.88551e-05              1       4.17e-06  
   641         642      4.88525e-05              1       3.92e-06  
   642         643      4.88496e-05              1       4.09e-06  
   643         644      4.88465e-05              1       4.56e-06  
   644         645      4.88432e-05              1       3.84e-06  
   645         646        4.884e-05              1       4.27e-06  
   646         647      4.88368e-05              1       4.26e-06  
   647         648      4.88336e-05              1       4.05e-06  
   648         649      4.88303e-05              1       4.43e-06  
   649         650      4.88269e-05              1       4.47e-06  
   650         651      4.88232e-05              1       4.97e-06  
   651         652      4.88193e-05              1       4.48e-06  
   652         653      4.88152e-05              1       5.09e-06  
   653         654      4.88111e-05              1       4.87e-06  
   654         655      4.88073e-05              1       5.08e-06  
   655         656      4.88036e-05              1        4.1e-06  
   656         657      4.88001e-05              1       4.22e-06  
   657         658      4.87967e-05              1       4.09e-06  
   658         659      4.87935e-05              1       4.52e-06  
   659         660      4.87905e-05              1       4.26e-06  
                                                        First-order 
 Iteration  Func-count       f(x)        Step-size       optimality
   660         661      4.87875e-05              1       4.64e-06  
   661         662      4.87843e-05              1        3.8e-06  
   662         663       4.8781e-05              1       4.18e-06  
   663         664      4.87776e-05              1       4.35e-06  
   664         665       4.8774e-05              1       4.51e-06  
   665         666      4.87702e-05              1       4.52e-06  
   666         667      4.87662e-05              1       4.85e-06  
   667         668       4.8762e-05              1       6.08e-06  
   668         669      4.87579e-05              1       5.66e-06  
   669         670       4.8754e-05              1       5.01e-06  
   670         671      4.87503e-05              1       4.32e-06  
   671         672      4.87465e-05              1       4.92e-06  
   672         673      4.87423e-05              1        5.2e-06  
   673         674      4.87379e-05              1       5.28e-06  
   674         675      4.87332e-05              1       4.98e-06  
   675         676      4.87287e-05              1       5.48e-06  
   676         677      4.87244e-05              1       5.23e-06  
   677         678      4.87203e-05              1       6.35e-06  
   678         679      4.87164e-05              1       4.56e-06  
   679         680      4.87125e-05              1       5.06e-06  
                                                        First-order 
 Iteration  Func-count       f(x)        Step-size       optimality
   680         681      4.87089e-05              1       4.37e-06  
   681         682      4.87053e-05              1       5.25e-06  
   682         683      4.87017e-05              1       5.09e-06  
   683         684       4.8698e-05              1       4.79e-06  
   684         685      4.86943e-05              1       5.06e-06  
   685         686      4.86906e-05              1       4.57e-06  
   686         687      4.86869e-05              1       6.57e-06  
   687         688      4.86834e-05              1       4.98e-06  
   688         689      4.86801e-05              1       4.65e-06  
   689         690      4.86771e-05              1       3.95e-06  
   690         691      4.86744e-05              1       4.19e-06  
   691         692      4.86717e-05              1       3.98e-06  
   692         693       4.8669e-05              1       4.44e-06  
   693         694      4.86665e-05              1       3.85e-06  
   694         695      4.86642e-05              1       3.63e-06  
   695         696      4.86621e-05              1       3.16e-06  
   696         697      4.86601e-05              1       3.59e-06  
   697         698      4.86582e-05              1       3.77e-06  
   698         699      4.86563e-05              1       3.53e-06  
   699         700      4.86545e-05              1       4.62e-06  
                                                        First-order 
 Iteration  Func-count       f(x)        Step-size       optimality
   700         701      4.86527e-05              1       4.22e-06  
   701         702      4.86508e-05              1       3.37e-06  
   702         703       4.8649e-05              1       3.18e-06  
   703         704      4.86473e-05              1       2.93e-06  
   704         705      4.86459e-05              1       3.45e-06  
   705         706      4.86446e-05              1       2.53e-06  
   706         707      4.86435e-05              1       2.29e-06  
   707         708      4.86423e-05              1       2.28e-06  
   708         709      4.86412e-05              1       3.05e-06  
   709         710      4.86401e-05              1        2.8e-06  
   710         711       4.8639e-05              1       2.37e-06  
   711         712      4.86379e-05              1       2.35e-06  
   712         713      4.86368e-05              1       2.28e-06  
   713         714      4.86359e-05              1        2.2e-06  
   714         715      4.86351e-05              1       2.23e-06  
   715         716      4.86343e-05              1       2.06e-06  
   716         717      4.86336e-05              1       1.93e-06  
   717         718      4.86329e-05              1       2.27e-06  
   718         719      4.86322e-05              1       2.31e-06  
   719         720      4.86315e-05              1       2.13e-06  
                                                        First-order 
 Iteration  Func-count       f(x)        Step-size       optimality
   720         721      4.86308e-05              1        1.8e-06  
   721         722      4.86302e-05              1       1.86e-06  
   722         723      4.86296e-05              1       2.03e-06  
   723         724       4.8629e-05              1       2.03e-06  
   724         725      4.86283e-05              1       1.86e-06  
   725         726      4.86275e-05              1       2.22e-06  
   726         727      4.86267e-05              1       1.96e-06  
   727         728      4.86261e-05              1       1.86e-06  
   728         729      4.86254e-05              1       2.22e-06  
   729         730      4.86248e-05              1       1.87e-06  
   730         731      4.86242e-05              1       2.33e-06  
   731         732      4.86237e-05              1          2e-06  
   732         733      4.86231e-05              1       1.79e-06  
   733         734      4.86227e-05              1       1.73e-06  
   734         735      4.86222e-05              1       1.84e-06  
   735         736      4.86218e-05              1       2.23e-06  
   736         737      4.86213e-05              1       1.85e-06  
   737         738      4.86209e-05              1       1.72e-06  
   738         739      4.86205e-05              1        1.7e-06  
   739         740      4.86202e-05              1       1.86e-06  
                                                        First-order 
 Iteration  Func-count       f(x)        Step-size       optimality
   740         741      4.86198e-05              1       1.67e-06  
   741         742      4.86194e-05              1       1.37e-06  
   742         743      4.86191e-05              1       1.52e-06  
   743         744      4.86187e-05              1       1.33e-06  
   744         745      4.86185e-05              1       1.06e-06  
   745         746      4.86182e-05              1       1.29e-06  
   746         747      4.86179e-05              1       1.36e-06  
   747         748      4.86177e-05              1       1.26e-06  
   748         749      4.86174e-05              1       1.27e-06  
   749         750      4.86171e-05              1       1.24e-06  
   750         751      4.86168e-05              1       1.19e-06  
   751         752      4.86166e-05              1       1.37e-06  
   752         753      4.86163e-05              1       1.26e-06  
   753         754      4.86161e-05              1       1.02e-06  
   754         755      4.86159e-05              1       1.17e-06  
   755         756      4.86157e-05              1       1.08e-06  
   756         757      4.86155e-05              1       1.17e-06  
   757         758      4.86152e-05              1       1.05e-06  
   758         759       4.8615e-05              1       9.92e-07  
   759         760      4.86148e-05              1       1.07e-06  
                                                        First-order 
 Iteration  Func-count       f(x)        Step-size       optimality
   760         761      4.86146e-05              1       1.02e-06  
   761         762      4.86145e-05              1       9.83e-07  
   762         763      4.86143e-05              1       9.12e-07  
   763         764      4.86141e-05              1       9.43e-07  
   764         765       4.8614e-05              1       1.02e-06  
   765         766      4.86138e-05              1       9.61e-07  
   766         767      4.86137e-05              1       1.02e-06  
   767         768      4.86135e-05              1       9.58e-07  
   768         769      4.86133e-05              1       1.05e-06  
   769         770      4.86131e-05              1       9.81e-07  
   770         771       4.8613e-05              1       9.51e-07  
   771         772      4.86128e-05              1       8.85e-07  
   772         773      4.86126e-05              1       9.47e-07  
   773         774      4.86125e-05              1       9.23e-07  
   774         775      4.86123e-05              1       1.07e-06  
   775         776      4.86121e-05              1       9.85e-07  
   776         777       4.8612e-05              1       8.86e-07  
   777         778      4.86118e-05              1          1e-06  
   778         779      4.86116e-05              1       1.03e-06  
   779         780      4.86115e-05              1        9.8e-07  
                                                        First-order 
 Iteration  Func-count       f(x)        Step-size       optimality
   780         781      4.86113e-05              1       1.04e-06  
   781         782      4.86112e-05              1       9.28e-07  
   782         783       4.8611e-05              1        9.2e-07  
   783         784      4.86109e-05              1       8.74e-07  
   784         785      4.86107e-05              1       9.41e-07  
   785         786      4.86106e-05              1       8.61e-07  
   786         787      4.86104e-05              1       9.26e-07  
   787         788      4.86103e-05              1          1e-06  
   788         789      4.86101e-05              1       8.49e-07  
   789         790        4.861e-05              1       8.88e-07  
   790         791      4.86098e-05              1        9.2e-07  
   791         792      4.86097e-05              1       8.87e-07  
   792         793      4.86095e-05              1       1.06e-06  
   793         794      4.86093e-05              1       1.19e-06  
   794         795      4.86092e-05              1       9.91e-07  
   795         796       4.8609e-05              1       1.04e-06  
   796         797      4.86089e-05              1       9.41e-07  
   797         798      4.86087e-05              1       1.07e-06  
   798         799      4.86086e-05              1          1e-06  
   799         800      4.86084e-05              1       8.82e-07  
                                                        First-order 
 Iteration  Func-count       f(x)        Step-size       optimality
   800         801      4.86083e-05              1       7.95e-07  
   801         802      4.86081e-05              1       8.39e-07  
   802         803       4.8608e-05              1       9.01e-07  
   803         804      4.86079e-05              1       9.21e-07  
   804         805      4.86077e-05              1       9.41e-07  
   805         806      4.86076e-05              1       1.06e-06  
   806         807      4.86075e-05              1       9.26e-07  
   807         808      4.86073e-05              1       8.22e-07  
   808         809      4.86072e-05              1       9.83e-07  
   809         810      4.86071e-05              1       1.03e-06  
   810         811      4.86069e-05              1       1.02e-06  
   811         812      4.86068e-05              1       8.19e-07  
   812         813      4.86067e-05              1       8.24e-07  
   813         814      4.86066e-05              1       7.19e-07  
   814         815      4.86065e-05              1       6.74e-07  
   815         816      4.86064e-05              1       6.93e-07  
   816         817      4.86063e-05              1       8.27e-07  
   817         818      4.86062e-05              1       1.02e-06  
   818         819       4.8606e-05              1       9.13e-07  
   819         820      4.86059e-05              1        7.3e-07  
                                                        First-order 
 Iteration  Func-count       f(x)        Step-size       optimality
   820         821      4.86058e-05              1       8.54e-07  
   821         822      4.86057e-05              1       8.05e-07  
   822         823      4.86056e-05              1       8.44e-07  
   823         824      4.86055e-05              1       7.47e-07  
   824         825      4.86054e-05              1       7.08e-07  
   825         826      4.86053e-05              1       7.49e-07  
   826         827      4.86053e-05              1       7.08e-07  
   827         828      4.86052e-05              1       6.96e-07  
   828         829      4.86051e-05              1       5.55e-07  
   829         830      4.86051e-05              1       6.92e-07  
   830         831       4.8605e-05              1       6.38e-07  
   831         832      4.86049e-05              1       6.52e-07  
   832         833      4.86048e-05              1       7.38e-07  
   833         834      4.86048e-05              1       6.72e-07  
   834         835      4.86047e-05              1       6.06e-07  
   835         836      4.86046e-05              1       7.15e-07  
   836         837      4.86046e-05              1       6.43e-07  
   837         838      4.86045e-05              1        6.8e-07  
   838         839      4.86044e-05              1       6.44e-07  
   839         840      4.86044e-05              1        6.1e-07  
                                                        First-order 
 Iteration  Func-count       f(x)        Step-size       optimality
   840         841      4.86043e-05              1       6.65e-07  
   841         842      4.86043e-05              1       6.04e-07  
   842         843      4.86042e-05              1       6.22e-07  
   843         844      4.86041e-05              1       5.82e-07  
   844         845      4.86041e-05              1       6.25e-07  
   845         846       4.8604e-05              1       6.63e-07  
   846         847       4.8604e-05              1       6.55e-07  
   847         848      4.86039e-05              1       5.62e-07  
   848         849      4.86039e-05              1       5.59e-07  
   849         850      4.86038e-05              1       6.92e-07  
   850         851      4.86038e-05              1       6.56e-07  
   851         852      4.86037e-05              1       5.14e-07  
   852         853      4.86037e-05              1       4.35e-07  
   853         854      4.86036e-05              1       4.79e-07  
   854         855      4.86036e-05              1       4.95e-07  
   855         856      4.86035e-05              1       5.09e-07  
   856         857      4.86035e-05              1       5.64e-07  
   857         858      4.86034e-05              1       5.47e-07  
   858         859      4.86034e-05              1       5.41e-07  
   859         860      4.86033e-05              1       6.46e-07  
                                                        First-order 
 Iteration  Func-count       f(x)        Step-size       optimality
   860         861      4.86033e-05              1       4.72e-07  
   861         862      4.86033e-05              1       4.48e-07  
   862         863      4.86032e-05              1       4.57e-07  
   863         864      4.86032e-05              1       4.41e-07  
   864         865      4.86032e-05              1       3.92e-07  
   865         866      4.86031e-05              1       4.25e-07  
   866         867      4.86031e-05              1       4.62e-07  
   867         868      4.86031e-05              1       4.33e-07  
   868         869       4.8603e-05              1        4.6e-07  
   869         870       4.8603e-05              1       4.41e-07  
   870         871       4.8603e-05              1       4.11e-07  
   871         872      4.86029e-05              1       4.05e-07  
   872         873      4.86029e-05              1       4.52e-07  
   873         874      4.86029e-05              1       4.07e-07  
   874         875      4.86029e-05              1       4.15e-07  
   875         876      4.86028e-05              1       4.16e-07  
   876         877      4.86028e-05              1       3.82e-07  
   877         878      4.86028e-05              1       4.36e-07  
   878         879      4.86027e-05              1       4.77e-07  
   879         880      4.86027e-05              1       4.89e-07  
                                                        First-order 
 Iteration  Func-count       f(x)        Step-size       optimality
   880         881      4.86027e-05              1       4.47e-07  
   881         882      4.86027e-05              1       3.98e-07  
   882         883      4.86026e-05              1       3.97e-07  
   883         884      4.86026e-05              1       3.89e-07  
   884         885      4.86026e-05              1       4.36e-07  
   885         886      4.86026e-05              1       4.24e-07  
   886         887      4.86025e-05              1       4.58e-07  
   887         888      4.86025e-05              1       4.06e-07  
   888         889      4.86025e-05              1       3.89e-07  
   889         890      4.86025e-05              1       4.18e-07  
   890         891      4.86024e-05              1       3.87e-07  
   891         892      4.86024e-05              1       4.37e-07  
   892         893      4.86024e-05              1       4.08e-07  
   893         894      4.86023e-05              1       5.01e-07  
   894         895      4.86023e-05              1       5.01e-07  
   895         896      4.86023e-05              1       4.24e-07  
   896         897      4.86023e-05              1       3.71e-07  
   897         898      4.86022e-05              1       3.24e-07  
   898         899      4.86022e-05              1       4.45e-07  
   899         900      4.86022e-05              1       4.47e-07  
                                                        First-order 
 Iteration  Func-count       f(x)        Step-size       optimality
   900         901      4.86022e-05              1       4.06e-07  
   901         902      4.86022e-05              1       3.66e-07  
   902         903      4.86021e-05              1       3.69e-07  
   903         904      4.86021e-05              1       3.66e-07  
   904         905      4.86021e-05              1       3.96e-07  
   905         906      4.86021e-05              1        3.8e-07  
   906         907      4.86021e-05              1       3.65e-07  
   907         908       4.8602e-05              1       3.68e-07  
   908         909       4.8602e-05              1       3.63e-07  
   909         910       4.8602e-05              1       3.77e-07  
   910         911       4.8602e-05              1       3.31e-07  
   911         912      4.86019e-05              1       3.34e-07  
   912         913      4.86019e-05              1       3.92e-07  
   913         914      4.86019e-05              1       3.97e-07  
   914         915      4.86019e-05              1       3.53e-07  
   915         916      4.86019e-05              1       3.73e-07  
   916         917      4.86019e-05              1       3.21e-07  
   917         918      4.86018e-05              1       2.78e-07  
   918         919      4.86018e-05              1        2.8e-07  
   919         920      4.86018e-05              1       2.75e-07  
                                                        First-order 
 Iteration  Func-count       f(x)        Step-size       optimality
   920         921      4.86018e-05              1        3.3e-07  
   921         922      4.86018e-05              1       2.79e-07  
   922         923      4.86018e-05              1       2.83e-07  
   923         924      4.86018e-05              1       2.88e-07  
   924         925      4.86017e-05              1       2.89e-07  
   925         926      4.86017e-05              1       2.64e-07  
   926         927      4.86017e-05              1       3.12e-07  
   927         928      4.86017e-05              1       2.82e-07  
   928         929      4.86017e-05              1       2.75e-07  
   929         930      4.86017e-05              1       2.95e-07  
   930         931      4.86016e-05              1       2.66e-07  
   931         932      4.86016e-05              1       3.14e-07  
   932         933      4.86016e-05              1       2.72e-07  
   933         934      4.86016e-05              1       3.36e-07  
   934         935      4.86016e-05              1       3.44e-07  
   935         936      4.86016e-05              1       2.63e-07  
   936         937      4.86016e-05              1       3.43e-07  
   937         938      4.86015e-05              1       3.34e-07  
   938         939      4.86015e-05              1       2.42e-07  
   939         940      4.86015e-05              1       2.34e-07  
                                                        First-order 
 Iteration  Func-count       f(x)        Step-size       optimality
   940         941      4.86015e-05              1       2.28e-07  
   941         942      4.86015e-05              1       2.63e-07  
   942         943      4.86015e-05              1       2.34e-07  
   943         944      4.86015e-05              1       2.73e-07  
   944         945      4.86015e-05              1       3.16e-07  
   945         946      4.86015e-05              1       3.14e-07  
   946         947      4.86014e-05              1        2.5e-07  
   947         948      4.86014e-05              1       2.54e-07  
   948         949      4.86014e-05              1       2.96e-07  
   949         950      4.86014e-05              1       2.82e-07  
   950         951      4.86014e-05              1       2.85e-07  
   951         952      4.86014e-05              1       2.86e-07  
   952         953      4.86014e-05              1       2.98e-07  
   953         954      4.86014e-05              1       2.82e-07  
   954         955      4.86013e-05              1       2.77e-07  
   955         956      4.86013e-05              1       2.48e-07  
   956         957      4.86013e-05              1       2.36e-07  
   957         958      4.86013e-05              1       2.57e-07  
   958         959      4.86013e-05              1       2.65e-07  
   959         960      4.86013e-05              1       2.82e-07  
                                                        First-order 
 Iteration  Func-count       f(x)        Step-size       optimality
   960         961      4.86013e-05              1       2.71e-07  
   961         962      4.86013e-05              1       2.56e-07  
   962         963      4.86012e-05              1       3.35e-07  
   963         964      4.86012e-05              1       3.04e-07  
   964         965      4.86012e-05              1       2.76e-07  
   965         966      4.86012e-05              1       2.41e-07  
   966         967      4.86012e-05              1       2.62e-07  
   967         968      4.86012e-05              1       2.96e-07  
   968         969      4.86012e-05              1       2.74e-07  
   969         970      4.86012e-05              1       2.94e-07  
   970         971      4.86011e-05              1       2.38e-07  
   971         972      4.86011e-05              1       2.59e-07  
   972         973      4.86011e-05              1       2.94e-07  
   973         974      4.86011e-05              1       2.65e-07  
   974         975      4.86011e-05              1       2.38e-07  
   975         976      4.86011e-05              1       2.47e-07  
   976         977      4.86011e-05              1       2.74e-07  
   977         978      4.86011e-05              1       3.08e-07  
   978         979      4.86011e-05              1       3.13e-07  
   979         980       4.8601e-05              1       2.91e-07  
                                                        First-order 
 Iteration  Func-count       f(x)        Step-size       optimality
   980         981       4.8601e-05              1       2.46e-07  
   981         982       4.8601e-05              1       2.42e-07  
   982         983       4.8601e-05              1       2.77e-07  
   983         984       4.8601e-05              1       2.26e-07  
   984         985       4.8601e-05              1       2.28e-07  
   985         986       4.8601e-05              1       2.13e-07  
   986         987       4.8601e-05              1       2.22e-07  
   987         988       4.8601e-05              1       2.55e-07  
   988         989      4.86009e-05              1       2.16e-07  
   989         990      4.86009e-05              1       2.62e-07  
   990         991      4.86009e-05              1       2.78e-07  
   991         992      4.86009e-05              1       2.49e-07  
   992         993      4.86009e-05              1       2.24e-07  
   993         994      4.86009e-05              1       2.24e-07  
   994         995      4.86009e-05              1        2.3e-07  
   995         996      4.86009e-05              1        2.1e-07  
   996         997      4.86009e-05              1        2.2e-07  
   997         998      4.86009e-05              1       2.36e-07  
   998         999      4.86009e-05              1       2.02e-07  
   999        1000      4.86009e-05              1       1.95e-07  
                                                        First-order 
 Iteration  Func-count       f(x)        Step-size       optimality
  1000        1001      4.86008e-05              1       2.27e-07  
  1001        1002      4.86008e-05              1       2.57e-07  
  1002        1003      4.86008e-05              1        2.2e-07  
  1003        1004      4.86008e-05              1       2.11e-07  
  1004        1005      4.86008e-05              1       1.93e-07  
  1005        1006      4.86008e-05              1       1.91e-07  
  1006        1007      4.86008e-05              1       1.59e-07  
  1007        1008      4.86008e-05              1       1.81e-07  
  1008        1009      4.86008e-05              1       1.56e-07  
  1009        1010      4.86008e-05              1       1.63e-07  
  1010        1011      4.86008e-05              1        2.2e-07  
  1011        1012      4.86008e-05              1       2.29e-07  
  1012        1013      4.86008e-05              1          2e-07  
  1013        1014      4.86008e-05              1       1.69e-07  
  1014        1015      4.86008e-05              1        1.6e-07  
  1015        1016      4.86008e-05              1       1.69e-07  
  1016        1017      4.86008e-05              1       1.65e-07  
  1017        1018      4.86008e-05              1       1.52e-07  
  1018        1019      4.86007e-05              1       1.59e-07  
  1019        1020      4.86007e-05              1       1.66e-07  
                                                        First-order 
 Iteration  Func-count       f(x)        Step-size       optimality
  1020        1021      4.86007e-05              1       1.59e-07  
  1021        1022      4.86007e-05              1       1.53e-07  
  1022        1023      4.86007e-05              1       1.63e-07  
  1023        1024      4.86007e-05              1       1.57e-07  
  1024        1025      4.86007e-05              1       1.65e-07  
  1025        1026      4.86007e-05              1       1.54e-07  
  1026        1027      4.86007e-05              1       1.44e-07  
  1027        1028      4.86007e-05              1       1.36e-07  
  1028        1029      4.86007e-05              1       1.47e-07  
  1029        1030      4.86007e-05              1       1.49e-07  
  1030        1031      4.86007e-05              1        1.5e-07  
  1031        1032      4.86007e-05              1       1.53e-07  
  1032        1033      4.86007e-05              1       1.65e-07  
  1033        1034      4.86007e-05              1       1.64e-07  
  1034        1035      4.86007e-05              1       1.53e-07  
  1035        1036      4.86007e-05              1       1.49e-07  
  1036        1037      4.86007e-05              1       1.48e-07  
  1037        1038      4.86007e-05              1       1.58e-07  
  1038        1039      4.86007e-05              1       1.69e-07  
  1039        1040      4.86007e-05              1       1.52e-07  
                                                        First-order 
 Iteration  Func-count       f(x)        Step-size       optimality
  1040        1041      4.86007e-05              1       1.51e-07  
  1041        1042      4.86007e-05              1       1.63e-07  
  1042        1043      4.86007e-05              1       1.55e-07  
  1043        1044      4.86007e-05              1       1.63e-07  
  1044        1045      4.86006e-05              1       1.52e-07  
  1045        1046      4.86006e-05              1       1.47e-07  
  1046        1047      4.86006e-05              1       1.19e-07  
  1047        1048      4.86006e-05              1       1.31e-07  
  1048        1049      4.86006e-05              1       1.35e-07  
  1049        1050      4.86006e-05              1       1.33e-07  
  1050        1051      4.86006e-05              1       1.48e-07  
  1051        1052      4.86006e-05              1        1.6e-07  
  1052        1053      4.86006e-05              1       1.71e-07  
  1053        1054      4.86006e-05              1       1.49e-07  
  1054        1055      4.86006e-05              1       1.51e-07  
  1055        1056      4.86006e-05              1       1.32e-07  
  1056        1057      4.86006e-05              1       1.38e-07  
  1057        1058      4.86006e-05              1       1.56e-07  
  1058        1059      4.86006e-05              1       1.44e-07  
  1059        1060      4.86006e-05              1       1.29e-07  
                                                        First-order 
 Iteration  Func-count       f(x)        Step-size       optimality
  1060        1061      4.86006e-05              1       1.18e-07  
  1061        1062      4.86006e-05              1       1.17e-07  
  1062        1063      4.86006e-05              1       1.39e-07  
  1063        1064      4.86006e-05              1       1.51e-07  
  1064        1065      4.86006e-05              1       1.37e-07  
  1065        1066      4.86006e-05              1       1.29e-07  
  1066        1067      4.86006e-05              1       1.22e-07  
  1067        1068      4.86006e-05              1       1.33e-07  
  1068        1069      4.86006e-05              1       1.36e-07  
  1069        1070      4.86006e-05              1       1.28e-07  
  1070        1071      4.86006e-05              1       1.23e-07  
  1071        1072      4.86006e-05              1       1.41e-07  
  1072        1073      4.86006e-05              1       1.27e-07  
  1073        1074      4.86006e-05              1       1.09e-07  
  1074        1075      4.86006e-05              1       1.05e-07  

Optimization completed: The <a href = "matlab: helpview([docroot '/toolbox/optim/msg_csh/optim_msg_csh.map'],'first_order_opt_unc','CSHelpWindow');">first-order optimality measure</a>, 9.955809e-08, is less 
than <a href = "matlab: helpview([docroot '/toolbox/optim/msg_csh/optim_msg_csh.map'],'tolfun','CSHelpWindow');">options.TolFun</a> = 1.000000e-07.

Optimization Metric                                            Options
relative norm(gradient) =   9.96e-08                  TolFun =   1e-07 (selected)

