flow iter#1; |dv| = 20.8982
flow iter#2; |dv| = 17.8479
flow iter#3; |dv| = 7.60835
flow iter#4; |dv| = 8.94377
flow iter#5; |dv| = 11.3776
flow iter#6; |dv| = 11.0359
flow iter#7; |dv| = 8.40558
flow iter#8; |dv| = 4.9727
flow iter#9; |dv| = 2.14618
flow iter#10; |dv| = 0.576002
flow iter#11; |dv| = 0.635793
flow iter#12; |dv| = 0.880709
flow iter#13; |dv| = 0.753664
flow iter#14; |dv| = 0.44695
flow iter#15; |dv| = 0.156513
flow iter#16; |dv| = 0.084666
flow iter#17; |dv| = 0.149621
flow iter#18; |dv| = 0.147835
flow iter#19; |dv| = 0.110503
flow iter#20; |dv| = 0.0720567
flow iter#21; |dv| = 0.0530951
flow iter#22; |dv| = 0.0504274
flow iter#23; |dv| = 0.0501298
flow iter#24; |dv| = 0.0487984
flow iter#25; |dv| = 0.048063
flow iter#26; |dv| = 0.0485069
flow iter#27; |dv| = 0.0493651
                                                        First-order 
 Iteration  Func-count       f(x)        Step-size       optimality
     0           1        0.0733513                       0.00211
     1          11        0.0154552        449.125         0.0371  
     2          17        0.0154499    0.000601417         0.0169  
     3          19        0.0129868       0.467435          0.367  
     4          20       0.00980037              1         0.0897  
     5          21       0.00717595              1        0.00108  
     6          22       0.00518271              1          0.278  
     7          23       0.00376078              1         0.0154  
     8          24       0.00287293              1         0.0284  
     9          25       0.00195445              1          0.109  
    10          26       0.00183184              1        0.00106  
    11          27       0.00179813              1        0.00337  
    12          28       0.00178628              1       0.000283  
    13          29       0.00177396              1        0.00193  
    14          30       0.00174032              1        0.00483  
    15          35       0.00139596        2.46791          0.121  
    16          38       0.00138955           0.05          0.128  
    17          39       0.00129546              1         0.0321  
    18          41       0.00116407             10         0.0439  
    19          42       0.00115397              1         0.0119  
                                                        First-order 
 Iteration  Func-count       f(x)        Step-size       optimality
    20          43       0.00115154              1        0.00447  
    21          44       0.00114894              1         0.0103  
    22          45       0.00113511              1         0.0321  
    23          46       0.00112259              1         0.0388  
    24          47       0.00109644              1         0.0307  
    25          48       0.00106657              1        0.00544  
    26          49        0.0010562              1         0.0113  
    27          50       0.00104108              1         0.0101  
    28          51       0.00102085              1         0.0114  
    29          53       0.00100592        0.45615         0.0341  
    30          54       0.00097148              1         0.0388  
    31          55      0.000930466              1         0.0185  
    32          56       0.00091486              1         0.0199  
    33          57      0.000908925              1          0.005  
    34          58      0.000907899              1        0.00165  
    35          59      0.000907631              1       7.09e-05  
    36          60      0.000907271              1        0.00147  
    37          61      0.000906411              1        0.00391  
    38          62      0.000904389              1        0.00754  
    39          66        0.0008852        3.05256         0.0472  
                                                        First-order 
 Iteration  Func-count       f(x)        Step-size       optimality
    40          69      0.000880837       0.189073         0.0733  
    41          71      0.000871004       0.347328         0.0955  
    42          72      0.000814564              1         0.0848  
    43          73      0.000693495              1         0.0659  
    44          75      0.000642532       0.674208         0.0293  
    45          77      0.000610018       0.465971         0.0163  
    46          78      0.000558896              1        0.00658  
    47          79      0.000489498              1         0.0293  
    48          80      0.000472678              1        0.00559  
    49          81      0.000436446              1         0.0251  
    50          83      0.000428866       0.487341         0.0302  
    51          84      0.000408614              1         0.0124  
    52          85      0.000350966              1          0.021  
    53          87      0.000332841            0.1         0.0123  
    54          91       0.00031053        0.16313       0.000608  
    55          92      0.000282488              1         0.0128  
    56          93      0.000277205              1         0.0199  
    57          94      0.000259956              1         0.0165  
    58          95      0.000225798              1        0.00316  
    59          96      0.000213439              1         0.0126  
                                                        First-order 
 Iteration  Func-count       f(x)        Step-size       optimality
    60          97      0.000201069              1         0.0116  
    61          98       0.00019606              1         0.0105  
    62          99        0.0001874              1        0.00879  
    63         101      0.000176927            0.5          0.011  
    64         102      0.000168367              1        0.00603  
    65         103      0.000157362              1        0.00216  
    66         105      0.000155246       0.407533        0.00753  
    67         106      0.000153417              1         0.0057  
    68         107      0.000152438              1        0.00167  
    69         108      0.000152056              1        0.00101  
    70         109      0.000151652              1        0.00306  
    71         110      0.000150723              1        0.00562  
    72         111      0.000148938              1        0.00743  
    73         112      0.000146802              1          0.007  
    74         113      0.000145017              1        0.00583  
    75         114      0.000143308              1        0.00175  
    76         115      0.000143156              1       0.000706  
    77         116      0.000142653              1       0.000607  
    78         117      0.000142474              1       0.000301  
    79         118      0.000141951              1        0.00163  
                                                        First-order 
 Iteration  Func-count       f(x)        Step-size       optimality
    80         119      0.000140973              1        0.00458  
    81         120      0.000139056              1        0.00849  
    82         121       0.00013617              1         0.0105  
    83         122      0.000132394              1        0.00866  
    84         123      0.000128961              1        0.00326  
    85         124      0.000127113              1        0.00454  
    86         125      0.000125849              1         0.0173  
    87         126      0.000124276              1         0.0106  
    88         127      0.000122668              1        0.00626  
    89         128      0.000120887              1        0.00193  
    90         129       0.00012022              1        0.00525  
    91         130      0.000119123              1        0.00278  
    92         131      0.000117361              1        0.00217  
    93         132      0.000114448              1        0.00891  
    94         133      0.000110721              1        0.00469  
    95         134      0.000108467              1        0.00976  
    96         135      0.000103318              1         0.0113  
    97         136      0.000101042              1        0.00523  
    98         137      9.95249e-05              1        0.00215  
    99         138      9.87767e-05              1         0.0034  
                                                        First-order 
 Iteration  Func-count       f(x)        Step-size       optimality
   100         139      9.77772e-05              1        0.00283  
   101         140      9.64684e-05              1       0.000619  
   102         141      9.55456e-05              1       0.000952  
   103         142      9.48144e-05              1        0.00273  
   104         143      9.42842e-05              1        0.00157  
   105         144      9.39146e-05              1       0.000749  
   106         145      9.37021e-05              1       0.000474  
   107         146      9.32467e-05              1       0.000888  
   108         147      9.29778e-05              1       0.000863  
   109         148      9.06047e-05              1        0.00163  
   110         149       8.7893e-05              1        0.00186  
   111         151      8.64568e-05            0.5        0.00146  
   112         152      8.51684e-05              1        0.00156  
   113         153      8.45978e-05              1        0.00267  
   114         154      8.44227e-05              1        0.00195  
   115         155      8.40727e-05              1       0.000711  
   116         156      8.37632e-05              1        0.00123  
   117         157      8.32918e-05              1        0.00171  
   118         158      8.22801e-05              1          0.002  
   119         159      8.05081e-05              1        0.00146  
                                                        First-order 
 Iteration  Func-count       f(x)        Step-size       optimality
   120         160      7.76705e-05              1        0.00138  
   121         161      7.54852e-05              1         0.0075  
   122         162      7.26422e-05              1       0.000767  
   123         163      7.14185e-05              1       0.000163  
   124         164      7.10314e-05              1         0.0006  
   125         165      7.09322e-05              1        0.00182  
   126         166      7.07901e-05              1       0.000227  
   127         167      7.07416e-05              1       0.000464  
   128         168      7.06443e-05              1        0.00106  
   129         169      7.04579e-05              1        0.00164  
   130         170      6.99156e-05              1        0.00137  
   131         171      6.89211e-05              1        0.00107  
   132         172       6.7971e-05              1        0.00486  
   133         173      6.67499e-05              1        0.00268  
   134         174      6.53167e-05              1        0.00315  
   135         175      6.48897e-05              1        0.00068  
   136         176      6.45794e-05              1       0.000719  
   137         177      6.43604e-05              1        0.00146  
   138         178      6.41668e-05              1        0.00105  
   139         179      6.38314e-05              1       0.000218  
                                                        First-order 
 Iteration  Func-count       f(x)        Step-size       optimality
   140         180      6.34345e-05              1       0.000571  
   141         181      6.29446e-05              1        0.00107  
   142         182      6.25487e-05              1        0.00273  
   143         184      6.24048e-05       0.489281        0.00107  
   144         185      6.20025e-05              1        0.00152  
   145         186      6.13597e-05              1          0.005  
   146         187      6.09789e-05              1        0.00181  
   147         188      6.01793e-05              1        0.00106  
   148         189      5.99121e-05              1        0.00035  
   149         190       5.9679e-05              1        0.00286  
   150         191      5.93189e-05              1        0.00104  
   151         192      5.90364e-05              1        0.00104  
   152         193      5.87464e-05              1       0.000424  
   153         194      5.86816e-05              1       0.000352  
   154         195      5.85321e-05              1       0.000259  
   155         196      5.84647e-05              1       0.000429  
   156         197      5.84408e-05              1       0.000417  
   157         198      5.83807e-05              1        0.00033  
   158         199      5.83466e-05              1       7.63e-05  
   159         200      5.82938e-05              1       0.000745  
                                                        First-order 
 Iteration  Func-count       f(x)        Step-size       optimality
   160         201      5.82182e-05              1         0.0016  
   161         202      5.80743e-05              1        0.00262  
   162         203      5.78386e-05              1        0.00354  
   163         204      5.75231e-05              1        0.00372  
   164         205      5.71728e-05              1        0.00278  
   165         206      5.66781e-05              1        0.00139  
   166         207      5.63088e-05              1       0.000949  
   167         208      5.61035e-05              1        0.00222  
   168         209      5.60142e-05              1       0.000873  
   169         210      5.59095e-05              1       0.000242  
   170         211       5.5673e-05              1         0.0012  
   171         212      5.53754e-05              1        0.00062  
   172         213      5.50218e-05              1        0.00143  
   173         214      5.45163e-05              1         0.0025  
   174         216      5.42794e-05       0.391678       0.000542  
   175         217       5.3706e-05              1       0.000493  
   176         218       5.3413e-05              1        0.00193  
   177         219      5.28807e-05              1       0.000451  
   178         221      5.26266e-05            0.5        0.00119  
   179         222      5.23148e-05              1       0.000224  
                                                        First-order 
 Iteration  Func-count       f(x)        Step-size       optimality
   180         223       5.2012e-05              1        0.00415  
   181         224      5.16538e-05              1       0.000972  
   182         226      5.14349e-05       0.444089       0.000431  
   183         227        5.133e-05              1       0.000383  
   184         228      5.12593e-05              1       2.04e-05  
   185         229      5.12252e-05              1       0.000365  
   186         230      5.11697e-05              1        0.00026  
   187         231      5.10925e-05              1       0.000299  
   188         232      5.09052e-05              1       0.000262  
   189         233      5.03503e-05              1        0.00216  
   190         234       4.9682e-05              1        0.00433  
   191         235      4.90987e-05              1        0.00282  
   192         236      4.84932e-05              1        0.00219  
   193         237       4.8009e-05              1        0.00156  
   194         238      4.74687e-05              1       0.000808  
   195         239        4.689e-05              1        0.00115  
   196         240      4.67728e-05              1        0.00166  
   197         241      4.66153e-05              1        0.00128  
   198         242      4.65696e-05              1        0.00106  
   199         243      4.64836e-05              1       0.000121  
                                                        First-order 
 Iteration  Func-count       f(x)        Step-size       optimality
   200         244      4.64114e-05              1       0.000386  
   201         245      4.61776e-05              1        0.00147  
   202         247      4.57103e-05        0.40514        0.00191  
   203         248      4.51424e-05              1       0.000593  
   204         250      4.48265e-05            0.5        0.00109  
   205         252      4.44934e-05       0.504227       6.13e-05  
   206         253      4.43267e-05              1       0.000318  
   207         254      4.42258e-05              1        0.00116  
   208         255      4.41239e-05              1        0.00257  
   209         256      4.40539e-05              1       0.000539  
   210         257      4.39059e-05              1        0.00113  
   211         258      4.37688e-05              1       0.000795  
   212         259       4.3587e-05              1       0.000804  
   213         260      4.33891e-05              1        0.00108  
   214         261      4.31897e-05              1        0.00316  
   215         262      4.27182e-05              1        0.00114  
   216         263      4.23448e-05              1       0.000386  
   217         264      4.21224e-05              1        0.00181  
   218         265      4.19355e-05              1        0.00172  
   219         266      4.16171e-05              1        0.00261  
                                                        First-order 
 Iteration  Func-count       f(x)        Step-size       optimality
   220         268      4.15282e-05       0.314659        0.00115  
   221         269      4.13902e-05              1        0.00183  
   222         270      4.12448e-05              1         0.0017  
   223         271       4.1107e-05              1       0.000512  
   224         272      4.09052e-05              1        0.00155  
   225         273      4.06715e-05              1        0.00103  
   226         275      4.02544e-05            0.5        0.00131  
   227         276      3.99939e-05              1        0.00226  
   228         277      3.96057e-05              1       0.000754  
   229         278      3.93379e-05              1        0.00204  
   230         279      3.89404e-05              1       0.000986  
   231         280      3.87183e-05              1       0.000523  
   232         281      3.84929e-05              1       0.000237  
   233         282      3.83014e-05              1       0.000338  
   234         283      3.79181e-05              1        0.00045  
   235         287      3.69107e-05        1.43306        0.00546  
   236         290      3.66183e-05       0.200418        0.00831  
   237         291      3.49247e-05              1         0.0065  
   238         292      3.39809e-05              1        0.00129  
   239         294      3.36629e-05       0.401253        0.00318  
                                                        First-order 
 Iteration  Func-count       f(x)        Step-size       optimality
   240         295      3.33369e-05              1       0.000654  
   241         296      3.31789e-05              1        0.00107  
   242         297      3.30485e-05              1       0.000286  
   243         298        3.296e-05              1       0.000213  
   244         299      3.28892e-05              1       0.000151  
   245         300      3.27729e-05              1       0.000113  
   246         301      3.26743e-05              1       5.34e-05  
   247         303      3.25371e-05            0.5       0.000916  
   248         304      3.24318e-05              1       0.000213  
   249         305      3.21767e-05              1       0.000459  
   250         306      3.18748e-05              1       0.000445  
   251         307      3.14255e-05              1       0.000713  
   252         308      3.12873e-05              1        0.00154  
   253         309       3.1172e-05              1        0.00209  
   254         310      3.10615e-05              1        0.00222  
   255         311      3.08436e-05              1        0.00248  
   256         312      3.05135e-05              1        0.00226  
   257         313       2.9897e-05              1        0.00183  
   258         314      2.91391e-05              1        0.00162  
   259         315      2.86689e-05              1        0.00083  
                                                        First-order 
 Iteration  Func-count       f(x)        Step-size       optimality
   260         316      2.84949e-05              1       0.000588  
   261         317       2.8424e-05              1       0.000654  
   262         318      2.84004e-05              1       0.000456  
   263         319      2.83811e-05              1       0.000154  
   264         320      2.83704e-05              1       0.000159  
   265         321      2.83485e-05              1       0.000313  
   266         322      2.83221e-05              1       0.000564  
   267         323      2.82693e-05              1       0.000998  
   268         324      2.81734e-05              1        0.00154  
   269         325      2.79775e-05              1        0.00214  
   270         326      2.75727e-05              1        0.00242  
   271         327      2.68412e-05              1       0.000411  
   272         329      2.66722e-05       0.426141       0.000303  
   273         330      2.64444e-05              1        0.00147  
   274         332      2.63133e-05       0.427756       0.000575  
   275         333      2.62221e-05              1       4.11e-05  
   276         334      2.61449e-05              1       0.000472  
   277         335      2.61107e-05              1       0.000309  
   278         336        2.607e-05              1        0.00018  
   279         337      2.60611e-05              1       0.000134  
                                                        First-order 
 Iteration  Func-count       f(x)        Step-size       optimality
   280         338       2.6053e-05              1       0.000135  
   281         339      2.60461e-05              1       5.62e-06  
   282         340      2.60358e-05              1       0.000207  
   283         341       2.6011e-05              1       0.000549  
   284         342      2.59514e-05              1        0.00111  
   285         343      2.57994e-05              1        0.00208  
   286         344      2.54198e-05              1        0.00388  
   287         345      2.48882e-05              1        0.00975  
   288         346      2.39397e-05              1        0.00791  
   289         347      2.21795e-05              1         0.0072  
   290         349      2.16331e-05       0.445728        0.00947  
   291         351       2.1009e-05       0.294577        0.00289  
   292         352      2.04713e-05              1        0.00232  
   293         353      1.96998e-05              1        0.00287  
   294         354      1.90938e-05              1       0.000973  
   295         355      1.86897e-05              1       0.000852  
   296         356      1.84331e-05              1        0.00231  
   297         358      1.80886e-05       0.459031       0.000161  
   298         359      1.78664e-05              1        0.00113  
   299         361      1.76505e-05       0.402575       0.000103  
                                                        First-order 
 Iteration  Func-count       f(x)        Step-size       optimality
   300         362      1.74336e-05              1        0.00129  
   301         363      1.73109e-05              1        0.00043  
   302         364      1.72234e-05              1       0.000309  
   303         365      1.71658e-05              1       9.61e-05  
   304         366      1.71249e-05              1       0.000405  
   305         367      1.70771e-05              1       0.000298  
   306         368      1.70491e-05              1       0.000309  
   307         369      1.70207e-05              1       0.000164  
   308         370      1.70085e-05              1       8.31e-05  
   309         371      1.69915e-05              1       0.000163  
   310         374      1.69414e-05        2.86892        0.00022  
   311         375      1.69116e-05              1       0.000545  
   312         376       1.6881e-05              1       0.000473  
   313         377      1.68352e-05              1       3.71e-05  
   314         378      1.67572e-05              1       0.000478  
   315         379      1.65939e-05              1        0.00111  
   316         380      1.62295e-05              1        0.00189  
   317         381      1.56589e-05              1        0.00277  
   318         382      1.51014e-05              1        0.00191  
   319         383      1.46682e-05              1       0.000689  
                                                        First-order 
 Iteration  Func-count       f(x)        Step-size       optimality
   320         384      1.45613e-05              1       0.000481  
   321         385      1.45425e-05              1       0.000269  
   322         386      1.45274e-05              1       0.000222  
   323         387      1.45125e-05              1       0.000212  
   324         388      1.44979e-05              1         0.0002  
   325         389       1.4481e-05              1       0.000188  
   326         390      1.44339e-05              1       0.000452  
   327         392      1.44097e-05       0.571488        0.00056  
   328         393      1.43779e-05              1       0.000261  
   329         394      1.43273e-05              1       0.000134  
   330         395      1.42038e-05              1       0.000354  
   331         396      1.40353e-05              1        0.00035  
   332         397      1.36705e-05              1        0.00378  
   333         400      1.33611e-05           0.25        0.00527  
   334         401      1.26994e-05              1        0.00472  
   335         403      1.21607e-05       0.497309        0.00105  
   336         404      1.15748e-05              1         0.0015  
   337         405      1.11401e-05              1        0.00214  
   338         406      1.07411e-05              1        0.00216  
   339         407      1.02203e-05              1        0.00214  
                                                        First-order 
 Iteration  Func-count       f(x)        Step-size       optimality
   340         409       9.8791e-06            0.5       0.000497  
   341         410       8.9229e-06              1       0.000413  
   342         412      8.63473e-06       0.415906        0.00271  
   343         413      8.35922e-06              1        0.00016  
   344         414      8.22371e-06              1        0.00125  
   345         415      8.05834e-06              1        0.00226  
   346         416      7.93336e-06              1        0.00105  
   347         417      7.83659e-06              1       0.000462  
   348         418      7.80802e-06              1       0.000877  
   349         419      7.77552e-06              1       0.000198  
   350         420      7.74331e-06              1       0.000127  
   351         421      7.70565e-06              1         0.0001  
   352         422      7.66222e-06              1       6.21e-05  
   353         423      7.58392e-06              1       1.55e-05  
   354         424      7.51225e-06              1        2.1e-05  
   355         425      7.39627e-06              1       0.000646  
   356         429      7.29862e-06      0.0798029       2.67e-05  
   357         430      7.21521e-06              1        0.00113  
   358         431      7.14229e-06              1        0.00164  
   359         432      7.06731e-06              1        0.00161  
                                                        First-order 
 Iteration  Func-count       f(x)        Step-size       optimality
   360         433      6.97819e-06              1        0.00191  
   361         434      6.87612e-06              1       0.000536  
   362         435      6.70978e-06              1       0.000763  
   363         436      6.58405e-06              1       0.000198  
   364         437      6.46854e-06              1       0.000472  
   365         438      6.40933e-06              1        0.00164  
   366         439      6.28904e-06              1       0.000579  
   367         440      6.20804e-06              1       0.000177  
   368         441      6.17996e-06              1       0.000399  
   369         442      6.16298e-06              1       0.000243  
   370         443      6.15597e-06              1       0.000149  
   371         444      6.15396e-06              1       1.24e-05  
   372         445      6.15239e-06              1        4.9e-05  
   373         446      6.14367e-06              1       0.000172  
   374         447      6.13627e-06              1        0.00017  
   375         448      6.11749e-06              1       2.98e-05  
   376         450      6.10019e-06       0.608758       0.000557  
   377         452      6.09063e-06        0.12731       0.000844  
   378         453      6.03282e-06              1        0.00105  
   379         454      5.94224e-06              1       0.000719  
                                                        First-order 
 Iteration  Func-count       f(x)        Step-size       optimality
   380         455      5.90941e-06              1       0.000486  
   381         456      5.87942e-06              1       0.000164  
   382         457      5.85202e-06              1       0.000248  
   383         458       5.8111e-06              1        0.00045  
   384         459      5.77965e-06              1       0.000373  
   385         460      5.73743e-06              1       0.000333  
   386         461      5.71719e-06              1       0.000269  
   387         462       5.7043e-06              1       0.000246  
   388         463      5.69648e-06              1       0.000176  
   389         464       5.6896e-06              1       0.000115  
   390         465      5.68466e-06              1       6.36e-05  
   391         466      5.68072e-06              1       1.93e-05  
   392         467      5.67768e-06              1       3.39e-05  
   393         468      5.67448e-06              1       9.31e-05  
   394         469      5.66952e-06              1       0.000151  
   395         470      5.66294e-06              1        0.00016  
   396         471      5.65411e-06              1       0.000143  
   397         472      5.64137e-06              1        7.5e-05  
   398         473      5.61985e-06              1       2.55e-05  
   399         474      5.57739e-06              1         0.0003  
                                                        First-order 
 Iteration  Func-count       f(x)        Step-size       optimality
   400         475      5.49318e-06              1       0.000162  
   401         476       5.3825e-06              1       0.000355  
   402         477      5.26754e-06              1        0.00113  
   403         478      5.11396e-06              1       7.24e-06  
   404         479       5.0116e-06              1       0.000759  
   405         480      4.86556e-06              1       0.000274  
   406         482      4.81002e-06       0.427502       0.000335  
   407         483      4.75544e-06              1       0.000216  
   408         484      4.73417e-06              1       0.000126  
   409         485      4.72497e-06              1       0.000163  
   410         486      4.72097e-06              1       6.91e-05  
   411         487      4.71823e-06              1       9.81e-05  
   412         488      4.71685e-06              1       3.62e-05  
   413         489      4.71603e-06              1       4.41e-05  
   414         490      4.71489e-06              1       4.12e-05  
   415         491      4.71262e-06              1       4.59e-05  
   416         492      4.70981e-06              1       4.78e-05  
   417         493      4.70628e-06              1       2.58e-05  
   418         494      4.69122e-06              1       0.000107  
   419         495      4.67547e-06              1       0.000241  
                                                        First-order 
 Iteration  Func-count       f(x)        Step-size       optimality
   420         496      4.66276e-06              1       0.000758  
   421         497      4.64757e-06              1       0.000586  
   422         498      4.63806e-06              1       0.000514  
   423         499      4.62532e-06              1       0.000212  
   424         500       4.5858e-06              1       0.000342  
   425         501       4.5247e-06              1       0.000795  
   426         502      4.44201e-06              1       0.000862  
   427         503       4.3835e-06              1       0.000347  
   428         504      4.36046e-06              1       7.12e-05  
   429         505      4.35521e-06              1       0.000167  
   430         506      4.35193e-06              1       0.000128  
   431         507      4.34996e-06              1       2.26e-06  
   432         508       4.3495e-06              1       9.15e-06  
   433         509      4.34865e-06              1       2.02e-05  
   434         510      4.34742e-06              1       2.13e-05  
   435         511      4.34381e-06              1       4.36e-05  
   436         512      4.33557e-06              1       5.72e-05  
   437         513      4.31576e-06              1        9.7e-05  
   438         514      4.27481e-06              1       0.000169  
   439         515      4.21437e-06              1        0.00026  
                                                        First-order 
 Iteration  Func-count       f(x)        Step-size       optimality
   440         516      4.15134e-06              1       5.64e-06  
   441         517      4.10911e-06              1       6.65e-05  
   442         518       4.1027e-06              1       0.000434  
   443         519       4.0963e-06              1       4.75e-05  
   444         520      4.09601e-06              1       6.55e-05  
   445         521      4.09499e-06              1       3.04e-05  
   446         522      4.09477e-06              1       1.19e-05  
   447         523      4.09451e-06              1       1.61e-05  
   448         524      4.09405e-06              1       4.17e-05  
   449         525       4.0931e-06              1       8.12e-05  
   450         526      4.09117e-06              1       0.000129  
   451         527       4.0875e-06              1        0.00019  
   452         528      4.08054e-06              1       0.000255  
   453         529      4.06684e-06              1       0.000325  
   454         530      4.03951e-06              1       0.000398  
   455         531      3.99588e-06              1        0.00048  
   456         532      3.93267e-06              1       0.000125  
   457         533      3.85017e-06              1       2.28e-05  
   458         534      3.82871e-06              1       1.39e-05  
   459         535      3.82414e-06              1       8.38e-05  
                                                        First-order 
 Iteration  Func-count       f(x)        Step-size       optimality
   460         536      3.82314e-06              1       1.97e-05  
   461         537      3.82266e-06              1       1.72e-06  
   462         538      3.82224e-06              1       3.56e-06  
   463         539      3.82175e-06              1       9.08e-06  
   464         540      3.82063e-06              1       1.29e-05  
   465         541      3.81816e-06              1        5.4e-05  
   466         542      3.81193e-06              1       8.35e-05  
   467         543       3.7967e-06              1       0.000192  
   468         544      3.76199e-06              1       0.000313  
   469         545      3.70006e-06              1       0.000609  
   470         546      3.62714e-06              1       0.000715  
   471         547        3.568e-06              1       0.000544  
   472         548        3.544e-06              1       0.000304  
   473         549      3.53872e-06              1       0.000553  
   474         550       3.5285e-06              1       9.72e-05  
   475         551      3.52549e-06              1        8.3e-05  
   476         552      3.52364e-06              1       9.16e-05  
   477         553      3.52263e-06              1       2.04e-05  
   478         554      3.52238e-06              1       2.35e-06  
   479         555      3.52188e-06              1       3.13e-05  
                                                        First-order 
 Iteration  Func-count       f(x)        Step-size       optimality
   480         556      3.52104e-06              1       4.35e-05  
   481         557      3.51912e-06              1       4.92e-05  
   482         558      3.51498e-06              1       2.03e-05  
   483         559      3.50594e-06              1       4.19e-05  
   484         560      3.48675e-06              1       0.000195  
   485         561       3.4464e-06              1        0.00049  
   486         562      3.37846e-06              1       0.000833  
   487         563      3.31565e-06              1        0.00104  
   488         564      3.27921e-06              1       0.000389  
   489         565      3.25667e-06              1       0.000258  
   490         566       3.2455e-06              1       0.000162  
   491         567      3.23669e-06              1       4.54e-05  
   492         568      3.23311e-06              1        6.1e-05  
   493         569      3.23095e-06              1       2.65e-05  
   494         570      3.22984e-06              1       5.81e-05  
   495         571      3.22881e-06              1       7.57e-06  
   496         572      3.22742e-06              1       4.44e-06  
   497         573      3.22531e-06              1       3.21e-05  
   498         574      3.22234e-06              1       3.78e-06  
   499         575      3.21852e-06              1        2.3e-05  
                                                        First-order 
 Iteration  Func-count       f(x)        Step-size       optimality
   500         576      3.21392e-06              1       7.26e-05  
   501         578       3.2116e-06       0.329556       0.000107  

<a href = "matlab: helpview([docroot '/toolbox/optim/msg_csh/optim_msg_csh.map'],'solver_stopped_premature','CSHelpWindow');">Solver stopped prematurely</a>.

fminunc stopped because it exceeded the iteration limit,
<a href = "matlab: helpview([docroot '/toolbox/optim/msg_csh/optim_msg_csh.map'],'max_iter','CSHelpWindow');">options.MaxIter</a> = 500 (the selected value).

                                                        First-order 
 Iteration  Func-count       f(x)        Step-size       optimality
     0           1          0.37058                          0.13
     1           4         0.120998        2.25254          0.195  
     2           6         0.103382       0.237522          0.155  
     3           8        0.0762759       0.466884          0.104  
     4           9        0.0587352              1         0.0656  
     5          10        0.0497933              1          0.017  
     6          11        0.0434584              1         0.0227  
     7          12        0.0368085              1         0.0541  
     8          13        0.0325874              1         0.0306  
     9          14         0.027264              1         0.0676  
    10          15        0.0248751              1         0.0592  
    11          16         0.021944              1         0.0305  
    12          17        0.0179152              1         0.0323  
    13          18        0.0161641              1         0.0287  
    14          19        0.0135073              1        0.00804  
    15          20        0.0121928              1        0.00843  
    16          21        0.0106907              1         0.0126  
    17          22       0.00964376              1        0.00956  
    18          23       0.00878885              1        0.00373  
    19          24       0.00818587              1        0.00679  
                                                        First-order 
 Iteration  Func-count       f(x)        Step-size       optimality
    20          25       0.00739959              1        0.00841  
    21          26       0.00665227              1        0.00808  
    22          27       0.00600757              1        0.00389  
    23          28       0.00553262              1        0.00342  
    24          29       0.00505459              1        0.00549  
    25          30       0.00463859              1        0.00569  
    26          31       0.00430234              1        0.00279  
    27          32       0.00400332              1        0.00277  
    28          33       0.00372877              1        0.00368  
    29          34       0.00348253              1        0.00414  
    30          35       0.00326205              1         0.0019  
    31          36       0.00307091              1        0.00315  
    32          37       0.00290376              1        0.00388  
    33          38       0.00276634              1        0.00212  
    34          39       0.00262897              1         0.0014  
    35          40       0.00249143              1        0.00194  
    36          41       0.00238376              1        0.00196  
    37          42       0.00227986              1        0.00169  
    38          43       0.00218906              1        0.00148  
    39          44       0.00210633              1        0.00188  
                                                        First-order 
 Iteration  Func-count       f(x)        Step-size       optimality
    40          45       0.00202775              1        0.00162  
    41          46       0.00195959              1        0.00129  
    42          47       0.00189307              1        0.00107  
    43          48       0.00182868              1        0.00119  
    44          49       0.00176328              1        0.00133  
    45          50       0.00170878              1        0.00106  
    46          51       0.00165518              1       0.000856  
    47          52       0.00160376              1         0.0011  
    48          53       0.00155298              1        0.00113  
    49          54       0.00150865              1       0.000806  
    50          55       0.00146694              1       0.000799  
    51          56       0.00142556              1        0.00112  
    52          57       0.00138221              1        0.00125  
    53          58       0.00134368              1        0.00114  
    54          59       0.00130976              1       0.000756  
    55          60       0.00127856              1       0.000849  
    56          61       0.00124461              1       0.000977  
    57          62       0.00121257              1       0.000918  
    58          63       0.00118467              1       0.000707  
    59          64       0.00116131              1       0.000736  
                                                        First-order 
 Iteration  Func-count       f(x)        Step-size       optimality
    60          65       0.00113777              1       0.000769  
    61          66       0.00111447              1       0.000861  
    62          67       0.00109198              1        0.00077  
    63          68       0.00107111              1       0.000653  
    64          69       0.00105038              1       0.000646  
    65          70       0.00103004              1       0.000717  
    66          71       0.00101026              1       0.000693  
    67          72      0.000992291              1       0.000673  
    68          73      0.000975835              1       0.000542  
    69          74      0.000960911              1       0.000613  
    70          75      0.000945661              1       0.000596  
    71          76      0.000930371              1       0.000619  
    72          77      0.000915053              1       0.000545  
    73          78      0.000901677              1       0.000616  
    74          79       0.00088932              1       0.000374  
    75          80      0.000877702              1       0.000545  
    76          81      0.000865093              1       0.000609  
    77          82      0.000852417              1       0.000585  
    78          83      0.000840326              1       0.000472  
    79          84      0.000829801              1       0.000407  
                                                        First-order 
 Iteration  Func-count       f(x)        Step-size       optimality
    80          85      0.000819325              1       0.000525  
    81          86      0.000809359              1       0.000489  
    82          87      0.000799336              1       0.000416  
    83          88      0.000790019              1       0.000442  
    84          89      0.000780087              1       0.000428  
    85          90      0.000770193              1        0.00041  
    86          91      0.000760175              1       0.000533  
    87          92      0.000751705              1       0.000457  
    88          93      0.000744048              1       0.000463  
    89          94      0.000737015              1        0.00039  
    90          95      0.000729847              1       0.000338  
    91          96       0.00072298              1       0.000429  
    92          97      0.000716368              1       0.000491  
    93          98      0.000710072              1       0.000537  
    94          99      0.000703414              1       0.000413  
    95         100      0.000696765              1       0.000369  
    96         101      0.000690417              1       0.000399  
    97         102      0.000685045              1       0.000391  
    98         103      0.000679557              1       0.000367  
    99         104      0.000673639              1       0.000319  
                                                        First-order 
 Iteration  Func-count       f(x)        Step-size       optimality
   100         105       0.00066722              1       0.000396  
   101         106      0.000661384              1       0.000356  
   102         107      0.000656261              1       0.000305  
   103         108      0.000651499              1       0.000276  
   104         109      0.000646206              1       0.000356  
   105         110      0.000640619              1       0.000462  
   106         111      0.000635236              1       0.000328  
   107         112       0.00063054              1       0.000299  
   108         113      0.000625727              1        0.00035  
   109         114      0.000620921              1       0.000355  
   110         115      0.000616291              1       0.000332  
   111         116      0.000612313              1       0.000245  
   112         117      0.000608559              1       0.000296  
   113         118      0.000604729              1       0.000385  
   114         119      0.000600581              1       0.000431  
   115         120      0.000596586              1       0.000281  
   116         121      0.000592907              1        0.00022  
   117         122      0.000589487              1       0.000245  
   118         123      0.000585926              1       0.000338  
   119         124        0.0005822              1       0.000334  
                                                        First-order 
 Iteration  Func-count       f(x)        Step-size       optimality
   120         125      0.000578549              1       0.000211  
   121         126      0.000575238              1       0.000257  
   122         127      0.000572085              1        0.00031  
   123         128       0.00056897              1       0.000523  
   124         129      0.000565761              1        0.00025  
   125         130      0.000562678              1       0.000231  
   126         131      0.000559799              1       0.000308  
   127         132      0.000556922              1       0.000273  
   128         133       0.00055349              1       0.000271  
   129         134      0.000550211              1       0.000255  
   130         135      0.000547315              1       0.000217  
   131         136      0.000544691              1       0.000266  
   132         137        0.0005418              1       0.000254  
   133         138      0.000538603              1        0.00029  
   134         139       0.00053548              1       0.000241  
   135         140      0.000532757              1       0.000207  
   136         141      0.000530196              1       0.000219  
   137         142      0.000527654              1       0.000259  
   138         143      0.000524918              1       0.000278  
   139         144      0.000522341              1       0.000212  
                                                        First-order 
 Iteration  Func-count       f(x)        Step-size       optimality
   140         145      0.000520046              1        0.00017  
   141         146      0.000517782              1        0.00025  
   142         147       0.00051544              1       0.000221  
   143         148      0.000513355              1       0.000191  
   144         149      0.000511483              1       0.000182  
   145         150      0.000509752              1       0.000166  
   146         151      0.000508059              1       0.000175  
   147         152      0.000506404              1        0.00018  
   148         153      0.000504744              1       0.000182  
   149         154      0.000503095              1       0.000177  
   150         155      0.000501523              1       0.000177  
   151         156      0.000500154              1       0.000206  
   152         157       0.00049891              1       0.000163  
   153         158      0.000497683              1        0.00015  
   154         159      0.000496301              1       0.000142  
   155         160      0.000495039              1       0.000135  
   156         161      0.000493837              1       0.000142  
   157         162      0.000492669              1       0.000141  
   158         163      0.000491541              1       0.000121  
   159         164      0.000490504              1       0.000129  
                                                        First-order 
 Iteration  Func-count       f(x)        Step-size       optimality
   160         165      0.000489515              1       0.000134  
   161         166      0.000488513              1       0.000148  
   162         167      0.000487515              1       0.000113  
   163         168      0.000486595              1       0.000105  
   164         169      0.000485765              1       0.000135  
   165         170      0.000484961              1       0.000151  
   166         171      0.000484124              1       0.000118  
   167         172      0.000483256              1       0.000127  
   168         173      0.000482418              1       0.000142  
   169         174      0.000481594              1       0.000158  
   170         175      0.000480782              1       0.000129  
   171         176      0.000479962              1       9.78e-05  
   172         177      0.000479241              1       0.000102  
   173         178      0.000478499              1       0.000128  
   174         179      0.000477712              1       0.000128  
   175         180      0.000476853              1       0.000128  
   176         181       0.00047603              1       0.000144  
   177         182      0.000475295              1       0.000105  
   178         183      0.000474609              1       0.000115  
   179         184      0.000473865              1        0.00012  
                                                        First-order 
 Iteration  Func-count       f(x)        Step-size       optimality
   180         185      0.000473037              1       0.000157  
   181         186      0.000472183              1       0.000153  
   182         187      0.000471432              1       0.000126  
   183         188        0.0004708              1       0.000104  
   184         189      0.000470223              1        0.00012  
   185         190      0.000469583              1       0.000164  
   186         191      0.000468868              1       0.000127  
   187         192      0.000468159              1       0.000138  
   188         193      0.000467553              1       0.000103  
   189         194      0.000466982              1       0.000125  
   190         195      0.000466412              1       0.000117  
   191         196      0.000465809              1        0.00012  
   192         197      0.000465203              1        0.00011  
   193         198      0.000464621              1       0.000106  
   194         199      0.000464071              1       0.000121  
   195         200      0.000463533              1       0.000102  
   196         201      0.000463007              1       0.000112  
   197         202        0.0004625              1        9.4e-05  
   198         203      0.000461995              1       0.000126  
   199         204      0.000461461              1       0.000122  
                                                        First-order 
 Iteration  Func-count       f(x)        Step-size       optimality
   200         205      0.000460895              1       0.000123  
   201         206      0.000460342              1         0.0001  
   202         207      0.000459821              1       9.51e-05  
   203         208      0.000459307              1        0.00011  
   204         209      0.000458716              1       0.000119  
   205         210      0.000458069              1       0.000123  
   206         211      0.000457457              1       9.67e-05  
   207         212      0.000456856              1       7.34e-05  
   208         213      0.000456243              1       0.000116  
   209         214      0.000455599              1       0.000116  
   210         215      0.000454942              1       0.000111  
   211         216      0.000454311              1       8.01e-05  
   212         217      0.000453697              1       9.86e-05  
   213         218       0.00045307              1       0.000102  
   214         219      0.000452402              1       0.000134  
   215         220       0.00045174              1       0.000104  
   216         221      0.000451114              1       0.000108  
   217         222      0.000450557              1       0.000111  
   218         223      0.000450007              1       0.000111  
   219         224      0.000449469              1       9.89e-05  
                                                        First-order 
 Iteration  Func-count       f(x)        Step-size       optimality
   220         225      0.000448889              1       0.000103  
   221         226       0.00044833              1       0.000121  
   222         227      0.000447801              1        0.00012  
   223         228      0.000447327              1       0.000108  
   224         229      0.000446877              1       0.000108  
   225         230      0.000446438              1       0.000121  
   226         231      0.000446012              1       8.81e-05  
   227         232      0.000445621              1       8.16e-05  
   228         233      0.000445263              1       8.54e-05  
   229         234      0.000444915              1       0.000103  
   230         235      0.000444566              1       9.11e-05  
   231         236      0.000444228              1       8.94e-05  
   232         237      0.000443911              1       7.45e-05  
   233         238      0.000443599              1       9.17e-05  
   234         239      0.000443272              1       0.000107  
   235         240      0.000442928              1       7.57e-05  
   236         241      0.000442596              1       9.32e-05  
   237         242      0.000442277              1       9.05e-05  
   238         243      0.000441963              1       8.83e-05  
   239         244      0.000441625              1       8.64e-05  
                                                        First-order 
 Iteration  Func-count       f(x)        Step-size       optimality
   240         245      0.000441351              1       8.41e-05  
   241         246      0.000441049              1       8.31e-05  
   242         247      0.000440754              1       7.54e-05  
   243         248      0.000440445              1       8.56e-05  
   244         249      0.000440147              1       0.000106  
   245         250      0.000439864              1       8.24e-05  
   246         251      0.000439591              1       6.81e-05  
   247         252      0.000439299              1       6.58e-05  
   248         253       0.00043898              1       0.000112  
   249         254      0.000438656              1       0.000126  
   250         255      0.000438358              1       8.46e-05  
   251         256      0.000438088              1       6.93e-05  
   252         257      0.000437814              1       8.38e-05  
   253         258      0.000437515              1       0.000111  
   254         259      0.000437204              1       0.000111  
   255         260      0.000436907              1        6.6e-05  
   256         261       0.00043663              1       8.31e-05  
   257         262      0.000436358              1       9.38e-05  
   258         263      0.000436083              1       0.000111  
   259         264      0.000435819              1        9.5e-05  
                                                        First-order 
 Iteration  Func-count       f(x)        Step-size       optimality
   260         265       0.00043556              1       5.97e-05  
   261         266      0.000435293              1       8.13e-05  
   262         267      0.000435023              1       8.65e-05  
   263         268       0.00043474              1        8.9e-05  
   264         269       0.00043446              1       7.41e-05  
   265         270      0.000434197              1       6.94e-05  
   266         271      0.000433938              1       6.39e-05  
   267         272      0.000433677              1       8.04e-05  
   268         273      0.000433424              1       7.22e-05  
   269         274      0.000433191              1       6.87e-05  
   270         275       0.00043297              1       5.88e-05  
   271         276      0.000432751              1       5.85e-05  
   272         277      0.000432534              1       6.74e-05  
   273         278       0.00043233              1       5.74e-05  
   274         279      0.000432138              1       5.02e-05  
   275         280      0.000431952              1       6.21e-05  
   276         281      0.000431757              1       7.32e-05  
   277         282      0.000431558              1          6e-05  
   278         283      0.000431366              1        6.3e-05  
   279         284       0.00043119              1          5e-05  
                                                        First-order 
 Iteration  Func-count       f(x)        Step-size       optimality
   280         285      0.000431024              1       5.67e-05  
   281         286      0.000430861              1       5.71e-05  
   282         287      0.000430685              1        6.5e-05  
   283         288      0.000430504              1       6.21e-05  
   284         289      0.000430328              1        4.8e-05  
   285         290      0.000430163              1       5.05e-05  
   286         291      0.000430002              1       5.81e-05  
   287         292      0.000429837              1        6.4e-05  
   288         293      0.000429665              1       6.09e-05  
   289         294      0.000429493              1       5.52e-05  
   290         295       0.00042932              1       4.91e-05  
   291         296      0.000429141              1       5.24e-05  
   292         297      0.000428946              1       6.96e-05  
   293         298       0.00042874              1       6.67e-05  
   294         299      0.000428537              1       5.93e-05  
   295         300      0.000428355              1       5.32e-05  
   296         301      0.000428187              1       6.26e-05  
   297         302      0.000428026              1       6.04e-05  
   298         303      0.000427854              1       5.36e-05  
   299         304      0.000427689              1       6.28e-05  
                                                        First-order 
 Iteration  Func-count       f(x)        Step-size       optimality
   300         305      0.000427515              1        6.2e-05  
   301         306      0.000427346              1       6.44e-05  
   302         307      0.000427181              1       5.11e-05  
   303         308      0.000427022              1       4.53e-05  
   304         309      0.000426857              1       6.59e-05  
   305         310      0.000426686              1       8.06e-05  
   306         311       0.00042652              1       5.88e-05  
   307         312       0.00042637              1       4.33e-05  
   308         313       0.00042623              1       4.44e-05  
   309         314      0.000426083              1       6.52e-05  
   310         315      0.000425917              1       6.63e-05  
   311         316       0.00042574              1       6.24e-05  
   312         317      0.000425576              1       5.45e-05  
   313         318      0.000425442              1       5.52e-05  
   314         319      0.000425311              1       6.34e-05  
   315         320      0.000425172              1       5.28e-05  
   316         321      0.000425006              1       4.33e-05  
   317         322      0.000424876              1       5.45e-05  
   318         323      0.000424716              1       5.83e-05  
   319         324      0.000424556              1       6.89e-05  
                                                        First-order 
 Iteration  Func-count       f(x)        Step-size       optimality
   320         325      0.000424389              1       5.98e-05  
   321         326      0.000424241              1       5.38e-05  
   322         327      0.000424112              1        5.4e-05  
   323         328      0.000423991              1       5.16e-05  
   324         329      0.000423865              1       5.37e-05  
   325         330      0.000423736              1       5.01e-05  
   326         331      0.000423619              1        5.6e-05  
   327         332      0.000423518              1       3.75e-05  
   328         333      0.000423429              1        6.2e-05  
   329         334       0.00042334              1       5.02e-05  
   330         335      0.000423247              1       4.83e-05  
   331         336      0.000423149              1        3.8e-05  
   332         337       0.00042306              1       4.15e-05  
   333         338      0.000422968              1       4.07e-05  
   334         339       0.00042288              1       3.33e-05  
   335         340      0.000422798              1       3.82e-05  
   336         341      0.000422719              1       3.81e-05  
   337         342      0.000422636              1       3.88e-05  
   338         343      0.000422547              1       3.82e-05  
   339         344      0.000422459              1       3.58e-05  
                                                        First-order 
 Iteration  Func-count       f(x)        Step-size       optimality
   340         345      0.000422378              1       3.11e-05  
   341         346      0.000422306              1        3.5e-05  
   342         347      0.000422236              1       3.62e-05  
   343         348      0.000422164              1       4.27e-05  
   344         349      0.000422091              1        4.4e-05  
   345         350      0.000422021              1       3.89e-05  
   346         351      0.000421954              1          4e-05  
   347         352      0.000421888              1       3.97e-05  
   348         353      0.000421823              1       3.19e-05  
   349         354      0.000421756              1       2.94e-05  
   350         355      0.000421691              1        3.5e-05  
   351         356      0.000421631              1       4.11e-05  
   352         357      0.000421576              1        3.4e-05  
   353         358      0.000421519              1        3.4e-05  
   354         359      0.000421461              1       2.91e-05  
   355         360      0.000421403              1       3.62e-05  
   356         361      0.000421347              1       3.44e-05  
   357         362      0.000421291              1       3.52e-05  
   358         363      0.000421234              1       3.11e-05  
   359         364      0.000421179              1       3.23e-05  
                                                        First-order 
 Iteration  Func-count       f(x)        Step-size       optimality
   360         365      0.000421126              1       3.14e-05  
   361         366      0.000421074              1       2.85e-05  
   362         367      0.000421021              1       3.65e-05  
   363         368      0.000420969              1       2.69e-05  
   364         369      0.000420922              1       2.89e-05  
   365         370      0.000420878              1       2.41e-05  
   366         371      0.000420832              1       5.49e-05  
   367         372      0.000420783              1       3.27e-05  
   368         373      0.000420735              1       3.11e-05  
   369         374      0.000420693              1        2.8e-05  
   370         375      0.000420654              1       2.72e-05  
   371         376      0.000420612              1        2.6e-05  
   372         377       0.00042057              1       2.58e-05  
   373         378      0.000420531              1       2.79e-05  
   374         379      0.000420493              1       2.56e-05  
   375         380      0.000420453              1       2.71e-05  
   376         381      0.000420414              1       3.13e-05  
   377         382      0.000420375              1       2.49e-05  
   378         383      0.000420336              1       2.59e-05  
   379         384      0.000420298              1       2.43e-05  
                                                        First-order 
 Iteration  Func-count       f(x)        Step-size       optimality
   380         385       0.00042026              1       2.77e-05  
   381         386      0.000420222              1       2.51e-05  
   382         387      0.000420186              1       2.33e-05  
   383         388      0.000420151              1       2.12e-05  
   384         389      0.000420116              1       1.93e-05  
   385         390      0.000420083              1       2.21e-05  
   386         391      0.000420051              1       3.04e-05  
   387         392       0.00042002              1       2.25e-05  
   388         393      0.000419989              1       2.44e-05  
   389         394      0.000419957              1       1.97e-05  
   390         395      0.000419926              1       2.89e-05  
   391         396      0.000419894              1       2.94e-05  
   392         397      0.000419865              1       1.91e-05  
   393         398      0.000419836              1       2.53e-05  
   394         399       0.00041981              1       2.03e-05  
   395         400      0.000419783              1       2.37e-05  
   396         401      0.000419754              1       2.03e-05  
   397         402      0.000419725              1       2.04e-05  
   398         403      0.000419697              1       1.73e-05  
   399         404       0.00041967              1       2.63e-05  
                                                        First-order 
 Iteration  Func-count       f(x)        Step-size       optimality
   400         405      0.000419643              1       2.22e-05  
   401         406      0.000419615              1       1.99e-05  
   402         407      0.000419588              1       1.76e-05  
   403         408      0.000419561              1       2.61e-05  
   404         409      0.000419533              1       2.97e-05  
   405         410      0.000419503              1       2.19e-05  
   406         411      0.000419473              1       1.99e-05  
   407         412      0.000419446              1       1.86e-05  
   408         413      0.000419421              1       2.65e-05  
   409         414      0.000419395              1       2.26e-05  
   410         415      0.000419369              1       2.03e-05  
   411         416      0.000419343              1       2.14e-05  
   412         417      0.000419316              1       3.35e-05  
   413         418       0.00041929              1       2.86e-05  
   414         419      0.000419265              1       3.82e-05  
   415         420       0.00041924              1       2.26e-05  
   416         421      0.000419211              1       2.64e-05  
   417         422      0.000419181              1        3.1e-05  
   418         423      0.000419153              1       2.76e-05  
   419         424       0.00041913              1       2.06e-05  
                                                        First-order 
 Iteration  Func-count       f(x)        Step-size       optimality
   420         425      0.000419107              1       2.12e-05  
   421         426      0.000419082              1        2.5e-05  
   422         427      0.000419054              1       2.93e-05  
   423         428      0.000419027              1       3.11e-05  
   424         429      0.000419003              1       2.14e-05  
   425         430       0.00041898              1       2.39e-05  
   426         431      0.000418954              1       2.49e-05  
   427         432      0.000418926              1        3.1e-05  
   428         433      0.000418898              1       3.41e-05  
   429         434      0.000418873              1       3.99e-05  
   430         435      0.000418851              1       3.45e-05  
   431         436       0.00041883              1       2.02e-05  
   432         437       0.00041881              1       2.44e-05  
   433         438      0.000418789              1        2.4e-05  
   434         439      0.000418768              1       3.94e-05  
   435         440      0.000418747              1        2.4e-05  
   436         441      0.000418728              1       1.69e-05  
   437         442       0.00041871              1       3.08e-05  
   438         443      0.000418692              1       2.12e-05  
   439         444      0.000418671              1       7.85e-05  
                                                        First-order 
 Iteration  Func-count       f(x)        Step-size       optimality
   440         445      0.000418647              1       2.93e-05  
   441         446      0.000418623              1       3.97e-05  
   442         447        0.0004186              1       1.65e-05  
   443         448       0.00041858              1       2.25e-05  
   444         449      0.000418559              1       3.11e-05  
   445         450      0.000418534              1       2.36e-05  
   446         451       0.00041851              1       2.18e-05  
   447         452      0.000418489              1        2.6e-05  
   448         453      0.000418469              1       3.52e-05  
   449         454      0.000418449              1       3.02e-05  
   450         455      0.000418426              1       2.09e-05  
   451         456      0.000418402              1        1.8e-05  
   452         457      0.000418379              1       2.59e-05  
   453         458      0.000418358              1       2.67e-05  
   454         459      0.000418337              1       2.21e-05  
   455         460      0.000418315              1       2.04e-05  
   456         461      0.000418293              1       2.63e-05  
   457         462      0.000418274              1        2.9e-05  
   458         463      0.000418256              1       2.71e-05  
   459         464      0.000418239              1       2.17e-05  
                                                        First-order 
 Iteration  Func-count       f(x)        Step-size       optimality
   460         465       0.00041822              1       1.77e-05  
   461         466      0.000418202              1       3.36e-05  
   462         467      0.000418186              1       1.17e-05  
   463         468      0.000418171              1       2.37e-05  
   464         469      0.000418153              1        3.6e-05  
   465         470      0.000418133              1       1.91e-05  
   466         471      0.000418111              1       4.57e-05  
   467         472      0.000418094              1       1.43e-05  
   468         473      0.000418077              1        1.7e-05  
   469         474      0.000418059              1       2.58e-05  
   470         475      0.000418038              1       2.89e-05  
   471         476      0.000418019              1       2.54e-05  
   472         477      0.000418003              1       1.47e-05  
   473         478      0.000417988              1       1.71e-05  
   474         479      0.000417972              1       3.29e-05  
   475         480      0.000417954              1       3.06e-05  
   476         481      0.000417937              1       1.71e-05  
   477         482      0.000417921              1       1.37e-05  
   478         483      0.000417906              1       2.15e-05  
   479         484      0.000417889              1       2.55e-05  
                                                        First-order 
 Iteration  Func-count       f(x)        Step-size       optimality
   480         485      0.000417871              1       2.26e-05  
   481         486      0.000417856              1       1.63e-05  
   482         487      0.000417843              1       2.36e-05  
   483         488      0.000417829              1       3.75e-05  
   484         489      0.000417815              1       2.06e-05  
   485         490      0.000417798              1       1.81e-05  
   486         491      0.000417782              1        3.4e-05  
   487         492      0.000417765              1       1.95e-05  
   488         493      0.000417748              1        5.6e-05  
   489         494      0.000417731              1       1.87e-05  
   490         495      0.000417714              1          2e-05  
   491         496      0.000417698              1       4.01e-05  
   492         497      0.000417682              1       3.54e-05  
   493         498      0.000417665              1       3.96e-05  
   494         499      0.000417647              1       2.24e-05  
   495         500       0.00041763              1        2.1e-05  
   496         501      0.000417614              1       3.99e-05  
   497         502      0.000417595              1        3.1e-05  
   498         503      0.000417576              1       2.58e-05  
   499         504      0.000417556              1       2.54e-05  
                                                        First-order 
 Iteration  Func-count       f(x)        Step-size       optimality
   500         505      0.000417538              1       2.32e-05  
   501         506       0.00041752              1       4.17e-05  

<a href = "matlab: helpview([docroot '/toolbox/optim/msg_csh/optim_msg_csh.map'],'solver_stopped_premature','CSHelpWindow');">Solver stopped prematurely</a>.

fminunc stopped because it exceeded the iteration limit,
<a href = "matlab: helpview([docroot '/toolbox/optim/msg_csh/optim_msg_csh.map'],'max_iter','CSHelpWindow');">options.MaxIter</a> = 500 (the selected value).

