flow iter#1; |dv| = 4.92506
flow iter#2; |dv| = 1.23732
flow iter#3; |dv| = 1.49235
flow iter#4; |dv| = 1.96522
flow iter#5; |dv| = 1.60902
flow iter#6; |dv| = 0.88346
flow iter#7; |dv| = 0.254792
flow iter#8; |dv| = 0.26152
flow iter#9; |dv| = 0.369201
flow iter#10; |dv| = 0.312229
flow iter#11; |dv| = 0.186444
flow iter#12; |dv| = 0.0692117
flow iter#13; |dv| = 0.0292212
flow iter#14; |dv| = 0.053682
flow iter#15; |dv| = 0.0524809
flow iter#16; |dv| = 0.0356872
flow iter#17; |dv| = 0.0166984
flow iter#18; |dv| = 0.00614212
flow iter#19; |dv| = 0.00883343
flow iter#20; |dv| = 0.00980038
flow iter#21; |dv| = 0.0080425
flow iter#22; |dv| = 0.00586178
flow iter#23; |dv| = 0.00487326
                                                        First-order 
 Iteration  Func-count       f(x)        Step-size       optimality
     0           1        0.0509829                       0.00243
     1           4         0.028358        82.2146        0.00124  
     2           6        0.0124896        0.48379        0.00102  
     3           7       0.00194075              1       0.000259  
     4           8       0.00118994              1       0.000681  
     5           9       0.00051076              1       0.000131  
     6          10      0.000375432              1       0.000103  
     7          11      0.000258316              1       0.000161  
     8          12      0.000181958              1       0.000142  
     9          13      7.45769e-05              1       0.000106  
    10          14      5.91422e-05              1       6.26e-05  
    11          16      5.25679e-05       0.574558       0.000104  
    12          17      4.73715e-05              1       5.25e-05  
    13          18      4.25458e-05              1       1.65e-05  
    14          19      4.02385e-05              1       1.97e-05  
    15          20      3.67398e-05              1       3.29e-05  
    16          21      3.31484e-05              1       3.04e-05  
    17          22      3.02644e-05              1       1.37e-05  
    18          23      2.90934e-05              1       1.71e-05  
    19          24      2.73117e-05              1       3.18e-05  
                                                        First-order 
 Iteration  Func-count       f(x)        Step-size       optimality
    20          25      2.41036e-05              1        6.1e-05  
    21          26      2.09691e-05              1       4.32e-05  
    22          27      1.65505e-05              1       8.24e-05  
    23          28      1.43541e-05              1       2.89e-05  
    24          29       1.2358e-05              1        4.3e-05  
    25          30      1.11088e-05              1       1.21e-05  
    26          31       1.0597e-05              1       8.86e-06  
    27          32      9.67535e-06              1       1.35e-05  
    28          33      8.43565e-06              1       1.11e-05  
    29          34      7.13185e-06              1       6.51e-06  
    30          35      6.50549e-06              1       1.46e-05  
    31          36      6.28939e-06              1       7.97e-06  
    32          37      6.02193e-06              1       9.29e-06  
    33          38      5.68644e-06              1       1.27e-05  
    34          39      5.20318e-06              1       1.84e-05  
    35          40       4.6813e-06              1       2.76e-05  
    36          41      4.00836e-06              1       2.46e-05  
    37          42       3.3992e-06              1       1.43e-05  
    38          43      2.98605e-06              1       1.16e-05  
    39          44      2.62426e-06              1       2.63e-05  
                                                        First-order 
 Iteration  Func-count       f(x)        Step-size       optimality
    40          46        2.417e-06            0.5       5.93e-06  
    41          47      2.23928e-06              1       5.69e-06  
    42          48      2.03686e-06              1       6.53e-06  
    43          49      1.96344e-06              1          7e-06  
    44          50      1.81991e-06              1       6.09e-06  
    45          51      1.62775e-06              1       1.17e-05  
    46          52      1.49987e-06              1       1.12e-05  
    47          53      1.39532e-06              1       1.08e-05  
    48          54      1.22903e-06              1       9.18e-06  
    49          55      1.15648e-06              1       1.36e-05  
    50          56      9.68804e-07              1       1.99e-05  
    51          57      7.98742e-07              1        1.3e-05  
    52          58      6.37833e-07              1        5.2e-06  
    53          59      5.37318e-07              1       8.18e-06  
    54          60      4.50934e-07              1        2.7e-06  
    55          61      3.88165e-07              1       9.21e-06  
    56          62       3.0588e-07              1       3.65e-06  
    57          63       2.5709e-07              1       3.99e-06  
    58          65      2.45894e-07       0.598395       1.86e-06  
    59          66      2.35931e-07              1       3.28e-06  
                                                        First-order 
 Iteration  Func-count       f(x)        Step-size       optimality
    60          67       2.2722e-07              1       2.49e-06  
    61          68      2.17019e-07              1       2.54e-06  
    62          69      1.95226e-07              1       2.07e-06  
    63          70      1.78306e-07              1       1.95e-06  
    64          71      1.54252e-07              1       4.94e-06  
    65          72       1.4047e-07              1       1.68e-06  
    66          73      1.31906e-07              1       3.87e-06  
    67          74      1.27768e-07              1       7.11e-07  
    68          75      1.25192e-07              1       6.17e-07  
    69          76      1.20928e-07              1       1.09e-06  
    70          77      1.15051e-07              1       1.06e-06  
    71          78      9.85455e-08              1       2.67e-06  
    72          80      9.40667e-08       0.379513       3.62e-06  
    73          81      8.56436e-08              1       2.43e-06  
    74          82      7.66349e-08              1       4.59e-06  
    75          83      7.17965e-08              1       2.88e-06  
    76          84      6.53624e-08              1       3.75e-06  
    77          85      6.10746e-08              1       6.29e-07  
    78          86      5.95824e-08              1       4.51e-07  
    79          87      5.73213e-08              1       6.06e-07  
                                                        First-order 
 Iteration  Func-count       f(x)        Step-size       optimality
    80          88       5.6205e-08              1       5.77e-07  
    81          89       5.5203e-08              1       5.33e-07  
    82          90      5.36053e-08              1        3.4e-07  
    83          91       5.0949e-08              1       3.82e-07  
    84          92      4.69925e-08              1       2.15e-06  
    85          93      4.32641e-08              1        1.2e-06  
    86          94      4.06886e-08              1       5.58e-07  
    87          95      3.89158e-08              1       2.68e-06  
    88          97      3.79991e-08       0.340434       3.61e-07  
    89          98      3.72118e-08              1       2.66e-07  
    90          99      3.66174e-08              1       2.16e-07  
    91         100      3.55504e-08              1       1.53e-06  
    92         101      3.46597e-08              1        8.2e-07  
    93         102      3.24257e-08              1       1.08e-06  
    94         103      2.97899e-08              1       2.56e-06  
    95         104      2.56005e-08              1       2.01e-06  
    96         105      2.45643e-08              1       2.99e-06  
    97         106      2.34223e-08              1       2.67e-06  
    98         107      2.02465e-08              1       5.78e-07  
    99         108      1.94351e-08              1       1.64e-06  
                                                        First-order 
 Iteration  Func-count       f(x)        Step-size       optimality
   100         109      1.84767e-08              1       7.65e-07  
   101         110      1.66893e-08              1       8.98e-07  
   102         111      1.60354e-08              1       1.36e-06  
   103         112      1.49935e-08              1       1.95e-07  
   104         113      1.45049e-08              1       2.43e-07  
   105         115      1.39837e-08       0.408847       7.67e-07  
   106         116      1.36413e-08              1       3.53e-07  
   107         117       1.3207e-08              1       1.21e-07  
   108         118      1.26108e-08              1       5.15e-07  
   109         119      1.22332e-08              1       6.61e-07  
   110         120      1.20361e-08              1       2.62e-07  
   111         121      1.17639e-08              1       2.65e-07  
   112         122      1.15825e-08              1        5.1e-07  
   113         123      1.13896e-08              1       5.32e-07  
   114         124      1.11587e-08              1       3.66e-07  
   115         125      1.09314e-08              1       4.35e-07  
   116         127      1.07403e-08       0.647367        2.8e-07  
   117         128      1.04139e-08              1       3.21e-07  
   118         129      1.02924e-08              1       2.03e-07  
   119         130      1.01328e-08              1       4.28e-07  
                                                        First-order 
 Iteration  Func-count       f(x)        Step-size       optimality
   120         131      9.92234e-09              1       2.72e-07  
   121         132      9.32581e-09              1        6.4e-07  
   122         134       8.8461e-09            0.5        1.1e-06  
   123         135      7.54502e-09              1       1.33e-06  
   124         136      6.79832e-09              1       3.29e-07  
   125         137      6.46354e-09              1       6.86e-07  
   126         138      5.97185e-09              1       3.06e-07  
   127         139      4.93261e-09              1       6.01e-07  
   128         140      4.26389e-09              1       9.17e-07  
   129         141      3.69453e-09              1       1.07e-06  
   130         142      3.30388e-09              1       9.73e-07  
   131         143      2.97118e-09              1       5.08e-07  
   132         144      2.70811e-09              1       5.42e-07  
   133         145      2.37196e-09              1       4.07e-07  
   134         147      1.80433e-09       0.353796       3.81e-07  
   135         148      1.57468e-09              1        3.9e-07  
   136         149      1.45772e-09              1       2.17e-07  
   137         150       1.3681e-09              1       5.44e-07  
   138         151      1.27798e-09              1       1.84e-07  
   139         152      1.17052e-09              1          7e-08  
                                                        First-order 
 Iteration  Func-count       f(x)        Step-size       optimality
   140         154      1.13163e-09       0.631557       4.86e-08  
   141         155      1.10386e-09              1       3.78e-08  
   142         156       1.0928e-09              1       5.15e-08  
   143         157      1.07793e-09              1       7.76e-08  
   144         158      1.05561e-09              1        9.4e-08  
   145         159       1.0182e-09              1       1.08e-07  
   146         160      9.74257e-10              1       1.34e-07  
   147         161       9.3432e-10              1       3.95e-07  
   148         162      8.73903e-10              1       2.54e-07  
   149         163      7.60519e-10              1       1.79e-07  
   150         164      6.76453e-10              1       2.12e-07  
   151         165      5.35906e-10              1       2.63e-07  
   152         166      4.16284e-10              1       7.29e-07  
   153         167      3.29834e-10              1       4.51e-07  
   154         168      1.46127e-10              1       1.84e-07  
   155         169      1.01197e-10              1        3.6e-07  
   156         170      4.43121e-11              1        1.1e-07  
   157         171      2.85707e-11              1       6.93e-08  
   158         172      4.46962e-12              1       9.39e-08  
   159         174      1.64054e-12        0.47902       1.64e-08  
                                                        First-order 
 Iteration  Func-count       f(x)        Step-size       optimality
   160         175      4.89778e-13              1       1.31e-08  
   161         176      2.10086e-13              1       8.83e-09  
   162         177      7.10023e-14              1       5.76e-09  
   163         178      1.65757e-14              1       2.67e-09  
   164         179      2.38082e-15              1       9.67e-10  
   165         180      1.07485e-16              1       2.39e-10  
   166         181      3.06457e-18              1       7.78e-11  

Optimization completed: The <a href = "matlab: helpview([docroot '/toolbox/optim/msg_csh/optim_msg_csh.map'],'first_order_opt_unc','CSHelpWindow');">first-order optimality measure</a>, 7.764579e-11, is less 
than <a href = "matlab: helpview([docroot '/toolbox/optim/msg_csh/optim_msg_csh.map'],'tolfun','CSHelpWindow');">options.TolFun</a> = 1.000000e-10.

Optimization Metric                                            Options
relative norm(gradient) =   7.76e-11                  TolFun =   1e-10 (selected)

                                                        First-order 
 Iteration  Func-count       f(x)        Step-size       optimality
     0           1         0.193078                         0.036
     1           2         0.156072              1         0.0179  
     2           3          0.10564              1         0.0367  
     3           4        0.0817936              1         0.0283  
     4           5        0.0606925              1           0.03  
     5           6        0.0449794              1         0.0235  
     6           7        0.0353169              1         0.0126  
     7           8        0.0304447              1        0.00949  
     8           9         0.027005              1        0.00807  
     9          10        0.0241524              1        0.00607  
    10          11        0.0214888              1        0.00684  
    11          12        0.0186781              1        0.00726  
    12          13        0.0162798              1        0.00655  
    13          14        0.0139066              1        0.00795  
    14          15        0.0118478              1        0.00763  
    15          16        0.0100609              1        0.00526  
    16          17       0.00877751              1        0.00628  
    17          18       0.00741736              1        0.00306  
    18          19       0.00629696              1        0.00328  
    19          20       0.00518314              1         0.0025  
                                                        First-order 
 Iteration  Func-count       f(x)        Step-size       optimality
    20          21       0.00430366              1        0.00259  
    21          22       0.00343388              1        0.00276  
    22          23       0.00276672              1        0.00195  
    23          24       0.00226999              1        0.00195  
    24          25       0.00193445              1        0.00135  
    25          26        0.0016984              1        0.00111  
    26          27       0.00152367              1        0.00122  
    27          28       0.00139211              1        0.00107  
    28          29       0.00128271              1       0.000972  
    29          30       0.00119391              1       0.000811  
    30          31       0.00111636              1       0.000762  
    31          32       0.00105124              1       0.000876  
    32          33      0.000990389              1       0.000876  
    33          34      0.000936199              1       0.000964  
    34          35      0.000884698              1       0.000756  
    35          36       0.00083738              1       0.000616  
    36          37      0.000791678              1       0.000626  
    37          38      0.000749194              1       0.000551  
    38          39      0.000709321              1       0.000552  
    39          40      0.000671171              1       0.000647  
                                                        First-order 
 Iteration  Func-count       f(x)        Step-size       optimality
    40          41      0.000632977              1       0.000735  
    41          42      0.000595123              1       0.000668  
    42          43      0.000558135              1       0.000527  
    43          44      0.000522217              1       0.000479  
    44          45      0.000488952              1       0.000504  
    45          46      0.000459262              1       0.000503  
    46          47      0.000434384              1       0.000523  
    47          48      0.000412518              1        0.00042  
    48          49      0.000393305              1       0.000561  
    49          50      0.000374164              1       0.000357  
    50          51      0.000356393              1        0.00036  
    51          52      0.000340885              1       0.000339  
    52          53      0.000326495              1       0.000288  
    53          54      0.000311816              1       0.000294  
    54          55      0.000298152              1       0.000319  
    55          56      0.000284967              1       0.000295  
    56          57      0.000272787              1       0.000301  
    57          58      0.000260915              1       0.000356  
    58          59      0.000249673              1       0.000332  
    59          60      0.000238022              1       0.000376  
                                                        First-order 
 Iteration  Func-count       f(x)        Step-size       optimality
    60          61      0.000226319              1       0.000376  
    61          62       0.00021407              1       0.000361  
    62          63      0.000203031              1       0.000294  
    63          64      0.000192817              1        0.00033  
    64          65       0.00018453              1       0.000322  
    65          66      0.000176454              1       0.000279  
    66          67      0.000169395              1       0.000234  
    67          68      0.000162608              1       0.000224  
    68          69        0.0001567              1       0.000247  
    69          70      0.000151333              1        0.00021  
    70          71      0.000146904              1       0.000244  
    71          72      0.000143015              1       0.000191  
    72          73      0.000139672              1       0.000187  
    73          74      0.000136453              1       0.000139  
    74          75      0.000133395              1        0.00017  
    75          76      0.000130352              1       0.000176  
    76          77      0.000127514              1       0.000158  
    77          78      0.000124884              1       0.000137  
    78          79      0.000122513              1       0.000149  
    79          80      0.000120204              1       0.000148  
                                                        First-order 
 Iteration  Func-count       f(x)        Step-size       optimality
    80          81      0.000117867              1       0.000162  
    81          82      0.000115396              1       0.000155  
    82          83      0.000112872              1        0.00014  
    83          84      0.000110309              1       0.000121  
    84          85      0.000107725              1       0.000129  
    85          86      0.000105068              1        0.00014  
    86          87      0.000102381              1       0.000124  
    87          88      9.97634e-05              1       0.000108  
    88          89      9.73664e-05              1       0.000115  
    89          90       9.5236e-05              1       0.000114  
    90          91      9.33003e-05              1       0.000107  
    91          92      9.14654e-05              1       0.000114  
    92          93      8.97012e-05              1       0.000106  
    93          94      8.80789e-05              1       9.58e-05  
    94          95      8.66163e-05              1       8.06e-05  
    95          96      8.53003e-05              1       8.99e-05  
    96          97      8.40074e-05              1       9.43e-05  
    97          98      8.27273e-05              1       8.48e-05  
    98          99      8.14612e-05              1       0.000107  
    99         100      8.03016e-05              1       9.08e-05  
                                                        First-order 
 Iteration  Func-count       f(x)        Step-size       optimality
   100         101      7.91658e-05              1       8.09e-05  
   101         102      7.80798e-05              1       9.07e-05  
   102         103      7.70292e-05              1       7.92e-05  
   103         104      7.60601e-05              1       8.27e-05  
   104         105      7.51568e-05              1       7.57e-05  
   105         106      7.43144e-05              1       6.58e-05  
   106         107      7.35076e-05              1       6.36e-05  
   107         108        7.273e-05              1       6.79e-05  
   108         109      7.19582e-05              1       6.46e-05  
   109         110      7.11788e-05              1       7.01e-05  
   110         111      7.03811e-05              1       7.87e-05  
   111         112      6.95892e-05              1       8.08e-05  
   112         113      6.88183e-05              1       7.98e-05  
   113         114      6.80716e-05              1       7.55e-05  
   114         115      6.72981e-05              1       7.59e-05  
   115         116      6.64569e-05              1       8.67e-05  
   116         117      6.55105e-05              1       7.57e-05  
   117         118      6.44971e-05              1        8.1e-05  
   118         119      6.34082e-05              1       8.53e-05  
   119         120      6.22469e-05              1       9.51e-05  
                                                        First-order 
 Iteration  Func-count       f(x)        Step-size       optimality
   120         121      6.09018e-05              1       0.000111  
   121         122      5.94265e-05              1       0.000102  
   122         123      5.78139e-05              1       0.000115  
   123         124      5.62855e-05              1       8.77e-05  
   124         125       5.4795e-05              1       9.62e-05  
   125         126      5.35133e-05              1        0.00011  
   126         127      5.22578e-05              1       9.12e-05  
   127         128      5.11445e-05              1        8.8e-05  
   128         129      4.99984e-05              1        7.5e-05  
   129         130      4.90944e-05              1       7.47e-05  
   130         131      4.81286e-05              1       7.05e-05  
   131         132      4.72745e-05              1       7.02e-05  
   132         133      4.64372e-05              1       7.27e-05  
   133         134      4.56438e-05              1       7.49e-05  
   134         135       4.4841e-05              1       7.52e-05  
   135         136      4.40785e-05              1       7.57e-05  
   136         137       4.3354e-05              1       6.21e-05  
   137         138      4.26865e-05              1       5.91e-05  
   138         139      4.20564e-05              1       5.86e-05  
   139         140      4.15044e-05              1       5.51e-05  
                                                        First-order 
 Iteration  Func-count       f(x)        Step-size       optimality
   140         141      4.10218e-05              1       4.99e-05  
   141         142      4.06031e-05              1       4.33e-05  
   142         143      4.01999e-05              1       4.96e-05  
   143         144       3.9818e-05              1       4.62e-05  
   144         145      3.94545e-05              1       4.37e-05  
   145         146      3.91242e-05              1       4.26e-05  
   146         147      3.88258e-05              1        4.5e-05  
   147         148      3.85623e-05              1       4.55e-05  
   148         149       3.8324e-05              1       4.53e-05  
   149         150      3.81005e-05              1       4.06e-05  
   150         151      3.78833e-05              1       3.55e-05  
   151         152      3.76744e-05              1        3.7e-05  
   152         153      3.74731e-05              1       3.51e-05  
   153         154      3.72695e-05              1        4.1e-05  
   154         155      3.70478e-05              1       3.94e-05  
   155         156      3.68045e-05              1       3.78e-05  
   156         157        3.655e-05              1       3.88e-05  
   157         158      3.62974e-05              1       4.43e-05  
   158         159      3.60397e-05              1       5.34e-05  
   159         160      3.57659e-05              1        4.5e-05  
                                                        First-order 
 Iteration  Func-count       f(x)        Step-size       optimality
   160         161      3.54657e-05              1        5.6e-05  
   161         162      3.51617e-05              1       4.64e-05  
   162         163      3.48603e-05              1        4.7e-05  
   163         164      3.45746e-05              1       4.65e-05  
   164         165      3.42763e-05              1       4.59e-05  
   165         166      3.39842e-05              1       5.32e-05  
   166         167      3.36947e-05              1       5.11e-05  
   167         168      3.34362e-05              1       4.22e-05  
   168         169      3.31885e-05              1       3.99e-05  
   169         170      3.29524e-05              1       3.86e-05  
   170         171      3.26999e-05              1       4.16e-05  
   171         172      3.24339e-05              1       4.27e-05  
   172         173      3.21367e-05              1        5.2e-05  
   173         174      3.18305e-05              1       5.06e-05  
   174         175      3.15188e-05              1       5.63e-05  
   175         176      3.12421e-05              1       5.73e-05  
   176         177      3.09788e-05              1       5.61e-05  
   177         178      3.07281e-05              1       5.88e-05  
   178         179      3.04533e-05              1        6.1e-05  
   179         180      3.01599e-05              1       6.58e-05  
                                                        First-order 
 Iteration  Func-count       f(x)        Step-size       optimality
   180         181      2.98429e-05              1       6.01e-05  
   181         182      2.95248e-05              1       5.69e-05  
   182         183      2.91991e-05              1       5.65e-05  
   183         184      2.88674e-05              1       6.86e-05  
   184         185      2.85187e-05              1       6.84e-05  
   185         186       2.8179e-05              1       8.13e-05  
   186         187      2.78539e-05              1       7.35e-05  
   187         188      2.75678e-05              1       7.99e-05  
   188         189      2.73004e-05              1       7.07e-05  
   189         190      2.70526e-05              1       7.39e-05  
   190         191      2.68192e-05              1       5.96e-05  
   191         192       2.6611e-05              1       6.16e-05  
   192         193      2.64175e-05              1       3.93e-05  
   193         194       2.6245e-05              1       4.62e-05  
   194         195      2.60898e-05              1       4.06e-05  
   195         196      2.59537e-05              1       3.29e-05  
   196         197      2.58226e-05              1       2.86e-05  
   197         198      2.56987e-05              1       2.83e-05  
   198         199      2.55836e-05              1       2.67e-05  
   199         200      2.54835e-05              1       2.27e-05  
                                                        First-order 
 Iteration  Func-count       f(x)        Step-size       optimality
   200         201      2.53963e-05              1       2.21e-05  
   201         202      2.53197e-05              1       2.17e-05  
   202         203      2.52511e-05              1       1.97e-05  
   203         204      2.51909e-05              1       1.74e-05  
   204         205      2.51383e-05              1       1.63e-05  
   205         206      2.50919e-05              1       1.75e-05  
   206         207       2.5049e-05              1       1.75e-05  
   207         208      2.50071e-05              1       1.71e-05  
   208         209      2.49637e-05              1       1.48e-05  
   209         210      2.49179e-05              1        1.7e-05  
   210         211      2.48714e-05              1       1.84e-05  
   211         212      2.48271e-05              1       1.87e-05  
   212         213      2.47863e-05              1       1.73e-05  
   213         214      2.47463e-05              1       1.68e-05  
   214         215      2.47043e-05              1       1.61e-05  
   215         216      2.46599e-05              1       1.55e-05  
   216         217      2.46154e-05              1       1.78e-05  
   217         218      2.45731e-05              1       1.68e-05  
   218         219      2.45341e-05              1       1.63e-05  
   219         220       2.4498e-05              1       1.67e-05  
                                                        First-order 
 Iteration  Func-count       f(x)        Step-size       optimality
   220         221      2.44642e-05              1       1.54e-05  
   221         222      2.44312e-05              1       1.56e-05  
   222         223      2.43977e-05              1       1.68e-05  
   223         224      2.43629e-05              1       1.82e-05  
   224         225       2.4327e-05              1       1.96e-05  
   225         226      2.42908e-05              1       2.01e-05  
   226         227      2.42541e-05              1          2e-05  
   227         228      2.42163e-05              1       1.91e-05  
   228         229       2.4177e-05              1        1.8e-05  
   229         230      2.41371e-05              1       1.84e-05  
   230         231      2.40973e-05              1       1.93e-05  
   231         232      2.40573e-05              1       2.05e-05  
   232         233      2.40163e-05              1       2.12e-05  
   233         234      2.39743e-05              1       2.24e-05  
   234         235      2.39323e-05              1       2.27e-05  
   235         236      2.38902e-05              1       2.33e-05  
   236         237      2.38474e-05              1       2.29e-05  
   237         238      2.38035e-05              1       2.27e-05  
   238         239        2.376e-05              1       2.16e-05  
   239         240      2.37173e-05              1       2.08e-05  
                                                        First-order 
 Iteration  Func-count       f(x)        Step-size       optimality
   240         241      2.36745e-05              1       1.97e-05  
   241         242      2.36286e-05              1       1.87e-05  
   242         243      2.35797e-05              1       1.76e-05  
   243         244      2.35302e-05              1       1.72e-05  
   244         245      2.34835e-05              1       1.65e-05  
   245         246      2.34395e-05              1       1.72e-05  
   246         247      2.33975e-05              1       1.88e-05  
   247         248      2.33571e-05              1       1.41e-05  
   248         249      2.33202e-05              1        1.5e-05  
   249         250      2.32867e-05              1       1.32e-05  
   250         251      2.32557e-05              1       1.56e-05  
   251         252      2.32258e-05              1       1.56e-05  
   252         253      2.31978e-05              1       1.23e-05  
   253         254      2.31724e-05              1       1.13e-05  
   254         255      2.31503e-05              1       1.11e-05  
   255         256        2.313e-05              1       1.05e-05  
   256         257      2.31102e-05              1       1.24e-05  
   257         258      2.30896e-05              1       1.09e-05  
   258         259      2.30683e-05              1       1.23e-05  
   259         260       2.3047e-05              1       1.07e-05  
                                                        First-order 
 Iteration  Func-count       f(x)        Step-size       optimality
   260         261      2.30271e-05              1       9.73e-06  
   261         262      2.30092e-05              1        1.1e-05  
   262         263      2.29926e-05              1       1.26e-05  
   263         264      2.29767e-05              1       9.53e-06  
   264         265      2.29608e-05              1       9.75e-06  
   265         266      2.29446e-05              1       1.07e-05  
   266         267      2.29284e-05              1       1.15e-05  
   267         268      2.29121e-05              1       1.05e-05  
   268         269      2.28961e-05              1       9.45e-06  
   269         270      2.28803e-05              1       9.16e-06  
   270         271      2.28646e-05              1       9.98e-06  
   271         272      2.28484e-05              1          1e-05  
   272         273      2.28316e-05              1       9.43e-06  
   273         274      2.28143e-05              1       1.04e-05  
   274         275       2.2797e-05              1       1.05e-05  
   275         276        2.278e-05              1       1.02e-05  
   276         277      2.27641e-05              1       8.42e-06  
   277         278      2.27488e-05              1       8.68e-06  
   278         279      2.27336e-05              1       9.32e-06  
   279         280      2.27172e-05              1       1.07e-05  
                                                        First-order 
 Iteration  Func-count       f(x)        Step-size       optimality
   280         281      2.26997e-05              1       1.07e-05  
   281         282      2.26818e-05              1       1.13e-05  
   282         283      2.26646e-05              1       1.21e-05  
   283         284      2.26481e-05              1       1.26e-05  
   284         285       2.2632e-05              1        1.1e-05  
   285         286      2.26153e-05              1       1.11e-05  
   286         287      2.25982e-05              1       1.12e-05  
   287         288      2.25805e-05              1       1.18e-05  
   288         289      2.25628e-05              1       1.16e-05  
   289         290      2.25449e-05              1       1.04e-05  
   290         291      2.25266e-05              1        1.2e-05  
   291         292      2.25074e-05              1       1.45e-05  
   292         293      2.24873e-05              1       1.38e-05  
   293         294      2.24667e-05              1        1.5e-05  
   294         295      2.24461e-05              1       1.51e-05  
   295         296      2.24243e-05              1       1.37e-05  
   296         297      2.24005e-05              1       1.32e-05  
   297         298      2.23732e-05              1       1.42e-05  
   298         299      2.23442e-05              1       1.33e-05  
   299         300       2.2314e-05              1       1.26e-05  
                                                        First-order 
 Iteration  Func-count       f(x)        Step-size       optimality
   300         301      2.22846e-05              1       1.28e-05  
   301         302      2.22548e-05              1       1.28e-05  
   302         303      2.22252e-05              1       1.49e-05  
   303         304      2.21936e-05              1       1.32e-05  
   304         305       2.2161e-05              1       1.83e-05  
   305         306      2.21257e-05              1       1.79e-05  
   306         307      2.20897e-05              1       2.28e-05  
   307         308       2.2051e-05              1       2.18e-05  
   308         309      2.20101e-05              1       2.57e-05  
   309         310      2.19613e-05              1       2.62e-05  
   310         311      2.19059e-05              1       3.13e-05  
   311         312      2.18428e-05              1       3.15e-05  
   312         313      2.17795e-05              1       3.77e-05  
   313         314      2.17132e-05              1       3.18e-05  
   314         315      2.16474e-05              1       4.15e-05  
   315         316      2.15654e-05              1       3.02e-05  
   316         317      2.14693e-05              1       3.18e-05  
   317         318      2.13588e-05              1       2.75e-05  
   318         319      2.12628e-05              1       2.86e-05  
   319         320      2.11511e-05              1       2.51e-05  
                                                        First-order 
 Iteration  Func-count       f(x)        Step-size       optimality
   320         321      2.10559e-05              1       2.55e-05  
   321         322       2.0951e-05              1       3.62e-05  
   322         323      2.08522e-05              1       2.91e-05  
   323         324      2.07223e-05              1       2.48e-05  
   324         325      2.06332e-05              1       2.43e-05  
   325         326      2.05166e-05              1       2.76e-05  
   326         327      2.04222e-05              1       2.35e-05  
   327         328      2.03336e-05              1       1.75e-05  
   328         329      2.02563e-05              1       2.56e-05  
   329         330      2.01812e-05              1       2.52e-05  
   330         331      2.01115e-05              1       1.89e-05  
   331         332      2.00503e-05              1       1.87e-05  
   332         333       1.9997e-05              1       1.93e-05  
   333         334      1.99446e-05              1       2.07e-05  
   334         335      1.98854e-05              1       1.74e-05  
   335         336      1.98334e-05              1       1.71e-05  
   336         337      1.97834e-05              1       2.08e-05  
   337         338       1.9733e-05              1       1.96e-05  
   338         339       1.9685e-05              1       1.73e-05  
   339         340        1.964e-05              1       1.51e-05  
                                                        First-order 
 Iteration  Func-count       f(x)        Step-size       optimality
   340         341      1.95981e-05              1       1.63e-05  
   341         342      1.95571e-05              1       1.67e-05  
   342         343       1.9515e-05              1       1.66e-05  
   343         344      1.94708e-05              1       1.46e-05  
   344         345      1.94247e-05              1       1.84e-05  
   345         346      1.93778e-05              1       2.18e-05  
   346         347       1.9332e-05              1       2.41e-05  
   347         348      1.92885e-05              1       2.24e-05  
   348         349      1.92474e-05              1       1.59e-05  
   349         350      1.92072e-05              1       1.78e-05  
   350         351      1.91668e-05              1       1.73e-05  
   351         352      1.91273e-05              1       1.56e-05  
   352         353      1.90902e-05              1       1.41e-05  
   353         354      1.90564e-05              1       1.49e-05  
   354         355       1.9025e-05              1       1.55e-05  
   355         356      1.89957e-05              1       1.44e-05  
   356         357      1.89679e-05              1       1.46e-05  
   357         358      1.89414e-05              1       1.36e-05  
   358         359      1.89154e-05              1       1.27e-05  
   359         360      1.88905e-05              1        1.2e-05  
                                                        First-order 
 Iteration  Func-count       f(x)        Step-size       optimality
   360         361      1.88676e-05              1        1.2e-05  
   361         362      1.88467e-05              1       1.13e-05  
   362         363      1.88268e-05              1       1.03e-05  
   363         364      1.88075e-05              1       1.04e-05  
   364         365      1.87889e-05              1       9.67e-06  
   365         366      1.87718e-05              1       9.98e-06  
   366         367      1.87556e-05              1          1e-05  
   367         368      1.87398e-05              1       9.95e-06  
   368         369      1.87243e-05              1       1.05e-05  
   369         370      1.87094e-05              1       8.85e-06  
   370         371      1.86953e-05              1       8.55e-06  
   371         372      1.86819e-05              1       9.98e-06  
   372         373      1.86691e-05              1       9.68e-06  
   373         374      1.86568e-05              1       8.33e-06  
   374         375      1.86446e-05              1       9.23e-06  
   375         376       1.8632e-05              1       9.22e-06  
   376         377      1.86195e-05              1       8.55e-06  
   377         378      1.86079e-05              1       8.11e-06  
   378         379      1.85977e-05              1       7.79e-06  
   379         380      1.85886e-05              1       7.22e-06  
                                                        First-order 
 Iteration  Func-count       f(x)        Step-size       optimality
   380         381      1.85801e-05              1       7.01e-06  
   381         382      1.85718e-05              1       7.23e-06  
   382         383      1.85633e-05              1       7.02e-06  
   383         384      1.85546e-05              1       7.76e-06  
   384         385      1.85457e-05              1       8.84e-06  
   385         386      1.85374e-05              1       6.67e-06  
   386         387      1.85302e-05              1       6.56e-06  
   387         388       1.8524e-05              1       7.91e-06  
   388         389      1.85183e-05              1        7.6e-06  
   389         390      1.85128e-05              1       5.76e-06  
   390         391      1.85079e-05              1       5.96e-06  
   391         392      1.85035e-05              1       5.98e-06  
   392         393      1.84997e-05              1        5.7e-06  
   393         394      1.84961e-05              1       5.64e-06  
   394         395      1.84927e-05              1       4.59e-06  
   395         396      1.84893e-05              1       4.48e-06  
   396         397      1.84859e-05              1       4.29e-06  
   397         398      1.84826e-05              1       4.97e-06  
   398         399      1.84795e-05              1       4.74e-06  
   399         400      1.84767e-05              1       3.62e-06  
                                                        First-order 
 Iteration  Func-count       f(x)        Step-size       optimality
   400         401       1.8474e-05              1       4.08e-06  
   401         402      1.84714e-05              1       4.09e-06  
   402         403      1.84688e-05              1       3.71e-06  
   403         404      1.84663e-05              1       3.49e-06  
   404         405      1.84638e-05              1       4.54e-06  
   405         406      1.84612e-05              1       5.18e-06  
   406         407      1.84584e-05              1       4.86e-06  
   407         408      1.84554e-05              1          4e-06  
   408         409      1.84525e-05              1       4.22e-06  
   409         410        1.845e-05              1       3.75e-06  
   410         411      1.84476e-05              1       3.68e-06  
   411         412      1.84454e-05              1       4.23e-06  
   412         413      1.84431e-05              1       3.48e-06  
   413         414      1.84408e-05              1       3.53e-06  
   414         415      1.84384e-05              1       3.68e-06  
   415         416      1.84359e-05              1       3.89e-06  
   416         417      1.84335e-05              1       4.79e-06  
   417         418      1.84311e-05              1       4.29e-06  
   418         419      1.84287e-05              1       4.05e-06  
   419         420      1.84263e-05              1       3.56e-06  
                                                        First-order 
 Iteration  Func-count       f(x)        Step-size       optimality
   420         421      1.84239e-05              1       4.15e-06  
   421         422      1.84216e-05              1       3.63e-06  
   422         423      1.84195e-05              1       3.28e-06  
   423         424      1.84176e-05              1       3.46e-06  
   424         425      1.84158e-05              1       3.38e-06  
   425         426      1.84139e-05              1       3.02e-06  
   426         427       1.8412e-05              1       3.31e-06  
   427         428        1.841e-05              1       3.52e-06  
   428         429       1.8408e-05              1       4.48e-06  
   429         430      1.84059e-05              1       4.19e-06  
   430         431      1.84039e-05              1       3.52e-06  
   431         432      1.84019e-05              1       4.35e-06  
   432         433         1.84e-05              1       4.03e-06  
   433         434      1.83982e-05              1       2.96e-06  
   434         435      1.83963e-05              1       3.42e-06  
   435         436      1.83945e-05              1       3.23e-06  
   436         437      1.83926e-05              1       3.23e-06  
   437         438      1.83908e-05              1       3.06e-06  
   438         439       1.8389e-05              1       2.97e-06  
   439         440      1.83873e-05              1        2.8e-06  
                                                        First-order 
 Iteration  Func-count       f(x)        Step-size       optimality
   440         441      1.83856e-05              1       2.77e-06  
   441         442       1.8384e-05              1       2.82e-06  
   442         443      1.83823e-05              1       3.17e-06  
   443         444      1.83806e-05              1       3.03e-06  
   444         445      1.83788e-05              1       3.13e-06  
   445         446       1.8377e-05              1        3.2e-06  
   446         447      1.83752e-05              1       2.97e-06  
   447         448      1.83736e-05              1       3.05e-06  
   448         449      1.83719e-05              1       2.86e-06  
   449         450      1.83704e-05              1       2.63e-06  
   450         451      1.83689e-05              1       3.08e-06  
   451         452      1.83676e-05              1       2.95e-06  
   452         453      1.83663e-05              1       2.74e-06  
   453         454       1.8365e-05              1       2.75e-06  
   454         455      1.83636e-05              1        2.9e-06  
   455         456      1.83622e-05              1       3.44e-06  
   456         457      1.83607e-05              1       3.28e-06  
   457         458      1.83594e-05              1       2.72e-06  
   458         459      1.83581e-05              1       2.44e-06  
   459         460      1.83569e-05              1       2.65e-06  
                                                        First-order 
 Iteration  Func-count       f(x)        Step-size       optimality
   460         461      1.83557e-05              1       2.75e-06  
   461         462      1.83545e-05              1       2.43e-06  
   462         463      1.83533e-05              1       2.96e-06  
   463         464       1.8352e-05              1       3.14e-06  
   464         465      1.83507e-05              1       3.85e-06  
   465         466      1.83494e-05              1       3.58e-06  
   466         467      1.83482e-05              1       2.99e-06  
   467         468       1.8347e-05              1       3.02e-06  
   468         469      1.83459e-05              1       2.94e-06  
   469         470      1.83448e-05              1       3.13e-06  
   470         471      1.83437e-05              1       2.85e-06  
   471         472      1.83424e-05              1       2.55e-06  
   472         473      1.83411e-05              1       2.77e-06  
   473         474      1.83398e-05              1       3.46e-06  
   474         475      1.83385e-05              1       3.83e-06  
   475         476      1.83373e-05              1       3.16e-06  
   476         477      1.83362e-05              1       2.39e-06  
   477         478      1.83351e-05              1       2.61e-06  
   478         479      1.83341e-05              1       2.63e-06  
   479         480       1.8333e-05              1       2.87e-06  
                                                        First-order 
 Iteration  Func-count       f(x)        Step-size       optimality
   480         481       1.8332e-05              1       2.93e-06  
   481         482      1.83311e-05              1       2.16e-06  
   482         483      1.83302e-05              1       2.09e-06  
   483         484      1.83293e-05              1       2.29e-06  
   484         485      1.83284e-05              1       2.09e-06  
   485         486      1.83276e-05              1       1.97e-06  
   486         487      1.83268e-05              1       2.42e-06  
   487         488       1.8326e-05              1       2.17e-06  
   488         489      1.83252e-05              1       2.16e-06  
   489         490      1.83244e-05              1       2.22e-06  
   490         491      1.83236e-05              1       1.87e-06  
   491         492      1.83228e-05              1       2.04e-06  
   492         493       1.8322e-05              1       1.94e-06  
   493         494      1.83213e-05              1       1.84e-06  
   494         495      1.83206e-05              1       1.94e-06  
   495         496      1.83198e-05              1       2.16e-06  
   496         497      1.83191e-05              1       2.37e-06  
   497         498      1.83183e-05              1       2.14e-06  
   498         499      1.83176e-05              1       2.05e-06  
   499         500      1.83169e-05              1       1.86e-06  
                                                        First-order 
 Iteration  Func-count       f(x)        Step-size       optimality
   500         501      1.83162e-05              1       2.03e-06  
   501         502      1.83156e-05              1       1.85e-06  
   502         503      1.83149e-05              1       2.14e-06  
   503         504      1.83143e-05              1       2.39e-06  
   504         505      1.83136e-05              1       2.18e-06  
   505         506      1.83129e-05              1       2.16e-06  
   506         507      1.83121e-05              1       2.56e-06  
   507         508      1.83115e-05              1       2.38e-06  
   508         509      1.83107e-05              1       1.96e-06  
   509         510        1.831e-05              1        1.8e-06  
   510         511      1.83093e-05              1       1.81e-06  
   511         512      1.83087e-05              1       2.12e-06  
   512         513       1.8308e-05              1       2.18e-06  
   513         514      1.83074e-05              1       1.81e-06  
   514         515      1.83068e-05              1       1.83e-06  
   515         516      1.83062e-05              1       1.88e-06  
   516         517      1.83056e-05              1       1.91e-06  
   517         518      1.83049e-05              1       2.07e-06  
   518         519      1.83043e-05              1       2.02e-06  
   519         520      1.83036e-05              1       2.12e-06  
                                                        First-order 
 Iteration  Func-count       f(x)        Step-size       optimality
   520         521       1.8303e-05              1       1.93e-06  
   521         522      1.83025e-05              1       1.78e-06  
   522         523      1.83019e-05              1       1.94e-06  
   523         524      1.83014e-05              1        1.7e-06  
   524         525      1.83009e-05              1       1.77e-06  
   525         526      1.83004e-05              1        1.9e-06  
   526         527      1.82998e-05              1       2.22e-06  
   527         528      1.82992e-05              1       1.87e-06  
   528         529      1.82987e-05              1       1.81e-06  
   529         530      1.82982e-05              1       1.77e-06  
   530         531      1.82976e-05              1       1.86e-06  
   531         532      1.82971e-05              1       1.79e-06  
   532         533      1.82966e-05              1       1.73e-06  
   533         534      1.82961e-05              1       1.59e-06  
   534         535      1.82957e-05              1       1.48e-06  
   535         536      1.82953e-05              1       1.38e-06  
   536         537       1.8295e-05              1       1.49e-06  
   537         538      1.82947e-05              1       1.27e-06  
   538         539      1.82944e-05              1       1.26e-06  
   539         540      1.82941e-05              1        1.2e-06  
                                                        First-order 
 Iteration  Func-count       f(x)        Step-size       optimality
   540         541      1.82938e-05              1       1.27e-06  
   541         542      1.82936e-05              1       1.22e-06  
   542         543      1.82933e-05              1       1.19e-06  
   543         544      1.82931e-05              1       1.21e-06  
   544         545      1.82929e-05              1       1.13e-06  
   545         546      1.82926e-05              1       1.11e-06  
   546         547      1.82924e-05              1        1.1e-06  
   547         548      1.82922e-05              1       1.07e-06  
   548         549       1.8292e-05              1          1e-06  
   549         550      1.82918e-05              1       1.11e-06  
   550         551      1.82916e-05              1       1.01e-06  
   551         552      1.82914e-05              1       1.13e-06  
   552         553      1.82912e-05              1       1.04e-06  
   553         554       1.8291e-05              1       1.05e-06  
   554         555      1.82908e-05              1       1.18e-06  
   555         556      1.82906e-05              1       1.08e-06  
   556         557      1.82904e-05              1       9.96e-07  
   557         558      1.82902e-05              1       9.95e-07  
   558         559        1.829e-05              1       1.13e-06  
   559         560      1.82898e-05              1       1.08e-06  
                                                        First-order 
 Iteration  Func-count       f(x)        Step-size       optimality
   560         561      1.82897e-05              1       8.52e-07  
   561         562      1.82895e-05              1       8.88e-07  
   562         563      1.82894e-05              1       1.05e-06  
   563         564      1.82892e-05              1       9.18e-07  
   564         565       1.8289e-05              1       8.71e-07  
   565         566      1.82889e-05              1       8.06e-07  
   566         567      1.82887e-05              1       8.88e-07  
   567         568      1.82886e-05              1       9.71e-07  
   568         569      1.82885e-05              1        9.6e-07  
   569         570      1.82883e-05              1       9.79e-07  
   570         571      1.82882e-05              1       9.24e-07  
   571         572       1.8288e-05              1       9.27e-07  
   572         573      1.82879e-05              1       9.23e-07  
   573         574      1.82877e-05              1       1.13e-06  
   574         575      1.82876e-05              1        1.1e-06  
   575         576      1.82875e-05              1       8.81e-07  
   576         577      1.82873e-05              1       1.02e-06  
   577         578      1.82872e-05              1       9.33e-07  
   578         579       1.8287e-05              1       8.47e-07  
   579         580      1.82869e-05              1       1.06e-06  
                                                        First-order 
 Iteration  Func-count       f(x)        Step-size       optimality
   580         581      1.82867e-05              1       1.06e-06  
   581         582      1.82866e-05              1       9.72e-07  
   582         583      1.82864e-05              1       1.11e-06  
   583         584      1.82862e-05              1       1.14e-06  
   584         585      1.82861e-05              1       8.65e-07  
   585         586      1.82859e-05              1       9.69e-07  
   586         587      1.82857e-05              1       1.08e-06  
   587         588      1.82855e-05              1       1.07e-06  
   588         589      1.82853e-05              1       1.02e-06  
   589         590      1.82851e-05              1       1.02e-06  
   590         591      1.82849e-05              1        1.1e-06  
   591         592      1.82847e-05              1       1.15e-06  
   592         593      1.82845e-05              1       1.19e-06  
   593         594      1.82843e-05              1       1.41e-06  
   594         595       1.8284e-05              1       1.23e-06  
   595         596      1.82838e-05              1        1.3e-06  
   596         597      1.82835e-05              1        1.2e-06  
   597         598      1.82833e-05              1       1.23e-06  
   598         599       1.8283e-05              1       1.41e-06  
   599         600      1.82828e-05              1       1.22e-06  
                                                        First-order 
 Iteration  Func-count       f(x)        Step-size       optimality
   600         601      1.82825e-05              1       1.38e-06  
   601         602      1.82822e-05              1       1.24e-06  
   602         603      1.82819e-05              1       1.44e-06  
   603         604      1.82816e-05              1       1.43e-06  
   604         605      1.82813e-05              1       1.71e-06  
   605         606       1.8281e-05              1       1.62e-06  
   606         607      1.82806e-05              1       1.81e-06  
   607         608      1.82803e-05              1       1.73e-06  
   608         609      1.82799e-05              1       1.86e-06  
   609         610      1.82794e-05              1       2.04e-06  
   610         611       1.8279e-05              1       2.28e-06  
   611         612      1.82784e-05              1       2.54e-06  
   612         613      1.82779e-05              1       2.82e-06  
   613         614      1.82772e-05              1       3.04e-06  
   614         615      1.82763e-05              1       3.21e-06  
   615         616      1.82755e-05              1       3.14e-06  
   616         617      1.82746e-05              1       3.35e-06  
   617         618      1.82737e-05              1       4.13e-06  
   618         619      1.82727e-05              1       3.11e-06  
   619         620      1.82712e-05              1        3.4e-06  
                                                        First-order 
 Iteration  Func-count       f(x)        Step-size       optimality
   620         621        1.827e-05              1       3.71e-06  
   621         622      1.82685e-05              1       3.98e-06  
   622         623      1.82672e-05              1       4.36e-06  
   623         624      1.82657e-05              1       4.25e-06  
   624         625      1.82643e-05              1        4.7e-06  
   625         626       1.8263e-05              1        3.8e-06  
   626         627      1.82615e-05              1        4.1e-06  
   627         628        1.826e-05              1       3.77e-06  
   628         629      1.82586e-05              1       3.72e-06  
   629         630      1.82572e-05              1       3.54e-06  
   630         631      1.82556e-05              1        3.4e-06  
   631         632       1.8254e-05              1       3.23e-06  
   632         633      1.82523e-05              1        3.4e-06  
   633         634      1.82505e-05              1       3.15e-06  
   634         635      1.82486e-05              1       3.14e-06  
   635         636      1.82467e-05              1       3.25e-06  
   636         637      1.82447e-05              1       3.56e-06  
   637         638      1.82429e-05              1       3.56e-06  
   638         639      1.82411e-05              1        3.5e-06  
   639         640      1.82392e-05              1       3.36e-06  
                                                        First-order 
 Iteration  Func-count       f(x)        Step-size       optimality
   640         641      1.82368e-05              1       3.16e-06  
   641         642      1.82347e-05              1       3.72e-06  
   642         643      1.82326e-05              1       3.56e-06  
   643         644      1.82305e-05              1       3.44e-06  
   644         645      1.82286e-05              1       2.84e-06  
   645         646      1.82269e-05              1       2.81e-06  
   646         647      1.82253e-05              1       3.18e-06  
   647         648      1.82236e-05              1       3.09e-06  
   648         649       1.8222e-05              1       3.03e-06  
   649         650      1.82203e-05              1       2.89e-06  
   650         651      1.82187e-05              1       2.78e-06  
   651         652      1.82172e-05              1       2.78e-06  
   652         653      1.82158e-05              1       2.63e-06  
   653         654      1.82145e-05              1       2.86e-06  
   654         655      1.82133e-05              1       2.99e-06  
   655         656      1.82121e-05              1       3.24e-06  
   656         657      1.82111e-05              1       3.23e-06  
   657         658      1.82101e-05              1       2.87e-06  
   658         659      1.82092e-05              1       2.54e-06  
   659         660      1.82081e-05              1       2.55e-06  
                                                        First-order 
 Iteration  Func-count       f(x)        Step-size       optimality
   660         661      1.82071e-05              1        2.3e-06  
   661         662      1.82061e-05              1       2.38e-06  
   662         663       1.8205e-05              1       2.38e-06  
   663         664      1.82039e-05              1       2.33e-06  
   664         665      1.82028e-05              1          3e-06  
   665         666      1.82018e-05              1       2.69e-06  
   666         667      1.82009e-05              1       2.59e-06  
   667         668         1.82e-05              1       2.21e-06  
   668         669      1.81992e-05              1       2.18e-06  
   669         670      1.81984e-05              1       2.37e-06  
   670         671      1.81976e-05              1        2.3e-06  
   671         672      1.81969e-05              1       1.96e-06  
   672         673      1.81962e-05              1       2.08e-06  
   673         674      1.81956e-05              1       1.95e-06  
   674         675      1.81951e-05              1       1.59e-06  
   675         676      1.81945e-05              1       1.66e-06  
   676         677      1.81939e-05              1       1.79e-06  
   677         678      1.81934e-05              1       1.71e-06  
   678         679      1.81928e-05              1       1.57e-06  
   679         680      1.81923e-05              1       1.62e-06  
                                                        First-order 
 Iteration  Func-count       f(x)        Step-size       optimality
   680         681      1.81918e-05              1       1.57e-06  
   681         682      1.81913e-05              1       1.43e-06  
   682         683      1.81908e-05              1       1.68e-06  
   683         684      1.81903e-05              1       1.58e-06  
   684         685      1.81898e-05              1       1.51e-06  
   685         686      1.81893e-05              1       1.53e-06  
   686         687      1.81889e-05              1       1.45e-06  
   687         688      1.81885e-05              1       1.55e-06  
   688         689       1.8188e-05              1       1.51e-06  
   689         690      1.81876e-05              1       1.57e-06  
   690         691      1.81871e-05              1       1.28e-06  
   691         692      1.81867e-05              1       1.34e-06  
   692         693      1.81863e-05              1       1.42e-06  
   693         694       1.8186e-05              1       1.56e-06  
   694         695      1.81857e-05              1        1.4e-06  
   695         696      1.81853e-05              1       1.13e-06  
   696         697       1.8185e-05              1       1.37e-06  
   697         698      1.81847e-05              1       1.58e-06  
   698         699      1.81844e-05              1       1.36e-06  
   699         700      1.81841e-05              1       1.52e-06  
                                                        First-order 
 Iteration  Func-count       f(x)        Step-size       optimality
   700         701      1.81838e-05              1       1.77e-06  
   701         702      1.81835e-05              1       1.62e-06  
   702         703      1.81832e-05              1       1.11e-06  
   703         704       1.8183e-05              1       1.09e-06  
   704         705      1.81828e-05              1       1.14e-06  
   705         706      1.81825e-05              1       1.14e-06  
   706         707      1.81823e-05              1       1.03e-06  
   707         708      1.81821e-05              1       1.01e-06  
   708         709      1.81819e-05              1       1.03e-06  
   709         710      1.81817e-05              1       1.05e-06  
   710         711      1.81815e-05              1       1.09e-06  
   711         712      1.81813e-05              1       8.81e-07  
   712         713      1.81812e-05              1        9.3e-07  
   713         714       1.8181e-05              1       1.08e-06  
   714         715      1.81809e-05              1       1.07e-06  
   715         716      1.81807e-05              1       1.11e-06  
   716         717      1.81806e-05              1       9.12e-07  
   717         718      1.81804e-05              1       9.36e-07  
   718         719      1.81803e-05              1        8.7e-07  
   719         720      1.81802e-05              1       9.41e-07  
                                                        First-order 
 Iteration  Func-count       f(x)        Step-size       optimality
   720         721        1.818e-05              1       9.87e-07  
   721         722      1.81799e-05              1       7.47e-07  
   722         723      1.81798e-05              1       6.96e-07  
   723         724      1.81797e-05              1       7.07e-07  
   724         725      1.81796e-05              1       7.61e-07  
   725         726      1.81795e-05              1       7.67e-07  
   726         727      1.81794e-05              1       8.57e-07  
   727         728      1.81793e-05              1       9.72e-07  
   728         729      1.81792e-05              1       8.46e-07  
   729         730      1.81791e-05              1       7.57e-07  
   730         731       1.8179e-05              1       6.56e-07  
   731         732       1.8179e-05              1        6.2e-07  
   732         733      1.81789e-05              1       6.54e-07  
   733         734      1.81788e-05              1       7.15e-07  
   734         735      1.81787e-05              1       7.66e-07  
   735         736      1.81787e-05              1       6.66e-07  
   736         737      1.81786e-05              1       5.93e-07  
   737         738      1.81785e-05              1       6.56e-07  
   738         739      1.81785e-05              1       5.71e-07  
   739         740      1.81784e-05              1       5.94e-07  
                                                        First-order 
 Iteration  Func-count       f(x)        Step-size       optimality
   740         741      1.81783e-05              1       5.62e-07  
   741         742      1.81783e-05              1          5e-07  
   742         743      1.81782e-05              1       6.09e-07  
   743         744      1.81781e-05              1        6.3e-07  
   744         745      1.81781e-05              1       6.39e-07  
   745         746       1.8178e-05              1       6.51e-07  
   746         747       1.8178e-05              1       5.38e-07  
   747         748      1.81779e-05              1       6.21e-07  
   748         749      1.81779e-05              1       7.96e-07  
   749         750      1.81778e-05              1       7.47e-07  
   750         751      1.81778e-05              1       5.12e-07  
   751         752      1.81777e-05              1       5.61e-07  
   752         753      1.81777e-05              1        5.4e-07  
   753         754      1.81776e-05              1       5.06e-07  
   754         755      1.81776e-05              1       5.72e-07  
   755         756      1.81775e-05              1       5.35e-07  
   756         757      1.81775e-05              1       5.03e-07  
   757         758      1.81774e-05              1       5.14e-07  
   758         759      1.81774e-05              1       4.73e-07  
   759         760      1.81773e-05              1       4.68e-07  
                                                        First-order 
 Iteration  Func-count       f(x)        Step-size       optimality
   760         761      1.81773e-05              1       5.13e-07  
   761         762      1.81772e-05              1        6.3e-07  
   762         763      1.81772e-05              1       5.68e-07  
   763         764      1.81772e-05              1       4.62e-07  
   764         765      1.81771e-05              1       4.38e-07  
   765         766      1.81771e-05              1       4.18e-07  
   766         767      1.81771e-05              1       4.47e-07  
   767         768       1.8177e-05              1       3.98e-07  
   768         769       1.8177e-05              1       4.43e-07  
   769         770       1.8177e-05              1       4.77e-07  
   770         771      1.81769e-05              1       4.35e-07  
   771         772      1.81769e-05              1       4.92e-07  
   772         773      1.81769e-05              1       5.98e-07  
   773         774      1.81768e-05              1       5.64e-07  
   774         775      1.81768e-05              1       5.15e-07  
   775         776      1.81767e-05              1       5.13e-07  
   776         777      1.81767e-05              1        4.5e-07  
   777         778      1.81766e-05              1       6.17e-07  
   778         779      1.81766e-05              1       6.68e-07  
   779         780      1.81766e-05              1       5.29e-07  
                                                        First-order 
 Iteration  Func-count       f(x)        Step-size       optimality
   780         781      1.81765e-05              1       5.89e-07  
   781         782      1.81765e-05              1       5.32e-07  
   782         783      1.81764e-05              1       4.98e-07  
   783         784      1.81764e-05              1       4.93e-07  
   784         785      1.81763e-05              1       5.18e-07  
   785         786      1.81763e-05              1       5.65e-07  
   786         787      1.81762e-05              1       6.21e-07  
   787         788      1.81762e-05              1       5.29e-07  
   788         789      1.81762e-05              1       5.05e-07  
   789         790      1.81761e-05              1       4.29e-07  
   790         791      1.81761e-05              1       4.34e-07  
   791         792       1.8176e-05              1       5.59e-07  
   792         793       1.8176e-05              1       4.87e-07  
   793         794       1.8176e-05              1       5.19e-07  
   794         795      1.81759e-05              1       5.09e-07  
   795         796      1.81759e-05              1       4.27e-07  
   796         797      1.81759e-05              1       4.44e-07  
   797         798      1.81758e-05              1        4.6e-07  
   798         799      1.81758e-05              1       4.05e-07  
   799         800      1.81757e-05              1       3.98e-07  
                                                        First-order 
 Iteration  Func-count       f(x)        Step-size       optimality
   800         801      1.81757e-05              1       3.99e-07  
   801         802      1.81757e-05              1       3.73e-07  
   802         803      1.81757e-05              1       3.94e-07  
   803         804      1.81756e-05              1          4e-07  
   804         805      1.81756e-05              1       4.31e-07  
   805         806      1.81756e-05              1       3.88e-07  
   806         807      1.81755e-05              1       3.66e-07  
   807         808      1.81755e-05              1        4.8e-07  
   808         809      1.81755e-05              1       4.94e-07  
   809         810      1.81755e-05              1       4.01e-07  
   810         811      1.81754e-05              1       3.55e-07  
   811         812      1.81754e-05              1       4.22e-07  
   812         813      1.81754e-05              1       5.51e-07  
   813         814      1.81754e-05              1       4.96e-07  
   814         815      1.81753e-05              1        3.8e-07  
   815         816      1.81753e-05              1       3.81e-07  
   816         817      1.81753e-05              1       4.11e-07  
   817         818      1.81753e-05              1       4.88e-07  
   818         819      1.81752e-05              1       4.34e-07  
   819         820      1.81752e-05              1       4.16e-07  
                                                        First-order 
 Iteration  Func-count       f(x)        Step-size       optimality
   820         821      1.81752e-05              1       3.96e-07  
   821         822      1.81752e-05              1       3.66e-07  
   822         823      1.81751e-05              1        3.6e-07  
   823         824      1.81751e-05              1       3.69e-07  
   824         825      1.81751e-05              1       3.31e-07  
   825         826      1.81751e-05              1       3.27e-07  
   826         827       1.8175e-05              1        3.6e-07  
   827         828       1.8175e-05              1       3.32e-07  
   828         829       1.8175e-05              1       3.46e-07  
   829         830       1.8175e-05              1        3.5e-07  
   830         831       1.8175e-05              1       3.73e-07  
   831         832      1.81749e-05              1       3.37e-07  
   832         833      1.81749e-05              1       3.38e-07  
   833         834      1.81749e-05              1       2.77e-07  
   834         835      1.81749e-05              1       3.17e-07  
   835         836      1.81749e-05              1        2.6e-07  
   836         837      1.81749e-05              1       2.58e-07  
   837         838      1.81748e-05              1       2.56e-07  
   838         839      1.81748e-05              1       2.47e-07  
   839         840      1.81748e-05              1       2.45e-07  
                                                        First-order 
 Iteration  Func-count       f(x)        Step-size       optimality
   840         841      1.81748e-05              1       2.29e-07  
   841         842      1.81748e-05              1       2.43e-07  
   842         843      1.81748e-05              1       2.24e-07  
   843         844      1.81748e-05              1       2.38e-07  
   844         845      1.81748e-05              1       2.27e-07  
   845         846      1.81748e-05              1          2e-07  
   846         847      1.81748e-05              1       1.93e-07  
   847         848      1.81748e-05              1       2.03e-07  
   848         849      1.81748e-05              1       1.97e-07  
   849         850      1.81747e-05              1       2.21e-07  
   850         851      1.81747e-05              1       2.03e-07  
   851         852      1.81747e-05              1       1.84e-07  
   852         853      1.81747e-05              1       1.77e-07  
   853         854      1.81747e-05              1       1.83e-07  
   854         855      1.81747e-05              1       1.88e-07  
   855         856      1.81747e-05              1       2.11e-07  
   856         857      1.81747e-05              1       1.83e-07  
   857         858      1.81747e-05              1       1.57e-07  
   858         859      1.81747e-05              1       1.62e-07  
   859         860      1.81747e-05              1       1.58e-07  
                                                        First-order 
 Iteration  Func-count       f(x)        Step-size       optimality
   860         861      1.81747e-05              1        1.5e-07  
   861         862      1.81747e-05              1       1.64e-07  
   862         863      1.81747e-05              1       1.47e-07  
   863         864      1.81747e-05              1       1.34e-07  
   864         865      1.81747e-05              1       1.53e-07  
   865         866      1.81747e-05              1       1.45e-07  
   866         867      1.81747e-05              1       1.59e-07  
   867         868      1.81747e-05              1       1.58e-07  
   868         869      1.81747e-05              1       1.33e-07  
   869         870      1.81747e-05              1       1.27e-07  
   870         871      1.81747e-05              1       1.47e-07  
   871         872      1.81746e-05              1       1.41e-07  
   872         873      1.81746e-05              1       1.48e-07  
   873         874      1.81746e-05              1       1.72e-07  
   874         875      1.81746e-05              1       1.31e-07  
   875         876      1.81746e-05              1       1.48e-07  
   876         877      1.81746e-05              1       1.19e-07  
   877         878      1.81746e-05              1       1.38e-07  
   878         879      1.81746e-05              1       1.45e-07  
   879         880      1.81746e-05              1       1.54e-07  
                                                        First-order 
 Iteration  Func-count       f(x)        Step-size       optimality
   880         881      1.81746e-05              1       1.49e-07  
   881         882      1.81746e-05              1       1.18e-07  
   882         883      1.81746e-05              1       1.05e-07  
   883         884      1.81746e-05              1       1.11e-07  
   884         885      1.81746e-05              1       1.26e-07  
   885         886      1.81746e-05              1       1.18e-07  
   886         887      1.81746e-05              1       1.18e-07  
   887         888      1.81746e-05              1        1.2e-07  
   888         889      1.81746e-05              1       1.19e-07  
   889         890      1.81746e-05              1       1.07e-07  
   890         891      1.81746e-05              1          1e-07  

Optimization completed: The <a href = "matlab: helpview([docroot '/toolbox/optim/msg_csh/optim_msg_csh.map'],'first_order_opt_unc','CSHelpWindow');">first-order optimality measure</a>, 9.661449e-08, is less 
than <a href = "matlab: helpview([docroot '/toolbox/optim/msg_csh/optim_msg_csh.map'],'tolfun','CSHelpWindow');">options.TolFun</a> = 1.000000e-07.

Optimization Metric                                            Options
relative norm(gradient) =   9.66e-08                  TolFun =   1e-07 (selected)

