                                                        First-order 
 Iteration  Func-count       f(x)        Step-size       optimality
     0           1          23489.9                       1.1e+03
     1           2          10151.2    0.000907279            298  
     2           3          5869.69              1            141  
     3           4          2955.45              1           82.3  
     4           5          1562.79              1           61.6  
     5           6          811.273              1           29.3  
     6           7          429.146              1           10.4  
     7           8          230.112              1           4.22  
     8           9          132.926              1           2.81  
     9          10          90.0327              1           2.13  
    10          11          72.5881              1           1.67  
    11          12          66.8792              1           1.38  
    12          13          65.4874              1           1.31  
    13          14          65.0741              1           1.33  
    14          15          64.5948              1           1.35  
    15          16          63.4653              1           1.35  
    16          17          60.9505              1           1.34  
    17          18          55.5439              1           1.25  
    18          19          45.3109              1           1.04  
    19          20           28.652              1          0.875  
                                                        First-order 
 Iteration  Func-count       f(x)        Step-size       optimality
    20          21          16.7415              1           1.05  
    21          22          16.7133              1           1.08  
    22          23           16.666              1           1.06  
    23          24          16.6081              1           1.02  
    24          25          16.5715              1          0.997  
    25          26          16.3185              1           0.79  
    26          27          15.8524              1          0.491  
    27          28          14.6381              1          0.474  
    28          29          12.4686              1           1.09  
    29          30          10.1316              1           1.82  
    30          31          9.40298              1              2  
    31          32          9.19682              1           1.92  
    32          33          9.16133              1           1.83  
    33          34           9.1361              1           1.77  
    34          35          9.07233              1           1.65  
    35          36          8.92858              1           1.45  
    36          37            8.564              1           1.08  
    37          38          7.74845              1          0.478  
    38          39          6.37585              1          0.344  
    39          40          5.11603              1          0.809  
                                                        First-order 
 Iteration  Func-count       f(x)        Step-size       optimality
    40          41           4.4885              1          0.709  
    41          42          4.30441              1          0.443  
    42          43          4.28905              1          0.345  
    43          44          4.28694              1          0.339  
    44          45          4.27852              1          0.342  
    45          46          4.26429              1          0.342  
    46          47           4.2229              1          0.337  
    47          48          4.12747              1          0.314  
    48          49          3.90138              1          0.251  
    49          50          3.50276              1          0.268  
    50          51          3.01995              1          0.287  
    51          52          2.69742              1          0.562  
    52          53          2.62026              1          0.485  
    53          54          2.61482              1          0.463  
    54          55          2.61322              1          0.455  
    55          56          2.60577              1          0.435  
    56          57           2.5939              1          0.417  
    57          58          2.55745              1          0.379  
    58          59          2.49519              1          0.345  
    59          60          2.31965              1          0.273  
                                                        First-order 
 Iteration  Func-count       f(x)        Step-size       optimality
    60          61          2.06991              1          0.211  
    61          62          1.77404              1          0.208  
    62          63          1.56383              1           0.23  
    63          64           1.5118              1          0.227  
    64          65          1.50603              1          0.221  
    65          66          1.50484              1          0.219  
    66          67          1.50398              1          0.217  
    67          68           1.5009              1          0.214  
    68          69          1.49453              1          0.206  
    69          70           1.4803              1          0.195  
    70          71          1.42339              1          0.247  
    71          72          1.33308              1          0.338  
    72          73          1.18724              1          0.362  
    73          74          1.05411              1          0.264  
    74          75          1.00048              1          0.296  
    75          76         0.990923              1          0.287  
    76          77         0.989072              1           0.28  
    77          78         0.988403              1          0.277  
    78          79         0.987332              1          0.275  
    79          80         0.985371              1          0.274  
                                                        First-order 
 Iteration  Func-count       f(x)        Step-size       optimality
    80          81         0.980077              1          0.271  
    81          82         0.966511              1          0.262  
    82          83          0.93774              1          0.233  
    83          84         0.879599              1          0.171  
    84          85         0.806618              1          0.155  
    85          86         0.751104              1          0.133  
    86          87          0.73373              1          0.148  
    87          88         0.731944              1          0.141  
    88          89         0.731609              1          0.136  
    89          90         0.731379              1          0.133  
    90          91           0.7307              1           0.13  
    91          92         0.729345              1          0.127  
    92          93         0.726314              1           0.12  
    93          95         0.690523             10          0.101  

Optimization completed: The <a href = "matlab: helpview([docroot '/toolbox/optim/msg_csh/optim_msg_csh.map'],'first_order_opt_unc','CSHelpWindow');">first-order optimality measure</a>, 9.167916e-05, is less 
than <a href = "matlab: helpview([docroot '/toolbox/optim/msg_csh/optim_msg_csh.map'],'tolfun','CSHelpWindow');">options.TolFun</a> = 1.000000e-04.

Optimization Metric                                            Options
relative norm(gradient) =   9.17e-05                  TolFun =   1e-04 (selected)

Continue optimization? Y/N [Y]: 
<a href="matlab: opentoline('/home/ultimate/invspec/mcode/main.m',240,1)">240 </a>if strcmp(method, 'BFGS')
colormap jet
set(gca,'edgecolor','none');
{Error using <a href="matlab:matlab.internal.language.introspective.errorDocCallback('matlab.graphics.axis.Axes/set')" style="font-weight:bold">matlab.graphics.axis.Axes/set</a>
There is no edgecolor property on the Axes class.} 

trisurf(f,v(:,1),v(:,2),v(:,3),tc,'edgecolor','none');
caxis([0 1])
sum(tc)
ans =
     1
figure();
trisurf(f,v(:,1),v(:,2),v(:,3),tc);
IdleTimeout has been reached.
Parallel pool using the 'local' profile is shutting down.
