\BOOKMARK [1][-]{section.1}{The Problem}{}% 1
\BOOKMARK [1][-]{section.2}{Methods}{}% 2
\BOOKMARK [2][-]{subsection.2.1}{Simplicial basis}{section.2}% 3
\BOOKMARK [2][-]{subsection.2.2}{Spherical harmonic basis}{section.2}% 4
\BOOKMARK [2][-]{subsection.2.3}{Regularization}{section.2}% 5
\BOOKMARK [1][-]{section.3}{Experiments and Results}{}% 6
\BOOKMARK [2][-]{subsection.3.1}{target shapes}{section.3}% 7
\BOOKMARK [2][-]{subsection.3.2}{parameter nomenclature}{section.3}% 8
\BOOKMARK [2][-]{subsection.3.3}{Simplicial basis inverse problem}{section.3}% 9
\BOOKMARK [3][-]{subsubsection.3.3.1}{raw}{subsection.3.3}% 10
\BOOKMARK [3][-]{subsubsection.3.3.2}{regularized}{subsection.3.3}% 11
\BOOKMARK [3][-]{subsubsection.3.3.3}{recursive fit}{subsection.3.3}% 12
\BOOKMARK [3][-]{subsubsection.3.3.4}{Discussion}{subsection.3.3}% 13
\BOOKMARK [2][-]{subsection.3.4}{Spherical harmonics basis forward problem}{section.3}% 14
\BOOKMARK [2][-]{subsection.3.5}{Spherical harmonics basis inverse problem}{section.3}% 15
\BOOKMARK [3][-]{subsubsection.3.5.1}{raw}{subsection.3.5}% 16
\BOOKMARK [3][-]{subsubsection.3.5.2}{regularized}{subsection.3.5}% 17
\BOOKMARK [1][-]{section.4}{A To-Do list}{}% 18
\BOOKMARK [2][-]{subsection.4.1}{M\366bius balancing routine}{section.4}% 19
\BOOKMARK [2][-]{subsection.4.2}{Structured optimization}{section.4}% 20
\BOOKMARK [2][-]{subsection.4.3}{Precomputing more 3j symbols}{section.4}% 21
\BOOKMARK [2][-]{subsection.4.4}{Topology}{section.4}% 22
\BOOKMARK [2][-]{subsection.4.5}{Adaptive remeshing for the simplical inverse problem}{section.4}% 23
\BOOKMARK [2][-]{subsection.4.6}{Embedding problem}{section.4}% 24
