flow iter#1; |dv| = 4.92506
flow iter#2; |dv| = 1.23732
flow iter#3; |dv| = 1.49235
flow iter#4; |dv| = 1.96522
flow iter#5; |dv| = 1.60902
flow iter#6; |dv| = 0.88346
flow iter#7; |dv| = 0.254792
flow iter#8; |dv| = 0.26152
flow iter#9; |dv| = 0.369201
flow iter#10; |dv| = 0.312229
flow iter#11; |dv| = 0.186444
flow iter#12; |dv| = 0.0692117
flow iter#13; |dv| = 0.0292212
flow iter#14; |dv| = 0.053682
flow iter#15; |dv| = 0.0524809
flow iter#16; |dv| = 0.0356872
flow iter#17; |dv| = 0.0166984
flow iter#18; |dv| = 0.00614212
flow iter#19; |dv| = 0.00883343
flow iter#20; |dv| = 0.00980038
flow iter#21; |dv| = 0.0080425
flow iter#22; |dv| = 0.00586178
flow iter#23; |dv| = 0.00487326
                                                        First-order 
 Iteration  Func-count       f(x)        Step-size       optimality
     0           1        0.0569929                       0.00252
     1           4        0.0292363             91        0.00124  
     2           6        0.0137878        0.47986        0.00146  
     3           7       0.00205305              1       0.000526  
     4           8       0.00127258              1          0.001  
     5           9      0.000613571              1       0.000157  
     6          10      0.000441335              1        0.00011  
     7          11      0.000294644              1       0.000329  
     8          12      0.000212053              1       8.52e-05  
     9          13      0.000149136              1       6.21e-05  
    10          14      7.91826e-05              1       0.000157  
    11          15      6.31286e-05              1       4.67e-05  
    12          16       5.6845e-05              1       1.81e-05  
    13          17      5.02601e-05              1       3.96e-05  
    14          18       4.0446e-05              1       3.16e-05  
    15          19      3.35107e-05              1       4.12e-05  
    16          20      2.29988e-05              1       5.13e-05  
    17          21      1.82814e-05              1       4.11e-05  
    18          22      1.55354e-05              1       3.59e-05  
    19          23      1.45733e-05              1       1.66e-05  
                                                        First-order 
 Iteration  Func-count       f(x)        Step-size       optimality
    20          24      1.35409e-05              1       9.87e-06  
    21          25      1.11131e-05              1       2.04e-05  
    22          26      8.68504e-06              1       3.99e-05  
    23          27      6.61428e-06              1       3.05e-05  
    24          28      6.04069e-06              1       1.23e-05  
    25          29      5.59437e-06              1       1.12e-05  
    26          30      5.24447e-06              1       4.89e-06  
    27          31      5.02536e-06              1       1.47e-05  
    28          32      4.74655e-06              1       1.87e-05  
    29          33      4.36686e-06              1       1.64e-05  
    30          34      3.91171e-06              1       1.37e-05  
    31          35      3.41172e-06              1        1.8e-05  
    32          36      3.19297e-06              1       9.52e-06  
    33          37      2.81457e-06              1        4.1e-06  
    34          38      2.15147e-06              1       1.32e-05  
    35          39      1.96124e-06              1       6.12e-06  
    36          40      1.83474e-06              1       1.22e-05  
    37          41      1.68975e-06              1       6.44e-06  
    38          42      1.58384e-06              1       4.22e-06  
    39          43      1.47929e-06              1       4.03e-06  
                                                        First-order 
 Iteration  Func-count       f(x)        Step-size       optimality
    40          44       1.4343e-06              1       2.28e-06  
    41          45      1.37424e-06              1       3.89e-06  
    42          46      1.28866e-06              1       4.15e-06  
    43          47      1.15638e-06              1       9.41e-06  
    44          48       1.0738e-06              1       3.98e-06  
    45          49      1.03778e-06              1       7.24e-06  
    46          50       9.7419e-07              1       5.15e-06  
    47          51      9.24102e-07              1       3.95e-06  
    48          52      8.82851e-07              1       3.92e-06  
    49          53      8.59478e-07              1       1.34e-06  
    50          54      8.39358e-07              1       2.72e-06  
    51          55      8.12678e-07              1       6.18e-06  
    52          56      7.67192e-07              1       4.62e-06  
    53          57      6.83852e-07              1       5.21e-06  
    54          59      5.74178e-07       0.638352       4.34e-06  
    55          60      5.46236e-07              1       4.47e-06  
    56          61      5.19384e-07              1       1.38e-06  
    57          62      5.00608e-07              1       2.16e-06  
    58          63      4.67295e-07              1       4.05e-06  
    59          64      4.51304e-07              1       1.21e-06  
                                                        First-order 
 Iteration  Func-count       f(x)        Step-size       optimality
    60          65        4.351e-07              1       1.33e-06  
    61          66      3.92223e-07              1          4e-06  
    62          67      3.66048e-07              1       3.04e-06  
    63          68      3.42861e-07              1       4.97e-06  
    64          69      3.21559e-07              1       3.56e-06  
    65          70      2.98632e-07              1       3.14e-06  
    66          71      2.87053e-07              1       3.05e-06  
    67          72      2.77936e-07              1       1.26e-06  
    68          73      2.70919e-07              1       1.03e-06  
    69          74      2.64931e-07              1       7.31e-07  
    70          75       2.5444e-07              1       7.89e-07  
    71          76      2.48564e-07              1       8.85e-07  
    72          77      2.44847e-07              1        8.4e-07  
    73          78      2.40563e-07              1       1.61e-06  
    74          79      2.35394e-07              1       7.07e-07  
    75          80      2.29761e-07              1       6.65e-07  
    76          81      2.25915e-07              1       6.83e-07  
    77          82      2.24283e-07              1       5.61e-07  
    78          83      2.21246e-07              1       7.54e-07  
    79          84       2.1761e-07              1       1.53e-06  
                                                        First-order 
 Iteration  Func-count       f(x)        Step-size       optimality
    80          85      2.10375e-07              1       2.23e-06  
    81          86      1.98751e-07              1       2.79e-06  
    82          87      1.88294e-07              1       2.64e-06  
    83          88      1.66675e-07              1        3.5e-06  
    84          89      1.45403e-07              1       3.61e-06  
    85          90      1.26002e-07              1        1.9e-06  
    86          91      1.15522e-07              1       1.89e-06  
    87          92      1.13009e-07              1       3.02e-06  
    88          94      1.10117e-07       0.413993       1.26e-06  
    89          95      1.06561e-07              1       1.57e-06  
    90          96      1.04171e-07              1       1.06e-06  
    91          97      1.01267e-07              1       1.86e-06  
    92          98      9.96568e-08              1       6.65e-07  
    93          99      9.81924e-08              1       4.42e-07  
    94         100      9.49062e-08              1       5.98e-07  
    95         101      9.15304e-08              1       8.36e-07  
    96         102      8.59146e-08              1       1.21e-06  
    97         103      8.08571e-08              1       1.36e-06  
    98         104      7.60183e-08              1       8.64e-07  
    99         105      7.38299e-08              1       4.04e-07  
                                                        First-order 
 Iteration  Func-count       f(x)        Step-size       optimality
   100         106      7.27498e-08              1       3.83e-07  
   101         107       7.1161e-08              1       2.78e-07  
   102         108      6.99068e-08              1       6.66e-07  
   103         109      6.91499e-08              1       8.32e-07  
   104         110      6.82656e-08              1       1.05e-06  
   105         111      6.77068e-08              1       5.22e-07  
   106         112      6.67726e-08              1       4.48e-07  
   107         113       6.5792e-08              1       4.71e-07  
   108         114      6.43763e-08              1       3.74e-07  
   109         115      6.28968e-08              1       5.05e-07  
   110         116      6.12568e-08              1       2.55e-07  
   111         117       6.0409e-08              1       1.02e-06  
   112         118      5.88785e-08              1       4.28e-07  
   113         119      5.81847e-08              1        3.4e-07  
   114         120      5.73491e-08              1       4.87e-07  
   115         121      5.63436e-08              1       3.02e-07  
   116         122      5.47761e-08              1       2.12e-07  
   117         123      5.32914e-08              1       2.84e-07  
   118         124      5.15636e-08              1       4.25e-07  
   119         126      5.10546e-08       0.283126       7.11e-07  
                                                        First-order 
 Iteration  Func-count       f(x)        Step-size       optimality
   120         127      5.00687e-08              1        6.4e-07  
   121         128      4.80054e-08              1       6.05e-07  
   122         129      4.69477e-08              1       6.14e-07  
   123         130      4.53937e-08              1       6.36e-07  
   124         131      4.42761e-08              1        3.4e-07  
   125         132      4.29361e-08              1       6.15e-07  
   126         133      4.16419e-08              1        5.7e-07  
   127         134      4.07112e-08              1       2.44e-07  
   128         135      4.02181e-08              1       2.28e-07  
   129         136      3.98818e-08              1       1.96e-07  
   130         137      3.96826e-08              1        2.4e-07  
   131         138       3.9529e-08              1       2.35e-07  
   132         139       3.9147e-08              1        2.5e-07  
   133         140      3.86812e-08              1       1.81e-07  
   134         141      3.82379e-08              1       1.31e-07  
   135         142      3.79992e-08              1        1.4e-07  
   136         143      3.78357e-08              1       1.31e-07  
   137         144      3.76446e-08              1       1.29e-07  
   138         145      3.73411e-08              1       1.27e-07  
   139         146      3.68137e-08              1       1.43e-07  
                                                        First-order 
 Iteration  Func-count       f(x)        Step-size       optimality
   140         147      3.63283e-08              1       2.32e-07  
   141         148      3.60081e-08              1       2.18e-07  
   142         149      3.57229e-08              1       2.75e-07  
   143         150      3.53723e-08              1       3.48e-07  
   144         151      3.47176e-08              1       3.26e-07  
   145         152      3.31916e-08              1       5.29e-07  
   146         153      3.15052e-08              1       4.58e-07  
   147         154       3.0173e-08              1        3.1e-07  
   148         155      2.94914e-08              1       8.24e-07  
   149         156      2.91577e-08              1       2.78e-07  
   150         157      2.88903e-08              1       2.53e-07  
   151         158      2.86584e-08              1       3.29e-07  
   152         159      2.83381e-08              1       1.77e-07  
   153         160      2.77515e-08              1       2.19e-07  
   154         161      2.67372e-08              1       4.25e-07  
   155         162      2.54102e-08              1       4.57e-07  
   156         163      2.39211e-08              1       5.22e-07  
   157         164      2.26978e-08              1       3.58e-07  
   158         165      2.15344e-08              1       4.34e-07  
   159         166      2.08822e-08              1       1.97e-07  
                                                        First-order 
 Iteration  Func-count       f(x)        Step-size       optimality
   160         167      2.06637e-08              1       1.52e-07  
   161         168      2.05258e-08              1       1.26e-07  
   162         169      2.04447e-08              1       1.21e-07  
   163         170      2.03253e-08              1       1.38e-07  
   164         171      2.02478e-08              1       1.81e-07  
   165         172      2.00583e-08              1       1.81e-07  
   166         173      1.97459e-08              1        1.8e-07  
   167         174      1.92209e-08              1       2.17e-07  
   168         175      1.84151e-08              1       2.85e-07  
   169         176      1.66765e-08              1       5.49e-07  
   170         177      1.44339e-08              1       5.97e-07  
   171         179      1.10818e-08       0.616085       1.23e-06  
   172         181      9.97754e-09       0.121467       7.12e-07  
   173         182       8.5028e-09              1       1.58e-06  
   174         183      7.73125e-09              1       8.93e-07  
   175         184      6.07062e-09              1       6.57e-08  
   176         185      5.76329e-09              1       4.59e-07  
   177         186      5.57363e-09              1        4.8e-07  
   178         187      5.33125e-09              1       3.06e-07  
   179         188      5.20721e-09              1       2.27e-07  
                                                        First-order 
 Iteration  Func-count       f(x)        Step-size       optimality
   180         189      5.16928e-09              1       8.88e-08  
   181         190      5.13557e-09              1       1.04e-07  
   182         191      5.06856e-09              1       9.89e-08  
   183         192      4.88457e-09              1       1.36e-07  
   184         193      4.57952e-09              1       1.67e-07  
   185         194       4.0841e-09              1       4.57e-07  
   186         195      3.71351e-09              1       2.87e-07  
   187         196       3.5861e-09              1       3.61e-07  
   188         197      3.42781e-09              1       1.74e-07  
   189         198       3.2777e-09              1       8.76e-08  
   190         199      3.08114e-09              1       1.18e-07  
   191         200      2.79046e-09              1       3.48e-07  
   192         201      2.63875e-09              1       3.46e-07  
   193         202      2.45407e-09              1       1.71e-07  
   194         203      2.38594e-09              1       1.84e-07  
   195         204      2.22603e-09              1       1.11e-07  
   196         206      2.07811e-09       0.609249       2.55e-07  
   197         207       1.8419e-09              1       2.97e-07  
   198         208      1.60606e-09              1        1.2e-07  
   199         210      1.54584e-09            0.5       1.32e-07  
                                                        First-order 
 Iteration  Func-count       f(x)        Step-size       optimality
   200         212      1.52458e-09       0.485733       8.18e-08  
   201         213      1.50526e-09              1       1.16e-07  
   202         214      1.47973e-09              1       6.85e-08  
   203         215      1.44142e-09              1       3.69e-08  
   204         216      1.38943e-09              1       2.89e-08  
   205         217      1.34413e-09              1       3.42e-08  
   206         218      1.31394e-09              1       1.19e-07  
   207         219      1.29512e-09              1       7.71e-08  
   208         220      1.25766e-09              1       1.33e-07  
   209         221      1.22269e-09              1       9.15e-08  
   210         222      1.18523e-09              1       1.01e-07  
   211         223       1.1533e-09              1       5.86e-08  
   212         224      1.13655e-09              1       1.17e-07  
   213         225      1.10397e-09              1        3.5e-08  
   214         226       1.0815e-09              1       2.63e-08  
   215         227      1.05603e-09              1       9.57e-08  
   216         228      1.03302e-09              1       1.02e-07  
   217         229      1.01133e-09              1       9.91e-08  
   218         231      9.79679e-10            0.5       7.19e-08  
   219         232      9.38438e-10              1       2.58e-08  
                                                        First-order 
 Iteration  Func-count       f(x)        Step-size       optimality
   220         233       8.8431e-10              1       5.09e-08  
   221         235      8.63286e-10       0.278958       9.13e-08  
   222         236      7.83201e-10              1       5.61e-08  
   223         237       7.1256e-10              1       1.98e-07  
   224         239      6.48178e-10       0.483889       2.61e-08  
   225         240      6.19841e-10              1       8.92e-08  
   226         242      6.05399e-10       0.369042       4.99e-08  
   227         243      5.94032e-10              1       1.79e-08  
   228         244      5.84297e-10              1       3.27e-08  
   229         245      5.74869e-10              1       2.21e-08  
   230         246      5.63834e-10              1       2.05e-08  
   231         247      5.47998e-10              1       1.66e-08  
   232         248        5.283e-10              1       8.78e-08  
   233         249      4.83875e-10              1          1e-07  
   234         250      4.48098e-10              1       1.58e-07  
   235         251      4.20161e-10              1       1.64e-07  
   236         252      3.73335e-10              1       4.83e-08  
   237         253      3.57234e-10              1       1.18e-07  
   238         254      3.36721e-10              1       2.75e-08  
   239         255      3.22759e-10              1       1.97e-08  
                                                        First-order 
 Iteration  Func-count       f(x)        Step-size       optimality
   240         256       3.1149e-10              1       1.74e-08  
   241         257      3.06333e-10              1       3.87e-08  
   242         258      3.03619e-10              1       2.19e-08  
   243         259      2.99924e-10              1       1.53e-08  
   244         260      2.96974e-10              1       1.68e-08  
   245         261      2.94427e-10              1       1.44e-08  
   246         262      2.92164e-10              1        1.2e-08  
   247         263      2.90419e-10              1       1.11e-08  
   248         264      2.89015e-10              1       1.01e-08  
   249         265      2.87002e-10              1       1.44e-08  
   250         266      2.84789e-10              1       2.75e-08  
   251         267      2.82628e-10              1       2.66e-08  
   252         268      2.80986e-10              1       1.75e-08  
   253         269      2.79363e-10              1       1.55e-08  
   254         270      2.77432e-10              1          8e-09  
   255         271      2.74783e-10              1       8.21e-09  
   256         272      2.73869e-10              1       5.85e-09  
   257         273       2.7326e-10              1          1e-08  
   258         274      2.72656e-10              1       1.27e-08  
   259         275      2.71623e-10              1       1.91e-08  
                                                        First-order 
 Iteration  Func-count       f(x)        Step-size       optimality
   260         276      2.70349e-10              1       1.88e-08  
   261         277      2.69109e-10              1       1.77e-08  
   262         278      2.68085e-10              1       1.06e-08  
   263         279      2.67476e-10              1       1.16e-08  
   264         280      2.66223e-10              1       1.06e-08  
   265         281      2.65266e-10              1       1.18e-08  
   266         282      2.62735e-10              1       1.61e-08  
   267         283      2.58577e-10              1       2.08e-08  
   268         284       2.4908e-10              1       3.19e-08  
   269         285      2.31525e-10              1        4.2e-08  
   270         286       2.0143e-10              1       4.77e-08  
   271         287      1.59947e-10              1        4.6e-08  
   272         289      1.51899e-10       0.161102       4.63e-08  
   273         290      1.04836e-10              1       6.24e-08  
   274         291      9.17498e-11              1       1.02e-07  
   275         292      6.07155e-11              1       6.12e-08  
   276         294      4.64541e-11       0.473426       6.83e-08  
   277         295      3.70081e-11              1       2.08e-08  
   278         296      2.60059e-11              1       1.23e-08  
   279         298      1.92197e-11        0.62298        6.1e-08  
                                                        First-order 
 Iteration  Func-count       f(x)        Step-size       optimality
   280         299      1.31347e-11              1       5.71e-08  
   281         300      7.48485e-12              1       3.09e-08  
   282         301      2.72629e-12              1       2.04e-08  
   283         302      1.16901e-12              1       1.57e-08  
   284         303      2.82445e-13              1       2.37e-09  
   285         304      1.34693e-13              1       1.81e-09  
   286         305      3.52646e-14              1       1.34e-09  
   287         306      1.05292e-14              1       5.32e-10  
   288         307      2.74687e-15              1       4.68e-10  
   289         308       8.1223e-16              1       2.15e-10  
   290         309      1.77821e-16              1       1.32e-10  
   291         310      3.33049e-17              1       4.35e-11  

Optimization completed: The <a href = "matlab: helpview([docroot '/toolbox/optim/msg_csh/optim_msg_csh.map'],'first_order_opt_unc','CSHelpWindow');">first-order optimality measure</a>, 4.335405e-11, is less 
than <a href = "matlab: helpview([docroot '/toolbox/optim/msg_csh/optim_msg_csh.map'],'tolfun','CSHelpWindow');">options.TolFun</a> = 1.000000e-10.

Optimization Metric                                            Options
relative norm(gradient) =   4.34e-11                  TolFun =   1e-10 (selected)

                                                        First-order 
 Iteration  Func-count       f(x)        Step-size       optimality
     0           1         0.192199                        0.0224
     1           2          0.16128              1         0.0114  
     2           3         0.103838              1         0.0287  
     3           4          0.07376              1         0.0199  
     4           5        0.0510048              1         0.0155  
     5           6        0.0395154              1        0.00986  
     6           7         0.032943              1        0.00795  
     7           8        0.0299027              1        0.00871  
     8           9        0.0265381              1        0.00599  
     9          10        0.0240416              1         0.0055  
    10          11         0.020569              1         0.0083  
    11          12        0.0175922              1        0.00647  
    12          13         0.014476              1        0.00605  
    13          14        0.0121381              1        0.00468  
    14          15        0.0104458              1        0.00526  
    15          16       0.00912737              1        0.00437  
    16          17       0.00810129              1        0.00332  
    17          18       0.00704976              1        0.00366  
    18          19       0.00626884              1        0.00341  
    19          20       0.00542855              1        0.00258  
                                                        First-order 
 Iteration  Func-count       f(x)        Step-size       optimality
    20          21       0.00459243              1         0.0027  
    21          22       0.00378881              1          0.003  
    22          23        0.0031708              1        0.00204  
    23          24       0.00272882              1        0.00163  
    24          25       0.00240019              1        0.00168  
    25          26       0.00215396              1        0.00128  
    26          27       0.00196853              1        0.00124  
    27          28       0.00182347              1        0.00125  
    28          29       0.00170562              1        0.00113  
    29          30       0.00160155              1        0.00103  
    30          31       0.00150531              1       0.000769  
    31          32       0.00140925              1       0.000913  
    32          33       0.00131744              1       0.000845  
    33          34       0.00122828              1       0.000735  
    34          35       0.00115331              1       0.000865  
    35          36       0.00108387              1         0.0009  
    36          37       0.00102201              1       0.000774  
    37          38      0.000958984              1       0.000836  
    38          39      0.000899194              1       0.000847  
    39          40      0.000839235              1       0.000699  
                                                        First-order 
 Iteration  Func-count       f(x)        Step-size       optimality
    40          41      0.000784528              1       0.000618  
    41          42      0.000734325              1       0.000587  
    42          43      0.000693474              1       0.000687  
    43          44      0.000656113              1       0.000542  
    44          45       0.00062228              1        0.00049  
    45          46      0.000586359              1       0.000467  
    46          47      0.000555492              1       0.000454  
    47          48      0.000526958              1       0.000497  
    48          49      0.000502367              1       0.000445  
    49          50      0.000477152              1       0.000519  
    50          51      0.000451913              1        0.00051  
    51          52      0.000426555              1       0.000395  
    52          53      0.000403854              1       0.000464  
    53          54       0.00038317              1       0.000458  
    54          55      0.000364354              1        0.00036  
    55          56      0.000346384              1       0.000409  
    56          57      0.000329621              1       0.000478  
    57          58      0.000312842              1       0.000482  
    58          59      0.000297184              1       0.000394  
    59          60      0.000283459              1       0.000315  
                                                        First-order 
 Iteration  Func-count       f(x)        Step-size       optimality
    60          61      0.000270635              1       0.000334  
    61          62      0.000258523              1        0.00037  
    62          63      0.000247203              1       0.000329  
    63          64      0.000235893              1       0.000279  
    64          65      0.000225082              1       0.000272  
    65          66      0.000214424              1       0.000272  
    66          67      0.000204312              1        0.00026  
    67          68      0.000194379              1       0.000248  
    68          69      0.000185371              1       0.000275  
    69          70      0.000176872              1       0.000249  
    70          71      0.000169566              1       0.000237  
    71          72      0.000162892              1       0.000241  
    72          73      0.000157544              1       0.000215  
    73          74      0.000152825              1       0.000187  
    74          75      0.000148751              1       0.000201  
    75          76      0.000144502              1       0.000196  
    76          77      0.000140151              1       0.000173  
    77          78      0.000135682              1       0.000182  
    78          79      0.000131414              1       0.000168  
    79          80        0.0001273              1       0.000164  
                                                        First-order 
 Iteration  Func-count       f(x)        Step-size       optimality
    80          81      0.000123224              1       0.000154  
    81          82      0.000118857              1       0.000167  
    82          83      0.000114158              1       0.000196  
    83          84      0.000109172              1       0.000206  
    84          85      0.000104452              1       0.000203  
    85          86      0.000100017              1       0.000172  
    86          87      9.61828e-05              1       0.000164  
    87          88      9.24191e-05              1       0.000182  
    88          89      8.91525e-05              1       0.000129  
    89          90      8.60578e-05              1        0.00013  
    90          91      8.33879e-05              1       0.000115  
    91          92      8.07975e-05              1       0.000127  
    92          93      7.84216e-05              1       0.000143  
    93          94      7.61108e-05              1       0.000138  
    94          95       7.3976e-05              1       0.000132  
    95          96      7.18839e-05              1       0.000108  
    96          97      6.98661e-05              1       0.000145  
    97          98       6.7814e-05              1       0.000131  
    98          99      6.57922e-05              1       0.000137  
    99         100      6.37202e-05              1       0.000118  
                                                        First-order 
 Iteration  Func-count       f(x)        Step-size       optimality
   100         101      6.16989e-05              1       0.000117  
   101         102      5.96514e-05              1       0.000101  
   102         103      5.76789e-05              1       0.000107  
   103         104      5.57463e-05              1       0.000101  
   104         105      5.39374e-05              1       0.000104  
   105         106      5.22541e-05              1       8.69e-05  
   106         107      5.07602e-05              1       9.14e-05  
   107         108      4.94028e-05              1       8.08e-05  
   108         109      4.81582e-05              1       8.48e-05  
   109         110      4.69738e-05              1       0.000108  
   110         111      4.58866e-05              1       8.61e-05  
   111         112      4.48701e-05              1       8.37e-05  
   112         113      4.39391e-05              1       7.95e-05  
   113         114      4.30451e-05              1       7.54e-05  
   114         115      4.22082e-05              1       8.79e-05  
   115         116      4.13898e-05              1       8.49e-05  
   116         117      4.05781e-05              1       9.23e-05  
   117         118      3.97194e-05              1       9.06e-05  
   118         119      3.88179e-05              1       9.26e-05  
   119         120      3.78704e-05              1       8.86e-05  
                                                        First-order 
 Iteration  Func-count       f(x)        Step-size       optimality
   120         121       3.6895e-05              1       8.13e-05  
   121         122      3.58794e-05              1       6.97e-05  
   122         123      3.48276e-05              1       7.88e-05  
   123         124      3.37411e-05              1       7.87e-05  
   124         125      3.26392e-05              1       7.93e-05  
   125         126      3.15674e-05              1       9.03e-05  
   126         127      3.05574e-05              1       7.08e-05  
   127         128      2.96457e-05              1       7.19e-05  
   128         129      2.87645e-05              1        6.8e-05  
   129         130      2.79013e-05              1        7.9e-05  
   130         131      2.69981e-05              1       7.93e-05  
   131         132      2.61581e-05              1       6.95e-05  
   132         133      2.53436e-05              1       7.53e-05  
   133         134      2.46214e-05              1       5.85e-05  
   134         135      2.39616e-05              1        6.5e-05  
   135         136      2.33686e-05              1        6.1e-05  
   136         137       2.2801e-05              1       6.27e-05  
   137         138      2.22767e-05              1       5.89e-05  
   138         139      2.18072e-05              1       5.21e-05  
   139         140      2.13973e-05              1       4.87e-05  
                                                        First-order 
 Iteration  Func-count       f(x)        Step-size       optimality
   140         141      2.10143e-05              1       4.64e-05  
   141         142      2.06253e-05              1       4.43e-05  
   142         143      2.02205e-05              1       4.99e-05  
   143         144      1.98246e-05              1       4.79e-05  
   144         145      1.94545e-05              1       4.39e-05  
   145         146      1.91058e-05              1       4.47e-05  
   146         147      1.87472e-05              1        5.9e-05  
   147         148      1.83758e-05              1       6.35e-05  
   148         149      1.80038e-05              1       4.97e-05  
   149         150      1.76315e-05              1       5.37e-05  
   150         151      1.72502e-05              1       5.78e-05  
   151         152      1.68715e-05              1       5.67e-05  
   152         153       1.6501e-05              1       5.19e-05  
   153         154      1.61414e-05              1       4.66e-05  
   154         155      1.57871e-05              1       4.75e-05  
   155         156      1.54463e-05              1       4.46e-05  
   156         157       1.5131e-05              1       4.52e-05  
   157         158       1.4849e-05              1       4.57e-05  
   158         159      1.45924e-05              1       4.73e-05  
   159         160      1.43522e-05              1       4.52e-05  
                                                        First-order 
 Iteration  Func-count       f(x)        Step-size       optimality
   160         161      1.41206e-05              1       4.12e-05  
   161         162      1.38955e-05              1       4.12e-05  
   162         163      1.36751e-05              1       3.97e-05  
   163         164      1.34651e-05              1       3.72e-05  
   164         165      1.32714e-05              1       3.37e-05  
   165         166      1.30968e-05              1       3.34e-05  
   166         167      1.29368e-05              1       3.02e-05  
   167         168       1.2791e-05              1       2.71e-05  
   168         169      1.26628e-05              1       2.64e-05  
   169         170       1.2555e-05              1       2.78e-05  
   170         171      1.24602e-05              1       2.92e-05  
   171         172      1.23682e-05              1       3.27e-05  
   172         173      1.22686e-05              1       3.07e-05  
   173         174      1.21625e-05              1       2.78e-05  
   174         175      1.20562e-05              1       2.47e-05  
   175         176      1.19558e-05              1       2.35e-05  
   176         177      1.18612e-05              1       2.49e-05  
   177         178      1.17689e-05              1       2.14e-05  
   178         179      1.16745e-05              1       1.98e-05  
   179         180      1.15791e-05              1        2.6e-05  
                                                        First-order 
 Iteration  Func-count       f(x)        Step-size       optimality
   180         181      1.14872e-05              1       2.17e-05  
   181         182      1.14022e-05              1       2.08e-05  
   182         183      1.13238e-05              1       2.16e-05  
   183         184      1.12493e-05              1       2.04e-05  
   184         185      1.11764e-05              1       1.88e-05  
   185         186      1.11026e-05              1       1.81e-05  
   186         187      1.10269e-05              1       2.03e-05  
   187         188      1.09509e-05              1       2.23e-05  
   188         189       1.0879e-05              1        2.2e-05  
   189         190      1.08131e-05              1       1.71e-05  
   190         191      1.07508e-05              1       1.76e-05  
   191         192      1.06879e-05              1       2.14e-05  
   192         193      1.06225e-05              1       2.45e-05  
   193         194      1.05555e-05              1       2.51e-05  
   194         195      1.04885e-05              1       2.39e-05  
   195         196      1.04221e-05              1       2.24e-05  
   196         197      1.03578e-05              1       1.77e-05  
   197         198       1.0297e-05              1       1.63e-05  
   198         199      1.02398e-05              1       2.11e-05  
   199         200      1.01837e-05              1       2.79e-05  
                                                        First-order 
 Iteration  Func-count       f(x)        Step-size       optimality
   200         201      1.01277e-05              1       2.63e-05  
   201         202      1.00739e-05              1        1.7e-05  
   202         203      1.00271e-05              1       1.76e-05  
   203         204      9.98812e-06              1       1.88e-05  
   204         205      9.95461e-06              1       1.77e-05  
   205         206       9.9223e-06              1       1.67e-05  
   206         207      9.89005e-06              1       1.48e-05  
   207         208      9.85754e-06              1       1.38e-05  
   208         209      9.82541e-06              1       1.32e-05  
   209         210      9.79295e-06              1       1.38e-05  
   210         211      9.76013e-06              1       1.44e-05  
   211         212      9.72714e-06              1       1.66e-05  
   212         213      9.69519e-06              1       1.75e-05  
   213         214      9.66408e-06              1       1.64e-05  
   214         215      9.63272e-06              1       1.42e-05  
   215         216      9.59948e-06              1       1.09e-05  
   216         217      9.56473e-06              1       1.14e-05  
   217         218      9.52961e-06              1       1.25e-05  
   218         219      9.49561e-06              1       1.38e-05  
   219         220      9.46204e-06              1       1.37e-05  
                                                        First-order 
 Iteration  Func-count       f(x)        Step-size       optimality
   220         221      9.42918e-06              1       1.26e-05  
   221         222      9.39668e-06              1        1.2e-05  
   222         223      9.36578e-06              1       1.26e-05  
   223         224      9.33463e-06              1       1.39e-05  
   224         225      9.30233e-06              1       1.58e-05  
   225         226      9.26814e-06              1       1.56e-05  
   226         227      9.23475e-06              1       1.59e-05  
   227         228      9.20289e-06              1       1.54e-05  
   228         229      9.17231e-06              1       1.53e-05  
   229         230      9.14129e-06              1        1.6e-05  
   230         231      9.10994e-06              1       1.43e-05  
   231         232      9.07844e-06              1       1.36e-05  
   232         233      9.04708e-06              1       1.44e-05  
   233         234       9.0152e-06              1       1.37e-05  
   234         235      8.98339e-06              1       1.58e-05  
   235         236      8.95234e-06              1       1.37e-05  
   236         237      8.92351e-06              1       1.24e-05  
   237         238       8.8964e-06              1       1.22e-05  
   238         239      8.87114e-06              1       1.33e-05  
   239         240      8.84697e-06              1       1.19e-05  
                                                        First-order 
 Iteration  Func-count       f(x)        Step-size       optimality
   240         241      8.82457e-06              1       1.19e-05  
   241         242      8.80356e-06              1       9.75e-06  
   242         243      8.78431e-06              1       1.11e-05  
   243         244      8.76643e-06              1       1.05e-05  
   244         245      8.74953e-06              1       1.15e-05  
   245         246      8.73266e-06              1       1.13e-05  
   246         247      8.71544e-06              1       1.24e-05  
   247         248      8.69795e-06              1       1.23e-05  
   248         249      8.68075e-06              1       1.29e-05  
   249         250      8.66409e-06              1       1.21e-05  
   250         251       8.6478e-06              1       1.17e-05  
   251         252       8.6315e-06              1       1.02e-05  
   252         253      8.61528e-06              1       9.23e-06  
   253         254      8.59975e-06              1       9.09e-06  
   254         255      8.58558e-06              1          9e-06  
   255         256      8.57263e-06              1       9.08e-06  
   256         257      8.56008e-06              1       9.16e-06  
   257         258      8.54719e-06              1       9.06e-06  
   258         259      8.53416e-06              1       8.69e-06  
   259         260      8.52185e-06              1       7.76e-06  
                                                        First-order 
 Iteration  Func-count       f(x)        Step-size       optimality
   260         261      8.51084e-06              1       7.48e-06  
   261         262      8.50066e-06              1       7.37e-06  
   262         263       8.4905e-06              1       7.86e-06  
   263         264      8.47965e-06              1       7.63e-06  
   264         265       8.4683e-06              1       9.67e-06  
   265         266        8.457e-06              1       8.81e-06  
   266         267      8.44648e-06              1       7.97e-06  
   267         268      8.43676e-06              1       6.93e-06  
   268         269      8.42769e-06              1       6.79e-06  
   269         270      8.41886e-06              1       6.41e-06  
   270         271      8.41029e-06              1       7.12e-06  
   271         272      8.40216e-06              1       6.41e-06  
   272         273      8.39471e-06              1       6.76e-06  
   273         274       8.3878e-06              1       7.17e-06  
   274         275      8.38105e-06              1       6.97e-06  
   275         276      8.37418e-06              1       6.14e-06  
   276         277      8.36718e-06              1       6.54e-06  
   277         278      8.36013e-06              1       6.06e-06  
   278         279      8.35299e-06              1       6.74e-06  
   279         280      8.34562e-06              1       7.56e-06  
                                                        First-order 
 Iteration  Func-count       f(x)        Step-size       optimality
   280         281      8.33806e-06              1       6.58e-06  
   281         282      8.33061e-06              1       5.64e-06  
   282         283      8.32354e-06              1       6.05e-06  
   283         284      8.31677e-06              1       6.29e-06  
   284         285      8.30993e-06              1       7.81e-06  
   285         286      8.30266e-06              1        7.2e-06  
   286         287      8.29487e-06              1       6.77e-06  
   287         288       8.2867e-06              1        6.5e-06  
   288         289      8.27835e-06              1        6.5e-06  
   289         290      8.26986e-06              1       7.76e-06  
   290         291      8.26123e-06              1       6.42e-06  
   291         292      8.25236e-06              1       7.43e-06  
   292         293      8.24348e-06              1       9.39e-06  
   293         294      8.23457e-06              1       9.85e-06  
   294         295       8.2257e-06              1       7.33e-06  
   295         296      8.21677e-06              1       6.65e-06  
   296         297      8.20785e-06              1       6.53e-06  
   297         298      8.19886e-06              1       6.54e-06  
   298         299      8.18969e-06              1       6.47e-06  
   299         300      8.18003e-06              1       7.48e-06  
                                                        First-order 
 Iteration  Func-count       f(x)        Step-size       optimality
   300         301      8.16962e-06              1       8.29e-06  
   301         302      8.15829e-06              1       8.16e-06  
   302         303      8.14616e-06              1       8.21e-06  
   303         304      8.13348e-06              1       8.82e-06  
   304         305      8.12064e-06              1       8.43e-06  
   305         306      8.10766e-06              1       8.91e-06  
   306         307      8.09456e-06              1       9.17e-06  
   307         308      8.08069e-06              1       9.75e-06  
   308         309      8.06589e-06              1       9.94e-06  
   309         310      8.04985e-06              1       1.02e-05  
   310         311       8.0337e-06              1       1.02e-05  
   311         312      8.01731e-06              1       1.05e-05  
   312         313      8.00076e-06              1       1.07e-05  
   313         314      7.98271e-06              1       1.16e-05  
   314         315       7.9633e-06              1       1.15e-05  
   315         316      7.94294e-06              1       1.26e-05  
   316         317      7.92353e-06              1       1.09e-05  
   317         318      7.90483e-06              1       1.24e-05  
   318         319      7.88657e-06              1       1.05e-05  
   319         320      7.86661e-06              1        1.1e-05  
                                                        First-order 
 Iteration  Func-count       f(x)        Step-size       optimality
   320         321      7.84617e-06              1       1.07e-05  
   321         322      7.82665e-06              1       8.52e-06  
   322         323      7.81015e-06              1       8.45e-06  
   323         324      7.79458e-06              1        8.6e-06  
   324         325      7.78037e-06              1       8.32e-06  
   325         326       7.7664e-06              1       9.25e-06  
   326         327      7.75314e-06              1       9.93e-06  
   327         328      7.74045e-06              1       8.79e-06  
   328         329      7.72904e-06              1       8.81e-06  
   329         330      7.71872e-06              1       7.19e-06  
   330         331      7.70941e-06              1       6.91e-06  
   331         332      7.70072e-06              1       6.48e-06  
   332         333      7.69269e-06              1        7.1e-06  
   333         334      7.68507e-06              1       6.78e-06  
   334         335      7.67778e-06              1       6.68e-06  
   335         336      7.67053e-06              1       6.27e-06  
   336         337      7.66338e-06              1       5.88e-06  
   337         338      7.65638e-06              1       5.71e-06  
   338         339      7.64951e-06              1       5.95e-06  
   339         340      7.64266e-06              1       6.07e-06  
                                                        First-order 
 Iteration  Func-count       f(x)        Step-size       optimality
   340         341      7.63594e-06              1       5.49e-06  
   341         342      7.62949e-06              1       6.21e-06  
   342         343      7.62332e-06              1       6.02e-06  
   343         344      7.61741e-06              1       6.19e-06  
   344         345      7.61181e-06              1       5.89e-06  
   345         346      7.60651e-06              1       5.42e-06  
   346         347      7.60126e-06              1       5.69e-06  
   347         348      7.59576e-06              1       5.21e-06  
   348         349       7.5901e-06              1       5.48e-06  
   349         350      7.58468e-06              1        5.3e-06  
   350         351      7.57973e-06              1        5.2e-06  
   351         352      7.57494e-06              1       5.67e-06  
   352         353      7.56995e-06              1       5.91e-06  
   353         354      7.56469e-06              1       5.16e-06  
   354         355      7.55939e-06              1       5.34e-06  
   355         356      7.55404e-06              1       5.44e-06  
   356         357      7.54848e-06              1       5.38e-06  
   357         358      7.54267e-06              1       5.31e-06  
   358         359      7.53686e-06              1       5.84e-06  
   359         360      7.53109e-06              1       6.39e-06  
                                                        First-order 
 Iteration  Func-count       f(x)        Step-size       optimality
   360         361      7.52517e-06              1       5.82e-06  
   361         362        7.519e-06              1       6.43e-06  
   362         363      7.51285e-06              1       5.55e-06  
   363         364      7.50697e-06              1       5.82e-06  
   364         365      7.50127e-06              1       5.56e-06  
   365         366      7.49541e-06              1       6.59e-06  
   366         367      7.48949e-06              1        5.4e-06  
   367         368      7.48382e-06              1       5.32e-06  
   368         369       7.4786e-06              1       5.68e-06  
   369         370      7.47346e-06              1       5.92e-06  
   370         371      7.46809e-06              1       6.35e-06  
   371         372       7.4624e-06              1       5.74e-06  
   372         373      7.45644e-06              1       5.71e-06  
   373         374       7.4501e-06              1       6.22e-06  
   374         375      7.44324e-06              1       6.52e-06  
   375         376        7.436e-06              1       6.55e-06  
   376         377      7.42885e-06              1       5.68e-06  
   377         378       7.4221e-06              1       5.92e-06  
   378         379      7.41577e-06              1       6.51e-06  
   379         380      7.40966e-06              1       6.04e-06  
                                                        First-order 
 Iteration  Func-count       f(x)        Step-size       optimality
   380         381      7.40375e-06              1       6.66e-06  
   381         382      7.39786e-06              1       6.17e-06  
   382         383      7.39188e-06              1       6.95e-06  
   383         384      7.38559e-06              1       7.09e-06  
   384         385      7.37936e-06              1       6.77e-06  
   385         386      7.37327e-06              1       6.14e-06  
   386         387      7.36735e-06              1       6.17e-06  
   387         388      7.36103e-06              1       6.45e-06  
   388         389      7.35419e-06              1       6.74e-06  
   389         390      7.34704e-06              1       6.55e-06  
   390         391      7.34035e-06              1       5.63e-06  
   391         392       7.3343e-06              1       6.84e-06  
   392         393      7.32865e-06              1       5.84e-06  
   393         394      7.32288e-06              1       5.77e-06  
   394         395      7.31706e-06              1       5.67e-06  
   395         396      7.31139e-06              1       5.26e-06  
   396         397      7.30614e-06              1       5.09e-06  
   397         398      7.30126e-06              1       5.03e-06  
   398         399      7.29653e-06              1       5.24e-06  
   399         400      7.29149e-06              1       4.98e-06  
                                                        First-order 
 Iteration  Func-count       f(x)        Step-size       optimality
   400         401      7.28594e-06              1       5.43e-06  
   401         402       7.2806e-06              1       5.19e-06  
   402         403      7.27505e-06              1       5.71e-06  
   403         404      7.26979e-06              1       5.25e-06  
   404         405      7.26497e-06              1       4.71e-06  
   405         406      7.26032e-06              1       4.61e-06  
   406         407      7.25539e-06              1        5.7e-06  
   407         408      7.24997e-06              1       5.75e-06  
   408         409      7.24423e-06              1       6.16e-06  
   409         410      7.23846e-06              1       5.62e-06  
   410         411      7.23276e-06              1       5.81e-06  
   411         412       7.2272e-06              1        6.3e-06  
   412         413      7.22182e-06              1       5.27e-06  
   413         414      7.21674e-06              1       6.51e-06  
   414         415      7.21183e-06              1       5.56e-06  
   415         416        7.207e-06              1       6.18e-06  
   416         417      7.20203e-06              1       5.47e-06  
   417         418      7.19704e-06              1       6.08e-06  
   418         419      7.19206e-06              1        4.5e-06  
   419         420      7.18738e-06              1       4.79e-06  
                                                        First-order 
 Iteration  Func-count       f(x)        Step-size       optimality
   420         421      7.18289e-06              1        4.8e-06  
   421         422       7.1788e-06              1       4.52e-06  
   422         423      7.17499e-06              1       4.38e-06  
   423         424      7.17126e-06              1       4.28e-06  
   424         425      7.16734e-06              1       4.93e-06  
   425         426      7.16314e-06              1       5.71e-06  
   426         427      7.15878e-06              1       5.86e-06  
   427         428      7.15442e-06              1       5.33e-06  
   428         429      7.15027e-06              1       5.15e-06  
   429         430      7.14634e-06              1       4.55e-06  
   430         431      7.14261e-06              1       4.94e-06  
   431         432      7.13887e-06              1       4.84e-06  
   432         433      7.13507e-06              1       4.51e-06  
   433         434       7.1311e-06              1       4.44e-06  
   434         435      7.12706e-06              1       4.69e-06  
   435         436      7.12286e-06              1       4.85e-06  
   436         437      7.11865e-06              1        5.1e-06  
   437         438      7.11463e-06              1       4.48e-06  
   438         439      7.11111e-06              1       4.42e-06  
   439         440        7.108e-06              1       3.91e-06  
                                                        First-order 
 Iteration  Func-count       f(x)        Step-size       optimality
   440         441       7.1051e-06              1       4.29e-06  
   441         442      7.10216e-06              1       4.95e-06  
   442         443      7.09912e-06              1       5.01e-06  
   443         444      7.09595e-06              1       3.89e-06  
   444         445      7.09265e-06              1       4.11e-06  
   445         446      7.08929e-06              1       4.16e-06  
   446         447      7.08601e-06              1       4.14e-06  
   447         448      7.08283e-06              1       4.34e-06  
   448         449      7.07974e-06              1       4.77e-06  
   449         450      7.07664e-06              1       4.67e-06  
   450         451       7.0736e-06              1       4.21e-06  
   451         452      7.07066e-06              1        4.6e-06  
   452         453      7.06783e-06              1       3.99e-06  
   453         454      7.06497e-06              1       3.73e-06  
   454         455      7.06215e-06              1       3.65e-06  
   455         456      7.05951e-06              1       3.74e-06  
   456         457      7.05716e-06              1       3.42e-06  
   457         458      7.05503e-06              1       3.55e-06  
   458         459      7.05306e-06              1       3.47e-06  
   459         460      7.05124e-06              1       2.98e-06  
                                                        First-order 
 Iteration  Func-count       f(x)        Step-size       optimality
   460         461      7.04954e-06              1       3.01e-06  
   461         462      7.04792e-06              1       3.23e-06  
   462         463      7.04638e-06              1       2.74e-06  
   463         464      7.04493e-06              1       3.01e-06  
   464         465      7.04353e-06              1       3.03e-06  
   465         466      7.04212e-06              1       2.95e-06  
   466         467      7.04067e-06              1       2.55e-06  
   467         468      7.03934e-06              1       2.47e-06  
   468         469      7.03824e-06              1       2.32e-06  
   469         470      7.03731e-06              1       2.56e-06  
   470         471      7.03642e-06              1        2.2e-06  
   471         472      7.03552e-06              1       2.04e-06  
   472         473      7.03464e-06              1       2.58e-06  
   473         474      7.03385e-06              1       2.21e-06  
   474         475       7.0331e-06              1        2.1e-06  
   475         476      7.03237e-06              1       2.26e-06  
   476         477      7.03166e-06              1       2.14e-06  
   477         478      7.03103e-06              1       2.72e-06  
   478         479      7.03048e-06              1       2.31e-06  
   479         480      7.02999e-06              1       1.79e-06  
                                                        First-order 
 Iteration  Func-count       f(x)        Step-size       optimality
   480         481      7.02952e-06              1       1.76e-06  
   481         482      7.02907e-06              1       1.61e-06  
   482         483      7.02863e-06              1        1.8e-06  
   483         484      7.02821e-06              1       1.49e-06  
   484         485      7.02779e-06              1       1.28e-06  
   485         486       7.0274e-06              1       1.42e-06  
   486         487      7.02702e-06              1       1.49e-06  
   487         488      7.02665e-06              1       1.33e-06  
   488         489       7.0263e-06              1       1.65e-06  
   489         490      7.02597e-06              1       1.52e-06  
   490         491      7.02567e-06              1       1.62e-06  
   491         492      7.02539e-06              1       1.51e-06  
   492         493      7.02511e-06              1       1.13e-06  
   493         494      7.02481e-06              1       1.43e-06  
   494         495      7.02452e-06              1       1.21e-06  
   495         496      7.02424e-06              1       1.24e-06  
   496         497      7.02395e-06              1       1.22e-06  
   497         498      7.02365e-06              1       1.12e-06  
   498         499      7.02334e-06              1        1.5e-06  
   499         500      7.02304e-06              1        1.5e-06  
                                                        First-order 
 Iteration  Func-count       f(x)        Step-size       optimality
   500         501      7.02275e-06              1       1.51e-06  
   501         502      7.02248e-06              1       1.39e-06  
   502         503       7.0222e-06              1       1.51e-06  
   503         504      7.02192e-06              1       1.36e-06  
   504         505      7.02165e-06              1       1.28e-06  
   505         506      7.02139e-06              1       1.22e-06  
   506         507      7.02114e-06              1       1.16e-06  
   507         508      7.02089e-06              1       1.14e-06  
   508         509      7.02064e-06              1       1.13e-06  
   509         510      7.02041e-06              1       1.18e-06  
   510         511      7.02018e-06              1       1.19e-06  
   511         512      7.01995e-06              1       9.94e-07  
   512         513      7.01974e-06              1       1.21e-06  
   513         514      7.01953e-06              1       1.02e-06  
   514         515      7.01934e-06              1       1.09e-06  
   515         516      7.01916e-06              1       9.35e-07  
   516         517      7.01897e-06              1       1.08e-06  
   517         518      7.01878e-06              1       9.77e-07  
   518         519      7.01859e-06              1       9.67e-07  
   519         520      7.01842e-06              1       8.54e-07  
                                                        First-order 
 Iteration  Func-count       f(x)        Step-size       optimality
   520         521      7.01824e-06              1       8.34e-07  
   521         522      7.01806e-06              1       9.67e-07  
   522         523      7.01788e-06              1       9.76e-07  
   523         524       7.0177e-06              1       9.52e-07  
   524         525      7.01753e-06              1       1.01e-06  
   525         526      7.01736e-06              1       1.22e-06  
   526         527      7.01719e-06              1       1.13e-06  
   527         528      7.01701e-06              1       9.18e-07  
   528         529      7.01684e-06              1       9.69e-07  
   529         530      7.01667e-06              1        9.5e-07  
   530         531      7.01651e-06              1       9.35e-07  
   531         532      7.01635e-06              1       1.02e-06  
   532         533       7.0162e-06              1       9.26e-07  
   533         534      7.01605e-06              1       7.53e-07  
   534         535      7.01592e-06              1       9.24e-07  
   535         536       7.0158e-06              1       7.67e-07  
   536         537      7.01568e-06              1        9.4e-07  
   537         538      7.01556e-06              1       8.89e-07  
   538         539      7.01543e-06              1       8.59e-07  
   539         540      7.01529e-06              1       8.28e-07  
                                                        First-order 
 Iteration  Func-count       f(x)        Step-size       optimality
   540         541      7.01516e-06              1       1.09e-06  
   541         542      7.01504e-06              1       1.02e-06  
   542         543      7.01492e-06              1       6.63e-07  
   543         544      7.01481e-06              1       7.69e-07  
   544         545      7.01469e-06              1       8.13e-07  
   545         546      7.01457e-06              1       9.27e-07  
   546         547      7.01445e-06              1       7.78e-07  
   547         548      7.01433e-06              1       8.92e-07  
   548         549      7.01421e-06              1       9.67e-07  
   549         550      7.01408e-06              1       8.81e-07  
   550         551      7.01396e-06              1        8.1e-07  
   551         552      7.01384e-06              1       8.33e-07  
   552         553      7.01372e-06              1       7.54e-07  
   553         554       7.0136e-06              1       7.01e-07  
   554         555      7.01349e-06              1       8.12e-07  
   555         556      7.01338e-06              1       8.59e-07  
   556         557      7.01328e-06              1       6.83e-07  
   557         558      7.01318e-06              1       7.18e-07  
   558         559      7.01308e-06              1       8.41e-07  
   559         560      7.01298e-06              1       8.78e-07  
                                                        First-order 
 Iteration  Func-count       f(x)        Step-size       optimality
   560         561      7.01289e-06              1       6.87e-07  
   561         562      7.01281e-06              1       6.92e-07  
   562         563      7.01272e-06              1       6.91e-07  
   563         564      7.01264e-06              1       6.47e-07  
   564         565      7.01256e-06              1       6.45e-07  
   565         566      7.01248e-06              1       6.65e-07  
   566         567      7.01241e-06              1       6.21e-07  
   567         568      7.01234e-06              1       6.95e-07  
   568         569      7.01228e-06              1       6.44e-07  
   569         570      7.01222e-06              1       6.28e-07  
   570         571      7.01216e-06              1       5.96e-07  
   571         572       7.0121e-06              1       5.59e-07  
   572         573      7.01204e-06              1       5.82e-07  
   573         574      7.01199e-06              1       5.05e-07  
   574         575      7.01193e-06              1       4.99e-07  
   575         576      7.01188e-06              1       5.27e-07  
   576         577      7.01183e-06              1       4.99e-07  
   577         578      7.01178e-06              1       5.01e-07  
   578         579      7.01172e-06              1        6.4e-07  
   579         580      7.01167e-06              1       5.89e-07  
                                                        First-order 
 Iteration  Func-count       f(x)        Step-size       optimality
   580         581      7.01162e-06              1       5.73e-07  
   581         582      7.01156e-06              1       6.33e-07  
   582         583      7.01151e-06              1       5.73e-07  
   583         584      7.01145e-06              1       6.36e-07  
   584         585      7.01139e-06              1       7.65e-07  
   585         586      7.01133e-06              1       6.73e-07  
   586         587      7.01127e-06              1       5.81e-07  
   587         588       7.0112e-06              1        6.6e-07  
   588         589      7.01114e-06              1       5.69e-07  
   589         590      7.01108e-06              1       5.67e-07  
   590         591      7.01102e-06              1       6.26e-07  
   591         592      7.01097e-06              1       5.33e-07  
   592         593      7.01091e-06              1       6.08e-07  
   593         594      7.01086e-06              1       6.13e-07  
   594         595      7.01081e-06              1       5.23e-07  
   595         596      7.01075e-06              1       6.04e-07  
   596         597      7.01069e-06              1       5.74e-07  
   597         598      7.01064e-06              1       5.67e-07  
   598         599      7.01057e-06              1       6.27e-07  
   599         600       7.0105e-06              1        6.8e-07  
                                                        First-order 
 Iteration  Func-count       f(x)        Step-size       optimality
   600         601      7.01043e-06              1       6.36e-07  
   601         602      7.01036e-06              1       5.97e-07  
   602         603      7.01029e-06              1       6.38e-07  
   603         604      7.01021e-06              1       7.19e-07  
   604         605      7.01015e-06              1       6.65e-07  
   605         606      7.01008e-06              1       6.04e-07  
   606         607      7.01001e-06              1       5.86e-07  
   607         608      7.00994e-06              1       5.83e-07  
   608         609      7.00986e-06              1       6.34e-07  
   609         610      7.00979e-06              1       5.44e-07  
   610         611      7.00972e-06              1       6.47e-07  
   611         612      7.00965e-06              1       6.81e-07  
   612         613      7.00958e-06              1       5.63e-07  
   613         614      7.00952e-06              1       5.59e-07  
   614         615      7.00946e-06              1       5.33e-07  
   615         616      7.00941e-06              1       5.18e-07  
   616         617      7.00935e-06              1       5.56e-07  
   617         618       7.0093e-06              1       5.36e-07  
   618         619      7.00926e-06              1       4.02e-07  
   619         620      7.00922e-06              1       3.95e-07  
                                                        First-order 
 Iteration  Func-count       f(x)        Step-size       optimality
   620         621      7.00917e-06              1       5.35e-07  
   621         622      7.00913e-06              1       5.04e-07  
   622         623      7.00908e-06              1       4.99e-07  
   623         624      7.00903e-06              1       5.61e-07  
   624         625      7.00898e-06              1       5.22e-07  
   625         626      7.00894e-06              1       5.62e-07  
   626         627      7.00889e-06              1       5.51e-07  
   627         628      7.00885e-06              1        4.8e-07  
   628         629      7.00882e-06              1       3.69e-07  
   629         630      7.00878e-06              1       4.58e-07  
   630         631      7.00874e-06              1       5.67e-07  
   631         632      7.00869e-06              1       6.04e-07  
   632         633      7.00864e-06              1        5.8e-07  
   633         634      7.00859e-06              1        4.9e-07  
   634         635      7.00854e-06              1       5.55e-07  
   635         636      7.00849e-06              1       5.13e-07  
   636         637      7.00844e-06              1        5.6e-07  
   637         638      7.00839e-06              1       6.38e-07  
   638         639      7.00833e-06              1       6.61e-07  
   639         640      7.00828e-06              1       5.46e-07  
                                                        First-order 
 Iteration  Func-count       f(x)        Step-size       optimality
   640         641      7.00823e-06              1       5.89e-07  
   641         642      7.00818e-06              1       6.22e-07  
   642         643      7.00813e-06              1       5.14e-07  
   643         644      7.00809e-06              1       5.63e-07  
   644         645      7.00804e-06              1       5.68e-07  
   645         646        7.008e-06              1       4.87e-07  
   646         647      7.00795e-06              1       6.81e-07  
   647         648       7.0079e-06              1       7.83e-07  
   648         649      7.00785e-06              1       5.97e-07  
   649         650      7.00781e-06              1       5.48e-07  
   650         651      7.00776e-06              1       4.75e-07  
   651         652      7.00772e-06              1       6.04e-07  
   652         653      7.00768e-06              1       7.03e-07  
   653         654      7.00763e-06              1        5.6e-07  
   654         655      7.00759e-06              1       4.55e-07  
   655         656      7.00756e-06              1       4.16e-07  
   656         657      7.00752e-06              1       4.06e-07  
   657         658      7.00749e-06              1       4.67e-07  
   658         659      7.00745e-06              1       4.46e-07  
   659         660      7.00742e-06              1       4.79e-07  
                                                        First-order 
 Iteration  Func-count       f(x)        Step-size       optimality
   660         661      7.00739e-06              1       3.84e-07  
   661         662      7.00735e-06              1       4.13e-07  
   662         663      7.00732e-06              1       4.38e-07  
   663         664      7.00728e-06              1       4.89e-07  
   664         665      7.00724e-06              1        4.8e-07  
   665         666       7.0072e-06              1       4.64e-07  
   666         667      7.00715e-06              1       4.83e-07  
   667         668      7.00711e-06              1       4.56e-07  
   668         669      7.00706e-06              1       4.93e-07  
   669         670      7.00701e-06              1        4.8e-07  
   670         671      7.00697e-06              1       4.78e-07  
   671         672      7.00692e-06              1       4.88e-07  
   672         673      7.00688e-06              1       5.65e-07  
   673         674      7.00683e-06              1       5.77e-07  
   674         675      7.00678e-06              1       5.25e-07  
   675         676      7.00673e-06              1       5.97e-07  
   676         677      7.00667e-06              1       6.03e-07  
   677         678      7.00662e-06              1       5.89e-07  
   678         679      7.00657e-06              1       4.84e-07  
   679         680      7.00652e-06              1        4.8e-07  
                                                        First-order 
 Iteration  Func-count       f(x)        Step-size       optimality
   680         681      7.00647e-06              1       5.12e-07  
   681         682      7.00641e-06              1       4.78e-07  
   682         683      7.00636e-06              1       5.71e-07  
   683         684      7.00631e-06              1        7.3e-07  
   684         685      7.00626e-06              1       6.96e-07  
   685         686      7.00622e-06              1       4.79e-07  
   686         687      7.00618e-06              1       4.27e-07  
   687         688      7.00613e-06              1       4.06e-07  
   688         689      7.00609e-06              1       4.82e-07  
   689         690      7.00605e-06              1       4.56e-07  
   690         691      7.00601e-06              1       4.53e-07  
   691         692      7.00597e-06              1       4.84e-07  
   692         693      7.00593e-06              1       4.92e-07  
   693         694       7.0059e-06              1       4.15e-07  
   694         695      7.00587e-06              1       3.64e-07  
   695         696      7.00584e-06              1       3.95e-07  
   696         697       7.0058e-06              1       4.09e-07  
   697         698      7.00577e-06              1       4.22e-07  
   698         699      7.00574e-06              1       4.52e-07  
   699         700       7.0057e-06              1       4.28e-07  
                                                        First-order 
 Iteration  Func-count       f(x)        Step-size       optimality
   700         701      7.00567e-06              1       4.53e-07  
   701         702      7.00563e-06              1       4.79e-07  
   702         703       7.0056e-06              1       4.19e-07  
   703         704      7.00556e-06              1        4.4e-07  
   704         705      7.00553e-06              1       4.25e-07  
   705         706       7.0055e-06              1       3.86e-07  
   706         707      7.00546e-06              1       3.75e-07  
   707         708      7.00544e-06              1          4e-07  
   708         709      7.00541e-06              1       4.04e-07  
   709         710      7.00538e-06              1       3.69e-07  
   710         711      7.00536e-06              1       3.06e-07  
   711         712      7.00534e-06              1       3.55e-07  
   712         713      7.00532e-06              1        3.3e-07  
   713         714       7.0053e-06              1        3.5e-07  
   714         715      7.00528e-06              1       3.24e-07  
   715         716      7.00526e-06              1       3.06e-07  
   716         717      7.00524e-06              1       3.37e-07  
   717         718      7.00522e-06              1        2.9e-07  
   718         719       7.0052e-06              1       2.77e-07  
   719         720      7.00518e-06              1       3.26e-07  
                                                        First-order 
 Iteration  Func-count       f(x)        Step-size       optimality
   720         721      7.00517e-06              1       3.33e-07  
   721         722      7.00515e-06              1       3.63e-07  
   722         723      7.00513e-06              1        4.2e-07  
   723         724      7.00511e-06              1       3.64e-07  
   724         725      7.00509e-06              1       3.31e-07  
   725         726      7.00507e-06              1       3.39e-07  
   726         727      7.00505e-06              1       3.12e-07  
   727         728      7.00503e-06              1       3.39e-07  
   728         729      7.00501e-06              1       3.89e-07  
   729         730      7.00499e-06              1       3.86e-07  
   730         731      7.00497e-06              1       3.16e-07  
   731         732      7.00495e-06              1       3.18e-07  
   732         733      7.00492e-06              1       3.01e-07  
   733         734       7.0049e-06              1       3.75e-07  
   734         735      7.00488e-06              1       3.37e-07  
   735         736      7.00485e-06              1       3.22e-07  
   736         737      7.00483e-06              1        3.9e-07  
   737         738      7.00481e-06              1       3.39e-07  
   738         739      7.00479e-06              1       3.94e-07  
   739         740      7.00477e-06              1       3.98e-07  
                                                        First-order 
 Iteration  Func-count       f(x)        Step-size       optimality
   740         741      7.00475e-06              1       2.76e-07  
   741         742      7.00473e-06              1       2.39e-07  
   742         743      7.00472e-06              1       2.87e-07  
   743         744       7.0047e-06              1       2.81e-07  
   744         745      7.00468e-06              1       3.18e-07  
   745         746      7.00467e-06              1       3.03e-07  
   746         747      7.00465e-06              1        2.5e-07  
   747         748      7.00463e-06              1       3.19e-07  
   748         749      7.00462e-06              1       3.46e-07  
   749         750       7.0046e-06              1       2.91e-07  
   750         751      7.00458e-06              1       2.68e-07  
   751         752      7.00457e-06              1       2.98e-07  
   752         753      7.00455e-06              1       3.57e-07  
   753         754      7.00454e-06              1       3.64e-07  
   754         755      7.00452e-06              1       2.56e-07  
   755         756      7.00451e-06              1       2.75e-07  
   756         757      7.00449e-06              1       2.92e-07  
   757         758      7.00448e-06              1       2.78e-07  
   758         759      7.00447e-06              1       2.84e-07  
   759         760      7.00445e-06              1       2.79e-07  
                                                        First-order 
 Iteration  Func-count       f(x)        Step-size       optimality
   760         761      7.00444e-06              1        2.6e-07  
   761         762      7.00443e-06              1       2.58e-07  
   762         763      7.00442e-06              1       2.71e-07  
   763         764      7.00441e-06              1       2.34e-07  
   764         765       7.0044e-06              1       2.12e-07  
   765         766      7.00439e-06              1       2.24e-07  
   766         767      7.00438e-06              1       2.38e-07  
   767         768      7.00437e-06              1       2.48e-07  
   768         769      7.00436e-06              1       2.02e-07  
   769         770      7.00435e-06              1       1.92e-07  
   770         771      7.00435e-06              1       2.07e-07  
   771         772      7.00434e-06              1       2.06e-07  
   772         773      7.00433e-06              1        2.1e-07  
   773         774      7.00432e-06              1       2.08e-07  
   774         775      7.00432e-06              1       2.17e-07  
   775         776      7.00431e-06              1       2.09e-07  
   776         777       7.0043e-06              1       2.21e-07  
   777         778      7.00429e-06              1        2.1e-07  
   778         779      7.00429e-06              1       2.06e-07  
   779         780      7.00428e-06              1        2.2e-07  
                                                        First-order 
 Iteration  Func-count       f(x)        Step-size       optimality
   780         781      7.00427e-06              1       1.74e-07  
   781         782      7.00426e-06              1       1.85e-07  
   782         783      7.00426e-06              1       1.86e-07  
   783         784      7.00425e-06              1       1.84e-07  
   784         785      7.00424e-06              1       1.58e-07  
   785         786      7.00424e-06              1       1.82e-07  
   786         787      7.00423e-06              1       1.71e-07  
   787         788      7.00423e-06              1       1.61e-07  
   788         789      7.00422e-06              1       1.79e-07  
   789         790      7.00422e-06              1       1.87e-07  
   790         791      7.00421e-06              1       1.93e-07  
   791         792      7.00421e-06              1       1.71e-07  
   792         793       7.0042e-06              1       1.67e-07  
   793         794      7.00419e-06              1       1.76e-07  
   794         795      7.00419e-06              1       1.72e-07  
   795         796      7.00418e-06              1       1.47e-07  
   796         797      7.00418e-06              1       1.57e-07  
   797         798      7.00417e-06              1       1.56e-07  
   798         799      7.00417e-06              1       1.68e-07  
   799         800      7.00416e-06              1       1.56e-07  
                                                        First-order 
 Iteration  Func-count       f(x)        Step-size       optimality
   800         801      7.00416e-06              1       1.71e-07  
   801         802      7.00415e-06              1       1.55e-07  
   802         803      7.00415e-06              1        1.7e-07  
   803         804      7.00414e-06              1       1.76e-07  
   804         805      7.00414e-06              1       1.65e-07  
   805         806      7.00413e-06              1       1.79e-07  
   806         807      7.00412e-06              1        1.9e-07  
   807         808      7.00412e-06              1       1.76e-07  
   808         809      7.00411e-06              1        1.8e-07  
   809         810      7.00411e-06              1        2.2e-07  
   810         811       7.0041e-06              1       1.73e-07  
   811         812       7.0041e-06              1       1.51e-07  
   812         813       7.0041e-06              1       1.47e-07  
   813         814      7.00409e-06              1       1.54e-07  
   814         815      7.00409e-06              1       1.28e-07  
   815         816      7.00408e-06              1       1.31e-07  
   816         817      7.00408e-06              1       1.41e-07  
   817         818      7.00408e-06              1       1.44e-07  
   818         819      7.00408e-06              1       1.38e-07  
   819         820      7.00407e-06              1       1.23e-07  
                                                        First-order 
 Iteration  Func-count       f(x)        Step-size       optimality
   820         821      7.00407e-06              1       1.19e-07  
   821         822      7.00407e-06              1       1.23e-07  
   822         823      7.00406e-06              1       1.26e-07  
   823         824      7.00406e-06              1        1.5e-07  
   824         825      7.00406e-06              1       1.45e-07  
   825         826      7.00405e-06              1       1.46e-07  
   826         827      7.00405e-06              1       1.51e-07  
   827         828      7.00405e-06              1       1.37e-07  
   828         829      7.00404e-06              1       1.46e-07  
   829         830      7.00404e-06              1        1.2e-07  
   830         831      7.00404e-06              1       1.54e-07  
   831         832      7.00403e-06              1       1.55e-07  
   832         833      7.00403e-06              1       1.67e-07  
   833         834      7.00403e-06              1       1.52e-07  
   834         835      7.00402e-06              1       1.25e-07  
   835         836      7.00402e-06              1       1.23e-07  
   836         837      7.00402e-06              1       1.29e-07  
   837         838      7.00401e-06              1       1.52e-07  
   838         839      7.00401e-06              1       1.34e-07  
   839         840      7.00401e-06              1       1.48e-07  
                                                        First-order 
 Iteration  Func-count       f(x)        Step-size       optimality
   840         841        7.004e-06              1       1.53e-07  
   841         842        7.004e-06              1       1.84e-07  
   842         843        7.004e-06              1        1.9e-07  
   843         844      7.00399e-06              1       1.41e-07  
   844         845      7.00399e-06              1       1.56e-07  
   845         846      7.00399e-06              1       1.32e-07  
   846         847      7.00398e-06              1       1.24e-07  
   847         848      7.00398e-06              1       1.15e-07  
   848         849      7.00398e-06              1       1.26e-07  
   849         850      7.00398e-06              1       1.39e-07  
   850         851      7.00397e-06              1       9.85e-08  

Optimization completed: The <a href = "matlab: helpview([docroot '/toolbox/optim/msg_csh/optim_msg_csh.map'],'first_order_opt_unc','CSHelpWindow');">first-order optimality measure</a>, 9.634557e-08, is less 
than <a href = "matlab: helpview([docroot '/toolbox/optim/msg_csh/optim_msg_csh.map'],'tolfun','CSHelpWindow');">options.TolFun</a> = 1.000000e-07.

Optimization Metric                                            Options
relative norm(gradient) =   9.63e-08                  TolFun =   1e-07 (selected)

