flow iter#1; |dv| = 4.92506
flow iter#2; |dv| = 1.23732
flow iter#3; |dv| = 1.49235
flow iter#4; |dv| = 1.96522
flow iter#5; |dv| = 1.60902
flow iter#6; |dv| = 0.88346
flow iter#7; |dv| = 0.254792
flow iter#8; |dv| = 0.26152
flow iter#9; |dv| = 0.369201
flow iter#10; |dv| = 0.312229
flow iter#11; |dv| = 0.186444
flow iter#12; |dv| = 0.0692117
flow iter#13; |dv| = 0.0292212
flow iter#14; |dv| = 0.053682
flow iter#15; |dv| = 0.0524809
flow iter#16; |dv| = 0.0356872
flow iter#17; |dv| = 0.0166984
flow iter#18; |dv| = 0.00614212
flow iter#19; |dv| = 0.00883343
flow iter#20; |dv| = 0.00980038
flow iter#21; |dv| = 0.0080425
flow iter#22; |dv| = 0.00586178
flow iter#23; |dv| = 0.00487326
                                                        First-order 
 Iteration  Func-count       f(x)        Step-size       optimality
     0           1        0.0474049                       0.00224
     1           4        0.0257114             91        0.00118  
     2           6        0.0107039            0.5       0.000911  
     3           7       0.00136665              1       0.000287  
     4           8      0.000805465              1        0.00132  
     5           9      7.42014e-05              1       4.25e-05  
     6          10      1.86329e-05              1        5.5e-05  
     7          11      8.90509e-06              1       4.23e-05  
     8          12      4.66152e-06              1       2.58e-05  
     9          13      2.30719e-06              1       1.48e-05  
    10          14      5.91115e-07              1        1.8e-05  
    11          15      1.16214e-07              1       1.06e-05  
    12          16      1.75911e-09              1       8.08e-07  
    13          17      2.72389e-11              1       1.78e-07  
    14          18      6.91799e-13              1       2.13e-08  
    15          19      3.95602e-16              1       2.03e-10  
    16          20      4.61392e-19              1        1.7e-11  

Optimization completed: The <a href = "matlab: helpview([docroot '/toolbox/optim/msg_csh/optim_msg_csh.map'],'first_order_opt_unc','CSHelpWindow');">first-order optimality measure</a>, 1.691366e-11, is less 
than <a href = "matlab: helpview([docroot '/toolbox/optim/msg_csh/optim_msg_csh.map'],'tolfun','CSHelpWindow');">options.TolFun</a> = 1.000000e-10.

Optimization Metric                                            Options
relative norm(gradient) =   1.69e-11                  TolFun =   1e-10 (selected)

                                                        First-order 
 Iteration  Func-count       f(x)        Step-size       optimality
     0           1         0.204788                        0.0384
     1           2         0.160616              1         0.0201  
     2           3         0.115032              1         0.0418  
     3           4        0.0812669              1         0.0359  
     4           5        0.0539409              1         0.0308  
     5           6        0.0429337              1         0.0257  
     6           7        0.0357489              1         0.0251  
     7           8        0.0321973              1         0.0159  
     8           9        0.0289481              1         0.0117  
     9          10        0.0261029              1        0.00917  
    10          11        0.0242054              1        0.00729  
    11          12        0.0212426              1        0.00958  
    12          13        0.0192121              1         0.0108  
    13          14         0.016864              1         0.0087  
    14          15        0.0151433              1        0.00721  
    15          16        0.0135603              1        0.00871  
    16          17        0.0119449              1        0.00453  
    17          18        0.0105805              1        0.00639  
    18          19       0.00938768              1         0.0064  
    19          20       0.00845365              1        0.00459  
                                                        First-order 
 Iteration  Func-count       f(x)        Step-size       optimality
    20          21       0.00740875              1        0.00311  
    21          22       0.00649908              1        0.00415  
    22          23       0.00554844              1        0.00459  
    23          24       0.00476288              1        0.00384  
    24          25       0.00414603              1        0.00279  
    25          26       0.00357701              1        0.00379  
    26          27       0.00313532              1        0.00271  
    27          28       0.00275016              1        0.00221  
    28          29       0.00243567              1        0.00154  
    29          30       0.00216882              1         0.0019  
    30          31       0.00194531              1        0.00147  
    31          32       0.00174922              1        0.00131  
    32          33       0.00158879              1         0.0013  
    33          34       0.00144496              1        0.00138  
    34          35       0.00131872              1        0.00113  
    35          36       0.00120737              1          0.001  
    36          37       0.00111154              1       0.000859  
    37          38       0.00102828              1       0.000825  
    38          39       0.00095861              1       0.000918  
    39          40      0.000900071              1        0.00129  
                                                        First-order 
 Iteration  Func-count       f(x)        Step-size       optimality
    40          41       0.00084763              1       0.000677  
    41          42      0.000797523              1       0.000559  
    42          43      0.000750899              1       0.000515  
    43          44      0.000712128              1       0.000497  
    44          45      0.000673761              1       0.000544  
    45          46      0.000637193              1       0.000563  
    46          47      0.000602125              1       0.000558  
    47          48      0.000577074              1       0.000514  
    48          49      0.000555032              1       0.000437  
    49          50      0.000535869              1       0.000403  
    50          51      0.000517073              1       0.000453  
    51          52      0.000499133              1       0.000446  
    52          53      0.000482118              1        0.00035  
    53          54      0.000467017              1       0.000378  
    54          55      0.000453058              1       0.000335  
    55          56      0.000440426              1       0.000284  
    56          57      0.000428551              1       0.000281  
    57          58      0.000417557              1        0.00026  
    58          59      0.000406354              1        0.00032  
    59          60      0.000395764              1       0.000326  
                                                        First-order 
 Iteration  Func-count       f(x)        Step-size       optimality
    60          61      0.000385796              1        0.00023  
    61          62      0.000376783              1       0.000254  
    62          63      0.000368128              1       0.000242  
    63          64      0.000359824              1       0.000265  
    64          65      0.000351839              1       0.000272  
    65          66      0.000344362              1       0.000249  
    66          67      0.000337019              1       0.000221  
    67          68      0.000329618              1       0.000259  
    68          69      0.000321998              1       0.000242  
    69          70      0.000314476              1       0.000254  
    70          71      0.000306798              1       0.000235  
    71          72      0.000299168              1       0.000192  
    72          73      0.000291443              1       0.000246  
    73          74      0.000284381              1       0.000246  
    74          75      0.000277104              1       0.000237  
    75          76      0.000269738              1       0.000245  
    76          77      0.000262013              1       0.000253  
    77          78      0.000254572              1       0.000217  
    78          79      0.000247421              1       0.000251  
    79          80      0.000240606              1       0.000346  
                                                        First-order 
 Iteration  Func-count       f(x)        Step-size       optimality
    80          81      0.000233841              1       0.000325  
    81          82      0.000227687              1       0.000302  
    82          83      0.000222158              1       0.000201  
    83          84      0.000217342              1       0.000236  
    84          85      0.000212607              1       0.000182  
    85          86      0.000208479              1       0.000155  
    86          87      0.000204641              1       0.000158  
    87          88      0.000201044              1       0.000178  
    88          89      0.000197294              1       0.000192  
    89          90      0.000193316              1       0.000196  
    90          91      0.000189046              1       0.000214  
    91          92      0.000184654              1       0.000271  
    92          93      0.000180158              1       0.000313  
    93          94      0.000175617              1       0.000329  
    94          95      0.000170752              1       0.000322  
    95          96        0.0001653              1       0.000277  
    96          97      0.000158884              1       0.000324  
    97          98      0.000152013              1       0.000371  
    98          99       0.00014395              1       0.000321  
    99         100      0.000136654              1       0.000301  
                                                        First-order 
 Iteration  Func-count       f(x)        Step-size       optimality
   100         101      0.000129884              1       0.000273  
   101         102      0.000124199              1       0.000265  
   102         103        0.0001185              1        0.00024  
   103         104      0.000113932              1       0.000389  
   104         105       0.00010882              1       0.000214  
   105         106      0.000103529              1       0.000209  
   106         107      9.70216e-05              1       0.000241  
   107         108      9.23187e-05              1       0.000223  
   108         109      8.69738e-05              1       0.000199  
   109         110      8.23037e-05              1       0.000219  
   110         111      7.77869e-05              1        0.00019  
   111         112      7.40258e-05              1       0.000158  
   112         113      7.08747e-05              1       0.000167  
   113         114      6.85697e-05              1       0.000316  
   114         115      6.63676e-05              1       0.000183  
   115         116      6.42095e-05              1       0.000137  
   116         117       6.1056e-05              1       0.000143  
   117         118      5.96845e-05              1        0.00014  
   118         119      5.75351e-05              1       0.000113  
   119         120      5.62911e-05              1       9.66e-05  
                                                        First-order 
 Iteration  Func-count       f(x)        Step-size       optimality
   120         121      5.49922e-05              1       0.000105  
   121         122      5.38705e-05              1       8.89e-05  
   122         123      5.27958e-05              1       7.53e-05  
   123         124      5.18834e-05              1       8.43e-05  
   124         125      5.10493e-05              1       8.65e-05  
   125         126       5.0269e-05              1       6.45e-05  
   126         127      4.95092e-05              1       7.78e-05  
   127         128       4.8757e-05              1       8.67e-05  
   128         129      4.79869e-05              1       8.43e-05  
   129         130      4.72056e-05              1       8.55e-05  
   130         131       4.6447e-05              1       8.09e-05  
   131         132      4.57535e-05              1       6.93e-05  
   132         133      4.51221e-05              1       6.25e-05  
   133         134      4.45307e-05              1       6.72e-05  
   134         135      4.39358e-05              1       5.55e-05  
   135         136        4.335e-05              1       6.58e-05  
   136         137      4.28237e-05              1       5.66e-05  
   137         138      4.22893e-05              1        5.5e-05  
   138         139      4.17431e-05              1       6.04e-05  
   139         140      4.12034e-05              1       5.85e-05  
                                                        First-order 
 Iteration  Func-count       f(x)        Step-size       optimality
   140         141      4.06971e-05              1       6.63e-05  
   141         142      4.02344e-05              1       7.43e-05  
   142         143      3.98031e-05              1       6.24e-05  
   143         144        3.938e-05              1       5.08e-05  
   144         145      3.89465e-05              1       5.64e-05  
   145         146       3.8496e-05              1       4.88e-05  
   146         147       3.8036e-05              1       4.81e-05  
   147         148      3.75822e-05              1       5.03e-05  
   148         149      3.71547e-05              1       4.87e-05  
   149         150      3.67691e-05              1       4.73e-05  
   150         151      3.64293e-05              1       4.45e-05  
   151         152      3.61284e-05              1       4.33e-05  
   152         153      3.58561e-05              1       3.94e-05  
   153         154       3.5607e-05              1       4.24e-05  
   154         155      3.53737e-05              1       4.93e-05  
   155         156      3.51464e-05              1       4.03e-05  
   156         157      3.49071e-05              1       3.85e-05  
   157         158      3.46617e-05              1       3.78e-05  
   158         159      3.44203e-05              1       3.62e-05  
   159         160      3.41795e-05              1       3.83e-05  
                                                        First-order 
 Iteration  Func-count       f(x)        Step-size       optimality
   160         161      3.39402e-05              1       4.49e-05  
   161         162      3.36954e-05              1       4.72e-05  
   162         163      3.34372e-05              1        4.2e-05  
   163         164      3.31691e-05              1       3.84e-05  
   164         165      3.29062e-05              1       3.65e-05  
   165         166      3.26616e-05              1       3.59e-05  
   166         167      3.24362e-05              1       3.55e-05  
   167         168      3.22234e-05              1       3.29e-05  
   168         169       3.2022e-05              1       3.19e-05  
   169         170      3.18359e-05              1       2.96e-05  
   170         171      3.16675e-05              1       3.11e-05  
   171         172      3.15113e-05              1       3.11e-05  
   172         173      3.13607e-05              1       2.99e-05  
   173         174      3.12112e-05              1       3.03e-05  
   174         175      3.10651e-05              1       2.73e-05  
   175         176      3.09244e-05              1       3.01e-05  
   176         177      3.07909e-05              1       2.85e-05  
   177         178      3.06618e-05              1       3.23e-05  
   178         179      3.05398e-05              1       3.02e-05  
   179         180      3.04265e-05              1       2.54e-05  
                                                        First-order 
 Iteration  Func-count       f(x)        Step-size       optimality
   180         181      3.03252e-05              1       2.33e-05  
   181         182      3.02304e-05              1       2.37e-05  
   182         183      3.01385e-05              1       2.43e-05  
   183         184      3.00458e-05              1       2.53e-05  
   184         185      2.99528e-05              1       2.57e-05  
   185         186      2.98597e-05              1        2.5e-05  
   186         187      2.97669e-05              1       2.52e-05  
   187         188       2.9673e-05              1       2.49e-05  
   188         189      2.95789e-05              1       2.52e-05  
   189         190      2.94868e-05              1        2.4e-05  
   190         191      2.93992e-05              1       2.37e-05  
   191         192      2.93155e-05              1        2.3e-05  
   192         193      2.92352e-05              1       2.56e-05  
   193         194      2.91586e-05              1       2.14e-05  
   194         195      2.90885e-05              1       1.88e-05  
   195         196      2.90251e-05              1       1.79e-05  
   196         197      2.89678e-05              1       1.72e-05  
   197         198      2.89141e-05              1       1.85e-05  
   198         199      2.88627e-05              1       1.72e-05  
   199         200      2.88118e-05              1       2.14e-05  
                                                        First-order 
 Iteration  Func-count       f(x)        Step-size       optimality
   200         201      2.87617e-05              1       1.94e-05  
   201         202      2.87129e-05              1       1.78e-05  
   202         203      2.86666e-05              1       1.76e-05  
   203         204      2.86216e-05              1       1.57e-05  
   204         205      2.85767e-05              1       1.89e-05  
   205         206      2.85309e-05              1       1.78e-05  
   206         207      2.84853e-05              1       1.52e-05  
   207         208      2.84414e-05              1       1.52e-05  
   208         209      2.84001e-05              1       1.52e-05  
   209         210      2.83606e-05              1       1.57e-05  
   210         211      2.83213e-05              1       1.51e-05  
   211         212      2.82806e-05              1       1.65e-05  
   212         213      2.82387e-05              1       1.57e-05  
   213         214      2.81975e-05              1       1.46e-05  
   214         215      2.81586e-05              1       1.59e-05  
   215         216      2.81217e-05              1       1.51e-05  
   216         217       2.8085e-05              1        1.5e-05  
   217         218       2.8049e-05              1       1.58e-05  
   218         219      2.80153e-05              1       1.44e-05  
   219         220       2.7985e-05              1       1.33e-05  
                                                        First-order 
 Iteration  Func-count       f(x)        Step-size       optimality
   220         221      2.79563e-05              1       1.24e-05  
   221         222      2.79276e-05              1       1.32e-05  
   222         223      2.78983e-05              1       1.37e-05  
   223         224      2.78688e-05              1       1.77e-05  
   224         225      2.78386e-05              1       1.67e-05  
   225         226      2.78071e-05              1       1.37e-05  
   226         227      2.77744e-05              1        1.4e-05  
   227         228      2.77424e-05              1       1.64e-05  
   228         229      2.77119e-05              1       1.52e-05  
   229         230      2.76825e-05              1        1.2e-05  
   230         231       2.7653e-05              1        1.3e-05  
   231         232       2.7623e-05              1       1.32e-05  
   232         233      2.75925e-05              1       1.23e-05  
   233         234      2.75613e-05              1       1.44e-05  
   234         235      2.75289e-05              1        1.3e-05  
   235         236      2.74967e-05              1       1.36e-05  
   236         237      2.74663e-05              1       1.49e-05  
   237         238      2.74385e-05              1       1.29e-05  
   238         239      2.74122e-05              1       1.19e-05  
   239         240      2.73864e-05              1       1.15e-05  
                                                        First-order 
 Iteration  Func-count       f(x)        Step-size       optimality
   240         241      2.73611e-05              1       1.27e-05  
   241         242      2.73372e-05              1       1.27e-05  
   242         243      2.73151e-05              1       1.23e-05  
   243         244      2.72949e-05              1        1.1e-05  
   244         245      2.72756e-05              1       1.07e-05  
   245         246      2.72571e-05              1       1.04e-05  
   246         247      2.72386e-05              1        1.1e-05  
   247         248      2.72203e-05              1       1.01e-05  
   248         249      2.72021e-05              1       9.77e-06  
   249         250      2.71848e-05              1       9.94e-06  
   250         251      2.71686e-05              1       8.28e-06  
   251         252      2.71532e-05              1       8.66e-06  
   252         253      2.71381e-05              1       8.07e-06  
   253         254      2.71227e-05              1       9.04e-06  
   254         255      2.71071e-05              1       9.55e-06  
   255         256       2.7092e-05              1       9.12e-06  
   256         257      2.70782e-05              1       8.17e-06  
   257         258      2.70663e-05              1       7.51e-06  
   258         259      2.70556e-05              1       8.21e-06  
   259         260      2.70453e-05              1       7.78e-06  
                                                        First-order 
 Iteration  Func-count       f(x)        Step-size       optimality
   260         261      2.70345e-05              1       7.92e-06  
   261         262      2.70231e-05              1       8.03e-06  
   262         263      2.70117e-05              1       8.04e-06  
   263         264      2.70011e-05              1       8.55e-06  
   264         265      2.69913e-05              1       8.01e-06  
   265         266      2.69821e-05              1       8.26e-06  
   266         267      2.69729e-05              1       8.42e-06  
   267         268      2.69637e-05              1       9.29e-06  
   268         269      2.69546e-05              1       8.92e-06  
   269         270      2.69458e-05              1       7.14e-06  
   270         271      2.69376e-05              1       7.36e-06  
   271         272        2.693e-05              1       7.46e-06  
   272         273      2.69232e-05              1       7.55e-06  
   273         274      2.69165e-05              1       7.53e-06  
   274         275      2.69098e-05              1       7.72e-06  
   275         276      2.69031e-05              1        7.8e-06  
   276         277      2.68966e-05              1       8.06e-06  
   277         278      2.68902e-05              1       8.16e-06  
   278         279      2.68837e-05              1       8.39e-06  
   279         280       2.6877e-05              1       8.39e-06  
                                                        First-order 
 Iteration  Func-count       f(x)        Step-size       optimality
   280         281      2.68703e-05              1       8.48e-06  
   281         282      2.68636e-05              1       8.33e-06  
   282         283       2.6857e-05              1       8.26e-06  
   283         284        2.685e-05              1       7.95e-06  
   284         285      2.68428e-05              1       8.15e-06  
   285         286      2.68355e-05              1       7.35e-06  
   286         287      2.68281e-05              1       7.16e-06  
   287         288      2.68205e-05              1       7.03e-06  
   288         289      2.68125e-05              1       8.31e-06  
   289         290       2.6804e-05              1       8.84e-06  
   290         291      2.67951e-05              1       7.57e-06  
   291         292      2.67854e-05              1       7.76e-06  
   292         293      2.67751e-05              1       8.21e-06  
   293         294      2.67645e-05              1       9.05e-06  
   294         295       2.6754e-05              1       9.08e-06  
   295         296       2.6743e-05              1       8.12e-06  
   296         297      2.67311e-05              1        8.7e-06  
   297         298      2.67183e-05              1       9.22e-06  
   298         299      2.67056e-05              1       1.02e-05  
   299         300      2.66935e-05              1       8.13e-06  
                                                        First-order 
 Iteration  Func-count       f(x)        Step-size       optimality
   300         301      2.66823e-05              1       8.32e-06  
   301         302      2.66709e-05              1       9.36e-06  
   302         303      2.66599e-05              1       7.96e-06  
   303         304      2.66492e-05              1       7.38e-06  
   304         305      2.66396e-05              1       6.95e-06  
   305         306      2.66306e-05              1       8.61e-06  
   306         307      2.66223e-05              1       7.52e-06  
   307         308      2.66145e-05              1       6.35e-06  
   308         309      2.66073e-05              1        6.1e-06  
   309         310      2.66004e-05              1       7.01e-06  
   310         311      2.65939e-05              1       6.57e-06  
   311         312      2.65874e-05              1       5.69e-06  
   312         313       2.6581e-05              1       6.87e-06  
   313         314      2.65741e-05              1       7.66e-06  
   314         315      2.65673e-05              1       6.59e-06  
   315         316      2.65607e-05              1       6.12e-06  
   316         317      2.65541e-05              1       6.96e-06  
   317         318      2.65468e-05              1       7.16e-06  
   318         319      2.65388e-05              1        7.9e-06  
   319         320      2.65301e-05              1       8.31e-06  
                                                        First-order 
 Iteration  Func-count       f(x)        Step-size       optimality
   320         321      2.65211e-05              1       8.36e-06  
   321         322      2.65124e-05              1       7.86e-06  
   322         323      2.65041e-05              1       7.51e-06  
   323         324      2.64964e-05              1        6.9e-06  
   324         325       2.6489e-05              1        6.3e-06  
   325         326      2.64818e-05              1       7.26e-06  
   326         327      2.64743e-05              1       6.98e-06  
   327         328      2.64666e-05              1       6.49e-06  
   328         329      2.64591e-05              1       6.77e-06  
   329         330       2.6452e-05              1       6.75e-06  
   330         331      2.64456e-05              1       7.29e-06  
   331         332      2.64393e-05              1       7.27e-06  
   332         333      2.64329e-05              1       7.52e-06  
   333         334      2.64263e-05              1       7.52e-06  
   334         335      2.64193e-05              1       7.59e-06  
   335         336      2.64122e-05              1       7.86e-06  
   336         337      2.64052e-05              1       7.57e-06  
   337         338      2.63983e-05              1       7.55e-06  
   338         339      2.63918e-05              1       7.52e-06  
   339         340      2.63853e-05              1       7.56e-06  
                                                        First-order 
 Iteration  Func-count       f(x)        Step-size       optimality
   340         341       2.6379e-05              1       7.18e-06  
   341         342      2.63729e-05              1       6.82e-06  
   342         343      2.63673e-05              1       6.42e-06  
   343         344      2.63619e-05              1       6.23e-06  
   344         345      2.63564e-05              1       6.12e-06  
   345         346      2.63508e-05              1       5.75e-06  
   346         347      2.63451e-05              1        5.3e-06  
   347         348      2.63397e-05              1       5.23e-06  
   348         349      2.63346e-05              1       6.57e-06  
   349         350      2.63298e-05              1       6.49e-06  
   350         351      2.63253e-05              1       5.91e-06  
   351         352      2.63211e-05              1       5.42e-06  
   352         353      2.63171e-05              1       5.16e-06  
   353         354      2.63133e-05              1       4.94e-06  
   354         355      2.63096e-05              1       5.39e-06  
   355         356       2.6306e-05              1       4.64e-06  
   356         357      2.63025e-05              1       4.34e-06  
   357         358       2.6299e-05              1        4.6e-06  
   358         359      2.62952e-05              1       4.55e-06  
   359         360      2.62912e-05              1       5.21e-06  
                                                        First-order 
 Iteration  Func-count       f(x)        Step-size       optimality
   360         361      2.62869e-05              1       5.21e-06  
   361         362      2.62824e-05              1       5.14e-06  
   362         363      2.62779e-05              1       4.96e-06  
   363         364      2.62734e-05              1       6.42e-06  
   364         365      2.62688e-05              1       6.02e-06  
   365         366      2.62639e-05              1       6.62e-06  
   366         367      2.62591e-05              1        6.5e-06  
   367         368      2.62543e-05              1       5.03e-06  
   368         369      2.62495e-05              1        5.2e-06  
   369         370      2.62445e-05              1       5.53e-06  
   370         371      2.62391e-05              1       6.24e-06  
   371         372      2.62338e-05              1       6.57e-06  
   372         373      2.62283e-05              1       7.15e-06  
   373         374      2.62225e-05              1       7.61e-06  
   374         375       2.6216e-05              1       8.08e-06  
   375         376      2.62089e-05              1       8.48e-06  
   376         377      2.62014e-05              1       8.92e-06  
   377         378      2.61935e-05              1       9.41e-06  
   378         379      2.61848e-05              1       9.91e-06  
   379         380       2.6175e-05              1       1.06e-05  
                                                        First-order 
 Iteration  Func-count       f(x)        Step-size       optimality
   380         381       2.6164e-05              1       1.09e-05  
   381         382      2.61521e-05              1       1.13e-05  
   382         383      2.61384e-05              1       1.12e-05  
   383         384      2.61243e-05              1       1.11e-05  
   384         385       2.6109e-05              1       1.07e-05  
   385         386      2.60941e-05              1       1.04e-05  
   386         387      2.60789e-05              1       1.07e-05  
   387         388      2.60645e-05              1       1.05e-05  
   388         389      2.60496e-05              1        1.1e-05  
   389         390      2.60351e-05              1       1.07e-05  
   390         391      2.60188e-05              1       1.09e-05  
   391         392      2.60035e-05              1        1.2e-05  
   392         393      2.59872e-05              1       1.15e-05  
   393         394      2.59718e-05              1       8.66e-06  
   394         395      2.59573e-05              1       8.87e-06  
   395         396      2.59442e-05              1       8.78e-06  
   396         397      2.59311e-05              1       8.55e-06  
   397         398      2.59181e-05              1       8.43e-06  
   398         399      2.59052e-05              1       8.19e-06  
   399         400      2.58931e-05              1       8.45e-06  
                                                        First-order 
 Iteration  Func-count       f(x)        Step-size       optimality
   400         401      2.58813e-05              1       7.04e-06  
   401         402      2.58705e-05              1       7.46e-06  
   402         403      2.58609e-05              1       6.79e-06  
   403         404      2.58527e-05              1       6.35e-06  
   404         405      2.58446e-05              1       7.09e-06  
   405         406      2.58363e-05              1       5.77e-06  
   406         407      2.58277e-05              1       6.75e-06  
   407         408      2.58195e-05              1       5.83e-06  
   408         409      2.58119e-05              1       5.79e-06  
   409         410      2.58048e-05              1       6.54e-06  
   410         411       2.5798e-05              1       6.62e-06  
   411         412      2.57913e-05              1       6.38e-06  
   412         413      2.57843e-05              1       7.03e-06  
   413         414       2.5777e-05              1       6.07e-06  
   414         415      2.57698e-05              1       6.47e-06  
   415         416      2.57627e-05              1       6.23e-06  
   416         417      2.57561e-05              1       6.29e-06  
   417         418      2.57501e-05              1       6.16e-06  
   418         419      2.57448e-05              1       6.63e-06  
   419         420        2.574e-05              1       5.79e-06  
                                                        First-order 
 Iteration  Func-count       f(x)        Step-size       optimality
   420         421      2.57354e-05              1       5.27e-06  
   421         422      2.57307e-05              1       6.06e-06  
   422         423      2.57255e-05              1       6.39e-06  
   423         424      2.57199e-05              1       6.34e-06  
   424         425      2.57143e-05              1       6.24e-06  
   425         426      2.57087e-05              1       6.75e-06  
   426         427      2.57033e-05              1       6.09e-06  
   427         428      2.56981e-05              1       5.42e-06  
   428         429      2.56932e-05              1       5.71e-06  
   429         430      2.56886e-05              1       6.47e-06  
   430         431      2.56841e-05              1       7.08e-06  
   431         432      2.56796e-05              1        7.4e-06  
   432         433       2.5675e-05              1        7.2e-06  
   433         434      2.56703e-05              1       6.72e-06  
   434         435      2.56657e-05              1       6.35e-06  
   435         436      2.56612e-05              1       6.22e-06  
   436         437      2.56568e-05              1       6.21e-06  
   437         438      2.56523e-05              1       6.57e-06  
   438         439      2.56477e-05              1       6.38e-06  
   439         440      2.56429e-05              1       5.98e-06  
                                                        First-order 
 Iteration  Func-count       f(x)        Step-size       optimality
   440         441      2.56381e-05              1       5.97e-06  
   441         442      2.56336e-05              1       5.78e-06  
   442         443      2.56295e-05              1       5.32e-06  
   443         444      2.56259e-05              1       4.91e-06  
   444         445      2.56224e-05              1       4.54e-06  
   445         446      2.56189e-05              1       4.68e-06  
   446         447      2.56153e-05              1       4.62e-06  
   447         448      2.56115e-05              1       5.24e-06  
   448         449      2.56077e-05              1       4.39e-06  
   449         450      2.56037e-05              1        4.9e-06  
   450         451      2.55997e-05              1       4.69e-06  
   451         452      2.55956e-05              1       4.75e-06  
   452         453      2.55913e-05              1          5e-06  
   453         454       2.5587e-05              1       4.65e-06  
   454         455      2.55828e-05              1       4.34e-06  
   455         456      2.55789e-05              1       5.04e-06  
   456         457       2.5575e-05              1       6.44e-06  
   457         458      2.55711e-05              1       6.36e-06  
   458         459      2.55672e-05              1       4.73e-06  
   459         460      2.55633e-05              1       4.21e-06  
                                                        First-order 
 Iteration  Func-count       f(x)        Step-size       optimality
   460         461      2.55594e-05              1       5.11e-06  
   461         462      2.55556e-05              1       4.78e-06  
   462         463      2.55517e-05              1       4.65e-06  
   463         464      2.55477e-05              1       4.64e-06  
   464         465      2.55439e-05              1       4.45e-06  
   465         466      2.55403e-05              1        5.2e-06  
   466         467      2.55368e-05              1       4.45e-06  
   467         468      2.55333e-05              1       4.59e-06  
   468         469      2.55298e-05              1       5.42e-06  
   469         470      2.55264e-05              1       5.04e-06  
   470         471      2.55233e-05              1       4.51e-06  
   471         472      2.55204e-05              1       3.71e-06  
   472         473      2.55179e-05              1       3.52e-06  
   473         474      2.55154e-05              1       3.35e-06  
   474         475      2.55131e-05              1       3.76e-06  
   475         476      2.55107e-05              1       3.45e-06  
   476         477      2.55084e-05              1       3.74e-06  
   477         478      2.55059e-05              1       3.54e-06  
   478         479      2.55034e-05              1       4.54e-06  
   479         480      2.55007e-05              1       4.62e-06  
                                                        First-order 
 Iteration  Func-count       f(x)        Step-size       optimality
   480         481       2.5498e-05              1       3.53e-06  
   481         482      2.54955e-05              1       3.43e-06  
   482         483      2.54932e-05              1       3.26e-06  
   483         484      2.54912e-05              1       3.68e-06  
   484         485      2.54893e-05              1       3.17e-06  
   485         486      2.54874e-05              1       2.99e-06  
   486         487      2.54854e-05              1       3.96e-06  
   487         488      2.54834e-05              1       4.04e-06  
   488         489      2.54814e-05              1       3.58e-06  
   489         490      2.54794e-05              1       3.59e-06  
   490         491      2.54775e-05              1       3.61e-06  
   491         492      2.54758e-05              1       3.33e-06  
   492         493       2.5474e-05              1       3.42e-06  
   493         494      2.54723e-05              1       3.19e-06  
   494         495      2.54705e-05              1       3.64e-06  
   495         496      2.54688e-05              1        3.7e-06  
   496         497      2.54671e-05              1       3.33e-06  
   497         498      2.54655e-05              1       3.36e-06  
   498         499       2.5464e-05              1       2.99e-06  
   499         500      2.54627e-05              1       2.85e-06  
                                                        First-order 
 Iteration  Func-count       f(x)        Step-size       optimality
   500         501      2.54614e-05              1       2.79e-06  
   501         502      2.54602e-05              1       2.91e-06  
   502         503      2.54591e-05              1       2.78e-06  
   503         504      2.54581e-05              1       2.48e-06  
   504         505      2.54571e-05              1        2.4e-06  
   505         506      2.54562e-05              1       2.21e-06  
   506         507      2.54553e-05              1       2.16e-06  
   507         508      2.54544e-05              1       2.42e-06  
   508         509      2.54535e-05              1       2.25e-06  
   509         510      2.54527e-05              1       1.95e-06  
   510         511      2.54519e-05              1       2.42e-06  
   511         512      2.54511e-05              1       2.52e-06  
   512         513      2.54502e-05              1       2.69e-06  
   513         514      2.54493e-05              1       2.84e-06  
   514         515      2.54484e-05              1       2.55e-06  
   515         516      2.54477e-05              1       1.94e-06  
   516         517      2.54471e-05              1       1.88e-06  
   517         518      2.54464e-05              1        1.7e-06  
   518         519      2.54458e-05              1       1.98e-06  
   519         520      2.54452e-05              1       2.38e-06  
                                                        First-order 
 Iteration  Func-count       f(x)        Step-size       optimality
   520         521      2.54445e-05              1        2.3e-06  
   521         522      2.54439e-05              1       2.25e-06  
   522         523      2.54432e-05              1       2.13e-06  
   523         524      2.54425e-05              1       2.42e-06  
   524         525      2.54419e-05              1       2.39e-06  
   525         526      2.54413e-05              1       1.76e-06  
   526         527      2.54408e-05              1       1.85e-06  
   527         528      2.54404e-05              1       1.81e-06  
   528         529      2.54399e-05              1        1.9e-06  
   529         530      2.54394e-05              1        1.6e-06  
   530         531       2.5439e-05              1       1.56e-06  
   531         532      2.54385e-05              1       1.87e-06  
   532         533       2.5438e-05              1       1.81e-06  
   533         534      2.54376e-05              1       1.67e-06  
   534         535      2.54371e-05              1       2.18e-06  
   535         536      2.54366e-05              1       1.88e-06  
   536         537      2.54362e-05              1       1.83e-06  
   537         538      2.54358e-05              1        1.7e-06  
   538         539      2.54354e-05              1       1.72e-06  
   539         540      2.54349e-05              1       1.39e-06  
                                                        First-order 
 Iteration  Func-count       f(x)        Step-size       optimality
   540         541      2.54345e-05              1       1.53e-06  
   541         542      2.54341e-05              1       1.56e-06  
   542         543      2.54337e-05              1       1.42e-06  
   543         544      2.54333e-05              1       1.38e-06  
   544         545      2.54329e-05              1        1.5e-06  
   545         546      2.54324e-05              1       1.56e-06  
   546         547       2.5432e-05              1       1.92e-06  
   547         548      2.54315e-05              1        1.7e-06  
   548         549       2.5431e-05              1        1.5e-06  
   549         550      2.54306e-05              1       1.48e-06  
   550         551      2.54302e-05              1       1.39e-06  
   551         552      2.54298e-05              1       1.49e-06  
   552         553      2.54295e-05              1       1.31e-06  
   553         554      2.54292e-05              1       1.48e-06  
   554         555      2.54288e-05              1       1.51e-06  
   555         556      2.54285e-05              1       1.25e-06  
   556         557      2.54282e-05              1       1.19e-06  
   557         558      2.54279e-05              1       1.22e-06  
   558         559      2.54276e-05              1       1.63e-06  
   559         560      2.54273e-05              1       1.49e-06  
                                                        First-order 
 Iteration  Func-count       f(x)        Step-size       optimality
   560         561      2.54271e-05              1        1.2e-06  
   561         562      2.54268e-05              1       1.42e-06  
   562         563      2.54265e-05              1       1.34e-06  
   563         564      2.54262e-05              1       1.49e-06  
   564         565       2.5426e-05              1       1.41e-06  
   565         566      2.54257e-05              1       1.25e-06  
   566         567      2.54255e-05              1       1.14e-06  
   567         568      2.54252e-05              1       1.25e-06  
   568         569       2.5425e-05              1       1.37e-06  
   569         570      2.54247e-05              1       1.22e-06  
   570         571      2.54244e-05              1       9.92e-07  
   571         572      2.54242e-05              1       1.05e-06  
   572         573       2.5424e-05              1       9.47e-07  
   573         574      2.54238e-05              1       1.12e-06  
   574         575      2.54236e-05              1       1.11e-06  
   575         576      2.54234e-05              1       1.09e-06  
   576         577      2.54232e-05              1       1.01e-06  
   577         578      2.54231e-05              1       9.34e-07  
   578         579      2.54229e-05              1       9.24e-07  
   579         580      2.54227e-05              1          1e-06  
                                                        First-order 
 Iteration  Func-count       f(x)        Step-size       optimality
   580         581      2.54226e-05              1       1.05e-06  
   581         582      2.54224e-05              1       9.93e-07  
   582         583      2.54223e-05              1       1.09e-06  
   583         584      2.54221e-05              1       1.13e-06  
   584         585      2.54219e-05              1       1.11e-06  
   585         586      2.54217e-05              1       1.05e-06  
   586         587      2.54216e-05              1       9.79e-07  
   587         588      2.54214e-05              1       1.05e-06  
   588         589      2.54212e-05              1       9.77e-07  
   589         590       2.5421e-05              1       9.13e-07  
   590         591      2.54209e-05              1       9.09e-07  
   591         592      2.54207e-05              1       8.44e-07  
   592         593      2.54206e-05              1       8.66e-07  
   593         594      2.54204e-05              1       9.86e-07  
   594         595      2.54203e-05              1       1.18e-06  
   595         596      2.54201e-05              1       1.16e-06  
   596         597      2.54199e-05              1       1.33e-06  
   597         598      2.54197e-05              1       1.22e-06  
   598         599      2.54195e-05              1       1.18e-06  
   599         600      2.54193e-05              1       1.03e-06  
                                                        First-order 
 Iteration  Func-count       f(x)        Step-size       optimality
   600         601      2.54191e-05              1        1.1e-06  
   601         602      2.54189e-05              1       1.11e-06  
   602         603      2.54187e-05              1       1.13e-06  
   603         604      2.54185e-05              1       1.06e-06  
   604         605      2.54184e-05              1       1.03e-06  
   605         606      2.54182e-05              1          1e-06  
   606         607       2.5418e-05              1       1.07e-06  
   607         608      2.54178e-05              1       1.12e-06  
   608         609      2.54176e-05              1       1.03e-06  
   609         610      2.54174e-05              1        8.6e-07  
   610         611      2.54172e-05              1       9.14e-07  
   611         612       2.5417e-05              1       9.66e-07  
   612         613      2.54168e-05              1       1.11e-06  
   613         614      2.54166e-05              1       1.23e-06  
   614         615      2.54164e-05              1       1.34e-06  
   615         616      2.54161e-05              1       1.26e-06  
   616         617      2.54158e-05              1        1.3e-06  
   617         618      2.54155e-05              1       1.34e-06  
   618         619      2.54152e-05              1       1.34e-06  
   619         620      2.54149e-05              1       1.35e-06  
                                                        First-order 
 Iteration  Func-count       f(x)        Step-size       optimality
   620         621      2.54146e-05              1        1.8e-06  
   621         622      2.54143e-05              1       1.74e-06  
   622         623       2.5414e-05              1       1.35e-06  
   623         624      2.54137e-05              1       1.12e-06  
   624         625      2.54134e-05              1       1.29e-06  
   625         626      2.54131e-05              1        1.4e-06  
   626         627      2.54128e-05              1       1.63e-06  
   627         628      2.54125e-05              1       1.63e-06  
   628         629      2.54121e-05              1       1.65e-06  
   629         630      2.54117e-05              1       1.42e-06  
   630         631      2.54113e-05              1       1.48e-06  
   631         632       2.5411e-05              1       1.44e-06  
   632         633      2.54106e-05              1       1.41e-06  
   633         634      2.54103e-05              1       1.55e-06  
   634         635      2.54099e-05              1       1.94e-06  
   635         636      2.54096e-05              1       1.55e-06  
   636         637      2.54092e-05              1       1.59e-06  
   637         638      2.54088e-05              1       1.78e-06  
   638         639      2.54084e-05              1       1.64e-06  
   639         640       2.5408e-05              1       1.87e-06  
                                                        First-order 
 Iteration  Func-count       f(x)        Step-size       optimality
   640         641      2.54075e-05              1       1.55e-06  
   641         642      2.54071e-05              1       1.51e-06  
   642         643      2.54066e-05              1       1.65e-06  
   643         644      2.54061e-05              1       1.79e-06  
   644         645      2.54056e-05              1       1.72e-06  
   645         646      2.54051e-05              1       1.83e-06  
   646         647      2.54045e-05              1       1.91e-06  
   647         648       2.5404e-05              1       1.88e-06  
   648         649      2.54033e-05              1       2.11e-06  
   649         650      2.54027e-05              1       1.88e-06  
   650         651      2.54022e-05              1       2.13e-06  
   651         652      2.54017e-05              1       1.61e-06  
   652         653      2.54011e-05              1       1.87e-06  
   653         654      2.54006e-05              1        1.9e-06  
   654         655         2.54e-05              1       2.13e-06  
   655         656      2.53993e-05              1       2.06e-06  
   656         657      2.53987e-05              1       1.92e-06  
   657         658       2.5398e-05              1       1.84e-06  
   658         659      2.53973e-05              1       2.04e-06  
   659         660      2.53966e-05              1       1.89e-06  
                                                        First-order 
 Iteration  Func-count       f(x)        Step-size       optimality
   660         661       2.5396e-05              1       1.84e-06  
   661         662      2.53955e-05              1       1.75e-06  
   662         663      2.53949e-05              1       1.88e-06  
   663         664      2.53944e-05              1       1.52e-06  
   664         665      2.53939e-05              1       1.92e-06  
   665         666      2.53933e-05              1       1.78e-06  
   666         667      2.53927e-05              1       1.96e-06  
   667         668      2.53921e-05              1       1.88e-06  
   668         669      2.53915e-05              1       1.59e-06  
   669         670       2.5391e-05              1       1.61e-06  
   670         671      2.53904e-05              1       1.78e-06  
   671         672      2.53898e-05              1       1.78e-06  
   672         673      2.53892e-05              1       1.81e-06  
   673         674      2.53887e-05              1       1.72e-06  
   674         675      2.53882e-05              1       1.63e-06  
   675         676      2.53877e-05              1       1.63e-06  
   676         677      2.53873e-05              1       1.97e-06  
   677         678      2.53867e-05              1       2.08e-06  
   678         679      2.53862e-05              1       1.65e-06  
   679         680      2.53856e-05              1        1.8e-06  
                                                        First-order 
 Iteration  Func-count       f(x)        Step-size       optimality
   680         681       2.5385e-05              1       1.95e-06  
   681         682      2.53843e-05              1       2.55e-06  
   682         683      2.53836e-05              1        2.6e-06  
   683         684       2.5383e-05              1       1.94e-06  
   684         685      2.53823e-05              1        1.7e-06  
   685         686      2.53817e-05              1       1.97e-06  
   686         687      2.53811e-05              1       1.91e-06  
   687         688      2.53806e-05              1       2.16e-06  
   688         689      2.53799e-05              1       1.88e-06  
   689         690      2.53792e-05              1       2.02e-06  
   690         691      2.53784e-05              1       2.35e-06  
   691         692      2.53775e-05              1       2.33e-06  
   692         693      2.53767e-05              1          2e-06  
   693         694      2.53758e-05              1       2.28e-06  
   694         695       2.5375e-05              1       2.26e-06  
   695         696      2.53742e-05              1       2.37e-06  
   696         697      2.53735e-05              1       2.44e-06  
   697         698      2.53728e-05              1          2e-06  
   698         699      2.53721e-05              1       2.12e-06  
   699         700      2.53714e-05              1       2.29e-06  
                                                        First-order 
 Iteration  Func-count       f(x)        Step-size       optimality
   700         701      2.53707e-05              1       2.34e-06  
   701         702      2.53698e-05              1        2.6e-06  
   702         703      2.53688e-05              1        2.5e-06  
   703         704      2.53677e-05              1       2.97e-06  
   704         705      2.53664e-05              1       2.94e-06  
   705         706      2.53651e-05              1          3e-06  
   706         707      2.53638e-05              1       3.03e-06  
   707         708      2.53624e-05              1       2.46e-06  
   708         709       2.5361e-05              1       3.31e-06  
   709         710      2.53595e-05              1       3.56e-06  
   710         711      2.53581e-05              1       2.62e-06  
   711         712      2.53567e-05              1       3.04e-06  
   712         713      2.53555e-05              1       2.49e-06  
   713         714      2.53543e-05              1       2.24e-06  
   714         715      2.53533e-05              1       2.06e-06  
   715         716      2.53524e-05              1       2.42e-06  
   716         717      2.53515e-05              1       2.86e-06  
   717         718      2.53506e-05              1       2.27e-06  
   718         719      2.53498e-05              1       1.96e-06  
   719         720       2.5349e-05              1       1.88e-06  
                                                        First-order 
 Iteration  Func-count       f(x)        Step-size       optimality
   720         721      2.53483e-05              1       2.03e-06  
   721         722      2.53475e-05              1       2.45e-06  
   722         723      2.53466e-05              1       2.07e-06  
   723         724      2.53459e-05              1       2.31e-06  
   724         725      2.53452e-05              1       2.26e-06  
   725         726      2.53446e-05              1        2.3e-06  
   726         727       2.5344e-05              1       1.65e-06  
   727         728      2.53434e-05              1       1.81e-06  
   728         729      2.53429e-05              1       1.87e-06  
   729         730      2.53425e-05              1       1.55e-06  
   730         731       2.5342e-05              1       1.57e-06  
   731         732      2.53416e-05              1       1.97e-06  
   732         733      2.53411e-05              1       2.14e-06  
   733         734      2.53407e-05              1       1.85e-06  
   734         735      2.53402e-05              1       1.52e-06  
   735         736      2.53398e-05              1       1.66e-06  
   736         737      2.53394e-05              1       1.79e-06  
   737         738       2.5339e-05              1       1.68e-06  
   738         739      2.53386e-05              1       1.58e-06  
   739         740      2.53383e-05              1        1.6e-06  
                                                        First-order 
 Iteration  Func-count       f(x)        Step-size       optimality
   740         741       2.5338e-05              1       1.63e-06  
   741         742      2.53376e-05              1       1.42e-06  
   742         743      2.53372e-05              1       1.34e-06  
   743         744      2.53369e-05              1       1.33e-06  
   744         745      2.53365e-05              1       1.35e-06  
   745         746      2.53362e-05              1       1.69e-06  
   746         747      2.53358e-05              1       1.55e-06  
   747         748      2.53355e-05              1       1.46e-06  
   748         749      2.53352e-05              1       1.33e-06  
   749         750      2.53349e-05              1       1.49e-06  
   750         751      2.53346e-05              1       1.55e-06  
   751         752      2.53343e-05              1       1.36e-06  
   752         753       2.5334e-05              1       1.19e-06  
   753         754      2.53337e-05              1       1.13e-06  
   754         755      2.53335e-05              1       1.13e-06  
   755         756      2.53332e-05              1       1.17e-06  
   756         757       2.5333e-05              1       1.31e-06  
   757         758      2.53328e-05              1       1.08e-06  
   758         759      2.53326e-05              1       1.14e-06  
   759         760      2.53324e-05              1       1.05e-06  
                                                        First-order 
 Iteration  Func-count       f(x)        Step-size       optimality
   760         761      2.53322e-05              1       9.97e-07  
   761         762      2.53321e-05              1       9.34e-07  
   762         763       2.5332e-05              1       7.85e-07  
   763         764      2.53318e-05              1       9.81e-07  
   764         765      2.53317e-05              1       9.84e-07  
   765         766      2.53315e-05              1       1.04e-06  
   766         767      2.53313e-05              1       9.76e-07  
   767         768      2.53312e-05              1       8.76e-07  
   768         769      2.53311e-05              1       7.85e-07  
   769         770      2.53309e-05              1        7.7e-07  
   770         771      2.53308e-05              1       8.37e-07  
   771         772      2.53307e-05              1       9.19e-07  
   772         773      2.53306e-05              1       1.04e-06  
   773         774      2.53305e-05              1       9.12e-07  
   774         775      2.53303e-05              1       7.99e-07  
   775         776      2.53302e-05              1       8.93e-07  
   776         777      2.53301e-05              1       8.38e-07  
   777         778        2.533e-05              1       8.93e-07  
   778         779      2.53299e-05              1       8.31e-07  
   779         780      2.53298e-05              1        7.8e-07  
                                                        First-order 
 Iteration  Func-count       f(x)        Step-size       optimality
   780         781      2.53297e-05              1       7.11e-07  
   781         782      2.53296e-05              1       7.31e-07  
   782         783      2.53295e-05              1        8.6e-07  
   783         784      2.53294e-05              1        7.2e-07  
   784         785      2.53293e-05              1       6.19e-07  
   785         786      2.53292e-05              1       7.98e-07  
   786         787      2.53291e-05              1       7.84e-07  
   787         788      2.53291e-05              1       6.07e-07  
   788         789       2.5329e-05              1       6.81e-07  
   789         790      2.53289e-05              1       6.56e-07  
   790         791      2.53288e-05              1       7.32e-07  
   791         792      2.53287e-05              1       7.72e-07  
   792         793      2.53287e-05              1       7.23e-07  
   793         794      2.53286e-05              1       8.22e-07  
   794         795      2.53285e-05              1       7.89e-07  
   795         796      2.53284e-05              1       6.87e-07  
   796         797      2.53283e-05              1       6.35e-07  
   797         798      2.53282e-05              1       7.09e-07  
   798         799      2.53282e-05              1          1e-06  
   799         800      2.53281e-05              1       9.68e-07  
                                                        First-order 
 Iteration  Func-count       f(x)        Step-size       optimality
   800         801       2.5328e-05              1       7.56e-07  
   801         802      2.53279e-05              1       7.82e-07  
   802         803      2.53278e-05              1       7.07e-07  
   803         804      2.53277e-05              1       7.39e-07  
   804         805      2.53276e-05              1       7.39e-07  
   805         806      2.53275e-05              1       7.92e-07  
   806         807      2.53274e-05              1       9.03e-07  
   807         808      2.53273e-05              1       9.13e-07  
   808         809      2.53271e-05              1       9.42e-07  
   809         810       2.5327e-05              1       8.23e-07  
   810         811      2.53269e-05              1          9e-07  
   811         812      2.53268e-05              1       9.44e-07  
   812         813      2.53267e-05              1       8.23e-07  
   813         814      2.53265e-05              1       8.31e-07  
   814         815      2.53264e-05              1       9.59e-07  
   815         816      2.53263e-05              1          1e-06  
   816         817      2.53261e-05              1       1.06e-06  
   817         818      2.53259e-05              1       1.08e-06  
   818         819      2.53258e-05              1       8.35e-07  
   819         820      2.53256e-05              1       8.97e-07  
                                                        First-order 
 Iteration  Func-count       f(x)        Step-size       optimality
   820         821      2.53255e-05              1       9.49e-07  
   821         822      2.53253e-05              1       9.84e-07  
   822         823      2.53252e-05              1       9.99e-07  
   823         824       2.5325e-05              1        9.4e-07  
   824         825      2.53249e-05              1       9.49e-07  
   825         826      2.53248e-05              1       9.11e-07  
   826         827      2.53246e-05              1       9.38e-07  
   827         828      2.53245e-05              1          1e-06  
   828         829      2.53244e-05              1       8.41e-07  
   829         830      2.53242e-05              1       9.39e-07  
   830         831       2.5324e-05              1       8.03e-07  
   831         832      2.53239e-05              1       8.54e-07  
   832         833      2.53237e-05              1       9.96e-07  
   833         834      2.53236e-05              1       1.03e-06  
   834         835      2.53234e-05              1       9.37e-07  
   835         836      2.53233e-05              1        8.5e-07  
   836         837      2.53232e-05              1       8.72e-07  
   837         838       2.5323e-05              1       9.71e-07  
   838         839      2.53229e-05              1       8.55e-07  
   839         840      2.53227e-05              1       1.02e-06  
                                                        First-order 
 Iteration  Func-count       f(x)        Step-size       optimality
   840         841      2.53225e-05              1       1.12e-06  
   841         842      2.53224e-05              1       1.05e-06  
   842         843      2.53222e-05              1       1.11e-06  
   843         844       2.5322e-05              1       1.18e-06  
   844         845      2.53218e-05              1       9.66e-07  
   845         846      2.53216e-05              1       1.08e-06  
   846         847      2.53213e-05              1       1.14e-06  
   847         848      2.53211e-05              1       1.27e-06  
   848         849      2.53209e-05              1       1.28e-06  
   849         850      2.53207e-05              1       1.17e-06  
   850         851      2.53205e-05              1       1.04e-06  
   851         852      2.53203e-05              1       1.18e-06  
   852         853      2.53201e-05              1       1.06e-06  
   853         854      2.53199e-05              1       9.76e-07  
   854         855      2.53198e-05              1       9.23e-07  
   855         856      2.53197e-05              1       8.68e-07  
   856         857      2.53195e-05              1        7.4e-07  
   857         858      2.53194e-05              1       8.03e-07  
   858         859      2.53193e-05              1       7.61e-07  
   859         860      2.53192e-05              1       8.37e-07  
                                                        First-order 
 Iteration  Func-count       f(x)        Step-size       optimality
   860         861      2.53191e-05              1       8.16e-07  
   861         862       2.5319e-05              1       8.15e-07  
   862         863      2.53189e-05              1       8.81e-07  
   863         864      2.53188e-05              1       9.25e-07  
   864         865      2.53187e-05              1        6.2e-07  
   865         866      2.53186e-05              1       8.83e-07  
   866         867      2.53185e-05              1       8.82e-07  
   867         868      2.53184e-05              1       8.26e-07  
   868         869      2.53183e-05              1       8.44e-07  
   869         870      2.53182e-05              1       7.26e-07  
   870         871      2.53181e-05              1       8.15e-07  
   871         872       2.5318e-05              1       8.49e-07  
   872         873      2.53179e-05              1       8.31e-07  
   873         874      2.53178e-05              1       6.84e-07  
   874         875      2.53177e-05              1       7.93e-07  
   875         876      2.53176e-05              1       7.35e-07  
   876         877      2.53175e-05              1       6.29e-07  
   877         878      2.53174e-05              1       6.39e-07  
   878         879      2.53174e-05              1       7.58e-07  
   879         880      2.53173e-05              1       6.98e-07  
                                                        First-order 
 Iteration  Func-count       f(x)        Step-size       optimality
   880         881      2.53172e-05              1       6.61e-07  
   881         882      2.53171e-05              1       6.41e-07  
   882         883       2.5317e-05              1       7.06e-07  
   883         884      2.53169e-05              1       7.84e-07  
   884         885      2.53169e-05              1       7.52e-07  
   885         886      2.53168e-05              1       8.32e-07  
   886         887      2.53167e-05              1       7.98e-07  
   887         888      2.53166e-05              1       8.41e-07  
   888         889      2.53164e-05              1       9.17e-07  
   889         890      2.53163e-05              1       7.86e-07  
   890         891      2.53162e-05              1       8.96e-07  
   891         892       2.5316e-05              1       8.67e-07  
   892         893      2.53159e-05              1       8.41e-07  
   893         894      2.53158e-05              1       7.66e-07  
   894         895      2.53157e-05              1       8.47e-07  
   895         896      2.53156e-05              1       7.59e-07  
   896         897      2.53155e-05              1       7.94e-07  
   897         898      2.53154e-05              1       9.12e-07  
   898         899      2.53153e-05              1       9.58e-07  
   899         900      2.53151e-05              1       9.04e-07  
                                                        First-order 
 Iteration  Func-count       f(x)        Step-size       optimality
   900         901       2.5315e-05              1       8.54e-07  
   901         902      2.53148e-05              1       1.01e-06  
   902         903      2.53147e-05              1       1.06e-06  
   903         904      2.53145e-05              1       8.91e-07  
   904         905      2.53144e-05              1       8.89e-07  
   905         906      2.53143e-05              1       8.63e-07  
   906         907      2.53141e-05              1        9.7e-07  
   907         908       2.5314e-05              1       8.31e-07  
   908         909      2.53139e-05              1       7.41e-07  
   909         910      2.53138e-05              1       9.89e-07  
   910         911      2.53136e-05              1       9.72e-07  
   911         912      2.53134e-05              1       1.05e-06  
   912         913      2.53133e-05              1       1.07e-06  
   913         914      2.53131e-05              1        1.1e-06  
   914         915      2.53129e-05              1       1.03e-06  
   915         916      2.53127e-05              1       1.09e-06  
   916         917      2.53125e-05              1       1.07e-06  
   917         918      2.53124e-05              1       9.74e-07  
   918         919      2.53122e-05              1       9.54e-07  
   919         920       2.5312e-05              1          1e-06  
                                                        First-order 
 Iteration  Func-count       f(x)        Step-size       optimality
   920         921      2.53118e-05              1       1.13e-06  
   921         922      2.53116e-05              1       1.13e-06  
   922         923      2.53114e-05              1       1.06e-06  
   923         924      2.53112e-05              1       1.12e-06  
   924         925       2.5311e-05              1       1.07e-06  
   925         926      2.53108e-05              1       8.85e-07  
   926         927      2.53106e-05              1        9.3e-07  
   927         928      2.53104e-05              1          1e-06  
   928         929      2.53102e-05              1       1.05e-06  
   929         930        2.531e-05              1       1.11e-06  
   930         931      2.53098e-05              1       1.14e-06  
   931         932      2.53096e-05              1       1.08e-06  
   932         933      2.53094e-05              1        1.1e-06  
   933         934      2.53093e-05              1       1.13e-06  
   934         935      2.53091e-05              1       1.23e-06  
   935         936      2.53089e-05              1       1.13e-06  
   936         937      2.53087e-05              1       8.84e-07  
   937         938      2.53086e-05              1       1.06e-06  
   938         939      2.53084e-05              1       1.12e-06  
   939         940      2.53082e-05              1       1.05e-06  
                                                        First-order 
 Iteration  Func-count       f(x)        Step-size       optimality
   940         941      2.53081e-05              1       9.24e-07  
   941         942       2.5308e-05              1       1.01e-06  
   942         943      2.53078e-05              1       1.02e-06  
   943         944      2.53077e-05              1       9.22e-07  
   944         945      2.53075e-05              1       9.66e-07  
   945         946      2.53073e-05              1       9.31e-07  
   946         947      2.53072e-05              1       9.59e-07  
   947         948       2.5307e-05              1       1.16e-06  
   948         949      2.53068e-05              1       1.01e-06  
   949         950      2.53066e-05              1       1.27e-06  
   950         951      2.53065e-05              1        1.1e-06  
   951         952      2.53063e-05              1       9.52e-07  
   952         953      2.53061e-05              1       8.55e-07  
   953         954       2.5306e-05              1       9.48e-07  
   954         955      2.53059e-05              1       9.02e-07  
   955         956      2.53057e-05              1        9.5e-07  
   956         957      2.53056e-05              1       8.72e-07  
   957         958      2.53055e-05              1       7.21e-07  
   958         959      2.53054e-05              1       6.59e-07  
   959         960      2.53053e-05              1       7.81e-07  
                                                        First-order 
 Iteration  Func-count       f(x)        Step-size       optimality
   960         961      2.53052e-05              1        8.4e-07  
   961         962      2.53051e-05              1       9.36e-07  
   962         963      2.53049e-05              1       7.89e-07  
   963         964      2.53048e-05              1       8.27e-07  
   964         965      2.53047e-05              1       8.84e-07  
   965         966      2.53046e-05              1       7.11e-07  
   966         967      2.53045e-05              1       7.75e-07  
   967         968      2.53044e-05              1       8.37e-07  
   968         969      2.53043e-05              1       7.74e-07  
   969         970      2.53042e-05              1       8.42e-07  
   970         971      2.53041e-05              1       8.77e-07  
   971         972       2.5304e-05              1        7.7e-07  
   972         973      2.53039e-05              1       7.84e-07  
   973         974      2.53038e-05              1       6.62e-07  
   974         975      2.53037e-05              1        7.9e-07  
   975         976      2.53036e-05              1       7.95e-07  
   976         977      2.53035e-05              1       7.75e-07  
   977         978      2.53034e-05              1       8.12e-07  
   978         979      2.53033e-05              1        9.2e-07  
   979         980      2.53032e-05              1       7.44e-07  
                                                        First-order 
 Iteration  Func-count       f(x)        Step-size       optimality
   980         981      2.53031e-05              1       6.67e-07  
   981         982       2.5303e-05              1       7.61e-07  
   982         983      2.53029e-05              1       7.93e-07  
   983         984      2.53028e-05              1       9.13e-07  
   984         985      2.53027e-05              1       8.47e-07  
   985         986      2.53027e-05              1       8.32e-07  
   986         987      2.53026e-05              1       6.52e-07  
   987         988      2.53025e-05              1       6.23e-07  
   988         989      2.53024e-05              1       6.58e-07  
   989         990      2.53024e-05              1       6.22e-07  
   990         991      2.53023e-05              1       6.12e-07  
   991         992      2.53022e-05              1       6.23e-07  
   992         993      2.53022e-05              1       6.93e-07  
   993         994      2.53021e-05              1       7.06e-07  
   994         995       2.5302e-05              1       6.37e-07  
   995         996       2.5302e-05              1       6.92e-07  
   996         997      2.53019e-05              1       6.08e-07  
   997         998      2.53018e-05              1       6.79e-07  
   998         999      2.53018e-05              1       6.35e-07  
   999        1000      2.53017e-05              1       6.52e-07  
                                                        First-order 
 Iteration  Func-count       f(x)        Step-size       optimality
  1000        1001      2.53016e-05              1        6.7e-07  
  1001        1002      2.53016e-05              1       6.44e-07  
  1002        1003      2.53015e-05              1       5.88e-07  
  1003        1004      2.53014e-05              1       6.19e-07  
  1004        1005      2.53014e-05              1       5.96e-07  
  1005        1006      2.53013e-05              1       6.03e-07  
  1006        1007      2.53012e-05              1       5.63e-07  
  1007        1008      2.53012e-05              1       5.62e-07  
  1008        1009      2.53011e-05              1       6.04e-07  
  1009        1010      2.53011e-05              1       5.47e-07  
  1010        1011       2.5301e-05              1       5.72e-07  
  1011        1012       2.5301e-05              1       5.94e-07  
  1012        1013      2.53009e-05              1        5.2e-07  
  1013        1014      2.53009e-05              1       5.68e-07  
  1014        1015      2.53009e-05              1       5.32e-07  
  1015        1016      2.53008e-05              1       6.09e-07  
  1016        1017      2.53008e-05              1       5.88e-07  
  1017        1018      2.53007e-05              1       6.34e-07  
  1018        1019      2.53007e-05              1       5.13e-07  
  1019        1020      2.53007e-05              1       4.88e-07  
                                                        First-order 
 Iteration  Func-count       f(x)        Step-size       optimality
  1020        1021      2.53006e-05              1       4.72e-07  
  1021        1022      2.53006e-05              1       5.11e-07  
  1022        1023      2.53006e-05              1       4.47e-07  
  1023        1024      2.53005e-05              1       3.66e-07  
  1024        1025      2.53005e-05              1       3.89e-07  
  1025        1026      2.53005e-05              1       4.12e-07  
  1026        1027      2.53004e-05              1       3.54e-07  
  1027        1028      2.53004e-05              1       3.77e-07  
  1028        1029      2.53004e-05              1       3.73e-07  
  1029        1030      2.53004e-05              1       4.26e-07  
  1030        1031      2.53003e-05              1       4.39e-07  
  1031        1032      2.53003e-05              1       3.36e-07  
  1032        1033      2.53003e-05              1       4.02e-07  
  1033        1034      2.53003e-05              1       4.11e-07  
  1034        1035      2.53003e-05              1       2.91e-07  
  1035        1036      2.53002e-05              1       2.71e-07  
  1036        1037      2.53002e-05              1       2.94e-07  
  1037        1038      2.53002e-05              1       2.79e-07  
  1038        1039      2.53002e-05              1       2.72e-07  
  1039        1040      2.53002e-05              1       2.63e-07  
                                                        First-order 
 Iteration  Func-count       f(x)        Step-size       optimality
  1040        1041      2.53002e-05              1       2.62e-07  
  1041        1042      2.53001e-05              1       2.55e-07  
  1042        1043      2.53001e-05              1       2.68e-07  
  1043        1044      2.53001e-05              1       2.58e-07  
  1044        1045      2.53001e-05              1        2.4e-07  
  1045        1046      2.53001e-05              1       2.71e-07  
  1046        1047      2.53001e-05              1       2.48e-07  
  1047        1048      2.53001e-05              1       2.79e-07  
  1048        1049      2.53001e-05              1       3.51e-07  
  1049        1050         2.53e-05              1       3.39e-07  
  1050        1051         2.53e-05              1       2.43e-07  
  1051        1052         2.53e-05              1       2.86e-07  
  1052        1053         2.53e-05              1       2.96e-07  
  1053        1054         2.53e-05              1       2.72e-07  
  1054        1055         2.53e-05              1       2.53e-07  
  1055        1056         2.53e-05              1       2.53e-07  
  1056        1057         2.53e-05              1       2.47e-07  
  1057        1058      2.52999e-05              1       2.69e-07  
  1058        1059      2.52999e-05              1        3.1e-07  
  1059        1060      2.52999e-05              1       2.65e-07  
                                                        First-order 
 Iteration  Func-count       f(x)        Step-size       optimality
  1060        1061      2.52999e-05              1       2.34e-07  
  1061        1062      2.52999e-05              1       2.25e-07  
  1062        1063      2.52999e-05              1       2.74e-07  
  1063        1064      2.52999e-05              1       2.41e-07  
  1064        1065      2.52999e-05              1       2.81e-07  
  1065        1066      2.52999e-05              1        2.5e-07  
  1066        1067      2.52999e-05              1       2.37e-07  
  1067        1068      2.52998e-05              1       2.31e-07  
  1068        1069      2.52998e-05              1        2.5e-07  
  1069        1070      2.52998e-05              1       2.44e-07  
  1070        1071      2.52998e-05              1       2.26e-07  
  1071        1072      2.52998e-05              1       2.32e-07  
  1072        1073      2.52998e-05              1       2.36e-07  
  1073        1074      2.52998e-05              1       2.44e-07  
  1074        1075      2.52998e-05              1       2.13e-07  
  1075        1076      2.52998e-05              1       1.85e-07  
  1076        1077      2.52998e-05              1       1.99e-07  
  1077        1078      2.52998e-05              1       2.23e-07  
  1078        1079      2.52998e-05              1       1.99e-07  
  1079        1080      2.52997e-05              1       2.07e-07  
                                                        First-order 
 Iteration  Func-count       f(x)        Step-size       optimality
  1080        1081      2.52997e-05              1        2.1e-07  
  1081        1082      2.52997e-05              1       1.99e-07  
  1082        1083      2.52997e-05              1       1.96e-07  
  1083        1084      2.52997e-05              1       1.92e-07  
  1084        1085      2.52997e-05              1        1.9e-07  
  1085        1086      2.52997e-05              1       1.91e-07  
  1086        1087      2.52997e-05              1       1.96e-07  
  1087        1088      2.52997e-05              1       1.89e-07  
  1088        1089      2.52997e-05              1       2.04e-07  
  1089        1090      2.52997e-05              1       1.86e-07  
  1090        1091      2.52997e-05              1        1.8e-07  
  1091        1092      2.52997e-05              1       2.01e-07  
  1092        1093      2.52997e-05              1       1.83e-07  
  1093        1094      2.52997e-05              1       1.71e-07  
  1094        1095      2.52996e-05              1       1.88e-07  
  1095        1096      2.52996e-05              1       1.78e-07  
  1096        1097      2.52996e-05              1       1.38e-07  
  1097        1098      2.52996e-05              1       1.45e-07  
  1098        1099      2.52996e-05              1       1.69e-07  
  1099        1100      2.52996e-05              1       1.56e-07  
                                                        First-order 
 Iteration  Func-count       f(x)        Step-size       optimality
  1100        1101      2.52996e-05              1       1.45e-07  
  1101        1102      2.52996e-05              1       1.34e-07  
  1102        1103      2.52996e-05              1       1.49e-07  
  1103        1104      2.52996e-05              1       1.45e-07  
  1104        1105      2.52996e-05              1        1.9e-07  
  1105        1106      2.52996e-05              1       1.91e-07  
  1106        1107      2.52996e-05              1       1.66e-07  
  1107        1108      2.52996e-05              1       1.59e-07  
  1108        1109      2.52996e-05              1       1.63e-07  
  1109        1110      2.52996e-05              1        1.4e-07  
  1110        1111      2.52996e-05              1       1.32e-07  
  1111        1112      2.52996e-05              1       1.44e-07  
  1112        1113      2.52996e-05              1       1.25e-07  
  1113        1114      2.52996e-05              1       1.27e-07  
  1114        1115      2.52996e-05              1       1.24e-07  
  1115        1116      2.52996e-05              1       1.41e-07  
  1116        1117      2.52996e-05              1       1.36e-07  
  1117        1118      2.52996e-05              1       1.27e-07  
  1118        1119      2.52996e-05              1       1.51e-07  
  1119        1120      2.52996e-05              1       1.48e-07  
                                                        First-order 
 Iteration  Func-count       f(x)        Step-size       optimality
  1120        1121      2.52995e-05              1        1.8e-07  
  1121        1122      2.52995e-05              1       1.74e-07  
  1122        1123      2.52995e-05              1       1.13e-07  
  1123        1124      2.52995e-05              1        1.2e-07  
  1124        1125      2.52995e-05              1       1.29e-07  
  1125        1126      2.52995e-05              1       1.29e-07  
  1126        1127      2.52995e-05              1       1.32e-07  
  1127        1128      2.52995e-05              1       1.21e-07  
  1128        1129      2.52995e-05              1       1.24e-07  
  1129        1130      2.52995e-05              1       1.26e-07  
  1130        1131      2.52995e-05              1       1.25e-07  
  1131        1132      2.52995e-05              1       1.24e-07  
  1132        1133      2.52995e-05              1        1.2e-07  
  1133        1134      2.52995e-05              1       1.23e-07  
  1134        1135      2.52995e-05              1       1.35e-07  
  1135        1136      2.52995e-05              1       1.64e-07  
  1136        1137      2.52995e-05              1        1.5e-07  
  1137        1138      2.52995e-05              1       1.04e-07  
  1138        1139      2.52995e-05              1       1.15e-07  
  1139        1140      2.52995e-05              1       9.75e-08  

Optimization completed: The <a href = "matlab: helpview([docroot '/toolbox/optim/msg_csh/optim_msg_csh.map'],'first_order_opt_unc','CSHelpWindow');">first-order optimality measure</a>, 9.390955e-08, is less 
than <a href = "matlab: helpview([docroot '/toolbox/optim/msg_csh/optim_msg_csh.map'],'tolfun','CSHelpWindow');">options.TolFun</a> = 1.000000e-07.

Optimization Metric                                            Options
relative norm(gradient) =   9.39e-08                  TolFun =   1e-07 (selected)

