flow iter#1; |dv| = 4.92506
flow iter#2; |dv| = 1.23732
flow iter#3; |dv| = 1.49235
flow iter#4; |dv| = 1.96522
flow iter#5; |dv| = 1.60902
flow iter#6; |dv| = 0.88346
flow iter#7; |dv| = 0.254792
flow iter#8; |dv| = 0.26152
flow iter#9; |dv| = 0.369201
flow iter#10; |dv| = 0.312229
flow iter#11; |dv| = 0.186444
flow iter#12; |dv| = 0.0692117
flow iter#13; |dv| = 0.0292212
flow iter#14; |dv| = 0.053682
flow iter#15; |dv| = 0.0524809
flow iter#16; |dv| = 0.0356872
flow iter#17; |dv| = 0.0166984
flow iter#18; |dv| = 0.00614212
flow iter#19; |dv| = 0.00883343
flow iter#20; |dv| = 0.00980038
flow iter#21; |dv| = 0.0080425
flow iter#22; |dv| = 0.00586178
flow iter#23; |dv| = 0.00487326
                                                        First-order 
 Iteration  Func-count       f(x)        Step-size       optimality
     0           1        0.0559265                       0.00252
     1           4        0.0304307        84.3574        0.00126  
     2           6          0.01394       0.482768        0.00133  
     3           7       0.00222254              1       0.000435  
     4           8       0.00139904              1        0.00105  
     5           9      0.000580734              1       0.000155  
     6          10      0.000398143              1       0.000101  
     7          11      0.000258571              1       0.000191  
     8          12      0.000198927              1       8.31e-05  
     9          13      0.000117109              1       0.000243  
    10          14      7.50072e-05              1       0.000191  
    11          15      6.45481e-05              1       8.02e-05  
    12          16      5.58252e-05              1       2.98e-05  
    13          17       5.2582e-05              1       0.000135  
    14          18      4.85561e-05              1       5.92e-05  
    15          19      4.27016e-05              1       2.13e-05  
    16          20      3.38216e-05              1       2.92e-05  
    17          21      2.82676e-05              1       7.25e-05  
    18          22      2.25093e-05              1       2.66e-05  
    19          23      1.94745e-05              1        1.9e-05  
                                                        First-order 
 Iteration  Func-count       f(x)        Step-size       optimality
    20          24      1.68847e-05              1       2.35e-05  
    21          25      1.45103e-05              1       2.72e-05  
    22          26      1.17541e-05              1        2.7e-05  
    23          27      9.21117e-06              1       2.61e-05  
    24          28       8.3311e-06              1       2.22e-05  
    25          29      7.22182e-06              1       1.83e-05  
    26          30      6.79202e-06              1       1.76e-05  
    27          31      6.43546e-06              1       1.18e-05  
    28          32      6.07561e-06              1       1.13e-05  
    29          33      5.43819e-06              1       1.17e-05  
    30          34      4.86638e-06              1       8.92e-06  
    31          35      4.55923e-06              1       7.17e-06  
    32          36      4.38292e-06              1       4.86e-06  
    33          37      4.22772e-06              1        4.5e-06  
    34          38      4.07755e-06              1       4.79e-06  
    35          39      3.90476e-06              1       6.96e-06  
    36          40       3.6483e-06              1       6.25e-06  
    37          41      3.26647e-06              1       9.74e-06  
    38          42      2.94333e-06              1       1.51e-05  
    39          43      2.72228e-06              1        4.1e-06  
                                                        First-order 
 Iteration  Func-count       f(x)        Step-size       optimality
    40          44      2.59337e-06              1        9.1e-06  
    41          45      2.50617e-06              1       6.51e-06  
    42          46      2.34225e-06              1        8.5e-06  
    43          47      2.13761e-06              1       5.52e-06  
    44          48      2.00678e-06              1       3.91e-06  
    45          49      1.90456e-06              1       4.88e-06  
    46          50      1.78554e-06              1       5.34e-06  
    47          51      1.64293e-06              1       3.79e-06  
    48          52      1.55981e-06              1       9.39e-06  
    49          53      1.49101e-06              1        6.1e-06  
    50          54      1.44139e-06              1       5.77e-06  
    51          55      1.38723e-06              1       5.36e-06  
    52          56      1.30949e-06              1       6.67e-06  
    53          57      1.20059e-06              1       3.83e-06  
    54          58      1.13627e-06              1       5.42e-06  
    55          59      1.05825e-06              1       5.42e-06  
    56          60      1.03146e-06              1       2.36e-06  
    57          61      1.00729e-06              1       2.39e-06  
    58          62      9.58564e-07              1       5.23e-06  
    59          63      9.00046e-07              1          7e-06  
                                                        First-order 
 Iteration  Func-count       f(x)        Step-size       optimality
    60          64      7.76182e-07              1       8.77e-06  
    61          65      5.99001e-07              1       4.61e-06  
    62          66      5.33704e-07              1       2.44e-06  
    63          67      5.09922e-07              1       1.04e-06  
    64          69      4.85606e-07       0.349837       3.29e-06  
    65          70      4.40356e-07              1       4.35e-06  
    66          71      3.80995e-07              1        4.1e-06  
    67          72      3.40384e-07              1       4.77e-06  
    68          73      2.99375e-07              1       1.28e-06  
    69          75      2.81765e-07            0.5       4.72e-06  
    70          76      2.48099e-07              1       4.52e-06  
    71          77      2.12559e-07              1       3.03e-06  
    72          78      1.85986e-07              1       4.19e-06  
    73          79      1.51065e-07              1       1.25e-06  
    74          81      1.35009e-07       0.568374       3.54e-06  
    75          82      1.11582e-07              1       3.81e-06  
    76          83      1.00718e-07              1       1.13e-06  
    77          84      9.50868e-08              1       1.15e-06  
    78          85      9.11743e-08              1       2.63e-06  
    79          86      8.45136e-08              1       1.12e-06  
                                                        First-order 
 Iteration  Func-count       f(x)        Step-size       optimality
    80          87      7.80328e-08              1       9.51e-07  
    81          88      7.46196e-08              1       1.88e-06  
    82          89      6.88739e-08              1       1.62e-06  
    83          90      6.06422e-08              1       1.71e-06  
    84          91      5.45451e-08              1       6.93e-07  
    85          92      5.12099e-08              1       8.11e-07  
    86          93      4.98584e-08              1       4.37e-07  
    87          94      4.86512e-08              1       3.11e-07  
    88          95      4.67248e-08              1       3.37e-07  
    89          96      4.59275e-08              1       3.94e-07  
    90          97      4.43569e-08              1        4.5e-07  
    91          98      4.26228e-08              1       4.08e-07  
    92          99      4.08119e-08              1       3.44e-07  
    93         100      3.94581e-08              1       4.08e-07  
    94         101      3.83514e-08              1       4.73e-07  
    95         102      3.76847e-08              1       4.35e-07  
    96         103      3.71908e-08              1        3.1e-07  
    97         104      3.66579e-08              1       3.33e-07  
    98         105      3.59696e-08              1       3.62e-07  
    99         106      3.47365e-08              1       6.26e-07  
                                                        First-order 
 Iteration  Func-count       f(x)        Step-size       optimality
   100         107      3.22343e-08              1       7.22e-07  
   101         108      2.90899e-08              1       1.57e-06  
   102         109      2.64079e-08              1       6.79e-07  
   103         110       2.5687e-08              1       6.27e-07  
   104         111      2.50244e-08              1       8.68e-08  
   105         112      2.47478e-08              1       1.41e-07  
   106         113      2.44605e-08              1       3.55e-07  
   107         114        2.422e-08              1       4.54e-07  
   108         115      2.37699e-08              1       5.04e-07  
   109         116      2.31989e-08              1       1.29e-07  
   110         117      2.28468e-08              1       2.31e-07  
   111         118      2.25885e-08              1       5.76e-07  
   112         119      2.22316e-08              1       4.49e-07  
   113         120      2.18121e-08              1       2.84e-07  
   114         121      2.12532e-08              1       1.75e-07  
   115         122      2.06146e-08              1       5.32e-07  
   116         123      2.01643e-08              1       6.63e-07  
   117         125      1.97556e-08       0.647919       8.05e-07  
   118         126      1.93453e-08              1       3.68e-07  
   119         127      1.89444e-08              1       3.01e-07  
                                                        First-order 
 Iteration  Func-count       f(x)        Step-size       optimality
   120         128      1.82471e-08              1       1.68e-07  
   121         129       1.7746e-08              1       1.31e-07  
   122         131      1.74597e-08       0.460049       2.84e-07  
   123         132      1.65415e-08              1       2.82e-07  
   124         133       1.5857e-08              1       4.21e-07  
   125         135       1.5016e-08       0.328481       2.68e-07  
   126         136      1.27521e-08              1       5.21e-07  
   127         137      1.05568e-08              1       8.19e-07  
   128         139      9.94343e-09       0.383102       7.86e-07  
   129         140      9.28523e-09              1       3.26e-07  
   130         141      8.92929e-09              1       2.23e-07  
   131         142      8.50344e-09              1       3.09e-07  
   132         143      8.10799e-09              1        1.7e-07  
   133         144       7.9663e-09              1       1.75e-07  
   134         145      7.85764e-09              1       2.38e-07  
   135         146      7.77052e-09              1       2.39e-07  
   136         147      7.26284e-09              1       7.88e-08  
   137         148      7.15409e-09              1       2.15e-07  
   138         149      7.06117e-09              1       2.03e-07  
   139         150      6.97747e-09              1       2.54e-07  
                                                        First-order 
 Iteration  Func-count       f(x)        Step-size       optimality
   140         151      6.85508e-09              1       2.27e-07  
   141         152        6.676e-09              1          2e-07  
   142         153      6.61309e-09              1       1.37e-07  
   143         154      6.56162e-09              1       1.06e-07  
   144         155      6.51141e-09              1       7.86e-08  
   145         156      6.45478e-09              1       9.63e-08  
   146         157      6.29835e-09              1       1.39e-07  
   147         158        6.235e-09              1       1.13e-07  
   148         159      6.06025e-09              1       1.95e-07  
   149         160      5.66796e-09              1       4.59e-07  
   150         161      5.08689e-09              1       7.39e-07  
   151         162      3.98202e-09              1       1.08e-06  
   152         163      2.79554e-09              1       8.84e-07  
   153         164      1.59247e-09              1       3.76e-07  
   154         165      1.15189e-09              1       3.61e-07  
   155         166      8.17563e-10              1       1.19e-07  
   156         167      6.42658e-10              1       4.01e-07  
   157         168      4.36031e-10              1       2.75e-07  
   158         169      3.71623e-10              1       1.19e-07  
   159         170      3.30516e-10              1       8.65e-08  
                                                        First-order 
 Iteration  Func-count       f(x)        Step-size       optimality
   160         171      3.13044e-10              1       1.08e-07  
   161         172      2.62581e-10              1       1.36e-07  
   162         173      2.18899e-10              1       7.74e-08  
   163         174      1.71042e-10              1        5.2e-08  
   164         175      1.54494e-10              1       5.28e-08  
   165         176      1.22553e-10              1       5.37e-08  
   166         177      1.02852e-10              1       8.32e-08  
   167         178       8.3552e-11              1       4.79e-08  
   168         179      5.85721e-11              1       6.09e-08  
   169         180      3.69546e-11              1        3.2e-08  
   170         181       2.6606e-11              1       4.43e-08  
   171         183      2.28531e-11       0.492878       6.02e-08  
   172         184      1.79446e-11              1       5.57e-08  
   173         185      1.27954e-11              1       2.14e-08  
   174         186       1.1207e-11              1       1.11e-08  
   175         187       9.7765e-12              1       4.95e-08  
   176         188      7.83411e-12              1       9.89e-09  
   177         189      6.51786e-12              1       1.16e-08  
   178         190       5.0619e-12              1       1.46e-08  
   179         191      4.09847e-12              1        1.4e-08  
                                                        First-order 
 Iteration  Func-count       f(x)        Step-size       optimality
   180         192      3.29552e-12              1       1.06e-08  
   181         193      2.49899e-12              1       8.52e-09  
   182         194      1.53188e-12              1       1.07e-08  
   183         196      1.05878e-12       0.568363       1.11e-08  
   184         197      8.30102e-13              1       3.09e-09  
   185         198       4.9296e-13              1       7.94e-09  
   186         199      3.92023e-13              1       5.49e-09  
   187         200      2.30207e-13              1       3.33e-09  
   188         201      1.45929e-13              1       2.03e-09  
   189         202      9.92231e-14              1       4.65e-09  
   190         203      4.29665e-14              1       3.42e-10  
   191         204      2.45034e-14              1        6.5e-10  
   192         205       1.2592e-14              1       1.84e-09  
   193         206      6.72607e-15              1       6.46e-10  
   194         207       3.4397e-15              1        6.6e-10  
   195         208       1.7176e-15              1        3.6e-10  
   196         209      7.73659e-16              1       3.36e-10  
   197         210      3.88531e-16              1       1.13e-10  
   198         211      3.84418e-16            0.5        3.4e-10  

Optimization stopped because the objective function cannot be decreased in the 
current <a href = "matlab: helpview([docroot '/toolbox/optim/msg_csh/optim_msg_csh.map'],'search_direction','CSHelpWindow');">search direction</a>. Either the <a href = "matlab: helpview([docroot '/toolbox/optim/msg_csh/optim_msg_csh.map'],'pred_change','CSHelpWindow');">predicted change in the objective function</a>,
or the <a href = "matlab: helpview([docroot '/toolbox/optim/msg_csh/optim_msg_csh.map'],'line_search_interval','CSHelpWindow');">line search interval</a> is less than eps.
                                                        First-order 
 Iteration  Func-count       f(x)        Step-size       optimality
     0           1          0.19463                        0.0308
     1           2         0.163093              1         0.0127  
     2           3         0.109084              1         0.0333  
     3           4        0.0769904              1         0.0197  
     4           5        0.0537922              1          0.023  
     5           6        0.0415233              1         0.0126  
     6           7        0.0342859              1         0.0109  
     7           8        0.0308358              1        0.00865  
     8           9        0.0274287              1        0.00578  
     9          10         0.024889              1        0.00592  
    10          11        0.0218124              1         0.0101  
    11          12        0.0186399              1        0.00705  
    12          13        0.0156713              1        0.00578  
    13          14        0.0134281              1        0.00472  
    14          15         0.011678              1        0.00482  
    15          16        0.0103744              1        0.00389  
    16          17       0.00915667              1        0.00379  
    17          18       0.00805453              1        0.00484  
    18          19       0.00704699              1        0.00337  
    19          20       0.00614541              1          0.003  
                                                        First-order 
 Iteration  Func-count       f(x)        Step-size       optimality
    20          21       0.00521755              1        0.00221  
    21          22       0.00447998              1        0.00222  
    22          23       0.00380334              1        0.00231  
    23          24       0.00329419              1        0.00206  
    24          25       0.00293389              1        0.00185  
    25          26        0.0026687              1        0.00144  
    26          27       0.00244989              1        0.00125  
    27          28        0.0022734              1        0.00105  
    28          29        0.0021223              1       0.000966  
    29          30       0.00198589              1       0.000899  
    30          31       0.00186516              1       0.000857  
    31          32       0.00175318              1        0.00081  
    32          33       0.00164857              1       0.000801  
    33          34       0.00154074              1       0.000791  
    34          35        0.0014407              1         0.0008  
    35          36       0.00134576              1       0.000882  
    36          37         0.001262              1       0.000944  
    37          38       0.00118066              1       0.000959  
    38          39       0.00110689              1       0.000923  
    39          40       0.00103455              1       0.000825  
                                                        First-order 
 Iteration  Func-count       f(x)        Step-size       optimality
    40          41      0.000968559              1       0.000758  
    41          42      0.000900855              1       0.000665  
    42          43      0.000838277              1       0.000709  
    43          44      0.000774821              1        0.00064  
    44          45       0.00072336              1       0.000599  
    45          46      0.000671833              1       0.000737  
    46          47      0.000628684              1       0.000796  
    47          48      0.000585396              1         0.0007  
    48          49      0.000549445              1       0.000712  
    49          50      0.000515068              1        0.00069  
    50          51      0.000485381              1       0.000723  
    51          52      0.000451851              1       0.000731  
    52          53      0.000417653              1       0.000699  
    53          54      0.000379767              1       0.000579  
    54          55      0.000346141              1       0.000622  
    55          56      0.000315177              1       0.000522  
    56          57      0.000291545              1       0.000491  
    57          58      0.000271525              1       0.000391  
    58          59      0.000255987              1        0.00044  
    59          60      0.000242325              1       0.000351  
                                                        First-order 
 Iteration  Func-count       f(x)        Step-size       optimality
    60          61      0.000229996              1       0.000526  
    61          62      0.000217612              1        0.00033  
    62          63      0.000206615              1       0.000336  
    63          64      0.000197097              1       0.000338  
    64          65      0.000189204              1        0.00022  
    65          66      0.000181816              1       0.000231  
    66          67      0.000174857              1       0.000211  
    67          68      0.000167831              1        0.00028  
    68          69      0.000160903              1       0.000255  
    69          70      0.000154086              1       0.000185  
    70          71      0.000147653              1       0.000174  
    71          72      0.000141564              1       0.000194  
    72          73      0.000135748              1       0.000212  
    73          74      0.000130069              1        0.00023  
    74          75      0.000124577              1       0.000227  
    75          76      0.000119357              1       0.000211  
    76          77      0.000114606              1       0.000215  
    77          78      0.000110363              1        0.00018  
    78          79      0.000106575              1       0.000182  
    79          80       0.00010301              1       0.000201  
                                                        First-order 
 Iteration  Func-count       f(x)        Step-size       optimality
    80          81      9.96173e-05              1       0.000212  
    81          82      9.63536e-05              1       0.000177  
    82          83      9.33573e-05              1       0.000156  
    83          84      9.05684e-05              1       0.000141  
    84          85      8.80518e-05              1       0.000127  
    85          86      8.57274e-05              1       0.000124  
    86          87       8.3676e-05              1        0.00012  
    87          88      8.17567e-05              1       0.000125  
    88          89      7.99282e-05              1       0.000122  
    89          90      7.80972e-05              1       9.59e-05  
    90          91      7.63127e-05              1       0.000103  
    91          92      7.45703e-05              1       0.000108  
    92          93      7.28994e-05              1       9.75e-05  
    93          94      7.12971e-05              1       9.03e-05  
    94          95      6.97962e-05              1       9.16e-05  
    95          96      6.83881e-05              1       8.38e-05  
    96          97      6.70453e-05              1        9.6e-05  
    97          98      6.57327e-05              1       0.000103  
    98          99      6.44561e-05              1       0.000105  
    99         100      6.32355e-05              1       9.04e-05  
                                                        First-order 
 Iteration  Func-count       f(x)        Step-size       optimality
   100         101      6.20645e-05              1       9.23e-05  
   101         102       6.0889e-05              1       0.000116  
   102         103      5.96636e-05              1       0.000115  
   103         104      5.83965e-05              1       9.36e-05  
   104         105      5.71592e-05              1       9.25e-05  
   105         106      5.59977e-05              1       8.79e-05  
   106         107      5.49197e-05              1          8e-05  
   107         108      5.38979e-05              1       8.89e-05  
   108         109      5.29533e-05              1       7.49e-05  
   109         110      5.20743e-05              1       7.17e-05  
   110         111      5.13084e-05              1       6.39e-05  
   111         112      5.06174e-05              1       6.25e-05  
   112         113      4.99201e-05              1       6.75e-05  
   113         114      4.92059e-05              1       7.16e-05  
   114         115      4.84877e-05              1       6.78e-05  
   115         116      4.77457e-05              1        6.3e-05  
   116         117      4.69634e-05              1       7.64e-05  
   117         118      4.61312e-05              1       7.86e-05  
   118         119      4.52757e-05              1       7.81e-05  
   119         120      4.44112e-05              1       7.06e-05  
                                                        First-order 
 Iteration  Func-count       f(x)        Step-size       optimality
   120         121      4.35466e-05              1        6.9e-05  
   121         122      4.26745e-05              1       6.41e-05  
   122         123      4.18097e-05              1       8.26e-05  
   123         124       4.0955e-05              1       7.93e-05  
   124         125      4.01203e-05              1       7.91e-05  
   125         126      3.92928e-05              1       6.94e-05  
   126         127      3.84913e-05              1       7.29e-05  
   127         128      3.77112e-05              1       7.21e-05  
   128         129      3.69738e-05              1        7.4e-05  
   129         130      3.62552e-05              1       7.26e-05  
   130         131      3.55734e-05              1       8.34e-05  
   131         132      3.49016e-05              1        8.6e-05  
   132         133      3.42553e-05              1       8.58e-05  
   133         134      3.35979e-05              1       7.58e-05  
   134         135      3.29416e-05              1       6.72e-05  
   135         136      3.22671e-05              1       6.96e-05  
   136         137      3.16029e-05              1        6.4e-05  
   137         138      3.09493e-05              1       5.81e-05  
   138         139      3.03462e-05              1       6.43e-05  
   139         140      2.97827e-05              1       5.46e-05  
                                                        First-order 
 Iteration  Func-count       f(x)        Step-size       optimality
   140         141      2.92629e-05              1       6.16e-05  
   141         142      2.87404e-05              1       6.16e-05  
   142         143      2.82253e-05              1       6.47e-05  
   143         144      2.77051e-05              1       6.09e-05  
   144         145      2.72185e-05              1          5e-05  
   145         146      2.67538e-05              1       4.82e-05  
   146         147      2.63232e-05              1       5.05e-05  
   147         148       2.5904e-05              1       5.42e-05  
   148         149       2.5505e-05              1       4.46e-05  
   149         150       2.5111e-05              1       5.02e-05  
   150         151      2.47211e-05              1       5.48e-05  
   151         152      2.43301e-05              1          6e-05  
   152         153      2.39458e-05              1       6.71e-05  
   153         154      2.35626e-05              1       6.11e-05  
   154         155       2.3178e-05              1       6.67e-05  
   155         156       2.2785e-05              1       5.39e-05  
   156         157      2.23924e-05              1       6.29e-05  
   157         158      2.19955e-05              1       5.51e-05  
   158         159      2.15984e-05              1       5.89e-05  
   159         160      2.11937e-05              1       5.21e-05  
                                                        First-order 
 Iteration  Func-count       f(x)        Step-size       optimality
   160         161      2.08046e-05              1       5.22e-05  
   161         162       2.0428e-05              1       4.91e-05  
   162         163      2.00628e-05              1       4.78e-05  
   163         164      1.96737e-05              1       7.92e-05  
   164         165      1.92723e-05              1       7.58e-05  
   165         166      1.88715e-05              1       5.61e-05  
   166         167      1.85023e-05              1       5.01e-05  
   167         168      1.81522e-05              1       4.71e-05  
   168         169      1.78152e-05              1       4.68e-05  
   169         170      1.74826e-05              1       4.68e-05  
   170         171      1.71726e-05              1       5.17e-05  
   171         172      1.68848e-05              1       4.68e-05  
   172         173      1.66202e-05              1       3.83e-05  
   173         174      1.63647e-05              1        4.1e-05  
   174         175       1.6123e-05              1       4.03e-05  
   175         176      1.58884e-05              1        4.1e-05  
   176         177      1.56693e-05              1        3.5e-05  
   177         178      1.54594e-05              1       3.38e-05  
   178         179      1.52661e-05              1       3.31e-05  
   179         180      1.50806e-05              1       3.77e-05  
                                                        First-order 
 Iteration  Func-count       f(x)        Step-size       optimality
   180         181      1.49001e-05              1       3.52e-05  
   181         182       1.4717e-05              1       3.11e-05  
   182         183      1.45377e-05              1       3.25e-05  
   183         184      1.43659e-05              1       3.79e-05  
   184         185      1.42037e-05              1       3.28e-05  
   185         186      1.40453e-05              1        3.3e-05  
   186         187      1.38883e-05              1       3.56e-05  
   187         188      1.37334e-05              1       3.75e-05  
   188         189      1.35827e-05              1       3.81e-05  
   189         190      1.34326e-05              1       3.85e-05  
   190         191      1.32767e-05              1        3.9e-05  
   191         192      1.31093e-05              1       4.01e-05  
   192         193      1.29319e-05              1       4.27e-05  
   193         194      1.27511e-05              1       4.45e-05  
   194         195      1.25739e-05              1       4.78e-05  
   195         196      1.24021e-05              1        4.5e-05  
   196         197      1.22365e-05              1       4.68e-05  
   197         198      1.20768e-05              1       3.45e-05  
   198         199      1.19255e-05              1       3.73e-05  
   199         200      1.17763e-05              1       2.89e-05  
                                                        First-order 
 Iteration  Func-count       f(x)        Step-size       optimality
   200         201      1.16288e-05              1       2.69e-05  
   201         202      1.14822e-05              1       2.65e-05  
   202         203      1.13547e-05              1       2.74e-05  
   203         204      1.12395e-05              1       2.48e-05  
   204         205      1.11386e-05              1        2.7e-05  
   205         206      1.10426e-05              1       2.69e-05  
   206         207      1.09494e-05              1       2.38e-05  
   207         208      1.08559e-05              1       2.46e-05  
   208         209      1.07639e-05              1       2.95e-05  
   209         210       1.0675e-05              1       2.67e-05  
   210         211      1.05907e-05              1       1.89e-05  
   211         212      1.05113e-05              1       2.28e-05  
   212         213       1.0435e-05              1       2.37e-05  
   213         214      1.03609e-05              1        2.1e-05  
   214         215      1.02879e-05              1       2.09e-05  
   215         216       1.0218e-05              1        2.1e-05  
   216         217      1.01519e-05              1       2.06e-05  
   217         218      1.00914e-05              1       1.93e-05  
   218         219      1.00349e-05              1       1.79e-05  
   219         220      9.98095e-06              1       1.82e-05  
                                                        First-order 
 Iteration  Func-count       f(x)        Step-size       optimality
   220         221      9.92524e-06              1       1.84e-05  
   221         222      9.86652e-06              1       1.78e-05  
   222         223      9.80525e-06              1       1.71e-05  
   223         224      9.74608e-06              1       1.89e-05  
   224         225      9.69164e-06              1       1.86e-05  
   225         226      9.64193e-06              1       1.92e-05  
   226         227      9.59426e-06              1       1.79e-05  
   227         228      9.54723e-06              1          2e-05  
   228         229      9.50053e-06              1       2.17e-05  
   229         230        9.455e-06              1       1.69e-05  
   230         231      9.41047e-06              1       1.46e-05  
   231         232      9.36649e-06              1       1.48e-05  
   232         233      9.32216e-06              1       1.69e-05  
   233         234      9.27831e-06              1       1.63e-05  
   234         235      9.23572e-06              1       1.78e-05  
   235         236      9.19582e-06              1        1.8e-05  
   236         237      9.15864e-06              1        1.4e-05  
   237         238      9.12378e-06              1       1.51e-05  
   238         239      9.09017e-06              1       1.43e-05  
   239         240      9.05839e-06              1       1.44e-05  
                                                        First-order 
 Iteration  Func-count       f(x)        Step-size       optimality
   240         241      9.02884e-06              1        1.3e-05  
   241         242      9.00207e-06              1       1.22e-05  
   242         243      8.97685e-06              1       1.26e-05  
   243         244      8.95244e-06              1       1.43e-05  
   244         245       8.9279e-06              1       1.74e-05  
   245         246      8.90382e-06              1       1.51e-05  
   246         247      8.88055e-06              1        1.1e-05  
   247         248      8.85876e-06              1       1.02e-05  
   248         249      8.83851e-06              1       1.09e-05  
   249         250      8.81958e-06              1       1.09e-05  
   250         251       8.8014e-06              1       1.11e-05  
   251         252      8.78383e-06              1       1.07e-05  
   252         253      8.76697e-06              1       1.01e-05  
   253         254      8.75065e-06              1       1.02e-05  
   254         255      8.73425e-06              1       9.65e-06  
   255         256      8.71727e-06              1       1.02e-05  
   256         257          8.7e-06              1       9.27e-06  
   257         258      8.68326e-06              1       9.57e-06  
   258         259      8.66751e-06              1       9.56e-06  
   259         260      8.65225e-06              1       1.03e-05  
                                                        First-order 
 Iteration  Func-count       f(x)        Step-size       optimality
   260         261       8.6367e-06              1       1.06e-05  
   261         262      8.62025e-06              1       1.01e-05  
   262         263      8.60285e-06              1       9.48e-06  
   263         264      8.58482e-06              1       1.05e-05  
   264         265      8.56671e-06              1        9.9e-06  
   265         266      8.54895e-06              1       1.22e-05  
   266         267      8.53172e-06              1       1.13e-05  
   267         268      8.51484e-06              1       1.11e-05  
   268         269      8.49825e-06              1       9.61e-06  
   269         270      8.48207e-06              1       1.11e-05  
   270         271      8.46638e-06              1       1.08e-05  
   271         272      8.45077e-06              1       1.08e-05  
   272         273      8.43487e-06              1       1.02e-05  
   273         274      8.41815e-06              1       1.18e-05  
   274         275      8.40058e-06              1       1.48e-05  
   275         276      8.38224e-06              1       1.18e-05  
   276         277      8.36409e-06              1       1.08e-05  
   277         278      8.34471e-06              1       1.06e-05  
   278         279      8.32449e-06              1       1.15e-05  
   279         280      8.30386e-06              1       1.29e-05  
                                                        First-order 
 Iteration  Func-count       f(x)        Step-size       optimality
   280         281      8.28338e-06              1       1.18e-05  
   281         282      8.26282e-06              1       1.26e-05  
   282         283      8.24194e-06              1       1.24e-05  
   283         284      8.22063e-06              1       1.36e-05  
   284         285      8.19892e-06              1       1.48e-05  
   285         286      8.17671e-06              1       1.58e-05  
   286         287      8.15362e-06              1       1.67e-05  
   287         288      8.12937e-06              1       1.77e-05  
   288         289      8.10381e-06              1       1.82e-05  
   289         290      8.07775e-06              1       1.89e-05  
   290         291      8.05138e-06              1       1.81e-05  
   291         292      8.02475e-06              1        1.8e-05  
   292         293      7.99448e-06              1       1.65e-05  
   293         294      7.96138e-06              1       1.53e-05  
   294         295      7.92874e-06              1       1.46e-05  
   295         296      7.89588e-06              1       1.32e-05  
   296         297      7.86363e-06              1       1.75e-05  
   297         298      7.83276e-06              1       1.58e-05  
   298         299      7.80156e-06              1       1.39e-05  
   299         300      7.76989e-06              1       1.43e-05  
                                                        First-order 
 Iteration  Func-count       f(x)        Step-size       optimality
   300         301      7.73697e-06              1       1.41e-05  
   301         302      7.70553e-06              1        1.4e-05  
   302         303      7.67506e-06              1       1.71e-05  
   303         304      7.64464e-06              1       1.44e-05  
   304         305       7.6092e-06              1       1.67e-05  
   305         306      7.57849e-06              1       1.36e-05  
   306         307      7.54368e-06              1        1.5e-05  
   307         308      7.51053e-06              1       1.37e-05  
   308         309      7.47958e-06              1       1.29e-05  
   309         310      7.45103e-06              1        1.4e-05  
   310         311      7.42272e-06              1       1.52e-05  
   311         312       7.3936e-06              1       1.58e-05  
   312         313      7.36254e-06              1       1.43e-05  
   313         314       7.3291e-06              1       1.49e-05  
   314         315      7.29262e-06              1       1.73e-05  
   315         316      7.25638e-06              1        2.3e-05  
   316         317      7.22189e-06              1        1.5e-05  
   317         318      7.19021e-06              1       1.67e-05  
   318         319      7.15749e-06              1       1.71e-05  
   319         320      7.12584e-06              1       1.77e-05  
                                                        First-order 
 Iteration  Func-count       f(x)        Step-size       optimality
   320         321      7.09502e-06              1       1.72e-05  
   321         322      7.06613e-06              1       1.54e-05  
   322         323      7.03721e-06              1       1.48e-05  
   323         324      7.00741e-06              1       1.38e-05  
   324         325      6.97627e-06              1       1.35e-05  
   325         326      6.94414e-06              1       1.54e-05  
   326         327      6.91105e-06              1       1.77e-05  
   327         328       6.8771e-06              1       1.48e-05  
   328         329      6.84426e-06              1       1.65e-05  
   329         330      6.81318e-06              1       1.89e-05  
   330         331      6.78324e-06              1        1.7e-05  
   331         332      6.75133e-06              1       1.32e-05  
   332         333      6.72299e-06              1       1.23e-05  
   333         334      6.69821e-06              1       1.15e-05  
   334         335       6.6759e-06              1       1.21e-05  
   335         336      6.65623e-06              1        9.6e-06  
   336         337       6.6382e-06              1       9.74e-06  
   337         338      6.62108e-06              1       9.02e-06  
   338         339      6.60428e-06              1       8.83e-06  
   339         340      6.58748e-06              1        9.7e-06  
                                                        First-order 
 Iteration  Func-count       f(x)        Step-size       optimality
   340         341      6.57123e-06              1       9.52e-06  
   341         342       6.5562e-06              1       9.05e-06  
   342         343      6.54273e-06              1       9.42e-06  
   343         344      6.53004e-06              1       8.62e-06  
   344         345      6.51762e-06              1       1.02e-05  
   345         346      6.50508e-06              1       1.03e-05  
   346         347      6.49256e-06              1       8.83e-06  
   347         348      6.47952e-06              1       1.03e-05  
   348         349      6.46593e-06              1        9.3e-06  
   349         350      6.45229e-06              1       9.75e-06  
   350         351       6.4396e-06              1       7.53e-06  
   351         352      6.42805e-06              1       8.11e-06  
   352         353      6.41715e-06              1       7.89e-06  
   353         354      6.40613e-06              1       8.53e-06  
   354         355      6.39478e-06              1       1.06e-05  
   355         356      6.38319e-06              1       1.14e-05  
   356         357      6.37191e-06              1       8.45e-06  
   357         358      6.36119e-06              1       8.83e-06  
   358         359      6.35122e-06              1       7.89e-06  
   359         360      6.34171e-06              1        7.1e-06  
                                                        First-order 
 Iteration  Func-count       f(x)        Step-size       optimality
   360         361      6.33277e-06              1       8.63e-06  
   361         362       6.3244e-06              1       7.85e-06  
   362         363      6.31662e-06              1       6.58e-06  
   363         364      6.30895e-06              1       6.66e-06  
   364         365      6.30103e-06              1       7.29e-06  
   365         366      6.29276e-06              1       7.44e-06  
   366         367      6.28464e-06              1       6.81e-06  
   367         368      6.27688e-06              1       6.14e-06  
   368         369      6.26959e-06              1       6.02e-06  
   369         370      6.26263e-06              1       5.46e-06  
   370         371      6.25607e-06              1       5.74e-06  
   371         372      6.24996e-06              1       5.61e-06  
   372         373      6.24421e-06              1       5.91e-06  
   373         374      6.23861e-06              1       6.22e-06  
   374         375      6.23296e-06              1       5.23e-06  
   375         376      6.22722e-06              1       5.08e-06  
   376         377      6.22138e-06              1       6.02e-06  
   377         378      6.21556e-06              1       5.52e-06  
   378         379      6.20982e-06              1       5.62e-06  
   379         380      6.20431e-06              1       6.53e-06  
                                                        First-order 
 Iteration  Func-count       f(x)        Step-size       optimality
   380         381      6.19897e-06              1       5.84e-06  
   381         382       6.1938e-06              1       5.53e-06  
   382         383      6.18879e-06              1       5.46e-06  
   383         384        6.184e-06              1        6.8e-06  
   384         385       6.1794e-06              1       6.97e-06  
   385         386      6.17496e-06              1       5.69e-06  
   386         387      6.17069e-06              1       6.36e-06  
   387         388       6.1667e-06              1       4.55e-06  
   388         389      6.16301e-06              1        5.2e-06  
   389         390      6.15949e-06              1       5.36e-06  
   390         391      6.15597e-06              1       4.79e-06  
   391         392       6.1524e-06              1       3.92e-06  
   392         393      6.14886e-06              1       3.64e-06  
   393         394      6.14551e-06              1       4.09e-06  
   394         395      6.14242e-06              1       3.95e-06  
   395         396      6.13962e-06              1       3.58e-06  
   396         397      6.13707e-06              1       3.51e-06  
   397         398      6.13473e-06              1       3.84e-06  
   398         399      6.13253e-06              1       4.57e-06  
   399         400       6.1304e-06              1       4.62e-06  
                                                        First-order 
 Iteration  Func-count       f(x)        Step-size       optimality
   400         401      6.12825e-06              1       3.91e-06  
   401         402      6.12606e-06              1       3.17e-06  
   402         403      6.12382e-06              1       4.12e-06  
   403         404      6.12161e-06              1       3.79e-06  
   404         405      6.11953e-06              1       3.43e-06  
   405         406      6.11761e-06              1        3.6e-06  
   406         407      6.11584e-06              1       2.96e-06  
   407         408      6.11417e-06              1        2.9e-06  
   408         409      6.11261e-06              1        2.8e-06  
   409         410      6.11116e-06              1       2.64e-06  
   410         411      6.10982e-06              1       2.75e-06  
   411         412      6.10857e-06              1       2.88e-06  
   412         413      6.10738e-06              1       2.43e-06  
   413         414      6.10618e-06              1       2.68e-06  
   414         415      6.10491e-06              1       2.72e-06  
   415         416       6.1036e-06              1       2.92e-06  
   416         417      6.10234e-06              1       2.88e-06  
   417         418       6.1012e-06              1       2.95e-06  
   418         419      6.10014e-06              1       2.58e-06  
   419         420      6.09907e-06              1       2.95e-06  
                                                        First-order 
 Iteration  Func-count       f(x)        Step-size       optimality
   420         421      6.09795e-06              1       2.59e-06  
   421         422      6.09684e-06              1       2.29e-06  
   422         423      6.09583e-06              1       2.32e-06  
   423         424      6.09492e-06              1       2.45e-06  
   424         425      6.09403e-06              1       2.41e-06  
   425         426      6.09312e-06              1       2.38e-06  
   426         427      6.09218e-06              1       2.25e-06  
   427         428      6.09124e-06              1       2.53e-06  
   428         429       6.0903e-06              1       2.81e-06  
   429         430      6.08937e-06              1       2.19e-06  
   430         431      6.08847e-06              1       2.01e-06  
   431         432       6.0876e-06              1       1.97e-06  
   432         433      6.08673e-06              1          2e-06  
   433         434      6.08585e-06              1       2.36e-06  
   434         435      6.08495e-06              1       2.48e-06  
   435         436      6.08409e-06              1       2.52e-06  
   436         437      6.08324e-06              1       2.19e-06  
   437         438      6.08238e-06              1       2.24e-06  
   438         439      6.08152e-06              1       2.01e-06  
   439         440      6.08066e-06              1       2.29e-06  
                                                        First-order 
 Iteration  Func-count       f(x)        Step-size       optimality
   440         441      6.07984e-06              1       2.63e-06  
   441         442      6.07906e-06              1       2.53e-06  
   442         443       6.0783e-06              1       2.09e-06  
   443         444      6.07758e-06              1       2.02e-06  
   444         445      6.07693e-06              1        1.9e-06  
   445         446      6.07633e-06              1       1.98e-06  
   446         447      6.07575e-06              1       1.73e-06  
   447         448      6.07517e-06              1       1.79e-06  
   448         449      6.07459e-06              1       1.71e-06  
   449         450      6.07401e-06              1        1.9e-06  
   450         451       6.0734e-06              1       1.78e-06  
   451         452      6.07275e-06              1       1.82e-06  
   452         453      6.07204e-06              1       1.82e-06  
   453         454       6.0713e-06              1       2.25e-06  
   454         455      6.07057e-06              1       2.18e-06  
   455         456      6.06986e-06              1       1.85e-06  
   456         457      6.06916e-06              1       1.78e-06  
   457         458      6.06848e-06              1       1.86e-06  
   458         459      6.06783e-06              1       2.19e-06  
   459         460      6.06721e-06              1       2.16e-06  
                                                        First-order 
 Iteration  Func-count       f(x)        Step-size       optimality
   460         461      6.06659e-06              1        2.2e-06  
   461         462      6.06594e-06              1       2.19e-06  
   462         463      6.06526e-06              1       2.17e-06  
   463         464      6.06455e-06              1       2.25e-06  
   464         465      6.06381e-06              1       2.29e-06  
   465         466      6.06307e-06              1       2.14e-06  
   466         467      6.06235e-06              1       2.06e-06  
   467         468      6.06166e-06              1       2.03e-06  
   468         469      6.06101e-06              1       1.75e-06  
   469         470       6.0604e-06              1       1.91e-06  
   470         471      6.05983e-06              1       1.86e-06  
   471         472      6.05928e-06              1       1.98e-06  
   472         473      6.05875e-06              1       1.56e-06  
   473         474      6.05823e-06              1       1.64e-06  
   474         475      6.05771e-06              1       2.11e-06  
   475         476      6.05716e-06              1       1.78e-06  
   476         477      6.05655e-06              1       1.91e-06  
   477         478      6.05591e-06              1       2.09e-06  
   478         479      6.05527e-06              1       1.86e-06  
   479         480      6.05466e-06              1        1.9e-06  
                                                        First-order 
 Iteration  Func-count       f(x)        Step-size       optimality
   480         481      6.05407e-06              1       2.21e-06  
   481         482      6.05348e-06              1       1.92e-06  
   482         483      6.05286e-06              1       1.76e-06  
   483         484       6.0522e-06              1       1.95e-06  
   484         485      6.05154e-06              1       2.15e-06  
   485         486      6.05088e-06              1       2.37e-06  
   486         487      6.05024e-06              1       1.88e-06  
   487         488      6.04959e-06              1       1.94e-06  
   488         489      6.04893e-06              1       1.81e-06  
   489         490      6.04827e-06              1       1.82e-06  
   490         491      6.04765e-06              1       2.12e-06  
   491         492      6.04709e-06              1       1.71e-06  
   492         493      6.04658e-06              1       1.85e-06  
   493         494      6.04608e-06              1       1.67e-06  
   494         495      6.04558e-06              1       1.79e-06  
   495         496      6.04507e-06              1       1.53e-06  
   496         497      6.04455e-06              1       1.67e-06  
   497         498      6.04404e-06              1       1.96e-06  
   498         499      6.04355e-06              1       2.03e-06  
   499         500      6.04306e-06              1       1.48e-06  
                                                        First-order 
 Iteration  Func-count       f(x)        Step-size       optimality
   500         501      6.04259e-06              1       1.55e-06  
   501         502      6.04212e-06              1       1.69e-06  
   502         503      6.04165e-06              1       1.67e-06  
   503         504       6.0412e-06              1       1.75e-06  
   504         505      6.04076e-06              1       1.76e-06  
   505         506      6.04034e-06              1       1.74e-06  
   506         507      6.03993e-06              1       1.75e-06  
   507         508      6.03953e-06              1       1.72e-06  
   508         509      6.03915e-06              1        1.6e-06  
   509         510      6.03878e-06              1       1.47e-06  
   510         511      6.03842e-06              1       1.42e-06  
   511         512      6.03807e-06              1       1.39e-06  
   512         513       6.0377e-06              1       1.25e-06  
   513         514      6.03733e-06              1       1.42e-06  
   514         515      6.03696e-06              1        1.7e-06  
   515         516      6.03661e-06              1       1.39e-06  
   516         517      6.03629e-06              1       1.35e-06  
   517         518      6.03598e-06              1       1.24e-06  
   518         519      6.03566e-06              1       1.37e-06  
   519         520      6.03534e-06              1       1.35e-06  
                                                        First-order 
 Iteration  Func-count       f(x)        Step-size       optimality
   520         521      6.03503e-06              1       1.49e-06  
   521         522      6.03474e-06              1       1.53e-06  
   522         523      6.03447e-06              1       1.42e-06  
   523         524      6.03419e-06              1       1.72e-06  
   524         525      6.03389e-06              1        1.6e-06  
   525         526      6.03358e-06              1        1.3e-06  
   526         527      6.03326e-06              1       1.32e-06  
   527         528      6.03292e-06              1        1.6e-06  
   528         529      6.03259e-06              1       1.38e-06  
   529         530      6.03225e-06              1       1.31e-06  
   530         531      6.03191e-06              1       1.49e-06  
   531         532      6.03157e-06              1       1.38e-06  
   532         533      6.03121e-06              1       1.48e-06  
   533         534      6.03085e-06              1       1.36e-06  
   534         535      6.03049e-06              1       1.39e-06  
   535         536      6.03014e-06              1       1.45e-06  
   536         537       6.0298e-06              1       1.63e-06  
   537         538      6.02947e-06              1       1.71e-06  
   538         539      6.02916e-06              1       1.46e-06  
   539         540      6.02888e-06              1       1.14e-06  
                                                        First-order 
 Iteration  Func-count       f(x)        Step-size       optimality
   540         541      6.02862e-06              1       1.33e-06  
   541         542      6.02839e-06              1       1.13e-06  
   542         543      6.02817e-06              1       1.11e-06  
   543         544      6.02795e-06              1       1.24e-06  
   544         545      6.02773e-06              1       1.14e-06  
   545         546      6.02751e-06              1       1.04e-06  
   546         547      6.02729e-06              1       1.13e-06  
   547         548      6.02708e-06              1       1.35e-06  
   548         549      6.02686e-06              1       1.35e-06  
   549         550      6.02665e-06              1       1.07e-06  
   550         551      6.02645e-06              1       9.32e-07  
   551         552      6.02627e-06              1       9.29e-07  
   552         553      6.02609e-06              1       9.72e-07  
   553         554      6.02592e-06              1       9.07e-07  
   554         555      6.02576e-06              1       9.85e-07  
   555         556       6.0256e-06              1       8.96e-07  
   556         557      6.02544e-06              1       1.01e-06  
   557         558      6.02527e-06              1       1.17e-06  
   558         559      6.02509e-06              1       1.03e-06  
   559         560      6.02492e-06              1       1.11e-06  
                                                        First-order 
 Iteration  Func-count       f(x)        Step-size       optimality
   560         561      6.02475e-06              1       1.16e-06  
   561         562      6.02457e-06              1       1.19e-06  
   562         563      6.02439e-06              1       1.34e-06  
   563         564       6.0242e-06              1       1.15e-06  
   564         565      6.02401e-06              1        1.1e-06  
   565         566      6.02382e-06              1       1.11e-06  
   566         567      6.02362e-06              1       1.16e-06  
   567         568      6.02342e-06              1       1.07e-06  
   568         569      6.02324e-06              1       1.15e-06  
   569         570      6.02306e-06              1       1.09e-06  
   570         571      6.02288e-06              1       1.08e-06  
   571         572      6.02268e-06              1       1.23e-06  
   572         573      6.02248e-06              1       1.05e-06  
   573         574      6.02228e-06              1       1.06e-06  
   574         575       6.0221e-06              1       1.17e-06  
   575         576      6.02193e-06              1       1.05e-06  
   576         577      6.02175e-06              1       9.87e-07  
   577         578      6.02156e-06              1       1.04e-06  
   578         579      6.02136e-06              1       1.23e-06  
   579         580      6.02116e-06              1       1.18e-06  
                                                        First-order 
 Iteration  Func-count       f(x)        Step-size       optimality
   580         581      6.02095e-06              1       1.22e-06  
   581         582      6.02075e-06              1       9.76e-07  
   582         583      6.02055e-06              1       9.62e-07  
   583         584      6.02036e-06              1       1.11e-06  
   584         585      6.02014e-06              1        1.2e-06  
   585         586       6.0199e-06              1       1.27e-06  
   586         587      6.01965e-06              1       1.17e-06  
   587         588      6.01942e-06              1       1.17e-06  
   588         589       6.0192e-06              1       1.23e-06  
   589         590      6.01898e-06              1       1.22e-06  
   590         591      6.01874e-06              1       1.38e-06  
   591         592       6.0185e-06              1       1.27e-06  
   592         593      6.01827e-06              1       1.06e-06  
   593         594      6.01807e-06              1        1.1e-06  
   594         595      6.01787e-06              1       1.11e-06  
   595         596      6.01768e-06              1       1.07e-06  
   596         597      6.01749e-06              1        1.1e-06  
   597         598       6.0173e-06              1       1.15e-06  
   598         599       6.0171e-06              1       1.19e-06  
   599         600      6.01689e-06              1       1.23e-06  
                                                        First-order 
 Iteration  Func-count       f(x)        Step-size       optimality
   600         601      6.01668e-06              1       1.27e-06  
   601         602      6.01645e-06              1       1.34e-06  
   602         603       6.0162e-06              1       1.29e-06  
   603         604      6.01594e-06              1       1.38e-06  
   604         605       6.0157e-06              1       1.38e-06  
   605         606      6.01546e-06              1       1.19e-06  
   606         607      6.01523e-06              1       1.16e-06  
   607         608      6.01499e-06              1       1.18e-06  
   608         609      6.01476e-06              1       1.41e-06  
   609         610      6.01452e-06              1       1.41e-06  
   610         611      6.01429e-06              1       1.31e-06  
   611         612      6.01404e-06              1       1.33e-06  
   612         613      6.01377e-06              1       1.19e-06  
   613         614      6.01349e-06              1       1.37e-06  
   614         615      6.01322e-06              1       1.17e-06  
   615         616      6.01297e-06              1       1.13e-06  
   616         617      6.01272e-06              1       1.14e-06  
   617         618      6.01249e-06              1       1.08e-06  
   618         619      6.01226e-06              1       9.98e-07  
   619         620      6.01204e-06              1       1.27e-06  
                                                        First-order 
 Iteration  Func-count       f(x)        Step-size       optimality
   620         621       6.0118e-06              1       1.25e-06  
   621         622      6.01156e-06              1       1.04e-06  
   622         623      6.01131e-06              1       1.18e-06  
   623         624      6.01108e-06              1       1.05e-06  
   624         625      6.01086e-06              1       1.11e-06  
   625         626      6.01065e-06              1       1.19e-06  
   626         627      6.01045e-06              1       1.11e-06  
   627         628      6.01026e-06              1        9.9e-07  
   628         629      6.01009e-06              1       8.74e-07  
   629         630      6.00991e-06              1       9.46e-07  
   630         631      6.00973e-06              1       1.12e-06  
   631         632      6.00952e-06              1       1.15e-06  
   632         633       6.0093e-06              1       1.27e-06  
   633         634      6.00907e-06              1       1.24e-06  
   634         635      6.00884e-06              1       1.17e-06  
   635         636      6.00861e-06              1       1.12e-06  
   636         637      6.00837e-06              1       1.08e-06  
   637         638      6.00815e-06              1       1.16e-06  
   638         639      6.00793e-06              1       1.28e-06  
   639         640      6.00772e-06              1       1.25e-06  
                                                        First-order 
 Iteration  Func-count       f(x)        Step-size       optimality
   640         641       6.0075e-06              1        1.2e-06  
   641         642      6.00728e-06              1       1.37e-06  
   642         643      6.00704e-06              1       1.22e-06  
   643         644      6.00681e-06              1       1.14e-06  
   644         645      6.00659e-06              1       1.15e-06  
   645         646      6.00637e-06              1       1.13e-06  
   646         647      6.00616e-06              1       1.13e-06  
   647         648      6.00594e-06              1       1.17e-06  
   648         649      6.00573e-06              1       1.26e-06  
   649         650      6.00551e-06              1       1.37e-06  
   650         651       6.0053e-06              1       1.46e-06  
   651         652      6.00508e-06              1       1.47e-06  
   652         653      6.00484e-06              1       1.37e-06  
   653         654       6.0046e-06              1       1.16e-06  
   654         655      6.00435e-06              1       1.17e-06  
   655         656      6.00412e-06              1       1.19e-06  
   656         657       6.0039e-06              1       1.14e-06  
   657         658      6.00369e-06              1       1.14e-06  
   658         659      6.00348e-06              1        1.1e-06  
   659         660      6.00329e-06              1       1.09e-06  
                                                        First-order 
 Iteration  Func-count       f(x)        Step-size       optimality
   660         661      6.00313e-06              1       1.03e-06  
   661         662      6.00297e-06              1       1.11e-06  
   662         663      6.00282e-06              1       1.04e-06  
   663         664      6.00266e-06              1       9.99e-07  
   664         665      6.00248e-06              1       1.04e-06  
   665         666       6.0023e-06              1       1.08e-06  
   666         667       6.0021e-06              1       9.92e-07  
   667         668      6.00189e-06              1       1.03e-06  
   668         669      6.00169e-06              1       1.15e-06  
   669         670       6.0015e-06              1       1.14e-06  
   670         671      6.00132e-06              1       1.17e-06  
   671         672      6.00113e-06              1       1.06e-06  
   672         673      6.00096e-06              1       9.22e-07  
   673         674      6.00079e-06              1       9.89e-07  
   674         675      6.00063e-06              1       1.08e-06  
   675         676      6.00049e-06              1       8.35e-07  
   676         677      6.00037e-06              1       8.37e-07  
   677         678      6.00025e-06              1       8.44e-07  
   678         679      6.00014e-06              1       7.48e-07  
   679         680      6.00002e-06              1       8.35e-07  
                                                        First-order 
 Iteration  Func-count       f(x)        Step-size       optimality
   680         681      5.99989e-06              1        9.7e-07  
   681         682      5.99976e-06              1       9.43e-07  
   682         683      5.99963e-06              1       8.52e-07  
   683         684       5.9995e-06              1       8.43e-07  
   684         685      5.99936e-06              1       9.42e-07  
   685         686      5.99923e-06              1       8.82e-07  
   686         687      5.99909e-06              1        8.1e-07  
   687         688      5.99896e-06              1       9.67e-07  
   688         689      5.99882e-06              1       8.94e-07  
   689         690      5.99868e-06              1          1e-06  
   690         691      5.99853e-06              1        1.2e-06  
   691         692      5.99838e-06              1       1.06e-06  
   692         693      5.99821e-06              1       1.14e-06  
   693         694      5.99806e-06              1       1.11e-06  
   694         695       5.9979e-06              1       8.69e-07  
   695         696      5.99776e-06              1       8.83e-07  
   696         697      5.99761e-06              1       9.65e-07  
   697         698      5.99748e-06              1       1.04e-06  
   698         699      5.99735e-06              1        9.9e-07  
   699         700      5.99722e-06              1       8.76e-07  
                                                        First-order 
 Iteration  Func-count       f(x)        Step-size       optimality
   700         701      5.99709e-06              1       9.67e-07  
   701         702      5.99694e-06              1       9.17e-07  
   702         703      5.99679e-06              1       9.88e-07  
   703         704      5.99664e-06              1       1.02e-06  
   704         705      5.99647e-06              1       9.42e-07  
   705         706      5.99629e-06              1       1.13e-06  
   706         707       5.9961e-06              1       1.33e-06  
   707         708      5.99591e-06              1       1.24e-06  
   708         709      5.99573e-06              1       1.14e-06  
   709         710      5.99555e-06              1        9.6e-07  
   710         711      5.99537e-06              1       1.04e-06  
   711         712      5.99518e-06              1       9.53e-07  
   712         713      5.99499e-06              1       1.08e-06  
   713         714      5.99479e-06              1       1.14e-06  
   714         715      5.99458e-06              1       1.09e-06  
   715         716      5.99437e-06              1        1.2e-06  
   716         717      5.99416e-06              1       1.28e-06  
   717         718      5.99392e-06              1       1.46e-06  
   718         719      5.99367e-06              1       1.43e-06  
   719         720       5.9934e-06              1       1.16e-06  
                                                        First-order 
 Iteration  Func-count       f(x)        Step-size       optimality
   720         721      5.99314e-06              1       1.29e-06  
   721         722      5.99289e-06              1       1.28e-06  
   722         723      5.99264e-06              1       1.09e-06  
   723         724      5.99239e-06              1       1.25e-06  
   724         725      5.99212e-06              1       1.28e-06  
   725         726      5.99186e-06              1       1.41e-06  
   726         727      5.99159e-06              1       1.52e-06  
   727         728      5.99133e-06              1       1.57e-06  
   728         729      5.99107e-06              1       1.55e-06  
   729         730       5.9908e-06              1        1.5e-06  
   730         731      5.99052e-06              1       1.46e-06  
   731         732      5.99023e-06              1       1.52e-06  
   732         733       5.9899e-06              1       1.56e-06  
   733         734      5.98955e-06              1       1.73e-06  
   734         735      5.98918e-06              1       1.97e-06  
   735         736      5.98881e-06              1        2.2e-06  
   736         737      5.98844e-06              1        2.4e-06  
   737         738      5.98806e-06              1       2.52e-06  
   738         739      5.98766e-06              1       2.57e-06  
   739         740      5.98722e-06              1       2.55e-06  
                                                        First-order 
 Iteration  Func-count       f(x)        Step-size       optimality
   740         741      5.98674e-06              1       2.54e-06  
   741         742      5.98625e-06              1       2.58e-06  
   742         743      5.98574e-06              1        2.7e-06  
   743         744       5.9852e-06              1       2.88e-06  
   744         745      5.98462e-06              1        3.1e-06  
   745         746      5.98397e-06              1       3.29e-06  
   746         747      5.98323e-06              1       3.45e-06  
   747         748      5.98237e-06              1        3.5e-06  
   748         749      5.98139e-06              1       3.56e-06  
   749         750      5.98032e-06              1       3.42e-06  
   750         751      5.97918e-06              1       3.66e-06  
   751         752      5.97803e-06              1       3.48e-06  
   752         753      5.97673e-06              1       3.83e-06  
   753         754      5.97531e-06              1       3.94e-06  
   754         755      5.97384e-06              1       4.33e-06  
   755         756      5.97243e-06              1       4.29e-06  
   756         757      5.97101e-06              1       4.34e-06  
   757         758      5.96975e-06              1       3.79e-06  
   758         759      5.96855e-06              1       3.72e-06  
   759         760       5.9674e-06              1       2.94e-06  
                                                        First-order 
 Iteration  Func-count       f(x)        Step-size       optimality
   760         761      5.96612e-06              1       3.04e-06  
   761         762      5.96473e-06              1       2.88e-06  
   762         763      5.96335e-06              1       3.16e-06  
   763         764      5.96211e-06              1       3.31e-06  
   764         765      5.96089e-06              1       3.39e-06  
   765         766      5.95973e-06              1       3.23e-06  
   766         767      5.95859e-06              1       2.87e-06  
   767         768      5.95749e-06              1       2.88e-06  
   768         769      5.95642e-06              1       2.46e-06  
   769         770      5.95539e-06              1       2.36e-06  
   770         771       5.9544e-06              1       2.56e-06  
   771         772      5.95343e-06              1       2.13e-06  
   772         773       5.9525e-06              1       2.08e-06  
   773         774      5.95161e-06              1       2.37e-06  
   774         775      5.95079e-06              1       2.27e-06  
   775         776         5.95e-06              1       2.22e-06  
   776         777      5.94924e-06              1       1.94e-06  
   777         778       5.9485e-06              1       1.98e-06  
   778         779      5.94781e-06              1       1.84e-06  
   779         780      5.94714e-06              1       1.66e-06  
                                                        First-order 
 Iteration  Func-count       f(x)        Step-size       optimality
   780         781      5.94652e-06              1        1.9e-06  
   781         782      5.94594e-06              1       1.71e-06  
   782         783      5.94538e-06              1       1.78e-06  
   783         784      5.94483e-06              1       1.66e-06  
   784         785      5.94427e-06              1       1.56e-06  
   785         786      5.94373e-06              1       1.64e-06  
   786         787      5.94324e-06              1       1.76e-06  
   787         788      5.94279e-06              1       1.59e-06  
   788         789      5.94237e-06              1       1.68e-06  
   789         790      5.94196e-06              1       1.72e-06  
   790         791       5.9416e-06              1       1.59e-06  
   791         792      5.94129e-06              1       1.35e-06  
   792         793      5.94103e-06              1       1.26e-06  
   793         794       5.9408e-06              1       1.18e-06  
   794         795      5.94057e-06              1       1.13e-06  
   795         796      5.94035e-06              1       1.09e-06  
   796         797      5.94015e-06              1       9.97e-07  
   797         798      5.93995e-06              1       1.18e-06  
   798         799      5.93976e-06              1       8.98e-07  
   799         800      5.93957e-06              1       9.44e-07  
                                                        First-order 
 Iteration  Func-count       f(x)        Step-size       optimality
   800         801       5.9394e-06              1       1.04e-06  
   801         802      5.93923e-06              1       9.41e-07  
   802         803      5.93907e-06              1       9.04e-07  
   803         804      5.93893e-06              1       8.22e-07  
   804         805      5.93879e-06              1        9.8e-07  
   805         806      5.93867e-06              1       9.27e-07  
   806         807      5.93855e-06              1       7.28e-07  
   807         808      5.93844e-06              1       7.11e-07  
   808         809      5.93834e-06              1       7.39e-07  
   809         810      5.93824e-06              1       7.98e-07  
   810         811      5.93816e-06              1       9.22e-07  
   811         812      5.93807e-06              1        7.1e-07  
   812         813        5.938e-06              1       5.53e-07  
   813         814      5.93794e-06              1       5.84e-07  
   814         815      5.93788e-06              1       5.23e-07  
   815         816      5.93782e-06              1       5.95e-07  
   816         817      5.93776e-06              1       6.25e-07  
   817         818      5.93771e-06              1       5.87e-07  
   818         819      5.93766e-06              1       5.54e-07  
   819         820       5.9376e-06              1          6e-07  
                                                        First-order 
 Iteration  Func-count       f(x)        Step-size       optimality
   820         821      5.93755e-06              1       5.08e-07  
   821         822      5.93751e-06              1       4.83e-07  
   822         823      5.93747e-06              1       4.59e-07  
   823         824      5.93744e-06              1       4.07e-07  
   824         825       5.9374e-06              1       4.23e-07  
   825         826      5.93737e-06              1       3.78e-07  
   826         827      5.93734e-06              1       4.53e-07  
   827         828      5.93731e-06              1       4.17e-07  
   828         829      5.93729e-06              1       4.22e-07  
   829         830      5.93726e-06              1       5.26e-07  
   830         831      5.93723e-06              1       4.88e-07  
   831         832      5.93719e-06              1        4.6e-07  
   832         833      5.93716e-06              1       5.21e-07  
   833         834      5.93713e-06              1       4.38e-07  
   834         835       5.9371e-06              1       3.81e-07  
   835         836      5.93707e-06              1       3.76e-07  
   836         837      5.93704e-06              1       3.89e-07  
   837         838      5.93702e-06              1       3.64e-07  
   838         839        5.937e-06              1       3.08e-07  
   839         840      5.93698e-06              1       3.09e-07  
                                                        First-order 
 Iteration  Func-count       f(x)        Step-size       optimality
   840         841      5.93696e-06              1       3.03e-07  
   841         842      5.93694e-06              1       3.14e-07  
   842         843      5.93693e-06              1       3.18e-07  
   843         844      5.93691e-06              1       3.63e-07  
   844         845       5.9369e-06              1       3.31e-07  
   845         846      5.93689e-06              1        2.6e-07  
   846         847      5.93688e-06              1       2.39e-07  
   847         848      5.93687e-06              1       2.39e-07  
   848         849      5.93686e-06              1       2.23e-07  
   849         850      5.93685e-06              1        2.2e-07  
   850         851      5.93684e-06              1       2.67e-07  
   851         852      5.93683e-06              1        2.6e-07  
   852         853      5.93682e-06              1       3.09e-07  
   853         854      5.93681e-06              1        2.6e-07  
   854         855       5.9368e-06              1       2.28e-07  
   855         856      5.93679e-06              1       2.49e-07  
   856         857      5.93678e-06              1       2.42e-07  
   857         858      5.93677e-06              1       2.54e-07  
   858         859      5.93676e-06              1       2.84e-07  
   859         860      5.93675e-06              1       2.69e-07  
                                                        First-order 
 Iteration  Func-count       f(x)        Step-size       optimality
   860         861      5.93674e-06              1       2.85e-07  
   861         862      5.93673e-06              1       2.69e-07  
   862         863      5.93672e-06              1       2.55e-07  
   863         864      5.93671e-06              1       3.04e-07  
   864         865       5.9367e-06              1       2.49e-07  
   865         866      5.93669e-06              1       1.95e-07  
   866         867      5.93668e-06              1       1.96e-07  
   867         868      5.93668e-06              1       1.83e-07  
   868         869      5.93667e-06              1       2.22e-07  
   869         870      5.93666e-06              1       2.09e-07  
   870         871      5.93665e-06              1        2.5e-07  
   871         872      5.93664e-06              1       2.29e-07  
   872         873      5.93664e-06              1       2.59e-07  
   873         874      5.93663e-06              1       2.47e-07  
   874         875      5.93662e-06              1       2.04e-07  
   875         876      5.93661e-06              1       2.19e-07  
   876         877       5.9366e-06              1       2.48e-07  
   877         878       5.9366e-06              1       2.04e-07  
   878         879      5.93659e-06              1       1.88e-07  
   879         880      5.93658e-06              1       2.32e-07  
                                                        First-order 
 Iteration  Func-count       f(x)        Step-size       optimality
   880         881      5.93658e-06              1       1.95e-07  
   881         882      5.93657e-06              1       1.91e-07  
   882         883      5.93656e-06              1       1.96e-07  
   883         884      5.93656e-06              1       2.09e-07  
   884         885      5.93655e-06              1       2.54e-07  
   885         886      5.93654e-06              1       2.14e-07  
   886         887      5.93654e-06              1       1.86e-07  
   887         888      5.93653e-06              1       1.73e-07  
   888         889      5.93653e-06              1       1.73e-07  
   889         890      5.93652e-06              1       1.79e-07  
   890         891      5.93651e-06              1       1.85e-07  
   891         892      5.93651e-06              1       1.95e-07  
   892         893       5.9365e-06              1       2.15e-07  
   893         894       5.9365e-06              1       2.35e-07  
   894         895      5.93649e-06              1       2.49e-07  
   895         896      5.93648e-06              1       1.89e-07  
   896         897      5.93648e-06              1       1.72e-07  
   897         898      5.93647e-06              1       1.66e-07  
   898         899      5.93647e-06              1       1.77e-07  
   899         900      5.93646e-06              1       1.93e-07  
                                                        First-order 
 Iteration  Func-count       f(x)        Step-size       optimality
   900         901      5.93645e-06              1       2.03e-07  
   901         902      5.93645e-06              1       1.98e-07  
   902         903      5.93644e-06              1       2.07e-07  
   903         904      5.93643e-06              1       1.74e-07  
   904         905      5.93643e-06              1       1.84e-07  
   905         906      5.93642e-06              1        1.8e-07  
   906         907      5.93642e-06              1       1.72e-07  
   907         908      5.93641e-06              1       2.11e-07  
   908         909      5.93641e-06              1       2.03e-07  
   909         910       5.9364e-06              1       1.88e-07  
   910         911      5.93639e-06              1       2.19e-07  
   911         912      5.93639e-06              1       1.76e-07  
   912         913      5.93638e-06              1       1.96e-07  
   913         914      5.93637e-06              1       2.07e-07  
   914         915      5.93637e-06              1       2.21e-07  
   915         916      5.93636e-06              1       1.85e-07  
   916         917      5.93635e-06              1       1.75e-07  
   917         918      5.93635e-06              1       1.72e-07  
   918         919      5.93634e-06              1       1.59e-07  
   919         920      5.93634e-06              1       1.49e-07  
                                                        First-order 
 Iteration  Func-count       f(x)        Step-size       optimality
   920         921      5.93634e-06              1       1.48e-07  
   921         922      5.93633e-06              1       1.59e-07  
   922         923      5.93633e-06              1       1.65e-07  
   923         924      5.93632e-06              1       1.62e-07  
   924         925      5.93632e-06              1       1.61e-07  
   925         926      5.93632e-06              1        1.3e-07  
   926         927      5.93631e-06              1       1.38e-07  
   927         928      5.93631e-06              1       1.32e-07  
   928         929      5.93631e-06              1       1.37e-07  
   929         930       5.9363e-06              1       1.39e-07  
   930         931       5.9363e-06              1       1.41e-07  
   931         932       5.9363e-06              1        1.6e-07  
   932         933      5.93629e-06              1       1.53e-07  
   933         934      5.93629e-06              1       1.37e-07  
   934         935      5.93629e-06              1       1.36e-07  
   935         936      5.93628e-06              1       1.46e-07  
   936         937      5.93628e-06              1        1.4e-07  
   937         938      5.93628e-06              1       1.27e-07  
   938         939      5.93628e-06              1       1.16e-07  
   939         940      5.93627e-06              1       1.31e-07  
                                                        First-order 
 Iteration  Func-count       f(x)        Step-size       optimality
   940         941      5.93627e-06              1       1.58e-07  
   941         942      5.93627e-06              1       1.66e-07  
   942         943      5.93626e-06              1       1.43e-07  
   943         944      5.93626e-06              1       1.52e-07  
   944         945      5.93626e-06              1       1.64e-07  
   945         946      5.93625e-06              1       1.76e-07  
   946         947      5.93625e-06              1       1.45e-07  
   947         948      5.93624e-06              1       1.58e-07  
   948         949      5.93624e-06              1       1.59e-07  
   949         950      5.93624e-06              1       1.31e-07  
   950         951      5.93623e-06              1       1.38e-07  
   951         952      5.93623e-06              1       1.94e-07  
   952         953      5.93622e-06              1       1.83e-07  
   953         954      5.93622e-06              1       1.27e-07  
   954         955      5.93622e-06              1       1.48e-07  
   955         956      5.93621e-06              1       1.58e-07  
   956         957      5.93621e-06              1       2.32e-07  
   957         958       5.9362e-06              1       2.25e-07  
   958         959       5.9362e-06              1       1.73e-07  
   959         960      5.93619e-06              1       1.59e-07  
                                                        First-order 
 Iteration  Func-count       f(x)        Step-size       optimality
   960         961      5.93619e-06              1       1.67e-07  
   961         962      5.93618e-06              1       1.94e-07  
   962         963      5.93618e-06              1       1.93e-07  
   963         964      5.93617e-06              1       1.85e-07  
   964         965      5.93617e-06              1       1.57e-07  
   965         966      5.93616e-06              1       1.66e-07  
   966         967      5.93616e-06              1       1.74e-07  
   967         968      5.93615e-06              1       1.88e-07  
   968         969      5.93615e-06              1       1.75e-07  
   969         970      5.93614e-06              1       1.85e-07  
   970         971      5.93614e-06              1       1.79e-07  
   971         972      5.93613e-06              1       1.81e-07  
   972         973      5.93613e-06              1        1.7e-07  
   973         974      5.93612e-06              1       1.66e-07  
   974         975      5.93612e-06              1        1.7e-07  
   975         976      5.93612e-06              1       1.59e-07  
   976         977      5.93611e-06              1       1.61e-07  
   977         978      5.93611e-06              1        1.6e-07  
   978         979       5.9361e-06              1        1.6e-07  
   979         980       5.9361e-06              1       1.64e-07  
                                                        First-order 
 Iteration  Func-count       f(x)        Step-size       optimality
   980         981      5.93609e-06              1       1.53e-07  
   981         982      5.93609e-06              1        1.4e-07  
   982         983      5.93608e-06              1       1.41e-07  
   983         984      5.93608e-06              1       1.45e-07  
   984         985      5.93607e-06              1       1.45e-07  
   985         986      5.93607e-06              1        1.9e-07  
   986         987      5.93607e-06              1       1.77e-07  
   987         988      5.93606e-06              1       1.36e-07  
   988         989      5.93606e-06              1       1.38e-07  
   989         990      5.93605e-06              1       1.63e-07  
   990         991      5.93605e-06              1       1.52e-07  
   991         992      5.93605e-06              1       1.41e-07  
   992         993      5.93604e-06              1       1.73e-07  
   993         994      5.93604e-06              1       1.72e-07  
   994         995      5.93604e-06              1       1.26e-07  
   995         996      5.93603e-06              1       1.35e-07  
   996         997      5.93603e-06              1       1.46e-07  
   997         998      5.93603e-06              1       1.38e-07  
   998         999      5.93602e-06              1       1.45e-07  
   999        1000      5.93602e-06              1       1.25e-07  
                                                        First-order 
 Iteration  Func-count       f(x)        Step-size       optimality
  1000        1001      5.93602e-06              1        1.5e-07  
  1001        1002      5.93601e-06              1       1.29e-07  
  1002        1003      5.93601e-06              1       1.43e-07  
  1003        1004      5.93601e-06              1       1.52e-07  
  1004        1005        5.936e-06              1        1.3e-07  
  1005        1006        5.936e-06              1       1.16e-07  
  1006        1007        5.936e-06              1       1.13e-07  
  1007        1008      5.93599e-06              1       1.41e-07  
  1008        1009      5.93599e-06              1       1.47e-07  
  1009        1010      5.93599e-06              1       1.54e-07  
  1010        1011      5.93598e-06              1       1.69e-07  
  1011        1012      5.93598e-06              1       1.65e-07  
  1012        1013      5.93598e-06              1       1.46e-07  
  1013        1014      5.93597e-06              1       1.17e-07  
  1014        1015      5.93597e-06              1       1.33e-07  
  1015        1016      5.93597e-06              1       1.66e-07  
  1016        1017      5.93596e-06              1        1.5e-07  
  1017        1018      5.93596e-06              1       1.23e-07  
  1018        1019      5.93596e-06              1       1.04e-07  
  1019        1020      5.93596e-06              1        1.2e-07  
                                                        First-order 
 Iteration  Func-count       f(x)        Step-size       optimality
  1020        1021      5.93596e-06              1       1.36e-07  
  1021        1022      5.93595e-06              1       1.29e-07  
  1022        1023      5.93595e-06              1       1.05e-07  
  1023        1024      5.93595e-06              1        1.1e-07  
  1024        1025      5.93595e-06              1       1.04e-07  
  1025        1026      5.93595e-06              1       1.05e-07  
  1026        1027      5.93594e-06              1       8.87e-08  

Optimization completed: The <a href = "matlab: helpview([docroot '/toolbox/optim/msg_csh/optim_msg_csh.map'],'first_order_opt_unc','CSHelpWindow');">first-order optimality measure</a>, 8.606756e-08, is less 
than <a href = "matlab: helpview([docroot '/toolbox/optim/msg_csh/optim_msg_csh.map'],'tolfun','CSHelpWindow');">options.TolFun</a> = 1.000000e-07.

Optimization Metric                                            Options
relative norm(gradient) =   8.61e-08                  TolFun =   1e-07 (selected)

