flow iter#1; |dv| = 4.92506
flow iter#2; |dv| = 1.23732
flow iter#3; |dv| = 1.49235
flow iter#4; |dv| = 1.96522
flow iter#5; |dv| = 1.60902
flow iter#6; |dv| = 0.88346
flow iter#7; |dv| = 0.254792
flow iter#8; |dv| = 0.26152
flow iter#9; |dv| = 0.369201
flow iter#10; |dv| = 0.312229
flow iter#11; |dv| = 0.186444
flow iter#12; |dv| = 0.0692117
flow iter#13; |dv| = 0.0292212
flow iter#14; |dv| = 0.053682
flow iter#15; |dv| = 0.0524809
flow iter#16; |dv| = 0.0356872
flow iter#17; |dv| = 0.0166984
flow iter#18; |dv| = 0.00614212
flow iter#19; |dv| = 0.00883343
flow iter#20; |dv| = 0.00980038
flow iter#21; |dv| = 0.0080425
flow iter#22; |dv| = 0.00586178
flow iter#23; |dv| = 0.00487326
                                                        First-order 
 Iteration  Func-count       f(x)        Step-size       optimality
     0           1        0.0529843                       0.00246
     1           4        0.0274845             91        0.00121  
     2           6        0.0123172       0.486061        0.00105  
     3           7       0.00149248              1       0.000226  
     4           8      0.000833948              1        0.00105  
     5           9       0.00010297              1       5.35e-05  
     6          10      6.12435e-05              1       3.59e-05  
     7          11      5.30169e-05              1       2.37e-05  
     8          12      4.97133e-05              1       3.69e-05  
     9          13      4.10575e-05              1          4e-05  
    10          14      2.62793e-05              1        0.00021  
    11          15      1.46871e-05              1       1.81e-05  
    12          16      1.20734e-05              1          1e-05  
    13          17      1.11824e-05              1       1.18e-05  
    14          18      1.10107e-05              1       3.08e-06  
    15          19      1.09458e-05              1       2.95e-06  
    16          20      1.09145e-05              1       3.02e-06  
    17          21      1.08594e-05              1       1.01e-05  
    18          22      1.07965e-05              1       4.86e-06  
    19          23      1.06587e-05              1       5.47e-06  
                                                        First-order 
 Iteration  Func-count       f(x)        Step-size       optimality
    20          24      1.05756e-05              1        4.3e-06  
    21          25      1.05176e-05              1       4.63e-06  
    22          26      1.04409e-05              1       3.41e-06  
    23          27      1.03649e-05              1       4.15e-06  
    24          28      1.02643e-05              1       3.52e-06  
    25          30      1.01225e-05       0.672546       1.23e-05  
    26          31      1.00006e-05              1        1.1e-05  
    27          32      9.57371e-06              1       5.73e-06  
    28          33       9.3855e-06              1       8.68e-06  
    29          34      8.77961e-06              1       1.04e-05  
    30          35      8.63789e-06              1       4.16e-06  
    31          36      8.61514e-06              1        6.1e-06  
    32          37       8.5604e-06              1       2.45e-06  
    33          38      8.54364e-06              1       3.22e-06  
    34          39      8.45864e-06              1       4.83e-06  
    35          40      8.40653e-06              1       5.82e-06  
    36          41      8.28414e-06              1       1.06e-05  
    37          42      8.06646e-06              1       1.26e-05  
    38          44      7.60448e-06       0.705677       1.88e-05  
    39          46      7.18845e-06            0.5        4.9e-05  
                                                        First-order 
 Iteration  Func-count       f(x)        Step-size       optimality
    40          47      6.30081e-06              1       8.49e-06  
    41          49      5.89988e-06       0.460267       5.93e-05  
    42          50      5.20465e-06              1       9.47e-05  
    43          51      4.66124e-06              1       6.64e-06  
    44          52      4.08831e-06              1       3.02e-05  
    45          53       3.6755e-06              1       4.38e-05  
    46          54      3.33767e-06              1       2.14e-05  
    47          55      3.16181e-06              1       1.61e-05  
    48          56      3.11085e-06              1       1.52e-05  
    49          58      3.08555e-06            0.5       1.31e-05  
    50          59      3.04572e-06              1       4.09e-06  
    51          60       2.9616e-06              1       6.79e-06  
    52          63      2.80419e-06       0.199341       3.01e-05  
    53          64      2.58352e-06              1       5.88e-05  
    54          65      2.32009e-06              1       9.78e-06  
    55          67       2.0752e-06       0.494386       5.05e-05  
    56          68      1.91825e-06              1       9.92e-06  
    57          69      1.73917e-06              1       6.89e-06  
    58          71      1.30179e-06       0.640233       9.23e-05  
    59          72      1.06653e-06              1       3.62e-05  
                                                        First-order 
 Iteration  Func-count       f(x)        Step-size       optimality
    60          73      7.59988e-07              1       0.000147  
    61          74      6.27672e-07              1       7.98e-05  
    62          75      2.18086e-07              1       1.15e-05  
    63          76      1.24357e-07              1       7.16e-05  
    64          77      6.24314e-08              1       5.42e-06  
    65          78      1.43998e-08              1        5.3e-06  
    66          79      3.19056e-09              1       8.47e-06  
    67          80      8.73318e-10              1       1.37e-06  
    68          81      2.20533e-10              1       1.51e-06  
    69          82      1.23287e-11              1       6.37e-07  
    70          83      6.79001e-13              1        5.6e-08  
    71          84      1.80538e-14              1       3.22e-09  
    72          85      6.50415e-16              1       5.79e-09  
    73          86      7.86551e-18              1        3.4e-10  
    74          87      2.39201e-20              1        9.7e-12  

Optimization completed: The <a href = "matlab: helpview([docroot '/toolbox/optim/msg_csh/optim_msg_csh.map'],'first_order_opt_unc','CSHelpWindow');">first-order optimality measure</a>, 9.671976e-12, is less 
than <a href = "matlab: helpview([docroot '/toolbox/optim/msg_csh/optim_msg_csh.map'],'tolfun','CSHelpWindow');">options.TolFun</a> = 1.000000e-10.

Optimization Metric                                            Options
relative norm(gradient) =   9.67e-12                  TolFun =   1e-10 (selected)

                                                        First-order 
 Iteration  Func-count       f(x)        Step-size       optimality
     0           1         0.241108                        0.0714
     1           2         0.176703              1          0.039  
     2           3         0.142457              1          0.247  
     3           4         0.100525              1         0.0678  
     4           5        0.0747575              1         0.0526  
     5           6        0.0542567              1         0.0323  
     6           7        0.0410833              1         0.0311  
     7           8        0.0346264              1         0.0279  
     8           9        0.0296133              1         0.0111  
     9          10          0.02628              1         0.0106  
    10          11        0.0232725              1        0.00587  
    11          12        0.0212246              1        0.00643  
    12          13        0.0190479              1        0.00666  
    13          14        0.0168721              1         0.0054  
    14          15        0.0147195              1        0.00525  
    15          16         0.012904              1        0.00476  
    16          17        0.0113284              1        0.00724  
    17          18       0.00982801              1        0.00592  
    18          19       0.00857404              1        0.00395  
    19          20       0.00744488              1        0.00465  
                                                        First-order 
 Iteration  Func-count       f(x)        Step-size       optimality
    20          21       0.00646079              1        0.00375  
    21          22       0.00553994              1        0.00353  
    22          23       0.00477525              1        0.00548  
    23          24       0.00405497              1        0.00453  
    24          25        0.0034831              1        0.00491  
    25          26       0.00302304              1        0.00272  
    26          27       0.00271503              1        0.00142  
    27          28       0.00237515              1        0.00144  
    28          29       0.00213003              1        0.00161  
    29          30       0.00193862              1        0.00158  
    30          31       0.00176805              1         0.0013  
    31          32       0.00162491              1       0.000963  
    32          33       0.00150681              1       0.000844  
    33          34       0.00140403              1       0.000832  
    34          35       0.00130774              1       0.000857  
    35          36       0.00121154              1        0.00101  
    36          37       0.00112298              1       0.000881  
    37          38       0.00104688              1       0.000765  
    38          39      0.000983943              1       0.000876  
    39          40      0.000926998              1       0.000779  
                                                        First-order 
 Iteration  Func-count       f(x)        Step-size       optimality
    40          41      0.000872795              1       0.000773  
    41          42       0.00081882              1       0.000737  
    42          43      0.000769761              1       0.000638  
    43          44      0.000722628              1       0.000537  
    44          45      0.000678843              1       0.000518  
    45          46      0.000638414              1       0.000525  
    46          47      0.000604169              1       0.000608  
    47          48      0.000573118              1       0.000714  
    48          49      0.000543403              1       0.000781  
    49          50      0.000511564              1        0.00054  
    50          51      0.000479881              1       0.000457  
    51          52      0.000449851              1       0.000392  
    52          53      0.000426562              1       0.000419  
    53          54      0.000407035              1       0.000359  
    54          55      0.000391432              1       0.000359  
    55          56      0.000376388              1       0.000321  
    56          57      0.000363045              1        0.00029  
    57          58      0.000349955              1       0.000368  
    58          59      0.000337958              1       0.000413  
    59          60      0.000326464              1       0.000435  
                                                        First-order 
 Iteration  Func-count       f(x)        Step-size       optimality
    60          61      0.000315834              1       0.000391  
    61          62      0.000305389              1       0.000259  
    62          63      0.000295256              1       0.000279  
    63          64      0.000284805              1       0.000292  
    64          65      0.000274808              1       0.000284  
    65          66      0.000265431              1       0.000294  
    66          67      0.000257451              1       0.000278  
    67          68      0.000250037              1        0.00021  
    68          69      0.000243309              1       0.000219  
    69          70      0.000236516              1       0.000204  
    70          71      0.000229955              1       0.000215  
    71          72      0.000223104              1       0.000196  
    72          73      0.000216313              1       0.000186  
    73          74      0.000209625              1        0.00021  
    74          75      0.000203699              1       0.000218  
    75          76      0.000198085              1       0.000204  
    76          77      0.000192701              1       0.000185  
    77          78       0.00018715              1       0.000199  
    78          79      0.000181847              1       0.000196  
    79          80      0.000176493              1       0.000157  
                                                        First-order 
 Iteration  Func-count       f(x)        Step-size       optimality
    80          81       0.00017161              1       0.000166  
    81          82      0.000167092              1       0.000151  
    82          83      0.000163268              1       0.000141  
    83          84      0.000159824              1       0.000181  
    84          85      0.000156559              1       0.000184  
    85          86      0.000153096              1       0.000141  
    86          87      0.000149581              1       0.000155  
    87          88       0.00014622              1       0.000143  
    88          89      0.000143185              1       0.000127  
    89          90      0.000140308              1       0.000118  
    90          91      0.000137508              1       0.000134  
    91          92       0.00013468              1       0.000142  
    92          93      0.000131956              1       0.000144  
    93          94      0.000129256              1       0.000152  
    94          95      0.000126704              1       0.000163  
    95          96      0.000124179              1       0.000146  
    96          97      0.000121779              1       0.000134  
    97          98       0.00011937              1       0.000134  
    98          99      0.000117084              1       0.000122  
    99         100      0.000114908              1       0.000123  
                                                        First-order 
 Iteration  Func-count       f(x)        Step-size       optimality
   100         101      0.000112895              1       0.000131  
   101         102      0.000110945              1       0.000139  
   102         103       0.00010908              1       0.000136  
   103         104       0.00010732              1       0.000131  
   104         105      0.000105722              1       0.000115  
   105         106       0.00010423              1       0.000108  
   106         107       0.00010282              1       9.62e-05  
   107         108      0.000101501              1       9.34e-05  
   108         109       0.00010029              1       7.88e-05  
   109         110      9.91509e-05              1       7.65e-05  
   110         111      9.80322e-05              1       8.52e-05  
   111         112      9.69595e-05              1       8.11e-05  
   112         113      9.59825e-05              1       7.96e-05  
   113         114      9.51355e-05              1       8.13e-05  
   114         115      9.43493e-05              1          8e-05  
   115         116      9.36093e-05              1       6.74e-05  
   116         117      9.29164e-05              1       6.48e-05  
   117         118      9.22922e-05              1       6.75e-05  
   118         119      9.16744e-05              1       6.01e-05  
   119         120      9.10468e-05              1       6.38e-05  
                                                        First-order 
 Iteration  Func-count       f(x)        Step-size       optimality
   120         121      9.04023e-05              1       7.81e-05  
   121         122      8.97649e-05              1       7.56e-05  
   122         123      8.91328e-05              1        6.4e-05  
   123         124      8.84937e-05              1       5.58e-05  
   124         125      8.78553e-05              1       5.62e-05  
   125         126       8.7256e-05              1       5.85e-05  
   126         127      8.67295e-05              1       5.14e-05  
   127         128      8.62766e-05              1       4.72e-05  
   128         129      8.58803e-05              1       4.45e-05  
   129         130       8.5526e-05              1       4.39e-05  
   130         131      8.52004e-05              1       4.53e-05  
   131         132      8.48843e-05              1       4.91e-05  
   132         133      8.45601e-05              1        4.3e-05  
   133         134      8.42272e-05              1       4.71e-05  
   134         135      8.39023e-05              1       4.07e-05  
   135         136      8.36034e-05              1       3.98e-05  
   136         137      8.33342e-05              1       4.21e-05  
   137         138       8.3088e-05              1       4.07e-05  
   138         139      8.28553e-05              1       3.91e-05  
   139         140      8.26317e-05              1       4.78e-05  
                                                        First-order 
 Iteration  Func-count       f(x)        Step-size       optimality
   140         141      8.24141e-05              1       3.93e-05  
   141         142      8.22038e-05              1       3.56e-05  
   142         143          8.2e-05              1       3.89e-05  
   143         144      8.18036e-05              1       4.01e-05  
   144         145       8.1612e-05              1       3.37e-05  
   145         146       8.1428e-05              1       4.11e-05  
   146         147      8.12511e-05              1       3.18e-05  
   147         148      8.10813e-05              1        2.9e-05  
   148         149      8.09127e-05              1       2.98e-05  
   149         150       8.0746e-05              1       3.86e-05  
   150         151      8.05837e-05              1       3.95e-05  
   151         152      8.04279e-05              1       3.28e-05  
   152         153      8.02731e-05              1       3.16e-05  
   153         154      8.01151e-05              1       3.13e-05  
   154         155      7.99547e-05              1       3.35e-05  
   155         156      7.97985e-05              1       3.25e-05  
   156         157      7.96491e-05              1       3.43e-05  
   157         158      7.95047e-05              1       3.65e-05  
   158         159      7.93642e-05              1       3.82e-05  
   159         160       7.9231e-05              1       3.85e-05  
                                                        First-order 
 Iteration  Func-count       f(x)        Step-size       optimality
   160         161      7.91068e-05              1       3.69e-05  
   161         162       7.8987e-05              1       3.38e-05  
   162         163      7.88647e-05              1       3.55e-05  
   163         164      7.87367e-05              1       4.05e-05  
   164         165      7.86053e-05              1       4.47e-05  
   165         166      7.84739e-05              1       4.95e-05  
   166         167      7.83457e-05              1       5.09e-05  
   167         168      7.82185e-05              1       5.27e-05  
   168         169      7.80912e-05              1       5.09e-05  
   169         170       7.7955e-05              1       5.16e-05  
   170         171      7.78076e-05              1       4.93e-05  
   171         172      7.76404e-05              1       5.03e-05  
   172         173      7.74665e-05              1       4.74e-05  
   173         174      7.72868e-05              1       4.74e-05  
   174         175      7.71219e-05              1       4.43e-05  
   175         176      7.69605e-05              1       4.22e-05  
   176         177      7.68167e-05              1       4.24e-05  
   177         178      7.66726e-05              1       3.82e-05  
   178         179      7.65378e-05              1       4.14e-05  
   179         180      7.63952e-05              1       3.64e-05  
                                                        First-order 
 Iteration  Func-count       f(x)        Step-size       optimality
   180         181      7.62581e-05              1       3.75e-05  
   181         182      7.61226e-05              1       2.89e-05  
   182         183      7.60056e-05              1        2.8e-05  
   183         184      7.58989e-05              1       2.63e-05  
   184         185      7.58065e-05              1       2.63e-05  
   185         186      7.57197e-05              1       2.57e-05  
   186         187       7.5645e-05              1        2.8e-05  
   187         188      7.55785e-05              1       2.79e-05  
   188         189      7.55205e-05              1       2.97e-05  
   189         190      7.54652e-05              1       3.05e-05  
   190         191      7.54131e-05              1       3.19e-05  
   191         192      7.53638e-05              1        3.2e-05  
   192         193      7.53185e-05              1       3.16e-05  
   193         194      7.52756e-05              1       2.99e-05  
   194         195      7.52338e-05              1       2.75e-05  
   195         196      7.51916e-05              1       2.45e-05  
   196         197      7.51488e-05              1       2.18e-05  
   197         198      7.51054e-05              1       1.96e-05  
   198         199       7.5063e-05              1       1.87e-05  
   199         200      7.50232e-05              1       1.84e-05  
                                                        First-order 
 Iteration  Func-count       f(x)        Step-size       optimality
   200         201      7.49868e-05              1       1.86e-05  
   201         202      7.49528e-05              1       1.81e-05  
   202         203      7.49195e-05              1       1.71e-05  
   203         204      7.48862e-05              1       1.44e-05  
   204         205      7.48536e-05              1       1.23e-05  
   205         206      7.48224e-05              1       1.39e-05  
   206         207      7.47926e-05              1       1.39e-05  
   207         208      7.47635e-05              1       1.15e-05  
   208         209      7.47346e-05              1       1.19e-05  
   209         210      7.47057e-05              1       1.11e-05  
   210         211      7.46769e-05              1       1.37e-05  
   211         212       7.4648e-05              1       1.22e-05  
   212         213      7.46199e-05              1       1.53e-05  
   213         214      7.45929e-05              1       1.53e-05  
   214         215      7.45676e-05              1       1.31e-05  
   215         216      7.45436e-05              1        9.7e-06  
   216         217      7.45208e-05              1       1.04e-05  
   217         218      7.44988e-05              1       1.26e-05  
   218         219       7.4477e-05              1       1.24e-05  
   219         220      7.44543e-05              1       1.12e-05  
                                                        First-order 
 Iteration  Func-count       f(x)        Step-size       optimality
   220         221      7.44308e-05              1       1.34e-05  
   221         222      7.44071e-05              1       1.49e-05  
   222         223      7.43847e-05              1       1.41e-05  
   223         224       7.4363e-05              1       1.09e-05  
   224         225      7.43409e-05              1       1.21e-05  
   225         226      7.43177e-05              1       1.13e-05  
   226         227      7.42936e-05              1       1.14e-05  
   227         228       7.4269e-05              1       1.03e-05  
   228         229      7.42438e-05              1       1.49e-05  
   229         230      7.42174e-05              1       1.23e-05  
   230         231      7.41906e-05              1       1.33e-05  
   231         232      7.41645e-05              1       1.26e-05  
   232         233      7.41407e-05              1       1.26e-05  
   233         234      7.41186e-05              1       1.18e-05  
   234         235      7.40984e-05              1       1.06e-05  
   235         236      7.40795e-05              1       1.14e-05  
   236         237      7.40621e-05              1       1.21e-05  
   237         238      7.40448e-05              1       1.27e-05  
   238         239      7.40271e-05              1       1.37e-05  
   239         240       7.4009e-05              1       1.18e-05  
                                                        First-order 
 Iteration  Func-count       f(x)        Step-size       optimality
   240         241      7.39916e-05              1       1.13e-05  
   241         242      7.39755e-05              1       1.14e-05  
   242         243      7.39606e-05              1       1.21e-05  
   243         244      7.39461e-05              1       1.17e-05  
   244         245      7.39314e-05              1       1.17e-05  
   245         246      7.39162e-05              1       1.06e-05  
   246         247      7.39002e-05              1       1.08e-05  
   247         248      7.38836e-05              1       1.21e-05  
   248         249      7.38665e-05              1       1.38e-05  
   249         250      7.38485e-05              1       1.49e-05  
   250         251      7.38302e-05              1       1.59e-05  
   251         252      7.38116e-05              1       1.53e-05  
   252         253      7.37933e-05              1        1.5e-05  
   253         254      7.37744e-05              1       1.39e-05  
   254         255       7.3755e-05              1       1.36e-05  
   255         256      7.37335e-05              1       1.36e-05  
   256         257      7.37096e-05              1       1.44e-05  
   257         258      7.36845e-05              1       1.52e-05  
   258         259      7.36595e-05              1       1.59e-05  
   259         260      7.36356e-05              1       1.57e-05  
                                                        First-order 
 Iteration  Func-count       f(x)        Step-size       optimality
   260         261      7.36115e-05              1       1.51e-05  
   261         262      7.35877e-05              1        1.4e-05  
   262         263      7.35631e-05              1        1.4e-05  
   263         264      7.35388e-05              1       1.54e-05  
   264         265       7.3514e-05              1       1.54e-05  
   265         266      7.34904e-05              1       1.66e-05  
   266         267      7.34676e-05              1       1.53e-05  
   267         268      7.34473e-05              1        1.5e-05  
   268         269      7.34278e-05              1       1.26e-05  
   269         270      7.34094e-05              1       1.14e-05  
   270         271      7.33905e-05              1       1.24e-05  
   271         272      7.33724e-05              1       1.22e-05  
   272         273      7.33544e-05              1       9.86e-06  
   273         274      7.33373e-05              1       9.71e-06  
   274         275      7.33208e-05              1       9.24e-06  
   275         276      7.33059e-05              1       9.45e-06  
   276         277      7.32925e-05              1        7.9e-06  
   277         278      7.32805e-05              1       8.57e-06  
   278         279      7.32688e-05              1        7.9e-06  
   279         280      7.32569e-05              1       9.07e-06  
                                                        First-order 
 Iteration  Func-count       f(x)        Step-size       optimality
   280         281      7.32449e-05              1       1.05e-05  
   281         282      7.32335e-05              1       1.03e-05  
   282         283      7.32232e-05              1        9.5e-06  
   283         284      7.32138e-05              1       7.83e-06  
   284         285      7.32048e-05              1       7.24e-06  
   285         286      7.31962e-05              1       7.34e-06  
   286         287      7.31876e-05              1       7.27e-06  
   287         288      7.31791e-05              1       7.97e-06  
   288         289      7.31706e-05              1       7.65e-06  
   289         290      7.31622e-05              1       7.57e-06  
   290         291      7.31536e-05              1       8.26e-06  
   291         292      7.31446e-05              1       9.51e-06  
   292         293      7.31354e-05              1       7.73e-06  
   293         294      7.31262e-05              1       7.05e-06  
   294         295      7.31171e-05              1       8.75e-06  
   295         296      7.31077e-05              1       9.87e-06  
   296         297      7.30975e-05              1       9.81e-06  
   297         298      7.30865e-05              1       8.54e-06  
   298         299      7.30752e-05              1          8e-06  
   299         300       7.3064e-05              1       8.54e-06  
                                                        First-order 
 Iteration  Func-count       f(x)        Step-size       optimality
   300         301      7.30534e-05              1       8.79e-06  
   301         302      7.30431e-05              1       8.92e-06  
   302         303      7.30328e-05              1       9.25e-06  
   303         304      7.30221e-05              1       9.15e-06  
   304         305       7.3011e-05              1       8.27e-06  
   305         306      7.29998e-05              1       8.31e-06  
   306         307      7.29892e-05              1       8.86e-06  
   307         308      7.29791e-05              1       7.84e-06  
   308         309      7.29691e-05              1       8.31e-06  
   309         310      7.29587e-05              1       8.82e-06  
   310         311      7.29483e-05              1       9.13e-06  
   311         312      7.29381e-05              1       7.72e-06  
   312         313       7.2928e-05              1       8.41e-06  
   313         314      7.29175e-05              1       7.99e-06  
   314         315      7.29065e-05              1       8.89e-06  
   315         316      7.28955e-05              1       9.53e-06  
   316         317       7.2885e-05              1       9.55e-06  
   317         318      7.28753e-05              1       1.01e-05  
   318         319      7.28657e-05              1       8.51e-06  
   319         320      7.28554e-05              1       8.13e-06  
                                                        First-order 
 Iteration  Func-count       f(x)        Step-size       optimality
   320         321      7.28444e-05              1       8.63e-06  
   321         322       7.2833e-05              1        9.4e-06  
   322         323      7.28214e-05              1       1.15e-05  
   323         324      7.28091e-05              1       1.23e-05  
   324         325      7.27949e-05              1       1.37e-05  
   325         326       7.2779e-05              1       1.22e-05  
   326         327      7.27619e-05              1       1.11e-05  
   327         328      7.27456e-05              1       1.04e-05  
   328         329      7.27291e-05              1        1.2e-05  
   329         330      7.27125e-05              1       1.11e-05  
   330         331      7.26948e-05              1       9.92e-06  
   331         332      7.26779e-05              1       1.08e-05  
   332         333       7.2662e-05              1       9.89e-06  
   333         334      7.26473e-05              1       1.09e-05  
   334         335      7.26321e-05              1       9.37e-06  
   335         336      7.26172e-05              1       1.02e-05  
   336         337      7.26019e-05              1       9.12e-06  
   337         338      7.25873e-05              1       1.05e-05  
   338         339      7.25721e-05              1       9.93e-06  
   339         340      7.25568e-05              1       1.06e-05  
                                                        First-order 
 Iteration  Func-count       f(x)        Step-size       optimality
   340         341      7.25409e-05              1       9.69e-06  
   341         342       7.2525e-05              1       1.02e-05  
   342         343      7.25086e-05              1       1.06e-05  
   343         344      7.24926e-05              1       1.21e-05  
   344         345      7.24767e-05              1       1.16e-05  
   345         346      7.24617e-05              1       1.15e-05  
   346         347      7.24458e-05              1       1.15e-05  
   347         348      7.24297e-05              1        1.1e-05  
   348         349      7.24126e-05              1       1.05e-05  
   349         350      7.23954e-05              1       1.05e-05  
   350         351      7.23781e-05              1       1.37e-05  
   351         352      7.23616e-05              1       1.15e-05  
   352         353      7.23446e-05              1       1.19e-05  
   353         354      7.23269e-05              1       1.06e-05  
   354         355      7.23069e-05              1       1.03e-05  
   355         356      7.22878e-05              1       1.08e-05  
   356         357      7.22678e-05              1       1.07e-05  
   357         358      7.22476e-05              1       1.06e-05  
   358         359      7.22268e-05              1       9.62e-06  
   359         360      7.22066e-05              1       1.04e-05  
                                                        First-order 
 Iteration  Func-count       f(x)        Step-size       optimality
   360         361       7.2186e-05              1       1.03e-05  
   361         362      7.21655e-05              1       1.29e-05  
   362         363      7.21446e-05              1       1.39e-05  
   363         364      7.21238e-05              1        1.9e-05  
   364         365      7.21019e-05              1       1.71e-05  
   365         366      7.20795e-05              1       1.84e-05  
   366         367      7.20558e-05              1       1.32e-05  
   367         368       7.2033e-05              1       1.32e-05  
   368         369      7.20112e-05              1       1.43e-05  
   369         370      7.19911e-05              1       1.42e-05  
   370         371      7.19705e-05              1       1.42e-05  
   371         372      7.19488e-05              1        1.4e-05  
   372         373       7.1925e-05              1       1.19e-05  
   373         374      7.18996e-05              1       1.27e-05  
   374         375      7.18724e-05              1       1.23e-05  
   375         376      7.18448e-05              1       1.77e-05  
   376         377      7.18177e-05              1       1.68e-05  
   377         378      7.17901e-05              1       1.85e-05  
   378         379      7.17579e-05              1       1.99e-05  
   379         380      7.17269e-05              1        2.1e-05  
                                                        First-order 
 Iteration  Func-count       f(x)        Step-size       optimality
   380         381      7.16937e-05              1       2.01e-05  
   381         382      7.16583e-05              1       1.92e-05  
   382         383      7.16224e-05              1       1.77e-05  
   383         384      7.15852e-05              1       1.79e-05  
   384         385      7.15449e-05              1       1.66e-05  
   385         386      7.15029e-05              1       2.04e-05  
   386         387      7.14608e-05              1       1.45e-05  
   387         388      7.14229e-05              1       2.51e-05  
   388         389      7.13811e-05              1       1.67e-05  
   389         390      7.13356e-05              1       1.57e-05  
   390         391      7.12908e-05              1       1.83e-05  
   391         392      7.12504e-05              1       1.53e-05  
   392         393      7.12063e-05              1       2.07e-05  
   393         394      7.11655e-05              1       1.82e-05  
   394         395      7.11283e-05              1        1.8e-05  
   395         396      7.10954e-05              1        1.4e-05  
   396         397       7.1065e-05              1       1.63e-05  
   397         398      7.10349e-05              1       1.36e-05  
   398         399      7.10062e-05              1       1.42e-05  
   399         400      7.09789e-05              1       1.21e-05  
                                                        First-order 
 Iteration  Func-count       f(x)        Step-size       optimality
   400         401      7.09537e-05              1       1.34e-05  
   401         402        7.093e-05              1       1.39e-05  
   402         403       7.0907e-05              1       1.43e-05  
   403         404      7.08847e-05              1       1.37e-05  
   404         405      7.08639e-05              1       1.29e-05  
   405         406      7.08438e-05              1       1.25e-05  
   406         407       7.0824e-05              1        1.3e-05  
   407         408      7.08039e-05              1       1.23e-05  
   408         409       7.0784e-05              1       1.05e-05  
   409         410       7.0764e-05              1       1.02e-05  
   410         411      7.07447e-05              1       9.96e-06  
   411         412      7.07268e-05              1       1.04e-05  
   412         413       7.0711e-05              1        9.3e-06  
   413         414      7.06969e-05              1       9.99e-06  
   414         415      7.06839e-05              1       9.64e-06  
   415         416      7.06713e-05              1       8.11e-06  
   416         417      7.06589e-05              1       8.29e-06  
   417         418       7.0647e-05              1       7.88e-06  
   418         419      7.06358e-05              1       8.13e-06  
   419         420      7.06249e-05              1       8.71e-06  
                                                        First-order 
 Iteration  Func-count       f(x)        Step-size       optimality
   420         421      7.06145e-05              1       7.95e-06  
   421         422      7.06046e-05              1       7.41e-06  
   422         423      7.05945e-05              1       7.73e-06  
   423         424       7.0584e-05              1       7.27e-06  
   424         425      7.05733e-05              1       8.66e-06  
   425         426      7.05632e-05              1       7.64e-06  
   426         427      7.05541e-05              1       8.54e-06  
   427         428      7.05459e-05              1       6.85e-06  
   428         429      7.05381e-05              1       5.64e-06  
   429         430      7.05304e-05              1       6.05e-06  
   430         431      7.05226e-05              1       6.11e-06  
   431         432       7.0515e-05              1       6.89e-06  
   432         433      7.05079e-05              1       5.98e-06  
   433         434      7.05014e-05              1        5.6e-06  
   434         435      7.04955e-05              1       5.27e-06  
   435         436      7.04897e-05              1        5.9e-06  
   436         437       7.0484e-05              1       6.01e-06  
   437         438      7.04787e-05              1       5.83e-06  
   438         439       7.0474e-05              1       5.11e-06  
   439         440      7.04698e-05              1       5.22e-06  
                                                        First-order 
 Iteration  Func-count       f(x)        Step-size       optimality
   440         441      7.04659e-05              1       4.92e-06  
   441         442       7.0462e-05              1       6.02e-06  
   442         443      7.04582e-05              1       5.56e-06  
   443         444      7.04544e-05              1       4.47e-06  
   444         445      7.04507e-05              1       4.84e-06  
   445         446      7.04473e-05              1       4.57e-06  
   446         447      7.04443e-05              1       4.37e-06  
   447         448      7.04416e-05              1       3.68e-06  
   448         449      7.04389e-05              1       4.22e-06  
   449         450       7.0436e-05              1       4.43e-06  
   450         451      7.04329e-05              1       5.49e-06  
   451         452      7.04296e-05              1       4.77e-06  
   452         453      7.04264e-05              1       4.86e-06  
   453         454      7.04233e-05              1       4.48e-06  
   454         455      7.04202e-05              1       3.64e-06  
   455         456      7.04173e-05              1       4.01e-06  
   456         457      7.04145e-05              1       4.36e-06  
   457         458      7.04117e-05              1       3.88e-06  
   458         459      7.04088e-05              1       4.04e-06  
   459         460      7.04059e-05              1       4.21e-06  
                                                        First-order 
 Iteration  Func-count       f(x)        Step-size       optimality
   460         461      7.04031e-05              1       5.12e-06  
   461         462      7.04004e-05              1       5.26e-06  
   462         463      7.03978e-05              1       3.78e-06  
   463         464      7.03952e-05              1       4.56e-06  
   464         465      7.03926e-05              1       4.11e-06  
   465         466      7.03902e-05              1       3.79e-06  
   466         467       7.0388e-05              1       3.79e-06  
   467         468       7.0386e-05              1       2.79e-06  
   468         469      7.03842e-05              1       2.82e-06  
   469         470      7.03826e-05              1       3.04e-06  
   470         471      7.03809e-05              1       2.97e-06  
   471         472      7.03793e-05              1       2.94e-06  
   472         473      7.03777e-05              1       3.22e-06  
   473         474      7.03762e-05              1       2.92e-06  
   474         475      7.03747e-05              1       2.86e-06  
   475         476      7.03733e-05              1       2.63e-06  
   476         477      7.03719e-05              1       2.71e-06  
   477         478      7.03705e-05              1       2.98e-06  
   478         479      7.03693e-05              1        2.9e-06  
   479         480      7.03681e-05              1        2.4e-06  
                                                        First-order 
 Iteration  Func-count       f(x)        Step-size       optimality
   480         481       7.0367e-05              1       2.33e-06  
   481         482      7.03659e-05              1       2.28e-06  
   482         483      7.03649e-05              1       2.34e-06  
   483         484      7.03639e-05              1       2.23e-06  
   484         485      7.03629e-05              1       2.45e-06  
   485         486      7.03619e-05              1       2.32e-06  
   486         487       7.0361e-05              1       2.51e-06  
   487         488        7.036e-05              1       2.27e-06  
   488         489      7.03591e-05              1       2.09e-06  
   489         490      7.03582e-05              1       2.09e-06  
   490         491      7.03574e-05              1       2.26e-06  
   491         492      7.03565e-05              1       2.15e-06  
   492         493      7.03556e-05              1       2.14e-06  
   493         494      7.03546e-05              1       2.41e-06  
   494         495      7.03537e-05              1       2.45e-06  
   495         496      7.03527e-05              1       2.27e-06  
   496         497      7.03518e-05              1       2.33e-06  
   497         498      7.03509e-05              1        2.5e-06  
   498         499        7.035e-05              1       2.64e-06  
   499         500      7.03491e-05              1       2.63e-06  
                                                        First-order 
 Iteration  Func-count       f(x)        Step-size       optimality
   500         501      7.03482e-05              1       2.53e-06  
   501         502      7.03474e-05              1       2.44e-06  
   502         503      7.03464e-05              1       2.73e-06  
   503         504      7.03455e-05              1       2.56e-06  
   504         505      7.03445e-05              1       2.07e-06  
   505         506      7.03436e-05              1       2.31e-06  
   506         507      7.03428e-05              1       2.56e-06  
   507         508       7.0342e-05              1        2.7e-06  
   508         509      7.03412e-05              1       2.67e-06  
   509         510      7.03404e-05              1       2.48e-06  
   510         511      7.03396e-05              1       2.23e-06  
   511         512      7.03388e-05              1       2.42e-06  
   512         513       7.0338e-05              1       2.61e-06  
   513         514      7.03371e-05              1       2.52e-06  
   514         515      7.03362e-05              1       2.58e-06  
   515         516      7.03352e-05              1        2.5e-06  
   516         517      7.03342e-05              1       2.71e-06  
   517         518      7.03332e-05              1       2.77e-06  
   518         519      7.03321e-05              1       2.69e-06  
   519         520       7.0331e-05              1       2.54e-06  
                                                        First-order 
 Iteration  Func-count       f(x)        Step-size       optimality
   520         521      7.03299e-05              1       2.63e-06  
   521         522      7.03288e-05              1       2.57e-06  
   522         523      7.03277e-05              1       2.94e-06  
   523         524      7.03267e-05              1       3.13e-06  
   524         525      7.03256e-05              1       2.82e-06  
   525         526      7.03245e-05              1       2.79e-06  
   526         527      7.03234e-05              1       2.63e-06  
   527         528      7.03224e-05              1       2.53e-06  
   528         529      7.03213e-05              1       2.48e-06  
   529         530      7.03202e-05              1       2.23e-06  
   530         531       7.0319e-05              1       2.44e-06  
   531         532      7.03178e-05              1       2.59e-06  
   532         533      7.03166e-05              1       2.67e-06  
   533         534      7.03155e-05              1       2.57e-06  
   534         535      7.03143e-05              1        2.3e-06  
   535         536      7.03133e-05              1        2.4e-06  
   536         537      7.03123e-05              1       2.13e-06  
   537         538      7.03114e-05              1       2.17e-06  
   538         539      7.03105e-05              1       2.56e-06  
   539         540      7.03096e-05              1       2.15e-06  
                                                        First-order 
 Iteration  Func-count       f(x)        Step-size       optimality
   540         541      7.03088e-05              1       2.18e-06  
   541         542      7.03079e-05              1       1.91e-06  
   542         543       7.0307e-05              1       1.93e-06  
   543         544      7.03061e-05              1        2.1e-06  
   544         545      7.03051e-05              1       2.27e-06  
   545         546      7.03041e-05              1       2.44e-06  
   546         547      7.03032e-05              1       2.48e-06  
   547         548      7.03023e-05              1       2.06e-06  
   548         549      7.03013e-05              1       2.15e-06  
   549         550      7.03004e-05              1        2.2e-06  
   550         551      7.02995e-05              1       2.18e-06  
   551         552      7.02986e-05              1       2.38e-06  
   552         553      7.02978e-05              1       2.31e-06  
   553         554      7.02969e-05              1        2.7e-06  
   554         555      7.02959e-05              1       2.84e-06  
   555         556      7.02949e-05              1       2.46e-06  
   556         557       7.0294e-05              1       2.19e-06  
   557         558       7.0293e-05              1       2.36e-06  
   558         559      7.02922e-05              1       2.11e-06  
   559         560      7.02914e-05              1          2e-06  
                                                        First-order 
 Iteration  Func-count       f(x)        Step-size       optimality
   560         561      7.02906e-05              1       2.62e-06  
   561         562      7.02898e-05              1       2.74e-06  
   562         563      7.02891e-05              1       2.47e-06  
   563         564      7.02884e-05              1       2.14e-06  
   564         565      7.02877e-05              1       2.08e-06  
   565         566       7.0287e-05              1       2.06e-06  
   566         567      7.02863e-05              1       1.86e-06  
   567         568      7.02857e-05              1       1.97e-06  
   568         569      7.02851e-05              1       1.78e-06  
   569         570      7.02846e-05              1       1.76e-06  
   570         571       7.0284e-05              1       1.82e-06  
   571         572      7.02836e-05              1       1.84e-06  
   572         573      7.02831e-05              1       1.62e-06  
   573         574      7.02827e-05              1       1.69e-06  
   574         575      7.02823e-05              1       1.67e-06  
   575         576      7.02819e-05              1       1.33e-06  
   576         577      7.02816e-05              1       1.46e-06  
   577         578      7.02813e-05              1       1.46e-06  
   578         579       7.0281e-05              1       1.41e-06  
   579         580      7.02807e-05              1       1.37e-06  
                                                        First-order 
 Iteration  Func-count       f(x)        Step-size       optimality
   580         581      7.02804e-05              1        1.4e-06  
   581         582      7.02801e-05              1       1.29e-06  
   582         583      7.02798e-05              1       1.47e-06  
   583         584      7.02795e-05              1       1.68e-06  
   584         585      7.02792e-05              1        1.4e-06  
   585         586      7.02789e-05              1       1.34e-06  
   586         587      7.02787e-05              1       1.11e-06  
   587         588      7.02785e-05              1       1.22e-06  
   588         589      7.02783e-05              1       1.09e-06  
   589         590      7.02781e-05              1       1.12e-06  
   590         591      7.02779e-05              1       1.08e-06  
   591         592      7.02778e-05              1       1.06e-06  
   592         593      7.02776e-05              1       1.11e-06  
   593         594      7.02774e-05              1       1.01e-06  
   594         595      7.02772e-05              1       1.09e-06  
   595         596      7.02771e-05              1          1e-06  
   596         597      7.02769e-05              1       8.85e-07  
   597         598      7.02767e-05              1       8.45e-07  
   598         599      7.02765e-05              1       1.04e-06  
   599         600      7.02764e-05              1       9.12e-07  
                                                        First-order 
 Iteration  Func-count       f(x)        Step-size       optimality
   600         601      7.02763e-05              1       7.77e-07  
   601         602      7.02762e-05              1       8.42e-07  
   602         603      7.02761e-05              1       7.92e-07  
   603         604      7.02759e-05              1       8.29e-07  
   604         605      7.02758e-05              1       8.61e-07  
   605         606      7.02757e-05              1        8.6e-07  
   606         607      7.02756e-05              1       9.05e-07  
   607         608      7.02755e-05              1       8.47e-07  
   608         609      7.02754e-05              1       9.31e-07  
   609         610      7.02753e-05              1          1e-06  
   610         611      7.02752e-05              1       6.95e-07  
   611         612      7.02751e-05              1        7.7e-07  
   612         613       7.0275e-05              1       9.02e-07  
   613         614       7.0275e-05              1       9.66e-07  
   614         615      7.02749e-05              1        9.6e-07  
   615         616      7.02748e-05              1       8.96e-07  
   616         617      7.02747e-05              1       7.88e-07  
   617         618      7.02746e-05              1        8.5e-07  
   618         619      7.02745e-05              1       7.93e-07  
   619         620      7.02744e-05              1       6.91e-07  
                                                        First-order 
 Iteration  Func-count       f(x)        Step-size       optimality
   620         621      7.02743e-05              1       7.49e-07  
   621         622      7.02741e-05              1       8.13e-07  
   622         623       7.0274e-05              1       8.05e-07  
   623         624      7.02739e-05              1       8.72e-07  
   624         625      7.02738e-05              1       7.42e-07  
   625         626      7.02737e-05              1       7.72e-07  
   626         627      7.02736e-05              1       8.73e-07  
   627         628      7.02735e-05              1       8.37e-07  
   628         629      7.02734e-05              1       7.41e-07  
   629         630      7.02733e-05              1       7.52e-07  
   630         631      7.02732e-05              1       7.87e-07  
   631         632      7.02731e-05              1       8.69e-07  
   632         633       7.0273e-05              1       9.23e-07  
   633         634      7.02728e-05              1       9.03e-07  
   634         635      7.02727e-05              1       8.31e-07  
   635         636      7.02726e-05              1       8.94e-07  
   636         637      7.02725e-05              1        9.1e-07  
   637         638      7.02724e-05              1       7.59e-07  
   638         639      7.02722e-05              1       8.76e-07  
   639         640       7.0272e-05              1       8.33e-07  
                                                        First-order 
 Iteration  Func-count       f(x)        Step-size       optimality
   640         641      7.02719e-05              1       1.07e-06  
   641         642      7.02717e-05              1       1.13e-06  
   642         643      7.02715e-05              1        1.1e-06  
   643         644      7.02713e-05              1       1.04e-06  
   644         645      7.02711e-05              1       1.04e-06  
   645         646      7.02709e-05              1       1.04e-06  
   646         647      7.02707e-05              1       1.13e-06  
   647         648      7.02704e-05              1       1.14e-06  
   648         649      7.02702e-05              1       1.43e-06  
   649         650      7.02699e-05              1       1.41e-06  
   650         651      7.02697e-05              1       1.47e-06  
   651         652      7.02694e-05              1       1.45e-06  
   652         653      7.02691e-05              1       1.37e-06  
   653         654      7.02687e-05              1       1.36e-06  
   654         655      7.02682e-05              1       1.53e-06  
   655         656      7.02677e-05              1       1.81e-06  
   656         657      7.02672e-05              1          2e-06  
   657         658      7.02666e-05              1       2.46e-06  
   658         659      7.02659e-05              1       2.36e-06  
   659         660      7.02652e-05              1       2.02e-06  
                                                        First-order 
 Iteration  Func-count       f(x)        Step-size       optimality
   660         661      7.02646e-05              1       2.18e-06  
   661         662       7.0264e-05              1        2.2e-06  
   662         663      7.02634e-05              1       2.25e-06  
   663         664      7.02627e-05              1       1.95e-06  
   664         665      7.02617e-05              1       2.16e-06  
   665         666       7.0261e-05              1       2.24e-06  
   666         667        7.026e-05              1       2.36e-06  
   667         668      7.02592e-05              1       2.28e-06  
   668         669      7.02584e-05              1       1.96e-06  
   669         670      7.02577e-05              1        2.2e-06  
   670         671      7.02569e-05              1       2.45e-06  
   671         672      7.02562e-05              1        2.1e-06  
   672         673      7.02554e-05              1       2.33e-06  
   673         674      7.02547e-05              1       2.13e-06  
   674         675      7.02541e-05              1       2.33e-06  
   675         676      7.02534e-05              1       2.15e-06  
   676         677      7.02527e-05              1        1.9e-06  
   677         678       7.0252e-05              1       1.93e-06  
   678         679      7.02514e-05              1       1.87e-06  
   679         680      7.02508e-05              1       2.06e-06  
                                                        First-order 
 Iteration  Func-count       f(x)        Step-size       optimality
   680         681      7.02501e-05              1       1.98e-06  
   681         682      7.02495e-05              1       2.06e-06  
   682         683      7.02489e-05              1        1.8e-06  
   683         684      7.02483e-05              1       1.69e-06  
   684         685      7.02477e-05              1       1.68e-06  
   685         686      7.02473e-05              1       1.83e-06  
   686         687      7.02468e-05              1       1.58e-06  
   687         688      7.02464e-05              1       1.33e-06  
   688         689      7.02461e-05              1       1.28e-06  
   689         690      7.02457e-05              1       1.59e-06  
   690         691      7.02453e-05              1       1.49e-06  
   691         692      7.02449e-05              1        1.6e-06  
   692         693      7.02445e-05              1       1.61e-06  
   693         694      7.02442e-05              1        1.3e-06  
   694         695      7.02439e-05              1       1.22e-06  
   695         696      7.02436e-05              1        1.1e-06  
   696         697      7.02434e-05              1       1.19e-06  
   697         698      7.02432e-05              1       1.24e-06  
   698         699      7.02429e-05              1       1.21e-06  
   699         700      7.02427e-05              1       1.27e-06  
                                                        First-order 
 Iteration  Func-count       f(x)        Step-size       optimality
   700         701      7.02425e-05              1       1.15e-06  
   701         702      7.02422e-05              1       1.31e-06  
   702         703       7.0242e-05              1       1.29e-06  
   703         704      7.02418e-05              1       9.53e-07  
   704         705      7.02416e-05              1       9.78e-07  
   705         706      7.02414e-05              1       1.08e-06  
   706         707      7.02412e-05              1          1e-06  
   707         708       7.0241e-05              1       1.17e-06  
   708         709      7.02408e-05              1       1.11e-06  
   709         710      7.02407e-05              1          1e-06  
   710         711      7.02405e-05              1       1.01e-06  
   711         712      7.02403e-05              1       8.93e-07  
   712         713      7.02402e-05              1       1.04e-06  
   713         714        7.024e-05              1       9.77e-07  
   714         715      7.02399e-05              1       9.58e-07  
   715         716      7.02397e-05              1       9.35e-07  
   716         717      7.02396e-05              1       7.67e-07  
   717         718      7.02395e-05              1       7.71e-07  
   718         719      7.02394e-05              1       7.59e-07  
   719         720      7.02393e-05              1       7.73e-07  
                                                        First-order 
 Iteration  Func-count       f(x)        Step-size       optimality
   720         721      7.02392e-05              1       7.01e-07  
   721         722      7.02391e-05              1       6.86e-07  
   722         723       7.0239e-05              1       6.92e-07  
   723         724      7.02389e-05              1       7.77e-07  
   724         725      7.02388e-05              1       8.31e-07  
   725         726      7.02388e-05              1       8.23e-07  
   726         727      7.02387e-05              1       7.01e-07  
   727         728      7.02386e-05              1       7.49e-07  
   728         729      7.02385e-05              1       6.21e-07  
   729         730      7.02384e-05              1       7.41e-07  
   730         731      7.02384e-05              1       7.61e-07  
   731         732      7.02383e-05              1       6.13e-07  
   732         733      7.02382e-05              1       6.86e-07  
   733         734      7.02381e-05              1       7.04e-07  
   734         735      7.02381e-05              1       6.52e-07  
   735         736       7.0238e-05              1       5.46e-07  
   736         737       7.0238e-05              1       4.97e-07  
   737         738      7.02379e-05              1       4.99e-07  
   738         739      7.02379e-05              1       5.28e-07  
   739         740      7.02378e-05              1        5.6e-07  
                                                        First-order 
 Iteration  Func-count       f(x)        Step-size       optimality
   740         741      7.02377e-05              1       5.81e-07  
   741         742      7.02377e-05              1       5.84e-07  
   742         743      7.02376e-05              1       6.49e-07  
   743         744      7.02376e-05              1        6.1e-07  
   744         745      7.02375e-05              1       6.87e-07  
   745         746      7.02374e-05              1       5.65e-07  
   746         747      7.02374e-05              1       5.36e-07  
   747         748      7.02373e-05              1       5.09e-07  
   748         749      7.02373e-05              1       4.95e-07  
   749         750      7.02372e-05              1       4.87e-07  
   750         751      7.02372e-05              1       4.69e-07  
   751         752      7.02372e-05              1       4.96e-07  
   752         753      7.02371e-05              1       4.79e-07  
   753         754      7.02371e-05              1       4.69e-07  
   754         755      7.02371e-05              1       4.67e-07  
   755         756       7.0237e-05              1       4.48e-07  
   756         757       7.0237e-05              1       3.82e-07  
   757         758       7.0237e-05              1       3.34e-07  
   758         759       7.0237e-05              1       3.38e-07  
   759         760      7.02369e-05              1        3.6e-07  
                                                        First-order 
 Iteration  Func-count       f(x)        Step-size       optimality
   760         761      7.02369e-05              1       3.28e-07  
   761         762      7.02369e-05              1       3.05e-07  
   762         763      7.02369e-05              1        2.8e-07  
   763         764      7.02369e-05              1       2.58e-07  
   764         765      7.02369e-05              1       2.51e-07  
   765         766      7.02368e-05              1        2.4e-07  
   766         767      7.02368e-05              1        3.2e-07  
   767         768      7.02368e-05              1       2.75e-07  
   768         769      7.02368e-05              1       2.82e-07  
   769         770      7.02368e-05              1          3e-07  
   770         771      7.02368e-05              1       3.21e-07  
   771         772      7.02368e-05              1       2.98e-07  
   772         773      7.02368e-05              1       2.65e-07  
   773         774      7.02367e-05              1       2.42e-07  
   774         775      7.02367e-05              1       2.54e-07  
   775         776      7.02367e-05              1       2.55e-07  
   776         777      7.02367e-05              1        2.7e-07  
   777         778      7.02367e-05              1       3.44e-07  
   778         779      7.02367e-05              1       3.44e-07  
   779         780      7.02367e-05              1       2.94e-07  
                                                        First-order 
 Iteration  Func-count       f(x)        Step-size       optimality
   780         781      7.02367e-05              1       3.08e-07  
   781         782      7.02366e-05              1       2.57e-07  
   782         783      7.02366e-05              1       2.66e-07  
   783         784      7.02366e-05              1       2.51e-07  
   784         785      7.02366e-05              1        2.3e-07  
   785         786      7.02366e-05              1       2.76e-07  
   786         787      7.02366e-05              1        2.5e-07  
   787         788      7.02366e-05              1       2.51e-07  
   788         789      7.02366e-05              1       2.57e-07  
   789         790      7.02366e-05              1       2.41e-07  
   790         791      7.02366e-05              1       2.48e-07  
   791         792      7.02365e-05              1       2.48e-07  
   792         793      7.02365e-05              1        2.3e-07  
   793         794      7.02365e-05              1       2.54e-07  
   794         795      7.02365e-05              1       2.64e-07  
   795         796      7.02365e-05              1       2.47e-07  
   796         797      7.02365e-05              1       2.58e-07  
   797         798      7.02365e-05              1       1.97e-07  
   798         799      7.02365e-05              1       1.89e-07  
   799         800      7.02365e-05              1       1.94e-07  
                                                        First-order 
 Iteration  Func-count       f(x)        Step-size       optimality
   800         801      7.02365e-05              1       2.09e-07  
   801         802      7.02365e-05              1       2.41e-07  
   802         803      7.02365e-05              1       1.94e-07  
   803         804      7.02364e-05              1       2.33e-07  
   804         805      7.02364e-05              1       1.97e-07  
   805         806      7.02364e-05              1       2.03e-07  
   806         807      7.02364e-05              1       1.95e-07  
   807         808      7.02364e-05              1       1.88e-07  
   808         809      7.02364e-05              1       1.86e-07  
   809         810      7.02364e-05              1        1.6e-07  
   810         811      7.02364e-05              1       1.82e-07  
   811         812      7.02364e-05              1       1.82e-07  
   812         813      7.02364e-05              1       1.55e-07  
   813         814      7.02364e-05              1       1.77e-07  
   814         815      7.02364e-05              1        2.2e-07  
   815         816      7.02364e-05              1       2.42e-07  
   816         817      7.02364e-05              1       2.38e-07  
   817         818      7.02364e-05              1       2.09e-07  
   818         819      7.02364e-05              1       1.75e-07  
   819         820      7.02364e-05              1       1.66e-07  
                                                        First-order 
 Iteration  Func-count       f(x)        Step-size       optimality
   820         821      7.02363e-05              1       1.59e-07  
   821         822      7.02363e-05              1       1.44e-07  
   822         823      7.02363e-05              1       1.47e-07  
   823         824      7.02363e-05              1       1.33e-07  
   824         825      7.02363e-05              1       1.36e-07  
   825         826      7.02363e-05              1        1.6e-07  
   826         827      7.02363e-05              1       1.63e-07  
   827         828      7.02363e-05              1       1.76e-07  
   828         829      7.02363e-05              1       2.05e-07  
   829         830      7.02363e-05              1       1.87e-07  
   830         831      7.02363e-05              1       2.26e-07  
   831         832      7.02363e-05              1       2.38e-07  
   832         833      7.02363e-05              1       1.89e-07  
   833         834      7.02363e-05              1       1.97e-07  
   834         835      7.02363e-05              1       2.03e-07  
   835         836      7.02363e-05              1       2.14e-07  
   836         837      7.02363e-05              1       2.03e-07  
   837         838      7.02362e-05              1       1.87e-07  
   838         839      7.02362e-05              1       1.76e-07  
   839         840      7.02362e-05              1       1.85e-07  
                                                        First-order 
 Iteration  Func-count       f(x)        Step-size       optimality
   840         841      7.02362e-05              1       1.74e-07  
   841         842      7.02362e-05              1       1.66e-07  
   842         843      7.02362e-05              1        1.8e-07  
   843         844      7.02362e-05              1       1.76e-07  
   844         845      7.02362e-05              1       1.82e-07  
   845         846      7.02362e-05              1       1.73e-07  
   846         847      7.02362e-05              1       1.56e-07  
   847         848      7.02362e-05              1       1.42e-07  
   848         849      7.02362e-05              1       1.51e-07  
   849         850      7.02362e-05              1       1.52e-07  
   850         851      7.02362e-05              1       1.51e-07  
   851         852      7.02362e-05              1       1.46e-07  
   852         853      7.02362e-05              1       1.75e-07  
   853         854      7.02362e-05              1       1.71e-07  
   854         855      7.02362e-05              1       1.59e-07  
   855         856      7.02362e-05              1       1.45e-07  
   856         857      7.02362e-05              1       1.56e-07  
   857         858      7.02362e-05              1       1.77e-07  
   858         859      7.02361e-05              1       1.88e-07  
   859         860      7.02361e-05              1       1.46e-07  
                                                        First-order 
 Iteration  Func-count       f(x)        Step-size       optimality
   860         861      7.02361e-05              1       1.62e-07  
   861         862      7.02361e-05              1       1.72e-07  
   862         863      7.02361e-05              1       1.71e-07  
   863         864      7.02361e-05              1        1.9e-07  
   864         865      7.02361e-05              1       1.84e-07  
   865         866      7.02361e-05              1       1.67e-07  
   866         867      7.02361e-05              1       1.89e-07  
   867         868      7.02361e-05              1       2.05e-07  
   868         869      7.02361e-05              1        1.9e-07  
   869         870      7.02361e-05              1       1.44e-07  
   870         871      7.02361e-05              1        1.5e-07  
   871         872      7.02361e-05              1       1.61e-07  
   872         873      7.02361e-05              1       1.39e-07  
   873         874      7.02361e-05              1       1.54e-07  
   874         875      7.02361e-05              1       1.62e-07  
   875         876      7.02361e-05              1       1.88e-07  
   876         877      7.02361e-05              1          2e-07  
   877         878      7.02361e-05              1       1.81e-07  
   878         879      7.02361e-05              1       1.74e-07  
   879         880       7.0236e-05              1       1.77e-07  
                                                        First-order 
 Iteration  Func-count       f(x)        Step-size       optimality
   880         881       7.0236e-05              1       1.84e-07  
   881         882       7.0236e-05              1       2.13e-07  
   882         883       7.0236e-05              1          2e-07  
   883         884       7.0236e-05              1       1.57e-07  
   884         885       7.0236e-05              1       1.51e-07  
   885         886       7.0236e-05              1       1.39e-07  
   886         887       7.0236e-05              1        1.4e-07  
   887         888       7.0236e-05              1       1.34e-07  
   888         889       7.0236e-05              1       1.36e-07  
   889         890       7.0236e-05              1       1.18e-07  
   890         891       7.0236e-05              1       1.31e-07  
   891         892       7.0236e-05              1       1.27e-07  
   892         893       7.0236e-05              1       1.33e-07  
   893         894       7.0236e-05              1       1.44e-07  
   894         895       7.0236e-05              1       1.18e-07  
   895         896       7.0236e-05              1       1.27e-07  
   896         897       7.0236e-05              1       1.28e-07  
   897         898       7.0236e-05              1       1.18e-07  
   898         899       7.0236e-05              1       1.16e-07  
   899         900       7.0236e-05              1       1.11e-07  
                                                        First-order 
 Iteration  Func-count       f(x)        Step-size       optimality
   900         901       7.0236e-05              1       9.07e-08  

Optimization completed: The <a href = "matlab: helpview([docroot '/toolbox/optim/msg_csh/optim_msg_csh.map'],'first_order_opt_unc','CSHelpWindow');">first-order optimality measure</a>, 8.464677e-08, is less 
than <a href = "matlab: helpview([docroot '/toolbox/optim/msg_csh/optim_msg_csh.map'],'tolfun','CSHelpWindow');">options.TolFun</a> = 1.000000e-07.

Optimization Metric                                            Options
relative norm(gradient) =   8.46e-08                  TolFun =   1e-07 (selected)

