flow iter#1; |dv| = 4.92506
flow iter#2; |dv| = 1.23732
flow iter#3; |dv| = 1.49235
flow iter#4; |dv| = 1.96522
flow iter#5; |dv| = 1.60902
flow iter#6; |dv| = 0.88346
flow iter#7; |dv| = 0.254792
flow iter#8; |dv| = 0.26152
flow iter#9; |dv| = 0.369201
flow iter#10; |dv| = 0.312229
flow iter#11; |dv| = 0.186444
flow iter#12; |dv| = 0.0692117
flow iter#13; |dv| = 0.0292212
flow iter#14; |dv| = 0.053682
flow iter#15; |dv| = 0.0524809
flow iter#16; |dv| = 0.0356872
flow iter#17; |dv| = 0.0166984
flow iter#18; |dv| = 0.00614212
flow iter#19; |dv| = 0.00883343
flow iter#20; |dv| = 0.00980038
flow iter#21; |dv| = 0.0080425
flow iter#22; |dv| = 0.00586178
flow iter#23; |dv| = 0.00487326
                                                        First-order 
 Iteration  Func-count       f(x)        Step-size       optimality
     0           1        0.0515224                       0.00244
     1           4        0.0323807        67.4674         0.0013  
     2           6        0.0120218            0.5        0.00107  
     3           7       0.00232635              1       0.000324  
     4           8       0.00117206              1        0.00123  
     5           9      0.000134548              1       7.12e-05  
     6          10      5.20606e-05              1       4.18e-05  
     7          11      3.93856e-05              1       1.51e-05  
     8          12      3.85257e-05              1       1.76e-05  
     9          14       3.2429e-05             10       2.49e-05  
    10          15      2.00663e-05              1       5.04e-05  
    11          17      1.75321e-05       0.269892       0.000144  
    12          18      1.19327e-05              1       2.57e-05  
    13          19      1.01612e-05              1        1.7e-05  
    14          20      8.77174e-06              1       1.35e-05  
    15          21      8.26877e-06              1       6.67e-06  
    16          22      7.92991e-06              1       6.09e-06  
    17          23       7.5734e-06              1       1.05e-05  
    18          24      6.72767e-06              1       1.43e-05  
    19          26      5.84329e-06       0.455792       2.43e-05  
                                                        First-order 
 Iteration  Func-count       f(x)        Step-size       optimality
    20          27      4.65174e-06              1       2.92e-05  
    21          28      3.94516e-06              1       1.41e-05  
    22          30      3.77258e-06        0.35085       1.55e-05  
    23          31      3.70753e-06              1       1.14e-05  
    24          32      3.62898e-06              1        3.2e-06  
    25          33      3.61177e-06              1       2.89e-06  
    26          34      3.57429e-06              1       3.06e-06  
    27          35      3.55328e-06              1       3.44e-06  
    28          36      3.50629e-06              1       4.62e-06  
    29          37      3.39272e-06              1       1.22e-05  
    30          38        3.283e-06              1       3.34e-05  
    31          39       2.9349e-06              1       2.74e-05  
    32          40      2.04513e-06              1       2.87e-05  
    33          41      1.58967e-06              1       2.83e-05  
    34          42      1.29998e-06              1       3.76e-05  
    35          43      1.19811e-06              1       2.75e-05  
    36          44      5.32183e-07              1        2.4e-05  
    37          45       3.0689e-07              1       7.37e-06  
    38          46      1.75093e-07              1       1.41e-05  
    39          47      7.00482e-08              1       5.89e-06  
                                                        First-order 
 Iteration  Func-count       f(x)        Step-size       optimality
    40          48      2.73267e-08              1       2.55e-06  
    41          49      5.26926e-09              1       2.05e-06  
    42          50      9.12832e-10              1       1.58e-06  
    43          51      3.51641e-11              1        1.3e-07  
    44          52      5.17011e-12              1        5.7e-08  
    45          53      1.40513e-12              1       3.36e-08  
    46          54      4.77979e-14              1       2.14e-09  
    47          55      6.53022e-15              1       1.31e-09  
    48          56      1.65831e-16              1       5.37e-10  
    49          57      6.52201e-18              1        1.1e-10  
    50          58      4.80884e-20              1       2.75e-12  

Optimization completed: The <a href = "matlab: helpview([docroot '/toolbox/optim/msg_csh/optim_msg_csh.map'],'first_order_opt_unc','CSHelpWindow');">first-order optimality measure</a>, 2.741799e-12, is less 
than <a href = "matlab: helpview([docroot '/toolbox/optim/msg_csh/optim_msg_csh.map'],'tolfun','CSHelpWindow');">options.TolFun</a> = 1.000000e-10.

Optimization Metric                                            Options
relative norm(gradient) =   2.74e-12                  TolFun =   1e-10 (selected)

                                                        First-order 
 Iteration  Func-count       f(x)        Step-size       optimality
     0           1         0.237844                        0.0743
     1           2         0.179249              1         0.0446  
     2           3         0.146091              1          0.222  
     3           4         0.103841              1         0.0961  
     4           5         0.088873              1         0.0778  
     5           6        0.0626582              1         0.0444  
     6           7        0.0517344              1         0.0809  
     7           8        0.0420852              1         0.0122  
     8           9        0.0376016              1         0.0107  
     9          10         0.033247              1         0.0172  
    10          11        0.0302432              1         0.0132  
    11          12        0.0263941              1         0.0104  
    12          13          0.02342              1          0.019  
    13          14        0.0204159              1         0.0144  
    14          15        0.0179759              1         0.0113  
    15          16        0.0159982              1         0.0117  
    16          17        0.0144644              1         0.0158  
    17          18        0.0131493              1        0.00908  
    18          19        0.0116687              1        0.00957  
    19          20        0.0102747              1        0.00764  
                                                        First-order 
 Iteration  Func-count       f(x)        Step-size       optimality
    20          21       0.00911263              1           0.01  
    21          22       0.00760407              1        0.00521  
    22          23        0.0065592              1        0.00436  
    23          24       0.00540385              1         0.0045  
    24          25       0.00457721              1        0.00393  
    25          26       0.00382237              1        0.00299  
    26          27       0.00327232              1        0.00264  
    27          28       0.00287643              1        0.00317  
    28          29       0.00253225              1        0.00191  
    29          30       0.00226282              1        0.00205  
    30          31       0.00198472              1          0.002  
    31          32        0.0017643              1        0.00184  
    32          33       0.00155445              1        0.00121  
    33          34       0.00137645              1        0.00191  
    34          35        0.0012217              1        0.00138  
    35          36       0.00109525              1        0.00137  
    36          37      0.000987271              1        0.00192  
    37          38      0.000895506              1        0.00119  
    38          39      0.000812522              1        0.00141  
    39          40      0.000738821              1       0.000861  
                                                        First-order 
 Iteration  Func-count       f(x)        Step-size       optimality
    40          41      0.000667937              1        0.00108  
    41          42      0.000605094              1         0.0011  
    42          43      0.000544622              1        0.00085  
    43          44      0.000496145              1       0.000824  
    44          45      0.000451898              1       0.000718  
    45          46      0.000414747              1       0.000799  
    46          47       0.00037809              1       0.000679  
    47          48      0.000348144              1       0.000639  
    48          49      0.000321382              1       0.000628  
    49          50      0.000297322              1       0.000663  
    50          51      0.000272563              1       0.000619  
    51          52      0.000248696              1       0.000508  
    52          53      0.000225341              1        0.00043  
    53          54      0.000205078              1       0.000429  
    54          55      0.000188364              1       0.000312  
    55          56      0.000175759              1       0.000268  
    56          57      0.000165214              1       0.000264  
    57          58       0.00015624              1       0.000359  
    58          59       0.00014787              1       0.000362  
    59          60      0.000140172              1       0.000423  
                                                        First-order 
 Iteration  Func-count       f(x)        Step-size       optimality
    60          61      0.000132948              1       0.000325  
    61          62      0.000126366              1       0.000364  
    62          63      0.000120147              1       0.000208  
    63          64      0.000114301              1       0.000204  
    64          65      0.000108523              1       0.000202  
    65          66      0.000102944              1       0.000187  
    66          67      9.75438e-05              1       0.000206  
    67          68      9.26101e-05              1       0.000202  
    68          69      8.80784e-05              1       0.000189  
    69          70      8.39821e-05              1       0.000227  
    70          71      8.01301e-05              1       0.000209  
    71          72      7.64567e-05              1       0.000195  
    72          73      7.29329e-05              1       0.000148  
    73          74      6.95969e-05              1       0.000139  
    74          75      6.64929e-05              1       0.000129  
    75          76        6.366e-05              1        0.00013  
    76          77      6.10492e-05              1       0.000117  
    77          78      5.85781e-05              1       0.000125  
    78          79      5.61895e-05              1       0.000118  
    79          80      5.39507e-05              1       0.000113  
                                                        First-order 
 Iteration  Func-count       f(x)        Step-size       optimality
    80          81      5.18757e-05              1       0.000105  
    81          82      4.99205e-05              1       0.000114  
    82          83      4.79509e-05              1       0.000146  
    83          84      4.59506e-05              1       0.000146  
    84          85      4.39355e-05              1       0.000127  
    85          86      4.19688e-05              1       0.000116  
    86          87      4.00251e-05              1       0.000102  
    87          88      3.81542e-05              1       9.67e-05  
    88          89      3.63814e-05              1       0.000104  
    89          90      3.47966e-05              1       0.000109  
    90          91      3.33343e-05              1       8.18e-05  
    91          92      3.19884e-05              1       9.16e-05  
    92          93      3.06825e-05              1       8.36e-05  
    93          94      2.94894e-05              1        0.00011  
    94          95      2.83761e-05              1       0.000106  
    95          96      2.73772e-05              1       0.000102  
    96          97      2.64336e-05              1       9.04e-05  
    97          98      2.55669e-05              1       7.77e-05  
    98          99      2.47445e-05              1       6.59e-05  
    99         100        2.398e-05              1       6.39e-05  
                                                        First-order 
 Iteration  Func-count       f(x)        Step-size       optimality
   100         101      2.32559e-05              1        7.6e-05  
   101         102       2.2573e-05              1       8.75e-05  
   102         103      2.19077e-05              1       6.92e-05  
   103         104      2.12655e-05              1       5.63e-05  
   104         105      2.06566e-05              1       5.67e-05  
   105         106      2.00989e-05              1       6.53e-05  
   106         107      1.95785e-05              1       6.27e-05  
   107         108      1.90736e-05              1       6.28e-05  
   108         109      1.85624e-05              1       5.81e-05  
   109         110      1.80509e-05              1       5.16e-05  
   110         111      1.75482e-05              1       5.78e-05  
   111         112      1.70703e-05              1       4.68e-05  
   112         113      1.66147e-05              1       4.99e-05  
   113         114      1.61823e-05              1       4.79e-05  
   114         115      1.57599e-05              1        4.7e-05  
   115         116      1.53414e-05              1       5.13e-05  
   116         117      1.49147e-05              1       5.02e-05  
   117         118      1.44843e-05              1        4.9e-05  
   118         119      1.40503e-05              1       4.88e-05  
   119         120      1.36214e-05              1       4.83e-05  
                                                        First-order 
 Iteration  Func-count       f(x)        Step-size       optimality
   120         121      1.31909e-05              1       4.86e-05  
   121         122      1.27683e-05              1        5.1e-05  
   122         123      1.23554e-05              1       5.23e-05  
   123         124      1.19727e-05              1       5.35e-05  
   124         125      1.16135e-05              1        5.4e-05  
   125         126       1.1274e-05              1       5.43e-05  
   126         127       1.0929e-05              1       5.37e-05  
   127         128      1.05744e-05              1       5.74e-05  
   128         129      1.02052e-05              1       5.46e-05  
   129         130      9.83758e-06              1       5.01e-05  
   130         131      9.48427e-06              1       4.71e-05  
   131         132       9.1648e-06              1       4.72e-05  
   132         133      8.88479e-06              1       3.83e-05  
   133         134       8.6463e-06              1        4.7e-05  
   134         135      8.43791e-06              1       4.87e-05  
   135         136      8.25093e-06              1       3.83e-05  
   136         137      8.07405e-06              1       3.36e-05  
   137         138      7.90374e-06              1       3.09e-05  
   138         139      7.73522e-06              1       3.25e-05  
   139         140      7.56992e-06              1       3.01e-05  
                                                        First-order 
 Iteration  Func-count       f(x)        Step-size       optimality
   140         141      7.40922e-06              1        3.1e-05  
   141         142       7.2611e-06              1        3.9e-05  
   142         143      7.12676e-06              1       3.23e-05  
   143         144      7.00397e-06              1       3.63e-05  
   144         145      6.88097e-06              1       3.06e-05  
   145         146      6.75152e-06              1       3.08e-05  
   146         147      6.61268e-06              1       2.75e-05  
   147         148      6.47262e-06              1       2.68e-05  
   148         149       6.3399e-06              1       2.96e-05  
   149         150      6.22037e-06              1       3.12e-05  
   150         151      6.11027e-06              1       3.27e-05  
   151         152       6.0031e-06              1        3.2e-05  
   152         153      5.89342e-06              1       3.07e-05  
   153         154      5.78118e-06              1       2.81e-05  
   154         155      5.66953e-06              1       2.67e-05  
   155         156      5.56139e-06              1       2.73e-05  
   156         157      5.45711e-06              1       2.48e-05  
   157         158      5.35607e-06              1        2.3e-05  
   158         159      5.26082e-06              1       2.47e-05  
   159         160      5.17446e-06              1       2.51e-05  
                                                        First-order 
 Iteration  Func-count       f(x)        Step-size       optimality
   160         161      5.09829e-06              1       2.01e-05  
   161         162      5.02849e-06              1       1.96e-05  
   162         163      4.96164e-06              1       2.29e-05  
   163         164      4.89597e-06              1        2.6e-05  
   164         165      4.83299e-06              1       2.22e-05  
   165         166      4.77327e-06              1       1.64e-05  
   166         167      4.71625e-06              1       1.65e-05  
   167         168      4.65887e-06              1       1.72e-05  
   168         169      4.59896e-06              1       1.91e-05  
   169         170      4.53549e-06              1       1.83e-05  
   170         171      4.47114e-06              1       1.91e-05  
   171         172      4.40963e-06              1       2.18e-05  
   172         173      4.35309e-06              1       1.96e-05  
   173         174       4.2992e-06              1       1.96e-05  
   174         175      4.24473e-06              1       1.86e-05  
   175         176      4.18754e-06              1        1.8e-05  
   176         177       4.1285e-06              1       2.15e-05  
   177         178      4.06795e-06              1       1.97e-05  
   178         179      4.00491e-06              1       2.06e-05  
   179         180      3.93676e-06              1       2.28e-05  
                                                        First-order 
 Iteration  Func-count       f(x)        Step-size       optimality
   180         181        3.864e-06              1       2.26e-05  
   181         182       3.7895e-06              1       1.98e-05  
   182         183       3.7191e-06              1       2.08e-05  
   183         184      3.65468e-06              1        1.7e-05  
   184         185      3.59645e-06              1       1.69e-05  
   185         186      3.54005e-06              1       1.89e-05  
   186         187      3.48318e-06              1       2.08e-05  
   187         188      3.42374e-06              1       2.36e-05  
   188         189      3.36493e-06              1       1.92e-05  
   189         190      3.30915e-06              1        1.6e-05  
   190         191      3.25822e-06              1       1.61e-05  
   191         192      3.20908e-06              1       2.26e-05  
   192         193      3.16068e-06              1       2.43e-05  
   193         194      3.11209e-06              1        1.9e-05  
   194         195      3.06539e-06              1       1.54e-05  
   195         196      3.02002e-06              1       1.63e-05  
   196         197      2.97627e-06              1       1.67e-05  
   197         198      2.93367e-06              1        1.5e-05  
   198         199      2.89391e-06              1       1.64e-05  
   199         200      2.85687e-06              1       1.46e-05  
                                                        First-order 
 Iteration  Func-count       f(x)        Step-size       optimality
   200         201      2.82301e-06              1        1.3e-05  
   201         202      2.79102e-06              1       1.29e-05  
   202         203      2.76046e-06              1       1.29e-05  
   203         204      2.72973e-06              1       1.66e-05  
   204         205      2.69857e-06              1       1.46e-05  
   205         206      2.66673e-06              1       1.31e-05  
   206         207      2.63522e-06              1       1.24e-05  
   207         208      2.60421e-06              1       1.41e-05  
   208         209      2.57412e-06              1       1.34e-05  
   209         210      2.54474e-06              1       1.47e-05  
   210         211      2.51605e-06              1       1.51e-05  
   211         212      2.48709e-06              1       1.24e-05  
   212         213       2.4572e-06              1       1.19e-05  
   213         214      2.42595e-06              1       1.31e-05  
   214         215      2.39414e-06              1       1.56e-05  
   215         216      2.36205e-06              1       1.34e-05  
   216         217      2.33059e-06              1        1.4e-05  
   217         218      2.29999e-06              1       1.48e-05  
   218         219      2.27161e-06              1       1.14e-05  
   219         220      2.24453e-06              1       1.36e-05  
                                                        First-order 
 Iteration  Func-count       f(x)        Step-size       optimality
   220         221      2.21738e-06              1       2.09e-05  
   221         222      2.18819e-06              1       2.05e-05  
   222         223      2.15744e-06              1       1.18e-05  
   223         224      2.12612e-06              1       1.31e-05  
   224         225      2.09564e-06              1       1.57e-05  
   225         226      2.06592e-06              1       2.13e-05  
   226         227      2.03732e-06              1       1.77e-05  
   227         228       2.0097e-06              1       1.22e-05  
   228         229      1.98305e-06              1        1.1e-05  
   229         230      1.95621e-06              1       1.36e-05  
   230         231       1.9289e-06              1       1.42e-05  
   231         232      1.90121e-06              1       1.43e-05  
   232         233      1.87473e-06              1       1.19e-05  
   233         234      1.84963e-06              1       1.09e-05  
   234         235      1.82605e-06              1       1.18e-05  
   235         236      1.80293e-06              1       1.12e-05  
   236         237      1.78058e-06              1       1.09e-05  
   237         238      1.75917e-06              1       1.19e-05  
   238         239       1.7397e-06              1       1.25e-05  
   239         240      1.72242e-06              1       1.05e-05  
                                                        First-order 
 Iteration  Func-count       f(x)        Step-size       optimality
   240         241       1.7073e-06              1       8.12e-06  
   241         242       1.6935e-06              1       8.52e-06  
   242         243      1.68035e-06              1       9.64e-06  
   243         244      1.66716e-06              1       9.15e-06  
   244         245      1.65354e-06              1          1e-05  
   245         246      1.63925e-06              1       1.02e-05  
   246         247       1.6247e-06              1       1.04e-05  
   247         248      1.61047e-06              1       9.16e-06  
   248         249      1.59709e-06              1       9.07e-06  
   249         250      1.58434e-06              1       8.73e-06  
   250         251      1.57207e-06              1       8.93e-06  
   251         252      1.56007e-06              1       9.74e-06  
   252         253      1.54829e-06              1       9.52e-06  
   253         254      1.53606e-06              1       8.37e-06  
   254         255      1.52295e-06              1       9.05e-06  
   255         256      1.50921e-06              1       8.94e-06  
   256         257      1.49598e-06              1       8.65e-06  
   257         258      1.48385e-06              1       8.37e-06  
   258         259      1.47246e-06              1       8.44e-06  
   259         260      1.46103e-06              1       8.69e-06  
                                                        First-order 
 Iteration  Func-count       f(x)        Step-size       optimality
   260         261      1.44954e-06              1       8.91e-06  
   261         262      1.43843e-06              1       9.29e-06  
   262         263      1.42792e-06              1       9.36e-06  
   263         264      1.41754e-06              1       9.56e-06  
   264         265       1.4069e-06              1       7.77e-06  
   265         266      1.39604e-06              1       8.01e-06  
   266         267      1.38553e-06              1       7.15e-06  
   267         268      1.37559e-06              1       6.72e-06  
   268         269      1.36618e-06              1       6.75e-06  
   269         270      1.35703e-06              1        7.9e-06  
   270         271      1.34831e-06              1       7.79e-06  
   271         272      1.33998e-06              1       7.91e-06  
   272         273      1.33186e-06              1       7.33e-06  
   273         274      1.32354e-06              1       7.44e-06  
   274         275      1.31506e-06              1       6.92e-06  
   275         276      1.30677e-06              1       5.95e-06  
   276         277      1.29916e-06              1       5.94e-06  
   277         278      1.29224e-06              1       5.51e-06  
   278         279      1.28571e-06              1       5.73e-06  
   279         280      1.27926e-06              1       6.49e-06  
                                                        First-order 
 Iteration  Func-count       f(x)        Step-size       optimality
   280         281      1.27274e-06              1        7.7e-06  
   281         282      1.26614e-06              1       6.84e-06  
   282         283      1.25947e-06              1       7.39e-06  
   283         284      1.25279e-06              1       6.61e-06  
   284         285      1.24621e-06              1       7.05e-06  
   285         286      1.23977e-06              1       7.14e-06  
   286         287      1.23339e-06              1       6.92e-06  
   287         288      1.22699e-06              1       6.98e-06  
   288         289      1.22066e-06              1          7e-06  
   289         290      1.21464e-06              1       6.86e-06  
   290         291      1.20904e-06              1       6.71e-06  
   291         292      1.20364e-06              1        6.5e-06  
   292         293      1.19804e-06              1       6.32e-06  
   293         294      1.19198e-06              1        6.4e-06  
   294         295      1.18553e-06              1        6.5e-06  
   295         296      1.17892e-06              1       5.78e-06  
   296         297      1.17238e-06              1       7.87e-06  
   297         298      1.16592e-06              1       7.89e-06  
   298         299      1.15949e-06              1        6.2e-06  
   299         300      1.15304e-06              1       5.45e-06  
                                                        First-order 
 Iteration  Func-count       f(x)        Step-size       optimality
   300         301      1.14654e-06              1       5.89e-06  
   301         302      1.13977e-06              1       7.25e-06  
   302         303      1.13255e-06              1       7.25e-06  
   303         304       1.1248e-06              1        6.5e-06  
   304         305      1.11681e-06              1       7.16e-06  
   305         306      1.10882e-06              1       7.38e-06  
   306         307      1.10117e-06              1       6.57e-06  
   307         308      1.09402e-06              1       6.49e-06  
   308         309      1.08767e-06              1       6.65e-06  
   309         310      1.08197e-06              1       6.34e-06  
   310         311      1.07661e-06              1       6.29e-06  
   311         312      1.07114e-06              1       6.27e-06  
   312         313      1.06539e-06              1       6.23e-06  
   313         314      1.05931e-06              1       6.33e-06  
   314         315      1.05292e-06              1       6.47e-06  
   315         316      1.04617e-06              1       7.45e-06  
   316         317       1.0391e-06              1       6.94e-06  
   317         318      1.03184e-06              1       8.39e-06  
   318         319      1.02454e-06              1       7.73e-06  
   319         320      1.01719e-06              1       6.58e-06  
                                                        First-order 
 Iteration  Func-count       f(x)        Step-size       optimality
   320         321      1.00985e-06              1       6.34e-06  
   321         322      1.00262e-06              1        6.3e-06  
   322         323      9.95681e-07              1       7.47e-06  
   323         324      9.88717e-07              1       8.93e-06  
   324         325      9.81383e-07              1       8.16e-06  
   325         326      9.73323e-07              1        7.5e-06  
   326         327      9.64897e-07              1       8.17e-06  
   327         328      9.56431e-07              1       7.36e-06  
   328         329      9.48316e-07              1       7.02e-06  
   329         330      9.40464e-07              1       6.37e-06  
   330         331      9.32984e-07              1       7.11e-06  
   331         332      9.25624e-07              1       7.11e-06  
   332         333      9.18222e-07              1       6.81e-06  
   333         334      9.10324e-07              1       6.63e-06  
   334         335      9.02104e-07              1       6.87e-06  
   335         336      8.93892e-07              1       7.07e-06  
   336         337      8.86332e-07              1       6.09e-06  
   337         338      8.79514e-07              1       6.22e-06  
   338         339      8.73481e-07              1       6.17e-06  
   339         340      8.67934e-07              1       5.85e-06  
                                                        First-order 
 Iteration  Func-count       f(x)        Step-size       optimality
   340         341      8.62678e-07              1       5.18e-06  
   341         342      8.57281e-07              1       5.67e-06  
   342         343      8.51665e-07              1       5.68e-06  
   343         344      8.45952e-07              1       5.44e-06  
   344         345      8.40613e-07              1       5.47e-06  
   345         346      8.35705e-07              1       5.46e-06  
   346         347      8.31086e-07              1       4.87e-06  
   347         348      8.26548e-07              1       5.05e-06  
   348         349       8.2217e-07              1       4.53e-06  
   349         350      8.18053e-07              1       4.52e-06  
   350         351      8.14265e-07              1       5.15e-06  
   351         352      8.10708e-07              1        4.3e-06  
   352         353       8.0723e-07              1       4.47e-06  
   353         354      8.03672e-07              1       5.33e-06  
   354         355      8.00018e-07              1       6.68e-06  
   355         356      7.96435e-07              1        5.8e-06  
   356         357      7.93163e-07              1       4.26e-06  
   357         358      7.90244e-07              1       4.19e-06  
   358         359      7.87508e-07              1       4.47e-06  
   359         360      7.84762e-07              1       4.15e-06  
                                                        First-order 
 Iteration  Func-count       f(x)        Step-size       optimality
   360         361      7.81996e-07              1       3.53e-06  
   361         362      7.79286e-07              1       3.98e-06  
   362         363      7.76697e-07              1          4e-06  
   363         364      7.74203e-07              1       4.55e-06  
   364         365      7.71729e-07              1       4.17e-06  
   365         366      7.69231e-07              1       4.57e-06  
   366         367      7.66836e-07              1       4.03e-06  
   367         368      7.64585e-07              1       3.49e-06  
   368         369      7.62416e-07              1       3.37e-06  
   369         370      7.60231e-07              1       3.38e-06  
   370         371      7.58009e-07              1       3.86e-06  
   371         372      7.55798e-07              1       4.04e-06  
   372         373       7.5367e-07              1       3.36e-06  
   373         374      7.51664e-07              1       2.95e-06  
   374         375      7.49757e-07              1       3.43e-06  
   375         376      7.47862e-07              1       3.36e-06  
   376         377      7.45869e-07              1       3.18e-06  
   377         378      7.43742e-07              1       3.44e-06  
   378         379      7.41595e-07              1       3.91e-06  
   379         380      7.39636e-07              1       3.78e-06  
                                                        First-order 
 Iteration  Func-count       f(x)        Step-size       optimality
   380         381      7.37965e-07              1       3.18e-06  
   381         382      7.36491e-07              1       3.17e-06  
   382         383      7.35043e-07              1       3.19e-06  
   383         384      7.33509e-07              1       3.63e-06  
   384         385      7.31882e-07              1       3.94e-06  
   385         386      7.30239e-07              1       3.99e-06  
   386         387      7.28669e-07              1       3.68e-06  
   387         388      7.27206e-07              1       3.16e-06  
   388         389       7.2582e-07              1       2.62e-06  
   389         390      7.24482e-07              1        2.9e-06  
   390         391      7.23191e-07              1       3.51e-06  
   391         392      7.21966e-07              1       3.18e-06  
   392         393      7.20787e-07              1       2.92e-06  
   393         394      7.19602e-07              1       3.28e-06  
   394         395      7.18358e-07              1       3.46e-06  
   395         396      7.17052e-07              1       3.34e-06  
   396         397      7.15704e-07              1       2.86e-06  
   397         398       7.1432e-07              1          3e-06  
   398         399       7.1287e-07              1       3.16e-06  
   399         400      7.11315e-07              1       2.97e-06  
                                                        First-order 
 Iteration  Func-count       f(x)        Step-size       optimality
   400         401      7.09641e-07              1       2.99e-06  
   401         402      7.07878e-07              1       3.19e-06  
   402         403      7.06092e-07              1        3.2e-06  
   403         404      7.04354e-07              1       3.17e-06  
   404         405      7.02692e-07              1       3.19e-06  
   405         406      7.01071e-07              1        3.1e-06  
   406         407      6.99427e-07              1       2.72e-06  
   407         408      6.97732e-07              1       3.22e-06  
   408         409      6.96016e-07              1       3.17e-06  
   409         410      6.94332e-07              1       3.29e-06  
   410         411      6.92713e-07              1       2.66e-06  
   411         412      6.91182e-07              1       2.52e-06  
   412         413      6.89751e-07              1       2.61e-06  
   413         414      6.88399e-07              1       3.07e-06  
   414         415      6.87052e-07              1       2.94e-06  
   415         416      6.85653e-07              1       2.53e-06  
   416         417       6.8422e-07              1       3.07e-06  
   417         418      6.82843e-07              1       2.68e-06  
   418         419      6.81577e-07              1       3.03e-06  
   419         420      6.80405e-07              1       3.15e-06  
                                                        First-order 
 Iteration  Func-count       f(x)        Step-size       optimality
   420         421       6.7929e-07              1       2.75e-06  
   421         422      6.78236e-07              1       2.16e-06  
   422         423      6.77248e-07              1       2.31e-06  
   423         424      6.76302e-07              1       2.17e-06  
   424         425      6.75357e-07              1       2.04e-06  
   425         426      6.74414e-07              1       2.26e-06  
   426         427      6.73495e-07              1       2.39e-06  
   427         428      6.72608e-07              1       2.37e-06  
   428         429      6.71728e-07              1       2.19e-06  
   429         430       6.7085e-07              1       2.37e-06  
   430         431      6.69987e-07              1       2.26e-06  
   431         432      6.69132e-07              1       1.93e-06  
   432         433      6.68236e-07              1       2.27e-06  
   433         434      6.67251e-07              1       2.52e-06  
   434         435       6.6618e-07              1       2.42e-06  
   435         436      6.65101e-07              1       2.09e-06  
   436         437      6.64107e-07              1       2.13e-06  
   437         438      6.63239e-07              1       2.03e-06  
   438         439      6.62466e-07              1        1.9e-06  
   439         440       6.6172e-07              1       2.03e-06  
                                                        First-order 
 Iteration  Func-count       f(x)        Step-size       optimality
   440         441      6.60933e-07              1       2.23e-06  
   441         442      6.60077e-07              1       2.18e-06  
   442         443       6.5919e-07              1       1.92e-06  
   443         444      6.58349e-07              1       2.14e-06  
   444         445      6.57582e-07              1       2.42e-06  
   445         446      6.56841e-07              1       2.12e-06  
   446         447      6.56061e-07              1       1.99e-06  
   447         448      6.55232e-07              1       2.04e-06  
   448         449      6.54404e-07              1       2.24e-06  
   449         450      6.53621e-07              1       2.13e-06  
   450         451      6.52871e-07              1       2.21e-06  
   451         452      6.52115e-07              1       2.22e-06  
   452         453      6.51337e-07              1       2.08e-06  
   453         454      6.50558e-07              1       2.03e-06  
   454         455      6.49795e-07              1       2.27e-06  
   455         456      6.49034e-07              1       2.22e-06  
   456         457      6.48242e-07              1       1.99e-06  
   457         458      6.47409e-07              1       2.24e-06  
   458         459      6.46564e-07              1       2.47e-06  
   459         460       6.4575e-07              1        2.2e-06  
                                                        First-order 
 Iteration  Func-count       f(x)        Step-size       optimality
   460         461      6.44972e-07              1       1.84e-06  
   461         462      6.44208e-07              1        1.9e-06  
   462         463      6.43436e-07              1        2.2e-06  
   463         464       6.4267e-07              1       2.24e-06  
   464         465      6.41937e-07              1       2.04e-06  
   465         466      6.41253e-07              1       1.97e-06  
   466         467      6.40602e-07              1       2.11e-06  
   467         468      6.39964e-07              1       2.41e-06  
   468         469      6.39323e-07              1       2.54e-06  
   469         470      6.38676e-07              1       2.45e-06  
   470         471      6.38015e-07              1       2.12e-06  
   471         472      6.37331e-07              1       2.17e-06  
   472         473      6.36623e-07              1       1.92e-06  
   473         474      6.35904e-07              1       2.05e-06  
   474         475      6.35205e-07              1       2.18e-06  
   475         476      6.34555e-07              1       1.95e-06  
   476         477      6.33956e-07              1        1.8e-06  
   477         478      6.33379e-07              1        1.7e-06  
   478         479      6.32793e-07              1       2.27e-06  
   479         480      6.32194e-07              1        2.1e-06  
                                                        First-order 
 Iteration  Func-count       f(x)        Step-size       optimality
   480         481      6.31606e-07              1       1.79e-06  
   481         482      6.31044e-07              1       1.76e-06  
   482         483      6.30498e-07              1       1.81e-06  
   483         484      6.29941e-07              1       2.24e-06  
   484         485      6.29376e-07              1       1.94e-06  
   485         486      6.28831e-07              1        1.7e-06  
   486         487      6.28324e-07              1       1.45e-06  
   487         488      6.27837e-07              1       1.56e-06  
   488         489      6.27333e-07              1       1.98e-06  
   489         490       6.2678e-07              1       2.26e-06  
   490         491      6.26155e-07              1       2.23e-06  
   491         492      6.25451e-07              1       1.97e-06  
   492         493      6.24695e-07              1       2.01e-06  
   493         494      6.23956e-07              1       2.04e-06  
   494         495        6.233e-07              1       2.07e-06  
   495         496      6.22722e-07              1       1.76e-06  
   496         497      6.22172e-07              1       1.93e-06  
   497         498      6.21614e-07              1       1.73e-06  
   498         499      6.21063e-07              1       1.56e-06  
   499         500      6.20545e-07              1       1.46e-06  
                                                        First-order 
 Iteration  Func-count       f(x)        Step-size       optimality
   500         501      6.20064e-07              1       1.45e-06  
   501         502      6.19595e-07              1       1.62e-06  
   502         503      6.19127e-07              1       1.71e-06  
   503         504      6.18671e-07              1       1.62e-06  
   504         505      6.18248e-07              1       1.64e-06  
   505         506      6.17854e-07              1       1.71e-06  
   506         507      6.17469e-07              1       1.54e-06  
   507         508      6.17079e-07              1       1.51e-06  
   508         509      6.16688e-07              1       1.39e-06  
   509         510      6.16313e-07              1       1.39e-06  
   510         511      6.15964e-07              1       1.36e-06  
   511         512      6.15637e-07              1       1.39e-06  
   512         513       6.1532e-07              1       1.39e-06  
   513         514      6.15005e-07              1       1.36e-06  
   514         515      6.14688e-07              1       1.46e-06  
   515         516      6.14372e-07              1       1.51e-06  
   516         517      6.14058e-07              1       1.34e-06  
   517         518       6.1375e-07              1       1.42e-06  
   518         519      6.13452e-07              1       1.48e-06  
   519         520      6.13167e-07              1        1.3e-06  
                                                        First-order 
 Iteration  Func-count       f(x)        Step-size       optimality
   520         521        6.129e-07              1       1.02e-06  
   521         522       6.1265e-07              1       1.11e-06  
   522         523      6.12419e-07              1       1.24e-06  
   523         524      6.12204e-07              1       1.36e-06  
   524         525      6.12002e-07              1       1.18e-06  
   525         526      6.11808e-07              1       1.01e-06  
   526         527       6.1162e-07              1       1.04e-06  
   527         528      6.11429e-07              1       9.76e-07  
   528         529      6.11231e-07              1       9.97e-07  
   529         530      6.11022e-07              1       1.11e-06  
   530         531      6.10809e-07              1       1.25e-06  
   531         532      6.10596e-07              1       1.19e-06  
   532         533      6.10384e-07              1       1.07e-06  
   533         534      6.10164e-07              1       1.05e-06  
   534         535      6.09934e-07              1       1.04e-06  
   535         536      6.09703e-07              1       1.06e-06  
   536         537      6.09485e-07              1       9.78e-07  
   537         538      6.09286e-07              1        8.5e-07  
   538         539        6.091e-07              1       8.71e-07  
   539         540      6.08923e-07              1       9.33e-07  
                                                        First-order 
 Iteration  Func-count       f(x)        Step-size       optimality
   540         541      6.08748e-07              1       9.65e-07  
   541         542      6.08575e-07              1       9.92e-07  
   542         543      6.08403e-07              1       1.07e-06  
   543         544      6.08237e-07              1       9.76e-07  
   544         545      6.08081e-07              1       8.59e-07  
   545         546      6.07932e-07              1       9.26e-07  
   546         547      6.07783e-07              1       9.64e-07  
   547         548      6.07627e-07              1       1.08e-06  
   548         549      6.07468e-07              1       8.81e-07  
   549         550      6.07316e-07              1       1.17e-06  
   550         551      6.07172e-07              1       1.08e-06  
   551         552      6.07036e-07              1       8.78e-07  
   552         553      6.06904e-07              1       8.26e-07  
   553         554      6.06779e-07              1       7.26e-07  
   554         555       6.0666e-07              1       8.39e-07  
   555         556      6.06545e-07              1       7.98e-07  
   556         557      6.06432e-07              1        8.3e-07  
   557         558       6.0632e-07              1        7.5e-07  
   558         559       6.0621e-07              1       6.99e-07  
   559         560      6.06104e-07              1       7.18e-07  
                                                        First-order 
 Iteration  Func-count       f(x)        Step-size       optimality
   560         561      6.06007e-07              1       7.24e-07  
   561         562      6.05923e-07              1       6.35e-07  
   562         563      6.05848e-07              1       5.77e-07  
   563         564      6.05777e-07              1       5.97e-07  
   564         565      6.05704e-07              1       6.21e-07  
   565         566       6.0563e-07              1        5.9e-07  
   566         567      6.05558e-07              1       6.34e-07  
   567         568      6.05491e-07              1        5.9e-07  
   568         569      6.05428e-07              1       6.06e-07  
   569         570       6.0537e-07              1       5.89e-07  
   570         571      6.05317e-07              1       5.03e-07  
   571         572      6.05268e-07              1       4.82e-07  
   572         573      6.05222e-07              1       4.71e-07  
   573         574      6.05178e-07              1       5.54e-07  
   574         575      6.05136e-07              1       4.77e-07  
   575         576      6.05095e-07              1       4.78e-07  
   576         577       6.0505e-07              1       5.06e-07  
   577         578      6.05003e-07              1       4.78e-07  
   578         579      6.04955e-07              1       5.11e-07  
   579         580      6.04909e-07              1       4.82e-07  
                                                        First-order 
 Iteration  Func-count       f(x)        Step-size       optimality
   580         581      6.04867e-07              1       4.46e-07  
   581         582      6.04826e-07              1       4.88e-07  
   582         583      6.04787e-07              1       4.63e-07  
   583         584      6.04746e-07              1       4.57e-07  
   584         585      6.04704e-07              1       5.07e-07  
   585         586      6.04662e-07              1       4.25e-07  
   586         587      6.04621e-07              1       4.71e-07  
   587         588      6.04581e-07              1       4.71e-07  
   588         589      6.04542e-07              1       4.32e-07  
   589         590      6.04502e-07              1       4.08e-07  
   590         591      6.04464e-07              1       4.05e-07  
   591         592       6.0443e-07              1          4e-07  
   592         593      6.04398e-07              1       3.75e-07  
   593         594      6.04368e-07              1       4.25e-07  
   594         595      6.04336e-07              1       4.05e-07  
   595         596      6.04303e-07              1       4.48e-07  
   596         597      6.04271e-07              1       4.16e-07  
   597         598       6.0424e-07              1       4.25e-07  
   598         599       6.0421e-07              1       3.64e-07  
   599         600      6.04181e-07              1       4.14e-07  
                                                        First-order 
 Iteration  Func-count       f(x)        Step-size       optimality
   600         601      6.04155e-07              1       3.47e-07  
   601         602      6.04132e-07              1       3.34e-07  
   602         603       6.0411e-07              1        3.4e-07  
   603         604      6.04087e-07              1       3.71e-07  
   604         605      6.04062e-07              1       3.32e-07  
   605         606      6.04035e-07              1       3.94e-07  
   606         607      6.04006e-07              1       4.11e-07  
   607         608      6.03974e-07              1       3.71e-07  
   608         609      6.03944e-07              1       4.19e-07  
   609         610      6.03917e-07              1       3.62e-07  
   610         611      6.03891e-07              1       4.02e-07  
   611         612      6.03866e-07              1        3.7e-07  
   612         613      6.03841e-07              1       3.58e-07  
   613         614      6.03815e-07              1       3.71e-07  
   614         615      6.03791e-07              1        3.8e-07  
   615         616      6.03767e-07              1       3.16e-07  
   616         617      6.03743e-07              1       3.48e-07  
   617         618      6.03718e-07              1       3.63e-07  
   618         619      6.03694e-07              1       3.75e-07  
   619         620      6.03669e-07              1       4.01e-07  
                                                        First-order 
 Iteration  Func-count       f(x)        Step-size       optimality
   620         621      6.03643e-07              1       3.47e-07  
   621         622      6.03614e-07              1       3.85e-07  
   622         623      6.03585e-07              1       3.66e-07  
   623         624      6.03556e-07              1       4.11e-07  
   624         625      6.03528e-07              1          4e-07  
   625         626        6.035e-07              1       3.86e-07  
   626         627       6.0347e-07              1       4.58e-07  
   627         628      6.03439e-07              1       4.14e-07  
   628         629       6.0341e-07              1       4.34e-07  
   629         630      6.03381e-07              1       3.95e-07  
   630         631      6.03354e-07              1       3.81e-07  
   631         632      6.03327e-07              1       4.17e-07  
   632         633      6.03301e-07              1       4.52e-07  
   633         634      6.03274e-07              1       4.43e-07  
   634         635      6.03248e-07              1       3.67e-07  
   635         636      6.03221e-07              1       3.88e-07  
   636         637      6.03193e-07              1       3.81e-07  
   637         638      6.03163e-07              1       4.27e-07  
   638         639      6.03131e-07              1       4.46e-07  
   639         640      6.03098e-07              1       4.24e-07  
                                                        First-order 
 Iteration  Func-count       f(x)        Step-size       optimality
   640         641      6.03068e-07              1       4.01e-07  
   641         642       6.0304e-07              1       4.55e-07  
   642         643      6.03014e-07              1       4.94e-07  
   643         644      6.02986e-07              1       4.41e-07  
   644         645      6.02958e-07              1       4.14e-07  
   645         646      6.02927e-07              1       4.06e-07  
   646         647      6.02896e-07              1       4.22e-07  
   647         648      6.02865e-07              1       3.73e-07  
   648         649      6.02836e-07              1       4.83e-07  
   649         650      6.02809e-07              1       4.82e-07  
   650         651      6.02784e-07              1       3.46e-07  
   651         652      6.02761e-07              1       4.18e-07  
   652         653      6.02739e-07              1       3.83e-07  
   653         654      6.02719e-07              1        4.3e-07  
   654         655      6.02698e-07              1       4.14e-07  
   655         656      6.02678e-07              1       3.06e-07  
   656         657      6.02659e-07              1       3.54e-07  
   657         658      6.02639e-07              1       3.26e-07  
   658         659       6.0262e-07              1       3.42e-07  
   659         660      6.02601e-07              1       3.17e-07  
                                                        First-order 
 Iteration  Func-count       f(x)        Step-size       optimality
   660         661      6.02583e-07              1       3.01e-07  
   661         662      6.02567e-07              1        3.2e-07  
   662         663      6.02552e-07              1       3.46e-07  
   663         664      6.02537e-07              1       2.83e-07  
   664         665      6.02521e-07              1       3.17e-07  
   665         666      6.02506e-07              1       3.19e-07  
   666         667      6.02492e-07              1       2.85e-07  
   667         668       6.0248e-07              1       2.54e-07  
   668         669      6.02467e-07              1       2.59e-07  
   669         670      6.02455e-07              1       2.61e-07  
   670         671      6.02443e-07              1       2.61e-07  
   671         672      6.02431e-07              1       2.74e-07  
   672         673      6.02418e-07              1       2.47e-07  
   673         674      6.02404e-07              1       2.57e-07  
   674         675      6.02389e-07              1       2.72e-07  
   675         676      6.02374e-07              1        2.9e-07  
   676         677      6.02357e-07              1       3.16e-07  
   677         678      6.02338e-07              1       3.32e-07  
   678         679      6.02318e-07              1       3.25e-07  
   679         680      6.02297e-07              1       3.75e-07  
                                                        First-order 
 Iteration  Func-count       f(x)        Step-size       optimality
   680         681      6.02276e-07              1       3.39e-07  
   681         682      6.02257e-07              1       3.07e-07  
   682         683      6.02239e-07              1       2.91e-07  
   683         684      6.02221e-07              1       3.16e-07  
   684         685      6.02204e-07              1       3.18e-07  
   685         686      6.02186e-07              1        3.6e-07  
   686         687      6.02168e-07              1       3.56e-07  
   687         688       6.0215e-07              1       3.26e-07  
   688         689      6.02133e-07              1       3.74e-07  
   689         690      6.02116e-07              1       3.75e-07  
   690         691      6.02098e-07              1       3.38e-07  
   691         692      6.02079e-07              1       2.99e-07  
   692         693      6.02059e-07              1       2.95e-07  
   693         694       6.0204e-07              1       3.39e-07  
   694         695      6.02021e-07              1       3.71e-07  
   695         696      6.02003e-07              1       3.25e-07  
   696         697      6.01985e-07              1       3.15e-07  
   697         698      6.01967e-07              1       2.94e-07  
   698         699      6.01949e-07              1        3.3e-07  
   699         700       6.0193e-07              1       3.22e-07  
                                                        First-order 
 Iteration  Func-count       f(x)        Step-size       optimality
   700         701       6.0191e-07              1       3.66e-07  
   701         702       6.0189e-07              1       3.61e-07  
   702         703      6.01869e-07              1       3.36e-07  
   703         704      6.01848e-07              1       3.49e-07  
   704         705      6.01827e-07              1       3.22e-07  
   705         706      6.01805e-07              1       3.72e-07  
   706         707      6.01783e-07              1       3.93e-07  
   707         708      6.01761e-07              1       3.44e-07  
   708         709      6.01739e-07              1       3.85e-07  
   709         710      6.01717e-07              1       3.44e-07  
   710         711      6.01693e-07              1       3.77e-07  
   711         712       6.0167e-07              1       3.42e-07  
   712         713      6.01648e-07              1       3.14e-07  
   713         714      6.01628e-07              1       2.82e-07  
   714         715      6.01609e-07              1       3.13e-07  
   715         716       6.0159e-07              1       3.29e-07  
   716         717       6.0157e-07              1       3.44e-07  
   717         718       6.0155e-07              1       3.22e-07  
   718         719      6.01528e-07              1       3.79e-07  
   719         720      6.01506e-07              1       4.57e-07  
                                                        First-order 
 Iteration  Func-count       f(x)        Step-size       optimality
   720         721      6.01484e-07              1       3.88e-07  
   721         722      6.01463e-07              1       3.32e-07  
   722         723      6.01444e-07              1       3.24e-07  
   723         724      6.01424e-07              1       3.05e-07  
   724         725      6.01405e-07              1       3.08e-07  
   725         726      6.01386e-07              1       2.81e-07  
   726         727      6.01368e-07              1        2.7e-07  
   727         728      6.01352e-07              1        2.6e-07  
   728         729      6.01337e-07              1       2.67e-07  
   729         730      6.01322e-07              1       2.98e-07  
   730         731      6.01307e-07              1       3.23e-07  
   731         732      6.01291e-07              1       3.13e-07  
   732         733      6.01274e-07              1       2.88e-07  
   733         734      6.01258e-07              1       3.05e-07  
   734         735      6.01241e-07              1       3.32e-07  
   735         736      6.01223e-07              1       3.15e-07  
   736         737      6.01204e-07              1       3.27e-07  
   737         738      6.01185e-07              1       3.38e-07  
   738         739      6.01168e-07              1       3.44e-07  
   739         740      6.01152e-07              1       2.57e-07  
                                                        First-order 
 Iteration  Func-count       f(x)        Step-size       optimality
   740         741      6.01137e-07              1       3.02e-07  
   741         742      6.01123e-07              1          3e-07  
   742         743      6.01109e-07              1       3.11e-07  
   743         744      6.01094e-07              1       3.02e-07  
   744         745      6.01078e-07              1       3.27e-07  
   745         746      6.01061e-07              1       3.11e-07  
   746         747      6.01044e-07              1       3.23e-07  
   747         748      6.01027e-07              1       3.44e-07  
   748         749       6.0101e-07              1       3.17e-07  
   749         750      6.00993e-07              1       3.62e-07  
   750         751      6.00975e-07              1       2.97e-07  
   751         752      6.00959e-07              1       4.03e-07  
   752         753      6.00944e-07              1       4.14e-07  
   753         754      6.00929e-07              1       3.19e-07  
   754         755      6.00914e-07              1       3.18e-07  
   755         756      6.00899e-07              1       3.19e-07  
   756         757      6.00884e-07              1       2.73e-07  
   757         758      6.00868e-07              1       3.44e-07  
   758         759      6.00852e-07              1       3.46e-07  
   759         760      6.00836e-07              1        3.4e-07  
                                                        First-order 
 Iteration  Func-count       f(x)        Step-size       optimality
   760         761       6.0082e-07              1       3.35e-07  
   761         762      6.00804e-07              1       3.85e-07  
   762         763      6.00788e-07              1       3.37e-07  
   763         764      6.00771e-07              1          3e-07  
   764         765      6.00755e-07              1       2.88e-07  
   765         766      6.00741e-07              1       3.14e-07  
   766         767      6.00727e-07              1       2.51e-07  
   767         768      6.00715e-07              1       2.29e-07  
   768         769      6.00703e-07              1       2.57e-07  
   769         770      6.00692e-07              1       2.93e-07  
   770         771      6.00679e-07              1       2.84e-07  
   771         772      6.00667e-07              1       3.03e-07  
   772         773      6.00654e-07              1       2.45e-07  
   773         774      6.00642e-07              1       2.47e-07  
   774         775      6.00631e-07              1       2.36e-07  
   775         776       6.0062e-07              1       2.37e-07  
   776         777      6.00609e-07              1        2.2e-07  
   777         778      6.00599e-07              1       2.44e-07  
   778         779      6.00591e-07              1       2.15e-07  
   779         780      6.00582e-07              1       2.04e-07  
                                                        First-order 
 Iteration  Func-count       f(x)        Step-size       optimality
   780         781      6.00574e-07              1       2.54e-07  
   781         782      6.00565e-07              1       2.69e-07  
   782         783      6.00555e-07              1       2.24e-07  
   783         784      6.00545e-07              1        2.4e-07  
   784         785      6.00536e-07              1       2.41e-07  
   785         786      6.00526e-07              1       2.25e-07  
   786         787      6.00517e-07              1       2.01e-07  
   787         788      6.00507e-07              1       2.31e-07  
   788         789      6.00498e-07              1       2.82e-07  
   789         790      6.00489e-07              1       2.73e-07  
   790         791      6.00481e-07              1       2.06e-07  
   791         792      6.00473e-07              1       2.11e-07  
   792         793      6.00466e-07              1       2.13e-07  
   793         794      6.00458e-07              1       2.26e-07  
   794         795      6.00451e-07              1       2.16e-07  
   795         796      6.00443e-07              1       1.67e-07  
   796         797      6.00436e-07              1       1.96e-07  
   797         798      6.00429e-07              1       2.13e-07  
   798         799      6.00422e-07              1       2.18e-07  
   799         800      6.00414e-07              1       2.16e-07  
                                                        First-order 
 Iteration  Func-count       f(x)        Step-size       optimality
   800         801      6.00407e-07              1       1.78e-07  
   801         802        6.004e-07              1       1.72e-07  
   802         803      6.00393e-07              1       1.61e-07  
   803         804      6.00387e-07              1        1.9e-07  
   804         805       6.0038e-07              1       1.71e-07  
   805         806      6.00374e-07              1       1.99e-07  
   806         807      6.00367e-07              1       2.03e-07  
   807         808      6.00361e-07              1       1.93e-07  
   808         809      6.00355e-07              1       1.83e-07  
   809         810      6.00348e-07              1       2.04e-07  
   810         811      6.00342e-07              1        2.1e-07  
   811         812      6.00336e-07              1       1.98e-07  
   812         813       6.0033e-07              1       1.73e-07  
   813         814      6.00323e-07              1       1.81e-07  
   814         815      6.00317e-07              1       1.86e-07  
   815         816      6.00311e-07              1       1.62e-07  
   816         817      6.00305e-07              1       1.81e-07  
   817         818      6.00299e-07              1       1.82e-07  
   818         819      6.00294e-07              1       1.73e-07  
   819         820      6.00289e-07              1       1.95e-07  
                                                        First-order 
 Iteration  Func-count       f(x)        Step-size       optimality
   820         821      6.00283e-07              1       1.98e-07  
   821         822      6.00277e-07              1       1.72e-07  
   822         823      6.00271e-07              1        1.7e-07  
   823         824      6.00266e-07              1       1.48e-07  
   824         825      6.00261e-07              1       1.72e-07  
   825         826      6.00255e-07              1       1.87e-07  
   826         827       6.0025e-07              1       1.95e-07  
   827         828      6.00244e-07              1       1.86e-07  
   828         829      6.00239e-07              1       1.51e-07  
   829         830      6.00232e-07              1        1.8e-07  
   830         831      6.00225e-07              1        2.3e-07  
   831         832      6.00218e-07              1       2.16e-07  
   832         833       6.0021e-07              1       2.15e-07  
   833         834      6.00203e-07              1       2.37e-07  
   834         835      6.00195e-07              1       2.38e-07  
   835         836      6.00186e-07              1       2.37e-07  
   836         837      6.00178e-07              1        2.1e-07  
   837         838      6.00169e-07              1       2.32e-07  
   838         839       6.0016e-07              1       2.19e-07  
   839         840       6.0015e-07              1       2.29e-07  
                                                        First-order 
 Iteration  Func-count       f(x)        Step-size       optimality
   840         841       6.0014e-07              1       2.41e-07  
   841         842       6.0013e-07              1        2.4e-07  
   842         843      6.00121e-07              1       2.21e-07  
   843         844      6.00111e-07              1       2.57e-07  
   844         845        6.001e-07              1       2.69e-07  
   845         846      6.00089e-07              1       3.03e-07  
   846         847      6.00076e-07              1       3.45e-07  
   847         848      6.00063e-07              1       2.73e-07  
   848         849      6.00049e-07              1       2.81e-07  
   849         850      6.00036e-07              1       2.85e-07  
   850         851      6.00022e-07              1       2.69e-07  
   851         852      6.00009e-07              1       2.72e-07  
   852         853      5.99997e-07              1       2.44e-07  
   853         854      5.99985e-07              1       2.58e-07  
   854         855      5.99973e-07              1       2.74e-07  
   855         856      5.99961e-07              1       2.66e-07  
   856         857      5.99948e-07              1       2.85e-07  
   857         858      5.99937e-07              1       2.57e-07  
   858         859      5.99925e-07              1       2.67e-07  
   859         860      5.99914e-07              1       2.89e-07  
                                                        First-order 
 Iteration  Func-count       f(x)        Step-size       optimality
   860         861      5.99902e-07              1        2.5e-07  
   861         862      5.99889e-07              1       2.79e-07  
   862         863      5.99876e-07              1       2.77e-07  
   863         864      5.99864e-07              1       2.69e-07  
   864         865      5.99852e-07              1       2.59e-07  
   865         866       5.9984e-07              1       2.61e-07  
   866         867      5.99828e-07              1        2.6e-07  
   867         868      5.99814e-07              1       3.35e-07  
   868         869        5.998e-07              1       3.03e-07  
   869         870      5.99786e-07              1       3.25e-07  
   870         871      5.99771e-07              1        3.2e-07  
   871         872      5.99756e-07              1       3.12e-07  
   872         873      5.99741e-07              1       3.02e-07  
   873         874      5.99725e-07              1       3.06e-07  
   874         875      5.99711e-07              1       2.93e-07  
   875         876      5.99698e-07              1       2.26e-07  
   876         877      5.99687e-07              1       2.33e-07  
   877         878      5.99675e-07              1       2.25e-07  
   878         879      5.99663e-07              1       2.32e-07  
   879         880      5.99652e-07              1       2.49e-07  
                                                        First-order 
 Iteration  Func-count       f(x)        Step-size       optimality
   880         881       5.9964e-07              1       2.65e-07  
   881         882      5.99628e-07              1       2.59e-07  
   882         883      5.99616e-07              1        2.8e-07  
   883         884      5.99605e-07              1       2.46e-07  
   884         885      5.99596e-07              1        2.1e-07  
   885         886      5.99588e-07              1       2.07e-07  
   886         887      5.99581e-07              1       2.41e-07  
   887         888      5.99573e-07              1       2.09e-07  
   888         889      5.99566e-07              1       2.14e-07  
   889         890      5.99559e-07              1        2.5e-07  
   890         891      5.99552e-07              1       2.32e-07  
   891         892      5.99546e-07              1       2.37e-07  
   892         893      5.99539e-07              1       2.25e-07  
   893         894      5.99533e-07              1        2.1e-07  
   894         895      5.99526e-07              1       1.73e-07  
   895         896      5.99519e-07              1       1.91e-07  
   896         897      5.99512e-07              1       1.98e-07  
   897         898      5.99505e-07              1       2.02e-07  
   898         899      5.99498e-07              1       2.02e-07  
   899         900      5.99491e-07              1       2.23e-07  
                                                        First-order 
 Iteration  Func-count       f(x)        Step-size       optimality
   900         901      5.99485e-07              1       2.23e-07  
   901         902      5.99477e-07              1       2.28e-07  
   902         903      5.99468e-07              1       2.25e-07  
   903         904      5.99458e-07              1       2.22e-07  
   904         905      5.99448e-07              1       2.52e-07  
   905         906      5.99437e-07              1        2.6e-07  
   906         907      5.99427e-07              1       2.12e-07  
   907         908      5.99416e-07              1       2.14e-07  
   908         909      5.99406e-07              1       2.42e-07  
   909         910      5.99396e-07              1       1.97e-07  
   910         911      5.99387e-07              1       2.28e-07  
   911         912      5.99377e-07              1       2.15e-07  
   912         913      5.99367e-07              1       2.18e-07  
   913         914      5.99358e-07              1       2.21e-07  
   914         915      5.99348e-07              1       2.48e-07  
   915         916      5.99339e-07              1       2.48e-07  
   916         917      5.99329e-07              1       2.43e-07  
   917         918      5.99319e-07              1       2.61e-07  
   918         919      5.99309e-07              1       2.31e-07  
   919         920      5.99301e-07              1       2.23e-07  
                                                        First-order 
 Iteration  Func-count       f(x)        Step-size       optimality
   920         921      5.99292e-07              1       2.23e-07  
   921         922      5.99283e-07              1       2.07e-07  
   922         923      5.99275e-07              1       2.25e-07  
   923         924      5.99268e-07              1       1.95e-07  
   924         925      5.99261e-07              1       1.84e-07  
   925         926      5.99254e-07              1       1.88e-07  
   926         927      5.99246e-07              1       1.95e-07  
   927         928      5.99239e-07              1       1.75e-07  
   928         929      5.99232e-07              1       2.02e-07  
   929         930      5.99226e-07              1       2.69e-07  
   930         931       5.9922e-07              1       2.86e-07  
   931         932      5.99213e-07              1       2.54e-07  
   932         933      5.99207e-07              1       1.85e-07  
   933         934        5.992e-07              1       1.88e-07  
   934         935      5.99194e-07              1       1.84e-07  
   935         936      5.99188e-07              1       1.98e-07  
   936         937      5.99182e-07              1       1.91e-07  
   937         938      5.99176e-07              1       1.83e-07  
   938         939       5.9917e-07              1        1.9e-07  
   939         940      5.99164e-07              1        2.1e-07  
                                                        First-order 
 Iteration  Func-count       f(x)        Step-size       optimality
   940         941      5.99158e-07              1       2.09e-07  
   941         942      5.99153e-07              1       2.28e-07  
   942         943      5.99147e-07              1       2.08e-07  
   943         944      5.99142e-07              1       1.65e-07  
   944         945      5.99138e-07              1       1.61e-07  
   945         946      5.99133e-07              1       1.69e-07  
   946         947      5.99128e-07              1       1.85e-07  
   947         948      5.99122e-07              1       2.21e-07  
   948         949      5.99116e-07              1       2.07e-07  
   949         950       5.9911e-07              1       1.96e-07  
   950         951      5.99105e-07              1        1.8e-07  
   951         952        5.991e-07              1       1.72e-07  
   952         953      5.99095e-07              1       1.55e-07  
   953         954      5.99091e-07              1       1.31e-07  
   954         955      5.99087e-07              1       1.38e-07  
   955         956      5.99084e-07              1       1.33e-07  
   956         957       5.9908e-07              1       1.34e-07  
   957         958      5.99077e-07              1       1.28e-07  
   958         959      5.99075e-07              1       1.23e-07  
   959         960      5.99072e-07              1       1.22e-07  
                                                        First-order 
 Iteration  Func-count       f(x)        Step-size       optimality
   960         961      5.99069e-07              1       1.19e-07  
   961         962      5.99065e-07              1       1.47e-07  
   962         963      5.99062e-07              1       1.55e-07  
   963         964      5.99059e-07              1       1.29e-07  
   964         965      5.99056e-07              1       1.15e-07  
   965         966      5.99053e-07              1        1.2e-07  
   966         967       5.9905e-07              1       1.23e-07  
   967         968      5.99048e-07              1       1.09e-07  
   968         969      5.99045e-07              1       1.24e-07  
   969         970      5.99043e-07              1       1.31e-07  
   970         971       5.9904e-07              1       1.22e-07  
   971         972      5.99038e-07              1       1.13e-07  
   972         973      5.99036e-07              1       1.11e-07  
   973         974      5.99033e-07              1       1.06e-07  

Optimization completed: The <a href = "matlab: helpview([docroot '/toolbox/optim/msg_csh/optim_msg_csh.map'],'first_order_opt_unc','CSHelpWindow');">first-order optimality measure</a>, 9.885676e-08, is less 
than <a href = "matlab: helpview([docroot '/toolbox/optim/msg_csh/optim_msg_csh.map'],'tolfun','CSHelpWindow');">options.TolFun</a> = 1.000000e-07.

Optimization Metric                                            Options
relative norm(gradient) =   9.89e-08                  TolFun =   1e-07 (selected)

