flow iter#1; |dv| = 4.92506
flow iter#2; |dv| = 1.23732
flow iter#3; |dv| = 1.49235
flow iter#4; |dv| = 1.96522
flow iter#5; |dv| = 1.60902
flow iter#6; |dv| = 0.88346
flow iter#7; |dv| = 0.254792
flow iter#8; |dv| = 0.26152
flow iter#9; |dv| = 0.369201
flow iter#10; |dv| = 0.312229
flow iter#11; |dv| = 0.186444
flow iter#12; |dv| = 0.0692117
flow iter#13; |dv| = 0.0292212
flow iter#14; |dv| = 0.053682
flow iter#15; |dv| = 0.0524809
flow iter#16; |dv| = 0.0356872
flow iter#17; |dv| = 0.0166984
flow iter#18; |dv| = 0.00614212
flow iter#19; |dv| = 0.00883343
flow iter#20; |dv| = 0.00980038
flow iter#21; |dv| = 0.0080425
flow iter#22; |dv| = 0.00586178
flow iter#23; |dv| = 0.00487326
                                                        First-order 
 Iteration  Func-count       f(x)        Step-size       optimality
     0           1        0.0507506                       0.00242
     1           4        0.0264751             91        0.00116  
     2           6        0.0104759            0.5       0.000942  
     3           7       0.00132037              1       0.000214  
     4           8      0.000649588              1       0.000779  
     5           9      5.68146e-05              1       7.95e-05  
     6          10       3.0053e-05              1       2.95e-05  
     7          11      2.71018e-05              1       2.26e-05  
     8          12      2.57857e-05              1       1.14e-05  
     9          13      2.36946e-05              1       1.86e-05  
    10          14      9.30487e-06              1       5.19e-05  
    11          15      3.64554e-06              1       5.83e-05  
    12          16      1.57298e-06              1       8.48e-06  
    13          17      9.30686e-07              1       8.62e-06  
    14          18      8.93938e-07              1       1.07e-06  
    15          19       8.9065e-07              1       7.34e-07  
    16          20      8.82995e-07              1       1.26e-06  
    17          21      8.74259e-07              1       2.29e-06  
    18          22      8.44382e-07              1       4.21e-06  
    19          23      7.89358e-07              1       6.05e-06  
                                                        First-order 
 Iteration  Func-count       f(x)        Step-size       optimality
    20          24      7.32881e-07              1       6.55e-06  
    21          25      5.38211e-07              1        8.7e-06  
    22          26      3.00496e-07              1       7.77e-06  
    23          27      2.06743e-07              1        9.7e-06  
    24          28      1.79331e-07              1       8.74e-06  
    25          29      9.24254e-08              1       5.66e-06  
    26          30       5.7081e-08              1        2.7e-06  
    27          31      3.06191e-08              1       2.85e-06  
    28          32       1.0175e-08              1       2.49e-06  
    29          33       2.3143e-09              1       5.02e-07  
    30          34      6.40208e-10              1       1.04e-06  
    31          35      2.31063e-11              1       1.49e-07  
    32          36      2.63877e-13              1       2.51e-09  
    33          37      6.54243e-15              1       1.95e-09  
    34          38      4.42138e-16              1       6.05e-10  
    35          39      2.43237e-17              1       9.29e-11  

Optimization completed: The <a href = "matlab: helpview([docroot '/toolbox/optim/msg_csh/optim_msg_csh.map'],'first_order_opt_unc','CSHelpWindow');">first-order optimality measure</a>, 9.269776e-11, is less 
than <a href = "matlab: helpview([docroot '/toolbox/optim/msg_csh/optim_msg_csh.map'],'tolfun','CSHelpWindow');">options.TolFun</a> = 1.000000e-10.

Optimization Metric                                            Options
relative norm(gradient) =   9.27e-11                  TolFun =   1e-10 (selected)

                                                        First-order 
 Iteration  Func-count       f(x)        Step-size       optimality
     0           1         0.210861                        0.0455
     1           2         0.165148              1         0.0206  
     2           3         0.119515              1         0.0494  
     3           4        0.0851606              1         0.0335  
     4           5        0.0591857              1         0.0404  
     5           6        0.0462388              1         0.0312  
     6           7        0.0390007              1         0.0195  
     7           8        0.0343291              1         0.0137  
     8           9        0.0310802              1        0.00826  
     9          10        0.0275639              1        0.00874  
    10          11        0.0253195              1        0.00964  
    11          12        0.0218268              1        0.00929  
    12          13        0.0196424              1         0.0068  
    13          14        0.0171976              1         0.0112  
    14          15        0.0151335              1        0.00647  
    15          16        0.0137869              1        0.00666  
    16          17        0.0120759              1        0.00575  
    17          18        0.0109244              1        0.00401  
    18          19       0.00958245              1         0.0034  
    19          20       0.00865351              1        0.00381  
                                                        First-order 
 Iteration  Func-count       f(x)        Step-size       optimality
    20          21        0.0075756              1        0.00717  
    21          22       0.00661762              1        0.00436  
    22          23       0.00571916              1        0.00456  
    23          24       0.00477981              1         0.0026  
    24          25       0.00405438              1        0.00276  
    25          26       0.00348983              1        0.00234  
    26          27       0.00307794              1        0.00224  
    27          28       0.00269224              1        0.00217  
    28          29       0.00237794              1         0.0022  
    29          30        0.0020794              1        0.00193  
    30          31       0.00181127              1        0.00156  
    31          32       0.00158603              1        0.00151  
    32          33       0.00141524              1        0.00139  
    33          34       0.00127133              1        0.00114  
    34          35       0.00114516              1        0.00113  
    35          36        0.0010408              1       0.000903  
    36          37       0.00095652              1       0.000841  
    37          38      0.000890461              1       0.000772  
    38          39      0.000834662              1       0.000694  
    39          40      0.000789173              1       0.000622  
                                                        First-order 
 Iteration  Func-count       f(x)        Step-size       optimality
    40          41      0.000746944              1       0.000521  
    41          42      0.000710878              1       0.000515  
    42          43      0.000672776              1       0.000574  
    43          44      0.000636364              1       0.000658  
    44          45      0.000599861              1       0.000585  
    45          46      0.000564922              1       0.000544  
    46          47      0.000531905              1       0.000467  
    47          48      0.000501274              1       0.000466  
    48          49      0.000473548              1       0.000444  
    49          50      0.000448818              1       0.000471  
    50          51      0.000427653              1       0.000469  
    51          52      0.000407603              1       0.000456  
    52          53      0.000388142              1       0.000428  
    53          54      0.000367958              1       0.000378  
    54          55       0.00034993              1       0.000381  
    55          56      0.000333018              1       0.000414  
    56          57      0.000317877              1       0.000369  
    57          58      0.000302838              1       0.000348  
    58          59      0.000288988              1       0.000371  
    59          60      0.000275913              1       0.000345  
                                                        First-order 
 Iteration  Func-count       f(x)        Step-size       optimality
    60          61      0.000264137              1       0.000285  
    61          62      0.000252707              1       0.000252  
    62          63      0.000242234              1       0.000286  
    63          64      0.000232477              1        0.00028  
    64          65      0.000223487              1       0.000284  
    65          66      0.000214292              1       0.000265  
    66          67      0.000205141              1        0.00027  
    67          68      0.000195906              1       0.000279  
    68          69      0.000187599              1       0.000296  
    69          70      0.000179608              1       0.000246  
    70          71      0.000172031              1       0.000234  
    71          72      0.000163965              1       0.000234  
    72          73      0.000155897              1       0.000253  
    73          74      0.000147921              1       0.000237  
    74          75      0.000140776              1        0.00021  
    75          76       0.00013427              1       0.000222  
    76          77      0.000128284              1       0.000289  
    77          78      0.000122389              1         0.0002  
    78          79       0.00011685              1       0.000189  
    79          80      0.000111469              1       0.000195  
                                                        First-order 
 Iteration  Func-count       f(x)        Step-size       optimality
    80          81       0.00010649              1       0.000177  
    81          82      0.000101154              1       0.000181  
    82          83      9.57371e-05              1        0.00023  
    83          84      9.05682e-05              1       0.000241  
    84          85      8.61905e-05              1       0.000182  
    85          86      8.23123e-05              1       0.000132  
    86          87      7.88673e-05              1        0.00014  
    87          88      7.57085e-05              1       0.000158  
    88          89      7.29263e-05              1       0.000138  
    89          90      7.03209e-05              1       0.000128  
    90          91      6.78696e-05              1       0.000124  
    91          92      6.55544e-05              1       0.000121  
    92          93      6.35112e-05              1       0.000122  
    93          94      6.16446e-05              1       0.000115  
    94          95      5.98778e-05              1       0.000127  
    95          96      5.80962e-05              1       0.000117  
    96          97      5.63381e-05              1       0.000109  
    97          98      5.46397e-05              1       0.000106  
    98          99       5.3065e-05              1       9.93e-05  
    99         100      5.15852e-05              1       0.000106  
                                                        First-order 
 Iteration  Func-count       f(x)        Step-size       optimality
   100         101      5.01836e-05              1       8.71e-05  
   101         102      4.88524e-05              1       8.33e-05  
   102         103      4.76443e-05              1       8.83e-05  
   103         104      4.65496e-05              1       8.37e-05  
   104         105      4.55209e-05              1       9.55e-05  
   105         106      4.44819e-05              1       9.01e-05  
   106         107      4.34237e-05              1       7.73e-05  
   107         108      4.23691e-05              1       7.54e-05  
   108         109      4.13493e-05              1       7.61e-05  
   109         110      4.03533e-05              1        7.9e-05  
   110         111      3.93881e-05              1       8.85e-05  
   111         112      3.84636e-05              1       7.35e-05  
   112         113      3.75981e-05              1       6.73e-05  
   113         114      3.67623e-05              1       7.12e-05  
   114         115      3.59493e-05              1       7.47e-05  
   115         116      3.51628e-05              1       7.78e-05  
   116         117      3.44318e-05              1          8e-05  
   117         118      3.37362e-05              1       7.42e-05  
   118         119      3.30623e-05              1       7.02e-05  
   119         120       3.2397e-05              1        6.5e-05  
                                                        First-order 
 Iteration  Func-count       f(x)        Step-size       optimality
   120         121      3.17696e-05              1       6.66e-05  
   121         122      3.11773e-05              1       6.95e-05  
   122         123      3.06127e-05              1       7.74e-05  
   123         124      3.00509e-05              1        8.3e-05  
   124         125      2.94982e-05              1       8.96e-05  
   125         126      2.89489e-05              1       9.02e-05  
   126         127      2.84049e-05              1       9.29e-05  
   127         128      2.78611e-05              1       8.82e-05  
   128         129      2.73421e-05              1       9.29e-05  
   129         130      2.68611e-05              1       8.14e-05  
   130         131        2.643e-05              1       9.74e-05  
   131         132      2.60203e-05              1       7.45e-05  
   132         133      2.56219e-05              1       9.53e-05  
   133         134      2.51838e-05              1       7.89e-05  
   134         135      2.47425e-05              1       8.43e-05  
   135         136      2.43128e-05              1       7.39e-05  
   136         137      2.38802e-05              1       7.55e-05  
   137         138      2.34154e-05              1       6.57e-05  
   138         139      2.29353e-05              1       6.41e-05  
   139         140      2.24175e-05              1       6.83e-05  
                                                        First-order 
 Iteration  Func-count       f(x)        Step-size       optimality
   140         141      2.19295e-05              1       9.83e-05  
   141         142      2.14735e-05              1       0.000104  
   142         143      2.10591e-05              1       0.000128  
   143         144      2.06213e-05              1       9.11e-05  
   144         145       2.0171e-05              1       6.72e-05  
   145         146      1.98178e-05              1       4.83e-05  
   146         147      1.94052e-05              1       4.79e-05  
   147         148      1.90326e-05              1       5.03e-05  
   148         149      1.86632e-05              1       5.45e-05  
   149         150      1.83249e-05              1       5.58e-05  
   150         151       1.8023e-05              1       6.28e-05  
   151         152      1.77666e-05              1        0.00012  
   152         153      1.75115e-05              1       4.39e-05  
   153         154      1.72341e-05              1       7.21e-05  
   154         155      1.69949e-05              1       6.02e-05  
   155         156      1.67803e-05              1       3.57e-05  
   156         157      1.65642e-05              1       3.91e-05  
   157         158      1.63786e-05              1       4.17e-05  
   158         159      1.62055e-05              1       4.07e-05  
   159         160      1.60386e-05              1       3.33e-05  
                                                        First-order 
 Iteration  Func-count       f(x)        Step-size       optimality
   160         161      1.58715e-05              1       3.07e-05  
   161         162      1.57098e-05              1       3.69e-05  
   162         163      1.55559e-05              1       3.68e-05  
   163         164      1.54095e-05              1       3.14e-05  
   164         165      1.52716e-05              1       2.98e-05  
   165         166      1.51448e-05              1       2.88e-05  
   166         167        1.503e-05              1       2.67e-05  
   167         168      1.49233e-05              1       2.74e-05  
   168         169       1.4821e-05              1       2.84e-05  
   169         170      1.47228e-05              1       3.02e-05  
   170         171      1.46296e-05              1       2.72e-05  
   171         172      1.45385e-05              1       2.94e-05  
   172         173      1.44436e-05              1        3.2e-05  
   173         174      1.43378e-05              1       2.97e-05  
   174         175      1.42194e-05              1       2.81e-05  
   175         176      1.40931e-05              1       3.45e-05  
   176         177      1.39715e-05              1       3.37e-05  
   177         178      1.38607e-05              1       2.64e-05  
   178         179      1.37611e-05              1       2.22e-05  
   179         180       1.3667e-05              1       2.35e-05  
                                                        First-order 
 Iteration  Func-count       f(x)        Step-size       optimality
   180         181      1.35766e-05              1       3.04e-05  
   181         182      1.34898e-05              1       2.82e-05  
   182         183      1.34079e-05              1       2.78e-05  
   183         184       1.3329e-05              1       2.63e-05  
   184         185      1.32492e-05              1       2.44e-05  
   185         186      1.31649e-05              1       2.44e-05  
   186         187      1.30753e-05              1       2.92e-05  
   187         188      1.29821e-05              1       2.59e-05  
   188         189      1.28883e-05              1       2.58e-05  
   189         190      1.27975e-05              1       2.24e-05  
   190         191      1.27126e-05              1       2.07e-05  
   191         192      1.26349e-05              1       1.99e-05  
   192         193      1.25634e-05              1       2.04e-05  
   193         194      1.24962e-05              1       1.93e-05  
   194         195      1.24327e-05              1       2.06e-05  
   195         196      1.23728e-05              1          2e-05  
   196         197      1.23171e-05              1       1.79e-05  
   197         198      1.22667e-05              1       1.89e-05  
   198         199      1.22222e-05              1       1.87e-05  
   199         200      1.21827e-05              1       1.74e-05  
                                                        First-order 
 Iteration  Func-count       f(x)        Step-size       optimality
   200         201       1.2146e-05              1       1.59e-05  
   201         202        1.211e-05              1       1.51e-05  
   202         203      1.20738e-05              1       1.59e-05  
   203         204      1.20377e-05              1       1.47e-05  
   204         205      1.20019e-05              1       1.45e-05  
   205         206      1.19658e-05              1       1.38e-05  
   206         207      1.19285e-05              1        1.3e-05  
   207         208        1.189e-05              1       1.46e-05  
   208         209      1.18507e-05              1        1.7e-05  
   209         210      1.18119e-05              1       1.69e-05  
   210         211       1.1775e-05              1       1.47e-05  
   211         212      1.17406e-05              1       1.36e-05  
   212         213       1.1708e-05              1       1.32e-05  
   213         214      1.16749e-05              1       1.74e-05  
   214         215      1.16406e-05              1        1.6e-05  
   215         216      1.16068e-05              1       1.39e-05  
   216         217      1.15763e-05              1       1.78e-05  
   217         218      1.15488e-05              1       1.86e-05  
   218         219      1.15229e-05              1       1.84e-05  
   219         220      1.14974e-05              1       1.28e-05  
                                                        First-order 
 Iteration  Func-count       f(x)        Step-size       optimality
   220         221      1.14724e-05              1       1.27e-05  
   221         222      1.14481e-05              1       1.29e-05  
   222         223      1.14238e-05              1       1.19e-05  
   223         224      1.13983e-05              1       1.22e-05  
   224         225      1.13713e-05              1       1.66e-05  
   225         226      1.13436e-05              1       1.73e-05  
   226         227      1.13164e-05              1       1.49e-05  
   227         228      1.12905e-05              1       1.58e-05  
   228         229      1.12659e-05              1       1.59e-05  
   229         230      1.12422e-05              1       1.47e-05  
   230         231      1.12181e-05              1       1.31e-05  
   231         232      1.11928e-05              1       1.18e-05  
   232         233      1.11666e-05              1       1.36e-05  
   233         234      1.11411e-05              1       1.28e-05  
   234         235      1.11172e-05              1       1.61e-05  
   235         236      1.10941e-05              1       1.33e-05  
   236         237      1.10707e-05              1       1.27e-05  
   237         238      1.10469e-05              1       1.17e-05  
   238         239      1.10238e-05              1       1.11e-05  
   239         240      1.10015e-05              1       1.16e-05  
                                                        First-order 
 Iteration  Func-count       f(x)        Step-size       optimality
   240         241      1.09792e-05              1       1.15e-05  
   241         242      1.09563e-05              1       1.26e-05  
   242         243      1.09329e-05              1       1.23e-05  
   243         244      1.09105e-05              1       1.14e-05  
   244         245      1.08894e-05              1       1.01e-05  
   245         246      1.08695e-05              1       1.15e-05  
   246         247      1.08499e-05              1        1.2e-05  
   247         248      1.08305e-05              1       1.14e-05  
   248         249      1.08109e-05              1       1.04e-05  
   249         250      1.07916e-05              1       1.14e-05  
   250         251      1.07722e-05              1       1.18e-05  
   251         252      1.07524e-05              1       1.32e-05  
   252         253      1.07318e-05              1       1.45e-05  
   253         254      1.07108e-05              1       1.15e-05  
   254         255      1.06906e-05              1       1.03e-05  
   255         256      1.06719e-05              1       1.15e-05  
   256         257      1.06542e-05              1       1.17e-05  
   257         258      1.06368e-05              1       1.06e-05  
   258         259      1.06191e-05              1       1.09e-05  
   259         260      1.06013e-05              1       1.01e-05  
                                                        First-order 
 Iteration  Func-count       f(x)        Step-size       optimality
   260         261      1.05829e-05              1       1.15e-05  
   261         262      1.05642e-05              1       1.15e-05  
   262         263      1.05451e-05              1       1.21e-05  
   263         264      1.05266e-05              1       1.13e-05  
   264         265       1.0509e-05              1       1.09e-05  
   265         266      1.04923e-05              1       1.27e-05  
   266         267      1.04763e-05              1       1.25e-05  
   267         268      1.04614e-05              1       1.11e-05  
   268         269      1.04473e-05              1       9.91e-06  
   269         270      1.04338e-05              1          9e-06  
   270         271      1.04206e-05              1       9.47e-06  
   271         272       1.0408e-05              1       9.07e-06  
   272         273      1.03958e-05              1       9.34e-06  
   273         274      1.03838e-05              1       1.05e-05  
   274         275      1.03717e-05              1       9.02e-06  
   275         276      1.03597e-05              1       8.72e-06  
   276         277       1.0348e-05              1       7.45e-06  
   277         278      1.03367e-05              1       8.87e-06  
   278         279      1.03252e-05              1       9.65e-06  
   279         280      1.03137e-05              1       8.11e-06  
                                                        First-order 
 Iteration  Func-count       f(x)        Step-size       optimality
   280         281      1.03025e-05              1       8.33e-06  
   281         282      1.02922e-05              1       8.64e-06  
   282         283      1.02828e-05              1        7.5e-06  
   283         284      1.02741e-05              1       6.89e-06  
   284         285      1.02662e-05              1       6.75e-06  
   285         286      1.02589e-05              1       6.19e-06  
   286         287      1.02518e-05              1       6.03e-06  
   287         288      1.02449e-05              1       6.59e-06  
   288         289      1.02382e-05              1       7.37e-06  
   289         290      1.02319e-05              1       6.84e-06  
   290         291      1.02259e-05              1       6.26e-06  
   291         292      1.02201e-05              1       5.72e-06  
   292         293      1.02146e-05              1       5.86e-06  
   293         294      1.02096e-05              1       5.73e-06  
   294         295      1.02051e-05              1          5e-06  
   295         296      1.02008e-05              1       4.82e-06  
   296         297      1.01964e-05              1       5.18e-06  
   297         298      1.01918e-05              1       5.05e-06  
   298         299      1.01871e-05              1       6.41e-06  
   299         300      1.01826e-05              1       7.28e-06  
                                                        First-order 
 Iteration  Func-count       f(x)        Step-size       optimality
   300         301      1.01781e-05              1       6.27e-06  
   301         302      1.01739e-05              1       4.48e-06  
   302         303      1.01701e-05              1       4.68e-06  
   303         304      1.01666e-05              1       4.82e-06  
   304         305      1.01632e-05              1       4.89e-06  
   305         306      1.01596e-05              1       4.02e-06  
   306         307       1.0156e-05              1       4.44e-06  
   307         308      1.01524e-05              1       4.32e-06  
   308         309       1.0149e-05              1       4.71e-06  
   309         310      1.01458e-05              1       4.95e-06  
   310         311      1.01427e-05              1       3.75e-06  
   311         312      1.01398e-05              1       4.24e-06  
   312         313      1.01369e-05              1       3.62e-06  
   313         314      1.01343e-05              1       3.81e-06  
   314         315      1.01318e-05              1       3.56e-06  
   315         316      1.01294e-05              1        3.6e-06  
   316         317      1.01271e-05              1       3.44e-06  
   317         318      1.01248e-05              1       4.45e-06  
   318         319      1.01225e-05              1       4.48e-06  
   319         320        1.012e-05              1       3.82e-06  
                                                        First-order 
 Iteration  Func-count       f(x)        Step-size       optimality
   320         321      1.01175e-05              1       4.16e-06  
   321         322      1.01148e-05              1       5.18e-06  
   322         323       1.0112e-05              1        4.9e-06  
   323         324       1.0109e-05              1       4.64e-06  
   324         325      1.01059e-05              1          5e-06  
   325         326      1.01029e-05              1       4.55e-06  
   326         327      1.01002e-05              1       3.98e-06  
   327         328      1.00977e-05              1       3.99e-06  
   328         329      1.00951e-05              1       3.94e-06  
   329         330      1.00923e-05              1       3.88e-06  
   330         331      1.00894e-05              1       3.66e-06  
   331         332      1.00863e-05              1       4.61e-06  
   332         333       1.0083e-05              1       5.07e-06  
   333         334      1.00795e-05              1       4.22e-06  
   334         335      1.00759e-05              1        4.1e-06  
   335         336      1.00724e-05              1       3.99e-06  
   336         337      1.00687e-05              1        5.1e-06  
   337         338      1.00648e-05              1       5.73e-06  
   338         339      1.00605e-05              1       5.61e-06  
   339         340       1.0056e-05              1       5.55e-06  
                                                        First-order 
 Iteration  Func-count       f(x)        Step-size       optimality
   340         341      1.00513e-05              1       5.27e-06  
   341         342      1.00466e-05              1       5.05e-06  
   342         343      1.00422e-05              1       5.12e-06  
   343         344       1.0038e-05              1       5.69e-06  
   344         345      1.00341e-05              1       4.92e-06  
   345         346      1.00304e-05              1       4.62e-06  
   346         347      1.00269e-05              1       3.87e-06  
   347         348      1.00235e-05              1       4.25e-06  
   348         349      1.00201e-05              1        4.5e-06  
   349         350      1.00168e-05              1       4.83e-06  
   350         351      1.00137e-05              1       5.25e-06  
   351         352      1.00106e-05              1       4.88e-06  
   352         353      1.00075e-05              1        4.6e-06  
   353         354      1.00043e-05              1          5e-06  
   354         355       1.0001e-05              1       5.22e-06  
   355         356      9.99777e-06              1       4.63e-06  
   356         357      9.99458e-06              1       4.22e-06  
   357         358      9.99143e-06              1       4.72e-06  
   358         359      9.98835e-06              1        4.5e-06  
   359         360      9.98539e-06              1        4.5e-06  
                                                        First-order 
 Iteration  Func-count       f(x)        Step-size       optimality
   360         361      9.98253e-06              1       4.38e-06  
   361         362      9.97969e-06              1       4.33e-06  
   362         363      9.97683e-06              1       4.39e-06  
   363         364      9.97406e-06              1        3.8e-06  
   364         365      9.97142e-06              1       3.83e-06  
   365         366      9.96884e-06              1          4e-06  
   366         367      9.96621e-06              1       4.35e-06  
   367         368      9.96348e-06              1       4.42e-06  
   368         369      9.96073e-06              1       4.49e-06  
   369         370      9.95805e-06              1       4.57e-06  
   370         371       9.9554e-06              1       4.49e-06  
   371         372      9.95276e-06              1       3.48e-06  
   372         373      9.95018e-06              1        4.4e-06  
   373         374      9.94775e-06              1       3.69e-06  
   374         375      9.94545e-06              1       5.11e-06  
   375         376      9.94316e-06              1       4.87e-06  
   376         377      9.94082e-06              1       3.42e-06  
   377         378      9.93854e-06              1       3.57e-06  
   378         379      9.93646e-06              1       3.35e-06  
   379         380      9.93457e-06              1       3.81e-06  
                                                        First-order 
 Iteration  Func-count       f(x)        Step-size       optimality
   380         381      9.93275e-06              1       3.45e-06  
   381         382      9.93092e-06              1       3.29e-06  
   382         383       9.9291e-06              1       3.05e-06  
   383         384      9.92738e-06              1       3.46e-06  
   384         385      9.92576e-06              1       3.25e-06  
   385         386      9.92416e-06              1       3.66e-06  
   386         387      9.92254e-06              1        3.5e-06  
   387         388      9.92094e-06              1       2.96e-06  
   388         389      9.91945e-06              1       2.99e-06  
   389         390      9.91813e-06              1       3.33e-06  
   390         391      9.91695e-06              1       3.55e-06  
   391         392      9.91587e-06              1       2.65e-06  
   392         393      9.91484e-06              1       2.59e-06  
   393         394      9.91381e-06              1       2.38e-06  
   394         395      9.91277e-06              1       2.35e-06  
   395         396      9.91171e-06              1       2.58e-06  
   396         397      9.91064e-06              1       2.63e-06  
   397         398       9.9096e-06              1       2.88e-06  
   398         399      9.90859e-06              1       2.51e-06  
   399         400      9.90764e-06              1       2.66e-06  
                                                        First-order 
 Iteration  Func-count       f(x)        Step-size       optimality
   400         401      9.90673e-06              1       3.14e-06  
   401         402      9.90585e-06              1       2.85e-06  
   402         403      9.90495e-06              1       2.61e-06  
   403         404      9.90402e-06              1        2.5e-06  
   404         405      9.90306e-06              1       2.16e-06  
   405         406      9.90206e-06              1       2.35e-06  
   406         407      9.90102e-06              1        2.3e-06  
   407         408      9.89999e-06              1        2.6e-06  
   408         409      9.89904e-06              1        2.7e-06  
   409         410      9.89817e-06              1       2.29e-06  
   410         411      9.89733e-06              1       1.89e-06  
   411         412      9.89644e-06              1       2.42e-06  
   412         413       9.8955e-06              1       2.51e-06  
   413         414      9.89458e-06              1       2.48e-06  
   414         415      9.89369e-06              1       2.49e-06  
   415         416      9.89284e-06              1       2.55e-06  
   416         417      9.89204e-06              1       2.19e-06  
   417         418      9.89129e-06              1       2.21e-06  
   418         419      9.89057e-06              1       2.05e-06  
   419         420      9.88983e-06              1       2.32e-06  
                                                        First-order 
 Iteration  Func-count       f(x)        Step-size       optimality
   420         421      9.88904e-06              1        2.4e-06  
   421         422      9.88826e-06              1       2.28e-06  
   422         423      9.88753e-06              1       2.04e-06  
   423         424      9.88685e-06              1       1.89e-06  
   424         425      9.88618e-06              1       1.98e-06  
   425         426      9.88554e-06              1        1.8e-06  
   426         427      9.88496e-06              1       1.88e-06  
   427         428      9.88444e-06              1       1.88e-06  
   428         429      9.88394e-06              1       1.78e-06  
   429         430      9.88342e-06              1       1.93e-06  
   430         431      9.88287e-06              1       1.73e-06  
   431         432      9.88231e-06              1       1.74e-06  
   432         433      9.88172e-06              1       2.09e-06  
   433         434      9.88111e-06              1       1.89e-06  
   434         435      9.88046e-06              1       1.95e-06  
   435         436      9.87982e-06              1       2.33e-06  
   436         437      9.87916e-06              1       2.24e-06  
   437         438      9.87851e-06              1       1.84e-06  
   438         439      9.87787e-06              1       1.64e-06  
   439         440      9.87726e-06              1        1.6e-06  
                                                        First-order 
 Iteration  Func-count       f(x)        Step-size       optimality
   440         441      9.87668e-06              1       2.04e-06  
   441         442      9.87612e-06              1       2.28e-06  
   442         443      9.87556e-06              1       2.23e-06  
   443         444      9.87502e-06              1       1.91e-06  
   444         445      9.87449e-06              1       1.65e-06  
   445         446      9.87398e-06              1        1.6e-06  
   446         447      9.87348e-06              1       1.68e-06  
   447         448        9.873e-06              1       1.45e-06  
   448         449      9.87256e-06              1       1.43e-06  
   449         450      9.87215e-06              1       1.56e-06  
   450         451      9.87176e-06              1       1.55e-06  
   451         452      9.87138e-06              1       1.55e-06  
   452         453      9.87102e-06              1       1.61e-06  
   453         454      9.87066e-06              1       1.66e-06  
   454         455      9.87027e-06              1       1.47e-06  
   455         456      9.86986e-06              1       1.58e-06  
   456         457      9.86942e-06              1       1.83e-06  
   457         458      9.86898e-06              1       1.69e-06  
   458         459      9.86855e-06              1        1.8e-06  
   459         460      9.86814e-06              1       1.61e-06  
                                                        First-order 
 Iteration  Func-count       f(x)        Step-size       optimality
   460         461      9.86775e-06              1       1.54e-06  
   461         462       9.8674e-06              1       1.57e-06  
   462         463      9.86708e-06              1       1.35e-06  
   463         464      9.86677e-06              1       1.55e-06  
   464         465      9.86648e-06              1       1.58e-06  
   465         466      9.86618e-06              1        1.5e-06  
   466         467      9.86587e-06              1       1.49e-06  
   467         468      9.86555e-06              1       1.46e-06  
   468         469      9.86523e-06              1       1.62e-06  
   469         470      9.86492e-06              1       1.47e-06  
   470         471      9.86462e-06              1       1.33e-06  
   471         472      9.86435e-06              1       1.43e-06  
   472         473      9.86407e-06              1       1.18e-06  
   473         474      9.86378e-06              1       1.35e-06  
   474         475      9.86346e-06              1       1.34e-06  
   475         476      9.86315e-06              1       1.37e-06  
   476         477      9.86286e-06              1       1.33e-06  
   477         478      9.86258e-06              1       1.26e-06  
   478         479      9.86232e-06              1       1.26e-06  
   479         480      9.86205e-06              1       1.33e-06  
                                                        First-order 
 Iteration  Func-count       f(x)        Step-size       optimality
   480         481      9.86179e-06              1       1.38e-06  
   481         482      9.86154e-06              1        1.5e-06  
   482         483      9.86129e-06              1       1.23e-06  
   483         484      9.86104e-06              1       1.29e-06  
   484         485      9.86078e-06              1       1.18e-06  
   485         486      9.86053e-06              1       1.15e-06  
   486         487      9.86027e-06              1       1.22e-06  
   487         488      9.86001e-06              1       1.17e-06  
   488         489      9.85973e-06              1       1.41e-06  
   489         490      9.85946e-06              1       1.24e-06  
   490         491      9.85919e-06              1       1.22e-06  
   491         492      9.85895e-06              1       1.07e-06  
   492         493      9.85872e-06              1       1.16e-06  
   493         494      9.85848e-06              1       1.29e-06  
   494         495      9.85823e-06              1       1.17e-06  
   495         496      9.85798e-06              1       1.28e-06  
   496         497      9.85773e-06              1       1.44e-06  
   497         498      9.85747e-06              1       1.21e-06  
   498         499      9.85719e-06              1       1.36e-06  
   499         500      9.85692e-06              1       1.47e-06  
                                                        First-order 
 Iteration  Func-count       f(x)        Step-size       optimality
   500         501      9.85668e-06              1       1.27e-06  
   501         502      9.85647e-06              1       1.18e-06  
   502         503      9.85626e-06              1       1.16e-06  
   503         504      9.85604e-06              1       1.12e-06  
   504         505      9.85578e-06              1       1.24e-06  
   505         506      9.85549e-06              1       1.47e-06  
   506         507      9.85519e-06              1       1.67e-06  
   507         508       9.8549e-06              1       1.71e-06  
   508         509      9.85461e-06              1       1.51e-06  
   509         510      9.85432e-06              1       1.45e-06  
   510         511      9.85403e-06              1       1.49e-06  
   511         512      9.85374e-06              1       1.35e-06  
   512         513      9.85344e-06              1       1.27e-06  
   513         514      9.85312e-06              1       1.34e-06  
   514         515      9.85277e-06              1        1.5e-06  
   515         516      9.85239e-06              1        1.5e-06  
   516         517        9.852e-06              1       1.64e-06  
   517         518      9.85165e-06              1        1.3e-06  
   518         519      9.85132e-06              1       1.36e-06  
   519         520        9.851e-06              1       1.24e-06  
                                                        First-order 
 Iteration  Func-count       f(x)        Step-size       optimality
   520         521      9.85067e-06              1        1.4e-06  
   521         522      9.85031e-06              1       1.49e-06  
   522         523      9.84992e-06              1       1.44e-06  
   523         524      9.84952e-06              1       1.52e-06  
   524         525      9.84913e-06              1       1.75e-06  
   525         526      9.84872e-06              1       1.74e-06  
   526         527      9.84832e-06              1       1.58e-06  
   527         528      9.84792e-06              1        1.5e-06  
   528         529      9.84755e-06              1        1.5e-06  
   529         530      9.84721e-06              1       1.74e-06  
   530         531      9.84687e-06              1       1.38e-06  
   531         532      9.84653e-06              1       1.44e-06  
   532         533      9.84618e-06              1       1.41e-06  
   533         534      9.84582e-06              1       1.64e-06  
   534         535      9.84546e-06              1       1.82e-06  
   535         536      9.84511e-06              1       1.65e-06  
   536         537      9.84476e-06              1       1.73e-06  
   537         538      9.84442e-06              1       1.36e-06  
   538         539      9.84408e-06              1       1.36e-06  
   539         540      9.84374e-06              1       1.46e-06  
                                                        First-order 
 Iteration  Func-count       f(x)        Step-size       optimality
   540         541      9.84336e-06              1       1.49e-06  
   541         542      9.84298e-06              1       1.59e-06  
   542         543       9.8426e-06              1       1.43e-06  
   543         544      9.84222e-06              1       1.71e-06  
   544         545      9.84185e-06              1       1.53e-06  
   545         546      9.84149e-06              1        1.7e-06  
   546         547      9.84112e-06              1        2.1e-06  
   547         548      9.84076e-06              1       1.79e-06  
   548         549      9.84038e-06              1       1.64e-06  
   549         550      9.83998e-06              1       1.86e-06  
   550         551      9.83957e-06              1        1.5e-06  
   551         552      9.83918e-06              1       1.88e-06  
   552         553       9.8388e-06              1       1.61e-06  
   553         554      9.83842e-06              1       1.34e-06  
   554         555      9.83803e-06              1       1.43e-06  
   555         556      9.83765e-06              1       1.72e-06  
   556         557      9.83728e-06              1       1.68e-06  
   557         558      9.83694e-06              1       1.32e-06  
   558         559      9.83663e-06              1       1.16e-06  
   559         560      9.83635e-06              1       1.19e-06  
                                                        First-order 
 Iteration  Func-count       f(x)        Step-size       optimality
   560         561      9.83608e-06              1       1.14e-06  
   561         562      9.83582e-06              1       1.22e-06  
   562         563      9.83553e-06              1        1.3e-06  
   563         564      9.83522e-06              1       1.47e-06  
   564         565      9.83492e-06              1       1.25e-06  
   565         566      9.83462e-06              1        1.5e-06  
   566         567      9.83433e-06              1       1.68e-06  
   567         568      9.83406e-06              1       1.46e-06  
   568         569      9.83381e-06              1       1.18e-06  
   569         570      9.83357e-06              1       1.36e-06  
   570         571      9.83332e-06              1        1.2e-06  
   571         572      9.83307e-06              1       1.09e-06  
   572         573      9.83282e-06              1       1.19e-06  
   573         574      9.83259e-06              1       1.32e-06  
   574         575      9.83236e-06              1       1.05e-06  
   575         576      9.83214e-06              1        1.1e-06  
   576         577      9.83192e-06              1       1.13e-06  
   577         578      9.83171e-06              1       1.06e-06  
   578         579      9.83151e-06              1       1.26e-06  
   579         580       9.8313e-06              1       1.15e-06  
                                                        First-order 
 Iteration  Func-count       f(x)        Step-size       optimality
   580         581      9.83111e-06              1       1.15e-06  
   581         582      9.83093e-06              1        1.2e-06  
   582         583      9.83076e-06              1       1.09e-06  
   583         584      9.83057e-06              1       9.68e-07  
   584         585      9.83038e-06              1       1.19e-06  
   585         586      9.83019e-06              1       1.07e-06  
   586         587         9.83e-06              1        1.2e-06  
   587         588      9.82981e-06              1       1.03e-06  
   588         589      9.82962e-06              1       9.96e-07  
   589         590      9.82944e-06              1       9.49e-07  
   590         591      9.82927e-06              1       9.94e-07  
   591         592       9.8291e-06              1       1.07e-06  
   592         593      9.82894e-06              1       9.98e-07  
   593         594      9.82879e-06              1       9.51e-07  
   594         595      9.82865e-06              1       9.19e-07  
   595         596      9.82852e-06              1       9.45e-07  
   596         597       9.8284e-06              1       9.33e-07  
   597         598      9.82828e-06              1       8.96e-07  
   598         599      9.82817e-06              1       7.97e-07  
   599         600      9.82805e-06              1        8.7e-07  
                                                        First-order 
 Iteration  Func-count       f(x)        Step-size       optimality
   600         601      9.82792e-06              1       8.25e-07  
   601         602      9.82779e-06              1       8.43e-07  
   602         603      9.82767e-06              1       9.25e-07  
   603         604      9.82755e-06              1       7.53e-07  
   604         605      9.82743e-06              1       8.86e-07  
   605         606      9.82732e-06              1        8.1e-07  
   606         607       9.8272e-06              1       8.84e-07  
   607         608      9.82709e-06              1       9.08e-07  
   608         609      9.82698e-06              1       9.14e-07  
   609         610      9.82688e-06              1       8.07e-07  
   610         611      9.82677e-06              1       9.22e-07  
   611         612      9.82666e-06              1       7.78e-07  
   612         613      9.82656e-06              1       1.08e-06  
   613         614      9.82646e-06              1       1.05e-06  
   614         615      9.82635e-06              1       8.16e-07  
   615         616      9.82625e-06              1       8.43e-07  
   616         617      9.82614e-06              1       8.96e-07  
   617         618      9.82604e-06              1       1.12e-06  
   618         619      9.82594e-06              1        1.1e-06  
   619         620      9.82583e-06              1       7.96e-07  
                                                        First-order 
 Iteration  Func-count       f(x)        Step-size       optimality
   620         621      9.82572e-06              1       7.62e-07  
   621         622      9.82561e-06              1       8.85e-07  
   622         623      9.82549e-06              1       9.56e-07  
   623         624      9.82537e-06              1       9.07e-07  
   624         625      9.82523e-06              1       1.08e-06  
   625         626      9.82508e-06              1       1.02e-06  
   626         627      9.82493e-06              1       1.18e-06  
   627         628      9.82478e-06              1       9.74e-07  
   628         629      9.82464e-06              1       8.72e-07  
   629         630       9.8245e-06              1       9.57e-07  
   630         631      9.82436e-06              1       1.05e-06  
   631         632      9.82423e-06              1       1.14e-06  
   632         633      9.82408e-06              1        1.1e-06  
   633         634      9.82394e-06              1       1.12e-06  
   634         635      9.82379e-06              1       9.39e-07  
   635         636      9.82365e-06              1       8.79e-07  
   636         637      9.82351e-06              1       8.92e-07  
   637         638      9.82338e-06              1        8.1e-07  
   638         639      9.82324e-06              1       9.77e-07  
   639         640       9.8231e-06              1       9.26e-07  
                                                        First-order 
 Iteration  Func-count       f(x)        Step-size       optimality
   640         641      9.82296e-06              1       9.05e-07  
   641         642      9.82281e-06              1       1.08e-06  
   642         643      9.82266e-06              1        1.1e-06  
   643         644       9.8225e-06              1       1.09e-06  
   644         645      9.82235e-06              1       1.03e-06  
   645         646      9.82221e-06              1       9.06e-07  
   646         647      9.82207e-06              1        8.7e-07  
   647         648      9.82192e-06              1       9.16e-07  
   648         649      9.82177e-06              1       8.92e-07  
   649         650      9.82162e-06              1       9.52e-07  
   650         651      9.82146e-06              1       9.27e-07  
   651         652      9.82128e-06              1       1.02e-06  
   652         653      9.82109e-06              1       1.06e-06  
   653         654      9.82089e-06              1        1.1e-06  
   654         655      9.82069e-06              1       8.65e-07  
   655         656      9.82051e-06              1       9.48e-07  
   656         657      9.82033e-06              1       9.45e-07  
   657         658      9.82014e-06              1       1.05e-06  
   658         659      9.81995e-06              1       1.05e-06  
   659         660      9.81975e-06              1       1.19e-06  
                                                        First-order 
 Iteration  Func-count       f(x)        Step-size       optimality
   660         661      9.81956e-06              1        1.2e-06  
   661         662      9.81936e-06              1       1.12e-06  
   662         663      9.81918e-06              1       1.07e-06  
   663         664      9.81902e-06              1       9.76e-07  
   664         665      9.81887e-06              1       8.41e-07  
   665         666      9.81872e-06              1       9.77e-07  
   666         667      9.81855e-06              1       1.05e-06  
   667         668      9.81837e-06              1       1.15e-06  
   668         669      9.81818e-06              1       1.01e-06  
   669         670      9.81798e-06              1       1.16e-06  
   670         671      9.81778e-06              1       1.09e-06  
   671         672      9.81758e-06              1       1.22e-06  
   672         673      9.81739e-06              1       1.15e-06  
   673         674      9.81721e-06              1       1.01e-06  
   674         675      9.81705e-06              1       9.67e-07  
   675         676      9.81688e-06              1       1.05e-06  
   676         677      9.81672e-06              1       9.24e-07  
   677         678      9.81655e-06              1       9.92e-07  
   678         679      9.81639e-06              1       1.04e-06  
   679         680      9.81623e-06              1       1.18e-06  
                                                        First-order 
 Iteration  Func-count       f(x)        Step-size       optimality
   680         681      9.81607e-06              1       1.09e-06  
   681         682      9.81592e-06              1       1.04e-06  
   682         683      9.81576e-06              1       8.76e-07  
   683         684       9.8156e-06              1       9.85e-07  
   684         685      9.81544e-06              1       1.07e-06  
   685         686      9.81529e-06              1       1.03e-06  
   686         687      9.81514e-06              1       1.05e-06  
   687         688        9.815e-06              1       8.77e-07  
   688         689      9.81484e-06              1        9.7e-07  
   689         690      9.81467e-06              1       9.59e-07  
   690         691      9.81449e-06              1       9.78e-07  
   691         692      9.81429e-06              1       1.18e-06  
   692         693      9.81408e-06              1       1.01e-06  
   693         694      9.81387e-06              1       1.02e-06  
   694         695      9.81367e-06              1       1.03e-06  
   695         696      9.81347e-06              1       9.88e-07  
   696         697      9.81328e-06              1       9.44e-07  
   697         698       9.8131e-06              1       8.91e-07  
   698         699      9.81294e-06              1       9.57e-07  
   699         700      9.81279e-06              1       9.84e-07  
                                                        First-order 
 Iteration  Func-count       f(x)        Step-size       optimality
   700         701      9.81264e-06              1       9.22e-07  
   701         702      9.81249e-06              1       9.35e-07  
   702         703      9.81235e-06              1       8.72e-07  
   703         704      9.81221e-06              1       8.48e-07  
   704         705      9.81209e-06              1       9.36e-07  
   705         706      9.81197e-06              1       8.36e-07  
   706         707      9.81185e-06              1       8.43e-07  
   707         708      9.81174e-06              1        9.5e-07  
   708         709      9.81163e-06              1       8.22e-07  
   709         710      9.81152e-06              1       6.77e-07  
   710         711       9.8114e-06              1       6.79e-07  
   711         712      9.81129e-06              1       6.89e-07  
   712         713      9.81117e-06              1       8.65e-07  
   713         714      9.81105e-06              1       7.43e-07  
   714         715      9.81093e-06              1       8.56e-07  
   715         716      9.81079e-06              1       1.02e-06  
   716         717      9.81066e-06              1       9.24e-07  
   717         718      9.81053e-06              1       8.18e-07  
   718         719      9.81041e-06              1       9.53e-07  
   719         720      9.81029e-06              1       8.56e-07  
                                                        First-order 
 Iteration  Func-count       f(x)        Step-size       optimality
   720         721      9.81018e-06              1       7.36e-07  
   721         722      9.81007e-06              1       8.69e-07  
   722         723      9.80996e-06              1       9.43e-07  
   723         724      9.80985e-06              1       7.84e-07  
   724         725      9.80974e-06              1       8.19e-07  
   725         726      9.80962e-06              1       7.73e-07  
   726         727      9.80951e-06              1       7.34e-07  
   727         728      9.80941e-06              1       7.75e-07  
   728         729      9.80931e-06              1       8.16e-07  
   729         730      9.80921e-06              1       8.16e-07  
   730         731       9.8091e-06              1       7.72e-07  
   731         732      9.80899e-06              1       8.37e-07  
   732         733      9.80889e-06              1       8.23e-07  
   733         734      9.80877e-06              1       8.22e-07  
   734         735      9.80866e-06              1       8.34e-07  
   735         736      9.80854e-06              1       8.64e-07  
   736         737      9.80844e-06              1       9.59e-07  
   737         738      9.80834e-06              1       9.07e-07  
   738         739      9.80824e-06              1       8.53e-07  
   739         740      9.80813e-06              1        9.5e-07  
                                                        First-order 
 Iteration  Func-count       f(x)        Step-size       optimality
   740         741      9.80802e-06              1       1.03e-06  
   741         742      9.80791e-06              1       8.14e-07  
   742         743      9.80781e-06              1       1.06e-06  
   743         744      9.80771e-06              1       9.02e-07  
   744         745      9.80763e-06              1       6.99e-07  
   745         746      9.80755e-06              1       7.54e-07  
   746         747      9.80747e-06              1       7.17e-07  
   747         748      9.80739e-06              1       9.38e-07  
   748         749      9.80731e-06              1        8.2e-07  
   749         750      9.80724e-06              1       6.16e-07  
   750         751      9.80716e-06              1       6.74e-07  
   751         752      9.80708e-06              1       6.15e-07  
   752         753      9.80701e-06              1       8.34e-07  
   753         754      9.80694e-06              1       8.59e-07  
   754         755      9.80688e-06              1       6.71e-07  
   755         756      9.80681e-06              1       7.36e-07  
   756         757      9.80674e-06              1       7.18e-07  
   757         758      9.80667e-06              1       6.24e-07  
   758         759       9.8066e-06              1       6.68e-07  
   759         760      9.80654e-06              1       6.64e-07  
                                                        First-order 
 Iteration  Func-count       f(x)        Step-size       optimality
   760         761      9.80647e-06              1       7.42e-07  
   761         762      9.80641e-06              1       6.38e-07  
   762         763      9.80635e-06              1       5.69e-07  
   763         764      9.80628e-06              1       6.41e-07  
   764         765      9.80622e-06              1       6.87e-07  
   765         766      9.80615e-06              1       6.43e-07  
   766         767      9.80608e-06              1       6.16e-07  
   767         768      9.80602e-06              1       5.86e-07  
   768         769      9.80596e-06              1       5.62e-07  
   769         770       9.8059e-06              1       4.68e-07  
   770         771      9.80585e-06              1       4.81e-07  
   771         772       9.8058e-06              1       4.91e-07  
   772         773      9.80575e-06              1       5.26e-07  
   773         774       9.8057e-06              1       5.29e-07  
   774         775      9.80565e-06              1       5.89e-07  
   775         776       9.8056e-06              1       5.02e-07  
   776         777      9.80555e-06              1       5.98e-07  
   777         778      9.80549e-06              1        5.5e-07  
   778         779      9.80543e-06              1       5.46e-07  
   779         780      9.80536e-06              1       7.69e-07  
                                                        First-order 
 Iteration  Func-count       f(x)        Step-size       optimality
   780         781       9.8053e-06              1       7.85e-07  
   781         782      9.80523e-06              1       6.08e-07  
   782         783      9.80516e-06              1       5.76e-07  
   783         784      9.80509e-06              1       6.36e-07  
   784         785      9.80502e-06              1       6.87e-07  
   785         786      9.80496e-06              1       6.47e-07  
   786         787      9.80491e-06              1       5.45e-07  
   787         788      9.80486e-06              1       5.92e-07  
   788         789       9.8048e-06              1        5.9e-07  
   789         790      9.80475e-06              1       7.45e-07  
   790         791      9.80469e-06              1       7.58e-07  
   791         792      9.80463e-06              1       6.17e-07  
   792         793      9.80458e-06              1       6.06e-07  
   793         794      9.80452e-06              1       6.24e-07  
   794         795      9.80447e-06              1       6.23e-07  
   795         796      9.80441e-06              1       7.23e-07  
   796         797      9.80436e-06              1       7.47e-07  
   797         798       9.8043e-06              1       6.97e-07  
   798         799      9.80423e-06              1       6.23e-07  
   799         800      9.80417e-06              1       6.17e-07  
                                                        First-order 
 Iteration  Func-count       f(x)        Step-size       optimality
   800         801       9.8041e-06              1       5.94e-07  
   801         802      9.80404e-06              1       5.81e-07  
   802         803      9.80397e-06              1       5.96e-07  
   803         804      9.80391e-06              1       6.11e-07  
   804         805      9.80384e-06              1       5.86e-07  
   805         806      9.80378e-06              1       6.66e-07  
   806         807      9.80372e-06              1       6.27e-07  
   807         808      9.80365e-06              1       6.03e-07  
   808         809      9.80357e-06              1       6.99e-07  
   809         810       9.8035e-06              1       6.89e-07  
   810         811      9.80343e-06              1        6.5e-07  
   811         812      9.80335e-06              1       6.98e-07  
   812         813      9.80328e-06              1       7.34e-07  
   813         814       9.8032e-06              1       7.75e-07  
   814         815      9.80312e-06              1       6.86e-07  
   815         816      9.80305e-06              1       6.17e-07  
   816         817      9.80297e-06              1       6.12e-07  
   817         818       9.8029e-06              1       6.06e-07  
   818         819      9.80283e-06              1       7.04e-07  
   819         820      9.80275e-06              1       6.84e-07  
                                                        First-order 
 Iteration  Func-count       f(x)        Step-size       optimality
   820         821      9.80267e-06              1       7.85e-07  
   821         822      9.80259e-06              1       7.52e-07  
   822         823       9.8025e-06              1       6.27e-07  
   823         824      9.80242e-06              1       6.72e-07  
   824         825      9.80234e-06              1       6.15e-07  
   825         826      9.80227e-06              1       6.13e-07  
   826         827       9.8022e-06              1       6.69e-07  
   827         828      9.80213e-06              1       5.78e-07  
   828         829      9.80206e-06              1       6.09e-07  
   829         830      9.80199e-06              1       7.43e-07  
   830         831      9.80192e-06              1       6.83e-07  
   831         832      9.80185e-06              1       6.73e-07  
   832         833      9.80177e-06              1       7.18e-07  
   833         834      9.80169e-06              1       6.52e-07  
   834         835      9.80161e-06              1       8.78e-07  
   835         836      9.80152e-06              1        8.3e-07  
   836         837      9.80143e-06              1       7.77e-07  
   837         838      9.80135e-06              1       7.46e-07  
   838         839      9.80127e-06              1       6.53e-07  
   839         840      9.80119e-06              1       7.87e-07  
                                                        First-order 
 Iteration  Func-count       f(x)        Step-size       optimality
   840         841      9.80111e-06              1       7.27e-07  
   841         842      9.80104e-06              1       7.51e-07  
   842         843      9.80098e-06              1       7.58e-07  
   843         844      9.80092e-06              1       6.77e-07  
   844         845      9.80085e-06              1       6.45e-07  
   845         846      9.80078e-06              1       6.71e-07  
   846         847       9.8007e-06              1       7.01e-07  
   847         848      9.80062e-06              1       6.94e-07  
   848         849      9.80055e-06              1        7.1e-07  
   849         850      9.80048e-06              1       6.33e-07  
   850         851      9.80041e-06              1       6.67e-07  
   851         852      9.80034e-06              1       7.34e-07  
   852         853      9.80027e-06              1       6.62e-07  
   853         854      9.80021e-06              1       6.67e-07  
   854         855      9.80014e-06              1       6.85e-07  
   855         856      9.80007e-06              1       6.88e-07  
   856         857          9.8e-06              1          7e-07  
   857         858      9.79993e-06              1        8.4e-07  
   858         859      9.79986e-06              1       9.15e-07  
   859         860      9.79978e-06              1       6.96e-07  
                                                        First-order 
 Iteration  Func-count       f(x)        Step-size       optimality
   860         861      9.79971e-06              1       5.99e-07  
   861         862      9.79964e-06              1       7.06e-07  
   862         863      9.79957e-06              1        6.7e-07  
   863         864       9.7995e-06              1       5.56e-07  
   864         865      9.79943e-06              1        6.5e-07  
   865         866      9.79937e-06              1        6.3e-07  
   866         867      9.79931e-06              1       7.18e-07  
   867         868      9.79924e-06              1       6.42e-07  
   868         869      9.79916e-06              1       7.08e-07  
   869         870      9.79909e-06              1       7.83e-07  
   870         871      9.79901e-06              1       6.85e-07  
   871         872      9.79893e-06              1       7.52e-07  
   872         873      9.79886e-06              1       5.55e-07  
   873         874       9.7988e-06              1       5.25e-07  
   874         875      9.79874e-06              1       5.54e-07  
   875         876      9.79867e-06              1        6.6e-07  
   876         877      9.79861e-06              1       5.67e-07  
   877         878      9.79856e-06              1       4.68e-07  
   878         879       9.7985e-06              1       5.42e-07  
   879         880      9.79845e-06              1       5.26e-07  
                                                        First-order 
 Iteration  Func-count       f(x)        Step-size       optimality
   880         881       9.7984e-06              1       5.08e-07  
   881         882      9.79835e-06              1       5.05e-07  
   882         883       9.7983e-06              1       5.55e-07  
   883         884      9.79825e-06              1        5.6e-07  
   884         885       9.7982e-06              1       5.16e-07  
   885         886      9.79815e-06              1       5.01e-07  
   886         887       9.7981e-06              1       5.03e-07  
   887         888      9.79805e-06              1       5.59e-07  
   888         889      9.79801e-06              1       5.07e-07  
   889         890      9.79797e-06              1       5.36e-07  
   890         891      9.79793e-06              1       4.76e-07  
   891         892      9.79789e-06              1       4.55e-07  
   892         893      9.79785e-06              1       4.51e-07  
   893         894      9.79781e-06              1       4.99e-07  
   894         895      9.79777e-06              1       5.22e-07  
   895         896      9.79773e-06              1       4.88e-07  
   896         897      9.79769e-06              1       5.47e-07  
   897         898      9.79765e-06              1       5.69e-07  
   898         899      9.79761e-06              1       5.63e-07  
   899         900      9.79758e-06              1       5.26e-07  
                                                        First-order 
 Iteration  Func-count       f(x)        Step-size       optimality
   900         901      9.79755e-06              1       4.59e-07  
   901         902      9.79752e-06              1       4.46e-07  
   902         903      9.79749e-06              1        3.9e-07  
   903         904      9.79747e-06              1       3.88e-07  
   904         905      9.79744e-06              1       4.22e-07  
   905         906      9.79741e-06              1       4.19e-07  
   906         907      9.79738e-06              1       4.47e-07  
   907         908      9.79735e-06              1       3.89e-07  
   908         909      9.79731e-06              1       4.55e-07  
   909         910      9.79728e-06              1       5.22e-07  
   910         911      9.79725e-06              1       4.06e-07  
   911         912      9.79722e-06              1       4.63e-07  
   912         913       9.7972e-06              1       4.77e-07  
   913         914      9.79717e-06              1       3.63e-07  
   914         915      9.79715e-06              1       3.77e-07  
   915         916      9.79712e-06              1       4.05e-07  
   916         917       9.7971e-06              1       4.23e-07  
   917         918      9.79707e-06              1       3.57e-07  
   918         919      9.79705e-06              1        3.2e-07  
   919         920      9.79703e-06              1       4.61e-07  
                                                        First-order 
 Iteration  Func-count       f(x)        Step-size       optimality
   920         921      9.79701e-06              1       4.68e-07  
   921         922      9.79698e-06              1       3.44e-07  
   922         923      9.79696e-06              1        3.4e-07  
   923         924      9.79695e-06              1       3.18e-07  
   924         925      9.79693e-06              1       3.98e-07  
   925         926      9.79691e-06              1       4.51e-07  
   926         927      9.79689e-06              1        3.8e-07  
   927         928      9.79688e-06              1       3.25e-07  
   928         929      9.79686e-06              1       2.99e-07  
   929         930      9.79685e-06              1       3.41e-07  
   930         931      9.79683e-06              1       3.49e-07  
   931         932      9.79682e-06              1       3.23e-07  
   932         933       9.7968e-06              1       3.13e-07  
   933         934      9.79679e-06              1       2.99e-07  
   934         935      9.79677e-06              1       3.25e-07  
   935         936      9.79676e-06              1       2.92e-07  
   936         937      9.79674e-06              1       2.62e-07  
   937         938      9.79673e-06              1       3.27e-07  
   938         939      9.79672e-06              1       2.58e-07  
   939         940       9.7967e-06              1        2.6e-07  
                                                        First-order 
 Iteration  Func-count       f(x)        Step-size       optimality
   940         941      9.79669e-06              1       2.97e-07  
   941         942      9.79668e-06              1       3.58e-07  
   942         943      9.79666e-06              1       3.91e-07  
   943         944      9.79665e-06              1       2.68e-07  
   944         945      9.79664e-06              1       2.34e-07  
   945         946      9.79663e-06              1       2.44e-07  
   946         947      9.79662e-06              1       2.58e-07  
   947         948      9.79661e-06              1       3.24e-07  
   948         949       9.7966e-06              1       2.96e-07  
   949         950      9.79659e-06              1       2.31e-07  
   950         951      9.79658e-06              1       2.42e-07  
   951         952      9.79657e-06              1       2.98e-07  
   952         953      9.79656e-06              1       2.33e-07  
   953         954      9.79655e-06              1       2.42e-07  
   954         955      9.79654e-06              1       2.52e-07  
   955         956      9.79653e-06              1       2.84e-07  
   956         957      9.79652e-06              1       2.69e-07  
   957         958      9.79651e-06              1       2.74e-07  
   958         959       9.7965e-06              1       2.04e-07  
   959         960       9.7965e-06              1       1.97e-07  
                                                        First-order 
 Iteration  Func-count       f(x)        Step-size       optimality
   960         961      9.79649e-06              1       1.97e-07  
   961         962      9.79648e-06              1       2.16e-07  
   962         963      9.79647e-06              1       2.42e-07  
   963         964      9.79646e-06              1       3.04e-07  
   964         965      9.79646e-06              1       2.93e-07  
   965         966      9.79645e-06              1       2.15e-07  
   966         967      9.79644e-06              1       2.08e-07  
   967         968      9.79643e-06              1       2.19e-07  
   968         969      9.79642e-06              1       2.19e-07  
   969         970      9.79641e-06              1       2.02e-07  
   970         971      9.79641e-06              1       2.21e-07  
   971         972       9.7964e-06              1       2.33e-07  
   972         973      9.79639e-06              1       2.99e-07  
   973         974      9.79638e-06              1       3.26e-07  
   974         975      9.79637e-06              1       2.46e-07  
   975         976      9.79636e-06              1       2.14e-07  
   976         977      9.79635e-06              1       2.62e-07  
   977         978      9.79635e-06              1       2.39e-07  
   978         979      9.79634e-06              1       2.72e-07  
   979         980      9.79633e-06              1       2.45e-07  
                                                        First-order 
 Iteration  Func-count       f(x)        Step-size       optimality
   980         981      9.79632e-06              1       2.67e-07  
   981         982      9.79631e-06              1       2.86e-07  
   982         983      9.79631e-06              1       2.44e-07  
   983         984       9.7963e-06              1        2.2e-07  
   984         985      9.79629e-06              1       2.35e-07  
   985         986      9.79628e-06              1       2.47e-07  
   986         987      9.79627e-06              1       2.64e-07  
   987         988      9.79626e-06              1       2.37e-07  
   988         989      9.79625e-06              1       2.51e-07  
   989         990      9.79623e-06              1       2.76e-07  
   990         991      9.79622e-06              1       2.72e-07  
   991         992      9.79621e-06              1       2.37e-07  
   992         993       9.7962e-06              1       2.48e-07  
   993         994      9.79619e-06              1       2.85e-07  
   994         995      9.79618e-06              1       2.56e-07  
   995         996      9.79617e-06              1       2.36e-07  
   996         997      9.79616e-06              1        2.5e-07  
   997         998      9.79615e-06              1       2.63e-07  
   998         999      9.79614e-06              1       2.47e-07  
   999        1000      9.79613e-06              1       2.41e-07  
                                                        First-order 
 Iteration  Func-count       f(x)        Step-size       optimality
  1000        1001      9.79612e-06              1       2.25e-07  
  1001        1002      9.79611e-06              1       2.47e-07  
  1002        1003       9.7961e-06              1       2.41e-07  
  1003        1004      9.79609e-06              1       2.55e-07  
  1004        1005      9.79608e-06              1       2.54e-07  
  1005        1006      9.79607e-06              1       2.33e-07  
  1006        1007      9.79606e-06              1       2.69e-07  
  1007        1008      9.79604e-06              1       3.07e-07  
  1008        1009      9.79603e-06              1       3.29e-07  
  1009        1010      9.79602e-06              1       2.75e-07  
  1010        1011      9.79601e-06              1       2.71e-07  
  1011        1012        9.796e-06              1       2.31e-07  
  1012        1013      9.79599e-06              1       2.14e-07  
  1013        1014      9.79598e-06              1       2.35e-07  
  1014        1015      9.79597e-06              1       2.03e-07  
  1015        1016      9.79596e-06              1       2.39e-07  
  1016        1017      9.79595e-06              1       2.62e-07  
  1017        1018      9.79594e-06              1       2.53e-07  
  1018        1019      9.79593e-06              1        2.5e-07  
  1019        1020      9.79592e-06              1       2.92e-07  
                                                        First-order 
 Iteration  Func-count       f(x)        Step-size       optimality
  1020        1021      9.79591e-06              1       2.76e-07  
  1021        1022       9.7959e-06              1       2.37e-07  
  1022        1023      9.79589e-06              1       2.12e-07  
  1023        1024      9.79588e-06              1       2.34e-07  
  1024        1025      9.79587e-06              1       2.51e-07  
  1025        1026      9.79586e-06              1       2.67e-07  
  1026        1027      9.79585e-06              1       2.52e-07  
  1027        1028      9.79584e-06              1       2.48e-07  
  1028        1029      9.79583e-06              1       2.98e-07  
  1029        1030      9.79582e-06              1       2.48e-07  
  1030        1031      9.79581e-06              1       1.87e-07  
  1031        1032      9.79581e-06              1       2.05e-07  
  1032        1033       9.7958e-06              1       2.12e-07  
  1033        1034      9.79579e-06              1       1.87e-07  
  1034        1035      9.79579e-06              1       1.66e-07  
  1035        1036      9.79578e-06              1       1.92e-07  
  1036        1037      9.79578e-06              1       1.71e-07  
  1037        1038      9.79577e-06              1       1.83e-07  
  1038        1039      9.79576e-06              1       1.83e-07  
  1039        1040      9.79576e-06              1       1.42e-07  
                                                        First-order 
 Iteration  Func-count       f(x)        Step-size       optimality
  1040        1041      9.79576e-06              1       1.82e-07  
  1041        1042      9.79575e-06              1       1.94e-07  
  1042        1043      9.79575e-06              1       1.78e-07  
  1043        1044      9.79574e-06              1       1.87e-07  
  1044        1045      9.79574e-06              1       1.72e-07  
  1045        1046      9.79573e-06              1       1.38e-07  
  1046        1047      9.79573e-06              1       1.34e-07  
  1047        1048      9.79573e-06              1       1.37e-07  
  1048        1049      9.79572e-06              1       1.52e-07  
  1049        1050      9.79572e-06              1       1.67e-07  
  1050        1051      9.79572e-06              1       1.54e-07  
  1051        1052      9.79571e-06              1       1.69e-07  
  1052        1053      9.79571e-06              1       1.51e-07  
  1053        1054      9.79571e-06              1       1.72e-07  
  1054        1055       9.7957e-06              1       1.55e-07  
  1055        1056       9.7957e-06              1       1.27e-07  
  1056        1057      9.79569e-06              1       1.41e-07  
  1057        1058      9.79569e-06              1       1.42e-07  
  1058        1059      9.79569e-06              1       1.92e-07  
  1059        1060      9.79569e-06              1       1.85e-07  
                                                        First-order 
 Iteration  Func-count       f(x)        Step-size       optimality
  1060        1061      9.79568e-06              1       1.38e-07  
  1061        1062      9.79568e-06              1       1.19e-07  
  1062        1063      9.79568e-06              1       1.37e-07  
  1063        1064      9.79567e-06              1       1.22e-07  
  1064        1065      9.79567e-06              1       1.15e-07  
  1065        1066      9.79567e-06              1       1.28e-07  
  1066        1067      9.79567e-06              1       1.19e-07  
  1067        1068      9.79566e-06              1       1.21e-07  
  1068        1069      9.79566e-06              1       1.24e-07  
  1069        1070      9.79566e-06              1       1.25e-07  
  1070        1071      9.79566e-06              1        1.2e-07  
  1071        1072      9.79565e-06              1       1.18e-07  
  1072        1073      9.79565e-06              1       1.08e-07  
  1073        1074      9.79565e-06              1       1.03e-07  

Optimization completed: The <a href = "matlab: helpview([docroot '/toolbox/optim/msg_csh/optim_msg_csh.map'],'first_order_opt_unc','CSHelpWindow');">first-order optimality measure</a>, 9.855553e-08, is less 
than <a href = "matlab: helpview([docroot '/toolbox/optim/msg_csh/optim_msg_csh.map'],'tolfun','CSHelpWindow');">options.TolFun</a> = 1.000000e-07.

Optimization Metric                                            Options
relative norm(gradient) =   9.86e-08                  TolFun =   1e-07 (selected)

