flow iter#1; |dv| = 4.92506
flow iter#2; |dv| = 1.23732
flow iter#3; |dv| = 1.49235
flow iter#4; |dv| = 1.96522
flow iter#5; |dv| = 1.60902
flow iter#6; |dv| = 0.88346
flow iter#7; |dv| = 0.254792
flow iter#8; |dv| = 0.26152
flow iter#9; |dv| = 0.369201
flow iter#10; |dv| = 0.312229
flow iter#11; |dv| = 0.186444
flow iter#12; |dv| = 0.0692117
flow iter#13; |dv| = 0.0292212
flow iter#14; |dv| = 0.053682
flow iter#15; |dv| = 0.0524809
flow iter#16; |dv| = 0.0356872
flow iter#17; |dv| = 0.0166984
flow iter#18; |dv| = 0.00614212
flow iter#19; |dv| = 0.00883343
flow iter#20; |dv| = 0.00980038
flow iter#21; |dv| = 0.0080425
flow iter#22; |dv| = 0.00586178
flow iter#23; |dv| = 0.00487326
                                                        First-order 
 Iteration  Func-count       f(x)        Step-size       optimality
     0           1        0.0554882                       0.00246
     1           4        0.0285849             91        0.00122  
     2           6        0.0128695       0.483521        0.00119  
     3           7       0.00173105              1       0.000389  
     4           8       0.00130234              1        0.00104  
     5           9      0.000521348              1       0.000137  
     6          10      0.000359801              1       0.000105  
     7          11      0.000234229              1       0.000229  
     8          12      0.000171414              1       7.71e-05  
     9          13      9.79103e-05              1       0.000135  
    10          14      5.84741e-05              1       0.000108  
    11          15      5.30947e-05              1       3.83e-05  
    12          16      4.87491e-05              1       3.19e-05  
    13          18      4.35506e-05       0.496911       6.14e-05  
    14          19      3.77424e-05              1       5.26e-05  
    15          20      3.34929e-05              1        4.5e-05  
    16          21      3.13264e-05              1       3.74e-05  
    17          22      2.80948e-05              1       1.61e-05  
    18          23      2.74834e-05              1       1.63e-05  
    19          24      2.70551e-05              1       1.63e-05  
                                                        First-order 
 Iteration  Func-count       f(x)        Step-size       optimality
    20          25      2.57652e-05              1       1.43e-05  
    21          26      2.38428e-05              1       2.93e-05  
    22          29      2.30673e-05       0.019924       5.77e-05  
    23          30      2.11112e-05              1       5.46e-05  
    24          32      1.45434e-05            0.5       8.33e-05  
    25          33      1.31248e-05              1       4.05e-05  
    26          34      1.13143e-05              1       2.55e-05  
    27          35      1.03499e-05              1       2.24e-05  
    28          36      9.58173e-06              1       4.85e-05  
    29          37      8.56825e-06              1       2.74e-05  
    30          38      7.54471e-06              1       2.45e-05  
    31          39      6.10709e-06              1       8.16e-06  
    32          40      5.62513e-06              1       8.89e-06  
    33          41      5.35809e-06              1       9.79e-06  
    34          42      5.12456e-06              1       7.36e-06  
    35          43      4.99331e-06              1       7.06e-06  
    36          44      4.86938e-06              1        7.1e-06  
    37          45      4.77227e-06              1          4e-06  
    38          46      4.67291e-06              1       6.85e-06  
    39          47      4.45501e-06              1       7.89e-06  
                                                        First-order 
 Iteration  Func-count       f(x)        Step-size       optimality
    40          49      4.04718e-06       0.644546        1.2e-05  
    41          50       3.8771e-06              1       1.93e-05  
    42          51      3.77624e-06              1       1.02e-05  
    43          52      3.59742e-06              1       4.09e-06  
    44          53      3.53281e-06              1       7.43e-06  
    45          54       3.4745e-06              1          7e-06  
    46          55      3.39689e-06              1       5.32e-06  
    47          56      3.31262e-06              1        4.9e-06  
    48          57      3.20936e-06              1       5.51e-06  
    49          58      3.07854e-06              1       6.49e-06  
    50          59      2.80809e-06              1       1.13e-05  
    51          61       2.6975e-06       0.428094       1.12e-05  
    52          62      2.43131e-06              1       6.09e-06  
    53          63      2.34716e-06              1        1.7e-05  
    54          64      2.18464e-06              1       1.07e-05  
    55          65      2.02865e-06              1       1.21e-05  
    56          66      1.91552e-06              1       4.33e-06  
    57          67       1.8325e-06              1        1.9e-06  
    58          68      1.80073e-06              1       2.53e-06  
    59          69       1.7819e-06              1       2.31e-06  
                                                        First-order 
 Iteration  Func-count       f(x)        Step-size       optimality
    60          70      1.72897e-06              1        3.6e-06  
    61          71      1.65349e-06              1       2.97e-06  
    62          72      1.56122e-06              1       3.77e-06  
    63          73      1.49598e-06              1       2.25e-06  
    64          74      1.42008e-06              1       3.41e-06  
    65          75       1.3537e-06              1       8.63e-06  
    66          76      1.32119e-06              1       1.04e-05  
    67          77      1.27306e-06              1       4.68e-06  
    68          78      1.24772e-06              1       2.99e-06  
    69          79      1.21044e-06              1        5.9e-06  
    70          80      1.18125e-06              1       4.85e-06  
    71          81      1.15238e-06              1        2.3e-06  
    72          82      1.12731e-06              1        1.4e-06  
    73          83      1.09084e-06              1       1.95e-06  
    74          84      1.07395e-06              1       3.18e-06  
    75          85       1.0577e-06              1       3.67e-06  
    76          86       1.0517e-06              1        1.5e-06  
    77          87      1.04848e-06              1       8.71e-07  
    78          88      1.04259e-06              1        1.8e-06  
    79          89      1.02784e-06              1       3.45e-06  
                                                        First-order 
 Iteration  Func-count       f(x)        Step-size       optimality
    80          91      1.00069e-06       0.361064       5.61e-06  
    81          93      9.85157e-07       0.429599       6.92e-06  
    82          94      9.64975e-07              1       4.53e-06  
    83          95      9.21812e-07              1       1.36e-06  
    84          96      9.11647e-07              1       1.92e-06  
    85          97      9.05415e-07              1       3.14e-06  
    86          98      8.95764e-07              1       2.64e-06  
    87          99      8.83401e-07              1       2.49e-06  
    88         100      8.68577e-07              1       1.17e-06  
    89         101      8.42754e-07              1       2.82e-06  
    90         102      8.17577e-07              1       2.85e-06  
    91         103      7.87164e-07              1       8.17e-06  
    92         104      7.32793e-07              1       1.96e-06  
    93         105      7.10118e-07              1       7.14e-06  
    94         106      6.87743e-07              1        5.4e-06  
    95         107      6.45922e-07              1       3.71e-06  
    96         108      6.27465e-07              1       8.17e-06  
    97         109      6.04179e-07              1       5.46e-06  
    98         110      5.71409e-07              1       1.83e-06  
    99         111      5.48624e-07              1       4.46e-06  
                                                        First-order 
 Iteration  Func-count       f(x)        Step-size       optimality
   100         112      5.23966e-07              1       4.03e-06  
   101         113      4.79664e-07              1       6.23e-06  
   102         114      4.68878e-07              1       1.89e-06  
   103         115       4.2709e-07              1       8.05e-06  
   104         116      4.07031e-07              1       5.65e-06  
   105         117      3.82432e-07              1       3.03e-06  
   106         119      3.59489e-07       0.653615       3.46e-06  
   107         120      3.39011e-07              1          2e-06  
   108         121      3.10709e-07              1       3.12e-06  
   109         122      2.76962e-07              1       2.54e-06  
   110         124      2.69147e-07       0.424293       4.71e-06  
   111         125      2.46764e-07              1       6.01e-06  
   112         126      2.33608e-07              1       3.47e-06  
   113         128       2.1647e-07       0.611799       4.17e-06  
   114         129      1.95696e-07              1       3.21e-06  
   115         130      1.77035e-07              1       1.18e-06  
   116         131      1.61257e-07              1       3.89e-06  
   117         133      1.50368e-07       0.346979       1.14e-06  
   118         134      1.41259e-07              1       1.58e-06  
   119         135      1.31897e-07              1       3.15e-06  
                                                        First-order 
 Iteration  Func-count       f(x)        Step-size       optimality
   120         136      1.21362e-07              1       2.13e-06  
   121         137      1.11712e-07              1       1.07e-06  
   122         139      1.04244e-07       0.641987       3.76e-06  
   123         140      9.64495e-08              1       2.95e-06  
   124         141      7.84362e-08              1        4.2e-06  
   125         142      5.69709e-08              1       6.42e-07  
   126         144      4.96816e-08       0.329845       3.26e-06  
   127         145      3.79177e-08              1        2.9e-06  
   128         146      2.89213e-08              1       9.68e-07  
   129         148      2.49868e-08       0.461877       2.29e-06  
   130         149      1.86468e-08              1        1.1e-06  
   131         150      1.22093e-08              1       9.75e-07  
   132         152      9.34754e-09       0.418964       1.52e-06  
   133         153      5.77422e-09              1       1.21e-06  
   134         154      4.36311e-09              1       1.12e-06  
   135         155      3.71033e-09              1       2.85e-07  
   136         156       3.4885e-09              1       1.18e-06  
   137         157       2.9419e-09              1       4.79e-07  
   138         158      2.42522e-09              1       1.93e-07  
   139         159      1.40218e-09              1       3.31e-07  
                                                        First-order 
 Iteration  Func-count       f(x)        Step-size       optimality
   140         160      8.71313e-10              1       3.59e-07  
   141         161      4.74205e-10              1       2.24e-07  
   142         162      2.20704e-10              1       2.37e-07  
   143         163      1.55804e-10              1       1.29e-07  
   144         164      9.72346e-11              1       2.24e-07  
   145         165      3.47879e-11              1        1.7e-07  
   146         166      6.23207e-12              1       2.56e-08  
   147         167      1.45896e-12              1       1.87e-08  
   148         168      2.58369e-13              1        1.2e-08  
   149         169      3.18949e-14              1       1.49e-09  
   150         170      1.44392e-15              1       6.23e-10  
   151         171      7.25235e-17              1       3.63e-10  
   152         172      1.03351e-18              1       1.49e-11  

Optimization completed: The <a href = "matlab: helpview([docroot '/toolbox/optim/msg_csh/optim_msg_csh.map'],'first_order_opt_unc','CSHelpWindow');">first-order optimality measure</a>, 1.485421e-11, is less 
than <a href = "matlab: helpview([docroot '/toolbox/optim/msg_csh/optim_msg_csh.map'],'tolfun','CSHelpWindow');">options.TolFun</a> = 1.000000e-10.

Optimization Metric                                            Options
relative norm(gradient) =   1.49e-11                  TolFun =   1e-10 (selected)

                                                        First-order 
 Iteration  Func-count       f(x)        Step-size       optimality
     0           1          0.21769                        0.0371
     1           2         0.178641              1         0.0154  
     2           3         0.119467              1         0.0469  
     3           4        0.0854188              1         0.0222  
     4           5        0.0617734              1         0.0271  
     5           6        0.0474634              1         0.0209  
     6           7        0.0385441              1         0.0145  
     7           8        0.0336293              1        0.00843  
     8           9        0.0293148              1        0.00732  
     9          10         0.026649              1        0.00688  
    10          11        0.0233707              1        0.00656  
    11          12        0.0205652              1        0.00767  
    12          13        0.0175591              1        0.00889  
    13          14        0.0148548              1         0.0076  
    14          15        0.0127781              1        0.00451  
    15          16        0.0110712              1        0.00408  
    16          17       0.00973707              1        0.00373  
    17          18       0.00861045              1        0.00536  
    18          19       0.00740393              1        0.00327  
    19          20       0.00635188              1        0.00331  
                                                        First-order 
 Iteration  Func-count       f(x)        Step-size       optimality
    20          21       0.00539998              1        0.00349  
    21          22       0.00457272              1        0.00389  
    22          23       0.00375271              1        0.00283  
    23          24       0.00314707              1         0.0023  
    24          25        0.0026669              1        0.00233  
    25          26       0.00230941              1         0.0022  
    26          27       0.00205016              1        0.00131  
    27          28       0.00187045              1        0.00109  
    28          29       0.00172902              1        0.00118  
    29          30       0.00160127              1        0.00112  
    30          31       0.00148177              1        0.00112  
    31          32       0.00135747              1        0.00115  
    32          33       0.00123447              1        0.00135  
    33          34       0.00111669              1        0.00122  
    34          35       0.00101481              1       0.000853  
    35          36      0.000923397              1       0.000752  
    36          37      0.000844754              1       0.000719  
    37          38      0.000776292              1       0.000743  
    38          39      0.000719866              1       0.000627  
    39          40      0.000672545              1       0.000569  
                                                        First-order 
 Iteration  Func-count       f(x)        Step-size       optimality
    40          41      0.000631179              1       0.000515  
    41          42      0.000591938              1       0.000561  
    42          43      0.000555129              1       0.000567  
    43          44      0.000519968              1       0.000608  
    44          45      0.000486667              1       0.000563  
    45          46      0.000453633              1       0.000485  
    46          47      0.000423051              1       0.000477  
    47          48      0.000394404              1       0.000474  
    48          49      0.000369703              1       0.000502  
    49          50      0.000346899              1       0.000398  
    50          51      0.000327699              1       0.000368  
    51          52      0.000310504              1       0.000386  
    52          53      0.000296162              1       0.000369  
    53          54      0.000283367              1       0.000337  
    54          55      0.000272045              1       0.000311  
    55          56      0.000261284              1       0.000322  
    56          57      0.000250779              1       0.000301  
    57          58      0.000240169              1       0.000249  
    58          59      0.000229804              1       0.000295  
    59          60      0.000219904              1       0.000287  
                                                        First-order 
 Iteration  Func-count       f(x)        Step-size       optimality
    60          61      0.000210836              1       0.000296  
    61          62      0.000202346              1       0.000272  
    62          63      0.000194343              1        0.00021  
    63          64      0.000185913              1       0.000228  
    64          65      0.000177343              1       0.000248  
    65          66       0.00016953              1       0.000239  
    66          67        0.0001623              1       0.000224  
    67          68       0.00015538              1       0.000204  
    68          69      0.000148566              1       0.000242  
    69          70      0.000141591              1       0.000225  
    70          71      0.000134898              1       0.000208  
    71          72      0.000128759              1       0.000211  
    72          73      0.000123279              1       0.000199  
    73          74       0.00011807              1       0.000192  
    74          75      0.000113154              1       0.000171  
    75          76      0.000108515              1       0.000177  
    76          77      0.000104427              1       0.000151  
    77          78      0.000100589              1       0.000163  
    78          79      9.70576e-05              1       0.000148  
    79          80      9.36253e-05              1       0.000148  
                                                        First-order 
 Iteration  Func-count       f(x)        Step-size       optimality
    80          81      9.05346e-05              1       0.000126  
    81          82      8.76378e-05              1       0.000128  
    82          83      8.49982e-05              1       0.000114  
    83          84       8.2519e-05              1       0.000122  
    84          85      8.02496e-05              1       0.000121  
    85          86      7.80947e-05              1        0.00012  
    86          87      7.60401e-05              1       0.000118  
    87          88      7.40387e-05              1       0.000119  
    88          89      7.21026e-05              1       0.000119  
    89          90      7.01457e-05              1       0.000119  
    90          91      6.81198e-05              1       0.000116  
    91          92      6.59968e-05              1       0.000114  
    92          93      6.39013e-05              1       0.000127  
    93          94       6.1899e-05              1       0.000106  
    94          95      6.00509e-05              1         0.0001  
    95          96      5.82946e-05              1       9.28e-05  
    96          97       5.6688e-05              1        0.00012  
    97          98      5.51851e-05              1       0.000106  
    98          99      5.37889e-05              1       0.000106  
    99         100      5.23542e-05              1       9.46e-05  
                                                        First-order 
 Iteration  Func-count       f(x)        Step-size       optimality
   100         101      5.09018e-05              1       9.55e-05  
   101         102       4.9433e-05              1       0.000107  
   102         103      4.80675e-05              1       0.000106  
   103         104      4.67914e-05              1       8.86e-05  
   104         105      4.56111e-05              1       8.51e-05  
   105         106      4.44686e-05              1       7.91e-05  
   106         107      4.33919e-05              1          7e-05  
   107         108      4.23862e-05              1       8.39e-05  
   108         109      4.14834e-05              1       8.62e-05  
   109         110      4.06475e-05              1       8.93e-05  
   110         111      3.98591e-05              1       8.11e-05  
   111         112      3.90755e-05              1       7.13e-05  
   112         113       3.8307e-05              1       9.45e-05  
   113         114      3.75343e-05              1       9.32e-05  
   114         115      3.67773e-05              1       9.45e-05  
   115         116      3.60297e-05              1       8.24e-05  
   116         117      3.53355e-05              1       6.51e-05  
   117         118      3.46867e-05              1       6.43e-05  
   118         119      3.40765e-05              1       6.11e-05  
   119         120      3.34662e-05              1       5.88e-05  
                                                        First-order 
 Iteration  Func-count       f(x)        Step-size       optimality
   120         121      3.28744e-05              1       5.79e-05  
   121         122      3.23134e-05              1       6.17e-05  
   122         123      3.17929e-05              1       7.66e-05  
   123         124      3.12804e-05              1       7.82e-05  
   124         125       3.0774e-05              1       7.39e-05  
   125         126      3.02909e-05              1       5.76e-05  
   126         127      2.98558e-05              1       5.92e-05  
   127         128      2.94393e-05              1       6.64e-05  
   128         129      2.90065e-05              1       6.81e-05  
   129         130      2.85301e-05              1       7.52e-05  
   130         131      2.80356e-05              1       7.94e-05  
   131         132      2.75349e-05              1       8.26e-05  
   132         133      2.70318e-05              1       8.51e-05  
   133         134      2.64914e-05              1       8.39e-05  
   134         135      2.59376e-05              1        7.4e-05  
   135         136      2.53817e-05              1       6.22e-05  
   136         137      2.48467e-05              1       5.73e-05  
   137         138      2.43104e-05              1       5.18e-05  
   138         139      2.37967e-05              1       5.73e-05  
   139         140      2.33103e-05              1       5.37e-05  
                                                        First-order 
 Iteration  Func-count       f(x)        Step-size       optimality
   140         141      2.28827e-05              1       5.19e-05  
   141         142      2.24856e-05              1       5.01e-05  
   142         143      2.21206e-05              1       6.28e-05  
   143         144      2.17593e-05              1       5.29e-05  
   144         145       2.1415e-05              1       6.55e-05  
   145         146      2.10611e-05              1       7.51e-05  
   146         147      2.07145e-05              1       5.91e-05  
   147         148      2.03655e-05              1        5.8e-05  
   148         149      2.00371e-05              1       4.57e-05  
   149         150      1.97139e-05              1       4.77e-05  
   150         151      1.94037e-05              1       5.65e-05  
   151         152      1.90957e-05              1       5.55e-05  
   152         153      1.87952e-05              1       5.57e-05  
   153         154        1.849e-05              1       4.78e-05  
   154         155      1.81869e-05              1        4.9e-05  
   155         156        1.788e-05              1       4.32e-05  
   156         157      1.75766e-05              1       4.39e-05  
   157         158      1.72602e-05              1        4.7e-05  
   158         159      1.69384e-05              1       6.07e-05  
   159         160      1.65997e-05              1       5.72e-05  
                                                        First-order 
 Iteration  Func-count       f(x)        Step-size       optimality
   160         161      1.62788e-05              1       4.39e-05  
   161         162      1.59804e-05              1       4.54e-05  
   162         163      1.57134e-05              1       4.88e-05  
   163         164        1.546e-05              1       4.27e-05  
   164         165      1.52242e-05              1       3.73e-05  
   165         166      1.49949e-05              1        3.5e-05  
   166         167      1.47879e-05              1       3.25e-05  
   167         168      1.45911e-05              1       3.09e-05  
   168         169      1.44052e-05              1       3.34e-05  
   169         170      1.42296e-05              1       3.48e-05  
   170         171      1.40627e-05              1       3.15e-05  
   171         172      1.38922e-05              1       3.18e-05  
   172         173      1.37149e-05              1       3.14e-05  
   173         174      1.35331e-05              1       3.34e-05  
   174         175      1.33581e-05              1       3.44e-05  
   175         176      1.31922e-05              1       3.33e-05  
   176         177      1.30335e-05              1       3.65e-05  
   177         178      1.28706e-05              1       3.25e-05  
   178         179       1.2711e-05              1       2.88e-05  
   179         180       1.2557e-05              1       2.65e-05  
                                                        First-order 
 Iteration  Func-count       f(x)        Step-size       optimality
   180         181      1.24143e-05              1       2.61e-05  
   181         182       1.2283e-05              1       3.09e-05  
   182         183      1.21635e-05              1       2.84e-05  
   183         184      1.20526e-05              1       2.37e-05  
   184         185      1.19504e-05              1       2.49e-05  
   185         186      1.18532e-05              1       2.78e-05  
   186         187      1.17589e-05              1       2.31e-05  
   187         188      1.16663e-05              1       2.41e-05  
   188         189      1.15779e-05              1       2.94e-05  
   189         190      1.14931e-05              1       2.56e-05  
   190         191      1.14098e-05              1       2.26e-05  
   191         192       1.1324e-05              1       2.61e-05  
   192         193      1.12376e-05              1       2.78e-05  
   193         194      1.11523e-05              1       2.42e-05  
   194         195      1.10699e-05              1       2.49e-05  
   195         196      1.09881e-05              1       2.02e-05  
   196         197      1.09078e-05              1       2.24e-05  
   197         198      1.08298e-05              1       2.03e-05  
   198         199      1.07543e-05              1       2.47e-05  
   199         200      1.06785e-05              1       2.62e-05  
                                                        First-order 
 Iteration  Func-count       f(x)        Step-size       optimality
   200         201      1.06017e-05              1       2.12e-05  
   201         202      1.05248e-05              1       2.17e-05  
   202         203      1.04494e-05              1       2.07e-05  
   203         204      1.03753e-05              1       2.09e-05  
   204         205      1.03004e-05              1       2.27e-05  
   205         206      1.02244e-05              1       2.07e-05  
   206         207      1.01475e-05              1        2.1e-05  
   207         208       1.0073e-05              1       2.25e-05  
   208         209      1.00001e-05              1       1.98e-05  
   209         210      9.92871e-06              1       2.57e-05  
   210         211       9.8566e-06              1       2.38e-05  
   211         212      9.78565e-06              1       2.27e-05  
   212         213      9.71564e-06              1        2.4e-05  
   213         214      9.64797e-06              1       2.43e-05  
   214         215      9.58039e-06              1       2.34e-05  
   215         216      9.51278e-06              1       2.18e-05  
   216         217      9.44443e-06              1       2.18e-05  
   217         218      9.37771e-06              1       1.95e-05  
   218         219      9.31266e-06              1       1.94e-05  
   219         220      9.25063e-06              1       1.86e-05  
                                                        First-order 
 Iteration  Func-count       f(x)        Step-size       optimality
   220         221      9.19189e-06              1        1.9e-05  
   221         222      9.13936e-06              1        1.9e-05  
   222         223      9.09181e-06              1       1.83e-05  
   223         224      9.04732e-06              1       1.58e-05  
   224         225      9.00138e-06              1       1.54e-05  
   225         226      8.95389e-06              1       1.54e-05  
   226         227      8.90629e-06              1       1.61e-05  
   227         228      8.86157e-06              1       1.61e-05  
   228         229      8.81925e-06              1       1.56e-05  
   229         230      8.77863e-06              1       1.65e-05  
   230         231      8.73894e-06              1       1.55e-05  
   231         232      8.70117e-06              1       1.46e-05  
   232         233      8.66578e-06              1       1.49e-05  
   233         234      8.63312e-06              1       1.51e-05  
   234         235       8.6021e-06              1       1.43e-05  
   235         236      8.57112e-06              1       1.42e-05  
   236         237      8.53773e-06              1        1.4e-05  
   237         238      8.50083e-06              1       1.43e-05  
   238         239      8.46119e-06              1       1.44e-05  
   239         240      8.42171e-06              1       1.57e-05  
                                                        First-order 
 Iteration  Func-count       f(x)        Step-size       optimality
   240         241      8.38308e-06              1       1.44e-05  
   241         242      8.34498e-06              1       1.47e-05  
   242         243      8.30603e-06              1       1.75e-05  
   243         244      8.26667e-06              1       1.51e-05  
   244         245      8.22704e-06              1        1.3e-05  
   245         246      8.18745e-06              1       1.58e-05  
   246         247      8.14626e-06              1       1.83e-05  
   247         248      8.10342e-06              1        1.8e-05  
   248         249      8.05928e-06              1       1.74e-05  
   249         250      8.01664e-06              1        1.8e-05  
   250         251      7.97667e-06              1       1.41e-05  
   251         252      7.93937e-06              1       1.38e-05  
   252         253      7.90209e-06              1       1.56e-05  
   253         254      7.86306e-06              1       1.44e-05  
   254         255      7.82184e-06              1       1.46e-05  
   255         256      7.78006e-06              1       1.67e-05  
   256         257      7.73843e-06              1       1.65e-05  
   257         258      7.69695e-06              1       1.65e-05  
   258         259      7.65473e-06              1       1.84e-05  
   259         260       7.6124e-06              1       1.79e-05  
                                                        First-order 
 Iteration  Func-count       f(x)        Step-size       optimality
   260         261      7.56999e-06              1       1.54e-05  
   261         262      7.52826e-06              1       1.46e-05  
   262         263      7.48601e-06              1       1.57e-05  
   263         264      7.44448e-06              1        1.7e-05  
   264         265      7.40446e-06              1       1.47e-05  
   265         266      7.36868e-06              1       1.55e-05  
   266         267      7.33504e-06              1        1.8e-05  
   267         268      7.30288e-06              1       1.47e-05  
   268         269       7.2716e-06              1       1.39e-05  
   269         270      7.24138e-06              1       1.29e-05  
   270         271      7.21075e-06              1       1.38e-05  
   271         272      7.17844e-06              1       1.29e-05  
   272         273      7.14412e-06              1       1.44e-05  
   273         274      7.10893e-06              1       1.72e-05  
   274         275      7.07367e-06              1       1.41e-05  
   275         276      7.03847e-06              1       1.44e-05  
   276         277      7.00377e-06              1       1.36e-05  
   277         278      6.97079e-06              1       1.49e-05  
   278         279      6.94037e-06              1       1.52e-05  
   279         280      6.91171e-06              1       1.31e-05  
                                                        First-order 
 Iteration  Func-count       f(x)        Step-size       optimality
   280         281      6.88391e-06              1       1.46e-05  
   281         282      6.85628e-06              1       1.24e-05  
   282         283      6.82926e-06              1       1.27e-05  
   283         284      6.80318e-06              1       1.32e-05  
   284         285      6.77905e-06              1       1.35e-05  
   285         286      6.75414e-06              1       1.24e-05  
   286         287      6.72854e-06              1       1.23e-05  
   287         288      6.70274e-06              1       1.22e-05  
   288         289      6.67725e-06              1       1.28e-05  
   289         290      6.65145e-06              1       1.42e-05  
   290         291      6.62499e-06              1       1.13e-05  
   291         292      6.59804e-06              1       1.04e-05  
   292         293      6.57159e-06              1       1.07e-05  
   293         294      6.54645e-06              1       1.38e-05  
   294         295        6.523e-06              1       1.24e-05  
   295         296      6.50071e-06              1       1.08e-05  
   296         297      6.47873e-06              1       1.24e-05  
   297         298      6.45582e-06              1       1.31e-05  
   298         299      6.43169e-06              1       1.25e-05  
   299         300      6.40656e-06              1       1.45e-05  
                                                        First-order 
 Iteration  Func-count       f(x)        Step-size       optimality
   300         301      6.38206e-06              1       1.42e-05  
   301         302      6.35862e-06              1       1.13e-05  
   302         303      6.33641e-06              1       9.37e-06  
   303         304      6.31427e-06              1       9.59e-06  
   304         305      6.29252e-06              1        1.1e-05  
   305         306      6.27107e-06              1       1.13e-05  
   306         307      6.25055e-06              1       1.15e-05  
   307         308      6.23063e-06              1       1.22e-05  
   308         309      6.21139e-06              1          1e-05  
   309         310      6.19234e-06              1       9.78e-06  
   310         311      6.17357e-06              1       1.04e-05  
   311         312      6.15499e-06              1       9.56e-06  
   312         313      6.13713e-06              1          1e-05  
   313         314      6.12002e-06              1       1.11e-05  
   314         315      6.10356e-06              1       9.07e-06  
   315         316      6.08701e-06              1       9.18e-06  
   316         317      6.07023e-06              1        9.1e-06  
   317         318      6.05325e-06              1       1.13e-05  
   318         319      6.03674e-06              1       1.31e-05  
   319         320      6.02058e-06              1       1.14e-05  
                                                        First-order 
 Iteration  Func-count       f(x)        Step-size       optimality
   320         321      6.00481e-06              1          1e-05  
   321         322      5.98923e-06              1       1.04e-05  
   322         323      5.97447e-06              1       1.08e-05  
   323         324      5.96083e-06              1       9.77e-06  
   324         325      5.94855e-06              1       1.02e-05  
   325         326       5.9372e-06              1        8.7e-06  
   326         327      5.92647e-06              1       7.94e-06  
   327         328       5.9159e-06              1       8.75e-06  
   328         329      5.90525e-06              1        9.3e-06  
   329         330      5.89425e-06              1       8.19e-06  
   330         331      5.88312e-06              1       8.16e-06  
   331         332      5.87236e-06              1       8.38e-06  
   332         333      5.86264e-06              1       8.17e-06  
   333         334      5.85394e-06              1       8.34e-06  
   334         335      5.84573e-06              1       8.01e-06  
   335         336      5.83726e-06              1       7.85e-06  
   336         337      5.82837e-06              1       7.47e-06  
   337         338      5.81939e-06              1       8.31e-06  
   338         339      5.81075e-06              1       8.78e-06  
   339         340      5.80234e-06              1       7.89e-06  
                                                        First-order 
 Iteration  Func-count       f(x)        Step-size       optimality
   340         341      5.79381e-06              1       7.66e-06  
   341         342      5.78477e-06              1       7.69e-06  
   342         343      5.77518e-06              1       8.21e-06  
   343         344      5.76521e-06              1       8.97e-06  
   344         345      5.75503e-06              1       1.07e-05  
   345         346      5.74458e-06              1       9.68e-06  
   346         347       5.7339e-06              1       8.31e-06  
   347         348      5.72325e-06              1       1.02e-05  
   348         349      5.71331e-06              1       9.17e-06  
   349         350      5.70414e-06              1       7.69e-06  
   350         351      5.69524e-06              1       7.91e-06  
   351         352      5.68558e-06              1       7.54e-06  
   352         353      5.67481e-06              1       9.92e-06  
   353         354      5.66332e-06              1       1.13e-05  
   354         355      5.65222e-06              1       8.98e-06  
   355         356      5.64199e-06              1       7.58e-06  
   356         357      5.63268e-06              1       6.73e-06  
   357         358      5.62409e-06              1       7.43e-06  
   358         359      5.61639e-06              1       6.55e-06  
   359         360      5.60931e-06              1       5.91e-06  
                                                        First-order 
 Iteration  Func-count       f(x)        Step-size       optimality
   360         361      5.60247e-06              1       6.37e-06  
   361         362      5.59525e-06              1       6.42e-06  
   362         363      5.58784e-06              1       6.44e-06  
   363         364      5.58072e-06              1        6.5e-06  
   364         365      5.57422e-06              1       6.15e-06  
   365         366      5.56812e-06              1       6.41e-06  
   366         367      5.56226e-06              1        5.7e-06  
   367         368      5.55668e-06              1        5.1e-06  
   368         369      5.55149e-06              1       5.17e-06  
   369         370      5.54655e-06              1       5.17e-06  
   370         371      5.54166e-06              1        6.2e-06  
   371         372       5.5368e-06              1       5.31e-06  
   372         373      5.53227e-06              1       5.21e-06  
   373         374       5.5283e-06              1       4.69e-06  
   374         375      5.52494e-06              1       3.89e-06  
   375         376      5.52204e-06              1       3.57e-06  
   376         377      5.51946e-06              1       4.56e-06  
   377         378      5.51706e-06              1       4.53e-06  
   378         379      5.51483e-06              1       4.27e-06  
   379         380       5.5128e-06              1       3.52e-06  
                                                        First-order 
 Iteration  Func-count       f(x)        Step-size       optimality
   380         381        5.511e-06              1       3.35e-06  
   381         382      5.50935e-06              1          3e-06  
   382         383      5.50776e-06              1       2.93e-06  
   383         384      5.50619e-06              1       2.92e-06  
   384         385      5.50468e-06              1       2.75e-06  
   385         386      5.50326e-06              1       3.27e-06  
   386         387      5.50189e-06              1       3.18e-06  
   387         388      5.50052e-06              1       3.09e-06  
   388         389      5.49913e-06              1       2.86e-06  
   389         390      5.49772e-06              1       2.84e-06  
   390         391      5.49632e-06              1       3.15e-06  
   391         392      5.49494e-06              1       2.96e-06  
   392         393      5.49357e-06              1       2.52e-06  
   393         394      5.49221e-06              1       2.53e-06  
   394         395      5.49091e-06              1       2.51e-06  
   395         396      5.48967e-06              1       2.79e-06  
   396         397      5.48844e-06              1        2.6e-06  
   397         398      5.48719e-06              1       2.99e-06  
   398         399      5.48593e-06              1       2.68e-06  
   399         400      5.48469e-06              1        3.2e-06  
                                                        First-order 
 Iteration  Func-count       f(x)        Step-size       optimality
   400         401      5.48345e-06              1       3.06e-06  
   401         402      5.48214e-06              1       3.02e-06  
   402         403      5.48069e-06              1       3.02e-06  
   403         404      5.47915e-06              1       3.23e-06  
   404         405      5.47764e-06              1       2.94e-06  
   405         406      5.47623e-06              1       3.17e-06  
   406         407       5.4749e-06              1       2.87e-06  
   407         408      5.47363e-06              1       2.69e-06  
   408         409       5.4724e-06              1        2.5e-06  
   409         410      5.47123e-06              1       2.52e-06  
   410         411      5.47008e-06              1       2.42e-06  
   411         412      5.46891e-06              1       2.47e-06  
   412         413       5.4677e-06              1       2.63e-06  
   413         414      5.46649e-06              1       2.93e-06  
   414         415       5.4653e-06              1       3.06e-06  
   415         416      5.46411e-06              1       2.39e-06  
   416         417      5.46291e-06              1       2.81e-06  
   417         418      5.46173e-06              1       2.89e-06  
   418         419       5.4606e-06              1       2.76e-06  
   419         420      5.45949e-06              1       2.45e-06  
                                                        First-order 
 Iteration  Func-count       f(x)        Step-size       optimality
   420         421      5.45837e-06              1       2.48e-06  
   421         422       5.4572e-06              1       2.83e-06  
   422         423      5.45604e-06              1       2.76e-06  
   423         424      5.45493e-06              1       2.29e-06  
   424         425      5.45391e-06              1       2.23e-06  
   425         426      5.45301e-06              1       2.28e-06  
   426         427       5.4522e-06              1       2.08e-06  
   427         428      5.45142e-06              1       2.27e-06  
   428         429      5.45062e-06              1       2.44e-06  
   429         430      5.44974e-06              1       2.65e-06  
   430         431      5.44877e-06              1       3.14e-06  
   431         432      5.44777e-06              1       2.56e-06  
   432         433      5.44679e-06              1       2.41e-06  
   433         434      5.44588e-06              1       2.85e-06  
   434         435      5.44506e-06              1       2.42e-06  
   435         436      5.44432e-06              1       2.07e-06  
   436         437      5.44363e-06              1       1.87e-06  
   437         438      5.44298e-06              1       2.28e-06  
   438         439      5.44234e-06              1       2.12e-06  
   439         440      5.44176e-06              1       2.09e-06  
                                                        First-order 
 Iteration  Func-count       f(x)        Step-size       optimality
   440         441      5.44123e-06              1       2.05e-06  
   441         442      5.44073e-06              1       1.75e-06  
   442         443       5.4402e-06              1       1.84e-06  
   443         444      5.43958e-06              1       1.84e-06  
   444         445       5.4389e-06              1       2.18e-06  
   445         446      5.43819e-06              1       1.79e-06  
   446         447      5.43752e-06              1       1.92e-06  
   447         448       5.4369e-06              1       1.99e-06  
   448         449      5.43628e-06              1       1.86e-06  
   449         450      5.43564e-06              1       2.21e-06  
   450         451      5.43496e-06              1       2.37e-06  
   451         452      5.43424e-06              1       2.29e-06  
   452         453       5.4335e-06              1       2.13e-06  
   453         454      5.43274e-06              1       2.51e-06  
   454         455      5.43201e-06              1       1.96e-06  
   455         456      5.43131e-06              1       1.82e-06  
   456         457      5.43062e-06              1       2.07e-06  
   457         458      5.42991e-06              1       2.16e-06  
   458         459      5.42917e-06              1       2.21e-06  
   459         460      5.42843e-06              1       1.88e-06  
                                                        First-order 
 Iteration  Func-count       f(x)        Step-size       optimality
   460         461      5.42773e-06              1       1.94e-06  
   461         462      5.42704e-06              1        1.9e-06  
   462         463      5.42635e-06              1       1.93e-06  
   463         464      5.42562e-06              1       2.06e-06  
   464         465      5.42488e-06              1          2e-06  
   465         466      5.42411e-06              1       2.03e-06  
   466         467      5.42333e-06              1        2.1e-06  
   467         468      5.42255e-06              1       3.03e-06  
   468         469       5.4218e-06              1       2.88e-06  
   469         470      5.42109e-06              1       1.98e-06  
   470         471      5.42038e-06              1       2.39e-06  
   471         472      5.41965e-06              1       2.41e-06  
   472         473      5.41888e-06              1       2.67e-06  
   473         474       5.4181e-06              1       2.17e-06  
   474         475      5.41729e-06              1       2.49e-06  
   475         476      5.41645e-06              1       2.56e-06  
   476         477      5.41557e-06              1       2.73e-06  
   477         478      5.41469e-06              1       2.69e-06  
   478         479      5.41385e-06              1       2.25e-06  
   479         480        5.413e-06              1       2.07e-06  
                                                        First-order 
 Iteration  Func-count       f(x)        Step-size       optimality
   480         481       5.4121e-06              1       2.25e-06  
   481         482      5.41111e-06              1       2.62e-06  
   482         483      5.41008e-06              1       2.87e-06  
   483         484      5.40906e-06              1       3.04e-06  
   484         485       5.4081e-06              1       2.43e-06  
   485         486      5.40719e-06              1       2.29e-06  
   486         487      5.40627e-06              1       2.61e-06  
   487         488      5.40532e-06              1       2.72e-06  
   488         489      5.40436e-06              1       2.47e-06  
   489         490      5.40342e-06              1       2.18e-06  
   490         491      5.40254e-06              1       2.44e-06  
   491         492      5.40175e-06              1       1.99e-06  
   492         493      5.40103e-06              1        1.9e-06  
   493         494      5.40035e-06              1       1.97e-06  
   494         495      5.39968e-06              1       1.88e-06  
   495         496      5.39902e-06              1       1.94e-06  
   496         497      5.39838e-06              1       2.28e-06  
   497         498      5.39776e-06              1       2.29e-06  
   498         499      5.39713e-06              1       1.58e-06  
   499         500       5.3965e-06              1       2.24e-06  
                                                        First-order 
 Iteration  Func-count       f(x)        Step-size       optimality
   500         501      5.39586e-06              1       2.43e-06  
   501         502      5.39524e-06              1       1.97e-06  
   502         503      5.39461e-06              1       1.89e-06  
   503         504      5.39397e-06              1       2.05e-06  
   504         505      5.39333e-06              1       2.52e-06  
   505         506      5.39271e-06              1       1.94e-06  
   506         507      5.39215e-06              1       1.94e-06  
   507         508      5.39162e-06              1       1.62e-06  
   508         509      5.39111e-06              1       1.71e-06  
   509         510      5.39058e-06              1       1.82e-06  
   510         511      5.39002e-06              1       1.89e-06  
   511         512      5.38947e-06              1       1.84e-06  
   512         513      5.38894e-06              1       1.67e-06  
   513         514      5.38845e-06              1       2.09e-06  
   514         515        5.388e-06              1       1.64e-06  
   515         516      5.38756e-06              1        1.6e-06  
   516         517      5.38711e-06              1       1.37e-06  
   517         518      5.38668e-06              1       1.51e-06  
   518         519      5.38627e-06              1       1.47e-06  
   519         520      5.38586e-06              1       1.65e-06  
                                                        First-order 
 Iteration  Func-count       f(x)        Step-size       optimality
   520         521      5.38546e-06              1       1.41e-06  
   521         522      5.38507e-06              1       1.35e-06  
   522         523      5.38471e-06              1       1.47e-06  
   523         524      5.38436e-06              1       1.43e-06  
   524         525        5.384e-06              1       1.42e-06  
   525         526      5.38363e-06              1       1.38e-06  
   526         527      5.38326e-06              1       1.29e-06  
   527         528      5.38291e-06              1       1.37e-06  
   528         529      5.38257e-06              1       1.35e-06  
   529         530      5.38221e-06              1       1.35e-06  
   530         531      5.38184e-06              1       1.83e-06  
   531         532      5.38143e-06              1       1.73e-06  
   532         533      5.38101e-06              1       1.69e-06  
   533         534      5.38056e-06              1       1.58e-06  
   534         535      5.38009e-06              1       1.55e-06  
   535         536      5.37963e-06              1        2.2e-06  
   536         537      5.37918e-06              1       1.99e-06  
   537         538      5.37875e-06              1       1.55e-06  
   538         539      5.37831e-06              1       1.54e-06  
   539         540      5.37787e-06              1       1.72e-06  
                                                        First-order 
 Iteration  Func-count       f(x)        Step-size       optimality
   540         541      5.37742e-06              1       1.79e-06  
   541         542      5.37695e-06              1       1.52e-06  
   542         543      5.37648e-06              1        1.5e-06  
   543         544        5.376e-06              1       1.44e-06  
   544         545      5.37552e-06              1       1.69e-06  
   545         546      5.37505e-06              1       1.94e-06  
   546         547      5.37457e-06              1       1.72e-06  
   547         548      5.37409e-06              1       1.68e-06  
   548         549      5.37359e-06              1       1.77e-06  
   549         550      5.37307e-06              1       1.97e-06  
   550         551      5.37254e-06              1       1.83e-06  
   551         552      5.37202e-06              1       1.61e-06  
   552         553      5.37152e-06              1       1.61e-06  
   553         554      5.37099e-06              1       1.76e-06  
   554         555      5.37041e-06              1       2.05e-06  
   555         556      5.36977e-06              1       1.87e-06  
   556         557       5.3691e-06              1       2.07e-06  
   557         558      5.36841e-06              1       2.43e-06  
   558         559       5.3677e-06              1       2.12e-06  
   559         560      5.36699e-06              1       1.78e-06  
                                                        First-order 
 Iteration  Func-count       f(x)        Step-size       optimality
   560         561       5.3663e-06              1        1.7e-06  
   561         562       5.3656e-06              1       2.19e-06  
   562         563      5.36486e-06              1       2.56e-06  
   563         564      5.36405e-06              1       2.47e-06  
   564         565      5.36321e-06              1       2.21e-06  
   565         566      5.36241e-06              1       1.76e-06  
   566         567      5.36166e-06              1       1.93e-06  
   567         568      5.36093e-06              1       2.15e-06  
   568         569      5.36022e-06              1       2.33e-06  
   569         570      5.35952e-06              1       2.19e-06  
   570         571      5.35884e-06              1       1.94e-06  
   571         572      5.35815e-06              1       2.27e-06  
   572         573      5.35743e-06              1          2e-06  
   573         574      5.35671e-06              1       2.38e-06  
   574         575        5.356e-06              1       2.17e-06  
   575         576      5.35529e-06              1       2.31e-06  
   576         577      5.35456e-06              1        2.1e-06  
   577         578       5.3538e-06              1       2.19e-06  
   578         579      5.35306e-06              1       2.29e-06  
   579         580      5.35234e-06              1       2.35e-06  
                                                        First-order 
 Iteration  Func-count       f(x)        Step-size       optimality
   580         581      5.35164e-06              1       2.03e-06  
   581         582      5.35095e-06              1       1.97e-06  
   582         583      5.35025e-06              1       2.39e-06  
   583         584      5.34954e-06              1       2.34e-06  
   584         585      5.34882e-06              1       2.28e-06  
   585         586      5.34811e-06              1       2.71e-06  
   586         587      5.34744e-06              1       2.22e-06  
   587         588      5.34679e-06              1          2e-06  
   588         589      5.34616e-06              1       2.05e-06  
   589         590      5.34553e-06              1       1.82e-06  
   590         591      5.34493e-06              1       1.92e-06  
   591         592      5.34437e-06              1       1.85e-06  
   592         593      5.34383e-06              1       2.17e-06  
   593         594      5.34331e-06              1       1.75e-06  
   594         595      5.34282e-06              1       1.25e-06  
   595         596      5.34238e-06              1       1.46e-06  
   596         597      5.34198e-06              1       1.78e-06  
   597         598      5.34159e-06              1       1.62e-06  
   598         599       5.3412e-06              1       1.82e-06  
   599         600      5.34079e-06              1        2.1e-06  
                                                        First-order 
 Iteration  Func-count       f(x)        Step-size       optimality
   600         601      5.34038e-06              1       1.85e-06  
   601         602      5.33996e-06              1       1.47e-06  
   602         603      5.33953e-06              1       1.58e-06  
   603         604      5.33909e-06              1       1.86e-06  
   604         605      5.33865e-06              1       1.75e-06  
   605         606      5.33818e-06              1       1.65e-06  
   606         607      5.33768e-06              1       1.88e-06  
   607         608      5.33716e-06              1       1.89e-06  
   608         609      5.33666e-06              1       2.01e-06  
   609         610      5.33618e-06              1       1.52e-06  
   610         611       5.3357e-06              1       1.54e-06  
   611         612      5.33518e-06              1       2.01e-06  
   612         613      5.33462e-06              1       2.05e-06  
   613         614        5.334e-06              1       1.85e-06  
   614         615      5.33336e-06              1       1.65e-06  
   615         616      5.33272e-06              1       1.82e-06  
   616         617      5.33209e-06              1       1.81e-06  
   617         618      5.33147e-06              1       2.38e-06  
   618         619      5.33084e-06              1        2.4e-06  
   619         620      5.33022e-06              1       1.87e-06  
                                                        First-order 
 Iteration  Func-count       f(x)        Step-size       optimality
   620         621      5.32962e-06              1       1.93e-06  
   621         622      5.32903e-06              1       2.03e-06  
   622         623      5.32845e-06              1       1.77e-06  
   623         624      5.32787e-06              1       1.74e-06  
   624         625      5.32728e-06              1       1.97e-06  
   625         626       5.3267e-06              1       1.98e-06  
   626         627      5.32612e-06              1       2.07e-06  
   627         628      5.32554e-06              1       2.09e-06  
   628         629      5.32497e-06              1       2.03e-06  
   629         630      5.32438e-06              1       2.11e-06  
   630         631      5.32372e-06              1       2.03e-06  
   631         632      5.32298e-06              1       2.11e-06  
   632         633      5.32216e-06              1       2.44e-06  
   633         634      5.32127e-06              1       2.46e-06  
   634         635      5.32033e-06              1       2.18e-06  
   635         636      5.31937e-06              1       2.29e-06  
   636         637      5.31841e-06              1       2.23e-06  
   637         638      5.31747e-06              1       2.42e-06  
   638         639      5.31656e-06              1       2.53e-06  
   639         640      5.31565e-06              1       2.54e-06  
                                                        First-order 
 Iteration  Func-count       f(x)        Step-size       optimality
   640         641      5.31471e-06              1       2.43e-06  
   641         642      5.31376e-06              1       2.44e-06  
   642         643      5.31284e-06              1        2.4e-06  
   643         644      5.31197e-06              1       2.28e-06  
   644         645      5.31114e-06              1       2.25e-06  
   645         646      5.31032e-06              1        2.5e-06  
   646         647      5.30947e-06              1       2.27e-06  
   647         648      5.30857e-06              1       2.18e-06  
   648         649      5.30761e-06              1       2.25e-06  
   649         650       5.3066e-06              1       2.54e-06  
   650         651      5.30556e-06              1       2.25e-06  
   651         652      5.30449e-06              1       2.28e-06  
   652         653      5.30344e-06              1       2.34e-06  
   653         654      5.30243e-06              1       2.87e-06  
   654         655      5.30147e-06              1          3e-06  
   655         656      5.30053e-06              1       2.46e-06  
   656         657      5.29955e-06              1       2.45e-06  
   657         658       5.2985e-06              1       2.62e-06  
   658         659       5.2974e-06              1       2.61e-06  
   659         660      5.29628e-06              1       2.46e-06  
                                                        First-order 
 Iteration  Func-count       f(x)        Step-size       optimality
   660         661      5.29515e-06              1       2.51e-06  
   661         662      5.29402e-06              1       2.42e-06  
   662         663      5.29295e-06              1       2.69e-06  
   663         664      5.29191e-06              1       2.73e-06  
   664         665      5.29088e-06              1       2.32e-06  
   665         666      5.28983e-06              1        2.3e-06  
   666         667      5.28875e-06              1       2.15e-06  
   667         668      5.28764e-06              1       2.38e-06  
   668         669      5.28653e-06              1       2.78e-06  
   669         670      5.28545e-06              1       2.67e-06  
   670         671      5.28442e-06              1       2.73e-06  
   671         672       5.2834e-06              1       2.63e-06  
   672         673      5.28237e-06              1       2.68e-06  
   673         674      5.28131e-06              1       2.54e-06  
   674         675      5.28027e-06              1       2.52e-06  
   675         676       5.2793e-06              1       2.32e-06  
   676         677      5.27842e-06              1       2.58e-06  
   677         678      5.27759e-06              1        2.5e-06  
   678         679      5.27675e-06              1       2.72e-06  
   679         680      5.27584e-06              1       2.63e-06  
                                                        First-order 
 Iteration  Func-count       f(x)        Step-size       optimality
   680         681      5.27486e-06              1       2.71e-06  
   681         682      5.27384e-06              1       2.74e-06  
   682         683      5.27282e-06              1       2.57e-06  
   683         684      5.27175e-06              1       2.73e-06  
   684         685       5.2706e-06              1       3.45e-06  
   685         686      5.26935e-06              1       2.95e-06  
   686         687      5.26808e-06              1       2.64e-06  
   687         688      5.26686e-06              1       2.75e-06  
   688         689      5.26569e-06              1       2.66e-06  
   689         690      5.26453e-06              1       3.17e-06  
   690         691      5.26337e-06              1       3.74e-06  
   691         692      5.26225e-06              1       2.89e-06  
   692         693      5.26119e-06              1       2.45e-06  
   693         694      5.26018e-06              1       2.98e-06  
   694         695       5.2592e-06              1       2.65e-06  
   695         696      5.25824e-06              1       2.85e-06  
   696         697      5.25734e-06              1       2.71e-06  
   697         698      5.25646e-06              1       2.72e-06  
   698         699      5.25556e-06              1       2.49e-06  
   699         700      5.25461e-06              1       3.08e-06  
                                                        First-order 
 Iteration  Func-count       f(x)        Step-size       optimality
   700         701      5.25362e-06              1       2.48e-06  
   701         702      5.25263e-06              1       2.71e-06  
   702         703      5.25166e-06              1       2.28e-06  
   703         704      5.25072e-06              1       2.22e-06  
   704         705      5.24982e-06              1       2.87e-06  
   705         706      5.24898e-06              1       2.24e-06  
   706         707      5.24818e-06              1       1.96e-06  
   707         708      5.24744e-06              1       2.05e-06  
   708         709      5.24674e-06              1       2.15e-06  
   709         710      5.24607e-06              1       1.98e-06  
   710         711      5.24542e-06              1       1.75e-06  
   711         712      5.24479e-06              1       1.77e-06  
   712         713      5.24415e-06              1       2.08e-06  
   713         714      5.24349e-06              1       1.94e-06  
   714         715      5.24282e-06              1       1.86e-06  
   715         716      5.24213e-06              1       2.01e-06  
   716         717      5.24143e-06              1       1.83e-06  
   717         718      5.24072e-06              1       2.33e-06  
   718         719         5.24e-06              1       2.68e-06  
   719         720      5.23931e-06              1       2.29e-06  
                                                        First-order 
 Iteration  Func-count       f(x)        Step-size       optimality
   720         721      5.23867e-06              1       1.74e-06  
   721         722      5.23808e-06              1       2.05e-06  
   722         723       5.2375e-06              1       2.09e-06  
   723         724      5.23692e-06              1       2.25e-06  
   724         725      5.23634e-06              1       2.03e-06  
   725         726      5.23578e-06              1       1.72e-06  
   726         727      5.23524e-06              1       1.91e-06  
   727         728      5.23473e-06              1       1.73e-06  
   728         729      5.23426e-06              1       1.38e-06  
   729         730      5.23384e-06              1       1.41e-06  
   730         731      5.23345e-06              1       1.47e-06  
   731         732      5.23308e-06              1       1.32e-06  
   732         733       5.2327e-06              1       1.48e-06  
   733         734      5.23231e-06              1       1.49e-06  
   734         735      5.23193e-06              1       1.44e-06  
   735         736      5.23154e-06              1       1.61e-06  
   736         737      5.23117e-06              1       1.68e-06  
   737         738      5.23081e-06              1       1.43e-06  
   738         739      5.23046e-06              1       1.49e-06  
   739         740      5.23013e-06              1       1.19e-06  
                                                        First-order 
 Iteration  Func-count       f(x)        Step-size       optimality
   740         741      5.22982e-06              1       1.35e-06  
   741         742      5.22952e-06              1       1.18e-06  
   742         743      5.22923e-06              1       1.09e-06  
   743         744      5.22896e-06              1       1.06e-06  
   744         745       5.2287e-06              1          1e-06  
   745         746      5.22845e-06              1       1.14e-06  
   746         747      5.22821e-06              1       1.14e-06  
   747         748      5.22796e-06              1       1.14e-06  
   748         749       5.2277e-06              1       1.25e-06  
   749         750      5.22744e-06              1       1.41e-06  
   750         751      5.22716e-06              1       1.42e-06  
   751         752      5.22689e-06              1       1.65e-06  
   752         753      5.22663e-06              1       1.41e-06  
   753         754      5.22639e-06              1       1.01e-06  
   754         755      5.22617e-06              1       1.05e-06  
   755         756      5.22596e-06              1       1.21e-06  
   756         757      5.22575e-06              1       1.18e-06  
   757         758      5.22554e-06              1       9.36e-07  
   758         759      5.22534e-06              1       1.38e-06  
   759         760      5.22514e-06              1       1.12e-06  
                                                        First-order 
 Iteration  Func-count       f(x)        Step-size       optimality
   760         761      5.22496e-06              1       9.97e-07  
   761         762      5.22477e-06              1       1.05e-06  
   762         763      5.22459e-06              1        1.1e-06  
   763         764       5.2244e-06              1       1.59e-06  
   764         765      5.22421e-06              1       1.42e-06  
   765         766      5.22401e-06              1       1.28e-06  
   766         767      5.22382e-06              1       9.96e-07  
   767         768      5.22364e-06              1       9.46e-07  
   768         769      5.22347e-06              1       1.02e-06  
   769         770       5.2233e-06              1       8.99e-07  
   770         771      5.22312e-06              1       1.24e-06  
   771         772      5.22293e-06              1       1.47e-06  
   772         773      5.22273e-06              1       1.27e-06  
   773         774      5.22254e-06              1       1.08e-06  
   774         775      5.22235e-06              1       8.96e-07  
   775         776      5.22217e-06              1       1.02e-06  
   776         777        5.222e-06              1       1.15e-06  
   777         778      5.22181e-06              1       1.09e-06  
   778         779      5.22163e-06              1       9.53e-07  
   779         780      5.22144e-06              1       8.94e-07  
                                                        First-order 
 Iteration  Func-count       f(x)        Step-size       optimality
   780         781      5.22126e-06              1       1.06e-06  
   781         782      5.22107e-06              1       9.62e-07  
   782         783      5.22089e-06              1       1.12e-06  
   783         784      5.22071e-06              1       1.04e-06  
   784         785      5.22053e-06              1       9.14e-07  
   785         786      5.22035e-06              1       1.15e-06  
   786         787      5.22015e-06              1       1.13e-06  
   787         788      5.21993e-06              1       1.32e-06  
   788         789      5.21971e-06              1       1.33e-06  
   789         790      5.21949e-06              1       1.15e-06  
   790         791      5.21929e-06              1       1.17e-06  
   791         792      5.21909e-06              1          1e-06  
   792         793      5.21889e-06              1       9.76e-07  
   793         794       5.2187e-06              1       9.77e-07  
   794         795      5.21851e-06              1       9.43e-07  
   795         796      5.21833e-06              1       9.34e-07  
   796         797      5.21815e-06              1          1e-06  
   797         798      5.21798e-06              1       1.15e-06  
   798         799       5.2178e-06              1       9.72e-07  
   799         800      5.21763e-06              1        1.1e-06  
                                                        First-order 
 Iteration  Func-count       f(x)        Step-size       optimality
   800         801      5.21746e-06              1       1.14e-06  
   801         802      5.21729e-06              1       9.84e-07  
   802         803      5.21713e-06              1        8.5e-07  
   803         804      5.21696e-06              1       9.78e-07  
   804         805       5.2168e-06              1       8.98e-07  
   805         806      5.21665e-06              1       9.01e-07  
   806         807      5.21651e-06              1       8.86e-07  
   807         808      5.21638e-06              1       8.63e-07  
   808         809      5.21625e-06              1       8.73e-07  
   809         810      5.21613e-06              1       8.12e-07  
   810         811        5.216e-06              1       8.06e-07  
   811         812      5.21589e-06              1        7.3e-07  
   812         813      5.21579e-06              1       7.42e-07  
   813         814       5.2157e-06              1       7.02e-07  
   814         815      5.21562e-06              1       6.46e-07  
   815         816      5.21554e-06              1       6.28e-07  
   816         817      5.21546e-06              1       6.19e-07  
   817         818       5.2154e-06              1       5.61e-07  
   818         819      5.21534e-06              1       5.62e-07  
   819         820      5.21528e-06              1       6.63e-07  
                                                        First-order 
 Iteration  Func-count       f(x)        Step-size       optimality
   820         821      5.21523e-06              1       6.22e-07  
   821         822      5.21518e-06              1       5.51e-07  
   822         823      5.21512e-06              1       5.18e-07  
   823         824      5.21507e-06              1       5.52e-07  
   824         825      5.21503e-06              1        5.1e-07  
   825         826      5.21498e-06              1       5.25e-07  
   826         827      5.21494e-06              1       4.53e-07  
   827         828      5.21489e-06              1       4.34e-07  
   828         829      5.21485e-06              1       5.01e-07  
   829         830      5.21481e-06              1       4.55e-07  
   830         831      5.21476e-06              1        4.6e-07  
   831         832      5.21472e-06              1       4.83e-07  
   832         833      5.21468e-06              1       4.49e-07  
   833         834      5.21464e-06              1       5.21e-07  
   834         835       5.2146e-06              1       5.07e-07  
   835         836      5.21456e-06              1        4.4e-07  
   836         837      5.21452e-06              1       4.56e-07  
   837         838      5.21448e-06              1       4.71e-07  
   838         839      5.21445e-06              1       4.08e-07  
   839         840      5.21441e-06              1       4.02e-07  
                                                        First-order 
 Iteration  Func-count       f(x)        Step-size       optimality
   840         841      5.21437e-06              1       4.66e-07  
   841         842      5.21434e-06              1       5.12e-07  
   842         843      5.21431e-06              1       4.71e-07  
   843         844      5.21428e-06              1       4.01e-07  
   844         845      5.21425e-06              1       3.61e-07  
   845         846      5.21422e-06              1       3.64e-07  
   846         847       5.2142e-06              1       3.68e-07  
   847         848      5.21417e-06              1        4.6e-07  
   848         849      5.21415e-06              1       4.53e-07  
   849         850      5.21412e-06              1       3.53e-07  
   850         851      5.21409e-06              1       4.04e-07  
   851         852      5.21407e-06              1       3.88e-07  
   852         853      5.21404e-06              1       3.96e-07  
   853         854      5.21401e-06              1       4.38e-07  
   854         855      5.21399e-06              1       4.28e-07  
   855         856      5.21396e-06              1       4.65e-07  
   856         857      5.21393e-06              1       4.59e-07  
   857         858      5.21391e-06              1       3.89e-07  
   858         859      5.21389e-06              1       3.87e-07  
   859         860      5.21387e-06              1       3.34e-07  
                                                        First-order 
 Iteration  Func-count       f(x)        Step-size       optimality
   860         861      5.21385e-06              1       3.89e-07  
   861         862      5.21382e-06              1       3.73e-07  
   862         863       5.2138e-06              1       3.52e-07  
   863         864      5.21377e-06              1       3.53e-07  
   864         865      5.21375e-06              1       3.37e-07  
   865         866      5.21374e-06              1       3.23e-07  
   866         867      5.21372e-06              1       3.29e-07  
   867         868       5.2137e-06              1       3.13e-07  
   868         869      5.21368e-06              1       2.78e-07  
   869         870      5.21366e-06              1       3.03e-07  
   870         871      5.21365e-06              1       2.67e-07  
   871         872      5.21363e-06              1       2.88e-07  
   872         873      5.21362e-06              1       3.07e-07  
   873         874       5.2136e-06              1       3.44e-07  
   874         875      5.21358e-06              1       3.33e-07  
   875         876      5.21357e-06              1       3.22e-07  
   876         877      5.21355e-06              1       3.21e-07  
   877         878      5.21354e-06              1       2.81e-07  
   878         879      5.21352e-06              1       2.85e-07  
   879         880      5.21351e-06              1       2.66e-07  
                                                        First-order 
 Iteration  Func-count       f(x)        Step-size       optimality
   880         881       5.2135e-06              1       2.63e-07  
   881         882      5.21349e-06              1       2.18e-07  
   882         883      5.21348e-06              1        2.2e-07  
   883         884      5.21347e-06              1        2.4e-07  
   884         885      5.21347e-06              1       2.26e-07  
   885         886      5.21346e-06              1       2.48e-07  
   886         887      5.21345e-06              1       2.34e-07  
   887         888      5.21344e-06              1       2.32e-07  
   888         889      5.21343e-06              1       2.23e-07  
   889         890      5.21342e-06              1       1.89e-07  
   890         891      5.21342e-06              1       1.93e-07  
   891         892      5.21341e-06              1       2.13e-07  
   892         893       5.2134e-06              1       2.17e-07  
   893         894       5.2134e-06              1       2.06e-07  
   894         895      5.21339e-06              1       1.84e-07  
   895         896      5.21338e-06              1       2.34e-07  
   896         897      5.21337e-06              1        2.1e-07  
   897         898      5.21336e-06              1       2.25e-07  
   898         899      5.21336e-06              1        2.1e-07  
   899         900      5.21335e-06              1       2.01e-07  
                                                        First-order 
 Iteration  Func-count       f(x)        Step-size       optimality
   900         901      5.21334e-06              1       2.03e-07  
   901         902      5.21333e-06              1       1.89e-07  
   902         903      5.21333e-06              1       2.17e-07  
   903         904      5.21332e-06              1       2.11e-07  
   904         905      5.21331e-06              1        2.2e-07  
   905         906      5.21331e-06              1       1.96e-07  
   906         907       5.2133e-06              1       1.87e-07  
   907         908      5.21329e-06              1       2.11e-07  
   908         909      5.21329e-06              1       2.14e-07  
   909         910      5.21328e-06              1       1.85e-07  
   910         911      5.21327e-06              1          2e-07  
   911         912      5.21327e-06              1       1.97e-07  
   912         913      5.21326e-06              1       1.73e-07  
   913         914      5.21325e-06              1        1.8e-07  
   914         915      5.21325e-06              1        1.8e-07  
   915         916      5.21324e-06              1       1.69e-07  
   916         917      5.21324e-06              1       1.77e-07  
   917         918      5.21323e-06              1       1.77e-07  
   918         919      5.21323e-06              1       1.71e-07  
   919         920      5.21322e-06              1        1.7e-07  
                                                        First-order 
 Iteration  Func-count       f(x)        Step-size       optimality
   920         921      5.21322e-06              1       1.89e-07  
   921         922      5.21321e-06              1       1.55e-07  
   922         923      5.21321e-06              1        1.6e-07  
   923         924       5.2132e-06              1       1.82e-07  
   924         925       5.2132e-06              1       1.58e-07  
   925         926      5.21319e-06              1       1.62e-07  
   926         927      5.21319e-06              1       1.86e-07  
   927         928      5.21318e-06              1       1.84e-07  
   928         929      5.21318e-06              1       1.69e-07  
   929         930      5.21317e-06              1       1.81e-07  
   930         931      5.21317e-06              1       1.51e-07  
   931         932      5.21316e-06              1       1.36e-07  
   932         933      5.21316e-06              1       1.49e-07  
   933         934      5.21316e-06              1       1.68e-07  
   934         935      5.21315e-06              1       1.66e-07  
   935         936      5.21315e-06              1       1.42e-07  
   936         937      5.21314e-06              1       1.31e-07  
   937         938      5.21314e-06              1       1.39e-07  
   938         939      5.21313e-06              1       1.41e-07  
   939         940      5.21313e-06              1        1.6e-07  
                                                        First-order 
 Iteration  Func-count       f(x)        Step-size       optimality
   940         941      5.21313e-06              1       1.81e-07  
   941         942      5.21312e-06              1       1.58e-07  
   942         943      5.21312e-06              1        1.6e-07  
   943         944      5.21311e-06              1       1.42e-07  
   944         945      5.21311e-06              1       1.53e-07  
   945         946      5.21311e-06              1        1.7e-07  
   946         947       5.2131e-06              1       1.33e-07  
   947         948       5.2131e-06              1        1.4e-07  
   948         949       5.2131e-06              1       1.27e-07  
   949         950      5.21309e-06              1       1.52e-07  
   950         951      5.21309e-06              1       1.36e-07  
   951         952      5.21309e-06              1       1.38e-07  
   952         953      5.21308e-06              1       1.44e-07  
   953         954      5.21308e-06              1       1.69e-07  
   954         955      5.21307e-06              1       1.69e-07  
   955         956      5.21307e-06              1       1.28e-07  
   956         957      5.21307e-06              1       1.27e-07  
   957         958      5.21306e-06              1       1.28e-07  
   958         959      5.21306e-06              1        1.5e-07  
   959         960      5.21306e-06              1       1.53e-07  
                                                        First-order 
 Iteration  Func-count       f(x)        Step-size       optimality
   960         961      5.21306e-06              1       1.44e-07  
   961         962      5.21305e-06              1       1.44e-07  
   962         963      5.21305e-06              1       1.46e-07  
   963         964      5.21305e-06              1       1.35e-07  
   964         965      5.21304e-06              1       1.21e-07  
   965         966      5.21304e-06              1        1.1e-07  
   966         967      5.21304e-06              1       1.09e-07  
   967         968      5.21304e-06              1       1.27e-07  
   968         969      5.21303e-06              1       1.26e-07  
   969         970      5.21303e-06              1       1.22e-07  
   970         971      5.21303e-06              1       1.33e-07  
   971         972      5.21303e-06              1        1.6e-07  
   972         973      5.21302e-06              1       1.61e-07  
   973         974      5.21302e-06              1       1.44e-07  
   974         975      5.21302e-06              1       1.25e-07  
   975         976      5.21302e-06              1       1.36e-07  
   976         977      5.21301e-06              1       1.14e-07  
   977         978      5.21301e-06              1       1.17e-07  
   978         979      5.21301e-06              1       1.19e-07  
   979         980      5.21301e-06              1          1e-07  

Optimization completed: The <a href = "matlab: helpview([docroot '/toolbox/optim/msg_csh/optim_msg_csh.map'],'first_order_opt_unc','CSHelpWindow');">first-order optimality measure</a>, 9.646224e-08, is less 
than <a href = "matlab: helpview([docroot '/toolbox/optim/msg_csh/optim_msg_csh.map'],'tolfun','CSHelpWindow');">options.TolFun</a> = 1.000000e-07.

Optimization Metric                                            Options
relative norm(gradient) =   9.65e-08                  TolFun =   1e-07 (selected)

