
Wait while particle positions are being optimized ...
Iteration #     Net Energy      Time (sec)     
0               590052.487299   0.4            
50              567667.337630   7.5            
100             567648.958859   14.6           
150             567642.676699   22.0           
200             567639.732655   29.1           
250             567637.049917   36.5           
300             567634.864708   43.6           
350             567632.724812   51.0           
400             567631.393599   58.1           
450             567630.500393   65.5           
500             567630.296200   72.6           
550             567630.069092   80.1           
600             567629.895433   87.2           
650             567629.810288   94.6           
700             567629.755490   101.8          
750             567629.720844   109.3          
800             567629.694669   116.4          
850             567629.673623   123.8          
900             567629.656271   131.0          
950             567629.640276   138.5          
1000            567629.620877   145.6          
1050            567629.584934   153.0          
1100            567629.543460   160.2          
1150            567629.519609   167.6          
1200            567629.504067   174.7          
1250            567629.489855   182.1          
1300            567629.474738   189.2          
1350            567629.459693   196.6          
1400            567629.446542   203.6          
1450            567629.436108   211.0          
1500            567629.428577   218.1          
1550            567629.423214   225.5          
1600            567629.419329   232.6          
1650            567629.416395   239.9          
1700            567629.414039   247.1          
1750            567629.411752   254.6          
1800            567629.406800   261.9          
1850            567629.362074   269.3          
1900            567629.322362   276.6          
1950            567629.316143   283.9          
1982            567629.314717   288.6          
Optimization completed after 1982 iterations. Elapsed time: 288.6 sec
flow iter#1; |dv| = 8.88129
flow iter#2; |dv| = 2.18932
flow iter#3; |dv| = 2.71392
flow iter#4; |dv| = 3.58334
flow iter#5; |dv| = 2.89816
flow iter#6; |dv| = 1.54505
flow iter#7; |dv| = 0.411562
flow iter#8; |dv| = 0.530248
flow iter#9; |dv| = 0.705933
flow iter#10; |dv| = 0.574686
flow iter#11; |dv| = 0.326925
flow iter#12; |dv| = 0.108361
flow iter#13; |dv| = 0.0650135
flow iter#14; |dv| = 0.107929
flow iter#15; |dv| = 0.0986707
flow iter#16; |dv| = 0.0626628
flow iter#17; |dv| = 0.0252834
flow iter#18; |dv| = 0.00833355
flow iter#19; |dv| = 0.0165768
flow iter#20; |dv| = 0.0170218
flow iter#21; |dv| = 0.0119554
flow iter#22; |dv| = 0.005885
flow iter#23; |dv| = 0.00246353
flow iter#24; |dv| = 0.0031515
flow iter#25; |dv| = 0.00349342
flow iter#26; |dv| = 0.00299362
flow iter#27; |dv| = 0.00237759
flow iter#28; |dv| = 0.00211551
                                                        First-order 
 Iteration  Func-count       f(x)        Step-size       optimality
     0           1         0.070753                       0.00128
     1           4        0.0554979             91       0.000932  
     2           7        0.0213264       0.325807       0.000543  
     3           8       0.00666777              1       0.000708  
     4           9        0.0064762              1       0.000853  
     5          10       0.00108993              1       0.000224  
     6          11      0.000872339              1       0.000432  
     7          12      0.000597444              1       4.56e-05  
     8          13      0.000492757              1       5.68e-05  
     9          14      0.000360812              1       0.000104  
    10          15      0.000296581              1       0.000228  
    11          16      0.000188664              1       6.64e-05  
    12          18      0.000139081       0.605766       0.000142  
    13          19      0.000119922              1       0.000132  
    14          20      0.000104173              1       2.89e-05  
    15          21      9.66874e-05              1       6.64e-05  
    16          22      8.75411e-05              1       5.02e-05  
    17          24      7.64534e-05       0.692223       0.000114  
    18          25      6.52789e-05              1       4.25e-05  
    19          26      6.07109e-05              1       2.87e-05  
                                                        First-order 
 Iteration  Func-count       f(x)        Step-size       optimality
    20          27      5.90561e-05              1        7.4e-05  
    21          28      5.59823e-05              1       3.49e-05  
    22          29      5.28523e-05              1       4.25e-05  
    23          31      5.00327e-05       0.453301       4.11e-05  
    24          32      4.76217e-05              1       3.92e-05  
    25          33      4.48265e-05              1       4.06e-05  
    26          34       4.2803e-05              1       3.84e-05  
    27          35      4.10605e-05              1       1.72e-05  
    28          37      4.01785e-05         0.6124       4.11e-05  
    29          38        3.811e-05              1       1.44e-05  
    30          39      3.72743e-05              1       1.11e-05  
    31          40      3.62882e-05              1       1.87e-05  
    32          42      3.60187e-05            0.5        7.5e-06  
    33          43      3.54791e-05              1       1.14e-05  
    34          44      3.40676e-05              1       3.03e-05  
    35          45      3.26029e-05              1       1.33e-05  
    36          47      3.22711e-05       0.341179       2.49e-05  
    37          48      3.18231e-05              1       1.58e-05  
    38          49      3.13349e-05              1       9.51e-06  
    39          50      3.03598e-05              1       2.78e-05  
                                                        First-order 
 Iteration  Func-count       f(x)        Step-size       optimality
    40          51      3.00263e-05              1       4.26e-05  
    41          52      2.96928e-05              1       1.07e-05  
    42          53      2.92323e-05              1       1.15e-05  
    43          54      2.87508e-05              1        2.3e-05  
    44          55      2.84296e-05              1       7.19e-06  
    45          56      2.81171e-05              1       7.12e-06  
    46          57      2.77531e-05              1       1.15e-05  
    47          58      2.75138e-05              1       1.17e-05  
    48          59      2.71157e-05              1       1.57e-05  
    49          60      2.66293e-05              1       1.48e-05  
    50          61       2.6268e-05              1       4.05e-05  
    51          62      2.61199e-05              1       2.58e-05  
    52          63      2.59364e-05              1       8.95e-06  
    53          64      2.57834e-05              1       1.19e-05  
    54          65      2.56125e-05              1       1.15e-05  
    55          66      2.52873e-05              1        1.4e-05  
    56          67      2.50159e-05              1       7.53e-06  
    57          68      2.48516e-05              1       8.97e-06  
    58          69      2.47156e-05              1       9.62e-06  
    59          70      2.45917e-05              1       6.87e-06  
                                                        First-order 
 Iteration  Func-count       f(x)        Step-size       optimality
    60          71      2.43565e-05              1       6.29e-06  
    61          72      2.41558e-05              1       7.67e-06  
    62          73      2.39875e-05              1       9.53e-06  
    63          74       2.3737e-05              1       1.84e-05  
    64          75      2.35215e-05              1        1.3e-05  
    65          76      2.33268e-05              1       1.58e-05  
    66          77        2.311e-05              1       1.26e-05  
    67          78      2.29172e-05              1        1.3e-05  
    68          79      2.26478e-05              1       5.73e-06  
    69          80      2.24914e-05              1       1.15e-05  
    70          81      2.23217e-05              1       6.75e-06  
    71          82      2.21613e-05              1       4.55e-06  
    72          83       2.2079e-05              1       1.35e-05  
    73          84      2.19539e-05              1       5.67e-06  
    74          85      2.17529e-05              1       4.87e-06  
    75          86      2.16091e-05              1       9.31e-06  
    76          87      2.14457e-05              1       2.66e-05  
    77          88      2.12897e-05              1       8.27e-06  
    78          89      2.12117e-05              1       6.83e-06  
    79          90      2.10719e-05              1       9.19e-06  
                                                        First-order 
 Iteration  Func-count       f(x)        Step-size       optimality
    80          91      2.09622e-05              1       1.56e-05  
    81          92      2.08337e-05              1       2.18e-05  
    82          93      2.07528e-05              1       1.33e-05  
    83          94      2.06185e-05              1       1.07e-05  
    84          95      2.04544e-05              1       1.21e-05  
    85          96      2.03672e-05              1       1.66e-05  
    86          97      2.02417e-05              1       1.44e-05  
    87          98      2.01628e-05              1       7.04e-06  
    88          99      2.00772e-05              1       3.03e-06  
    89         100      1.99872e-05              1       5.98e-06  
    90         101      1.98796e-05              1       7.06e-06  
    91         102      1.97672e-05              1       3.84e-06  
    92         103      1.97013e-05              1       6.45e-06  
    93         104       1.9629e-05              1       3.22e-06  
    94         105       1.9583e-05              1       7.79e-06  
    95         106      1.94438e-05              1       1.42e-05  
    96         107       1.9372e-05              1        1.3e-05  
    97         108      1.92734e-05              1        3.4e-06  
    98         109      1.92335e-05              1       5.02e-06  
    99         110      1.91544e-05              1       5.19e-06  
                                                        First-order 
 Iteration  Func-count       f(x)        Step-size       optimality
   100         111      1.90833e-05              1       4.94e-06  
   101         112      1.89727e-05              1       1.07e-05  
   102         113      1.89075e-05              1       3.71e-06  
   103         114      1.88352e-05              1       7.55e-06  
   104         115      1.87577e-05              1       2.39e-06  
   105         116      1.86258e-05              1       2.14e-06  
   106         117      1.84921e-05              1       5.21e-06  
   107         118       1.8411e-05              1       8.05e-06  
   108         119      1.83541e-05              1       9.81e-06  
   109         120      1.82832e-05              1       1.89e-06  
   110         121      1.82395e-05              1       8.54e-06  
   111         122      1.81739e-05              1       3.63e-06  
   112         123      1.81109e-05              1       6.82e-06  
   113         124      1.79883e-05              1       2.66e-06  
   114         125      1.78935e-05              1       4.35e-06  
   115         126      1.78097e-05              1       3.42e-06  
   116         127      1.77649e-05              1       6.55e-06  
   117         128      1.77361e-05              1       4.96e-06  
   118         129      1.77022e-05              1       3.39e-06  
   119         130      1.75993e-05              1       7.92e-06  
                                                        First-order 
 Iteration  Func-count       f(x)        Step-size       optimality
   120         131      1.75343e-05              1        2.9e-06  
   121         132      1.74401e-05              1       3.68e-06  
   122         133      1.72826e-05              1       8.03e-06  
   123         134      1.72047e-05              1       5.45e-06  
   124         135      1.71462e-05              1       2.66e-06  
   125         136       1.7105e-05              1       1.08e-05  
   126         137      1.70641e-05              1       4.25e-06  
   127         138      1.70279e-05              1       1.68e-06  
   128         139      1.69675e-05              1        1.2e-05  
   129         140      1.69168e-05              1       5.18e-06  
   130         141      1.68614e-05              1       3.44e-06  
   131         142      1.67405e-05              1       4.27e-06  
   132         143      1.66963e-05              1       2.98e-06  
   133         144      1.66544e-05              1       4.85e-06  
   134         145      1.66201e-05              1        6.9e-06  
   135         146      1.65811e-05              1       5.09e-06  
   136         147      1.65433e-05              1       6.06e-06  
   137         148      1.64781e-05              1       4.02e-06  
   138         149      1.64378e-05              1       3.17e-06  
   139         150      1.63471e-05              1       8.52e-06  
                                                        First-order 
 Iteration  Func-count       f(x)        Step-size       optimality
   140         151      1.63059e-05              1       3.66e-06  
   141         152      1.62685e-05              1        2.2e-06  
   142         153      1.62526e-05              1       2.55e-06  
   143         154      1.62336e-05              1       3.02e-06  
   144         155      1.61939e-05              1       3.97e-06  
   145         156      1.61275e-05              1       4.47e-06  
   146         157      1.60248e-05              1       4.22e-06  
   147         158      1.59311e-05              1        5.2e-06  
   148         159       1.5865e-05              1       2.62e-06  
   149         160      1.58493e-05              1       6.59e-06  
   150         161      1.58237e-05              1       2.31e-06  
   151         162      1.58107e-05              1       1.67e-06  
   152         163      1.57767e-05              1       1.77e-06  
   153         164      1.57384e-05              1       3.25e-06  
   154         165       1.5696e-05              1        3.3e-06  
   155         166      1.56587e-05              1       3.57e-06  
   156         167      1.56336e-05              1       3.37e-06  
   157         168      1.56052e-05              1       2.55e-06  
   158         169       1.5573e-05              1       2.35e-06  
   159         170      1.55419e-05              1        2.3e-06  
                                                        First-order 
 Iteration  Func-count       f(x)        Step-size       optimality
   160         171      1.55119e-05              1       3.97e-06  
   161         172      1.54755e-05              1       1.48e-06  
   162         173      1.54439e-05              1       2.21e-06  
   163         174      1.54068e-05              1       5.29e-06  
   164         175      1.53726e-05              1       6.01e-06  
   165         176      1.53228e-05              1       5.13e-06  
   166         177      1.52989e-05              1       3.07e-06  
   167         178      1.52725e-05              1       3.27e-06  
   168         179      1.52503e-05              1       1.65e-06  
   169         180      1.52305e-05              1       1.33e-06  
   170         181      1.52071e-05              1       3.91e-06  
   171         182      1.51761e-05              1        1.8e-06  
   172         183      1.51503e-05              1       1.91e-06  
   173         184       1.5091e-05              1       4.02e-06  
   174         185      1.50628e-05              1       3.62e-06  
   175         186      1.50349e-05              1       2.76e-06  
   176         187      1.50111e-05              1       3.75e-06  
   177         188      1.49892e-05              1       1.71e-06  
   178         189      1.49776e-05              1       4.93e-06  
   179         190      1.49541e-05              1       2.19e-06  
                                                        First-order 
 Iteration  Func-count       f(x)        Step-size       optimality
   180         191      1.49403e-05              1       2.05e-06  
   181         192      1.49044e-05              1       2.87e-06  
   182         193      1.48749e-05              1       3.83e-06  
   183         194      1.48225e-05              1       5.45e-06  
   184         195      1.47727e-05              1        3.5e-06  
   185         196      1.47314e-05              1        3.4e-06  
   186         197      1.47049e-05              1       1.87e-06  
   187         198      1.46953e-05              1       5.19e-06  
   188         199      1.46767e-05              1       1.27e-06  
   189         200      1.46641e-05              1        1.1e-06  
   190         201      1.46427e-05              1       2.42e-06  
   191         202      1.46215e-05              1       3.21e-06  
   192         203      1.45873e-05              1       2.99e-06  
   193         204      1.45521e-05              1       2.92e-06  
   194         205      1.45144e-05              1       1.78e-06  
   195         206      1.44861e-05              1       3.07e-06  
   196         207      1.44635e-05              1       2.73e-06  
   197         208      1.44394e-05              1       2.88e-06  
   198         209      1.44002e-05              1       5.45e-06  
   199         210      1.43732e-05              1       2.11e-06  
                                                        First-order 
 Iteration  Func-count       f(x)        Step-size       optimality
   200         211      1.43378e-05              1       6.33e-06  
   201         212      1.43195e-05              1       2.51e-06  
   202         213      1.42998e-05              1       2.67e-06  
   203         214      1.42779e-05              1        3.1e-06  
   204         215      1.42617e-05              1       5.11e-06  
   205         216      1.42269e-05              1       3.85e-06  
   206         217      1.41991e-05              1       3.49e-06  
   207         218      1.41785e-05              1       2.08e-06  
   208         219      1.41636e-05              1       5.74e-06  
   209         220      1.41521e-05              1       2.26e-06  
   210         221      1.41371e-05              1       1.15e-06  
   211         222       1.4116e-05              1       3.02e-06  
   212         223      1.40911e-05              1       3.39e-06  
   213         224      1.40486e-05              1       2.25e-06  
   214         225      1.40154e-05              1       2.27e-06  
   215         226      1.39841e-05              1       4.28e-06  
   216         227      1.39616e-05              1       4.64e-06  
   217         228      1.39377e-05              1       4.98e-06  
   218         229      1.39155e-05              1       1.55e-06  
   219         230      1.38932e-05              1       2.52e-06  
                                                        First-order 
 Iteration  Func-count       f(x)        Step-size       optimality
   220         231       1.3872e-05              1       3.07e-06  
   221         232       1.3849e-05              1       2.85e-06  
   222         233      1.38288e-05              1       2.11e-06  
   223         234      1.38007e-05              1       3.32e-06  
   224         235      1.37769e-05              1       2.26e-06  
   225         236      1.37538e-05              1       3.51e-06  
   226         237      1.37238e-05              1       3.12e-06  
   227         238      1.36885e-05              1       5.15e-06  
   228         239      1.36524e-05              1       2.71e-06  
   229         240      1.36194e-05              1       6.55e-06  
   230         241      1.35725e-05              1       5.46e-06  
   231         242      1.35188e-05              1       2.84e-06  
   232         243      1.34941e-05              1       5.84e-06  
   233         244       1.3465e-05              1       1.78e-06  
   234         245      1.34385e-05              1       1.77e-06  
   235         246      1.34078e-05              1       2.41e-06  
   236         247      1.33828e-05              1       1.18e-06  
   237         248      1.33527e-05              1       2.41e-06  
   238         249      1.33162e-05              1        1.9e-06  
   239         250      1.32835e-05              1        2.5e-06  
                                                        First-order 
 Iteration  Func-count       f(x)        Step-size       optimality
   240         251      1.32412e-05              1       4.55e-06  
   241         252      1.32193e-05              1       4.24e-06  
   242         253      1.31721e-05              1       5.72e-06  
   243         254      1.31547e-05              1       9.61e-06  
   244         255      1.31096e-05              1       3.45e-06  
   245         256      1.30634e-05              1       5.37e-06  
   246         257      1.30094e-05              1       5.99e-06  
   247         258      1.29455e-05              1       6.33e-06  
   248         259       1.2902e-05              1       3.63e-06  
   249         260      1.28604e-05              1       4.16e-06  
   250         261      1.28268e-05              1       4.91e-06  
   251         262      1.27893e-05              1       3.44e-06  
   252         263       1.2739e-05              1       2.74e-06  
   253         264      1.26869e-05              1       1.01e-05  
   254         265      1.26495e-05              1       3.92e-06  
   255         266       1.2625e-05              1       2.14e-06  
   256         267      1.25943e-05              1       9.27e-06  
   257         268      1.25728e-05              1       4.66e-06  
   258         269      1.25373e-05              1       1.34e-06  
   259         270      1.25047e-05              1       2.29e-06  
                                                        First-order 
 Iteration  Func-count       f(x)        Step-size       optimality
   260         271      1.24768e-05              1        2.6e-06  
   261         272      1.24369e-05              1       1.88e-06  
   262         274      1.24019e-05       0.572723       1.68e-06  
   263         275      1.23707e-05              1       1.87e-06  
   264         276      1.23428e-05              1       7.75e-06  
   265         277      1.23199e-05              1       4.58e-06  
   266         278      1.23037e-05              1       7.68e-06  
   267         279      1.22574e-05              1       3.66e-06  
   268         281      1.22231e-05        0.61578       5.11e-06  
   269         282      1.21947e-05              1        6.7e-06  
   270         283      1.21532e-05              1       6.07e-06  
   271         284      1.21217e-05              1       2.64e-06  
   272         285      1.20934e-05              1       2.19e-06  
   273         286      1.20788e-05              1       9.04e-06  
   274         287       1.2054e-05              1       3.47e-06  
   275         288      1.20361e-05              1       1.54e-06  
   276         289      1.19996e-05              1       4.09e-06  
   277         290      1.19682e-05              1       2.91e-06  
   278         291      1.19105e-05              1       4.27e-06  
   279         292      1.18419e-05              1        6.4e-06  
                                                        First-order 
 Iteration  Func-count       f(x)        Step-size       optimality
   280         293      1.17983e-05              1       3.56e-06  
   281         294      1.17587e-05              1       3.57e-06  
   282         295      1.17162e-05              1        8.3e-06  
   283         296      1.16951e-05              1        5.4e-06  
   284         297      1.16728e-05              1       6.54e-06  
   285         298      1.16549e-05              1       1.11e-06  
   286         299      1.16296e-05              1       1.16e-06  
   287         300      1.15634e-05              1       1.03e-05  
   288         301       1.1512e-05              1       2.51e-06  
   289         302       1.1457e-05              1       8.49e-06  
   290         303      1.14125e-05              1       5.37e-06  
   291         304      1.13938e-05              1       7.01e-06  
   292         305      1.13699e-05              1       2.36e-06  
   293         306      1.13366e-05              1       2.11e-06  
   294         307      1.13017e-05              1       1.66e-06  
   295         308      1.12723e-05              1       2.32e-06  
   296         309      1.12182e-05              1       5.56e-06  
   297         310      1.11683e-05              1       4.93e-06  
   298         311      1.11159e-05              1       7.76e-06  
   299         312      1.10831e-05              1       8.96e-06  
                                                        First-order 
 Iteration  Func-count       f(x)        Step-size       optimality
   300         313      1.10501e-05              1       2.27e-06  
   301         314       1.1015e-05              1        2.5e-06  
   302         315      1.09521e-05              1       8.31e-06  
   303         316      1.09083e-05              1       5.51e-06  
   304         317      1.08601e-05              1       6.96e-06  
   305         318      1.08338e-05              1       2.26e-06  
   306         319      1.08102e-05              1          3e-06  
   307         320      1.07521e-05              1       1.16e-05  
   308         321      1.06973e-05              1        8.3e-06  
   309         322      1.06411e-05              1       2.73e-05  
   310         323      1.06204e-05              1       7.57e-06  
   311         324      1.05738e-05              1       5.49e-06  
   312         325       1.0545e-05              1       1.53e-05  
   313         326      1.05058e-05              1       1.32e-05  
   314         327      1.04395e-05              1       1.46e-05  
   315         328      1.03864e-05              1       7.51e-06  
   316         329      1.03353e-05              1       5.89e-06  
   317         330      1.02848e-05              1       3.61e-06  
   318         331      1.02347e-05              1        1.6e-05  
   319         332      1.01581e-05              1       8.69e-06  
                                                        First-order 
 Iteration  Func-count       f(x)        Step-size       optimality
   320         333       1.0116e-05              1       3.82e-06  
   321         334      1.00602e-05              1       1.43e-05  
   322         335      1.00265e-05              1       6.54e-06  
   323         336      9.97851e-06              1       8.12e-06  
   324         337      9.91269e-06              1       5.89e-06  
   325         338       9.8621e-06              1       8.35e-06  
   326         339      9.82533e-06              1       2.16e-06  
   327         340      9.78271e-06              1       1.76e-06  
   328         341      9.73186e-06              1       5.14e-06  
   329         342       9.7028e-06              1       2.87e-06  
   330         343      9.66869e-06              1       7.65e-06  
   331         344      9.63852e-06              1       3.92e-06  
   332         345      9.59066e-06              1       4.56e-06  
   333         346      9.50986e-06              1       8.17e-06  
   334         347      9.44326e-06              1       6.04e-06  
   335         348      9.32938e-06              1       1.86e-05  
   336         349      9.21028e-06              1       8.45e-06  
   337         350      9.14436e-06              1       1.62e-05  
   338         351      9.06882e-06              1       9.86e-06  
   339         352      9.02981e-06              1       7.52e-06  
                                                        First-order 
 Iteration  Func-count       f(x)        Step-size       optimality
   340         353      8.98531e-06              1        4.1e-06  
   341         354      8.92786e-06              1       1.07e-05  
   342         355      8.88776e-06              1       6.35e-06  
   343         356      8.83862e-06              1       1.08e-05  
   344         357      8.79899e-06              1       3.98e-06  
   345         358      8.74583e-06              1       3.46e-06  
   346         359      8.68118e-06              1       1.44e-05  
   347         360      8.62111e-06              1       5.81e-06  
   348         361      8.53982e-06              1       7.93e-06  
   349         362      8.46076e-06              1       6.69e-06  
   350         363       8.3615e-06              1       3.44e-06  
   351         365      8.30539e-06       0.624086       1.04e-05  
   352         366      8.21466e-06              1       2.99e-06  
   353         367      8.15113e-06              1       4.52e-06  
   354         368      8.08232e-06              1       5.89e-06  
   355         369      8.04597e-06              1       5.36e-06  
   356         370      7.98442e-06              1       4.05e-06  
   357         371      7.91949e-06              1       3.24e-06  
   358         372      7.85251e-06              1       3.35e-06  
   359         373      7.79546e-06              1       1.01e-05  
                                                        First-order 
 Iteration  Func-count       f(x)        Step-size       optimality
   360         374      7.73494e-06              1       7.57e-06  
   361         375      7.70661e-06              1       1.29e-05  
   362         376      7.66283e-06              1       5.44e-06  
   363         377      7.61831e-06              1       8.58e-06  
   364         378      7.50813e-06              1       7.43e-06  
   365         379       7.4373e-06              1       1.81e-05  
   366         380      7.33658e-06              1       1.53e-05  
   367         381      7.27794e-06              1        1.1e-05  
   368         382      7.21883e-06              1       8.91e-06  
   369         383      7.18192e-06              1       3.51e-06  
   370         384      7.15406e-06              1       1.27e-05  
   371         385      7.12064e-06              1       4.99e-06  
   372         386      7.05561e-06              1       2.38e-06  
   373         387      6.99407e-06              1       1.25e-05  
   374         388      6.92824e-06              1       7.14e-06  
   375         389      6.85539e-06              1       1.43e-05  
   376         390      6.75136e-06              1       4.54e-06  
   377         391      6.69737e-06              1       4.05e-06  
   378         392      6.62897e-06              1       6.18e-06  
   379         394      6.60384e-06       0.353766       4.07e-06  
                                                        First-order 
 Iteration  Func-count       f(x)        Step-size       optimality
   380         395      6.57057e-06              1       1.22e-05  
   381         396      6.52727e-06              1       6.09e-06  
   382         397      6.47753e-06              1       1.67e-06  
   383         398      6.42668e-06              1        6.7e-06  
   384         399      6.39584e-06              1       1.53e-05  
   385         400      6.34658e-06              1       8.72e-06  
   386         401      6.31248e-06              1       2.18e-06  
   387         402      6.26965e-06              1       3.48e-06  
   388         403      6.22025e-06              1       2.66e-06  
   389         404        6.186e-06              1       4.38e-06  
   390         405      6.14485e-06              1       5.38e-06  
   391         406      6.11025e-06              1       9.91e-06  
   392         407      6.05539e-06              1       1.11e-05  
   393         408      6.00535e-06              1       7.54e-06  
   394         409      5.91134e-06              1       1.27e-05  
   395         410      5.85478e-06              1          8e-06  
   396         411      5.80374e-06              1        1.2e-05  
   397         412      5.73448e-06              1       9.47e-06  
   398         413      5.66772e-06              1       4.83e-06  
   399         415      5.59192e-06       0.669129       1.24e-05  
                                                        First-order 
 Iteration  Func-count       f(x)        Step-size       optimality
   400         416      5.47685e-06              1       8.43e-06  
   401         417      5.41223e-06              1       5.85e-06  
   402         418      5.36031e-06              1       4.94e-06  
   403         419       5.3396e-06              1       9.36e-06  
   404         420       5.3241e-06              1        4.5e-06  
   405         421      5.29345e-06              1       3.14e-06  
   406         422      5.26379e-06              1       6.15e-06  
   407         423      5.23842e-06              1       8.77e-06  
   408         424       5.1885e-06              1       6.48e-06  
   409         425      5.15423e-06              1       2.08e-06  
   410         426      5.09908e-06              1       9.37e-06  
   411         427      5.04614e-06              1       5.45e-06  
   412         428      5.00071e-06              1        2.8e-06  
   413         429      4.94402e-06              1       6.77e-06  
   414         430      4.87835e-06              1       2.12e-06  
   415         431      4.84135e-06              1       1.92e-05  
   416         432      4.77985e-06              1        4.1e-06  
   417         433      4.75152e-06              1       3.52e-06  
   418         434      4.72224e-06              1       3.39e-06  
   419         435      4.69474e-06              1       2.84e-06  
                                                        First-order 
 Iteration  Func-count       f(x)        Step-size       optimality
   420         436       4.6726e-06              1       1.28e-06  
   421         437      4.64855e-06              1       3.78e-06  
   422         438      4.60326e-06              1       3.59e-06  
   423         439      4.56139e-06              1       7.18e-06  
   424         440      4.47993e-06              1       3.86e-06  
   425         442      4.45219e-06       0.552297       1.08e-05  
   426         443       4.3757e-06              1       3.81e-06  
   427         444      4.34295e-06              1       3.73e-06  
   428         445      4.29004e-06              1       1.71e-06  
   429         446      4.25996e-06              1       1.13e-05  
   430         447      4.19655e-06              1       5.69e-06  
   431         448      4.13548e-06              1       5.89e-06  
   432         449      4.08268e-06              1       1.25e-05  
   433         450      4.04543e-06              1       4.02e-06  
   434         451       4.0127e-06              1       8.82e-06  
   435         452      3.97507e-06              1       4.49e-06  
   436         453       3.9359e-06              1       8.66e-06  
   437         454      3.89858e-06              1       3.74e-06  
   438         455       3.8735e-06              1       6.06e-06  
   439         456      3.83241e-06              1       4.46e-06  
                                                        First-order 
 Iteration  Func-count       f(x)        Step-size       optimality
   440         457      3.79327e-06              1       5.06e-06  
   441         458      3.74863e-06              1        2.9e-06  
   442         459      3.73159e-06              1       1.32e-05  
   443         460      3.68748e-06              1       2.62e-06  
   444         461      3.65583e-06              1       7.74e-06  
   445         462      3.61081e-06              1       8.91e-06  
   446         463      3.56602e-06              1        1.1e-05  
   447         464       3.5202e-06              1       7.64e-07  
   448         465      3.48948e-06              1       4.54e-06  
   449         466      3.45064e-06              1       7.38e-06  
   450         467      3.41613e-06              1       2.92e-06  
   451         469      3.39214e-06       0.591438       4.41e-06  
   452         470       3.3599e-06              1       1.93e-06  
   453         471      3.33166e-06              1       3.64e-06  
   454         472      3.29722e-06              1       1.07e-06  
   455         473      3.28127e-06              1       2.68e-06  
   456         474      3.25709e-06              1       3.87e-06  
   457         475      3.23952e-06              1        7.5e-06  
   458         476       3.2194e-06              1        4.3e-06  
   459         477      3.19692e-06              1        5.1e-06  
                                                        First-order 
 Iteration  Func-count       f(x)        Step-size       optimality
   460         478      3.17543e-06              1       4.95e-06  
   461         479      3.12712e-06              1       4.29e-06  
   462         480      3.08256e-06              1       3.33e-06  
   463         481      3.03455e-06              1       5.39e-06  
   464         482      2.99984e-06              1       1.67e-06  
   465         483      2.98036e-06              1        7.3e-06  
   466         484      2.95453e-06              1       4.47e-06  
   467         485      2.93592e-06              1       5.56e-06  
   468         486      2.90211e-06              1       3.37e-06  
   469         487      2.87573e-06              1       4.77e-06  
   470         488      2.84245e-06              1       3.81e-06  
   471         489      2.80613e-06              1       6.27e-06  
   472         490      2.78319e-06              1       8.08e-07  
   473         491      2.75953e-06              1       8.37e-06  
   474         492      2.72473e-06              1       6.71e-06  
   475         493      2.69172e-06              1        6.4e-06  
   476         494      2.66543e-06              1       5.01e-06  
   477         495      2.63703e-06              1       5.41e-06  
   478         496      2.60181e-06              1       4.21e-06  
   479         497      2.58036e-06              1        2.7e-06  
                                                        First-order 
 Iteration  Func-count       f(x)        Step-size       optimality
   480         498        2.561e-06              1       5.57e-06  
   481         499       2.5475e-06              1       8.86e-06  
   482         500       2.5204e-06              1       2.49e-06  
   483         501      2.49471e-06              1       6.04e-06  
   484         502      2.47357e-06              1       5.45e-06  
   485         503      2.41981e-06              1       7.29e-06  
   486         504      2.39187e-06              1       2.69e-06  
   487         505      2.36919e-06              1       4.49e-06  
   488         506       2.3497e-06              1       3.52e-06  
   489         507      2.32955e-06              1        2.1e-06  
   490         508      2.30672e-06              1       1.86e-06  
   491         509      2.28068e-06              1       1.65e-06  
   492         510      2.26024e-06              1        1.6e-06  
   493         511      2.23913e-06              1       3.54e-06  
   494         512      2.23331e-06              1       6.66e-06  
   495         513      2.21423e-06              1       5.24e-06  
   496         514      2.19095e-06              1       3.58e-06  
   497         515      2.17008e-06              1       3.34e-06  
   498         516      2.12739e-06              1       5.73e-06  
   499         517      2.10564e-06              1        3.2e-06  
                                                        First-order 
 Iteration  Func-count       f(x)        Step-size       optimality
   500         518      2.08244e-06              1       4.57e-06  
   501         519      2.04521e-06              1       1.19e-06  

<a href = "matlab: helpview([docroot '/toolbox/optim/msg_csh/optim_msg_csh.map'],'solver_stopped_premature','CSHelpWindow');">Solver stopped prematurely</a>.

fminunc stopped because it exceeded the iteration limit,
<a href = "matlab: helpview([docroot '/toolbox/optim/msg_csh/optim_msg_csh.map'],'max_iter','CSHelpWindow');">options.MaxIter</a> = 500 (the selected value).

                                                        First-order 
 Iteration  Func-count       f(x)        Step-size       optimality
     0           1         0.128089                        0.0337
     1           2         0.116503              1         0.0269  
     2           4        0.0988459       0.339967         0.0667  
     3           5         0.090655              1         0.0671  
     4           6        0.0812961              1         0.0467  
     5           7        0.0662969              1         0.0193  
     6           8        0.0542453              1         0.0126  
     7           9        0.0484025              1         0.0416  
     8          10        0.0386747              1         0.0116  
     9          11        0.0318636              1         0.0114  
    10          12        0.0268294              1         0.0169  
    11          13        0.0213044              1        0.00677  
    12          14        0.0179288              1        0.00599  
    13          15        0.0158211              1         0.0117  
    14          16        0.0140253              1         0.0043  
    15          17        0.0126363              1        0.00185  
    16          18        0.0117972              1        0.00382  
    17          19        0.0110727              1        0.00376  
    18          20        0.0103716              1        0.00327  
    19          21       0.00969109              1        0.00194  
                                                        First-order 
 Iteration  Func-count       f(x)        Step-size       optimality
    20          22        0.0090184              1        0.00285  
    21          23       0.00837517              1        0.00186  
    22          24       0.00765507              1        0.00224  
    23          25       0.00696625              1        0.00284  
    24          26       0.00630081              1        0.00248  
    25          27       0.00557405              1        0.00222  
    26          28       0.00489372              1        0.00221  
    27          29        0.0042719              1        0.00169  
    28          30       0.00369854              1        0.00177  
    29          31       0.00320821              1        0.00193  
    30          32       0.00277005              1        0.00158  
    31          33       0.00243079              1        0.00238  
    32          34       0.00217512              1        0.00215  
    33          35       0.00186657              1         0.0026  
    34          36       0.00162434              1        0.00117  
    35          37       0.00143378              1       0.000789  
    36          38       0.00127456              1       0.000797  
    37          39        0.0011395              1       0.000791  
    38          40       0.00103012              1       0.000663  
    39          41      0.000942256              1       0.000672  
                                                        First-order 
 Iteration  Func-count       f(x)        Step-size       optimality
    40          42        0.0008646              1       0.000496  
    41          43      0.000802396              1       0.000435  
    42          44      0.000746736              1       0.000589  
    43          45      0.000696176              1       0.000588  
    44          46      0.000653189              1         0.0005  
    45          47      0.000613188              1         0.0003  
    46          48      0.000577076              1       0.000384  
    47          49      0.000544166              1       0.000314  
    48          50      0.000511678              1       0.000328  
    49          51      0.000482333              1        0.00049  
    50          52      0.000455722              1       0.000306  
    51          53      0.000429004              1       0.000263  
    52          54      0.000404354              1       0.000295  
    53          55      0.000382771              1       0.000227  
    54          56       0.00035928              1       0.000215  
    55          57      0.000340568              1       0.000315  
    56          58      0.000324644              1       0.000267  
    57          59      0.000308337              1       0.000265  
    58          60      0.000293006              1       0.000228  
    59          61       0.00027869              1       0.000203  
                                                        First-order 
 Iteration  Func-count       f(x)        Step-size       optimality
    60          62      0.000263704              1        0.00023  
    61          63      0.000249384              1       0.000188  
    62          64      0.000236464              1       0.000182  
    63          65      0.000224076              1       0.000217  
    64          66      0.000212386              1       0.000264  
    65          67      0.000200268              1       0.000182  
    66          68      0.000188665              1       0.000158  
    67          69      0.000178165              1       0.000154  
    68          70      0.000168567              1        0.00013  
    69          71      0.000160057              1       0.000149  
    70          72      0.000152954              1       0.000118  
    71          73      0.000146067              1        9.3e-05  
    72          74      0.000139731              1       0.000118  
    73          75      0.000134367              1       0.000136  
    74          76      0.000129461              1       0.000118  
    75          77      0.000124749              1       9.69e-05  
    76          78      0.000120313              1       9.59e-05  
    77          79      0.000115979              1       0.000117  
    78          80      0.000111868              1       8.32e-05  
    79          81      0.000107881              1       9.97e-05  
                                                        First-order 
 Iteration  Func-count       f(x)        Step-size       optimality
    80          82      0.000104338              1       8.54e-05  
    81          83       0.00010096              1       7.02e-05  
    82          84      9.78041e-05              1       7.23e-05  
    83          85      9.50914e-05              1       8.13e-05  
    84          86       9.2476e-05              1       6.86e-05  
    85          87      8.97925e-05              1       6.14e-05  
    86          88      8.73092e-05              1       6.37e-05  
    87          89      8.48246e-05              1       6.82e-05  
    88          90      8.23889e-05              1       7.77e-05  
    89          91      8.01422e-05              1        5.6e-05  
    90          92      7.79886e-05              1       5.11e-05  
    91          93      7.58996e-05              1       5.77e-05  
    92          94      7.39695e-05              1       5.52e-05  
    93          95      7.20749e-05              1       5.73e-05  
    94          96      7.02309e-05              1       5.57e-05  
    95          97      6.84452e-05              1       8.22e-05  
    96          98      6.68147e-05              1       8.56e-05  
    97          99      6.52344e-05              1       5.37e-05  
    98         100      6.36911e-05              1        5.4e-05  
    99         101      6.22225e-05              1       4.38e-05  
                                                        First-order 
 Iteration  Func-count       f(x)        Step-size       optimality
   100         102      6.07672e-05              1       3.36e-05  
   101         103       5.9374e-05              1       3.56e-05  
   102         104      5.81786e-05              1       3.69e-05  
   103         105      5.70455e-05              1       4.74e-05  
   104         106      5.58797e-05              1       4.42e-05  
   105         107      5.46585e-05              1       3.66e-05  
   106         108      5.36112e-05              1       3.61e-05  
   107         109      5.25774e-05              1       4.15e-05  
   108         110      5.15813e-05              1       4.07e-05  
   109         111      5.05979e-05              1        5.5e-05  
   110         112      4.96317e-05              1       6.84e-05  
   111         113        4.866e-05              1       5.57e-05  
   112         114      4.76855e-05              1       3.04e-05  
   113         115      4.67439e-05              1       3.49e-05  
   114         116      4.58462e-05              1       3.75e-05  
   115         117      4.49693e-05              1       3.73e-05  
   116         118      4.40882e-05              1       3.63e-05  
   117         119      4.32649e-05              1       3.68e-05  
   118         120      4.24697e-05              1       4.29e-05  
   119         121       4.1667e-05              1       3.89e-05  
                                                        First-order 
 Iteration  Func-count       f(x)        Step-size       optimality
   120         122      4.08402e-05              1       5.37e-05  
   121         123       4.0073e-05              1       5.59e-05  
   122         124      3.92358e-05              1       5.25e-05  
   123         125      3.83727e-05              1        6.2e-05  
   124         126      3.75372e-05              1       4.74e-05  
   125         127      3.67114e-05              1       4.59e-05  
   126         128      3.59437e-05              1       3.22e-05  
   127         129      3.52925e-05              1       3.11e-05  
   128         130      3.46645e-05              1       2.64e-05  
   129         131      3.40975e-05              1       3.21e-05  
   130         132      3.35634e-05              1       2.58e-05  
   131         133      3.30534e-05              1        2.6e-05  
   132         134      3.25509e-05              1       2.32e-05  
   133         135       3.2089e-05              1       3.32e-05  
   134         136      3.16547e-05              1       2.97e-05  
   135         137       3.1226e-05              1       2.52e-05  
   136         138      3.08066e-05              1       2.58e-05  
   137         139      3.04203e-05              1       2.51e-05  
   138         140      3.00194e-05              1       2.66e-05  
   139         141      2.95704e-05              1        2.6e-05  
                                                        First-order 
 Iteration  Func-count       f(x)        Step-size       optimality
   140         142      2.91649e-05              1       2.33e-05  
   141         143      2.87757e-05              1       2.13e-05  
   142         144      2.83616e-05              1       2.15e-05  
   143         145      2.79702e-05              1       2.41e-05  
   144         146      2.76068e-05              1        2.7e-05  
   145         147      2.72404e-05              1       2.89e-05  
   146         148      2.68782e-05              1       2.76e-05  
   147         149      2.65251e-05              1       2.35e-05  
   148         150      2.61801e-05              1       2.09e-05  
   149         151      2.58389e-05              1          2e-05  
   150         152      2.55115e-05              1       1.93e-05  
   151         153      2.51994e-05              1        1.6e-05  
   152         154      2.49152e-05              1       1.75e-05  
   153         155      2.46641e-05              1       1.69e-05  
   154         156      2.44364e-05              1       1.63e-05  
   155         157      2.42092e-05              1       1.43e-05  
   156         158       2.3984e-05              1       2.32e-05  
   157         159      2.37622e-05              1       2.38e-05  
   158         160      2.35428e-05              1       3.17e-05  
   159         161      2.33156e-05              1       2.36e-05  
                                                        First-order 
 Iteration  Func-count       f(x)        Step-size       optimality
   160         162      2.30877e-05              1       2.76e-05  
   161         163      2.28527e-05              1       1.76e-05  
   162         164        2.261e-05              1        1.9e-05  
   163         165      2.23691e-05              1          2e-05  
   164         166      2.21342e-05              1        2.4e-05  
   165         167      2.18867e-05              1       2.52e-05  
   166         168      2.16391e-05              1       2.53e-05  
   167         169      2.13913e-05              1        2.4e-05  
   168         170      2.11511e-05              1       2.31e-05  
   169         171       2.0914e-05              1       2.25e-05  
   170         172      2.06842e-05              1       2.25e-05  
   171         173      2.04591e-05              1       2.22e-05  
   172         174      2.02446e-05              1          2e-05  
   173         175      2.00387e-05              1       1.74e-05  
   174         176      1.98445e-05              1       1.78e-05  
   175         177      1.96577e-05              1        1.7e-05  
   176         178      1.94821e-05              1       2.01e-05  
   177         179      1.93116e-05              1       1.58e-05  
   178         180      1.91545e-05              1       1.77e-05  
   179         181      1.90095e-05              1       1.42e-05  
                                                        First-order 
 Iteration  Func-count       f(x)        Step-size       optimality
   180         182       1.8879e-05              1       1.39e-05  
   181         183       1.8753e-05              1       1.32e-05  
   182         184       1.8636e-05              1       1.32e-05  
   183         185        1.852e-05              1        1.6e-05  
   184         186      1.84097e-05              1       1.59e-05  
   185         187      1.83041e-05              1       1.85e-05  
   186         188      1.81984e-05              1       1.56e-05  
   187         189      1.80888e-05              1       1.79e-05  
   188         190      1.79777e-05              1       1.54e-05  
   189         191      1.78705e-05              1       1.77e-05  
   190         192      1.77626e-05              1       1.43e-05  
   191         193      1.76512e-05              1       1.37e-05  
   192         194      1.75355e-05              1       1.16e-05  
   193         195      1.74223e-05              1       1.29e-05  
   194         196       1.7309e-05              1        1.5e-05  
   195         197      1.71962e-05              1       1.68e-05  
   196         198      1.70829e-05              1       1.79e-05  
   197         199      1.69717e-05              1        1.8e-05  
   198         200      1.68647e-05              1       1.63e-05  
   199         201       1.6765e-05              1       1.42e-05  
                                                        First-order 
 Iteration  Func-count       f(x)        Step-size       optimality
   200         202      1.66701e-05              1       1.11e-05  
   201         203      1.65778e-05              1       1.11e-05  
   202         204      1.64848e-05              1       1.25e-05  
   203         205       1.6396e-05              1       1.23e-05  
   204         206      1.63104e-05              1       1.19e-05  
   205         207      1.62239e-05              1       1.33e-05  
   206         208      1.61331e-05              1       1.45e-05  
   207         209      1.60408e-05              1       1.47e-05  
   208         210      1.59488e-05              1       1.31e-05  
   209         211        1.586e-05              1       1.12e-05  
   210         212      1.57742e-05              1        9.3e-06  

Optimization completed: The <a href = "matlab: helpview([docroot '/toolbox/optim/msg_csh/optim_msg_csh.map'],'first_order_opt_unc','CSHelpWindow');">first-order optimality measure</a>, 8.998602e-06, is less 
than <a href = "matlab: helpview([docroot '/toolbox/optim/msg_csh/optim_msg_csh.map'],'tolfun','CSHelpWindow');">options.TolFun</a> = 1.000000e-05.

Optimization Metric                                            Options
relative norm(gradient) =   9.00e-06                  TolFun =   1e-05 (selected)

MEvent. CASE!
MEvent. CASE!
MEvent. CASE!
MEvent. CASE!
