flow iter#1; |dv| = 4.92506
flow iter#2; |dv| = 1.23732
flow iter#3; |dv| = 1.49235
flow iter#4; |dv| = 1.96522
flow iter#5; |dv| = 1.60902
flow iter#6; |dv| = 0.88346
flow iter#7; |dv| = 0.254792
flow iter#8; |dv| = 0.26152
flow iter#9; |dv| = 0.369201
flow iter#10; |dv| = 0.312229
flow iter#11; |dv| = 0.186444
flow iter#12; |dv| = 0.0692117
flow iter#13; |dv| = 0.0292212
flow iter#14; |dv| = 0.053682
flow iter#15; |dv| = 0.0524809
flow iter#16; |dv| = 0.0356872
flow iter#17; |dv| = 0.0166984
flow iter#18; |dv| = 0.00614212
flow iter#19; |dv| = 0.00883343
flow iter#20; |dv| = 0.00980038
flow iter#21; |dv| = 0.0080425
flow iter#22; |dv| = 0.00586178
flow iter#23; |dv| = 0.00487326
                                                        First-order 
 Iteration  Func-count       f(x)        Step-size       optimality
     0           1         0.046782                       0.00236
     1           4        0.0305854        62.5517        0.00131  
     2           6        0.0106647            0.5        0.00075  
     3           7        0.0019526              1       0.000286  
     4           8      0.000531648              1        0.00028  
     5           9      0.000323414              1       0.000506  
     6          10      4.22456e-05              1       2.04e-05  
     7          11      4.09009e-05              1       1.33e-05  
     8          13      3.98061e-05       0.602238       2.67e-05  
     9          14      3.86131e-05              1       2.18e-05  
    10          15      3.35191e-05              1       4.48e-05  
    11          16      2.90471e-05              1        4.8e-05  
    12          17      1.84499e-05              1        7.3e-05  
    13          18      1.51372e-05              1       0.000158  
    14          19      1.06024e-05              1       5.78e-05  
    15          20      8.98586e-06              1       8.28e-06  
    16          21      8.59139e-06              1       9.45e-06  
    17          22      8.22729e-06              1       1.03e-05  
    18          23      6.51308e-06              1       1.31e-05  
    19          24      4.52605e-06              1       2.43e-05  
                                                        First-order 
 Iteration  Func-count       f(x)        Step-size       optimality
    20          25      1.59425e-06              1       3.47e-05  
    21          26      5.30414e-07              1       4.07e-05  
    22          28        2.356e-07       0.468475       1.18e-05  
    23          29      9.62167e-08              1       5.14e-06  
    24          30      2.39007e-08              1       5.53e-06  
    25          31      1.15158e-08              1       4.12e-07  
    26          32      1.04448e-08              1       5.75e-07  
    27          33      1.02572e-08              1        4.9e-07  
    28          34      9.36303e-09              1       3.76e-07  
    29          35      8.31289e-09              1       5.62e-07  
    30          36      7.34964e-09              1       2.12e-06  
    31          37      5.79988e-09              1       1.13e-06  
    32          38      4.59511e-09              1       2.16e-06  
    33          39      3.79895e-09              1       6.12e-07  
    34          40      3.22341e-09              1       6.63e-07  
    35          41      2.96733e-09              1       6.65e-07  
    36          42      2.75417e-09              1       4.88e-07  
    37          43      2.47243e-09              1       4.06e-07  
    38          44       1.8854e-09              1       1.94e-07  
    39          46       1.4657e-09       0.681691       4.55e-07  
                                                        First-order 
 Iteration  Func-count       f(x)        Step-size       optimality
    40          47      1.17768e-09              1       1.96e-07  
    41          48      1.07583e-09              1        5.8e-07  
    42          49      9.72503e-10              1       3.29e-07  
    43          50      8.33762e-10              1       1.66e-07  
    44          51      6.87345e-10              1       2.67e-07  
    45          52      5.67035e-10              1       6.93e-08  
    46          54      5.23307e-10       0.638801       2.08e-07  
    47          55      4.31392e-10              1       1.04e-07  
    48          56      3.88837e-10              1       1.35e-07  
    49          57      3.42909e-10              1       1.02e-07  
    50          59      3.22585e-10       0.261698       2.59e-07  
    51          60      3.07142e-10              1       7.46e-08  
    52          61      2.88734e-10              1       4.45e-08  
    53          62      2.77013e-10              1       1.37e-07  
    54          63      2.61215e-10              1       4.18e-08  
    55          64      2.44185e-10              1       7.67e-08  
    56          65      2.30227e-10              1       7.08e-08  
    57          66      2.18689e-10              1       3.44e-08  
    58          69       2.1241e-10       0.193758          9e-08  
    59          70       2.0164e-10              1       9.27e-08  
                                                        First-order 
 Iteration  Func-count       f(x)        Step-size       optimality
    60          71      1.82346e-10              1       1.18e-07  
    61          73      1.75013e-10       0.366266       8.97e-08  
    62          74      1.64167e-10              1       8.86e-08  
    63          75      1.37683e-10              1       8.34e-08  
    64          78      1.28168e-10       0.173116       9.36e-08  
    65          79      1.16579e-10              1       1.32e-07  
    66          80      8.67131e-11              1       9.01e-08  
    67          81      6.77883e-11              1       8.58e-08  
    68          83      6.21656e-11        0.26578       1.68e-07  
    69          84      4.06309e-11              1       6.19e-08  
    70          86      2.88208e-11       0.699997       1.34e-07  
    71          87      1.39968e-11              1       3.41e-08  
    72          89      9.45367e-12       0.626176       9.12e-08  
    73          90       3.1031e-12              1       3.66e-08  
    74          91      9.43213e-13              1       2.77e-08  
    75          92      4.89114e-13              1       2.91e-08  
    76          93      1.47262e-13              1       1.49e-08  
    77          94       1.3887e-14              1        2.8e-09  
    78          95      1.85226e-15              1       1.23e-09  
    79          96      7.65293e-17              1       3.09e-10  
                                                        First-order 
 Iteration  Func-count       f(x)        Step-size       optimality
    80          97      2.78841e-18              1        7.5e-11  

Optimization completed: The <a href = "matlab: helpview([docroot '/toolbox/optim/msg_csh/optim_msg_csh.map'],'first_order_opt_unc','CSHelpWindow');">first-order optimality measure</a>, 7.486540e-11, is less 
than <a href = "matlab: helpview([docroot '/toolbox/optim/msg_csh/optim_msg_csh.map'],'tolfun','CSHelpWindow');">options.TolFun</a> = 1.000000e-10.

Optimization Metric                                            Options
relative norm(gradient) =   7.49e-11                  TolFun =   1e-10 (selected)

                                                        First-order 
 Iteration  Func-count       f(x)        Step-size       optimality
     0           1         0.226846                         0.069
     1           2         0.168446              1           0.04  
     2           3         0.139595              1          0.153  
     3           4        0.0921029              1         0.0435  
     4           5        0.0685229              1         0.0227  
     5           6        0.0524949              1          0.049  
     6           7        0.0417642              1         0.0305  
     7           8        0.0362269              1         0.0316  
     8           9        0.0309697              1         0.0192  
     9          10        0.0265188              1         0.0154  
    10          11        0.0240179              1         0.0118  
    11          12        0.0215318              1         0.0077  
    12          13        0.0195717              1          0.011  
    13          14        0.0176161              1        0.00959  
    14          15        0.0151329              1        0.00864  
    15          16         0.013046              1        0.00547  
    16          17        0.0114317              1        0.00657  
    17          18       0.00965134              1        0.00658  
    18          19       0.00834107              1        0.00654  
    19          20       0.00696657              1        0.00576  
                                                        First-order 
 Iteration  Func-count       f(x)        Step-size       optimality
    20          21        0.0060497              1        0.00596  
    21          22       0.00507003              1        0.00451  
    22          23       0.00430148              1        0.00411  
    23          24       0.00365139              1        0.00336  
    24          25       0.00308948              1        0.00278  
    25          26       0.00267487              1        0.00269  
    26          27       0.00236725              1        0.00308  
    27          28       0.00208469              1        0.00288  
    28          29       0.00188814              1        0.00174  
    29          30       0.00171447              1        0.00185  
    30          31       0.00154049              1        0.00112  
    31          32       0.00137732              1        0.00135  
    32          33       0.00123608              1        0.00118  
    33          34       0.00108764              1        0.00129  
    34          35      0.000957754              1        0.00102  
    35          36      0.000859371              1       0.000761  
    36          37      0.000787857              1       0.000647  
    37          38      0.000730262              1       0.000711  
    38          39      0.000679358              1       0.000698  
    39          40      0.000631896              1       0.000725  
                                                        First-order 
 Iteration  Func-count       f(x)        Step-size       optimality
    40          41      0.000589189              1       0.000865  
    41          42      0.000549536              1       0.000692  
    42          43       0.00051301              1       0.000587  
    43          44      0.000477226              1       0.000579  
    44          45       0.00044404              1       0.000533  
    45          46      0.000412626              1       0.000611  
    46          47      0.000384929              1       0.000465  
    47          48      0.000358474              1       0.000466  
    48          49      0.000334697              1       0.000507  
    49          50      0.000311633              1       0.000456  
    50          51      0.000289397              1       0.000443  
    51          52      0.000268088              1       0.000486  
    52          53      0.000247884              1       0.000628  
    53          54      0.000228798              1        0.00057  
    54          55      0.000209487              1       0.000466  
    55          56      0.000191203              1       0.000412  
    56          57      0.000174092              1       0.000464  
    57          58      0.000160383              1       0.000356  
    58          59      0.000148667              1       0.000287  
    59          60      0.000139751              1       0.000255  
                                                        First-order 
 Iteration  Func-count       f(x)        Step-size       optimality
    60          61      0.000131214              1       0.000248  
    61          62      0.000123886              1       0.000353  
    62          63      0.000116891              1       0.000271  
    63          64      0.000111212              1       0.000269  
    64          65      0.000106408              1        0.00018  
    65          66      0.000102251              1       0.000161  
    66          67      9.82754e-05              1       0.000172  
    67          68      9.46149e-05              1       0.000148  
    68          69      9.13129e-05              1       0.000156  
    69          70      8.84147e-05              1       0.000132  
    70          71      8.57389e-05              1       0.000121  
    71          72      8.31794e-05              1       0.000147  
    72          73      8.06475e-05              1       0.000137  
    73          74      7.82213e-05              1       0.000132  
    74          75      7.59603e-05              1       0.000111  
    75          76      7.38941e-05              1       0.000132  
    76          77      7.19649e-05              1       0.000123  
    77          78      7.00711e-05              1       0.000117  
    78          79      6.81368e-05              1       0.000113  
    79          80       6.6183e-05              1       0.000112  
                                                        First-order 
 Iteration  Func-count       f(x)        Step-size       optimality
    80          81      6.43118e-05              1       0.000114  
    81          82      6.26206e-05              1       0.000109  
    82          83      6.11549e-05              1       0.000102  
    83          84      5.98922e-05              1       9.03e-05  
    84          85      5.87125e-05              1       0.000102  
    85          86      5.75071e-05              1       9.32e-05  
    86          87      5.62308e-05              1       8.72e-05  
    87          88      5.50396e-05              1       7.51e-05  
    88          89      5.39319e-05              1       8.66e-05  
    89          90      5.29116e-05              1       9.04e-05  
    90          91      5.19167e-05              1       9.41e-05  
    91          92      5.09014e-05              1       9.15e-05  
    92          93      4.98446e-05              1       8.52e-05  
    93          94      4.87541e-05              1       9.35e-05  
    94          95      4.76368e-05              1       0.000101  
    95          96      4.64864e-05              1       0.000113  
    96          97      4.53189e-05              1       0.000106  
    97          98      4.41504e-05              1       0.000117  
    98          99      4.30333e-05              1       9.51e-05  
    99         100       4.1978e-05              1       0.000112  
                                                        First-order 
 Iteration  Func-count       f(x)        Step-size       optimality
   100         101      4.10174e-05              1       8.26e-05  
   101         102      4.01078e-05              1       0.000102  
   102         103      3.92702e-05              1       8.05e-05  
   103         104       3.8436e-05              1       6.87e-05  
   104         105      3.76743e-05              1       6.44e-05  
   105         106      3.69835e-05              1       7.31e-05  
   106         107      3.63685e-05              1       8.04e-05  
   107         108      3.57582e-05              1       9.03e-05  
   108         109      3.51771e-05              1       8.73e-05  
   109         110      3.45997e-05              1       8.08e-05  
   110         111      3.40409e-05              1       6.55e-05  
   111         112      3.35076e-05              1       5.88e-05  
   112         113      3.30194e-05              1       4.98e-05  
   113         114      3.25732e-05              1       4.56e-05  
   114         115      3.21624e-05              1       5.38e-05  
   115         116      3.17768e-05              1       5.16e-05  
   116         117      3.14015e-05              1       4.89e-05  
   117         118      3.10143e-05              1       3.93e-05  
   118         119      3.06595e-05              1       4.13e-05  
   119         120      3.03612e-05              1        4.7e-05  
                                                        First-order 
 Iteration  Func-count       f(x)        Step-size       optimality
   120         121      3.00748e-05              1       3.89e-05  
   121         122      2.98202e-05              1       4.21e-05  
   122         123      2.95787e-05              1       4.13e-05  
   123         124      2.93436e-05              1       3.83e-05  
   124         125      2.91113e-05              1       3.66e-05  
   125         126       2.8885e-05              1       3.74e-05  
   126         127       2.8661e-05              1        4.1e-05  
   127         128      2.84324e-05              1       4.59e-05  
   128         129       2.8194e-05              1       4.89e-05  
   129         130      2.79428e-05              1       4.95e-05  
   130         131      2.76749e-05              1       4.46e-05  
   131         132      2.73872e-05              1       4.24e-05  
   132         133      2.70875e-05              1       4.57e-05  
   133         134      2.67902e-05              1       4.35e-05  
   134         135       2.6511e-05              1       4.67e-05  
   135         136      2.62487e-05              1       5.56e-05  
   136         137      2.60029e-05              1       4.96e-05  
   137         138      2.57601e-05              1       4.57e-05  
   138         139      2.55206e-05              1       5.31e-05  
   139         140      2.52706e-05              1       5.05e-05  
                                                        First-order 
 Iteration  Func-count       f(x)        Step-size       optimality
   140         141      2.50242e-05              1       5.26e-05  
   141         142      2.47761e-05              1       4.77e-05  
   142         143      2.45432e-05              1       4.54e-05  
   143         144      2.43077e-05              1       3.93e-05  
   144         145      2.40727e-05              1       3.69e-05  
   145         146      2.38261e-05              1        3.2e-05  
   146         147      2.35872e-05              1       4.21e-05  
   147         148      2.33567e-05              1       4.97e-05  
   148         149      2.31521e-05              1        5.6e-05  
   149         150      2.29645e-05              1       4.89e-05  
   150         151      2.27999e-05              1       2.91e-05  
   151         152      2.26374e-05              1       3.45e-05  
   152         153      2.24874e-05              1       3.83e-05  
   153         154        2.234e-05              1       3.82e-05  
   154         155      2.22066e-05              1       3.54e-05  
   155         156      2.20805e-05              1        3.3e-05  
   156         157      2.19561e-05              1       3.19e-05  
   157         158      2.18243e-05              1       2.66e-05  
   158         159      2.16902e-05              1        2.5e-05  
   159         160      2.15579e-05              1       2.95e-05  
                                                        First-order 
 Iteration  Func-count       f(x)        Step-size       optimality
   160         161      2.14279e-05              1       3.08e-05  
   161         162      2.12959e-05              1       3.22e-05  
   162         163      2.11653e-05              1       2.87e-05  
   163         164      2.10441e-05              1       2.85e-05  
   164         165      2.09346e-05              1       2.51e-05  
   165         166      2.08326e-05              1       2.64e-05  
   166         167      2.07282e-05              1       2.53e-05  
   167         168      2.06211e-05              1       2.57e-05  
   168         169      2.05131e-05              1       2.33e-05  
   169         170      2.04213e-05              1       2.32e-05  
   170         171      2.03345e-05              1       1.92e-05  
   171         172      2.02505e-05              1        2.1e-05  
   172         173       2.0164e-05              1       2.45e-05  
   173         174      2.00791e-05              1       2.92e-05  
   174         175      1.99981e-05              1       3.18e-05  
   175         176      1.99244e-05              1       3.48e-05  
   176         177      1.98553e-05              1       3.47e-05  
   177         178      1.97872e-05              1       3.58e-05  
   178         179      1.97161e-05              1       3.28e-05  
   179         180      1.96421e-05              1       3.34e-05  
                                                        First-order 
 Iteration  Func-count       f(x)        Step-size       optimality
   180         181      1.95666e-05              1       2.71e-05  
   181         182      1.94947e-05              1        2.9e-05  
   182         183      1.94241e-05              1       2.15e-05  
   183         184      1.93547e-05              1       2.05e-05  
   184         185      1.92795e-05              1       2.03e-05  
   185         186      1.92071e-05              1       1.99e-05  
   186         187      1.91308e-05              1       2.28e-05  
   187         188      1.90595e-05              1       2.18e-05  
   188         189      1.89914e-05              1       1.77e-05  
   189         190      1.89276e-05              1       1.67e-05  
   190         191       1.8867e-05              1       1.73e-05  
   191         192      1.88115e-05              1       1.69e-05  
   192         193        1.876e-05              1       1.73e-05  
   193         194      1.87085e-05              1       1.64e-05  
   194         195      1.86568e-05              1       2.21e-05  
   195         196      1.86048e-05              1       2.56e-05  
   196         197      1.85487e-05              1       2.07e-05  
   197         198      1.84768e-05              1       1.85e-05  
   198         199      1.84231e-05              1       2.56e-05  
   199         200      1.83567e-05              1       2.33e-05  
                                                        First-order 
 Iteration  Func-count       f(x)        Step-size       optimality
   200         201         1.83e-05              1       1.73e-05  
   201         202      1.82497e-05              1       1.61e-05  
   202         203      1.82051e-05              1       1.72e-05  
   203         204      1.81633e-05              1        1.8e-05  
   204         205       1.8124e-05              1       1.59e-05  
   205         206      1.80894e-05              1       1.33e-05  
   206         207      1.80576e-05              1       1.35e-05  
   207         208      1.80292e-05              1       1.32e-05  
   208         209      1.80026e-05              1       1.28e-05  
   209         210      1.79784e-05              1       1.02e-05  
   210         211      1.79555e-05              1        1.1e-05  
   211         212      1.79335e-05              1       1.15e-05  
   212         213      1.79112e-05              1       1.07e-05  
   213         214      1.78887e-05              1       1.02e-05  
   214         215      1.78667e-05              1       1.04e-05  
   215         216      1.78466e-05              1       9.77e-06  
   216         217      1.78279e-05              1        9.8e-06  
   217         218      1.78092e-05              1       8.88e-06  
   218         219        1.779e-05              1       1.07e-05  
   219         220      1.77711e-05              1       1.14e-05  
                                                        First-order 
 Iteration  Func-count       f(x)        Step-size       optimality
   220         221       1.7753e-05              1       1.05e-05  
   221         222       1.7735e-05              1          1e-05  
   222         223      1.77154e-05              1       1.15e-05  
   223         224      1.76939e-05              1       1.29e-05  
   224         225       1.7672e-05              1       1.39e-05  
   225         226      1.76513e-05              1       1.57e-05  
   226         227      1.76314e-05              1       1.05e-05  
   227         228      1.76111e-05              1       1.21e-05  
   228         229      1.75896e-05              1       1.11e-05  
   229         230      1.75679e-05              1       1.09e-05  
   230         231      1.75465e-05              1       1.08e-05  
   231         232      1.75256e-05              1       1.09e-05  
   232         233      1.75038e-05              1       1.31e-05  
   233         234      1.74815e-05              1       1.34e-05  
   234         235      1.74593e-05              1       1.24e-05  
   235         236      1.74389e-05              1       1.05e-05  
   236         237      1.74197e-05              1       1.06e-05  
   237         238      1.74004e-05              1       1.17e-05  
   238         239      1.73791e-05              1       1.15e-05  
   239         240      1.73562e-05              1       1.08e-05  
                                                        First-order 
 Iteration  Func-count       f(x)        Step-size       optimality
   240         241      1.73336e-05              1       1.16e-05  
   241         242      1.73124e-05              1       1.25e-05  
   242         243      1.72912e-05              1       1.01e-05  
   243         244      1.72682e-05              1       1.11e-05  
   244         245      1.72427e-05              1       1.25e-05  
   245         246      1.72175e-05              1       1.19e-05  
   246         247       1.7195e-05              1       1.07e-05  
   247         248      1.71756e-05              1       9.47e-06  
   248         249      1.71569e-05              1       1.13e-05  
   249         250      1.71379e-05              1       9.79e-06  
   250         251      1.71179e-05              1       1.23e-05  
   251         252      1.70986e-05              1       1.43e-05  
   252         253      1.70792e-05              1       1.22e-05  
   253         254      1.70604e-05              1       1.19e-05  
   254         255      1.70421e-05              1       8.82e-06  
   255         256      1.70243e-05              1       9.88e-06  
   256         257      1.70065e-05              1       1.15e-05  
   257         258      1.69896e-05              1       9.63e-06  
   258         259       1.6974e-05              1        8.6e-06  
   259         260      1.69598e-05              1        9.8e-06  
                                                        First-order 
 Iteration  Func-count       f(x)        Step-size       optimality
   260         261      1.69463e-05              1       1.07e-05  
   261         262      1.69329e-05              1       1.15e-05  
   262         263      1.69198e-05              1       1.07e-05  
   263         264      1.69073e-05              1       7.25e-06  
   264         265       1.6895e-05              1        7.9e-06  
   265         266      1.68826e-05              1       8.57e-06  
   266         267        1.687e-05              1       8.48e-06  
   267         268       1.6858e-05              1       7.49e-06  
   268         269      1.68471e-05              1        6.2e-06  
   269         270      1.68369e-05              1       6.97e-06  
   270         271      1.68268e-05              1       8.15e-06  
   271         272      1.68161e-05              1       9.21e-06  
   272         273      1.68048e-05              1       9.21e-06  
   273         274      1.67931e-05              1       8.81e-06  
   274         275      1.67816e-05              1       6.96e-06  
   275         276      1.67703e-05              1       6.94e-06  
   276         277       1.6759e-05              1       6.78e-06  
   277         278      1.67482e-05              1       7.25e-06  
   278         279      1.67379e-05              1       6.32e-06  
   279         280      1.67281e-05              1       7.23e-06  
                                                        First-order 
 Iteration  Func-count       f(x)        Step-size       optimality
   280         281      1.67184e-05              1       8.08e-06  
   281         282      1.67088e-05              1       7.63e-06  
   282         283      1.66994e-05              1       7.25e-06  
   283         284        1.669e-05              1       7.85e-06  
   284         285      1.66805e-05              1       7.05e-06  
   285         286      1.66712e-05              1       6.72e-06  
   286         287      1.66623e-05              1       6.71e-06  
   287         288      1.66538e-05              1       6.23e-06  
   288         289      1.66454e-05              1       7.35e-06  
   289         290      1.66369e-05              1       6.44e-06  
   290         291      1.66284e-05              1       6.33e-06  
   291         292      1.66204e-05              1       6.04e-06  
   292         293      1.66129e-05              1       7.26e-06  
   293         294      1.66057e-05              1        6.9e-06  
   294         295      1.65987e-05              1       7.09e-06  
   295         296      1.65921e-05              1       7.37e-06  
   296         297      1.65856e-05              1       7.38e-06  
   297         298      1.65793e-05              1       6.97e-06  
   298         299      1.65728e-05              1       6.52e-06  
   299         300      1.65659e-05              1       6.82e-06  
                                                        First-order 
 Iteration  Func-count       f(x)        Step-size       optimality
   300         301      1.65585e-05              1       7.42e-06  
   301         302      1.65506e-05              1       7.38e-06  
   302         303      1.65426e-05              1       7.32e-06  
   303         304      1.65347e-05              1       6.86e-06  
   304         305      1.65271e-05              1       7.54e-06  
   305         306      1.65196e-05              1       7.97e-06  
   306         307       1.6512e-05              1       8.19e-06  
   307         308      1.65045e-05              1       7.89e-06  
   308         309      1.64971e-05              1       7.36e-06  
   309         310      1.64896e-05              1       6.38e-06  
   310         311      1.64819e-05              1       6.25e-06  
   311         312      1.64742e-05              1       6.54e-06  
   312         313      1.64667e-05              1        7.3e-06  
   313         314      1.64596e-05              1       7.07e-06  
   314         315      1.64527e-05              1       7.09e-06  
   315         316      1.64459e-05              1       7.28e-06  
   316         317      1.64393e-05              1       5.63e-06  
   317         318       1.6433e-05              1       4.89e-06  
   318         319      1.64266e-05              1       5.51e-06  
   319         320      1.64199e-05              1       6.85e-06  
                                                        First-order 
 Iteration  Func-count       f(x)        Step-size       optimality
   320         321      1.64124e-05              1       6.82e-06  
   321         322      1.64042e-05              1       7.03e-06  
   322         323      1.63954e-05              1       6.98e-06  
   323         324      1.63866e-05              1       7.45e-06  
   324         325      1.63785e-05              1       6.66e-06  
   325         326      1.63711e-05              1        5.8e-06  
   326         327      1.63642e-05              1       6.44e-06  
   327         328      1.63572e-05              1       5.88e-06  
   328         329        1.635e-05              1       6.11e-06  
   329         330      1.63431e-05              1       6.45e-06  
   330         331      1.63365e-05              1       6.32e-06  
   331         332      1.63302e-05              1       5.95e-06  
   332         333      1.63235e-05              1       7.06e-06  
   333         334       1.6316e-05              1       6.53e-06  
   334         335      1.63076e-05              1       6.67e-06  
   335         336      1.62994e-05              1       7.12e-06  
   336         337      1.62915e-05              1       6.64e-06  
   337         338      1.62839e-05              1        6.9e-06  
   338         339      1.62761e-05              1       6.75e-06  
   339         340      1.62681e-05              1       6.53e-06  
                                                        First-order 
 Iteration  Func-count       f(x)        Step-size       optimality
   340         341      1.62601e-05              1       6.83e-06  
   341         342      1.62523e-05              1       6.11e-06  
   342         343      1.62442e-05              1       6.62e-06  
   343         344      1.62357e-05              1       7.21e-06  
   344         345      1.62272e-05              1       8.48e-06  
   345         346      1.62191e-05              1        8.5e-06  
   346         347      1.62114e-05              1       7.87e-06  
   347         348      1.62037e-05              1       7.09e-06  
   348         349      1.61953e-05              1          7e-06  
   349         350      1.61866e-05              1       6.89e-06  
   350         351      1.61778e-05              1        6.4e-06  
   351         352      1.61695e-05              1       7.56e-06  
   352         353      1.61607e-05              1       7.67e-06  
   353         354      1.61515e-05              1       7.09e-06  
   354         355      1.61422e-05              1       7.12e-06  
   355         356      1.61333e-05              1       7.12e-06  
   356         357      1.61251e-05              1       6.72e-06  
   357         358      1.61176e-05              1       6.73e-06  
   358         359      1.61106e-05              1        6.8e-06  
   359         360      1.61037e-05              1       6.62e-06  
                                                        First-order 
 Iteration  Func-count       f(x)        Step-size       optimality
   360         361       1.6097e-05              1       6.36e-06  
   361         362      1.60907e-05              1       5.99e-06  
   362         363      1.60843e-05              1       6.02e-06  
   363         364      1.60775e-05              1       6.56e-06  
   364         365      1.60703e-05              1       6.23e-06  
   365         366      1.60636e-05              1       5.98e-06  
   366         367      1.60575e-05              1       6.21e-06  
   367         368       1.6052e-05              1       6.53e-06  
   368         369      1.60465e-05              1       5.75e-06  
   369         370       1.6041e-05              1       6.03e-06  
   370         371      1.60357e-05              1       5.53e-06  
   371         372      1.60306e-05              1       5.49e-06  
   372         373      1.60256e-05              1       5.32e-06  
   373         374      1.60206e-05              1       5.74e-06  
   374         375      1.60156e-05              1       6.35e-06  
   375         376      1.60107e-05              1       5.15e-06  
   376         377      1.60058e-05              1          5e-06  
   377         378      1.60009e-05              1       4.74e-06  
   378         379      1.59961e-05              1       4.91e-06  
   379         380      1.59915e-05              1       5.15e-06  
                                                        First-order 
 Iteration  Func-count       f(x)        Step-size       optimality
   380         381      1.59873e-05              1       4.71e-06  
   381         382      1.59834e-05              1       4.83e-06  
   382         383      1.59799e-05              1       4.42e-06  
   383         384      1.59768e-05              1       4.33e-06  
   384         385      1.59738e-05              1       4.28e-06  
   385         386      1.59706e-05              1       4.57e-06  
   386         387      1.59673e-05              1       4.66e-06  
   387         388      1.59639e-05              1       4.25e-06  
   388         389      1.59606e-05              1       4.17e-06  
   389         390      1.59575e-05              1       3.82e-06  
   390         391      1.59544e-05              1       4.64e-06  
   391         392      1.59513e-05              1       4.34e-06  
   392         393      1.59482e-05              1       4.46e-06  
   393         394      1.59451e-05              1       3.82e-06  
   394         395      1.59422e-05              1       3.67e-06  
   395         396      1.59393e-05              1        4.2e-06  
   396         397      1.59366e-05              1       4.06e-06  
   397         398      1.59338e-05              1        4.4e-06  
   398         399       1.5931e-05              1       4.63e-06  
   399         400      1.59281e-05              1       4.06e-06  
                                                        First-order 
 Iteration  Func-count       f(x)        Step-size       optimality
   400         401      1.59252e-05              1        3.7e-06  
   401         402      1.59224e-05              1       3.59e-06  
   402         403      1.59197e-05              1       3.64e-06  
   403         404      1.59172e-05              1       3.97e-06  
   404         405      1.59148e-05              1       3.64e-06  
   405         406      1.59123e-05              1       3.93e-06  
   406         407      1.59099e-05              1       4.36e-06  
   407         408      1.59075e-05              1       3.53e-06  
   408         409      1.59053e-05              1        3.8e-06  
   409         410       1.5903e-05              1       3.69e-06  
   410         411      1.59008e-05              1       3.48e-06  
   411         412      1.58986e-05              1       3.22e-06  
   412         413      1.58965e-05              1       3.17e-06  
   413         414      1.58944e-05              1       3.16e-06  
   414         415      1.58924e-05              1       3.31e-06  
   415         416      1.58903e-05              1       3.48e-06  
   416         417       1.5888e-05              1       3.27e-06  
   417         418      1.58855e-05              1       3.64e-06  
   418         419      1.58832e-05              1        3.6e-06  
   419         420      1.58813e-05              1       4.03e-06  
                                                        First-order 
 Iteration  Func-count       f(x)        Step-size       optimality
   420         421      1.58795e-05              1       3.52e-06  
   421         422      1.58777e-05              1       3.25e-06  
   422         423      1.58758e-05              1       3.08e-06  
   423         424      1.58738e-05              1       2.85e-06  
   424         425      1.58718e-05              1       2.95e-06  
   425         426      1.58699e-05              1       3.34e-06  
   426         427       1.5868e-05              1        3.1e-06  
   427         428      1.58661e-05              1        2.8e-06  
   428         429      1.58643e-05              1       2.71e-06  
   429         430      1.58628e-05              1       2.75e-06  
   430         431      1.58613e-05              1       3.14e-06  
   431         432      1.58598e-05              1       3.35e-06  
   432         433      1.58584e-05              1       3.14e-06  
   433         434      1.58569e-05              1       2.64e-06  
   434         435      1.58556e-05              1       2.63e-06  
   435         436      1.58543e-05              1        2.9e-06  
   436         437       1.5853e-05              1       2.74e-06  
   437         438      1.58517e-05              1       2.74e-06  
   438         439      1.58504e-05              1       3.06e-06  
   439         440       1.5849e-05              1        2.8e-06  
                                                        First-order 
 Iteration  Func-count       f(x)        Step-size       optimality
   440         441      1.58476e-05              1       2.74e-06  
   441         442      1.58463e-05              1       2.52e-06  
   442         443      1.58451e-05              1       2.67e-06  
   443         444      1.58439e-05              1       3.07e-06  
   444         445      1.58427e-05              1       2.36e-06  
   445         446      1.58417e-05              1       2.18e-06  
   446         447      1.58407e-05              1       2.37e-06  
   447         448      1.58397e-05              1       2.17e-06  
   448         449      1.58387e-05              1       2.36e-06  
   449         450      1.58378e-05              1       2.35e-06  
   450         451      1.58368e-05              1       2.39e-06  
   451         452      1.58359e-05              1       2.45e-06  
   452         453       1.5835e-05              1       2.02e-06  
   453         454      1.58342e-05              1       2.28e-06  
   454         455      1.58335e-05              1       2.33e-06  
   455         456      1.58327e-05              1        2.1e-06  
   456         457      1.58319e-05              1       2.12e-06  
   457         458      1.58311e-05              1       2.14e-06  
   458         459      1.58302e-05              1       2.11e-06  
   459         460      1.58293e-05              1       2.19e-06  
                                                        First-order 
 Iteration  Func-count       f(x)        Step-size       optimality
   460         461      1.58285e-05              1       2.02e-06  
   461         462      1.58277e-05              1       1.88e-06  
   462         463       1.5827e-05              1       1.98e-06  
   463         464      1.58263e-05              1       2.24e-06  
   464         465      1.58256e-05              1       2.13e-06  
   465         466      1.58248e-05              1       2.35e-06  
   466         467       1.5824e-05              1       2.32e-06  
   467         468      1.58232e-05              1       2.19e-06  
   468         469      1.58223e-05              1       2.14e-06  
   469         470      1.58213e-05              1       1.99e-06  
   470         471      1.58204e-05              1       2.01e-06  
   471         472      1.58195e-05              1       1.97e-06  
   472         473      1.58185e-05              1        2.5e-06  
   473         474      1.58175e-05              1       2.55e-06  
   474         475      1.58166e-05              1       2.33e-06  
   475         476      1.58157e-05              1       2.36e-06  
   476         477      1.58149e-05              1       2.27e-06  
   477         478       1.5814e-05              1       2.02e-06  
   478         479      1.58131e-05              1       2.08e-06  
   479         480      1.58122e-05              1       2.22e-06  
                                                        First-order 
 Iteration  Func-count       f(x)        Step-size       optimality
   480         481      1.58112e-05              1       2.23e-06  
   481         482      1.58102e-05              1       2.17e-06  
   482         483      1.58092e-05              1       2.41e-06  
   483         484      1.58082e-05              1       2.39e-06  
   484         485       1.5807e-05              1       2.79e-06  
   485         486      1.58057e-05              1       2.59e-06  
   486         487      1.58045e-05              1       2.37e-06  
   487         488      1.58033e-05              1       2.33e-06  
   488         489      1.58021e-05              1       2.13e-06  
   489         490      1.58009e-05              1       2.73e-06  
   490         491      1.57996e-05              1       2.55e-06  
   491         492      1.57983e-05              1       2.89e-06  
   492         493      1.57969e-05              1       2.65e-06  
   493         494      1.57956e-05              1       2.56e-06  
   494         495      1.57943e-05              1       2.98e-06  
   495         496      1.57932e-05              1       2.79e-06  
   496         497      1.57922e-05              1       2.65e-06  
   497         498      1.57913e-05              1       2.29e-06  
   498         499      1.57904e-05              1       2.53e-06  
   499         500      1.57895e-05              1       2.04e-06  
                                                        First-order 
 Iteration  Func-count       f(x)        Step-size       optimality
   500         501      1.57886e-05              1       2.13e-06  
   501         502      1.57878e-05              1       2.28e-06  
   502         503       1.5787e-05              1       2.15e-06  
   503         504      1.57862e-05              1       2.07e-06  
   504         505      1.57855e-05              1       1.93e-06  
   505         506      1.57849e-05              1       2.01e-06  
   506         507      1.57841e-05              1       2.12e-06  
   507         508      1.57833e-05              1       2.16e-06  
   508         509      1.57825e-05              1       2.49e-06  
   509         510      1.57816e-05              1       2.59e-06  
   510         511      1.57807e-05              1       2.06e-06  
   511         512      1.57799e-05              1       2.28e-06  
   512         513       1.5779e-05              1       2.11e-06  
   513         514      1.57781e-05              1       2.21e-06  
   514         515      1.57772e-05              1       1.99e-06  
   515         516      1.57762e-05              1       2.22e-06  
   516         517      1.57752e-05              1       2.52e-06  
   517         518       1.5774e-05              1       2.52e-06  
   518         519      1.57728e-05              1       2.41e-06  
   519         520      1.57715e-05              1       2.71e-06  
                                                        First-order 
 Iteration  Func-count       f(x)        Step-size       optimality
   520         521      1.57702e-05              1       3.76e-06  
   521         522       1.5769e-05              1       3.66e-06  
   522         523      1.57678e-05              1       2.56e-06  
   523         524      1.57666e-05              1       2.53e-06  
   524         525      1.57656e-05              1       2.34e-06  
   525         526      1.57645e-05              1       2.61e-06  
   526         527      1.57635e-05              1       2.53e-06  
   527         528      1.57624e-05              1       2.68e-06  
   528         529      1.57613e-05              1       2.48e-06  
   529         530      1.57602e-05              1       2.57e-06  
   530         531       1.5759e-05              1        2.3e-06  
   531         532      1.57578e-05              1       2.56e-06  
   532         533      1.57566e-05              1       2.96e-06  
   533         534      1.57553e-05              1       2.89e-06  
   534         535       1.5754e-05              1       2.33e-06  
   535         536      1.57529e-05              1       2.15e-06  
   536         537      1.57519e-05              1       2.18e-06  
   537         538      1.57509e-05              1       2.22e-06  
   538         539        1.575e-05              1       2.27e-06  
   539         540       1.5749e-05              1       2.02e-06  
                                                        First-order 
 Iteration  Func-count       f(x)        Step-size       optimality
   540         541      1.57479e-05              1       2.02e-06  
   541         542      1.57468e-05              1       2.56e-06  
   542         543      1.57456e-05              1       2.51e-06  
   543         544      1.57444e-05              1       2.29e-06  
   544         545      1.57433e-05              1       2.15e-06  
   545         546      1.57422e-05              1       2.19e-06  
   546         547      1.57412e-05              1       2.15e-06  
   547         548      1.57401e-05              1       2.18e-06  
   548         549      1.57392e-05              1       1.99e-06  
   549         550      1.57382e-05              1       2.33e-06  
   550         551      1.57371e-05              1        2.6e-06  
   551         552      1.57361e-05              1       2.32e-06  
   552         553       1.5735e-05              1        2.3e-06  
   553         554       1.5734e-05              1       2.35e-06  
   554         555      1.57329e-05              1       2.23e-06  
   555         556      1.57318e-05              1       2.28e-06  
   556         557      1.57307e-05              1       2.58e-06  
   557         558      1.57297e-05              1       2.75e-06  
   558         559      1.57286e-05              1       2.44e-06  
   559         560      1.57276e-05              1       2.59e-06  
                                                        First-order 
 Iteration  Func-count       f(x)        Step-size       optimality
   560         561      1.57265e-05              1       2.26e-06  
   561         562      1.57254e-05              1       2.79e-06  
   562         563      1.57243e-05              1       2.65e-06  
   563         564      1.57232e-05              1       2.48e-06  
   564         565      1.57221e-05              1       2.46e-06  
   565         566       1.5721e-05              1       2.33e-06  
   566         567        1.572e-05              1       2.79e-06  
   567         568       1.5719e-05              1       2.52e-06  
   568         569       1.5718e-05              1       2.52e-06  
   569         570      1.57171e-05              1       2.72e-06  
   570         571      1.57161e-05              1       2.18e-06  
   571         572      1.57151e-05              1       2.16e-06  
   572         573      1.57142e-05              1       2.23e-06  
   573         574      1.57133e-05              1       2.04e-06  
   574         575      1.57123e-05              1        2.5e-06  
   575         576      1.57113e-05              1       2.31e-06  
   576         577      1.57103e-05              1       2.79e-06  
   577         578      1.57092e-05              1       2.82e-06  
   578         579      1.57081e-05              1       2.61e-06  
   579         580      1.57069e-05              1       2.92e-06  
                                                        First-order 
 Iteration  Func-count       f(x)        Step-size       optimality
   580         581      1.57059e-05              1       2.74e-06  
   581         582      1.57049e-05              1       2.13e-06  
   582         583       1.5704e-05              1       2.09e-06  
   583         584       1.5703e-05              1       1.84e-06  
   584         585       1.5702e-05              1       2.14e-06  
   585         586      1.57011e-05              1       2.19e-06  
   586         587      1.57002e-05              1       1.97e-06  
   587         588      1.56994e-05              1       2.17e-06  
   588         589      1.56987e-05              1       2.17e-06  
   589         590       1.5698e-05              1       1.98e-06  
   590         591      1.56974e-05              1       1.87e-06  
   591         592      1.56968e-05              1       1.79e-06  
   592         593      1.56962e-05              1       1.68e-06  
   593         594      1.56956e-05              1       1.68e-06  
   594         595      1.56951e-05              1        1.8e-06  
   595         596      1.56945e-05              1       1.83e-06  
   596         597      1.56939e-05              1       1.92e-06  
   597         598      1.56933e-05              1       1.83e-06  
   598         599      1.56927e-05              1       1.92e-06  
   599         600      1.56921e-05              1       2.21e-06  
                                                        First-order 
 Iteration  Func-count       f(x)        Step-size       optimality
   600         601      1.56915e-05              1       1.97e-06  
   601         602       1.5691e-05              1       1.69e-06  
   602         603      1.56905e-05              1       1.87e-06  
   603         604      1.56899e-05              1       2.05e-06  
   604         605      1.56894e-05              1       2.15e-06  
   605         606      1.56888e-05              1        1.8e-06  
   606         607      1.56882e-05              1       1.73e-06  
   607         608      1.56877e-05              1       1.45e-06  
   608         609      1.56872e-05              1       1.52e-06  
   609         610      1.56867e-05              1       1.51e-06  
   610         611      1.56862e-05              1       1.56e-06  
   611         612      1.56857e-05              1       1.61e-06  
   612         613      1.56853e-05              1       1.44e-06  
   613         614      1.56848e-05              1       1.38e-06  
   614         615      1.56844e-05              1        1.5e-06  
   615         616       1.5684e-05              1       1.75e-06  
   616         617      1.56835e-05              1       1.63e-06  
   617         618       1.5683e-05              1       1.61e-06  
   618         619      1.56825e-05              1       1.91e-06  
   619         620       1.5682e-05              1       1.66e-06  
                                                        First-order 
 Iteration  Func-count       f(x)        Step-size       optimality
   620         621      1.56816e-05              1       1.72e-06  
   621         622      1.56811e-05              1       1.47e-06  
   622         623      1.56807e-05              1       1.55e-06  
   623         624      1.56803e-05              1       1.43e-06  
   624         625      1.56799e-05              1       1.68e-06  
   625         626      1.56794e-05              1       1.35e-06  
   626         627      1.56791e-05              1       1.62e-06  
   627         628      1.56787e-05              1       1.98e-06  
   628         629      1.56784e-05              1       1.67e-06  
   629         630       1.5678e-05              1       1.29e-06  
   630         631      1.56776e-05              1       1.48e-06  
   631         632      1.56773e-05              1       1.31e-06  
   632         633      1.56769e-05              1       1.61e-06  
   633         634      1.56765e-05              1       1.28e-06  
   634         635      1.56762e-05              1       1.24e-06  
   635         636      1.56759e-05              1       1.41e-06  
   636         637      1.56755e-05              1       1.73e-06  
   637         638      1.56751e-05              1       1.53e-06  
   638         639      1.56748e-05              1       1.31e-06  
   639         640      1.56745e-05              1       1.24e-06  
                                                        First-order 
 Iteration  Func-count       f(x)        Step-size       optimality
   640         641      1.56742e-05              1       1.18e-06  
   641         642      1.56739e-05              1       1.26e-06  
   642         643      1.56736e-05              1       1.49e-06  
   643         644      1.56732e-05              1       1.49e-06  
   644         645      1.56729e-05              1       1.43e-06  
   645         646      1.56726e-05              1       1.46e-06  
   646         647      1.56722e-05              1       1.27e-06  
   647         648      1.56719e-05              1       1.33e-06  
   648         649      1.56716e-05              1       1.38e-06  
   649         650      1.56713e-05              1       1.25e-06  
   650         651       1.5671e-05              1       1.13e-06  
   651         652      1.56708e-05              1       8.89e-07  
   652         653      1.56706e-05              1       9.94e-07  
   653         654      1.56703e-05              1       1.22e-06  
   654         655        1.567e-05              1       1.32e-06  
   655         656      1.56698e-05              1       1.24e-06  
   656         657      1.56695e-05              1       1.19e-06  
   657         658      1.56693e-05              1       9.62e-07  
   658         659      1.56691e-05              1        8.9e-07  
   659         660      1.56689e-05              1       9.49e-07  
                                                        First-order 
 Iteration  Func-count       f(x)        Step-size       optimality
   660         661      1.56687e-05              1       1.02e-06  
   661         662      1.56685e-05              1       9.23e-07  
   662         663      1.56684e-05              1       8.96e-07  
   663         664      1.56682e-05              1       1.01e-06  
   664         665      1.56681e-05              1        9.5e-07  
   665         666      1.56679e-05              1       1.01e-06  
   666         667      1.56678e-05              1       9.47e-07  
   667         668      1.56676e-05              1       1.19e-06  
   668         669      1.56675e-05              1       1.15e-06  
   669         670      1.56673e-05              1        1.2e-06  
   670         671      1.56672e-05              1       1.24e-06  
   671         672       1.5667e-05              1        9.8e-07  
   672         673      1.56669e-05              1       8.43e-07  
   673         674      1.56668e-05              1       7.09e-07  
   674         675      1.56666e-05              1       8.47e-07  
   675         676      1.56665e-05              1        9.7e-07  
   676         677      1.56664e-05              1       8.25e-07  
   677         678      1.56662e-05              1       7.91e-07  
   678         679      1.56661e-05              1       8.56e-07  
   679         680      1.56659e-05              1       7.84e-07  
                                                        First-order 
 Iteration  Func-count       f(x)        Step-size       optimality
   680         681      1.56658e-05              1       7.24e-07  
   681         682      1.56657e-05              1       6.74e-07  
   682         683      1.56656e-05              1       7.55e-07  
   683         684      1.56655e-05              1       7.41e-07  
   684         685      1.56654e-05              1       8.26e-07  
   685         686      1.56652e-05              1       8.03e-07  
   686         687      1.56651e-05              1       8.35e-07  
   687         688       1.5665e-05              1       7.43e-07  
   688         689      1.56648e-05              1       7.12e-07  
   689         690      1.56647e-05              1       6.84e-07  
   690         691      1.56646e-05              1       6.85e-07  
   691         692      1.56646e-05              1       6.84e-07  
   692         693      1.56645e-05              1       7.09e-07  
   693         694      1.56644e-05              1       8.16e-07  
   694         695      1.56643e-05              1       8.49e-07  
   695         696      1.56641e-05              1        8.8e-07  
   696         697       1.5664e-05              1       8.16e-07  
   697         698      1.56639e-05              1       8.16e-07  
   698         699      1.56638e-05              1        7.9e-07  
   699         700      1.56637e-05              1       8.83e-07  
                                                        First-order 
 Iteration  Func-count       f(x)        Step-size       optimality
   700         701      1.56636e-05              1       9.35e-07  
   701         702      1.56635e-05              1       7.45e-07  
   702         703      1.56634e-05              1       7.45e-07  
   703         704      1.56633e-05              1       7.28e-07  
   704         705      1.56632e-05              1       7.18e-07  
   705         706      1.56631e-05              1       7.05e-07  
   706         707      1.56631e-05              1       6.53e-07  
   707         708       1.5663e-05              1       5.75e-07  
   708         709      1.56629e-05              1       5.78e-07  
   709         710      1.56629e-05              1       6.47e-07  
   710         711      1.56628e-05              1        6.5e-07  
   711         712      1.56627e-05              1       6.89e-07  
   712         713      1.56626e-05              1       7.58e-07  
   713         714      1.56625e-05              1       7.17e-07  
   714         715      1.56625e-05              1       6.18e-07  
   715         716      1.56624e-05              1        5.7e-07  
   716         717      1.56623e-05              1       5.41e-07  
   717         718      1.56623e-05              1       5.23e-07  
   718         719      1.56622e-05              1       5.56e-07  
   719         720      1.56621e-05              1       5.44e-07  
                                                        First-order 
 Iteration  Func-count       f(x)        Step-size       optimality
   720         721       1.5662e-05              1       6.17e-07  
   721         722      1.56619e-05              1       6.43e-07  
   722         723      1.56619e-05              1       6.71e-07  
   723         724      1.56618e-05              1       6.35e-07  
   724         725      1.56617e-05              1       5.42e-07  
   725         726      1.56616e-05              1       6.31e-07  
   726         727      1.56616e-05              1        6.7e-07  
   727         728      1.56615e-05              1       6.79e-07  
   728         729      1.56614e-05              1       6.27e-07  
   729         730      1.56613e-05              1        6.3e-07  
   730         731      1.56612e-05              1       6.88e-07  
   731         732      1.56611e-05              1        6.7e-07  
   732         733      1.56611e-05              1       7.96e-07  
   733         734       1.5661e-05              1       7.12e-07  
   734         735      1.56609e-05              1       7.78e-07  
   735         736      1.56608e-05              1       5.74e-07  
   736         737      1.56607e-05              1       5.67e-07  
   737         738      1.56607e-05              1       6.37e-07  
   738         739      1.56606e-05              1       6.26e-07  
   739         740      1.56605e-05              1       7.03e-07  
                                                        First-order 
 Iteration  Func-count       f(x)        Step-size       optimality
   740         741      1.56605e-05              1       5.86e-07  
   741         742      1.56604e-05              1       5.68e-07  
   742         743      1.56603e-05              1       5.69e-07  
   743         744      1.56603e-05              1       5.57e-07  
   744         745      1.56602e-05              1       5.68e-07  
   745         746      1.56602e-05              1       6.04e-07  
   746         747      1.56601e-05              1       5.24e-07  
   747         748      1.56601e-05              1       5.31e-07  
   748         749        1.566e-05              1       4.93e-07  
   749         750        1.566e-05              1       5.11e-07  
   750         751      1.56599e-05              1       5.36e-07  
   751         752      1.56599e-05              1        5.7e-07  
   752         753      1.56598e-05              1       5.65e-07  
   753         754      1.56598e-05              1       4.37e-07  
   754         755      1.56597e-05              1       4.57e-07  
   755         756      1.56597e-05              1       3.91e-07  
   756         757      1.56597e-05              1       3.89e-07  
   757         758      1.56596e-05              1       3.97e-07  
   758         759      1.56596e-05              1        3.8e-07  
   759         760      1.56596e-05              1       3.45e-07  
                                                        First-order 
 Iteration  Func-count       f(x)        Step-size       optimality
   760         761      1.56596e-05              1       4.34e-07  
   761         762      1.56595e-05              1       4.37e-07  
   762         763      1.56595e-05              1       4.06e-07  
   763         764      1.56595e-05              1       3.71e-07  
   764         765      1.56595e-05              1       3.68e-07  
   765         766      1.56594e-05              1       3.58e-07  
   766         767      1.56594e-05              1        3.9e-07  
   767         768      1.56594e-05              1       3.55e-07  
   768         769      1.56594e-05              1       3.01e-07  
   769         770      1.56593e-05              1        3.2e-07  
   770         771      1.56593e-05              1       3.26e-07  
   771         772      1.56593e-05              1       3.38e-07  
   772         773      1.56593e-05              1       3.92e-07  
   773         774      1.56593e-05              1       3.97e-07  
   774         775      1.56592e-05              1       3.45e-07  
   775         776      1.56592e-05              1       2.95e-07  
   776         777      1.56592e-05              1       3.13e-07  
   777         778      1.56592e-05              1       3.31e-07  
   778         779      1.56592e-05              1       3.26e-07  
   779         780      1.56591e-05              1       3.48e-07  
                                                        First-order 
 Iteration  Func-count       f(x)        Step-size       optimality
   780         781      1.56591e-05              1       3.23e-07  
   781         782      1.56591e-05              1       2.71e-07  
   782         783      1.56591e-05              1       2.91e-07  
   783         784      1.56591e-05              1       3.36e-07  
   784         785      1.56591e-05              1       3.27e-07  
   785         786       1.5659e-05              1       3.37e-07  
   786         787       1.5659e-05              1       3.58e-07  
   787         788       1.5659e-05              1        3.3e-07  
   788         789       1.5659e-05              1       2.91e-07  
   789         790      1.56589e-05              1       3.02e-07  
   790         791      1.56589e-05              1        3.7e-07  
   791         792      1.56589e-05              1       4.03e-07  
   792         793      1.56589e-05              1       3.25e-07  
   793         794      1.56589e-05              1       2.94e-07  
   794         795      1.56588e-05              1        3.2e-07  
   795         796      1.56588e-05              1       3.32e-07  
   796         797      1.56588e-05              1        3.4e-07  
   797         798      1.56588e-05              1       3.29e-07  
   798         799      1.56588e-05              1       2.85e-07  
   799         800      1.56588e-05              1       2.79e-07  
                                                        First-order 
 Iteration  Func-count       f(x)        Step-size       optimality
   800         801      1.56587e-05              1       2.93e-07  
   801         802      1.56587e-05              1       3.23e-07  
   802         803      1.56587e-05              1        3.4e-07  
   803         804      1.56587e-05              1       3.79e-07  
   804         805      1.56587e-05              1        3.2e-07  
   805         806      1.56586e-05              1        3.3e-07  
   806         807      1.56586e-05              1       3.63e-07  
   807         808      1.56586e-05              1       3.24e-07  
   808         809      1.56586e-05              1       3.45e-07  
   809         810      1.56586e-05              1       3.14e-07  
   810         811      1.56586e-05              1       3.38e-07  
   811         812      1.56585e-05              1       3.17e-07  
   812         813      1.56585e-05              1        2.9e-07  
   813         814      1.56585e-05              1       2.62e-07  
   814         815      1.56585e-05              1       2.51e-07  
   815         816      1.56585e-05              1       2.43e-07  
   816         817      1.56585e-05              1       2.38e-07  
   817         818      1.56585e-05              1       2.72e-07  
   818         819      1.56585e-05              1       2.49e-07  
   819         820      1.56585e-05              1       2.39e-07  
                                                        First-order 
 Iteration  Func-count       f(x)        Step-size       optimality
   820         821      1.56584e-05              1       2.39e-07  
   821         822      1.56584e-05              1       2.06e-07  
   822         823      1.56584e-05              1       2.41e-07  
   823         824      1.56584e-05              1       2.15e-07  
   824         825      1.56584e-05              1       2.14e-07  
   825         826      1.56584e-05              1       2.11e-07  
   826         827      1.56584e-05              1       3.02e-07  
   827         828      1.56584e-05              1       3.07e-07  
   828         829      1.56584e-05              1       2.37e-07  
   829         830      1.56583e-05              1        2.3e-07  
   830         831      1.56583e-05              1       2.29e-07  
   831         832      1.56583e-05              1       2.02e-07  
   832         833      1.56583e-05              1       1.75e-07  
   833         834      1.56583e-05              1       2.24e-07  
   834         835      1.56583e-05              1       2.17e-07  
   835         836      1.56583e-05              1       1.96e-07  
   836         837      1.56583e-05              1       1.96e-07  
   837         838      1.56583e-05              1       2.06e-07  
   838         839      1.56583e-05              1       1.72e-07  
   839         840      1.56583e-05              1       1.73e-07  
                                                        First-order 
 Iteration  Func-count       f(x)        Step-size       optimality
   840         841      1.56583e-05              1       1.98e-07  
   841         842      1.56583e-05              1       2.22e-07  
   842         843      1.56582e-05              1       2.32e-07  
   843         844      1.56582e-05              1       2.79e-07  
   844         845      1.56582e-05              1       2.98e-07  
   845         846      1.56582e-05              1       2.52e-07  
   846         847      1.56582e-05              1       2.17e-07  
   847         848      1.56582e-05              1       2.21e-07  
   848         849      1.56582e-05              1       2.76e-07  
   849         850      1.56582e-05              1        2.3e-07  
   850         851      1.56582e-05              1       2.35e-07  
   851         852      1.56582e-05              1       2.84e-07  
   852         853      1.56582e-05              1       2.69e-07  
   853         854      1.56582e-05              1       2.91e-07  
   854         855      1.56581e-05              1       2.46e-07  
   855         856      1.56581e-05              1       2.03e-07  
   856         857      1.56581e-05              1       2.39e-07  
   857         858      1.56581e-05              1       2.01e-07  
   858         859      1.56581e-05              1       2.06e-07  
   859         860      1.56581e-05              1       2.36e-07  
                                                        First-order 
 Iteration  Func-count       f(x)        Step-size       optimality
   860         861      1.56581e-05              1        1.9e-07  
   861         862      1.56581e-05              1       2.16e-07  
   862         863      1.56581e-05              1        2.2e-07  
   863         864      1.56581e-05              1       1.75e-07  
   864         865      1.56581e-05              1       1.75e-07  
   865         866      1.56581e-05              1       1.88e-07  
   866         867      1.56581e-05              1       2.01e-07  
   867         868       1.5658e-05              1       2.01e-07  
   868         869       1.5658e-05              1       1.78e-07  
   869         870       1.5658e-05              1       1.77e-07  
   870         871       1.5658e-05              1       1.79e-07  
   871         872       1.5658e-05              1       2.04e-07  
   872         873       1.5658e-05              1       1.92e-07  
   873         874       1.5658e-05              1       1.91e-07  
   874         875       1.5658e-05              1       1.85e-07  
   875         876       1.5658e-05              1       1.71e-07  
   876         877       1.5658e-05              1       1.83e-07  
   877         878       1.5658e-05              1       1.84e-07  
   878         879       1.5658e-05              1       1.77e-07  
   879         880       1.5658e-05              1       1.83e-07  
                                                        First-order 
 Iteration  Func-count       f(x)        Step-size       optimality
   880         881       1.5658e-05              1       1.77e-07  
   881         882       1.5658e-05              1       1.86e-07  
   882         883       1.5658e-05              1       1.75e-07  
   883         884      1.56579e-05              1       1.56e-07  
   884         885      1.56579e-05              1       1.53e-07  
   885         886      1.56579e-05              1       1.66e-07  
   886         887      1.56579e-05              1       1.76e-07  
   887         888      1.56579e-05              1       1.58e-07  
   888         889      1.56579e-05              1       1.53e-07  
   889         890      1.56579e-05              1       1.47e-07  
   890         891      1.56579e-05              1       1.57e-07  
   891         892      1.56579e-05              1       1.74e-07  
   892         893      1.56579e-05              1       1.55e-07  
   893         894      1.56579e-05              1       1.45e-07  
   894         895      1.56579e-05              1       1.35e-07  
   895         896      1.56579e-05              1       1.55e-07  
   896         897      1.56579e-05              1       1.96e-07  
   897         898      1.56579e-05              1       2.05e-07  
   898         899      1.56579e-05              1        1.7e-07  
   899         900      1.56579e-05              1       1.54e-07  
                                                        First-order 
 Iteration  Func-count       f(x)        Step-size       optimality
   900         901      1.56579e-05              1        1.3e-07  
   901         902      1.56579e-05              1       1.53e-07  
   902         903      1.56579e-05              1       1.26e-07  
   903         904      1.56579e-05              1       1.31e-07  
   904         905      1.56579e-05              1       1.27e-07  
   905         906      1.56579e-05              1       1.59e-07  
   906         907      1.56578e-05              1        1.8e-07  
   907         908      1.56578e-05              1       1.62e-07  
   908         909      1.56578e-05              1       1.32e-07  
   909         910      1.56578e-05              1       1.23e-07  
   910         911      1.56578e-05              1       1.39e-07  
   911         912      1.56578e-05              1       1.28e-07  
   912         913      1.56578e-05              1       1.47e-07  
   913         914      1.56578e-05              1       1.36e-07  
   914         915      1.56578e-05              1       1.56e-07  
   915         916      1.56578e-05              1       1.47e-07  
   916         917      1.56578e-05              1       1.18e-07  
   917         918      1.56578e-05              1       1.33e-07  
   918         919      1.56578e-05              1       1.49e-07  
   919         920      1.56578e-05              1       1.48e-07  
                                                        First-order 
 Iteration  Func-count       f(x)        Step-size       optimality
   920         921      1.56578e-05              1       1.32e-07  
   921         922      1.56578e-05              1       1.29e-07  
   922         923      1.56578e-05              1       1.39e-07  
   923         924      1.56578e-05              1       1.87e-07  
   924         925      1.56578e-05              1       1.76e-07  
   925         926      1.56578e-05              1        1.4e-07  
   926         927      1.56578e-05              1       1.46e-07  
   927         928      1.56578e-05              1       1.43e-07  
   928         929      1.56578e-05              1       1.42e-07  
   929         930      1.56578e-05              1       1.02e-07  

Optimization completed: The <a href = "matlab: helpview([docroot '/toolbox/optim/msg_csh/optim_msg_csh.map'],'first_order_opt_unc','CSHelpWindow');">first-order optimality measure</a>, 9.564231e-08, is less 
than <a href = "matlab: helpview([docroot '/toolbox/optim/msg_csh/optim_msg_csh.map'],'tolfun','CSHelpWindow');">options.TolFun</a> = 1.000000e-07.

Optimization Metric                                            Options
relative norm(gradient) =   9.56e-08                  TolFun =   1e-07 (selected)

