flow iter#1; |dv| = 4.92506
flow iter#2; |dv| = 1.23732
flow iter#3; |dv| = 1.49235
flow iter#4; |dv| = 1.96522
flow iter#5; |dv| = 1.60902
flow iter#6; |dv| = 0.88346
flow iter#7; |dv| = 0.254792
flow iter#8; |dv| = 0.26152
flow iter#9; |dv| = 0.369201
flow iter#10; |dv| = 0.312229
flow iter#11; |dv| = 0.186444
flow iter#12; |dv| = 0.0692117
flow iter#13; |dv| = 0.0292212
flow iter#14; |dv| = 0.053682
flow iter#15; |dv| = 0.0524809
flow iter#16; |dv| = 0.0356872
flow iter#17; |dv| = 0.0166984
flow iter#18; |dv| = 0.00614212
flow iter#19; |dv| = 0.00883343
flow iter#20; |dv| = 0.00980038
flow iter#21; |dv| = 0.0080425
flow iter#22; |dv| = 0.00586178
flow iter#23; |dv| = 0.00487326
                                                        First-order 
 Iteration  Func-count       f(x)        Step-size       optimality
     0           1        0.0460551                       0.00234
     1           4        0.0241789             91        0.00109  
     2           6       0.00930152            0.5       0.000771  
     3           7       0.00100937              1       0.000166  
     4           8      0.000274659              1       0.000174  
     5           9      0.000134091              1       0.000324  
     6          10      3.29097e-05              1       5.78e-05  
     7          11      2.76134e-05              1        2.2e-05  
     8          12      2.65956e-05              1       1.62e-05  
     9          13      2.40609e-05              1       1.77e-05  
    10          14      1.36302e-05              1       0.000101  
    11          15      7.68864e-06              1       8.29e-05  
    12          16      1.35431e-06              1       9.07e-06  
    13          17      1.02792e-06              1       2.24e-05  
    14          18      8.48791e-07              1       2.07e-06  
    15          19      8.39849e-07              1        1.5e-06  
    16          20      8.34914e-07              1       9.62e-07  
    17          21      8.33154e-07              1       6.64e-07  
    18          22      8.30216e-07              1       9.64e-07  
    19          23      8.22921e-07              1       1.62e-06  
                                                        First-order 
 Iteration  Func-count       f(x)        Step-size       optimality
    20          24      8.00983e-07              1       3.88e-06  
    21          26      7.83111e-07            0.5       6.85e-06  
    22          27      7.32296e-07              1       1.03e-05  
    23          28      6.14642e-07              1       1.63e-05  
    24          29      5.81107e-07              1       8.17e-06  
    25          30      5.19475e-07              1       1.51e-05  
    26          31      4.65889e-07              1       3.89e-06  
    27          32      4.16404e-07              1       6.41e-06  
    28          34      3.54974e-07       0.577536       1.51e-05  
    29          35        2.972e-07              1       8.24e-06  
    30          36      2.18153e-07              1       1.42e-05  
    31          37      9.59235e-08              1       9.21e-06  
    32          40      5.61532e-08       0.198649       1.01e-05  
    33          41      3.45163e-08              1       1.02e-05  
    34          42      1.78354e-08              1        3.5e-06  
    35          43       1.2186e-08              1       7.14e-06  
    36          44      3.29842e-09              1       1.33e-06  
    37          45       4.5519e-10              1       6.66e-07  
    38          46      2.36374e-11              1       2.76e-07  
    39          47      4.30818e-12              1       1.28e-07  
                                                        First-order 
 Iteration  Func-count       f(x)        Step-size       optimality
    40          48      1.50819e-13              1       2.43e-08  
    41          49      2.44315e-14              1       9.55e-09  
    42          50      2.96674e-16              1       5.79e-10  
    43          51      1.30881e-17              1          3e-10  
    44          52      5.03599e-19              1       6.66e-11  

Optimization completed: The <a href = "matlab: helpview([docroot '/toolbox/optim/msg_csh/optim_msg_csh.map'],'first_order_opt_unc','CSHelpWindow');">first-order optimality measure</a>, 6.644083e-11, is less 
than <a href = "matlab: helpview([docroot '/toolbox/optim/msg_csh/optim_msg_csh.map'],'tolfun','CSHelpWindow');">options.TolFun</a> = 1.000000e-10.

Optimization Metric                                            Options
relative norm(gradient) =   6.64e-11                  TolFun =   1e-10 (selected)

                                                        First-order 
 Iteration  Func-count       f(x)        Step-size       optimality
     0           1         0.217024                        0.0576
     1           2         0.162306              1         0.0268  
     2           3         0.121542              1          0.102  
     3           4        0.0851372              1         0.0358  
     4           5        0.0598995              1          0.029  
     5           6        0.0447709              1         0.0381  
     6           7         0.034645              1          0.014  
     7           8         0.029911              1         0.0124  
     8           9        0.0257213              1         0.0118  
     9          10        0.0229017              1         0.0159  
    10          11        0.0203828              1         0.0068  
    11          12        0.0176272              1        0.00887  
    12          13        0.0157878              1        0.00964  
    13          14        0.0137142              1        0.00806  
    14          15        0.0121015              1        0.00858  
    15          16        0.0105064              1        0.00496  
    16          17       0.00918571              1        0.00365  
    17          18       0.00800614              1        0.00793  
    18          19       0.00683014              1        0.00597  
    19          20       0.00590717              1        0.00579  
                                                        First-order 
 Iteration  Func-count       f(x)        Step-size       optimality
    20          21       0.00497369              1        0.00411  
    21          22       0.00429072              1        0.00363  
    22          23       0.00359055              1        0.00276  
    23          24       0.00303227              1        0.00295  
    24          25       0.00255216              1        0.00273  
    25          26       0.00215698              1        0.00178  
    26          27       0.00185496              1        0.00175  
    27          28       0.00159367              1        0.00167  
    28          29       0.00135746              1        0.00157  
    29          30       0.00114434              1        0.00149  
    30          31      0.000970536              1        0.00172  
    31          32      0.000838459              1          0.001  
    32          33      0.000738642              1        0.00107  
    33          34      0.000665202              1       0.000738  
    34          35      0.000608082              1       0.000604  
    35          36      0.000561152              1       0.000592  
    36          37      0.000517771              1       0.000713  
    37          38      0.000475418              1       0.000624  
    38          39      0.000432429              1       0.000702  
    39          40      0.000394371              1       0.000477  
                                                        First-order 
 Iteration  Func-count       f(x)        Step-size       optimality
    40          41      0.000361963              1       0.000494  
    41          42      0.000336296              1       0.000446  
    42          43      0.000314295              1        0.00036  
    43          44      0.000295341              1       0.000355  
    44          45      0.000279032              1        0.00035  
    45          46      0.000265238              1       0.000363  
    46          47      0.000252649              1       0.000327  
    47          48      0.000240211              1       0.000291  
    48          49      0.000228124              1       0.000254  
    49          50      0.000215672              1        0.00034  
    50          51      0.000203076              1       0.000394  
    51          52      0.000190362              1       0.000338  
    52          53      0.000178159              1       0.000279  
    53          54       0.00016725              1       0.000268  
    54          55      0.000158006              1       0.000267  
    55          56      0.000149669              1       0.000249  
    56          57      0.000141902              1       0.000256  
    57          58      0.000134348              1       0.000209  
    58          59      0.000127172              1       0.000232  
    59          60       0.00012019              1       0.000234  
                                                        First-order 
 Iteration  Func-count       f(x)        Step-size       optimality
    60          61      0.000113525              1       0.000243  
    61          62      0.000107239              1       0.000191  
    62          63      0.000101622              1       0.000189  
    63          64      9.66287e-05              1        0.00021  
    64          65      9.21597e-05              1       0.000177  
    65          66      8.78333e-05              1       0.000157  
    66          67      8.36246e-05              1       0.000157  
    67          68      7.95816e-05              1        0.00015  
    68          69      7.59779e-05              1       0.000141  
    69          70      7.24881e-05              1       0.000132  
    70          71      6.90524e-05              1       0.000126  
    71          72      6.56106e-05              1       0.000161  
    72          73      6.24113e-05              1       0.000133  
    73          74      5.94229e-05              1       0.000132  
    74          75      5.64885e-05              1       0.000154  
    75          76       5.3388e-05              1        0.00016  
    76          77      5.02429e-05              1       0.000163  
    77          78      4.73858e-05              1       0.000131  
    78          79      4.50588e-05              1       0.000136  
    79          80      4.30382e-05              1       0.000113  
                                                        First-order 
 Iteration  Func-count       f(x)        Step-size       optimality
    80          81      4.11253e-05              1       0.000116  
    81          82      3.91942e-05              1       0.000118  
    82          83      3.73647e-05              1       0.000116  
    83          84      3.56409e-05              1       0.000112  
    84          85      3.40494e-05              1       0.000112  
    85          86      3.24636e-05              1       9.36e-05  
    86          87      3.09589e-05              1       9.01e-05  
    87          88      2.95335e-05              1       8.24e-05  
    88          89      2.82661e-05              1       8.54e-05  
    89          90      2.71125e-05              1        8.6e-05  
    90          91      2.60387e-05              1       8.66e-05  
    91          92      2.49617e-05              1       9.02e-05  
    92          93      2.38854e-05              1       8.31e-05  
    93          94      2.28702e-05              1       7.48e-05  
    94          95      2.19954e-05              1        8.7e-05  
    95          96      2.12356e-05              1       8.13e-05  
    96          97       2.0526e-05              1       7.63e-05  
    97          98      1.97999e-05              1       7.25e-05  
    98          99      1.90606e-05              1       8.16e-05  
    99         100      1.83112e-05              1       7.53e-05  
                                                        First-order 
 Iteration  Func-count       f(x)        Step-size       optimality
   100         101      1.75547e-05              1        7.5e-05  
   101         102      1.67557e-05              1       8.74e-05  
   102         103      1.59545e-05              1       0.000101  
   103         104      1.51826e-05              1       9.68e-05  
   104         105      1.44657e-05              1       9.85e-05  
   105         106      1.37398e-05              1       8.39e-05  
   106         107      1.30206e-05              1       8.71e-05  
   107         108      1.23305e-05              1       7.99e-05  
   108         109       1.1732e-05              1        8.2e-05  
   109         110      1.11935e-05              1       7.28e-05  
   110         111      1.06851e-05              1       7.15e-05  
   111         112      1.01656e-05              1       5.58e-05  
   112         113      9.67584e-06              1       5.17e-05  
   113         114      9.23454e-06              1       6.53e-05  
   114         115      8.86308e-06              1       5.14e-05  
   115         116      8.51292e-06              1       4.67e-05  
   116         117      8.17518e-06              1       5.08e-05  
   117         118      7.82881e-06              1       4.32e-05  
   118         119      7.52726e-06              1       4.02e-05  
   119         120      7.24649e-06              1       4.13e-05  
                                                        First-order 
 Iteration  Func-count       f(x)        Step-size       optimality
   120         121      6.99805e-06              1       3.89e-05  
   121         122      6.76518e-06              1       4.09e-05  
   122         123      6.54348e-06              1       4.02e-05  
   123         124      6.32982e-06              1       3.67e-05  
   124         125      6.13897e-06              1       3.33e-05  
   125         126      5.97645e-06              1       2.82e-05  
   126         127        5.837e-06              1        3.4e-05  
   127         128      5.70758e-06              1       2.91e-05  
   128         129      5.58276e-06              1       2.51e-05  
   129         130      5.46172e-06              1       2.51e-05  
   130         131      5.34838e-06              1       2.61e-05  
   131         132      5.24226e-06              1       2.49e-05  
   132         133       5.1438e-06              1       2.45e-05  
   133         134      5.05367e-06              1       2.24e-05  
   134         135       4.9713e-06              1       2.35e-05  
   135         136      4.89274e-06              1       2.41e-05  
   136         137      4.81593e-06              1        2.3e-05  
   137         138       4.7428e-06              1       1.98e-05  
   138         139      4.67718e-06              1       1.68e-05  
   139         140      4.61964e-06              1       1.65e-05  
                                                        First-order 
 Iteration  Func-count       f(x)        Step-size       optimality
   140         141      4.56762e-06              1       1.61e-05  
   141         142      4.51863e-06              1       1.77e-05  
   142         143      4.47253e-06              1       1.52e-05  
   143         144      4.43032e-06              1       1.55e-05  
   144         145      4.39234e-06              1       1.44e-05  
   145         146      4.35757e-06              1       1.52e-05  
   146         147      4.32476e-06              1       1.15e-05  
   147         148      4.29322e-06              1       1.53e-05  
   148         149      4.26298e-06              1       1.37e-05  
   149         150      4.23395e-06              1       1.36e-05  
   150         151      4.20578e-06              1       1.43e-05  
   151         152      4.17819e-06              1       1.36e-05  
   152         153      4.15149e-06              1       1.23e-05  
   153         154      4.12604e-06              1        1.1e-05  
   154         155      4.10184e-06              1       9.41e-06  
   155         156       4.0786e-06              1       9.38e-06  
   156         157        4.056e-06              1       1.05e-05  
   157         158      4.03341e-06              1       1.07e-05  
   158         159      4.00969e-06              1       1.34e-05  
   159         160       3.9839e-06              1       1.17e-05  
                                                        First-order 
 Iteration  Func-count       f(x)        Step-size       optimality
   160         161      3.95678e-06              1       1.31e-05  
   161         162      3.93093e-06              1       1.36e-05  
   162         163      3.90839e-06              1       1.17e-05  
   163         164      3.88878e-06              1        9.5e-06  
   164         165      3.87038e-06              1       9.49e-06  
   165         166      3.85215e-06              1       1.04e-05  
   166         167      3.83397e-06              1       1.04e-05  
   167         168      3.81588e-06              1       1.21e-05  
   168         169      3.79772e-06              1       1.21e-05  
   169         170      3.77973e-06              1        9.8e-06  
   170         171      3.76256e-06              1        8.4e-06  
   171         172      3.74665e-06              1       9.44e-06  
   172         173      3.73168e-06              1       1.01e-05  
   173         174       3.7172e-06              1       1.12e-05  
   174         175      3.70314e-06              1       1.02e-05  
   175         176       3.6896e-06              1       8.66e-06  
   176         177      3.67617e-06              1       9.57e-06  
   177         178       3.6621e-06              1       8.83e-06  
   178         179      3.64676e-06              1       8.35e-06  
   179         180      3.63016e-06              1       9.22e-06  
                                                        First-order 
 Iteration  Func-count       f(x)        Step-size       optimality
   180         181      3.61262e-06              1       1.04e-05  
   181         182      3.59464e-06              1       1.05e-05  
   182         183       3.5769e-06              1       9.78e-06  
   183         184      3.56037e-06              1       8.88e-06  
   184         185      3.54561e-06              1       9.23e-06  
   185         186      3.53232e-06              1       7.52e-06  
   186         187       3.5195e-06              1        8.3e-06  
   187         188      3.50629e-06              1       8.54e-06  
   188         189       3.4925e-06              1       9.51e-06  
   189         190      3.47855e-06              1       8.82e-06  
   190         191      3.46492e-06              1       9.64e-06  
   191         192      3.45144e-06              1       8.45e-06  
   192         193      3.43727e-06              1          9e-06  
   193         194      3.42153e-06              1       1.03e-05  
   194         195      3.40402e-06              1       1.11e-05  
   195         196      3.38547e-06              1       1.35e-05  
   196         197      3.36682e-06              1       1.19e-05  
   197         198      3.34852e-06              1       1.02e-05  
   198         199      3.33077e-06              1        1.1e-05  
   199         200      3.31401e-06              1       9.69e-06  
                                                        First-order 
 Iteration  Func-count       f(x)        Step-size       optimality
   200         201      3.29867e-06              1        9.6e-06  
   201         202      3.28442e-06              1       9.77e-06  
   202         203      3.27044e-06              1          1e-05  
   203         204      3.25613e-06              1       1.05e-05  
   204         205       3.2415e-06              1       1.11e-05  
   205         206      3.22643e-06              1       1.19e-05  
   206         207      3.21049e-06              1       1.26e-05  
   207         208      3.19296e-06              1       1.34e-05  
   208         209       3.1745e-06              1       1.39e-05  
   209         210      3.15619e-06              1       1.42e-05  
   210         211      3.13841e-06              1       1.45e-05  
   211         212      3.11959e-06              1        1.5e-05  
   212         213      3.09934e-06              1       1.56e-05  
   213         214      3.07795e-06              1       1.64e-05  
   214         215      3.05647e-06              1       1.71e-05  
   215         216       3.0344e-06              1       1.75e-05  
   216         217      3.01141e-06              1       1.72e-05  
   217         218       2.9878e-06              1       1.64e-05  
   218         219      2.96543e-06              1       1.51e-05  
   219         220      2.94473e-06              1        1.4e-05  
                                                        First-order 
 Iteration  Func-count       f(x)        Step-size       optimality
   220         221      2.92516e-06              1       1.26e-05  
   221         222       2.9053e-06              1       1.25e-05  
   222         223      2.88546e-06              1       1.16e-05  
   223         224      2.86512e-06              1       1.21e-05  
   224         225      2.84568e-06              1       1.16e-05  
   225         226      2.82681e-06              1       1.11e-05  
   226         227       2.8093e-06              1       9.76e-06  
   227         228      2.79334e-06              1        8.5e-06  
   228         229      2.77986e-06              1       8.42e-06  
   229         230      2.76791e-06              1       8.11e-06  
   230         231      2.75693e-06              1       7.41e-06  
   231         232      2.74603e-06              1       7.54e-06  
   232         233      2.73488e-06              1       7.54e-06  
   233         234      2.72341e-06              1       7.46e-06  
   234         235      2.71239e-06              1       8.46e-06  
   235         236       2.7024e-06              1       7.01e-06  
   236         237      2.69347e-06              1       7.42e-06  
   237         238      2.68496e-06              1       7.78e-06  
   238         239      2.67673e-06              1       6.14e-06  
   239         240       2.6688e-06              1       5.87e-06  
                                                        First-order 
 Iteration  Func-count       f(x)        Step-size       optimality
   240         241      2.66128e-06              1       6.74e-06  
   241         242      2.65362e-06              1       6.75e-06  
   242         243      2.64555e-06              1       5.65e-06  
   243         244      2.63739e-06              1        6.1e-06  
   244         245      2.62977e-06              1       6.15e-06  
   245         246      2.62278e-06              1       7.13e-06  
   246         247      2.61611e-06              1       6.72e-06  
   247         248      2.60956e-06              1       6.18e-06  
   248         249      2.60333e-06              1       5.45e-06  
   249         250      2.59764e-06              1       5.36e-06  
   250         251      2.59243e-06              1       5.29e-06  
   251         252      2.58744e-06              1       5.33e-06  
   252         253      2.58251e-06              1       5.38e-06  
   253         254       2.5776e-06              1       5.49e-06  
   254         255      2.57271e-06              1       5.54e-06  
   255         256       2.5677e-06              1       5.65e-06  
   256         257      2.56235e-06              1        5.5e-06  
   257         258      2.55652e-06              1       7.07e-06  
   258         259      2.55028e-06              1       6.95e-06  
   259         260      2.54394e-06              1       6.38e-06  
                                                        First-order 
 Iteration  Func-count       f(x)        Step-size       optimality
   260         261      2.53787e-06              1       6.38e-06  
   261         262      2.53225e-06              1       5.56e-06  
   262         263      2.52703e-06              1       5.77e-06  
   263         264      2.52204e-06              1        5.2e-06  
   264         265      2.51706e-06              1       5.28e-06  
   265         266      2.51185e-06              1       6.36e-06  
   266         267      2.50627e-06              1       6.13e-06  
   267         268      2.50042e-06              1       6.38e-06  
   268         269      2.49459e-06              1       7.19e-06  
   269         270      2.48902e-06              1       6.78e-06  
   270         271      2.48373e-06              1       5.32e-06  
   271         272      2.47842e-06              1       5.99e-06  
   272         273       2.4729e-06              1       6.16e-06  
   273         274        2.467e-06              1       6.53e-06  
   274         275       2.4608e-06              1       6.45e-06  
   275         276      2.45437e-06              1        6.3e-06  
   276         277      2.44784e-06              1       5.77e-06  
   277         278       2.4412e-06              1       5.62e-06  
   278         279      2.43437e-06              1       5.79e-06  
   279         280      2.42737e-06              1       7.06e-06  
                                                        First-order 
 Iteration  Func-count       f(x)        Step-size       optimality
   280         281      2.42042e-06              1       8.39e-06  
   281         282      2.41378e-06              1       7.39e-06  
   282         283      2.40758e-06              1       6.45e-06  
   283         284      2.40168e-06              1       6.14e-06  
   284         285      2.39588e-06              1       6.61e-06  
   285         286      2.39003e-06              1        6.6e-06  
   286         287      2.38409e-06              1       7.03e-06  
   287         288      2.37796e-06              1       6.39e-06  
   288         289      2.37158e-06              1       5.97e-06  
   289         290      2.36492e-06              1       5.71e-06  
   290         291      2.35826e-06              1       6.16e-06  
   291         292      2.35174e-06              1       6.45e-06  
   292         293      2.34545e-06              1       7.25e-06  
   293         294      2.33886e-06              1       7.24e-06  
   294         295      2.33168e-06              1       7.85e-06  
   295         296      2.32364e-06              1       7.37e-06  
   296         297      2.31545e-06              1       7.69e-06  
   297         298      2.30732e-06              1       7.06e-06  
   298         299      2.29935e-06              1       6.68e-06  
   299         300      2.29067e-06              1       7.31e-06  
                                                        First-order 
 Iteration  Func-count       f(x)        Step-size       optimality
   300         301      2.28142e-06              1       9.26e-06  
   301         302       2.2718e-06              1       8.39e-06  
   302         303      2.26301e-06              1       7.54e-06  
   303         304      2.25462e-06              1       7.21e-06  
   304         305      2.24656e-06              1       7.39e-06  
   305         306      2.23771e-06              1       6.22e-06  
   306         307      2.22877e-06              1       7.01e-06  
   307         308      2.21962e-06              1       8.27e-06  
   308         309      2.21097e-06              1       7.06e-06  
   309         310      2.20276e-06              1       6.28e-06  
   310         311      2.19542e-06              1        5.6e-06  
   311         312       2.1885e-06              1       5.57e-06  
   312         313      2.18193e-06              1       5.63e-06  
   313         314       2.1754e-06              1       5.34e-06  
   314         315      2.16924e-06              1       5.92e-06  
   315         316      2.16353e-06              1       6.28e-06  
   316         317      2.15836e-06              1       6.77e-06  
   317         318       2.1536e-06              1       5.28e-06  
   318         319      2.14916e-06              1        5.8e-06  
   319         320      2.14474e-06              1       4.91e-06  
                                                        First-order 
 Iteration  Func-count       f(x)        Step-size       optimality
   320         321      2.13997e-06              1       5.12e-06  
   321         322      2.13506e-06              1        5.8e-06  
   322         323      2.13057e-06              1        5.4e-06  
   323         324      2.12584e-06              1       4.63e-06  
   324         325      2.12129e-06              1       4.94e-06  
   325         326      2.11699e-06              1       4.42e-06  
   326         327      2.11313e-06              1       3.98e-06  
   327         328      2.10957e-06              1       4.46e-06  
   328         329       2.1061e-06              1        4.1e-06  
   329         330      2.10258e-06              1        4.1e-06  
   330         331      2.09911e-06              1        4.3e-06  
   331         332      2.09589e-06              1       4.31e-06  
   332         333      2.09292e-06              1       4.07e-06  
   333         334      2.09005e-06              1       3.83e-06  
   334         335      2.08716e-06              1       4.13e-06  
   335         336      2.08425e-06              1       3.64e-06  
   336         337      2.08137e-06              1       4.25e-06  
   337         338      2.07852e-06              1       4.06e-06  
   338         339      2.07572e-06              1       3.89e-06  
   339         340      2.07298e-06              1          4e-06  
                                                        First-order 
 Iteration  Func-count       f(x)        Step-size       optimality
   340         341      2.07034e-06              1       3.62e-06  
   341         342      2.06779e-06              1       3.34e-06  
   342         343      2.06533e-06              1       3.35e-06  
   343         344      2.06293e-06              1       4.14e-06  
   344         345      2.06046e-06              1       5.01e-06  
   345         346      2.05775e-06              1       4.58e-06  
   346         347      2.05476e-06              1        4.1e-06  
   347         348      2.05165e-06              1       4.08e-06  
   348         349      2.04868e-06              1       4.25e-06  
   349         350      2.04586e-06              1       3.51e-06  
   350         351      2.04306e-06              1       3.78e-06  
   351         352      2.04017e-06              1       3.43e-06  
   352         353      2.03734e-06              1       3.86e-06  
   353         354      2.03473e-06              1       3.56e-06  
   354         355      2.03234e-06              1       3.26e-06  
   355         356         2.03e-06              1       3.19e-06  
   356         357       2.0276e-06              1       3.33e-06  
   357         358      2.02507e-06              1       3.39e-06  
   358         359      2.02243e-06              1       3.68e-06  
   359         360      2.01974e-06              1       4.42e-06  
                                                        First-order 
 Iteration  Func-count       f(x)        Step-size       optimality
   360         361      2.01717e-06              1          4e-06  
   361         362      2.01482e-06              1       2.87e-06  
   362         363      2.01271e-06              1       3.54e-06  
   363         364      2.01076e-06              1       3.75e-06  
   364         365       2.0089e-06              1       3.11e-06  
   365         366      2.00706e-06              1       3.09e-06  
   366         367      2.00525e-06              1       3.21e-06  
   367         368      2.00347e-06              1       3.41e-06  
   368         369      2.00179e-06              1       4.18e-06  
   369         370      2.00023e-06              1       3.84e-06  
   370         371      1.99877e-06              1       2.78e-06  
   371         372      1.99731e-06              1       2.43e-06  
   372         373      1.99585e-06              1       3.19e-06  
   373         374      1.99439e-06              1       3.23e-06  
   374         375      1.99297e-06              1       2.93e-06  
   375         376      1.99152e-06              1        2.8e-06  
   376         377      1.98995e-06              1       2.81e-06  
   377         378      1.98828e-06              1       3.06e-06  
   378         379      1.98667e-06              1       3.79e-06  
   379         380      1.98526e-06              1        4.1e-06  
                                                        First-order 
 Iteration  Func-count       f(x)        Step-size       optimality
   380         381      1.98407e-06              1       3.13e-06  
   381         382      1.98301e-06              1       2.28e-06  
   382         383      1.98204e-06              1       2.43e-06  
   383         384      1.98114e-06              1       2.14e-06  
   384         385      1.98033e-06              1       2.33e-06  
   385         386      1.97958e-06              1       2.01e-06  
   386         387      1.97883e-06              1       1.81e-06  
   387         388      1.97807e-06              1       2.68e-06  
   388         389      1.97732e-06              1       2.65e-06  
   389         390      1.97657e-06              1       1.93e-06  
   390         391      1.97584e-06              1       1.83e-06  
   391         392       1.9751e-06              1        1.8e-06  
   392         393      1.97438e-06              1       2.21e-06  
   393         394      1.97369e-06              1       2.18e-06  
   394         395      1.97304e-06              1       1.83e-06  
   395         396      1.97242e-06              1       1.55e-06  
   396         397      1.97183e-06              1        1.6e-06  
   397         398      1.97125e-06              1       1.68e-06  
   398         399      1.97071e-06              1       1.71e-06  
   399         400      1.97019e-06              1        1.9e-06  
                                                        First-order 
 Iteration  Func-count       f(x)        Step-size       optimality
   400         401      1.96971e-06              1       1.77e-06  
   401         402      1.96925e-06              1       1.61e-06  
   402         403      1.96882e-06              1       1.56e-06  
   403         404      1.96841e-06              1       1.81e-06  
   404         405      1.96803e-06              1        1.5e-06  
   405         406      1.96767e-06              1       1.29e-06  
   406         407      1.96734e-06              1       1.37e-06  
   407         408      1.96702e-06              1       1.32e-06  
   408         409       1.9667e-06              1       1.29e-06  
   409         410      1.96637e-06              1       1.43e-06  
   410         411      1.96605e-06              1        1.3e-06  
   411         412      1.96573e-06              1       1.19e-06  
   412         413      1.96543e-06              1       1.18e-06  
   413         414      1.96514e-06              1       1.21e-06  
   414         415      1.96485e-06              1       1.31e-06  
   415         416      1.96458e-06              1       1.12e-06  
   416         417       1.9643e-06              1       1.06e-06  
   417         418      1.96403e-06              1       1.12e-06  
   418         419      1.96378e-06              1        1.4e-06  
   419         420      1.96354e-06              1       1.45e-06  
                                                        First-order 
 Iteration  Func-count       f(x)        Step-size       optimality
   420         421      1.96332e-06              1       1.26e-06  
   421         422      1.96309e-06              1       1.05e-06  
   422         423      1.96285e-06              1       1.18e-06  
   423         424       1.9626e-06              1       1.41e-06  
   424         425      1.96236e-06              1       1.42e-06  
   425         426      1.96214e-06              1       1.26e-06  
   426         427      1.96194e-06              1       1.02e-06  
   427         428      1.96174e-06              1        1.1e-06  
   428         429      1.96154e-06              1       1.17e-06  
   429         430      1.96134e-06              1       1.06e-06  
   430         431      1.96114e-06              1       1.12e-06  
   431         432      1.96095e-06              1       1.13e-06  
   432         433      1.96076e-06              1       1.13e-06  
   433         434      1.96059e-06              1       9.32e-07  
   434         435      1.96044e-06              1       8.97e-07  
   435         436      1.96029e-06              1       8.94e-07  
   436         437      1.96014e-06              1       8.64e-07  
   437         438         1.96e-06              1       8.86e-07  
   438         439      1.95986e-06              1       9.84e-07  
   439         440      1.95975e-06              1       7.28e-07  
                                                        First-order 
 Iteration  Func-count       f(x)        Step-size       optimality
   440         441      1.95964e-06              1       7.76e-07  
   441         442      1.95952e-06              1        7.8e-07  
   442         443      1.95941e-06              1        8.2e-07  
   443         444      1.95929e-06              1       9.64e-07  
   444         445      1.95916e-06              1        8.8e-07  
   445         446      1.95902e-06              1       8.45e-07  
   446         447      1.95888e-06              1        9.8e-07  
   447         448      1.95872e-06              1       1.07e-06  
   448         449      1.95857e-06              1       1.02e-06  
   449         450      1.95841e-06              1       9.99e-07  
   450         451      1.95825e-06              1          1e-06  
   451         452      1.95808e-06              1       9.33e-07  
   452         453       1.9579e-06              1        9.3e-07  
   453         454      1.95772e-06              1       1.09e-06  
   454         455      1.95755e-06              1       1.01e-06  
   455         456      1.95737e-06              1       8.56e-07  
   456         457       1.9572e-06              1       8.78e-07  
   457         458      1.95701e-06              1       9.33e-07  
   458         459      1.95683e-06              1       9.65e-07  
   459         460      1.95665e-06              1       1.04e-06  
                                                        First-order 
 Iteration  Func-count       f(x)        Step-size       optimality
   460         461      1.95646e-06              1       1.06e-06  
   461         462      1.95626e-06              1       1.29e-06  
   462         463      1.95604e-06              1       1.24e-06  
   463         464      1.95582e-06              1       1.09e-06  
   464         465      1.95559e-06              1       1.07e-06  
   465         466      1.95537e-06              1       1.09e-06  
   466         467      1.95515e-06              1       1.07e-06  
   467         468      1.95492e-06              1       1.05e-06  
   468         469      1.95466e-06              1       1.18e-06  
   469         470       1.9544e-06              1       1.22e-06  
   470         471      1.95412e-06              1       1.19e-06  
   471         472      1.95384e-06              1       1.18e-06  
   472         473      1.95357e-06              1       1.11e-06  
   473         474      1.95329e-06              1       1.23e-06  
   474         475      1.95301e-06              1       1.44e-06  
   475         476       1.9527e-06              1       1.36e-06  
   476         477      1.95237e-06              1       1.41e-06  
   477         478      1.95206e-06              1       1.37e-06  
   478         479      1.95175e-06              1        1.4e-06  
   479         480      1.95145e-06              1       1.19e-06  
                                                        First-order 
 Iteration  Func-count       f(x)        Step-size       optimality
   480         481      1.95113e-06              1       1.26e-06  
   481         482      1.95079e-06              1       1.28e-06  
   482         483      1.95044e-06              1       1.36e-06  
   483         484      1.95012e-06              1       1.28e-06  
   484         485      1.94981e-06              1       1.42e-06  
   485         486      1.94952e-06              1       1.67e-06  
   486         487      1.94922e-06              1       1.47e-06  
   487         488      1.94892e-06              1       1.25e-06  
   488         489      1.94861e-06              1       1.23e-06  
   489         490      1.94833e-06              1       1.12e-06  
   490         491      1.94808e-06              1       1.11e-06  
   491         492      1.94785e-06              1       1.15e-06  
   492         493      1.94761e-06              1       1.06e-06  
   493         494      1.94738e-06              1       1.15e-06  
   494         495      1.94715e-06              1       1.09e-06  
   495         496      1.94694e-06              1       1.06e-06  
   496         497      1.94673e-06              1       1.26e-06  
   497         498      1.94652e-06              1       1.07e-06  
   498         499      1.94629e-06              1       1.09e-06  
   499         500      1.94604e-06              1       1.18e-06  
                                                        First-order 
 Iteration  Func-count       f(x)        Step-size       optimality
   500         501       1.9458e-06              1        1.4e-06  
   501         502      1.94558e-06              1       1.13e-06  
   502         503      1.94536e-06              1       1.01e-06  
   503         504      1.94512e-06              1       1.17e-06  
   504         505      1.94487e-06              1       1.29e-06  
   505         506       1.9446e-06              1       1.24e-06  
   506         507      1.94432e-06              1       1.28e-06  
   507         508      1.94406e-06              1       1.27e-06  
   508         509      1.94381e-06              1       1.04e-06  
   509         510      1.94358e-06              1       1.13e-06  
   510         511      1.94337e-06              1       1.22e-06  
   511         512      1.94317e-06              1       1.05e-06  
   512         513      1.94297e-06              1       1.11e-06  
   513         514      1.94277e-06              1       1.05e-06  
   514         515      1.94256e-06              1       9.47e-07  
   515         516      1.94236e-06              1       1.02e-06  
   516         517      1.94215e-06              1       1.08e-06  
   517         518      1.94194e-06              1       1.06e-06  
   518         519      1.94172e-06              1       9.62e-07  
   519         520       1.9415e-06              1       9.78e-07  
                                                        First-order 
 Iteration  Func-count       f(x)        Step-size       optimality
   520         521      1.94129e-06              1       1.01e-06  
   521         522      1.94109e-06              1       9.02e-07  
   522         523      1.94089e-06              1       9.71e-07  
   523         524      1.94069e-06              1       9.09e-07  
   524         525       1.9405e-06              1       1.16e-06  
   525         526      1.94032e-06              1       1.08e-06  
   526         527      1.94015e-06              1       1.15e-06  
   527         528      1.93998e-06              1       9.49e-07  
   528         529      1.93981e-06              1       1.17e-06  
   529         530      1.93963e-06              1       1.09e-06  
   530         531      1.93946e-06              1       9.32e-07  
   531         532      1.93927e-06              1       9.22e-07  
   532         533      1.93908e-06              1       1.01e-06  
   533         534      1.93887e-06              1       1.11e-06  
   534         535      1.93866e-06              1       1.21e-06  
   535         536      1.93844e-06              1       1.14e-06  
   536         537      1.93823e-06              1       1.05e-06  
   537         538      1.93804e-06              1       1.02e-06  
   538         539      1.93789e-06              1       9.43e-07  
   539         540      1.93776e-06              1       9.13e-07  
                                                        First-order 
 Iteration  Func-count       f(x)        Step-size       optimality
   540         541      1.93763e-06              1       8.52e-07  
   541         542       1.9375e-06              1       7.87e-07  
   542         543      1.93737e-06              1        8.9e-07  
   543         544      1.93723e-06              1       8.33e-07  
   544         545      1.93709e-06              1       8.41e-07  
   545         546      1.93694e-06              1       1.02e-06  
   546         547      1.93679e-06              1       1.05e-06  
   547         548      1.93666e-06              1       9.75e-07  
   548         549      1.93653e-06              1       9.97e-07  
   549         550      1.93641e-06              1       8.68e-07  
   550         551      1.93629e-06              1       8.84e-07  
   551         552      1.93617e-06              1       8.66e-07  
   552         553      1.93605e-06              1       7.95e-07  
   553         554      1.93593e-06              1       7.82e-07  
   554         555      1.93581e-06              1       8.79e-07  
   555         556      1.93569e-06              1       9.18e-07  
   556         557      1.93556e-06              1       8.45e-07  
   557         558      1.93544e-06              1        8.2e-07  
   558         559      1.93531e-06              1       9.85e-07  
   559         560      1.93519e-06              1        8.3e-07  
                                                        First-order 
 Iteration  Func-count       f(x)        Step-size       optimality
   560         561      1.93507e-06              1       7.65e-07  
   561         562      1.93496e-06              1       6.89e-07  
   562         563      1.93485e-06              1       7.23e-07  
   563         564      1.93474e-06              1        8.6e-07  
   564         565      1.93463e-06              1       8.08e-07  
   565         566      1.93453e-06              1       8.07e-07  
   566         567      1.93443e-06              1       6.96e-07  
   567         568      1.93433e-06              1       7.76e-07  
   568         569      1.93423e-06              1       7.58e-07  
   569         570      1.93414e-06              1       8.27e-07  
   570         571      1.93404e-06              1       7.65e-07  
   571         572      1.93394e-06              1       7.29e-07  
   572         573      1.93386e-06              1          7e-07  
   573         574      1.93376e-06              1        6.7e-07  
   574         575      1.93366e-06              1       9.37e-07  
   575         576      1.93356e-06              1       1.07e-06  
   576         577      1.93345e-06              1       9.59e-07  
   577         578      1.93334e-06              1       8.47e-07  
   578         579      1.93323e-06              1       7.57e-07  
   579         580      1.93312e-06              1       7.82e-07  
                                                        First-order 
 Iteration  Func-count       f(x)        Step-size       optimality
   580         581        1.933e-06              1       7.62e-07  
   581         582      1.93289e-06              1          8e-07  
   582         583      1.93278e-06              1        8.7e-07  
   583         584      1.93268e-06              1       7.22e-07  
   584         585      1.93258e-06              1       7.85e-07  
   585         586      1.93249e-06              1       7.53e-07  
   586         587      1.93238e-06              1       9.21e-07  
   587         588      1.93226e-06              1       8.87e-07  
   588         589      1.93214e-06              1       8.88e-07  
   589         590      1.93202e-06              1       8.36e-07  
   590         591      1.93191e-06              1       8.15e-07  
   591         592       1.9318e-06              1       7.72e-07  
   592         593      1.93169e-06              1       8.38e-07  
   593         594      1.93159e-06              1        8.1e-07  
   594         595      1.93148e-06              1       7.72e-07  
   595         596      1.93138e-06              1       6.51e-07  
   596         597      1.93128e-06              1       7.08e-07  
   597         598      1.93119e-06              1       6.57e-07  
   598         599      1.93111e-06              1       6.69e-07  
   599         600      1.93104e-06              1       5.68e-07  
                                                        First-order 
 Iteration  Func-count       f(x)        Step-size       optimality
   600         601      1.93097e-06              1        5.4e-07  
   601         602      1.93091e-06              1       5.74e-07  
   602         603      1.93084e-06              1       6.03e-07  
   603         604      1.93077e-06              1       6.34e-07  
   604         605       1.9307e-06              1       6.36e-07  
   605         606      1.93061e-06              1       6.91e-07  
   606         607      1.93052e-06              1       7.23e-07  
   607         608      1.93043e-06              1       6.73e-07  
   608         609      1.93034e-06              1       7.08e-07  
   609         610      1.93025e-06              1       6.53e-07  
   610         611      1.93016e-06              1       6.92e-07  
   611         612      1.93007e-06              1       7.18e-07  
   612         613      1.92997e-06              1       7.61e-07  
   613         614      1.92987e-06              1       7.34e-07  
   614         615      1.92977e-06              1       6.35e-07  
   615         616      1.92968e-06              1        7.9e-07  
   616         617      1.92958e-06              1       8.45e-07  
   617         618      1.92949e-06              1       7.75e-07  
   618         619      1.92939e-06              1       6.96e-07  
   619         620      1.92929e-06              1       7.85e-07  
                                                        First-order 
 Iteration  Func-count       f(x)        Step-size       optimality
   620         621      1.92918e-06              1       7.07e-07  
   621         622      1.92908e-06              1       6.52e-07  
   622         623      1.92899e-06              1       7.18e-07  
   623         624      1.92889e-06              1       8.25e-07  
   624         625       1.9288e-06              1       7.75e-07  
   625         626      1.92869e-06              1       7.95e-07  
   626         627      1.92858e-06              1       8.15e-07  
   627         628      1.92847e-06              1        8.6e-07  
   628         629      1.92837e-06              1       7.23e-07  
   629         630      1.92827e-06              1       7.73e-07  
   630         631      1.92818e-06              1       7.31e-07  
   631         632      1.92808e-06              1       6.72e-07  
   632         633      1.92798e-06              1       7.83e-07  
   633         634      1.92788e-06              1        7.2e-07  
   634         635      1.92777e-06              1       8.43e-07  
   635         636      1.92766e-06              1       8.71e-07  
   636         637      1.92754e-06              1       7.11e-07  
   637         638      1.92743e-06              1       7.24e-07  
   638         639      1.92734e-06              1       7.01e-07  
   639         640      1.92725e-06              1       6.37e-07  
                                                        First-order 
 Iteration  Func-count       f(x)        Step-size       optimality
   640         641      1.92715e-06              1       7.68e-07  
   641         642      1.92704e-06              1       7.67e-07  
   642         643      1.92692e-06              1       8.22e-07  
   643         644       1.9268e-06              1       7.59e-07  
   644         645      1.92667e-06              1       7.77e-07  
   645         646      1.92655e-06              1       9.58e-07  
   646         647      1.92644e-06              1       7.62e-07  
   647         648      1.92633e-06              1       8.33e-07  
   648         649      1.92622e-06              1       9.07e-07  
   649         650      1.92612e-06              1       7.99e-07  
   650         651      1.92602e-06              1       7.29e-07  
   651         652      1.92592e-06              1       7.35e-07  
   652         653      1.92583e-06              1       7.36e-07  
   653         654      1.92573e-06              1       7.17e-07  
   654         655      1.92563e-06              1       7.63e-07  
   655         656      1.92553e-06              1       8.02e-07  
   656         657      1.92543e-06              1       7.91e-07  
   657         658      1.92531e-06              1       7.67e-07  
   658         659      1.92519e-06              1       8.04e-07  
   659         660      1.92506e-06              1       7.55e-07  
                                                        First-order 
 Iteration  Func-count       f(x)        Step-size       optimality
   660         661      1.92491e-06              1       1.02e-06  
   661         662      1.92475e-06              1       1.11e-06  
   662         663       1.9246e-06              1       1.08e-06  
   663         664      1.92446e-06              1       1.12e-06  
   664         665      1.92433e-06              1       9.21e-07  
   665         666       1.9242e-06              1       8.91e-07  
   666         667      1.92407e-06              1       7.66e-07  
   667         668      1.92394e-06              1       8.01e-07  
   668         669      1.92382e-06              1       7.22e-07  
   669         670      1.92371e-06              1       8.15e-07  
   670         671      1.92359e-06              1       8.01e-07  
   671         672      1.92346e-06              1          1e-06  
   672         673      1.92332e-06              1       1.24e-06  
   673         674      1.92316e-06              1       1.08e-06  
   674         675      1.92298e-06              1       1.16e-06  
   675         676      1.92277e-06              1       1.27e-06  
   676         677      1.92254e-06              1       1.55e-06  
   677         678       1.9223e-06              1       1.22e-06  
   678         679      1.92204e-06              1       1.17e-06  
   679         680      1.92178e-06              1       1.28e-06  
                                                        First-order 
 Iteration  Func-count       f(x)        Step-size       optimality
   680         681      1.92152e-06              1       1.19e-06  
   681         682      1.92127e-06              1       1.05e-06  
   682         683        1.921e-06              1       1.12e-06  
   683         684       1.9207e-06              1       1.23e-06  
   684         685      1.92037e-06              1       1.42e-06  
   685         686         1.92e-06              1       1.41e-06  
   686         687      1.91962e-06              1       1.54e-06  
   687         688      1.91926e-06              1        1.7e-06  
   688         689      1.91893e-06              1       1.17e-06  
   689         690      1.91862e-06              1       1.95e-06  
   690         691      1.91826e-06              1       1.45e-06  
   691         692      1.91781e-06              1       1.48e-06  
   692         693       1.9173e-06              1       1.51e-06  
   693         694      1.91681e-06              1       1.51e-06  
   694         695      1.91624e-06              1        1.5e-06  
   695         696      1.91566e-06              1       1.89e-06  
   696         697      1.91499e-06              1       2.28e-06  
   697         698      1.91434e-06              1       3.15e-06  
   698         699       1.9136e-06              1       1.93e-06  
   699         700      1.91284e-06              1       2.04e-06  
                                                        First-order 
 Iteration  Func-count       f(x)        Step-size       optimality
   700         701      1.91198e-06              1       2.42e-06  
   701         702      1.91117e-06              1       2.26e-06  
   702         703      1.91023e-06              1       2.34e-06  
   703         704      1.90935e-06              1        2.6e-06  
   704         705      1.90843e-06              1          3e-06  
   705         706      1.90762e-06              1       5.17e-06  
   706         707      1.90669e-06              1       3.02e-06  
   707         708      1.90574e-06              1       2.52e-06  
   708         709      1.90456e-06              1       2.28e-06  
   709         710      1.90376e-06              1       2.36e-06  
   710         711      1.90252e-06              1       2.31e-06  
   711         712      1.90141e-06              1       2.41e-06  
   712         713      1.90009e-06              1       2.77e-06  
   713         714      1.89864e-06              1       3.09e-06  
   714         715      1.89703e-06              1        3.1e-06  
   715         716      1.89549e-06              1       3.01e-06  
   716         717      1.89415e-06              1       4.52e-06  
   717         718      1.89299e-06              1       2.76e-06  
   718         719      1.89186e-06              1       2.61e-06  
   719         720      1.89062e-06              1       3.01e-06  
                                                        First-order 
 Iteration  Func-count       f(x)        Step-size       optimality
   720         721      1.88944e-06              1       2.59e-06  
   721         722      1.88811e-06              1       2.75e-06  
   722         723      1.88662e-06              1       2.89e-06  
   723         724      1.88517e-06              1       3.26e-06  
   724         725      1.88386e-06              1       2.69e-06  
   725         726      1.88266e-06              1       2.77e-06  
   726         727      1.88147e-06              1       3.42e-06  
   727         728      1.88028e-06              1       3.43e-06  
   728         729      1.87909e-06              1       3.02e-06  
   729         730      1.87794e-06              1        3.2e-06  
   730         731      1.87683e-06              1       4.31e-06  
   731         732      1.87566e-06              1       2.34e-06  
   732         733      1.87436e-06              1       2.74e-06  
   733         734      1.87328e-06              1       2.74e-06  
   734         735      1.87217e-06              1       2.63e-06  
   735         736      1.87106e-06              1       2.85e-06  
   736         737      1.86989e-06              1        2.9e-06  
   737         738      1.86871e-06              1       2.69e-06  
   738         739      1.86748e-06              1       2.45e-06  
   739         740      1.86622e-06              1       2.77e-06  
                                                        First-order 
 Iteration  Func-count       f(x)        Step-size       optimality
   740         741      1.86498e-06              1       2.39e-06  
   741         742      1.86378e-06              1       2.58e-06  
   742         743      1.86263e-06              1       3.28e-06  
   743         744      1.86155e-06              1       3.08e-06  
   744         745      1.86054e-06              1       2.99e-06  
   745         746      1.85959e-06              1       2.54e-06  
   746         747      1.85867e-06              1       2.62e-06  
   747         748      1.85776e-06              1       2.39e-06  
   748         749      1.85686e-06              1       2.44e-06  
   749         750      1.85599e-06              1       1.93e-06  
   750         751      1.85513e-06              1       1.99e-06  
   751         752      1.85428e-06              1       1.99e-06  
   752         753      1.85345e-06              1       3.02e-06  
   753         754       1.8526e-06              1       2.31e-06  
   754         755      1.85172e-06              1       2.19e-06  
   755         756      1.85093e-06              1        2.2e-06  
   756         757      1.85023e-06              1       2.19e-06  
   757         758      1.84954e-06              1       1.94e-06  
   758         759      1.84889e-06              1       1.78e-06  
   759         760      1.84828e-06              1       1.87e-06  
                                                        First-order 
 Iteration  Func-count       f(x)        Step-size       optimality
   760         761       1.8477e-06              1       1.94e-06  
   761         762      1.84713e-06              1       1.89e-06  
   762         763      1.84656e-06              1        2.3e-06  
   763         764      1.84602e-06              1       1.69e-06  
   764         765       1.8455e-06              1       1.53e-06  
   765         766      1.84497e-06              1       1.55e-06  
   766         767      1.84441e-06              1       1.35e-06  
   767         768      1.84385e-06              1       1.72e-06  
   768         769      1.84335e-06              1       1.45e-06  
   769         770      1.84289e-06              1       1.34e-06  
   770         771      1.84245e-06              1       1.45e-06  
   771         772        1.842e-06              1       1.41e-06  
   772         773      1.84153e-06              1       1.41e-06  
   773         774      1.84106e-06              1       1.55e-06  
   774         775      1.84056e-06              1       1.37e-06  
   775         776      1.84006e-06              1       1.42e-06  
   776         777      1.83959e-06              1       1.63e-06  
   777         778      1.83919e-06              1       1.73e-06  
   778         779      1.83885e-06              1        1.3e-06  
   779         780      1.83855e-06              1       1.21e-06  
                                                        First-order 
 Iteration  Func-count       f(x)        Step-size       optimality
   780         781      1.83827e-06              1       1.37e-06  
   781         782      1.83799e-06              1       1.43e-06  
   782         783      1.83768e-06              1       1.34e-06  
   783         784      1.83732e-06              1       1.49e-06  
   784         785      1.83693e-06              1       1.61e-06  
   785         786      1.83654e-06              1       1.41e-06  
   786         787      1.83618e-06              1       1.53e-06  
   787         788      1.83585e-06              1       1.34e-06  
   788         789      1.83554e-06              1       1.22e-06  
   789         790      1.83525e-06              1       1.21e-06  
   790         791      1.83496e-06              1        1.4e-06  
   791         792      1.83465e-06              1       1.42e-06  
   792         793      1.83432e-06              1       1.13e-06  
   793         794      1.83399e-06              1       1.21e-06  
   794         795       1.8337e-06              1        1.3e-06  
   795         796      1.83345e-06              1       1.21e-06  
   796         797      1.83322e-06              1       1.22e-06  
   797         798      1.83298e-06              1       1.46e-06  
   798         799      1.83274e-06              1       1.21e-06  
   799         800       1.8325e-06              1       1.34e-06  
                                                        First-order 
 Iteration  Func-count       f(x)        Step-size       optimality
   800         801      1.83225e-06              1       1.35e-06  
   801         802      1.83201e-06              1       1.27e-06  
   802         803      1.83178e-06              1       1.07e-06  
   803         804      1.83155e-06              1       1.29e-06  
   804         805      1.83131e-06              1       1.19e-06  
   805         806      1.83106e-06              1       1.15e-06  
   806         807      1.83081e-06              1       1.09e-06  
   807         808      1.83058e-06              1       1.05e-06  
   808         809      1.83037e-06              1       1.13e-06  
   809         810      1.83019e-06              1       1.13e-06  
   810         811         1.83e-06              1       9.72e-07  
   811         812       1.8298e-06              1        1.1e-06  
   812         813      1.82959e-06              1        1.2e-06  
   813         814       1.8294e-06              1        9.9e-07  
   814         815      1.82922e-06              1        8.5e-07  
   815         816      1.82906e-06              1       9.04e-07  
   816         817      1.82892e-06              1       8.15e-07  
   817         818      1.82879e-06              1       7.84e-07  
   818         819      1.82864e-06              1       8.58e-07  
   819         820       1.8285e-06              1       8.62e-07  
                                                        First-order 
 Iteration  Func-count       f(x)        Step-size       optimality
   820         821      1.82837e-06              1       8.29e-07  
   821         822      1.82824e-06              1       7.62e-07  
   822         823      1.82813e-06              1       7.99e-07  
   823         824      1.82803e-06              1       8.26e-07  
   824         825      1.82793e-06              1       6.78e-07  
   825         826      1.82784e-06              1       7.36e-07  
   826         827      1.82775e-06              1       7.39e-07  
   827         828      1.82766e-06              1       7.66e-07  
   828         829      1.82756e-06              1       6.07e-07  
   829         830      1.82747e-06              1       6.01e-07  
   830         831      1.82738e-06              1        6.2e-07  
   831         832      1.82731e-06              1       6.86e-07  
   832         833      1.82723e-06              1       6.56e-07  
   833         834      1.82716e-06              1       5.63e-07  
   834         835      1.82709e-06              1       5.42e-07  
   835         836      1.82703e-06              1       5.38e-07  
   836         837      1.82698e-06              1        6.4e-07  
   837         838      1.82692e-06              1       6.24e-07  
   838         839      1.82687e-06              1       5.83e-07  
   839         840      1.82681e-06              1       6.54e-07  
                                                        First-order 
 Iteration  Func-count       f(x)        Step-size       optimality
   840         841      1.82676e-06              1        6.1e-07  
   841         842       1.8267e-06              1       5.65e-07  
   842         843      1.82664e-06              1       6.08e-07  
   843         844      1.82659e-06              1       5.63e-07  
   844         845      1.82654e-06              1       5.52e-07  
   845         846      1.82649e-06              1       4.78e-07  
   846         847      1.82646e-06              1       4.51e-07  
   847         848      1.82642e-06              1       4.43e-07  
   848         849      1.82637e-06              1       4.64e-07  
   849         850      1.82633e-06              1       5.24e-07  
   850         851      1.82628e-06              1       6.21e-07  
   851         852      1.82623e-06              1       5.21e-07  
   852         853      1.82619e-06              1       4.34e-07  
   853         854      1.82615e-06              1        3.9e-07  
   854         855      1.82612e-06              1       3.87e-07  
   855         856      1.82609e-06              1       3.33e-07  
   856         857      1.82607e-06              1       3.72e-07  
   857         858      1.82604e-06              1       3.94e-07  
   858         859      1.82602e-06              1       3.36e-07  
   859         860        1.826e-06              1       3.39e-07  
                                                        First-order 
 Iteration  Func-count       f(x)        Step-size       optimality
   860         861      1.82597e-06              1       3.14e-07  
   861         862      1.82595e-06              1       3.25e-07  
   862         863      1.82594e-06              1       3.08e-07  
   863         864      1.82592e-06              1       2.78e-07  
   864         865       1.8259e-06              1       2.74e-07  
   865         866      1.82589e-06              1       2.89e-07  
   866         867      1.82587e-06              1       3.05e-07  
   867         868      1.82585e-06              1       3.37e-07  
   868         869      1.82584e-06              1       2.75e-07  
   869         870      1.82583e-06              1       2.65e-07  
   870         871      1.82581e-06              1       3.09e-07  
   871         872      1.82579e-06              1       3.12e-07  
   872         873      1.82577e-06              1       3.24e-07  
   873         874      1.82576e-06              1       3.39e-07  
   874         875      1.82574e-06              1       3.18e-07  
   875         876      1.82572e-06              1       2.78e-07  
   876         877      1.82571e-06              1       2.72e-07  
   877         878      1.82569e-06              1       2.68e-07  
   878         879      1.82568e-06              1       2.45e-07  
   879         880      1.82567e-06              1       2.15e-07  
                                                        First-order 
 Iteration  Func-count       f(x)        Step-size       optimality
   880         881      1.82566e-06              1       2.48e-07  
   881         882      1.82565e-06              1       2.67e-07  
   882         883      1.82564e-06              1       2.21e-07  
   883         884      1.82563e-06              1       2.08e-07  
   884         885      1.82562e-06              1        2.2e-07  
   885         886      1.82561e-06              1       2.77e-07  
   886         887      1.82559e-06              1       2.73e-07  
   887         888      1.82558e-06              1       2.59e-07  
   888         889      1.82557e-06              1       2.39e-07  
   889         890      1.82556e-06              1       2.33e-07  
   890         891      1.82555e-06              1       2.38e-07  
   891         892      1.82554e-06              1       2.44e-07  
   892         893      1.82553e-06              1       2.08e-07  
   893         894      1.82552e-06              1       2.16e-07  
   894         895      1.82551e-06              1       2.06e-07  
   895         896       1.8255e-06              1       2.13e-07  
   896         897      1.82549e-06              1       2.17e-07  
   897         898      1.82548e-06              1       2.13e-07  
   898         899      1.82547e-06              1       2.48e-07  
   899         900      1.82546e-06              1       2.26e-07  
                                                        First-order 
 Iteration  Func-count       f(x)        Step-size       optimality
   900         901      1.82545e-06              1        2.2e-07  
   901         902      1.82544e-06              1          2e-07  
   902         903      1.82543e-06              1       2.09e-07  
   903         904      1.82543e-06              1       2.22e-07  
   904         905      1.82542e-06              1       2.01e-07  
   905         906      1.82541e-06              1       2.28e-07  
   906         907       1.8254e-06              1       2.55e-07  
   907         908      1.82539e-06              1       2.11e-07  
   908         909      1.82538e-06              1       1.99e-07  
   909         910      1.82538e-06              1       2.06e-07  
   910         911      1.82537e-06              1       1.77e-07  
   911         912      1.82536e-06              1       1.94e-07  
   912         913      1.82536e-06              1       1.95e-07  
   913         914      1.82535e-06              1       1.93e-07  
   914         915      1.82534e-06              1       1.95e-07  
   915         916      1.82534e-06              1        1.7e-07  
   916         917      1.82533e-06              1       1.74e-07  
   917         918      1.82533e-06              1       1.57e-07  
   918         919      1.82532e-06              1       1.57e-07  
   919         920      1.82532e-06              1       1.83e-07  
                                                        First-order 
 Iteration  Func-count       f(x)        Step-size       optimality
   920         921      1.82531e-06              1       1.76e-07  
   921         922      1.82531e-06              1          2e-07  
   922         923       1.8253e-06              1       1.77e-07  
   923         924       1.8253e-06              1        1.7e-07  
   924         925      1.82529e-06              1        1.6e-07  
   925         926      1.82529e-06              1       1.66e-07  
   926         927      1.82528e-06              1        1.5e-07  
   927         928      1.82528e-06              1       1.33e-07  
   928         929      1.82527e-06              1       1.29e-07  
   929         930      1.82527e-06              1       1.38e-07  
   930         931      1.82527e-06              1        1.6e-07  
   931         932      1.82526e-06              1       1.37e-07  
   932         933      1.82526e-06              1       1.32e-07  
   933         934      1.82526e-06              1       1.44e-07  
   934         935      1.82525e-06              1       1.43e-07  
   935         936      1.82525e-06              1       1.31e-07  
   936         937      1.82525e-06              1       1.27e-07  
   937         938      1.82525e-06              1       1.46e-07  
   938         939      1.82524e-06              1       1.23e-07  
   939         940      1.82524e-06              1       1.43e-07  
                                                        First-order 
 Iteration  Func-count       f(x)        Step-size       optimality
   940         941      1.82523e-06              1       1.53e-07  
   941         942      1.82523e-06              1       1.29e-07  
   942         943      1.82523e-06              1       1.31e-07  
   943         944      1.82522e-06              1       1.37e-07  
   944         945      1.82522e-06              1       1.22e-07  
   945         946      1.82522e-06              1       1.12e-07  
   946         947      1.82522e-06              1       1.03e-07  

Optimization completed: The <a href = "matlab: helpview([docroot '/toolbox/optim/msg_csh/optim_msg_csh.map'],'first_order_opt_unc','CSHelpWindow');">first-order optimality measure</a>, 9.739713e-08, is less 
than <a href = "matlab: helpview([docroot '/toolbox/optim/msg_csh/optim_msg_csh.map'],'tolfun','CSHelpWindow');">options.TolFun</a> = 1.000000e-07.

Optimization Metric                                            Options
relative norm(gradient) =   9.74e-08                  TolFun =   1e-07 (selected)

