flow iter#1; |dv| = 4.92506
flow iter#2; |dv| = 1.23732
flow iter#3; |dv| = 1.49235
flow iter#4; |dv| = 1.96522
flow iter#5; |dv| = 1.60902
flow iter#6; |dv| = 0.88346
flow iter#7; |dv| = 0.254792
flow iter#8; |dv| = 0.26152
flow iter#9; |dv| = 0.369201
flow iter#10; |dv| = 0.312229
flow iter#11; |dv| = 0.186444
flow iter#12; |dv| = 0.0692117
flow iter#13; |dv| = 0.0292212
flow iter#14; |dv| = 0.053682
flow iter#15; |dv| = 0.0524809
flow iter#16; |dv| = 0.0356872
flow iter#17; |dv| = 0.0166984
flow iter#18; |dv| = 0.00614212
flow iter#19; |dv| = 0.00883343
flow iter#20; |dv| = 0.00980038
flow iter#21; |dv| = 0.0080425
flow iter#22; |dv| = 0.00586178
flow iter#23; |dv| = 0.00487326
                                                        First-order 
 Iteration  Func-count       f(x)        Step-size       optimality
     0           1        0.0506028                       0.00238
     1           4        0.0262298             91        0.00118  
     2           6        0.0115927       0.484607       0.000922  
     3           7       0.00152506              1       0.000213  
     4           8      0.000939642              1        0.00056  
     5           9      0.000403262              1       0.000136  
     6          10      0.000294312              1       0.000101  
     7          11      0.000187087              1       0.000329  
     8          12      0.000105113              1       8.79e-05  
     9          13      3.85398e-05              1       0.000311  
    10          14      2.62076e-05              1       7.62e-05  
    11          15      2.19016e-05              1       2.32e-05  
    12          16      1.99452e-05              1       7.46e-05  
    13          17       1.8351e-05              1       3.85e-05  
    14          18       1.7351e-05              1       8.06e-06  
    15          19       1.5382e-05              1       2.55e-05  
    16          20      1.27069e-05              1       2.12e-05  
    17          22       1.0595e-05        0.42904       2.45e-05  
    18          23       1.0293e-05              1       2.08e-05  
    19          24      9.97512e-06              1       7.21e-06  
                                                        First-order 
 Iteration  Func-count       f(x)        Step-size       optimality
    20          25       9.6977e-06              1       1.08e-05  
    21          26       9.2478e-06              1       1.76e-05  
    22          27      8.89786e-06              1       1.77e-05  
    23          28      8.01709e-06              1       2.57e-05  
    24          29      7.34391e-06              1       3.13e-05  
    25          30      5.96591e-06              1          6e-05  
    26          31      4.53791e-06              1       3.01e-05  
    27          32      3.37419e-06              1       2.51e-05  
    28          33       2.0274e-06              1       2.45e-05  
    29          34       1.9784e-06              1       3.04e-05  
    30          35      1.48503e-06              1       8.99e-06  
    31          36      1.37585e-06              1       3.47e-06  
    32          37      1.32617e-06              1       6.22e-06  
    33          38      1.28438e-06              1        4.5e-06  
    34          39      1.23296e-06              1        2.8e-06  
    35          40       1.2127e-06              1       1.36e-06  
    36          41      1.20891e-06              1       1.16e-06  
    37          42      1.20357e-06              1       1.16e-06  
    38          43      1.19444e-06              1       2.05e-06  
    39          44      1.18467e-06              1       1.83e-06  
                                                        First-order 
 Iteration  Func-count       f(x)        Step-size       optimality
    40          45      1.17368e-06              1       2.64e-06  
    41          46       1.1716e-06              1        1.7e-06  
    42          47      1.15904e-06              1       1.11e-06  
    43          48      1.15028e-06              1        1.7e-06  
    44          49      1.13537e-06              1       3.14e-06  
    45          50      1.12213e-06              1       1.62e-06  
    46          51      1.11279e-06              1       6.33e-06  
    47          52      1.08405e-06              1        2.3e-06  
    48          53      1.04585e-06              1       1.64e-06  
    49          55      1.02176e-06       0.483853       6.56e-06  
    50          56      9.85936e-07              1       5.79e-06  
    51          57       9.4916e-07              1       3.05e-06  
    52          59      9.34713e-07       0.275914       6.39e-06  
    53          60      9.00953e-07              1       5.32e-06  
    54          61      8.72328e-07              1       3.28e-06  
    55          63      8.52448e-07         0.6584       3.65e-06  
    56          64      8.29822e-07              1       4.75e-06  
    57          65      7.76305e-07              1       3.79e-06  
    58          67      7.66083e-07       0.487564        7.1e-06  
    59          68      7.36664e-07              1       3.51e-06  
                                                        First-order 
 Iteration  Func-count       f(x)        Step-size       optimality
    60          69      6.95047e-07              1       2.03e-06  
    61          70      6.73297e-07              1       5.51e-06  
    62          71      6.00799e-07              1       2.57e-06  
    63          73       5.7811e-07            0.5       2.34e-06  
    64          74      5.59722e-07              1       5.06e-06  
    65          75      5.37276e-07              1       5.15e-06  
    66          76        5.046e-07              1       2.93e-06  
    67          78      4.70845e-07        0.62522          4e-06  
    68          79      4.16606e-07              1       3.76e-06  
    69          81      3.86664e-07       0.679801       4.11e-06  
    70          82      3.34509e-07              1       8.43e-06  
    71          83      2.89831e-07              1       5.32e-06  
    72          84      2.83648e-07              1       1.13e-05  
    73          86      2.35932e-07       0.407877       9.36e-06  
    74          87      1.95935e-07              1       4.32e-06  
    75          88      1.73606e-07              1       3.73e-06  
    76          90      1.43755e-07       0.606774       7.82e-06  
    77          91        9.106e-08              1       3.53e-06  
    78          93      7.10181e-08       0.569894       4.35e-06  
    79          94      4.34805e-08              1       3.86e-06  
                                                        First-order 
 Iteration  Func-count       f(x)        Step-size       optimality
    80          95      2.72165e-08              1        1.9e-06  
    81          96      2.21293e-08              1       4.92e-06  
    82          97      1.33148e-08              1       4.88e-06  
    83          98      5.29048e-09              1       8.71e-07  
    84          99      3.42577e-09              1       1.85e-06  
    85         100      1.97194e-09              1       3.71e-07  
    86         101      1.44488e-09              1        2.7e-07  
    87         102      1.14898e-09              1       1.37e-07  
    88         103      1.04892e-09              1       1.88e-07  
    89         104      1.01684e-09              1       2.35e-07  
    90         105      9.81464e-10              1       2.73e-07  
    91         106      8.90931e-10              1       3.41e-07  
    92         107      7.14297e-10              1       3.18e-07  
    93         108      4.26389e-10              1       3.04e-07  
    94         109      1.81563e-10              1       1.39e-07  
    95         110      6.81862e-11              1       2.04e-07  
    96         111      1.92268e-11              1       4.66e-08  
    97         112      2.56851e-12              1       3.99e-08  
    98         113       1.2337e-13              1       5.16e-09  
    99         114      1.30462e-14              1       2.67e-09  
                                                        First-order 
 Iteration  Func-count       f(x)        Step-size       optimality
   100         115      1.75067e-16              1       4.92e-10  
   101         116      9.05979e-18              1       7.63e-11  

Optimization completed: The <a href = "matlab: helpview([docroot '/toolbox/optim/msg_csh/optim_msg_csh.map'],'first_order_opt_unc','CSHelpWindow');">first-order optimality measure</a>, 7.610066e-11, is less 
than <a href = "matlab: helpview([docroot '/toolbox/optim/msg_csh/optim_msg_csh.map'],'tolfun','CSHelpWindow');">options.TolFun</a> = 1.000000e-10.

Optimization Metric                                            Options
relative norm(gradient) =   7.61e-11                  TolFun =   1e-10 (selected)

                                                        First-order 
 Iteration  Func-count       f(x)        Step-size       optimality
     0           1         0.197339                        0.0293
     1           2         0.162373              1         0.0193  
     2           3         0.109294              1         0.0349  
     3           4        0.0795362              1         0.0212  
     4           5        0.0558993              1         0.0213  
     5           6          0.04337              1         0.0188  
     6           7        0.0334231              1         0.0112  
     7           8        0.0288658              1         0.0101  
     8           9        0.0247847              1         0.0076  
     9          10        0.0218721              1        0.00638  
    10          11        0.0187521              1        0.00744  
    11          12        0.0158338              1        0.00594  
    12          13        0.0132363              1        0.00497  
    13          14        0.0112115              1        0.00457  
    14          15       0.00959184              1        0.00614  
    15          16       0.00822907              1        0.00401  
    16          17       0.00705047              1        0.00317  
    17          18       0.00569161              1        0.00339  
    18          19       0.00491737              1        0.00349  
    19          20       0.00386969              1        0.00369  
                                                        First-order 
 Iteration  Func-count       f(x)        Step-size       optimality
    20          21       0.00311424              1        0.00281  
    21          22       0.00249296              1        0.00217  
    22          23        0.0020524              1        0.00146  
    23          24       0.00173214              1        0.00163  
    24          25       0.00149668              1        0.00126  
    25          26       0.00133817              1        0.00112  
    26          27       0.00121876              1       0.000835  
    27          28       0.00112471              1       0.000691  
    28          29       0.00104036              1       0.000721  
    29          30      0.000968684              1       0.000609  
    30          31      0.000905784              1       0.000734  
    31          32      0.000848524              1       0.000666  
    32          33      0.000789732              1       0.000603  
    33          34      0.000729276              1       0.000688  
    34          35      0.000665874              1       0.000718  
    35          36      0.000602064              1       0.000719  
    36          37      0.000539946              1       0.000575  
    37          38      0.000483138              1         0.0007  
    38          39       0.00043442              1       0.000711  
    39          40      0.000392529              1       0.000638  
                                                        First-order 
 Iteration  Func-count       f(x)        Step-size       optimality
    40          41       0.00035474              1        0.00069  
    41          42      0.000319268              1       0.000758  
    42          43      0.000288106              1       0.000527  
    43          44      0.000262977              1       0.000429  
    44          45      0.000244296              1       0.000391  
    45          46      0.000229409              1       0.000387  
    46          47       0.00021713              1       0.000352  
    47          48      0.000207181              1       0.000387  
    48          49      0.000199746              1       0.000247  
    49          50      0.000193442              1       0.000213  
    50          51      0.000187578              1       0.000222  
    51          52       0.00018215              1       0.000202  
    52          53      0.000177428              1       0.000176  
    53          54      0.000173062              1       0.000204  
    54          55      0.000168919              1        0.00021  
    55          56      0.000164645              1       0.000177  
    56          57      0.000160429              1       0.000163  
    57          58      0.000156584              1       0.000197  
    58          59      0.000153287              1       0.000194  
    59          60      0.000150306              1       0.000167  
                                                        First-order 
 Iteration  Func-count       f(x)        Step-size       optimality
    60          61      0.000147373              1       0.000141  
    61          62      0.000144351              1       0.000178  
    62          63      0.000141318              1       0.000155  
    63          64      0.000138384              1       0.000168  
    64          65      0.000135588              1        0.00015  
    65          66      0.000132876              1       0.000132  
    66          67      0.000130239              1       0.000115  
    67          68      0.000127754              1       0.000122  
    68          69      0.000125432              1       0.000125  
    69          70      0.000123205              1       0.000109  
    70          71      0.000120986              1       0.000112  
    71          72      0.000118818              1       0.000117  
    72          73      0.000116779              1        0.00011  
    73          74      0.000114938              1       0.000114  
    74          75      0.000113265              1       0.000115  
    75          76      0.000111748              1       9.65e-05  
    76          77      0.000110348              1        0.00011  
    77          78      0.000109054              1       0.000123  
    78          79      0.000107826              1       0.000118  
    79          80       0.00010668              1       9.17e-05  
                                                        First-order 
 Iteration  Func-count       f(x)        Step-size       optimality
    80          81      0.000105565              1        8.3e-05  
    81          82      0.000104487              1       7.82e-05  
    82          83      0.000103437              1       7.12e-05  
    83          84      0.000102506              1       6.81e-05  
    84          85      0.000101635              1       6.45e-05  
    85          86      0.000100836              1       6.51e-05  
    86          87      0.000100048              1       6.89e-05  
    87          88      9.92765e-05              1       7.45e-05  
    88          89      9.85234e-05              1       6.14e-05  
    89          90      9.78022e-05              1       7.05e-05  
    90          91      9.71003e-05              1        7.3e-05  
    91          92      9.64143e-05              1       6.21e-05  
    92          93       9.5754e-05              1       6.47e-05  
    93          94      9.51235e-05              1       5.87e-05  
    94          95      9.45137e-05              1       5.86e-05  
    95          96      9.39184e-05              1        6.8e-05  
    96          97      9.33564e-05              1       7.09e-05  
    97          98      9.28321e-05              1       5.69e-05  
    98          99      9.23303e-05              1       5.79e-05  
    99         100      9.18016e-05              1       5.68e-05  
                                                        First-order 
 Iteration  Func-count       f(x)        Step-size       optimality
   100         101       9.1221e-05              1       5.69e-05  
   101         102      9.05694e-05              1       6.06e-05  
   102         103      8.98821e-05              1       5.75e-05  
   103         104      8.91853e-05              1        5.9e-05  
   104         105      8.85472e-05              1        6.1e-05  
   105         106      8.79649e-05              1       5.56e-05  
   106         107      8.74263e-05              1        6.7e-05  
   107         108       8.6879e-05              1       5.44e-05  
   108         109      8.63256e-05              1       6.74e-05  
   109         110      8.57544e-05              1       5.96e-05  
   110         111      8.51751e-05              1       6.49e-05  
   111         112      8.45585e-05              1       6.57e-05  
   112         113      8.39323e-05              1       7.09e-05  
   113         114      8.32913e-05              1       7.91e-05  
   114         115      8.26778e-05              1       8.84e-05  
   115         116      8.20222e-05              1       8.82e-05  
   116         117      8.13323e-05              1       9.72e-05  
   117         118       8.0554e-05              1       8.82e-05  
   118         119      7.97415e-05              1       9.56e-05  
   119         120      7.88328e-05              1       9.12e-05  
                                                        First-order 
 Iteration  Func-count       f(x)        Step-size       optimality
   120         121      7.78511e-05              1        0.00011  
   121         122      7.66546e-05              1        0.00014  
   122         123      7.53275e-05              1       0.000154  
   123         124      7.35575e-05              1       0.000192  
   124         125       7.1671e-05              1       0.000165  
   125         126      6.92129e-05              1       0.000222  
   126         127      6.72841e-05              1       0.000248  
   127         128      6.46313e-05              1       0.000197  
   128         129      6.24983e-05              1        0.00018  
   129         130      5.96666e-05              1       0.000148  
   130         131      5.79408e-05              1       0.000107  
   131         132      5.60035e-05              1       0.000146  
   132         133      5.47029e-05              1       0.000109  
   133         134      5.32535e-05              1       0.000113  
   134         135      5.20438e-05              1       9.99e-05  
   135         136      5.08718e-05              1        8.8e-05  
   136         137      4.98766e-05              1       8.53e-05  
   137         138      4.88854e-05              1       8.16e-05  
   138         139      4.80218e-05              1        8.1e-05  
   139         140      4.72547e-05              1       7.34e-05  
                                                        First-order 
 Iteration  Func-count       f(x)        Step-size       optimality
   140         141      4.65839e-05              1       7.14e-05  
   141         142      4.59604e-05              1       6.74e-05  
   142         143      4.53778e-05              1       7.31e-05  
   143         144      4.48211e-05              1        5.9e-05  
   144         145      4.42874e-05              1       5.25e-05  
   145         146      4.37965e-05              1       4.81e-05  
   146         147      4.33699e-05              1        4.5e-05  
   147         148      4.30007e-05              1       4.18e-05  
   148         149       4.2655e-05              1       4.73e-05  
   149         150      4.23304e-05              1       3.98e-05  
   150         151      4.20464e-05              1       4.21e-05  
   151         152      4.18143e-05              1       3.89e-05  
   152         153      4.16092e-05              1       3.68e-05  
   153         154      4.14062e-05              1       4.06e-05  
   154         155      4.11975e-05              1       4.33e-05  
   155         156      4.09927e-05              1       4.35e-05  
   156         157      4.08002e-05              1       4.19e-05  
   157         158        4.062e-05              1          4e-05  
   158         159      4.04491e-05              1        3.8e-05  
   159         160      4.02901e-05              1        3.7e-05  
                                                        First-order 
 Iteration  Func-count       f(x)        Step-size       optimality
   160         161      4.01494e-05              1       3.52e-05  
   161         162      4.00286e-05              1       3.31e-05  
   162         163       3.9923e-05              1       2.85e-05  
   163         164      3.98259e-05              1       2.99e-05  
   164         165      3.97337e-05              1       2.55e-05  
   165         166      3.96467e-05              1       2.22e-05  
   166         167      3.95661e-05              1       2.17e-05  
   167         168      3.94914e-05              1       2.29e-05  
   168         169      3.94204e-05              1       2.12e-05  
   169         170      3.93523e-05              1        1.9e-05  
   170         171      3.92893e-05              1        1.9e-05  
   171         172       3.9234e-05              1       1.62e-05  
   172         173      3.91853e-05              1       1.44e-05  
   173         174      3.91388e-05              1       1.66e-05  
   174         175      3.90898e-05              1       1.58e-05  
   175         176      3.90364e-05              1       2.06e-05  
   176         177      3.89806e-05              1       2.11e-05  
   177         178      3.89255e-05              1       1.73e-05  
   178         179      3.88727e-05              1       1.75e-05  
   179         180      3.88216e-05              1        1.7e-05  
                                                        First-order 
 Iteration  Func-count       f(x)        Step-size       optimality
   180         181      3.87726e-05              1       1.76e-05  
   181         182      3.87269e-05              1       1.51e-05  
   182         183      3.86856e-05              1       1.78e-05  
   183         184      3.86485e-05              1        1.7e-05  
   184         185      3.86148e-05              1       1.39e-05  
   185         186      3.85836e-05              1        1.3e-05  
   186         187      3.85543e-05              1       1.32e-05  
   187         188      3.85263e-05              1       1.36e-05  
   188         189       3.8499e-05              1       1.34e-05  
   189         190      3.84722e-05              1       1.34e-05  
   190         191      3.84458e-05              1       1.43e-05  
   191         192       3.8419e-05              1       1.48e-05  
   192         193      3.83917e-05              1       1.26e-05  
   193         194      3.83643e-05              1       1.25e-05  
   194         195      3.83376e-05              1       1.22e-05  
   195         196      3.83118e-05              1        1.2e-05  
   196         197      3.82869e-05              1       1.23e-05  
   197         198      3.82628e-05              1       1.22e-05  
   198         199      3.82393e-05              1       1.38e-05  
   199         200      3.82158e-05              1       1.46e-05  
                                                        First-order 
 Iteration  Func-count       f(x)        Step-size       optimality
   200         201      3.81918e-05              1       1.09e-05  
   201         202      3.81679e-05              1       1.13e-05  
   202         203      3.81452e-05              1       1.01e-05  
   203         204      3.81245e-05              1       9.73e-06  
   204         205      3.81054e-05              1       9.86e-06  
   205         206      3.80875e-05              1       9.34e-06  
   206         207      3.80705e-05              1       1.08e-05  
   207         208      3.80544e-05              1       9.41e-06  
   208         209      3.80386e-05              1       1.01e-05  
   209         210      3.80222e-05              1       1.04e-05  
   210         211      3.80046e-05              1       9.52e-06  
   211         212      3.79863e-05              1       1.01e-05  
   212         213      3.79679e-05              1       9.45e-06  
   213         214      3.79495e-05              1       1.01e-05  
   214         215      3.79309e-05              1       1.01e-05  
   215         216      3.79121e-05              1        1.2e-05  
   216         217      3.78936e-05              1       1.19e-05  
   217         218      3.78756e-05              1       1.09e-05  
   218         219      3.78572e-05              1       9.89e-06  
   219         220      3.78374e-05              1       1.05e-05  
                                                        First-order 
 Iteration  Func-count       f(x)        Step-size       optimality
   220         221      3.78157e-05              1       1.28e-05  
   221         222      3.77927e-05              1       1.11e-05  
   222         223      3.77685e-05              1       1.19e-05  
   223         224      3.77428e-05              1       1.29e-05  
   224         225      3.77156e-05              1       1.37e-05  
   225         226      3.76878e-05              1       1.42e-05  
   226         227        3.766e-05              1       1.31e-05  
   227         228      3.76316e-05              1       1.38e-05  
   228         229      3.76014e-05              1       1.48e-05  
   229         230      3.75701e-05              1       1.51e-05  
   230         231      3.75403e-05              1       1.37e-05  
   231         232      3.75144e-05              1       1.19e-05  
   232         233      3.74911e-05              1       1.15e-05  
   233         234      3.74684e-05              1       1.14e-05  
   234         235      3.74447e-05              1        1.3e-05  
   235         236      3.74209e-05              1       1.43e-05  
   236         237      3.73981e-05              1       1.32e-05  
   237         238      3.73777e-05              1       1.13e-05  
   238         239      3.73593e-05              1       1.05e-05  
   239         240      3.73433e-05              1       1.05e-05  
                                                        First-order 
 Iteration  Func-count       f(x)        Step-size       optimality
   240         241      3.73278e-05              1       1.08e-05  
   241         242      3.73125e-05              1       1.11e-05  
   242         243      3.72975e-05              1       9.59e-06  
   243         244      3.72839e-05              1       8.65e-06  
   244         245      3.72716e-05              1       9.26e-06  
   245         246      3.72599e-05              1       8.78e-06  
   246         247      3.72476e-05              1       8.47e-06  
   247         248      3.72348e-05              1       8.45e-06  
   248         249      3.72221e-05              1       8.05e-06  
   249         250        3.721e-05              1       1.08e-05  
   250         251      3.71984e-05              1       8.98e-06  
   251         252      3.71868e-05              1       8.46e-06  
   252         253      3.71749e-05              1       7.95e-06  
   253         254      3.71628e-05              1       9.33e-06  
   254         255      3.71504e-05              1          1e-05  
   255         256      3.71375e-05              1       8.94e-06  
   256         257       3.7124e-05              1       1.12e-05  
   257         258      3.71095e-05              1       1.03e-05  
   258         259      3.70933e-05              1       1.21e-05  
   259         260      3.70752e-05              1       1.13e-05  
                                                        First-order 
 Iteration  Func-count       f(x)        Step-size       optimality
   260         261      3.70553e-05              1       1.19e-05  
   261         262      3.70347e-05              1       1.33e-05  
   262         263      3.70132e-05              1       1.31e-05  
   263         264      3.69901e-05              1       1.29e-05  
   264         265      3.69637e-05              1        1.4e-05  
   265         266      3.69335e-05              1       1.33e-05  
   266         267      3.68984e-05              1       1.66e-05  
   267         268      3.68579e-05              1       1.88e-05  
   268         269      3.68096e-05              1       1.71e-05  
   269         270      3.67535e-05              1       2.01e-05  
   270         271      3.66886e-05              1       2.04e-05  
   271         272      3.66203e-05              1        2.1e-05  
   272         273      3.65491e-05              1       2.34e-05  
   273         274      3.64849e-05              1       2.23e-05  
   274         275       3.6416e-05              1       1.92e-05  
   275         276      3.63525e-05              1       2.08e-05  
   276         277       3.6289e-05              1       2.04e-05  
   277         278      3.62316e-05              1       2.09e-05  
   278         279      3.61686e-05              1       1.97e-05  
   279         280      3.61113e-05              1       1.88e-05  
                                                        First-order 
 Iteration  Func-count       f(x)        Step-size       optimality
   280         281      3.60546e-05              1       2.18e-05  
   281         282      3.60023e-05              1       2.21e-05  
   282         283      3.59454e-05              1       1.95e-05  
   283         284      3.58871e-05              1       1.72e-05  
   284         285      3.58293e-05              1       1.75e-05  
   285         286      3.57809e-05              1       1.92e-05  
   286         287      3.57341e-05              1       1.99e-05  
   287         288      3.56913e-05              1       1.68e-05  
   288         289      3.56513e-05              1       1.75e-05  
   289         290      3.56172e-05              1       1.44e-05  
   290         291      3.55876e-05              1       1.42e-05  
   291         292      3.55611e-05              1       1.43e-05  
   292         293       3.5535e-05              1       1.21e-05  
   293         294      3.55085e-05              1       1.32e-05  
   294         295      3.54814e-05              1       1.41e-05  
   295         296      3.54545e-05              1       1.95e-05  
   296         297      3.54287e-05              1        1.7e-05  
   297         298      3.54031e-05              1       1.93e-05  
   298         299      3.53771e-05              1       2.01e-05  
   299         300       3.5352e-05              1       1.94e-05  
                                                        First-order 
 Iteration  Func-count       f(x)        Step-size       optimality
   300         301      3.53301e-05              1       1.76e-05  
   301         302      3.53073e-05              1       1.55e-05  
   302         303      3.52855e-05              1       1.37e-05  
   303         304      3.52629e-05              1       1.32e-05  
   304         305      3.52393e-05              1       1.25e-05  
   305         306      3.52142e-05              1       1.28e-05  
   306         307      3.51883e-05              1       1.28e-05  
   307         308      3.51615e-05              1        1.5e-05  
   308         309      3.51336e-05              1       1.69e-05  
   309         310      3.51048e-05              1       1.26e-05  
   310         311      3.50768e-05              1        1.4e-05  
   311         312      3.50513e-05              1       1.32e-05  
   312         313      3.50278e-05              1       1.15e-05  
   313         314      3.50049e-05              1       1.38e-05  
   314         315      3.49811e-05              1        1.3e-05  
   315         316      3.49559e-05              1       1.19e-05  
   316         317      3.49302e-05              1       1.39e-05  
   317         318      3.49049e-05              1       1.45e-05  
   318         319      3.48806e-05              1       1.12e-05  
   319         320      3.48577e-05              1       1.16e-05  
                                                        First-order 
 Iteration  Func-count       f(x)        Step-size       optimality
   320         321      3.48367e-05              1       1.08e-05  
   321         322      3.48184e-05              1       1.08e-05  
   322         323      3.48031e-05              1       1.13e-05  
   323         324      3.47895e-05              1       1.08e-05  
   324         325      3.47764e-05              1       1.04e-05  
   325         326      3.47634e-05              1       8.86e-06  
   326         327      3.47513e-05              1        7.6e-06  
   327         328      3.47402e-05              1       8.34e-06  
   328         329      3.47299e-05              1       6.63e-06  
   329         330      3.47203e-05              1       6.56e-06  
   330         331      3.47114e-05              1       7.48e-06  
   331         332      3.47031e-05              1        7.1e-06  
   332         333      3.46951e-05              1       7.28e-06  
   333         334      3.46872e-05              1       6.84e-06  
   334         335      3.46796e-05              1       6.66e-06  
   335         336      3.46723e-05              1       6.39e-06  
   336         337      3.46652e-05              1       6.96e-06  
   337         338      3.46581e-05              1       7.02e-06  
   338         339      3.46514e-05              1       6.64e-06  
   339         340      3.46455e-05              1       6.58e-06  
                                                        First-order 
 Iteration  Func-count       f(x)        Step-size       optimality
   340         341      3.46403e-05              1       6.23e-06  
   341         342      3.46355e-05              1       6.32e-06  
   342         343      3.46308e-05              1       5.08e-06  
   343         344      3.46259e-05              1       5.43e-06  
   344         345      3.46209e-05              1       5.32e-06  
   345         346       3.4616e-05              1       5.95e-06  
   346         347      3.46111e-05              1       5.13e-06  
   347         348      3.46061e-05              1       5.26e-06  
   348         349      3.46012e-05              1       6.03e-06  
   349         350      3.45961e-05              1       6.97e-06  
   350         351      3.45911e-05              1       5.94e-06  
   351         352      3.45861e-05              1       5.38e-06  
   352         353       3.4581e-05              1       5.57e-06  
   353         354       3.4576e-05              1       5.48e-06  
   354         355      3.45709e-05              1       6.06e-06  
   355         356      3.45661e-05              1       5.62e-06  
   356         357      3.45617e-05              1       5.43e-06  
   357         358      3.45574e-05              1       5.21e-06  
   358         359      3.45531e-05              1       4.92e-06  
   359         360      3.45485e-05              1       4.56e-06  
                                                        First-order 
 Iteration  Func-count       f(x)        Step-size       optimality
   360         361      3.45439e-05              1       4.75e-06  
   361         362      3.45394e-05              1       5.47e-06  
   362         363      3.45349e-05              1       6.24e-06  
   363         364      3.45302e-05              1       5.58e-06  
   364         365      3.45252e-05              1       5.69e-06  
   365         366      3.45199e-05              1       6.39e-06  
   366         367      3.45144e-05              1          6e-06  
   367         368      3.45089e-05              1       6.07e-06  
   368         369      3.45037e-05              1        5.8e-06  
   369         370       3.4499e-05              1       5.18e-06  
   370         371      3.44947e-05              1       5.16e-06  
   371         372      3.44908e-05              1       4.94e-06  
   372         373      3.44872e-05              1       4.66e-06  
   373         374      3.44839e-05              1       4.25e-06  
   374         375      3.44806e-05              1       4.37e-06  
   375         376      3.44774e-05              1       4.75e-06  
   376         377      3.44745e-05              1       5.04e-06  
   377         378      3.44718e-05              1       4.21e-06  
   378         379      3.44694e-05              1       3.54e-06  
   379         380      3.44672e-05              1       4.21e-06  
                                                        First-order 
 Iteration  Func-count       f(x)        Step-size       optimality
   380         381      3.44651e-05              1       4.18e-06  
   381         382      3.44631e-05              1       3.96e-06  
   382         383      3.44612e-05              1        3.2e-06  
   383         384      3.44593e-05              1       3.39e-06  
   384         385      3.44574e-05              1        3.4e-06  
   385         386      3.44553e-05              1       3.07e-06  
   386         387      3.44532e-05              1       2.98e-06  
   387         388      3.44513e-05              1       3.16e-06  
   388         389      3.44494e-05              1       3.47e-06  
   389         390      3.44475e-05              1       3.56e-06  
   390         391      3.44457e-05              1       3.38e-06  
   391         392       3.4444e-05              1       3.14e-06  
   392         393      3.44422e-05              1        3.7e-06  
   393         394      3.44405e-05              1       3.79e-06  
   394         395      3.44386e-05              1       2.91e-06  
   395         396      3.44365e-05              1       3.37e-06  
   396         397      3.44343e-05              1       3.41e-06  
   397         398       3.4432e-05              1        3.9e-06  
   398         399      3.44297e-05              1       3.95e-06  
   399         400      3.44273e-05              1       3.65e-06  
                                                        First-order 
 Iteration  Func-count       f(x)        Step-size       optimality
   400         401      3.44251e-05              1       3.48e-06  
   401         402      3.44229e-05              1       3.44e-06  
   402         403       3.4421e-05              1        3.3e-06  
   403         404      3.44193e-05              1       3.08e-06  
   404         405      3.44175e-05              1       3.32e-06  
   405         406      3.44158e-05              1       3.28e-06  
   406         407      3.44141e-05              1       3.02e-06  
   407         408      3.44125e-05              1       2.89e-06  
   408         409      3.44108e-05              1       2.75e-06  
   409         410      3.44091e-05              1       3.15e-06  
   410         411      3.44075e-05              1       3.43e-06  
   411         412      3.44058e-05              1       3.24e-06  
   412         413      3.44041e-05              1       3.07e-06  
   413         414      3.44025e-05              1       3.07e-06  
   414         415      3.44008e-05              1       3.08e-06  
   415         416      3.43993e-05              1       2.88e-06  
   416         417      3.43978e-05              1       2.99e-06  
   417         418      3.43963e-05              1          3e-06  
   418         419      3.43947e-05              1       2.83e-06  
   419         420      3.43932e-05              1       2.72e-06  
                                                        First-order 
 Iteration  Func-count       f(x)        Step-size       optimality
   420         421      3.43916e-05              1       2.83e-06  
   421         422      3.43901e-05              1       2.43e-06  
   422         423      3.43884e-05              1       2.84e-06  
   423         424      3.43866e-05              1        3.1e-06  
   424         425      3.43847e-05              1       3.22e-06  
   425         426      3.43828e-05              1       3.34e-06  
   426         427      3.43809e-05              1        2.9e-06  
   427         428      3.43791e-05              1       3.27e-06  
   428         429      3.43773e-05              1       3.28e-06  
   429         430      3.43757e-05              1       3.04e-06  
   430         431      3.43741e-05              1       2.75e-06  
   431         432      3.43724e-05              1       3.06e-06  
   432         433      3.43708e-05              1       3.52e-06  
   433         434      3.43691e-05              1        3.7e-06  
   434         435      3.43675e-05              1       3.65e-06  
   435         436      3.43658e-05              1       3.42e-06  
   436         437      3.43642e-05              1       3.63e-06  
   437         438      3.43625e-05              1       3.35e-06  
   438         439      3.43607e-05              1       3.21e-06  
   439         440      3.43591e-05              1        3.4e-06  
                                                        First-order 
 Iteration  Func-count       f(x)        Step-size       optimality
   440         441      3.43575e-05              1       3.68e-06  
   441         442       3.4356e-05              1       3.84e-06  
   442         443      3.43545e-05              1       3.83e-06  
   443         444      3.43531e-05              1       3.61e-06  
   444         445      3.43515e-05              1       3.25e-06  
   445         446        3.435e-05              1        2.9e-06  
   446         447      3.43485e-05              1        3.2e-06  
   447         448      3.43472e-05              1       2.85e-06  
   448         449       3.4346e-05              1        2.3e-06  
   449         450       3.4345e-05              1       2.45e-06  
   450         451      3.43439e-05              1       2.57e-06  
   451         452      3.43427e-05              1       2.58e-06  
   452         453      3.43415e-05              1        2.5e-06  
   453         454      3.43405e-05              1       2.15e-06  
   454         455      3.43395e-05              1       2.16e-06  
   455         456      3.43387e-05              1       1.87e-06  
   456         457      3.43379e-05              1       2.08e-06  
   457         458      3.43372e-05              1       1.91e-06  
   458         459      3.43364e-05              1       2.05e-06  
   459         460      3.43357e-05              1       2.11e-06  
                                                        First-order 
 Iteration  Func-count       f(x)        Step-size       optimality
   460         461      3.43349e-05              1       2.01e-06  
   461         462      3.43342e-05              1       1.83e-06  
   462         463      3.43335e-05              1       1.92e-06  
   463         464      3.43329e-05              1       1.94e-06  
   464         465      3.43322e-05              1       1.82e-06  
   465         466      3.43316e-05              1       2.19e-06  
   466         467       3.4331e-05              1       1.96e-06  
   467         468      3.43304e-05              1       2.27e-06  
   468         469      3.43298e-05              1       2.18e-06  
   469         470      3.43292e-05              1       1.74e-06  
   470         471      3.43286e-05              1       1.89e-06  
   471         472       3.4328e-05              1       2.14e-06  
   472         473      3.43274e-05              1       1.94e-06  
   473         474      3.43269e-05              1       1.53e-06  
   474         475      3.43264e-05              1       1.43e-06  
   475         476       3.4326e-05              1       1.45e-06  
   476         477      3.43256e-05              1       1.72e-06  
   477         478      3.43251e-05              1       1.83e-06  
   478         479      3.43245e-05              1       2.09e-06  
   479         480       3.4324e-05              1       1.61e-06  
                                                        First-order 
 Iteration  Func-count       f(x)        Step-size       optimality
   480         481      3.43235e-05              1       1.52e-06  
   481         482      3.43231e-05              1       1.48e-06  
   482         483      3.43227e-05              1       1.66e-06  
   483         484      3.43223e-05              1       1.59e-06  
   484         485      3.43219e-05              1        1.6e-06  
   485         486      3.43216e-05              1       1.61e-06  
   486         487      3.43212e-05              1       1.53e-06  
   487         488      3.43208e-05              1       1.39e-06  
   488         489      3.43204e-05              1       1.51e-06  
   489         490      3.43199e-05              1       1.48e-06  
   490         491      3.43195e-05              1       1.59e-06  
   491         492      3.43191e-05              1       1.65e-06  
   492         493      3.43187e-05              1       1.65e-06  
   493         494      3.43183e-05              1       1.62e-06  
   494         495       3.4318e-05              1       1.49e-06  
   495         496      3.43177e-05              1       1.36e-06  
   496         497      3.43174e-05              1       1.24e-06  
   497         498       3.4317e-05              1       1.51e-06  
   498         499      3.43166e-05              1       1.53e-06  
   499         500      3.43163e-05              1       1.43e-06  
                                                        First-order 
 Iteration  Func-count       f(x)        Step-size       optimality
   500         501      3.43159e-05              1       1.52e-06  
   501         502      3.43155e-05              1       1.47e-06  
   502         503      3.43152e-05              1       1.44e-06  
   503         504      3.43149e-05              1        1.4e-06  
   504         505      3.43146e-05              1       1.24e-06  
   505         506      3.43143e-05              1       1.27e-06  
   506         507       3.4314e-05              1       1.32e-06  
   507         508      3.43137e-05              1       1.34e-06  
   508         509      3.43134e-05              1       1.33e-06  
   509         510      3.43131e-05              1       1.26e-06  
   510         511      3.43128e-05              1       1.18e-06  
   511         512      3.43125e-05              1       1.51e-06  
   512         513      3.43121e-05              1       1.75e-06  
   513         514      3.43118e-05              1       1.84e-06  
   514         515      3.43115e-05              1       1.67e-06  
   515         516      3.43112e-05              1        1.4e-06  
   516         517      3.43109e-05              1       1.39e-06  
   517         518      3.43106e-05              1       1.22e-06  
   518         519      3.43104e-05              1       1.27e-06  
   519         520      3.43101e-05              1       1.13e-06  
                                                        First-order 
 Iteration  Func-count       f(x)        Step-size       optimality
   520         521      3.43099e-05              1       1.12e-06  
   521         522      3.43097e-05              1       1.08e-06  
   522         523      3.43095e-05              1       1.08e-06  
   523         524      3.43093e-05              1       1.14e-06  
   524         525      3.43091e-05              1       1.25e-06  
   525         526      3.43089e-05              1       1.28e-06  
   526         527      3.43087e-05              1       1.14e-06  
   527         528      3.43085e-05              1       1.14e-06  
   528         529      3.43082e-05              1       1.15e-06  
   529         530       3.4308e-05              1       1.18e-06  
   530         531      3.43078e-05              1       1.14e-06  
   531         532      3.43076e-05              1       1.11e-06  
   532         533      3.43074e-05              1       9.69e-07  
   533         534      3.43072e-05              1       9.51e-07  
   534         535       3.4307e-05              1       1.11e-06  
   535         536      3.43069e-05              1       1.07e-06  
   536         537      3.43067e-05              1       1.28e-06  
   537         538      3.43065e-05              1       1.26e-06  
   538         539      3.43063e-05              1       1.16e-06  
   539         540      3.43061e-05              1       9.99e-07  
                                                        First-order 
 Iteration  Func-count       f(x)        Step-size       optimality
   540         541      3.43059e-05              1       9.48e-07  
   541         542      3.43058e-05              1       9.08e-07  
   542         543      3.43056e-05              1        9.5e-07  
   543         544      3.43055e-05              1       1.09e-06  
   544         545      3.43053e-05              1       9.13e-07  
   545         546      3.43052e-05              1       9.31e-07  
   546         547       3.4305e-05              1       9.13e-07  
   547         548      3.43049e-05              1       8.87e-07  
   548         549      3.43047e-05              1       8.16e-07  
   549         550      3.43046e-05              1       8.42e-07  
   550         551      3.43044e-05              1       9.59e-07  
   551         552      3.43043e-05              1       9.51e-07  
   552         553      3.43041e-05              1       8.85e-07  
   553         554       3.4304e-05              1        8.3e-07  
   554         555      3.43038e-05              1       7.88e-07  
   555         556      3.43037e-05              1       8.13e-07  
   556         557      3.43036e-05              1       8.88e-07  
   557         558      3.43035e-05              1       8.99e-07  
   558         559      3.43033e-05              1       8.11e-07  
   559         560      3.43032e-05              1       8.12e-07  
                                                        First-order 
 Iteration  Func-count       f(x)        Step-size       optimality
   560         561      3.43031e-05              1       7.82e-07  
   561         562      3.43029e-05              1          1e-06  
   562         563      3.43028e-05              1       9.88e-07  
   563         564      3.43027e-05              1       8.18e-07  
   564         565      3.43025e-05              1       9.07e-07  
   565         566      3.43024e-05              1       7.74e-07  
   566         567      3.43023e-05              1       7.61e-07  
   567         568      3.43022e-05              1       9.11e-07  
   568         569      3.43021e-05              1       8.37e-07  
   569         570       3.4302e-05              1       7.47e-07  
   570         571      3.43019e-05              1       7.05e-07  
   571         572      3.43018e-05              1       7.24e-07  
   572         573      3.43017e-05              1          7e-07  
   573         574      3.43016e-05              1        6.6e-07  
   574         575      3.43015e-05              1       7.03e-07  
   575         576      3.43014e-05              1       6.92e-07  
   576         577      3.43014e-05              1       5.99e-07  
   577         578      3.43013e-05              1       5.78e-07  
   578         579      3.43012e-05              1       6.13e-07  
   579         580      3.43012e-05              1       5.27e-07  
                                                        First-order 
 Iteration  Func-count       f(x)        Step-size       optimality
   580         581      3.43011e-05              1       5.95e-07  
   581         582      3.43011e-05              1       6.82e-07  
   582         583       3.4301e-05              1       6.96e-07  
   583         584      3.43009e-05              1       8.05e-07  
   584         585      3.43008e-05              1       7.58e-07  
   585         586      3.43008e-05              1       6.28e-07  
   586         587      3.43007e-05              1       5.49e-07  
   587         588      3.43006e-05              1       5.47e-07  
   588         589      3.43006e-05              1       5.75e-07  
   589         590      3.43005e-05              1        5.8e-07  
   590         591      3.43005e-05              1       6.01e-07  
   591         592      3.43004e-05              1       5.27e-07  
   592         593      3.43004e-05              1       5.59e-07  
   593         594      3.43003e-05              1       5.75e-07  
   594         595      3.43003e-05              1       5.79e-07  
   595         596      3.43002e-05              1       5.42e-07  
   596         597      3.43002e-05              1       5.31e-07  
   597         598      3.43001e-05              1       5.72e-07  
   598         599      3.43001e-05              1       5.21e-07  
   599         600         3.43e-05              1       5.29e-07  
                                                        First-order 
 Iteration  Func-count       f(x)        Step-size       optimality
   600         601         3.43e-05              1       5.02e-07  
   601         602      3.42999e-05              1       5.64e-07  
   602         603      3.42999e-05              1       6.62e-07  
   603         604      3.42998e-05              1       6.15e-07  
   604         605      3.42998e-05              1       5.61e-07  
   605         606      3.42997e-05              1       5.62e-07  
   606         607      3.42997e-05              1       6.04e-07  
   607         608      3.42996e-05              1       5.37e-07  
   608         609      3.42996e-05              1       5.66e-07  
   609         610      3.42995e-05              1       5.85e-07  
   610         611      3.42995e-05              1       5.34e-07  
   611         612      3.42994e-05              1       5.68e-07  
   612         613      3.42994e-05              1       7.52e-07  
   613         614      3.42993e-05              1        6.9e-07  
   614         615      3.42992e-05              1       5.74e-07  
   615         616      3.42992e-05              1          6e-07  
   616         617      3.42991e-05              1        5.8e-07  
   617         618       3.4299e-05              1       6.09e-07  
   618         619       3.4299e-05              1       5.76e-07  
   619         620      3.42989e-05              1       5.91e-07  
                                                        First-order 
 Iteration  Func-count       f(x)        Step-size       optimality
   620         621      3.42989e-05              1       6.71e-07  
   621         622      3.42988e-05              1       6.75e-07  
   622         623      3.42987e-05              1       5.96e-07  
   623         624      3.42987e-05              1       5.28e-07  
   624         625      3.42986e-05              1       5.37e-07  
   625         626      3.42986e-05              1       5.34e-07  
   626         627      3.42985e-05              1       5.92e-07  
   627         628      3.42984e-05              1       6.12e-07  
   628         629      3.42984e-05              1       6.18e-07  
   629         630      3.42983e-05              1       7.21e-07  
   630         631      3.42983e-05              1       6.22e-07  
   631         632      3.42982e-05              1       6.33e-07  
   632         633      3.42981e-05              1        8.3e-07  
   633         634      3.42981e-05              1       9.42e-07  
   634         635       3.4298e-05              1       8.03e-07  
   635         636      3.42979e-05              1       6.63e-07  
   636         637      3.42978e-05              1       6.56e-07  
   637         638      3.42978e-05              1       6.07e-07  
   638         639      3.42977e-05              1       6.23e-07  
   639         640      3.42976e-05              1       5.24e-07  
                                                        First-order 
 Iteration  Func-count       f(x)        Step-size       optimality
   640         641      3.42976e-05              1       5.11e-07  
   641         642      3.42975e-05              1       5.26e-07  
   642         643      3.42975e-05              1       5.92e-07  
   643         644      3.42974e-05              1       6.33e-07  
   644         645      3.42974e-05              1       5.24e-07  
   645         646      3.42973e-05              1        6.1e-07  
   646         647      3.42973e-05              1       5.38e-07  
   647         648      3.42972e-05              1       5.65e-07  
   648         649      3.42972e-05              1       5.41e-07  
   649         650      3.42971e-05              1       4.94e-07  
   650         651      3.42971e-05              1       5.54e-07  
   651         652       3.4297e-05              1       5.79e-07  
   652         653       3.4297e-05              1       5.87e-07  
   653         654      3.42969e-05              1       6.74e-07  
   654         655      3.42968e-05              1        6.3e-07  
   655         656      3.42967e-05              1       5.86e-07  
   656         657      3.42967e-05              1          6e-07  
   657         658      3.42966e-05              1       6.41e-07  
   658         659      3.42965e-05              1       6.64e-07  
   659         660      3.42965e-05              1       5.98e-07  
                                                        First-order 
 Iteration  Func-count       f(x)        Step-size       optimality
   660         661      3.42964e-05              1       5.51e-07  
   661         662      3.42963e-05              1       5.53e-07  
   662         663      3.42963e-05              1       5.55e-07  
   663         664      3.42962e-05              1       5.61e-07  
   664         665      3.42962e-05              1        4.8e-07  
   665         666      3.42961e-05              1       4.59e-07  
   666         667      3.42961e-05              1       5.12e-07  
   667         668       3.4296e-05              1       5.36e-07  
   668         669       3.4296e-05              1       5.26e-07  
   669         670      3.42959e-05              1       5.94e-07  
   670         671      3.42959e-05              1       5.16e-07  
   671         672      3.42958e-05              1       5.23e-07  
   672         673      3.42958e-05              1       4.86e-07  
   673         674      3.42957e-05              1       4.77e-07  
   674         675      3.42957e-05              1       5.48e-07  
   675         676      3.42956e-05              1       6.23e-07  
   676         677      3.42956e-05              1       5.22e-07  
   677         678      3.42955e-05              1       4.78e-07  
   678         679      3.42955e-05              1       4.83e-07  
   679         680      3.42954e-05              1       5.52e-07  
                                                        First-order 
 Iteration  Func-count       f(x)        Step-size       optimality
   680         681      3.42954e-05              1       6.04e-07  
   681         682      3.42953e-05              1       4.85e-07  
   682         683      3.42953e-05              1       4.43e-07  
   683         684      3.42952e-05              1       4.83e-07  
   684         685      3.42952e-05              1       4.79e-07  
   685         686      3.42952e-05              1       5.04e-07  
   686         687      3.42951e-05              1       5.66e-07  
   687         688      3.42951e-05              1       6.32e-07  
   688         689       3.4295e-05              1       5.55e-07  
   689         690       3.4295e-05              1       5.15e-07  
   690         691      3.42949e-05              1        5.1e-07  
   691         692      3.42949e-05              1       5.65e-07  
   692         693      3.42948e-05              1       5.63e-07  
   693         694      3.42948e-05              1       5.93e-07  
   694         695      3.42947e-05              1       5.62e-07  
   695         696      3.42946e-05              1       6.21e-07  
   696         697      3.42946e-05              1       5.58e-07  
   697         698      3.42945e-05              1       5.34e-07  
   698         699      3.42945e-05              1       5.71e-07  
   699         700      3.42944e-05              1       6.57e-07  
                                                        First-order 
 Iteration  Func-count       f(x)        Step-size       optimality
   700         701      3.42944e-05              1       5.78e-07  
   701         702      3.42943e-05              1       4.53e-07  
   702         703      3.42943e-05              1       4.99e-07  
   703         704      3.42942e-05              1       5.74e-07  
   704         705      3.42942e-05              1       5.21e-07  
   705         706      3.42942e-05              1        4.6e-07  
   706         707      3.42941e-05              1       5.04e-07  
   707         708      3.42941e-05              1       5.51e-07  
   708         709       3.4294e-05              1       4.87e-07  
   709         710       3.4294e-05              1       4.73e-07  
   710         711      3.42939e-05              1       5.14e-07  
   711         712      3.42939e-05              1       5.61e-07  
   712         713      3.42938e-05              1       5.08e-07  
   713         714      3.42938e-05              1       5.26e-07  
   714         715      3.42937e-05              1       4.71e-07  
   715         716      3.42937e-05              1       4.58e-07  
   716         717      3.42936e-05              1       4.71e-07  
   717         718      3.42936e-05              1       4.88e-07  
   718         719      3.42936e-05              1       5.07e-07  
   719         720      3.42935e-05              1       5.03e-07  
                                                        First-order 
 Iteration  Func-count       f(x)        Step-size       optimality
   720         721      3.42935e-05              1       4.88e-07  
   721         722      3.42934e-05              1       5.13e-07  
   722         723      3.42934e-05              1       5.13e-07  
   723         724      3.42933e-05              1       5.56e-07  
   724         725      3.42933e-05              1       5.18e-07  
   725         726      3.42932e-05              1       5.37e-07  
   726         727      3.42931e-05              1        5.5e-07  
   727         728      3.42931e-05              1       5.28e-07  
   728         729       3.4293e-05              1       4.85e-07  
   729         730       3.4293e-05              1       5.33e-07  
   730         731      3.42929e-05              1       5.61e-07  
   731         732      3.42929e-05              1       5.09e-07  
   732         733      3.42928e-05              1       4.71e-07  
   733         734      3.42928e-05              1       5.45e-07  
   734         735      3.42927e-05              1       5.41e-07  
   735         736      3.42927e-05              1       5.11e-07  
   736         737      3.42926e-05              1       4.79e-07  
   737         738      3.42926e-05              1       4.52e-07  
   738         739      3.42925e-05              1       5.11e-07  
   739         740      3.42925e-05              1       4.83e-07  
                                                        First-order 
 Iteration  Func-count       f(x)        Step-size       optimality
   740         741      3.42925e-05              1       4.85e-07  
   741         742      3.42924e-05              1       4.49e-07  
   742         743      3.42924e-05              1       4.52e-07  
   743         744      3.42924e-05              1       5.57e-07  
   744         745      3.42923e-05              1       5.64e-07  
   745         746      3.42923e-05              1       5.09e-07  
   746         747      3.42922e-05              1       5.13e-07  
   747         748      3.42922e-05              1       4.72e-07  
   748         749      3.42922e-05              1       5.15e-07  
   749         750      3.42921e-05              1       5.04e-07  
   750         751      3.42921e-05              1       5.07e-07  
   751         752       3.4292e-05              1       4.84e-07  
   752         753       3.4292e-05              1       4.99e-07  
   753         754       3.4292e-05              1       4.07e-07  
   754         755      3.42919e-05              1       4.52e-07  
   755         756      3.42919e-05              1       5.23e-07  
   756         757      3.42919e-05              1       5.23e-07  
   757         758      3.42918e-05              1       5.18e-07  
   758         759      3.42918e-05              1       4.87e-07  
   759         760      3.42918e-05              1       4.44e-07  
                                                        First-order 
 Iteration  Func-count       f(x)        Step-size       optimality
   760         761      3.42917e-05              1        4.3e-07  
   761         762      3.42917e-05              1       4.86e-07  
   762         763      3.42917e-05              1       4.83e-07  
   763         764      3.42916e-05              1       5.52e-07  
   764         765      3.42916e-05              1       5.87e-07  
   765         766      3.42916e-05              1       5.76e-07  
   766         767      3.42915e-05              1       5.29e-07  
   767         768      3.42915e-05              1       5.28e-07  
   768         769      3.42914e-05              1       4.68e-07  
   769         770      3.42914e-05              1       4.35e-07  
   770         771      3.42914e-05              1       5.43e-07  
   771         772      3.42913e-05              1       4.89e-07  
   772         773      3.42913e-05              1       4.66e-07  
   773         774      3.42912e-05              1       4.96e-07  
   774         775      3.42912e-05              1        4.3e-07  
   775         776      3.42912e-05              1       5.52e-07  
   776         777      3.42911e-05              1        5.5e-07  
   777         778      3.42911e-05              1       4.78e-07  
   778         779       3.4291e-05              1       5.99e-07  
   779         780       3.4291e-05              1       5.87e-07  
                                                        First-order 
 Iteration  Func-count       f(x)        Step-size       optimality
   780         781      3.42909e-05              1       5.58e-07  
   781         782      3.42909e-05              1       5.34e-07  
   782         783      3.42908e-05              1       4.96e-07  
   783         784      3.42908e-05              1       5.52e-07  
   784         785      3.42908e-05              1       5.16e-07  
   785         786      3.42907e-05              1       5.17e-07  
   786         787      3.42907e-05              1       4.65e-07  
   787         788      3.42907e-05              1       4.33e-07  
   788         789      3.42906e-05              1       4.93e-07  
   789         790      3.42906e-05              1       6.21e-07  
   790         791      3.42905e-05              1       6.59e-07  
   791         792      3.42905e-05              1       5.39e-07  
   792         793      3.42904e-05              1        4.5e-07  
   793         794      3.42904e-05              1       4.31e-07  
   794         795      3.42904e-05              1       5.04e-07  
   795         796      3.42903e-05              1       5.56e-07  
   796         797      3.42903e-05              1       5.47e-07  
   797         798      3.42902e-05              1       5.95e-07  
   798         799      3.42902e-05              1       5.43e-07  
   799         800      3.42901e-05              1        5.6e-07  
                                                        First-order 
 Iteration  Func-count       f(x)        Step-size       optimality
   800         801      3.42901e-05              1       5.59e-07  
   801         802        3.429e-05              1       5.57e-07  
   802         803        3.429e-05              1       6.41e-07  
   803         804      3.42899e-05              1       5.68e-07  
   804         805      3.42899e-05              1       6.12e-07  
   805         806      3.42898e-05              1       7.35e-07  
   806         807      3.42898e-05              1       6.01e-07  
   807         808      3.42897e-05              1       5.57e-07  
   808         809      3.42896e-05              1       6.32e-07  
   809         810      3.42896e-05              1       6.04e-07  
   810         811      3.42895e-05              1       6.59e-07  
   811         812      3.42895e-05              1       6.14e-07  
   812         813      3.42894e-05              1       5.99e-07  
   813         814      3.42893e-05              1       5.35e-07  
   814         815      3.42893e-05              1       5.44e-07  
   815         816      3.42892e-05              1       5.87e-07  
   816         817      3.42892e-05              1       6.13e-07  
   817         818      3.42891e-05              1       6.57e-07  
   818         819       3.4289e-05              1       6.88e-07  
   819         820      3.42889e-05              1       7.11e-07  
                                                        First-order 
 Iteration  Func-count       f(x)        Step-size       optimality
   820         821      3.42889e-05              1       6.64e-07  
   821         822      3.42888e-05              1       6.36e-07  
   822         823      3.42887e-05              1       6.39e-07  
   823         824      3.42886e-05              1       5.64e-07  
   824         825      3.42886e-05              1       5.38e-07  
   825         826      3.42885e-05              1       5.55e-07  
   826         827      3.42885e-05              1       5.39e-07  
   827         828      3.42884e-05              1       6.61e-07  
   828         829      3.42884e-05              1       5.82e-07  
   829         830      3.42883e-05              1       5.43e-07  
   830         831      3.42883e-05              1       4.56e-07  
   831         832      3.42882e-05              1       4.45e-07  
   832         833      3.42882e-05              1       4.98e-07  
   833         834      3.42882e-05              1        4.4e-07  
   834         835      3.42881e-05              1       5.03e-07  
   835         836      3.42881e-05              1       3.81e-07  
   836         837      3.42881e-05              1       4.29e-07  
   837         838       3.4288e-05              1       4.55e-07  
   838         839       3.4288e-05              1       4.35e-07  
   839         840       3.4288e-05              1       3.73e-07  
                                                        First-order 
 Iteration  Func-count       f(x)        Step-size       optimality
   840         841      3.42879e-05              1       4.73e-07  
   841         842      3.42879e-05              1        4.6e-07  
   842         843      3.42879e-05              1       4.63e-07  
   843         844      3.42878e-05              1       3.98e-07  
   844         845      3.42878e-05              1       4.82e-07  
   845         846      3.42878e-05              1       4.38e-07  
   846         847      3.42878e-05              1       3.77e-07  
   847         848      3.42877e-05              1       4.75e-07  
   848         849      3.42877e-05              1       4.07e-07  
   849         850      3.42877e-05              1       4.01e-07  
   850         851      3.42877e-05              1       4.19e-07  
   851         852      3.42877e-05              1        3.8e-07  
   852         853      3.42876e-05              1       2.94e-07  
   853         854      3.42876e-05              1       2.88e-07  
   854         855      3.42876e-05              1       3.19e-07  
   855         856      3.42876e-05              1       4.02e-07  
   856         857      3.42876e-05              1       3.89e-07  
   857         858      3.42875e-05              1       3.24e-07  
   858         859      3.42875e-05              1       3.34e-07  
   859         860      3.42875e-05              1       3.53e-07  
                                                        First-order 
 Iteration  Func-count       f(x)        Step-size       optimality
   860         861      3.42875e-05              1       3.36e-07  
   861         862      3.42875e-05              1       2.98e-07  
   862         863      3.42874e-05              1       3.79e-07  
   863         864      3.42874e-05              1       3.29e-07  
   864         865      3.42874e-05              1       3.04e-07  
   865         866      3.42874e-05              1       3.45e-07  
   866         867      3.42874e-05              1       3.06e-07  
   867         868      3.42874e-05              1       3.82e-07  
   868         869      3.42874e-05              1          3e-07  
   869         870      3.42873e-05              1       2.56e-07  
   870         871      3.42873e-05              1       2.58e-07  
   871         872      3.42873e-05              1       2.86e-07  
   872         873      3.42873e-05              1          3e-07  
   873         874      3.42873e-05              1       2.73e-07  
   874         875      3.42873e-05              1       3.03e-07  
   875         876      3.42873e-05              1       3.47e-07  
   876         877      3.42872e-05              1       2.89e-07  
   877         878      3.42872e-05              1        2.6e-07  
   878         879      3.42872e-05              1       2.19e-07  
   879         880      3.42872e-05              1       2.41e-07  
                                                        First-order 
 Iteration  Func-count       f(x)        Step-size       optimality
   880         881      3.42872e-05              1       2.55e-07  
   881         882      3.42872e-05              1       3.07e-07  
   882         883      3.42872e-05              1       2.66e-07  
   883         884      3.42872e-05              1       2.51e-07  
   884         885      3.42872e-05              1        2.3e-07  
   885         886      3.42872e-05              1        2.2e-07  
   886         887      3.42871e-05              1       2.22e-07  
   887         888      3.42871e-05              1        2.9e-07  
   888         889      3.42871e-05              1       2.69e-07  
   889         890      3.42871e-05              1        2.3e-07  
   890         891      3.42871e-05              1       2.35e-07  
   891         892      3.42871e-05              1       2.45e-07  
   892         893      3.42871e-05              1       2.33e-07  
   893         894      3.42871e-05              1       2.09e-07  
   894         895      3.42871e-05              1       1.77e-07  
   895         896      3.42871e-05              1       1.76e-07  
   896         897      3.42871e-05              1       1.95e-07  
   897         898       3.4287e-05              1       1.89e-07  
   898         899       3.4287e-05              1       2.16e-07  
   899         900       3.4287e-05              1       2.38e-07  
                                                        First-order 
 Iteration  Func-count       f(x)        Step-size       optimality
   900         901       3.4287e-05              1       2.25e-07  
   901         902       3.4287e-05              1       2.36e-07  
   902         903       3.4287e-05              1       2.14e-07  
   903         904       3.4287e-05              1       2.24e-07  
   904         905       3.4287e-05              1       2.32e-07  
   905         906       3.4287e-05              1       2.18e-07  
   906         907       3.4287e-05              1       2.51e-07  
   907         908       3.4287e-05              1       2.27e-07  
   908         909       3.4287e-05              1       2.14e-07  
   909         910      3.42869e-05              1       1.66e-07  
   910         911      3.42869e-05              1       1.93e-07  
   911         912      3.42869e-05              1       2.11e-07  
   912         913      3.42869e-05              1       1.64e-07  
   913         914      3.42869e-05              1       1.64e-07  
   914         915      3.42869e-05              1       1.59e-07  
   915         916      3.42869e-05              1       1.83e-07  
   916         917      3.42869e-05              1       1.72e-07  
   917         918      3.42869e-05              1       1.57e-07  
   918         919      3.42869e-05              1       1.49e-07  
   919         920      3.42869e-05              1       1.29e-07  
                                                        First-order 
 Iteration  Func-count       f(x)        Step-size       optimality
   920         921      3.42869e-05              1       1.49e-07  
   921         922      3.42869e-05              1       1.35e-07  
   922         923      3.42869e-05              1       1.23e-07  
   923         924      3.42869e-05              1       1.59e-07  
   924         925      3.42869e-05              1       1.71e-07  
   925         926      3.42869e-05              1       1.56e-07  
   926         927      3.42869e-05              1       1.45e-07  
   927         928      3.42869e-05              1       1.09e-07  
   928         929      3.42869e-05              1       1.21e-07  
   929         930      3.42869e-05              1       1.25e-07  
   930         931      3.42869e-05              1       1.26e-07  
   931         932      3.42869e-05              1       9.94e-08  

Optimization completed: The <a href = "matlab: helpview([docroot '/toolbox/optim/msg_csh/optim_msg_csh.map'],'first_order_opt_unc','CSHelpWindow');">first-order optimality measure</a>, 9.654256e-08, is less 
than <a href = "matlab: helpview([docroot '/toolbox/optim/msg_csh/optim_msg_csh.map'],'tolfun','CSHelpWindow');">options.TolFun</a> = 1.000000e-07.

Optimization Metric                                            Options
relative norm(gradient) =   9.65e-08                  TolFun =   1e-07 (selected)

