flow iter#1; |dv| = 4.92506
flow iter#2; |dv| = 1.23732
flow iter#3; |dv| = 1.49235
flow iter#4; |dv| = 1.96522
flow iter#5; |dv| = 1.60902
flow iter#6; |dv| = 0.88346
flow iter#7; |dv| = 0.254792
flow iter#8; |dv| = 0.26152
flow iter#9; |dv| = 0.369201
flow iter#10; |dv| = 0.312229
flow iter#11; |dv| = 0.186444
flow iter#12; |dv| = 0.0692117
flow iter#13; |dv| = 0.0292212
flow iter#14; |dv| = 0.053682
flow iter#15; |dv| = 0.0524809
flow iter#16; |dv| = 0.0356872
flow iter#17; |dv| = 0.0166984
flow iter#18; |dv| = 0.00614212
flow iter#19; |dv| = 0.00883343
flow iter#20; |dv| = 0.00980038
flow iter#21; |dv| = 0.0080425
flow iter#22; |dv| = 0.00586178
flow iter#23; |dv| = 0.00487326
                                                        First-order 
 Iteration  Func-count       f(x)        Step-size       optimality
     0           1        0.0506159                       0.00238
     1           4         0.026258             91        0.00118  
     2           6        0.0115178       0.486114       0.000936  
     3           7       0.00147052              1       0.000204  
     4           8      0.000941832              1       0.000541  
     5           9      0.000445469              1       0.000131  
     6          10      0.000339503              1       0.000104  
     7          11      0.000226125              1       0.000406  
     8          12      0.000139662              1       8.57e-05  
     9          13      7.06843e-05              1       0.000246  
    10          14      5.59452e-05              1       3.76e-05  
    11          15      4.98508e-05              1        2.8e-05  
    12          16      4.69914e-05              1       6.76e-05  
    13          17      4.26853e-05              1       2.94e-05  
    14          18      4.08031e-05              1       2.88e-05  
    15          19      3.46593e-05              1       3.94e-05  
    16          20      3.21022e-05              1       2.54e-05  
    17          21      3.10144e-05              1       1.98e-05  
    18          22      2.96421e-05              1       1.32e-05  
    19          23      2.80428e-05              1          3e-05  
                                                        First-order 
 Iteration  Func-count       f(x)        Step-size       optimality
    20          24      2.56949e-05              1        2.2e-05  
    21          26      2.21205e-05            0.5       4.81e-05  
    22          27      1.83941e-05              1       4.75e-05  
    23          28      1.38937e-05              1       9.03e-05  
    24          30       1.1732e-05       0.470864       1.66e-05  
    25          31      1.00741e-05              1       1.84e-05  
    26          32      9.25067e-06              1       1.96e-05  
    27          33      8.56881e-06              1       1.56e-05  
    28          34      7.18717e-06              1       1.42e-05  
    29          35      5.19986e-06              1        2.4e-05  
    30          36      3.48039e-06              1       1.12e-05  
    31          37      2.96087e-06              1       7.86e-05  
    32          38      2.59286e-06              1       2.32e-05  
    33          39      2.27922e-06              1       5.82e-06  
    34          40      2.06377e-06              1       1.83e-05  
    35          41      1.74123e-06              1       2.55e-05  
    36          42      1.35243e-06              1       2.14e-05  
    37          43       1.0272e-06              1       4.04e-06  
    38          44      9.10557e-07              1       3.94e-06  
    39          45      8.70973e-07              1       1.15e-05  
                                                        First-order 
 Iteration  Func-count       f(x)        Step-size       optimality
    40          46       8.4523e-07              1       4.58e-06  
    41          47      8.05287e-07              1       3.16e-06  
    42          48       7.3872e-07              1        1.3e-05  
    43          49      6.73313e-07              1       1.63e-05  
    44          50      5.87157e-07              1       1.19e-05  
    45          51      5.41082e-07              1       7.94e-06  
    46          52      4.81193e-07              1       7.25e-06  
    47          53      4.09882e-07              1       5.55e-06  
    48          54      3.60247e-07              1        1.4e-06  
    49          55      3.48249e-07              1       6.63e-06  
    50          56      3.27487e-07              1       6.01e-06  
    51          57      3.19518e-07              1       1.28e-06  
    52          58      3.11768e-07              1       1.66e-06  
    53          59       3.0654e-07              1        1.9e-06  
    54          60      3.01514e-07              1       1.53e-06  
    55          61       2.9254e-07              1       1.19e-06  
    56          62      2.76166e-07              1       1.86e-06  
    57          63      2.52911e-07              1       5.17e-06  
    58          64      2.28023e-07              1       2.43e-06  
    59          66      2.17548e-07       0.437316       5.51e-06  
                                                        First-order 
 Iteration  Func-count       f(x)        Step-size       optimality
    60          67      1.98396e-07              1       4.88e-06  
    61          68      1.78594e-07              1       3.13e-06  
    62          69      1.71853e-07              1       3.08e-06  
    63          70        1.613e-07              1       2.11e-06  
    64          72      1.56918e-07       0.308814       3.39e-06  
    65          73       1.4651e-07              1       2.98e-06  
    66          74      1.31866e-07              1       1.74e-06  
    67          75      1.26332e-07              1       2.97e-06  
    68          76      1.21315e-07              1       3.18e-06  
    69          77      1.18233e-07              1       1.36e-06  
    70          78      1.15376e-07              1       8.81e-07  
    71          79      1.12929e-07              1       7.53e-07  
    72          80      1.10937e-07              1       1.08e-06  
    73          81      1.07788e-07              1       1.59e-06  
    74          82      1.04187e-07              1       2.09e-06  
    75          83      9.71816e-08              1       3.05e-06  
    76          84      9.05444e-08              1       1.29e-06  
    77          85      8.60401e-08              1       1.63e-06  
    78          86      8.50139e-08              1       2.62e-06  
    79          87      8.40896e-08              1       8.34e-07  
                                                        First-order 
 Iteration  Func-count       f(x)        Step-size       optimality
    80          88      8.29327e-08              1       2.63e-07  
    81          89      7.69774e-08              1       7.83e-07  
    82          91      7.38854e-08       0.360362       2.17e-06  
    83          92      6.85825e-08              1       1.02e-06  
    84          93      6.11995e-08              1       4.65e-06  
    85          94      5.83812e-08              1       8.08e-06  
    86          95      5.11133e-08              1        1.3e-06  
    87          96      4.89759e-08              1       6.72e-07  
    88          97      4.69578e-08              1       7.99e-07  
    89          98      3.72331e-08              1       2.36e-06  
    90          99      2.88003e-08              1       8.48e-07  
    91         100      2.35816e-08              1        1.9e-06  
    92         101      2.16449e-08              1       1.99e-06  
    93         102      1.91638e-08              1        1.8e-06  
    94         103      1.73031e-08              1       1.88e-06  
    95         104      1.33576e-08              1        2.3e-06  
    96         105      8.46429e-09              1       4.46e-06  
    97         106      5.71721e-09              1       1.24e-06  
    98         107      3.25818e-09              1       6.05e-07  
    99         108      2.56201e-09              1       1.52e-06  
                                                        First-order 
 Iteration  Func-count       f(x)        Step-size       optimality
   100         109      2.17825e-09              1       3.08e-07  
   101         110      1.66589e-09              1       1.97e-07  
   102         111      1.33522e-09              1       3.21e-07  
   103         112      1.21814e-09              1       2.07e-07  
   104         113      1.13693e-09              1       1.92e-07  
   105         114      1.05439e-09              1       1.89e-07  
   106         115      9.27524e-10              1        2.1e-07  
   107         116      8.43491e-10              1       8.06e-08  
   108         117      7.95049e-10              1       7.63e-08  
   109         118      7.42611e-10              1       1.66e-07  
   110         119       6.4904e-10              1       2.67e-07  
   111         120      4.54271e-10              1       4.04e-07  
   112         121      1.75531e-10              1       2.49e-07  
   113         122       5.3051e-11              1       1.56e-07  
   114         123      9.42436e-12              1       2.64e-07  
   115         124      2.13627e-12              1       2.77e-08  
   116         125      5.95017e-13              1       3.82e-08  
   117         126      7.94134e-14              1        1.7e-08  
   118         127       2.3073e-14              1        3.7e-09  
   119         128      2.83408e-15              1       8.66e-10  
                                                        First-order 
 Iteration  Func-count       f(x)        Step-size       optimality
   120         129       3.2423e-16              1       6.28e-10  
   121         130      1.97676e-17              1       5.05e-11  

Optimization completed: The <a href = "matlab: helpview([docroot '/toolbox/optim/msg_csh/optim_msg_csh.map'],'first_order_opt_unc','CSHelpWindow');">first-order optimality measure</a>, 5.036925e-11, is less 
than <a href = "matlab: helpview([docroot '/toolbox/optim/msg_csh/optim_msg_csh.map'],'tolfun','CSHelpWindow');">options.TolFun</a> = 1.000000e-10.

Optimization Metric                                            Options
relative norm(gradient) =   5.04e-11                  TolFun =   1e-10 (selected)

                                                        First-order 
 Iteration  Func-count       f(x)        Step-size       optimality
     0           1         0.196547                        0.0375
     1           2         0.158663              1         0.0187  
     2           3         0.107322              1         0.0388  
     3           4         0.084511              1         0.0219  
     4           5        0.0607666              1         0.0288  
     5           6         0.045563              1         0.0205  
     6           7        0.0355468              1         0.0105  
     7           8        0.0309953              1        0.00807  
     8           9        0.0274298              1        0.00689  
     9          10        0.0246833              1        0.00704  
    10          11        0.0219677              1        0.00588  
    11          12        0.0190391              1        0.00725  
    12          13        0.0163239              1        0.00534  
    13          14        0.0138498              1         0.0055  
    14          15        0.0119993              1        0.00607  
    15          16       0.00991771              1        0.00395  
    16          17       0.00844333              1        0.00404  
    17          18       0.00692949              1        0.00364  
    18          19       0.00597094              1        0.00318  
    19          20        0.0048414              1        0.00377  
                                                        First-order 
 Iteration  Func-count       f(x)        Step-size       optimality
    20          21       0.00401918              1        0.00377  
    21          22       0.00319263              1        0.00245  
    22          23       0.00260633              1        0.00276  
    23          24       0.00218247              1        0.00224  
    24          25       0.00190939              1        0.00188  
    25          26       0.00170841              1        0.00138  
    26          27       0.00155035              1        0.00119  
    27          28       0.00143774              1       0.000844  
    28          29       0.00135491              1       0.000781  
    29          30       0.00127852              1       0.000717  
    30          31       0.00120823              1       0.000707  
    31          32       0.00114513              1       0.000735  
    32          33       0.00108484              1       0.000657  
    33          34       0.00102715              1       0.000716  
    34          35      0.000969656              1       0.000801  
    35          36       0.00091234              1        0.00076  
    36          37      0.000858124              1       0.000768  
    37          38      0.000809514              1        0.00071  
    38          39      0.000766477              1        0.00056  
    39          40      0.000726064              1       0.000597  
                                                        First-order 
 Iteration  Func-count       f(x)        Step-size       optimality
    40          41      0.000687562              1       0.000546  
    41          42      0.000651518              1       0.000553  
    42          43      0.000619545              1       0.000458  
    43          44      0.000590324              1       0.000447  
    44          45      0.000563813              1       0.000425  
    45          46      0.000538934              1       0.000389  
    46          47      0.000517199              1       0.000401  
    47          48      0.000497997              1        0.00035  
    48          49      0.000481337              1       0.000407  
    49          50      0.000464731              1       0.000348  
    50          51      0.000450582              1       0.000291  
    51          52      0.000437585              1       0.000332  
    52          53      0.000425537              1       0.000296  
    53          54      0.000413952              1       0.000352  
    54          55      0.000402976              1       0.000355  
    55          56      0.000392426              1       0.000361  
    56          57      0.000382541              1       0.000303  
    57          58         0.000373              1       0.000267  
    58          59      0.000363678              1       0.000235  
    59          60      0.000354563              1       0.000251  
                                                        First-order 
 Iteration  Func-count       f(x)        Step-size       optimality
    60          61      0.000345948              1       0.000266  
    61          62      0.000338211              1       0.000282  
    62          63      0.000331108              1       0.000226  
    63          64       0.00032477              1       0.000212  
    64          65      0.000318627              1       0.000178  
    65          66      0.000313196              1       0.000194  
    66          67      0.000307947              1       0.000173  
    67          68       0.00030264              1       0.000198  
    68          69      0.000297231              1       0.000168  
    69          70      0.000292377              1       0.000166  
    70          71      0.000288085              1       0.000153  
    71          72      0.000284232              1        0.00014  
    72          73      0.000280462              1       0.000151  
    73          74      0.000276809              1       0.000148  
    74          75      0.000273189              1       0.000138  
    75          76      0.000269696              1       0.000162  
    76          77      0.000266185              1        0.00017  
    77          78      0.000262784              1       0.000199  
    78          79      0.000259299              1       0.000199  
    79          80      0.000255923              1       0.000174  
                                                        First-order 
 Iteration  Func-count       f(x)        Step-size       optimality
    80          81      0.000252407              1       0.000174  
    81          82      0.000248977              1         0.0002  
    82          83      0.000245433              1       0.000215  
    83          84      0.000241854              1       0.000196  
    84          85      0.000238002              1       0.000191  
    85          86         0.000234              1        0.00018  
    86          87      0.000229713              1       0.000194  
    87          88      0.000225383              1       0.000222  
    88          89      0.000220712              1       0.000221  
    89          90      0.000216022              1       0.000244  
    90          91      0.000210824              1       0.000198  
    91          92       0.00020598              1        0.00022  
    92          93      0.000200881              1       0.000181  
    93          94      0.000196361              1       0.000266  
    94          95      0.000191695              1       0.000185  
    95          96      0.000187528              1       0.000218  
    96          97      0.000183242              1       0.000157  
    97          98      0.000179621              1       0.000203  
    98          99      0.000176047              1       0.000148  
    99         100      0.000173026              1       0.000147  
                                                        First-order 
 Iteration  Func-count       f(x)        Step-size       optimality
   100         101      0.000170277              1       0.000109  
   101         102      0.000168005              1       0.000109  
   102         103      0.000165852              1        0.00011  
   103         104      0.000163771              1       0.000115  
   104         105      0.000161527              1       0.000132  
   105         106      0.000159276              1       0.000111  
   106         107       0.00015703              1       0.000112  
   107         108      0.000154993              1       0.000116  
   108         109      0.000153121              1       9.95e-05  
   109         110      0.000151462              1       9.87e-05  
   110         111      0.000149879              1       9.92e-05  
   111         112      0.000148344              1       9.49e-05  
   112         113      0.000146759              1       0.000101  
   113         114      0.000145098              1       0.000103  
   114         115      0.000143375              1       0.000118  
   115         116      0.000141682              1       0.000103  
   116         117       0.00014014              1       9.55e-05  
   117         118      0.000138685              1       9.68e-05  
   118         119       0.00013726              1       9.97e-05  
   119         120        0.0001357              1       0.000105  
                                                        First-order 
 Iteration  Func-count       f(x)        Step-size       optimality
   120         121      0.000134124              1       0.000101  
   121         122      0.000132502              1       9.68e-05  
   122         123      0.000130889              1       0.000111  
   123         124      0.000129214              1       9.38e-05  
   124         125      0.000127538              1       0.000101  
   125         126      0.000125889              1       9.89e-05  
   126         127      0.000124351              1       8.25e-05  
   127         128      0.000122879              1       9.13e-05  
   128         129      0.000121487              1       8.53e-05  
   129         130      0.000120166              1       9.58e-05  
   130         131      0.000118963              1       9.48e-05  
   131         132      0.000117764              1       8.28e-05  
   132         133      0.000116553              1       8.45e-05  
   133         134      0.000115399              1       9.62e-05  
   134         135       0.00011425              1       0.000105  
   135         136      0.000113103              1       0.000102  
   136         137      0.000111961              1       8.89e-05  
   137         138      0.000110814              1       7.56e-05  
   138         139      0.000109672              1        7.4e-05  
   139         140      0.000108521              1       7.38e-05  
                                                        First-order 
 Iteration  Func-count       f(x)        Step-size       optimality
   140         141      0.000107375              1        7.3e-05  
   141         142      0.000106297              1       7.59e-05  
   142         143      0.000105316              1       7.63e-05  
   143         144      0.000104442              1       6.64e-05  
   144         145      0.000103596              1       7.68e-05  
   145         146      0.000102748              1       8.28e-05  
   146         147      0.000101836              1       8.91e-05  
   147         148      0.000100931              1       9.32e-05  
   148         149      0.000100003              1       9.39e-05  
   149         150      9.90687e-05              1       9.71e-05  
   150         151      9.81121e-05              1       9.64e-05  
   151         152      9.71787e-05              1       9.19e-05  
   152         153      9.62588e-05              1       7.44e-05  
   153         154      9.53374e-05              1       8.29e-05  
   154         155      9.43537e-05              1       7.73e-05  
   155         156      9.33027e-05              1       9.42e-05  
   156         157      9.21993e-05              1       8.84e-05  
   157         158      9.11163e-05              1        8.7e-05  
   158         159      9.00554e-05              1       7.96e-05  
   159         160      8.90074e-05              1       7.78e-05  
                                                        First-order 
 Iteration  Func-count       f(x)        Step-size       optimality
   160         161      8.79089e-05              1       7.86e-05  
   161         162      8.68087e-05              1       9.39e-05  
   162         163      8.56849e-05              1       9.97e-05  
   163         164      8.45577e-05              1       9.94e-05  
   164         165       8.3309e-05              1       9.84e-05  
   165         166      8.21054e-05              1       9.79e-05  
   166         167      8.08199e-05              1       9.23e-05  
   167         168      7.95318e-05              1       8.94e-05  
   168         169      7.81997e-05              1       8.51e-05  
   169         170      7.68572e-05              1       8.43e-05  
   170         171      7.54546e-05              1       8.41e-05  
   171         172      7.40592e-05              1       8.24e-05  
   172         173      7.26717e-05              1       9.25e-05  
   173         174      7.13863e-05              1       9.11e-05  
   174         175      7.01736e-05              1       9.45e-05  
   175         176      6.90367e-05              1          9e-05  
   176         177      6.78168e-05              1         0.0001  
   177         178      6.65891e-05              1       9.43e-05  
   178         179      6.52187e-05              1       0.000113  
   179         180      6.37426e-05              1       0.000101  
                                                        First-order 
 Iteration  Func-count       f(x)        Step-size       optimality
   180         181      6.22253e-05              1       8.23e-05  
   181         182      6.07955e-05              1       8.12e-05  
   182         183      5.93873e-05              1       8.17e-05  
   183         184      5.80689e-05              1       9.06e-05  
   184         185      5.68587e-05              1       8.73e-05  
   185         186      5.57926e-05              1        8.2e-05  
   186         187      5.48102e-05              1       7.57e-05  
   187         188      5.38721e-05              1       7.84e-05  
   188         189      5.29578e-05              1       7.21e-05  
   189         190      5.20903e-05              1       8.89e-05  
   190         191      5.12841e-05              1       8.19e-05  
   191         192      5.04619e-05              1       7.39e-05  
   192         193      4.95803e-05              1       6.31e-05  
   193         194      4.88164e-05              1       6.38e-05  
   194         195       4.8077e-05              1       6.54e-05  
   195         196      4.73404e-05              1       7.35e-05  
   196         197      4.66228e-05              1       8.41e-05  
   197         198      4.59192e-05              1        6.6e-05  
   198         199      4.52318e-05              1       6.84e-05  
   199         200       4.4566e-05              1       7.95e-05  
                                                        First-order 
 Iteration  Func-count       f(x)        Step-size       optimality
   200         201      4.39125e-05              1        8.3e-05  
   201         202      4.32683e-05              1       8.29e-05  
   202         203      4.26169e-05              1       7.26e-05  
   203         204      4.19589e-05              1       6.96e-05  
   204         205      4.12858e-05              1       6.89e-05  
   205         206      4.06298e-05              1       5.87e-05  
   206         207      4.00046e-05              1       6.23e-05  
   207         208       3.9456e-05              1       5.96e-05  
   208         209      3.89518e-05              1       5.32e-05  
   209         210      3.84869e-05              1       5.23e-05  
   210         211      3.80405e-05              1       5.73e-05  
   211         212      3.76465e-05              1       5.82e-05  
   212         213      3.72988e-05              1       5.07e-05  
   213         214      3.70002e-05              1       4.44e-05  
   214         215       3.6721e-05              1       3.82e-05  
   215         216        3.645e-05              1          4e-05  
   216         217      3.61766e-05              1       4.25e-05  
   217         218      3.59194e-05              1       4.23e-05  
   218         219      3.56828e-05              1       3.41e-05  
   219         220      3.54618e-05              1          4e-05  
                                                        First-order 
 Iteration  Func-count       f(x)        Step-size       optimality
   220         221       3.5242e-05              1       4.16e-05  
   221         222      3.50207e-05              1       3.86e-05  
   222         223      3.48059e-05              1       3.43e-05  
   223         224      3.46036e-05              1       4.29e-05  
   224         225      3.44077e-05              1       4.25e-05  
   225         226      3.42127e-05              1       3.54e-05  
   226         227      3.40266e-05              1       3.19e-05  
   227         228      3.38624e-05              1       3.45e-05  
   228         229      3.37194e-05              1       4.23e-05  
   229         230      3.35895e-05              1       2.67e-05  
   230         231      3.34701e-05              1       2.63e-05  
   231         232      3.33655e-05              1       2.33e-05  
   232         233      3.32743e-05              1       2.32e-05  
   233         234      3.31887e-05              1        2.3e-05  
   234         235      3.31023e-05              1       2.51e-05  
   235         236      3.30166e-05              1       2.45e-05  
   236         237      3.29374e-05              1        2.1e-05  
   237         238       3.2867e-05              1       2.12e-05  
   238         239      3.28025e-05              1       1.78e-05  
   239         240      3.27403e-05              1       1.86e-05  
                                                        First-order 
 Iteration  Func-count       f(x)        Step-size       optimality
   240         241       3.2679e-05              1       2.01e-05  
   241         242       3.2619e-05              1       1.86e-05  
   242         243      3.25601e-05              1       2.21e-05  
   243         244      3.25035e-05              1       1.88e-05  
   244         245      3.24498e-05              1       1.97e-05  
   245         246      3.23977e-05              1       1.92e-05  
   246         247      3.23451e-05              1       1.73e-05  
   247         248      3.22916e-05              1       1.56e-05  
   248         249      3.22391e-05              1       1.93e-05  
   249         250      3.21897e-05              1        1.7e-05  
   250         251      3.21438e-05              1       1.83e-05  
   251         252      3.21008e-05              1       1.73e-05  
   252         253      3.20602e-05              1       1.39e-05  
   253         254      3.20212e-05              1       1.52e-05  
   254         255      3.19823e-05              1       1.62e-05  
   255         256      3.19417e-05              1       1.92e-05  
   256         257      3.18987e-05              1       1.87e-05  
   257         258      3.18538e-05              1       1.81e-05  
   258         259      3.18082e-05              1       1.58e-05  
   259         260      3.17625e-05              1        1.6e-05  
                                                        First-order 
 Iteration  Func-count       f(x)        Step-size       optimality
   260         261      3.17162e-05              1       1.61e-05  
   261         262      3.16694e-05              1       1.66e-05  
   262         263      3.16226e-05              1       1.58e-05  
   263         264      3.15763e-05              1        1.6e-05  
   264         265      3.15301e-05              1        1.8e-05  
   265         266       3.1484e-05              1       2.22e-05  
   266         267      3.14387e-05              1       1.94e-05  
   267         268      3.13942e-05              1       1.49e-05  
   268         269      3.13497e-05              1       1.84e-05  
   269         270      3.13037e-05              1        1.5e-05  
   270         271      3.12561e-05              1       1.51e-05  
   271         272      3.12079e-05              1       1.55e-05  
   272         273      3.11593e-05              1       1.59e-05  
   273         274      3.11094e-05              1       1.76e-05  
   274         275      3.10569e-05              1       1.83e-05  
   275         276       3.1003e-05              1       1.85e-05  
   276         277      3.09499e-05              1       1.56e-05  
   277         278      3.08998e-05              1       1.81e-05  
   278         279      3.08531e-05              1       1.94e-05  
   279         280        3.081e-05              1        1.6e-05  
                                                        First-order 
 Iteration  Func-count       f(x)        Step-size       optimality
   280         281      3.07701e-05              1       1.65e-05  
   281         282      3.07332e-05              1       1.44e-05  
   282         283       3.0698e-05              1       1.38e-05  
   283         284      3.06643e-05              1       1.29e-05  
   284         285      3.06324e-05              1       1.27e-05  
   285         286      3.06027e-05              1       1.28e-05  
   286         287      3.05747e-05              1       1.22e-05  
   287         288      3.05486e-05              1       1.09e-05  
   288         289      3.05246e-05              1       1.24e-05  
   289         290      3.05027e-05              1       1.12e-05  
   290         291      3.04815e-05              1       1.14e-05  
   291         292      3.04596e-05              1       1.11e-05  
   292         293      3.04367e-05              1       1.17e-05  
   293         294      3.04141e-05              1       1.15e-05  
   294         295      3.03929e-05              1       1.06e-05  
   295         296      3.03733e-05              1       9.92e-06  
   296         297       3.0354e-05              1       1.09e-05  
   297         298      3.03343e-05              1       1.35e-05  
   298         299      3.03137e-05              1       1.18e-05  
   299         300       3.0293e-05              1       1.18e-05  
                                                        First-order 
 Iteration  Func-count       f(x)        Step-size       optimality
   300         301      3.02734e-05              1       1.11e-05  
   301         302      3.02553e-05              1       1.08e-05  
   302         303      3.02384e-05              1       1.19e-05  
   303         304      3.02216e-05              1       9.83e-06  
   304         305      3.02043e-05              1       1.02e-05  
   305         306      3.01868e-05              1       1.01e-05  
   306         307       3.0169e-05              1       1.08e-05  
   307         308       3.0151e-05              1       1.09e-05  
   308         309      3.01328e-05              1       1.07e-05  
   309         310      3.01147e-05              1       1.17e-05  
   310         311       3.0097e-05              1       9.31e-06  
   311         312      3.00797e-05              1       1.05e-05  
   312         313      3.00622e-05              1          1e-05  
   313         314      3.00446e-05              1        1.2e-05  
   314         315      3.00269e-05              1       1.16e-05  
   315         316      3.00092e-05              1       9.99e-06  
   316         317      2.99914e-05              1       1.19e-05  
   317         318      2.99739e-05              1       1.07e-05  
   318         319      2.99569e-05              1       1.03e-05  
   319         320      2.99409e-05              1        9.3e-06  
                                                        First-order 
 Iteration  Func-count       f(x)        Step-size       optimality
   320         321      2.99255e-05              1       9.17e-06  
   321         322      2.99106e-05              1       1.09e-05  
   322         323      2.98957e-05              1       1.03e-05  
   323         324      2.98806e-05              1       1.02e-05  
   324         325      2.98647e-05              1       9.83e-06  
   325         326       2.9848e-05              1       1.06e-05  
   326         327      2.98308e-05              1       1.25e-05  
   327         328      2.98138e-05              1       1.03e-05  
   328         329      2.97968e-05              1       1.06e-05  
   329         330      2.97792e-05              1        1.1e-05  
   330         331      2.97605e-05              1        1.1e-05  
   331         332       2.9741e-05              1       1.08e-05  
   332         333      2.97213e-05              1       1.04e-05  
   333         334      2.97019e-05              1       1.05e-05  
   334         335      2.96828e-05              1       1.07e-05  
   335         336      2.96637e-05              1       9.48e-06  
   336         337      2.96436e-05              1       1.09e-05  
   337         338      2.96228e-05              1       1.12e-05  
   338         339      2.96014e-05              1       1.11e-05  
   339         340       2.9581e-05              1       1.01e-05  
                                                        First-order 
 Iteration  Func-count       f(x)        Step-size       optimality
   340         341      2.95615e-05              1       1.21e-05  
   341         342      2.95424e-05              1       1.07e-05  
   342         343      2.95225e-05              1       1.13e-05  
   343         344      2.95026e-05              1       1.13e-05  
   344         345      2.94832e-05              1       1.02e-05  
   345         346      2.94645e-05              1       1.06e-05  
   346         347      2.94451e-05              1       1.25e-05  
   347         348      2.94246e-05              1       1.17e-05  
   348         349       2.9403e-05              1       1.24e-05  
   349         350      2.93816e-05              1       1.12e-05  
   350         351      2.93605e-05              1       1.11e-05  
   351         352      2.93399e-05              1       1.11e-05  
   352         353      2.93194e-05              1       1.09e-05  
   353         354      2.92999e-05              1       1.23e-05  
   354         355      2.92811e-05              1       1.27e-05  
   355         356      2.92631e-05              1       1.05e-05  
   356         357      2.92451e-05              1       1.03e-05  
   357         358      2.92274e-05              1       1.04e-05  
   358         359        2.921e-05              1       1.13e-05  
   359         360      2.91936e-05              1       1.26e-05  
                                                        First-order 
 Iteration  Func-count       f(x)        Step-size       optimality
   360         361      2.91782e-05              1       1.25e-05  
   361         362      2.91637e-05              1          1e-05  
   362         363      2.91489e-05              1        8.8e-06  
   363         364      2.91333e-05              1       1.05e-05  
   364         365      2.91166e-05              1       1.06e-05  
   365         366      2.91002e-05              1       1.08e-05  
   366         367      2.90852e-05              1       9.95e-06  
   367         368      2.90716e-05              1       1.03e-05  
   368         369      2.90585e-05              1       9.31e-06  
   369         370      2.90451e-05              1       1.01e-05  
   370         371      2.90309e-05              1       9.21e-06  
   371         372      2.90167e-05              1       9.63e-06  
   372         373      2.90027e-05              1       8.84e-06  
   373         374      2.89895e-05              1          1e-05  
   374         375      2.89765e-05              1       1.07e-05  
   375         376       2.8964e-05              1       9.55e-06  
   376         377      2.89518e-05              1        1.3e-05  
   377         378      2.89409e-05              1       1.21e-05  
   378         379      2.89308e-05              1       7.43e-06  
   379         380      2.89212e-05              1       9.02e-06  
                                                        First-order 
 Iteration  Func-count       f(x)        Step-size       optimality
   380         381      2.89114e-05              1       8.43e-06  
   381         382      2.89014e-05              1       7.53e-06  
   382         383      2.88916e-05              1       8.01e-06  
   383         384      2.88826e-05              1       6.62e-06  
   384         385      2.88746e-05              1       6.74e-06  
   385         386      2.88674e-05              1       7.59e-06  
   386         387      2.88606e-05              1        6.9e-06  
   387         388      2.88542e-05              1        6.4e-06  
   388         389      2.88478e-05              1       6.87e-06  
   389         390      2.88411e-05              1       7.32e-06  
   390         391       2.8834e-05              1       7.73e-06  
   391         392      2.88269e-05              1       7.56e-06  
   392         393      2.88201e-05              1       5.92e-06  
   393         394       2.8814e-05              1       6.44e-06  
   394         395      2.88084e-05              1       6.24e-06  
   395         396      2.88029e-05              1       5.72e-06  
   396         397      2.87975e-05              1       4.91e-06  
   397         398      2.87921e-05              1       5.17e-06  
   398         399      2.87868e-05              1       5.59e-06  
   399         400      2.87813e-05              1       5.55e-06  
                                                        First-order 
 Iteration  Func-count       f(x)        Step-size       optimality
   400         401      2.87754e-05              1       5.32e-06  
   401         402      2.87689e-05              1       6.09e-06  
   402         403       2.8762e-05              1       6.79e-06  
   403         404      2.87548e-05              1       6.89e-06  
   404         405      2.87477e-05              1        6.8e-06  
   405         406      2.87407e-05              1       6.34e-06  
   406         407       2.8734e-05              1       5.86e-06  
   407         408      2.87276e-05              1       6.68e-06  
   408         409      2.87211e-05              1       6.55e-06  
   409         410      2.87144e-05              1       6.14e-06  
   410         411      2.87074e-05              1       6.38e-06  
   411         412      2.87002e-05              1       5.84e-06  
   412         413      2.86928e-05              1       5.92e-06  
   413         414      2.86852e-05              1       6.67e-06  
   414         415      2.86774e-05              1       7.07e-06  
   415         416      2.86696e-05              1       7.78e-06  
   416         417      2.86615e-05              1       8.37e-06  
   417         418      2.86529e-05              1       7.78e-06  
   418         419      2.86436e-05              1       6.48e-06  
   419         420      2.86341e-05              1        6.5e-06  
                                                        First-order 
 Iteration  Func-count       f(x)        Step-size       optimality
   420         421      2.86249e-05              1       7.26e-06  
   421         422      2.86163e-05              1       6.59e-06  
   422         423      2.86085e-05              1       6.98e-06  
   423         424      2.86012e-05              1       6.07e-06  
   424         425      2.85942e-05              1       6.77e-06  
   425         426      2.85873e-05              1       5.87e-06  
   426         427      2.85807e-05              1       6.27e-06  
   427         428      2.85745e-05              1       6.76e-06  
   428         429      2.85687e-05              1       6.21e-06  
   429         430       2.8563e-05              1       5.23e-06  
   430         431      2.85573e-05              1       6.01e-06  
   431         432      2.85515e-05              1          7e-06  
   432         433      2.85456e-05              1       6.86e-06  
   433         434      2.85396e-05              1       6.44e-06  
   434         435      2.85338e-05              1       5.52e-06  
   435         436      2.85284e-05              1       5.99e-06  
   436         437      2.85235e-05              1       5.21e-06  
   437         438      2.85188e-05              1       5.13e-06  
   438         439      2.85141e-05              1       6.14e-06  
   439         440      2.85095e-05              1       6.14e-06  
                                                        First-order 
 Iteration  Func-count       f(x)        Step-size       optimality
   440         441       2.8505e-05              1       5.11e-06  
   441         442      2.85007e-05              1       5.15e-06  
   442         443      2.84966e-05              1       4.44e-06  
   443         444      2.84928e-05              1       4.35e-06  
   444         445      2.84892e-05              1       4.14e-06  
   445         446      2.84861e-05              1       3.99e-06  
   446         447      2.84833e-05              1       3.93e-06  
   447         448      2.84807e-05              1       3.43e-06  
   448         449      2.84782e-05              1       3.67e-06  
   449         450       2.8476e-05              1        3.5e-06  
   450         451      2.84739e-05              1       2.97e-06  
   451         452      2.84717e-05              1       3.38e-06  
   452         453      2.84694e-05              1       3.38e-06  
   453         454      2.84671e-05              1       3.24e-06  
   454         455       2.8465e-05              1       3.85e-06  
   455         456      2.84631e-05              1       4.01e-06  
   456         457      2.84612e-05              1       3.79e-06  
   457         458      2.84591e-05              1        3.4e-06  
   458         459       2.8457e-05              1       3.33e-06  
   459         460      2.84549e-05              1       3.64e-06  
                                                        First-order 
 Iteration  Func-count       f(x)        Step-size       optimality
   460         461       2.8453e-05              1       3.83e-06  
   461         462      2.84513e-05              1       3.38e-06  
   462         463      2.84497e-05              1       3.31e-06  
   463         464      2.84482e-05              1       2.61e-06  
   464         465      2.84468e-05              1       2.84e-06  
   465         466      2.84454e-05              1       2.61e-06  
   466         467       2.8444e-05              1       2.81e-06  
   467         468      2.84427e-05              1       2.98e-06  
   468         469      2.84414e-05              1       2.88e-06  
   469         470      2.84401e-05              1       2.82e-06  
   470         471      2.84387e-05              1        2.6e-06  
   471         472      2.84373e-05              1       2.56e-06  
   472         473      2.84359e-05              1       2.81e-06  
   473         474      2.84345e-05              1       2.95e-06  
   474         475       2.8433e-05              1       4.05e-06  
   475         476      2.84314e-05              1        4.4e-06  
   476         477      2.84298e-05              1        3.5e-06  
   477         478      2.84282e-05              1       2.75e-06  
   478         479      2.84267e-05              1       2.96e-06  
   479         480      2.84251e-05              1       2.91e-06  
                                                        First-order 
 Iteration  Func-count       f(x)        Step-size       optimality
   480         481      2.84234e-05              1       3.37e-06  
   481         482      2.84217e-05              1       3.53e-06  
   482         483      2.84198e-05              1        3.3e-06  
   483         484      2.84177e-05              1        3.6e-06  
   484         485      2.84157e-05              1       3.57e-06  
   485         486      2.84136e-05              1       3.38e-06  
   486         487      2.84118e-05              1       3.48e-06  
   487         488        2.841e-05              1       3.07e-06  
   488         489      2.84081e-05              1       2.89e-06  
   489         490      2.84061e-05              1       3.18e-06  
   490         491      2.84041e-05              1       3.13e-06  
   491         492       2.8402e-05              1        3.3e-06  
   492         493      2.83998e-05              1       3.37e-06  
   493         494      2.83976e-05              1       3.55e-06  
   494         495      2.83954e-05              1       3.86e-06  
   495         496      2.83932e-05              1       3.56e-06  
   496         497      2.83911e-05              1       3.53e-06  
   497         498      2.83889e-05              1        3.8e-06  
   498         499       2.8387e-05              1       3.22e-06  
   499         500      2.83852e-05              1       3.18e-06  
                                                        First-order 
 Iteration  Func-count       f(x)        Step-size       optimality
   500         501      2.83833e-05              1        3.7e-06  
   501         502      2.83812e-05              1        4.1e-06  
   502         503      2.83789e-05              1       4.15e-06  
   503         504      2.83764e-05              1       4.27e-06  
   504         505       2.8374e-05              1       4.45e-06  
   505         506      2.83717e-05              1       3.44e-06  
   506         507      2.83694e-05              1       3.83e-06  
   507         508      2.83672e-05              1        3.4e-06  
   508         509      2.83651e-05              1       3.51e-06  
   509         510       2.8363e-05              1       4.45e-06  
   510         511      2.83609e-05              1       4.58e-06  
   511         512      2.83587e-05              1       3.52e-06  
   512         513      2.83566e-05              1       3.18e-06  
   513         514      2.83547e-05              1       3.21e-06  
   514         515      2.83529e-05              1       3.23e-06  
   515         516      2.83509e-05              1       3.87e-06  
   516         517      2.83487e-05              1       3.35e-06  
   517         518      2.83466e-05              1       3.16e-06  
   518         519      2.83446e-05              1       3.46e-06  
   519         520      2.83428e-05              1       3.73e-06  
                                                        First-order 
 Iteration  Func-count       f(x)        Step-size       optimality
   520         521       2.8341e-05              1       3.03e-06  
   521         522      2.83393e-05              1       3.13e-06  
   522         523      2.83376e-05              1       3.42e-06  
   523         524      2.83359e-05              1       3.78e-06  
   524         525      2.83342e-05              1       3.68e-06  
   525         526      2.83324e-05              1       3.46e-06  
   526         527      2.83304e-05              1       3.43e-06  
   527         528      2.83284e-05              1       3.93e-06  
   528         529      2.83263e-05              1        4.2e-06  
   529         530      2.83243e-05              1       3.54e-06  
   530         531      2.83222e-05              1       4.05e-06  
   531         532      2.83202e-05              1       3.94e-06  
   532         533      2.83181e-05              1       4.66e-06  
   533         534      2.83159e-05              1        5.1e-06  
   534         535      2.83138e-05              1       3.91e-06  
   535         536      2.83116e-05              1       4.07e-06  
   536         537      2.83095e-05              1       3.96e-06  
   537         538      2.83076e-05              1       3.54e-06  
   538         539      2.83056e-05              1       3.91e-06  
   539         540      2.83036e-05              1       3.13e-06  
                                                        First-order 
 Iteration  Func-count       f(x)        Step-size       optimality
   540         541      2.83016e-05              1       3.22e-06  
   541         542      2.82995e-05              1       3.43e-06  
   542         543      2.82975e-05              1       3.91e-06  
   543         544      2.82955e-05              1        3.6e-06  
   544         545      2.82936e-05              1       3.64e-06  
   545         546      2.82917e-05              1       3.37e-06  
   546         547      2.82898e-05              1       4.32e-06  
   547         548      2.82877e-05              1       4.53e-06  
   548         549      2.82856e-05              1       3.34e-06  
   549         550      2.82835e-05              1       3.22e-06  
   550         551      2.82815e-05              1       3.11e-06  
   551         552      2.82796e-05              1       3.44e-06  
   552         553      2.82779e-05              1       3.08e-06  
   553         554      2.82763e-05              1       2.81e-06  
   554         555      2.82748e-05              1       3.06e-06  
   555         556      2.82733e-05              1       3.09e-06  
   556         557      2.82718e-05              1       2.96e-06  
   557         558      2.82703e-05              1       2.63e-06  
   558         559      2.82689e-05              1        3.1e-06  
   559         560      2.82676e-05              1       3.02e-06  
                                                        First-order 
 Iteration  Func-count       f(x)        Step-size       optimality
   560         561      2.82663e-05              1       2.85e-06  
   561         562      2.82649e-05              1       2.61e-06  
   562         563      2.82634e-05              1       3.11e-06  
   563         564      2.82621e-05              1       2.95e-06  
   564         565      2.82609e-05              1       2.59e-06  
   565         566      2.82597e-05              1       2.42e-06  
   566         567      2.82586e-05              1       2.59e-06  
   567         568      2.82576e-05              1        2.8e-06  
   568         569      2.82567e-05              1       2.65e-06  
   569         570      2.82558e-05              1       2.73e-06  
   570         571      2.82549e-05              1       2.68e-06  
   571         572       2.8254e-05              1       2.15e-06  
   572         573      2.82531e-05              1       2.49e-06  
   573         574      2.82522e-05              1       2.22e-06  
   574         575      2.82513e-05              1       2.89e-06  
   575         576      2.82505e-05              1       2.74e-06  
   576         577      2.82497e-05              1       2.66e-06  
   577         578       2.8249e-05              1       2.51e-06  
   578         579      2.82482e-05              1       1.99e-06  
   579         580      2.82475e-05              1       1.98e-06  
                                                        First-order 
 Iteration  Func-count       f(x)        Step-size       optimality
   580         581      2.82468e-05              1       2.13e-06  
   581         582      2.82462e-05              1       2.09e-06  
   582         583      2.82456e-05              1       1.87e-06  
   583         584       2.8245e-05              1       1.84e-06  
   584         585      2.82444e-05              1       1.77e-06  
   585         586      2.82439e-05              1       1.81e-06  
   586         587      2.82433e-05              1       1.79e-06  
   587         588      2.82427e-05              1       1.76e-06  
   588         589      2.82421e-05              1       2.03e-06  
   589         590      2.82415e-05              1       2.14e-06  
   590         591       2.8241e-05              1       1.87e-06  
   591         592      2.82405e-05              1       2.03e-06  
   592         593        2.824e-05              1       1.99e-06  
   593         594      2.82395e-05              1       1.86e-06  
   594         595       2.8239e-05              1       1.85e-06  
   595         596      2.82385e-05              1       1.65e-06  
   596         597       2.8238e-05              1       1.75e-06  
   597         598      2.82375e-05              1       1.73e-06  
   598         599       2.8237e-05              1        1.6e-06  
   599         600      2.82366e-05              1       1.89e-06  
                                                        First-order 
 Iteration  Func-count       f(x)        Step-size       optimality
   600         601      2.82362e-05              1       1.71e-06  
   601         602      2.82358e-05              1        1.5e-06  
   602         603      2.82353e-05              1       1.53e-06  
   603         604      2.82349e-05              1       1.86e-06  
   604         605      2.82346e-05              1       1.82e-06  
   605         606      2.82342e-05              1       1.56e-06  
   606         607      2.82339e-05              1       1.31e-06  
   607         608      2.82335e-05              1       1.43e-06  
   608         609      2.82332e-05              1        1.5e-06  
   609         610      2.82329e-05              1       1.27e-06  
   610         611      2.82326e-05              1       1.22e-06  
   611         612      2.82323e-05              1        1.2e-06  
   612         613       2.8232e-05              1       1.31e-06  
   613         614      2.82317e-05              1       1.19e-06  
   614         615      2.82315e-05              1       1.27e-06  
   615         616      2.82312e-05              1       1.18e-06  
   616         617      2.82309e-05              1        1.2e-06  
   617         618      2.82307e-05              1       1.14e-06  
   618         619      2.82304e-05              1       1.41e-06  
   619         620      2.82301e-05              1       1.37e-06  
                                                        First-order 
 Iteration  Func-count       f(x)        Step-size       optimality
   620         621      2.82298e-05              1        1.2e-06  
   621         622      2.82296e-05              1       1.19e-06  
   622         623      2.82293e-05              1       1.18e-06  
   623         624      2.82291e-05              1       1.13e-06  
   624         625      2.82288e-05              1       1.05e-06  
   625         626      2.82286e-05              1          1e-06  
   626         627      2.82284e-05              1       1.29e-06  
   627         628      2.82281e-05              1       1.16e-06  
   628         629      2.82279e-05              1       1.08e-06  
   629         630      2.82277e-05              1       9.77e-07  
   630         631      2.82274e-05              1       1.06e-06  
   631         632      2.82272e-05              1       1.12e-06  
   632         633       2.8227e-05              1        9.5e-07  
   633         634      2.82269e-05              1       8.93e-07  
   634         635      2.82267e-05              1       9.96e-07  
   635         636      2.82265e-05              1       1.11e-06  
   636         637      2.82263e-05              1       9.49e-07  
   637         638      2.82262e-05              1       8.42e-07  
   638         639       2.8226e-05              1       8.16e-07  
   639         640      2.82259e-05              1       8.87e-07  
                                                        First-order 
 Iteration  Func-count       f(x)        Step-size       optimality
   640         641      2.82257e-05              1        1.1e-06  
   641         642      2.82255e-05              1          1e-06  
   642         643      2.82253e-05              1       9.59e-07  
   643         644      2.82251e-05              1       1.05e-06  
   644         645      2.82249e-05              1        1.1e-06  
   645         646      2.82247e-05              1          1e-06  
   646         647      2.82245e-05              1       1.23e-06  
   647         648      2.82243e-05              1       1.13e-06  
   648         649      2.82241e-05              1       1.12e-06  
   649         650      2.82239e-05              1       1.19e-06  
   650         651      2.82237e-05              1       1.07e-06  
   651         652      2.82235e-05              1       1.02e-06  
   652         653      2.82234e-05              1       9.92e-07  
   653         654      2.82232e-05              1       9.43e-07  
   654         655       2.8223e-05              1       9.66e-07  
   655         656      2.82228e-05              1       9.62e-07  
   656         657      2.82227e-05              1       8.38e-07  
   657         658      2.82225e-05              1       9.21e-07  
   658         659      2.82223e-05              1       1.01e-06  
   659         660      2.82222e-05              1       1.02e-06  
                                                        First-order 
 Iteration  Func-count       f(x)        Step-size       optimality
   660         661       2.8222e-05              1       9.88e-07  
   661         662      2.82218e-05              1       1.14e-06  
   662         663      2.82217e-05              1       9.42e-07  
   663         664      2.82215e-05              1       9.48e-07  
   664         665      2.82213e-05              1        9.4e-07  
   665         666      2.82211e-05              1       8.92e-07  
   666         667       2.8221e-05              1       9.21e-07  
   667         668      2.82209e-05              1       8.34e-07  
   668         669      2.82207e-05              1       8.31e-07  
   669         670      2.82206e-05              1        8.5e-07  
   670         671      2.82205e-05              1       9.26e-07  
   671         672      2.82203e-05              1       1.03e-06  
   672         673      2.82202e-05              1       9.19e-07  
   673         674        2.822e-05              1       9.09e-07  
   674         675      2.82199e-05              1          9e-07  
   675         676      2.82197e-05              1       8.15e-07  
   676         677      2.82196e-05              1       8.37e-07  
   677         678      2.82195e-05              1       7.94e-07  
   678         679      2.82194e-05              1       8.03e-07  
   679         680      2.82193e-05              1       7.95e-07  
                                                        First-order 
 Iteration  Func-count       f(x)        Step-size       optimality
   680         681      2.82192e-05              1       8.26e-07  
   681         682      2.82191e-05              1       7.25e-07  
   682         683       2.8219e-05              1       7.91e-07  
   683         684      2.82189e-05              1       8.21e-07  
   684         685      2.82187e-05              1       8.62e-07  
   685         686      2.82186e-05              1        9.1e-07  
   686         687      2.82185e-05              1       7.73e-07  
   687         688      2.82185e-05              1       8.07e-07  
   688         689      2.82184e-05              1       8.23e-07  
   689         690      2.82183e-05              1       8.19e-07  
   690         691      2.82182e-05              1       8.57e-07  
   691         692      2.82181e-05              1       6.74e-07  
   692         693       2.8218e-05              1       7.35e-07  
   693         694      2.82179e-05              1       8.84e-07  
   694         695      2.82178e-05              1       8.48e-07  
   695         696      2.82177e-05              1       7.01e-07  
   696         697      2.82176e-05              1       6.64e-07  
   697         698      2.82176e-05              1       6.55e-07  
   698         699      2.82175e-05              1       6.02e-07  
   699         700      2.82174e-05              1       6.81e-07  
                                                        First-order 
 Iteration  Func-count       f(x)        Step-size       optimality
   700         701      2.82173e-05              1       6.24e-07  
   701         702      2.82173e-05              1       5.65e-07  
   702         703      2.82172e-05              1       6.65e-07  
   703         704      2.82171e-05              1       6.45e-07  
   704         705      2.82171e-05              1       6.76e-07  
   705         706       2.8217e-05              1        6.7e-07  
   706         707      2.82169e-05              1       7.24e-07  
   707         708      2.82169e-05              1       6.27e-07  
   708         709      2.82168e-05              1       5.48e-07  
   709         710      2.82168e-05              1       5.14e-07  
   710         711      2.82167e-05              1       6.02e-07  
   711         712      2.82167e-05              1        5.2e-07  
   712         713      2.82166e-05              1       5.92e-07  
   713         714      2.82165e-05              1       6.34e-07  
   714         715      2.82165e-05              1        6.1e-07  
   715         716      2.82164e-05              1       6.29e-07  
   716         717      2.82163e-05              1       5.79e-07  
   717         718      2.82163e-05              1        6.4e-07  
   718         719      2.82162e-05              1       6.73e-07  
   719         720      2.82161e-05              1       6.42e-07  
                                                        First-order 
 Iteration  Func-count       f(x)        Step-size       optimality
   720         721       2.8216e-05              1       5.55e-07  
   721         722       2.8216e-05              1       6.41e-07  
   722         723      2.82159e-05              1       6.83e-07  
   723         724      2.82159e-05              1       6.36e-07  
   724         725      2.82158e-05              1       6.16e-07  
   725         726      2.82157e-05              1       6.03e-07  
   726         727      2.82157e-05              1       6.47e-07  
   727         728      2.82156e-05              1       6.75e-07  
   728         729      2.82155e-05              1        6.6e-07  
   729         730      2.82155e-05              1       6.15e-07  
   730         731      2.82154e-05              1       5.86e-07  
   731         732      2.82153e-05              1       6.18e-07  
   732         733      2.82153e-05              1       7.34e-07  
   733         734      2.82152e-05              1        5.5e-07  
   734         735      2.82151e-05              1       5.61e-07  
   735         736      2.82151e-05              1       5.72e-07  
   736         737       2.8215e-05              1       5.38e-07  
   737         738       2.8215e-05              1       5.88e-07  
   738         739      2.82149e-05              1       6.02e-07  
   739         740      2.82149e-05              1       7.38e-07  
                                                        First-order 
 Iteration  Func-count       f(x)        Step-size       optimality
   740         741      2.82148e-05              1       7.34e-07  
   741         742      2.82147e-05              1       6.28e-07  
   742         743      2.82147e-05              1       5.89e-07  
   743         744      2.82146e-05              1       6.62e-07  
   744         745      2.82145e-05              1       5.96e-07  
   745         746      2.82145e-05              1       6.63e-07  
   746         747      2.82144e-05              1       6.94e-07  
   747         748      2.82144e-05              1       6.74e-07  
   748         749      2.82143e-05              1        6.1e-07  
   749         750      2.82143e-05              1       5.26e-07  
   750         751      2.82142e-05              1        5.2e-07  
   751         752      2.82141e-05              1       4.98e-07  
   752         753      2.82141e-05              1       6.23e-07  
   753         754       2.8214e-05              1       7.07e-07  
   754         755       2.8214e-05              1        6.5e-07  
   755         756      2.82139e-05              1       5.62e-07  
   756         757      2.82139e-05              1       6.58e-07  
   757         758      2.82138e-05              1       5.86e-07  
   758         759      2.82138e-05              1       4.36e-07  
   759         760      2.82137e-05              1       4.82e-07  
                                                        First-order 
 Iteration  Func-count       f(x)        Step-size       optimality
   760         761      2.82137e-05              1       5.22e-07  
   761         762      2.82136e-05              1       5.83e-07  
   762         763      2.82136e-05              1       5.31e-07  
   763         764      2.82136e-05              1       3.97e-07  
   764         765      2.82135e-05              1       4.12e-07  
   765         766      2.82135e-05              1       4.89e-07  
   766         767      2.82135e-05              1       4.78e-07  
   767         768      2.82134e-05              1       4.54e-07  
   768         769      2.82134e-05              1       4.24e-07  
   769         770      2.82134e-05              1       4.85e-07  
   770         771      2.82133e-05              1       4.27e-07  
   771         772      2.82133e-05              1       3.71e-07  
   772         773      2.82133e-05              1       4.13e-07  
   773         774      2.82132e-05              1       4.86e-07  
   774         775      2.82132e-05              1       4.82e-07  
   775         776      2.82132e-05              1       4.33e-07  
   776         777      2.82131e-05              1       3.99e-07  
   777         778      2.82131e-05              1       3.79e-07  
   778         779      2.82131e-05              1       3.98e-07  
   779         780      2.82131e-05              1        3.5e-07  
                                                        First-order 
 Iteration  Func-count       f(x)        Step-size       optimality
   780         781       2.8213e-05              1       3.77e-07  
   781         782       2.8213e-05              1          4e-07  
   782         783       2.8213e-05              1       3.79e-07  
   783         784      2.82129e-05              1       3.57e-07  
   784         785      2.82129e-05              1       3.26e-07  
   785         786      2.82129e-05              1        4.1e-07  
   786         787      2.82129e-05              1       4.37e-07  
   787         788      2.82129e-05              1       3.95e-07  
   788         789      2.82128e-05              1       3.22e-07  
   789         790      2.82128e-05              1       3.22e-07  
   790         791      2.82128e-05              1       3.33e-07  
   791         792      2.82128e-05              1       3.54e-07  
   792         793      2.82127e-05              1       3.53e-07  
   793         794      2.82127e-05              1       3.34e-07  
   794         795      2.82127e-05              1       3.12e-07  
   795         796      2.82127e-05              1       3.06e-07  
   796         797      2.82127e-05              1       3.52e-07  
   797         798      2.82126e-05              1       3.76e-07  
   798         799      2.82126e-05              1       3.99e-07  
   799         800      2.82126e-05              1       3.37e-07  
                                                        First-order 
 Iteration  Func-count       f(x)        Step-size       optimality
   800         801      2.82126e-05              1       3.82e-07  
   801         802      2.82126e-05              1       4.02e-07  
   802         803      2.82126e-05              1       3.98e-07  
   803         804      2.82125e-05              1       3.92e-07  
   804         805      2.82125e-05              1       3.51e-07  
   805         806      2.82125e-05              1       2.98e-07  
   806         807      2.82125e-05              1       2.88e-07  
   807         808      2.82125e-05              1       2.81e-07  
   808         809      2.82124e-05              1       3.07e-07  
   809         810      2.82124e-05              1        3.3e-07  
   810         811      2.82124e-05              1       3.02e-07  
   811         812      2.82124e-05              1       2.85e-07  
   812         813      2.82124e-05              1       2.88e-07  
   813         814      2.82124e-05              1       3.04e-07  
   814         815      2.82123e-05              1       3.86e-07  
   815         816      2.82123e-05              1       3.88e-07  
   816         817      2.82123e-05              1       3.39e-07  
   817         818      2.82123e-05              1       3.31e-07  
   818         819      2.82123e-05              1       3.23e-07  
   819         820      2.82122e-05              1          3e-07  
                                                        First-order 
 Iteration  Func-count       f(x)        Step-size       optimality
   820         821      2.82122e-05              1       2.85e-07  
   821         822      2.82122e-05              1       2.87e-07  
   822         823      2.82122e-05              1       3.76e-07  
   823         824      2.82122e-05              1       3.34e-07  
   824         825      2.82122e-05              1       2.53e-07  
   825         826      2.82122e-05              1       2.68e-07  
   826         827      2.82121e-05              1       3.04e-07  
   827         828      2.82121e-05              1       3.19e-07  
   828         829      2.82121e-05              1       2.82e-07  
   829         830      2.82121e-05              1       3.02e-07  
   830         831      2.82121e-05              1       2.82e-07  
   831         832      2.82121e-05              1       2.81e-07  
   832         833      2.82121e-05              1        2.6e-07  
   833         834       2.8212e-05              1       2.39e-07  
   834         835       2.8212e-05              1       2.11e-07  
   835         836       2.8212e-05              1       2.34e-07  
   836         837       2.8212e-05              1       2.12e-07  
   837         838       2.8212e-05              1       2.39e-07  
   838         839       2.8212e-05              1       2.34e-07  
   839         840       2.8212e-05              1       2.71e-07  
                                                        First-order 
 Iteration  Func-count       f(x)        Step-size       optimality
   840         841       2.8212e-05              1       2.64e-07  
   841         842       2.8212e-05              1       2.06e-07  
   842         843       2.8212e-05              1       2.26e-07  
   843         844       2.8212e-05              1       2.36e-07  
   844         845      2.82119e-05              1       2.73e-07  
   845         846      2.82119e-05              1       2.34e-07  
   846         847      2.82119e-05              1       1.81e-07  
   847         848      2.82119e-05              1       1.75e-07  
   848         849      2.82119e-05              1       1.58e-07  
   849         850      2.82119e-05              1        1.6e-07  
   850         851      2.82119e-05              1       1.84e-07  
   851         852      2.82119e-05              1       1.76e-07  
   852         853      2.82119e-05              1       1.57e-07  
   853         854      2.82119e-05              1       1.58e-07  
   854         855      2.82119e-05              1       1.87e-07  
   855         856      2.82119e-05              1       1.82e-07  
   856         857      2.82119e-05              1       1.61e-07  
   857         858      2.82119e-05              1       1.87e-07  
   858         859      2.82119e-05              1       1.73e-07  
   859         860      2.82119e-05              1       1.52e-07  
                                                        First-order 
 Iteration  Func-count       f(x)        Step-size       optimality
   860         861      2.82119e-05              1       1.45e-07  
   861         862      2.82119e-05              1       1.38e-07  
   862         863      2.82119e-05              1        1.4e-07  
   863         864      2.82119e-05              1       1.46e-07  
   864         865      2.82119e-05              1       1.53e-07  
   865         866      2.82118e-05              1       1.41e-07  
   866         867      2.82118e-05              1       1.24e-07  
   867         868      2.82118e-05              1       1.07e-07  
   868         869      2.82118e-05              1       1.19e-07  
   869         870      2.82118e-05              1       1.36e-07  
   870         871      2.82118e-05              1       1.13e-07  
   871         872      2.82118e-05              1        9.9e-08  

Optimization completed: The <a href = "matlab: helpview([docroot '/toolbox/optim/msg_csh/optim_msg_csh.map'],'first_order_opt_unc','CSHelpWindow');">first-order optimality measure</a>, 9.538352e-08, is less 
than <a href = "matlab: helpview([docroot '/toolbox/optim/msg_csh/optim_msg_csh.map'],'tolfun','CSHelpWindow');">options.TolFun</a> = 1.000000e-07.

Optimization Metric                                            Options
relative norm(gradient) =   9.54e-08                  TolFun =   1e-07 (selected)

