flow iter#1; |dv| = 4.92506
flow iter#2; |dv| = 1.23732
flow iter#3; |dv| = 1.49235
flow iter#4; |dv| = 1.96522
flow iter#5; |dv| = 1.60902
flow iter#6; |dv| = 0.88346
flow iter#7; |dv| = 0.254792
flow iter#8; |dv| = 0.26152
flow iter#9; |dv| = 0.369201
flow iter#10; |dv| = 0.312229
flow iter#11; |dv| = 0.186444
flow iter#12; |dv| = 0.0692117
flow iter#13; |dv| = 0.0292212
flow iter#14; |dv| = 0.053682
flow iter#15; |dv| = 0.0524809
flow iter#16; |dv| = 0.0356872
flow iter#17; |dv| = 0.0166984
flow iter#18; |dv| = 0.00614212
flow iter#19; |dv| = 0.00883343
flow iter#20; |dv| = 0.00980038
flow iter#21; |dv| = 0.0080425
flow iter#22; |dv| = 0.00586178
flow iter#23; |dv| = 0.00487326
                                                        First-order 
 Iteration  Func-count       f(x)        Step-size       optimality
     0           1        0.0524636                       0.00245
     1           4        0.0269295             91        0.00121  
     2           6        0.0123407       0.472969        0.00116  
     3           7        0.0017111              1       0.000334  
     4           8        0.0012282              1       0.000729  
     5           9      0.000629027              1       0.000148  
     6          10      0.000457154              1       0.000103  
     7          11      0.000276432              1       0.000255  
     8          12      0.000187021              1        0.00011  
     9          13      8.66707e-05              1       0.000176  
    10          14      6.98003e-05              1       3.71e-05  
    11          15      6.38254e-05              1       5.79e-05  
    12          16      5.78577e-05              1       5.78e-05  
    13          17       5.0283e-05              1       3.13e-05  
    14          18      4.19732e-05              1       3.25e-05  
    15          19      3.33271e-05              1       5.47e-05  
    16          20      2.73591e-05              1        7.8e-05  
    17          21      2.42711e-05              1       3.52e-05  
    18          22      2.27668e-05              1       3.06e-05  
    19          23      2.09875e-05              1       1.94e-05  
                                                        First-order 
 Iteration  Func-count       f(x)        Step-size       optimality
    20          24      1.82464e-05              1       0.000107  
    21          25      1.67052e-05              1       3.72e-05  
    22          26      1.53029e-05              1       3.44e-05  
    23          27      1.35731e-05              1       1.63e-05  
    24          28      1.23092e-05              1       2.54e-05  
    25          29      1.18497e-05              1       1.63e-05  
    26          30      1.08149e-05              1       2.19e-05  
    27          31      9.36206e-06              1       1.58e-05  
    28          32      8.46101e-06              1       3.61e-05  
    29          33      7.88439e-06              1       1.19e-05  
    30          34      7.29829e-06              1       1.24e-05  
    31          35      6.98447e-06              1       1.74e-05  
    32          36      6.69729e-06              1       1.33e-05  
    33          37      6.13146e-06              1       1.05e-05  
    34          38      5.69056e-06              1       1.36e-05  
    35          39      5.21598e-06              1       8.83e-06  
    36          40      4.98465e-06              1        6.8e-06  
    37          41      4.83545e-06              1       1.06e-05  
    38          42      4.64072e-06              1       7.66e-06  
    39          43       4.2803e-06              1       1.15e-05  
                                                        First-order 
 Iteration  Func-count       f(x)        Step-size       optimality
    40          44      4.02264e-06              1       1.44e-05  
    41          45      3.88982e-06              1       1.02e-05  
    42          46       3.7948e-06              1       1.42e-05  
    43          47      3.62526e-06              1       8.01e-06  
    44          48      3.51337e-06              1       9.77e-06  
    45          49      3.37588e-06              1       6.46e-06  
    46          50      3.26635e-06              1       4.69e-06  
    47          51      3.09178e-06              1       4.62e-06  
    48          52      2.96976e-06              1       4.18e-06  
    49          53      2.88641e-06              1       1.36e-05  
    50          54      2.79295e-06              1       4.85e-06  
    51          55      2.64755e-06              1       8.51e-06  
    52          56      2.39089e-06              1       1.33e-05  
    53          57      2.24653e-06              1       1.06e-05  
    54          58       2.1472e-06              1       1.08e-05  
    55          59      2.07031e-06              1        5.4e-06  
    56          60       1.9801e-06              1       7.63e-06  
    57          61      1.80702e-06              1       1.26e-05  
    58          62       1.7241e-06              1       8.34e-06  
    59          63      1.66022e-06              1       1.39e-05  
                                                        First-order 
 Iteration  Func-count       f(x)        Step-size       optimality
    60          64      1.59888e-06              1       4.49e-06  
    61          65      1.50855e-06              1       4.26e-06  
    62          66      1.31458e-06              1       1.32e-05  
    63          67      1.20181e-06              1       9.97e-06  
    64          68      1.14688e-06              1       1.11e-05  
    65          69      1.09541e-06              1       5.12e-06  
    66          70      1.01002e-06              1       7.12e-06  
    67          71      9.12494e-07              1       1.06e-05  
    68          72      8.27559e-07              1        1.4e-05  
    69          73      7.09937e-07              1       5.96e-06  
    70          74      6.39355e-07              1       1.66e-05  
    71          75      5.85434e-07              1       4.91e-06  
    72          76      5.46055e-07              1       3.13e-06  
    73          77      5.19958e-07              1       3.59e-06  
    74          78      4.99423e-07              1       3.17e-06  
    75          79      4.58216e-07              1       4.07e-06  
    76          80      4.10223e-07              1       2.31e-06  
    77          81      3.73179e-07              1       6.04e-06  
    78          82      3.29214e-07              1       3.84e-06  
    79          83      3.01676e-07              1       2.22e-06  
                                                        First-order 
 Iteration  Func-count       f(x)        Step-size       optimality
    80          84      2.79412e-07              1       2.09e-06  
    81          85      2.72683e-07              1       1.34e-06  
    82          86      2.48964e-07              1       1.45e-06  
    83          87      2.20273e-07              1       1.26e-06  
    84          88      1.84788e-07              1       2.36e-06  
    85          89      1.61275e-07              1       3.46e-06  
    86          90      1.53012e-07              1       8.32e-07  
    87          91      1.48417e-07              1        4.4e-06  
    88          92      1.41732e-07              1       3.83e-06  
    89          94      1.28037e-07       0.589914       2.11e-06  
    90          95      1.18565e-07              1        2.1e-06  
    91          96      1.05987e-07              1       1.69e-06  
    92          97      9.49711e-08              1       2.15e-06  
    93          98       8.6117e-08              1       2.18e-06  
    94          99      8.19629e-08              1        1.3e-06  
    95         100      7.86242e-08              1       1.36e-06  
    96         101      7.52204e-08              1       1.33e-06  
    97         102      6.82595e-08              1       2.18e-06  
    98         103      6.33911e-08              1       2.62e-06  
    99         104      5.89631e-08              1       2.36e-06  
                                                        First-order 
 Iteration  Func-count       f(x)        Step-size       optimality
   100         105      5.53419e-08              1       1.52e-06  
   101         106      5.29848e-08              1       8.13e-07  
   102         107      5.14144e-08              1       6.69e-07  
   103         108      4.98258e-08              1       1.55e-06  
   104         109      4.78538e-08              1       1.04e-06  
   105         110       4.5252e-08              1       1.12e-06  
   106         111      4.20032e-08              1       1.08e-06  
   107         112      4.00094e-08              1       1.52e-06  
   108         113      3.79642e-08              1          2e-06  
   109         114      3.54386e-08              1       1.88e-06  
   110         115      3.15793e-08              1       1.45e-06  
   111         116      2.75348e-08              1        8.1e-07  
   112         117      2.41492e-08              1       7.15e-07  
   113         118      2.12064e-08              1          9e-07  
   114         119      1.94277e-08              1       1.61e-06  
   115         120      1.79396e-08              1        1.2e-06  
   116         121      1.71662e-08              1       1.75e-06  
   117         122      1.63236e-08              1       9.44e-07  
   118         123      1.53682e-08              1       4.53e-07  
   119         124      1.44801e-08              1       5.33e-07  
                                                        First-order 
 Iteration  Func-count       f(x)        Step-size       optimality
   120         125      1.31651e-08              1        3.7e-07  
   121         126      1.23035e-08              1       4.46e-07  
   122         127      1.16272e-08              1       3.21e-07  
   123         128         1.12e-08              1       2.44e-07  
   124         129      1.09711e-08              1       4.26e-07  
   125         130      1.06609e-08              1       7.16e-07  
   126         131      1.02267e-08              1       9.36e-07  
   127         132      9.38923e-09              1       1.06e-06  
   128         133      8.20291e-09              1       9.84e-07  
   129         134      6.99948e-09              1       5.74e-07  
   130         135       6.3404e-09              1       2.52e-07  
   131         136      6.12926e-09              1       4.07e-07  
   132         137      5.98261e-09              1        4.6e-07  
   133         138      5.77232e-09              1       3.52e-07  
   134         139      5.48503e-09              1       4.08e-07  
   135         140      5.13734e-09              1       4.36e-07  
   136         141      4.67651e-09              1       6.72e-07  
   137         142      4.19374e-09              1       4.65e-07  
   138         143      3.74856e-09              1       1.77e-07  
   139         144      3.64056e-09              1       9.97e-08  
                                                        First-order 
 Iteration  Func-count       f(x)        Step-size       optimality
   140         145      3.60798e-09              1       1.38e-07  
   141         146      3.54652e-09              1       1.21e-07  
   142         147      3.45043e-09              1       1.17e-07  
   143         148      3.26337e-09              1       9.41e-08  
   144         149       3.0245e-09              1       1.94e-07  
   145         150      2.81257e-09              1       2.01e-07  
   146         151      2.67579e-09              1       1.83e-07  
   147         152      2.56478e-09              1       1.01e-07  
   148         153      2.44826e-09              1       2.13e-07  
   149         154      2.30597e-09              1       4.33e-07  
   150         155       2.1263e-09              1       4.42e-07  
   151         156      1.87334e-09              1       6.39e-07  
   152         157      1.58738e-09              1        1.3e-07  
   153         158      1.36554e-09              1       2.67e-07  
   154         159      1.18388e-09              1       1.56e-07  
   155         160       1.1351e-09              1       1.99e-07  
   156         161      1.11413e-09              1       1.14e-07  
   157         162       1.0994e-09              1       8.49e-08  
   158         163      1.08462e-09              1       6.93e-08  
   159         164      1.05691e-09              1       6.67e-08  
                                                        First-order 
 Iteration  Func-count       f(x)        Step-size       optimality
   160         165      1.00004e-09              1       8.73e-08  
   161         166      8.97799e-10              1       1.03e-07  
   162         167      7.67221e-10              1       1.38e-07  
   163         168      6.78064e-10              1       1.18e-07  
   164         169      6.47797e-10              1       5.87e-08  
   165         170      6.35717e-10              1       4.92e-08  
   166         171      6.21392e-10              1        1.1e-07  
   167         172      5.97256e-10              1        1.3e-07  
   168         173      5.54204e-10              1       2.76e-07  
   169         174      4.95264e-10              1       2.75e-07  
   170         175      4.27929e-10              1       3.22e-07  
   171         176      3.64729e-10              1       1.31e-07  
   172         177      3.25145e-10              1       2.46e-08  
   173         178      3.15342e-10              1       4.79e-08  
   174         179      3.08243e-10              1       5.01e-08  
   175         180      3.01966e-10              1       5.41e-08  
   176         181      2.87275e-10              1       6.52e-08  
   177         182      2.65305e-10              1       6.99e-08  
   178         183      2.31038e-10              1       6.71e-08  
   179         184      1.86367e-10              1       6.03e-08  
                                                        First-order 
 Iteration  Func-count       f(x)        Step-size       optimality
   180         185       1.4106e-10              1        4.5e-08  
   181         186      1.06925e-10              1       7.49e-08  
   182         187      7.67396e-11              1       4.98e-08  
   183         188      5.77464e-11              1       4.21e-08  
   184         189      5.36312e-11              1       2.55e-08  
   185         190      5.23473e-11              1       3.34e-08  
   186         191      5.15412e-11              1       1.79e-08  
   187         192      5.04222e-11              1       1.39e-08  
   188         193      4.79123e-11              1       3.42e-08  
   189         194      4.34145e-11              1       5.65e-08  
   190         195      3.60588e-11              1       6.65e-08  
   191         196      2.86583e-11              1       4.79e-08  
   192         197      2.47076e-11              1       2.15e-08  
   193         198      2.37217e-11              1       6.68e-09  
   194         199      2.35552e-11              1       3.57e-09  
   195         200      2.34204e-11              1       5.64e-09  
   196         201      2.31172e-11              1       9.43e-09  
   197         202      2.25025e-11              1       1.89e-08  
   198         203      2.11662e-11              1       3.23e-08  
   199         204      1.87855e-11              1        4.4e-08  
                                                        First-order 
 Iteration  Func-count       f(x)        Step-size       optimality
   200         205      1.58583e-11              1       4.19e-08  
   201         206      1.40572e-11              1       2.22e-08  
   202         207      1.36255e-11              1       5.84e-09  
   203         208      1.35767e-11              1       2.97e-09  
   204         209      1.35575e-11              1       1.95e-09  
   205         210      1.35032e-11              1       3.69e-09  
   206         211      1.33847e-11              1       7.36e-09  
   207         212      1.30782e-11              1       1.38e-08  
   208         213      1.23611e-11              1       2.29e-08  
   209         214      1.08349e-11              1       3.33e-08  
   210         215      8.39592e-12              1        3.8e-08  
   211         216       6.0715e-12              1       2.73e-08  
   212         217      5.09677e-12              1       7.51e-09  
   213         218      4.95891e-12              1       3.27e-09  
   214         219      4.93713e-12              1       3.69e-09  
   215         220      4.89992e-12              1       3.59e-09  
   216         221      4.80819e-12              1       3.64e-09  
   217         222      4.58302e-12              1        4.5e-09  
   218         223      4.07238e-12              1       5.73e-09  
   219         224      3.11731e-12              1       6.38e-09  
                                                        First-order 
 Iteration  Func-count       f(x)        Step-size       optimality
   220         225      1.93273e-12              1        7.8e-09  
   221         226       1.2071e-12              1       5.59e-09  
   222         227       1.0332e-12              1        1.4e-09  
   223         228      1.01418e-12              1       1.36e-09  
   224         229      1.00538e-12              1       1.49e-09  
   225         230        9.768e-13              1       1.65e-09  
   226         231      9.16728e-13              1       2.05e-09  
   227         232      7.75633e-13              1       3.22e-09  
   228         233      5.23238e-13              1       4.24e-09  
   229         234      2.17814e-13              1          4e-09  
   230         235      4.14556e-14              1       2.14e-09  
   231         236      2.94041e-15              1       5.52e-10  
   232         237      1.15017e-16              1       8.05e-11  

Optimization completed: The <a href = "matlab: helpview([docroot '/toolbox/optim/msg_csh/optim_msg_csh.map'],'first_order_opt_unc','CSHelpWindow');">first-order optimality measure</a>, 8.030790e-11, is less 
than <a href = "matlab: helpview([docroot '/toolbox/optim/msg_csh/optim_msg_csh.map'],'tolfun','CSHelpWindow');">options.TolFun</a> = 1.000000e-10.

Optimization Metric                                            Options
relative norm(gradient) =   8.03e-11                  TolFun =   1e-10 (selected)

                                                        First-order 
 Iteration  Func-count       f(x)        Step-size       optimality
     0           1         0.192924                        0.0397
     1           2         0.154793              1         0.0215  
     2           3         0.109301              1         0.0262  
     3           4        0.0837523              1           0.02  
     4           5        0.0577996              1         0.0359  
     5           6        0.0427706              1         0.0188  
     6           7        0.0326347              1         0.0126  
     7           8        0.0283563              1        0.00855  
     8           9        0.0246441              1        0.00919  
     9          10        0.0223331              1        0.00774  
    10          11        0.0194408              1         0.0068  
    11          12        0.0168175              1        0.00682  
    12          13        0.0144825              1        0.00548  
    13          14        0.0122937              1        0.00623  
    14          15        0.0104837              1        0.00602  
    15          16       0.00892801              1        0.00686  
    16          17       0.00771899              1        0.00584  
    17          18       0.00650031              1        0.00374  
    18          19       0.00548765              1        0.00309  
    19          20       0.00449639              1        0.00359  
                                                        First-order 
 Iteration  Func-count       f(x)        Step-size       optimality
    20          21       0.00365029              1        0.00287  
    21          22        0.0029459              1        0.00248  
    22          23       0.00242112              1        0.00206  
    23          24       0.00203937              1        0.00158  
    24          25       0.00176917              1        0.00146  
    25          26       0.00157174              1        0.00124  
    26          27       0.00141663              1       0.000922  
    27          28       0.00129319              1        0.00104  
    28          29       0.00119009              1        0.00092  
    29          30       0.00110554              1       0.000955  
    30          31       0.00103159              1       0.000887  
    31          32      0.000965999              1       0.000717  
    32          33      0.000904793              1       0.000661  
    33          34      0.000849637              1       0.000593  
    34          35      0.000797955              1       0.000628  
    35          36      0.000752757              1       0.000535  
    36          37      0.000711713              1       0.000616  
    37          38      0.000674458              1        0.00064  
    38          39      0.000638555              1        0.00069  
    39          40      0.000603265              1       0.000708  
                                                        First-order 
 Iteration  Func-count       f(x)        Step-size       optimality
    40          41      0.000566732              1       0.000666  
    41          42      0.000530427              1       0.000599  
    42          43      0.000497808              1       0.000539  
    43          44      0.000470833              1       0.000374  
    44          45      0.000449232              1       0.000391  
    45          46      0.000430045              1       0.000411  
    46          47      0.000411808              1       0.000424  
    47          48      0.000393917              1       0.000364  
    48          49      0.000377504              1       0.000496  
    49          50       0.00036112              1       0.000493  
    50          51      0.000345472              1       0.000519  
    51          52       0.00032975              1        0.00048  
    52          53       0.00031686              1       0.000419  
    53          54      0.000304471              1       0.000367  
    54          55      0.000293709              1       0.000318  
    55          56      0.000282798              1       0.000313  
    56          57      0.000272168              1        0.00034  
    57          58      0.000261547              1       0.000292  
    58          59      0.000252263              1       0.000259  
    59          60      0.000244208              1       0.000263  
                                                        First-order 
 Iteration  Func-count       f(x)        Step-size       optimality
    60          61      0.000237503              1       0.000206  
    61          62      0.000231353              1       0.000213  
    62          63      0.000225954              1       0.000242  
    63          64      0.000220722              1       0.000239  
    64          65      0.000215819              1       0.000281  
    65          66      0.000210794              1       0.000245  
    66          67       0.00020585              1        0.00024  
    67          68      0.000200606              1       0.000186  
    68          69      0.000195716              1       0.000202  
    69          70      0.000191257              1       0.000182  
    70          71      0.000187325              1       0.000166  
    71          72      0.000183655              1       0.000164  
    72          73      0.000180147              1       0.000175  
    73          74      0.000176677              1       0.000174  
    74          75      0.000173207              1       0.000146  
    75          76      0.000169626              1       0.000142  
    76          77      0.000165962              1        0.00015  
    77          78      0.000162296              1       0.000159  
    78          79      0.000158919              1       0.000156  
    79          80      0.000155841              1       0.000165  
                                                        First-order 
 Iteration  Func-count       f(x)        Step-size       optimality
    80          81      0.000153053              1       0.000149  
    81          82      0.000150222              1       0.000127  
    82          83      0.000147437              1       0.000136  
    83          84      0.000144684              1       0.000127  
    84          85      0.000142234              1       0.000131  
    85          86      0.000139939              1       0.000152  
    86          87      0.000137913              1        0.00014  
    87          88      0.000135969              1       0.000117  
    88          89      0.000134102              1       0.000128  
    89          90       0.00013219              1       0.000107  
    90          91      0.000130341              1       0.000115  
    91          92      0.000128592              1       0.000122  
    92          93      0.000127021              1       0.000102  
    93          94      0.000125555              1       9.04e-05  
    94          95      0.000124199              1       9.31e-05  
    95          96      0.000122902              1       8.43e-05  
    96          97      0.000121688              1       8.72e-05  
    97          98      0.000120451              1       0.000103  
    98          99      0.000119129              1       9.42e-05  
    99         100      0.000117657              1       0.000102  
                                                        First-order 
 Iteration  Func-count       f(x)        Step-size       optimality
   100         101      0.000116099              1       9.36e-05  
   101         102      0.000114491              1       0.000104  
   102         103      0.000112866              1       9.16e-05  
   103         104      0.000111207              1       0.000103  
   104         105       0.00010956              1       0.000105  
   105         106      0.000108011              1       9.37e-05  
   106         107      0.000106639              1       9.74e-05  
   107         108      0.000105434              1       8.83e-05  
   108         109      0.000104333              1       9.63e-05  
   109         110      0.000103308              1       7.73e-05  
   110         111      0.000102333              1       8.06e-05  
   111         112      0.000101415              1        7.8e-05  
   112         113      0.000100501              1       7.63e-05  
   113         114      9.95955e-05              1       7.91e-05  
   114         115      9.86002e-05              1       7.68e-05  
   115         116      9.75612e-05              1       7.55e-05  
   116         117      9.65174e-05              1       7.41e-05  
   117         118      9.55421e-05              1       7.56e-05  
   118         119      9.46023e-05              1       7.15e-05  
   119         120      9.36627e-05              1       7.46e-05  
                                                        First-order 
 Iteration  Func-count       f(x)        Step-size       optimality
   120         121      9.26769e-05              1       8.46e-05  
   121         122      9.16913e-05              1       7.65e-05  
   122         123      9.07365e-05              1       8.21e-05  
   123         124      8.98573e-05              1       8.19e-05  
   124         125      8.90048e-05              1       8.49e-05  
   125         126      8.81924e-05              1       8.85e-05  
   126         127       8.7357e-05              1       7.89e-05  
   127         128      8.66282e-05              1       7.03e-05  
   128         129      8.59182e-05              1       6.61e-05  
   129         130      8.52649e-05              1        7.3e-05  
   130         131      8.46459e-05              1       6.56e-05  
   131         132      8.40873e-05              1        6.7e-05  
   132         133      8.35568e-05              1       6.11e-05  
   133         134      8.30653e-05              1       6.42e-05  
   134         135      8.26044e-05              1       5.62e-05  
   135         136      8.21786e-05              1       5.25e-05  
   136         137      8.17573e-05              1       5.11e-05  
   137         138      8.13221e-05              1       5.68e-05  
   138         139      8.08535e-05              1       5.88e-05  
   139         140      8.03673e-05              1       5.97e-05  
                                                        First-order 
 Iteration  Func-count       f(x)        Step-size       optimality
   140         141      7.98736e-05              1        6.5e-05  
   141         142      7.94043e-05              1       5.86e-05  
   142         143      7.89528e-05              1       5.74e-05  
   143         144      7.85245e-05              1       5.31e-05  
   144         145      7.80856e-05              1       4.83e-05  
   145         146      7.76448e-05              1       5.96e-05  
   146         147      7.71946e-05              1       6.58e-05  
   147         148      7.67623e-05              1       7.45e-05  
   148         149      7.63462e-05              1        7.8e-05  
   149         150      7.59466e-05              1       8.17e-05  
   150         151      7.55424e-05              1       7.91e-05  
   151         152        7.513e-05              1       7.54e-05  
   152         153      7.47105e-05              1       6.42e-05  
   153         154      7.43005e-05              1       5.64e-05  
   154         155      7.39107e-05              1       5.08e-05  
   155         156      7.35497e-05              1       4.28e-05  
   156         157      7.32131e-05              1       3.99e-05  
   157         158      7.28986e-05              1       4.83e-05  
   158         159      7.25955e-05              1       5.14e-05  
   159         160      7.22998e-05              1       4.36e-05  
                                                        First-order 
 Iteration  Func-count       f(x)        Step-size       optimality
   160         161      7.19965e-05              1       4.43e-05  
   161         162       7.1689e-05              1       4.92e-05  
   162         163      7.13755e-05              1       4.91e-05  
   163         164      7.10545e-05              1       4.84e-05  
   164         165      7.07102e-05              1       4.59e-05  
   165         166      7.03425e-05              1        4.5e-05  
   166         167      6.99491e-05              1       4.52e-05  
   167         168      6.95417e-05              1       4.63e-05  
   168         169      6.91277e-05              1       4.59e-05  
   169         170      6.87109e-05              1       4.88e-05  
   170         171      6.82953e-05              1       5.69e-05  
   171         172      6.78851e-05              1       4.41e-05  
   172         173      6.74896e-05              1       4.13e-05  
   173         174      6.71001e-05              1       4.81e-05  
   174         175      6.67194e-05              1       5.51e-05  
   175         176      6.63328e-05              1       4.92e-05  
   176         177      6.59575e-05              1       4.37e-05  
   177         178      6.55896e-05              1       4.31e-05  
   178         179       6.5256e-05              1       4.17e-05  
   179         180      6.49228e-05              1        4.3e-05  
                                                        First-order 
 Iteration  Func-count       f(x)        Step-size       optimality
   180         181      6.45948e-05              1       4.31e-05  
   181         182      6.42457e-05              1       5.27e-05  
   182         183      6.38721e-05              1        4.6e-05  
   183         184      6.34764e-05              1       4.57e-05  
   184         185      6.30989e-05              1       4.67e-05  
   185         186      6.27518e-05              1       4.72e-05  
   186         187      6.24185e-05              1       5.54e-05  
   187         188      6.20505e-05              1       5.66e-05  
   188         189       6.1635e-05              1       5.56e-05  
   189         190      6.11628e-05              1       6.94e-05  
   190         191      6.06876e-05              1       7.33e-05  
   191         192       6.0176e-05              1        6.6e-05  
   192         193      5.96486e-05              1        6.9e-05  
   193         194      5.90703e-05              1       6.04e-05  
   194         195      5.85157e-05              1       5.75e-05  
   195         196      5.79459e-05              1       5.87e-05  
   196         197       5.7381e-05              1       7.66e-05  
   197         198      5.68122e-05              1       6.66e-05  
   198         199      5.62963e-05              1       6.49e-05  
   199         200      5.58702e-05              1       6.79e-05  
                                                        First-order 
 Iteration  Func-count       f(x)        Step-size       optimality
   200         201      5.54989e-05              1       5.62e-05  
   201         202      5.51568e-05              1       5.31e-05  
   202         203      5.47698e-05              1       4.32e-05  
   203         204      5.45328e-05              1        5.6e-05  
   204         205      5.41935e-05              1       5.42e-05  
   205         206      5.39112e-05              1       5.14e-05  
   206         207       5.3619e-05              1       3.94e-05  
   207         208      5.33515e-05              1       4.29e-05  
   208         209      5.30847e-05              1       4.43e-05  
   209         210      5.28271e-05              1       3.77e-05  
   210         211      5.25733e-05              1       3.48e-05  
   211         212      5.23269e-05              1       3.73e-05  
   212         213      5.20878e-05              1       3.93e-05  
   213         214      5.18542e-05              1       3.95e-05  
   214         215      5.16261e-05              1       4.99e-05  
   215         216      5.14061e-05              1       4.03e-05  
   216         217      5.12081e-05              1       3.51e-05  
   217         218      5.10365e-05              1       3.54e-05  
   218         219      5.08875e-05              1        3.1e-05  
   219         220      5.07476e-05              1       2.95e-05  
                                                        First-order 
 Iteration  Func-count       f(x)        Step-size       optimality
   220         221      5.06132e-05              1       3.82e-05  
   221         222      5.04785e-05              1       3.07e-05  
   222         223       5.0341e-05              1       2.84e-05  
   223         224      5.01997e-05              1       2.85e-05  
   224         225      5.00638e-05              1       2.75e-05  
   225         226      4.99281e-05              1       2.75e-05  
   226         227       4.9805e-05              1       2.75e-05  
   227         228      4.96888e-05              1       2.76e-05  
   228         229      4.95726e-05              1       2.67e-05  
   229         230      4.94525e-05              1       2.82e-05  
   230         231      4.93348e-05              1       2.78e-05  
   231         232      4.92252e-05              1       2.74e-05  
   232         233      4.91245e-05              1       2.42e-05  
   233         234      4.90287e-05              1        2.4e-05  
   234         235      4.89346e-05              1       2.63e-05  
   235         236      4.88415e-05              1       2.25e-05  
   236         237      4.87512e-05              1       2.07e-05  
   237         238      4.86662e-05              1       2.08e-05  
   238         239      4.85886e-05              1       2.06e-05  
   239         240      4.85166e-05              1        2.1e-05  
                                                        First-order 
 Iteration  Func-count       f(x)        Step-size       optimality
   240         241      4.84463e-05              1       2.13e-05  
   241         242      4.83737e-05              1       2.18e-05  
   242         243      4.82974e-05              1       2.04e-05  
   243         244      4.82182e-05              1       2.21e-05  
   244         245      4.81398e-05              1       1.99e-05  
   245         246      4.80668e-05              1       2.43e-05  
   246         247      4.80026e-05              1       2.04e-05  
   247         248      4.79462e-05              1       1.99e-05  
   248         249      4.78947e-05              1       1.76e-05  
   249         250      4.78456e-05              1       1.72e-05  
   250         251      4.77988e-05              1        1.8e-05  
   251         252      4.77534e-05              1       1.68e-05  
   252         253      4.77074e-05              1       1.95e-05  
   253         254      4.76585e-05              1       1.94e-05  
   254         255      4.76078e-05              1       1.99e-05  
   255         256      4.75577e-05              1       1.98e-05  
   256         257      4.75104e-05              1       1.54e-05  
   257         258      4.74657e-05              1        1.6e-05  
   258         259       4.7423e-05              1       1.64e-05  
   259         260      4.73814e-05              1       1.55e-05  
                                                        First-order 
 Iteration  Func-count       f(x)        Step-size       optimality
   260         261       4.7341e-05              1       1.58e-05  
   261         262      4.73017e-05              1       1.39e-05  
   262         263      4.72645e-05              1       1.44e-05  
   263         264      4.72298e-05              1       1.73e-05  
   264         265      4.71968e-05              1       1.76e-05  
   265         266      4.71635e-05              1       1.63e-05  
   266         267      4.71287e-05              1       1.61e-05  
   267         268      4.70927e-05              1       1.69e-05  
   268         269      4.70565e-05              1       1.73e-05  
   269         270      4.70199e-05              1       1.74e-05  
   270         271      4.69832e-05              1       1.64e-05  
   271         272      4.69465e-05              1       1.55e-05  
   272         273      4.69106e-05              1       1.58e-05  
   273         274      4.68745e-05              1       1.77e-05  
   274         275      4.68365e-05              1       1.85e-05  
   275         276      4.67948e-05              1       1.82e-05  
   276         277      4.67504e-05              1       2.07e-05  
   277         278      4.67047e-05              1       1.71e-05  
   278         279      4.66601e-05              1       1.67e-05  
   279         280      4.66167e-05              1       1.76e-05  
                                                        First-order 
 Iteration  Func-count       f(x)        Step-size       optimality
   280         281      4.65751e-05              1       1.95e-05  
   281         282       4.6534e-05              1       1.87e-05  
   282         283      4.64934e-05              1       1.64e-05  
   283         284      4.64514e-05              1       1.58e-05  
   284         285      4.64082e-05              1       1.72e-05  
   285         286      4.63633e-05              1       1.91e-05  
   286         287       4.6318e-05              1        1.6e-05  
   287         288      4.62726e-05              1       1.73e-05  
   288         289      4.62297e-05              1       1.75e-05  
   289         290      4.61893e-05              1       1.65e-05  
   290         291      4.61521e-05              1       1.49e-05  
   291         292      4.61153e-05              1       1.53e-05  
   292         293      4.60785e-05              1       1.64e-05  
   293         294       4.6041e-05              1       1.64e-05  
   294         295      4.60049e-05              1        1.7e-05  
   295         296      4.59696e-05              1       1.47e-05  
   296         297      4.59343e-05              1       1.48e-05  
   297         298      4.58965e-05              1        1.7e-05  
   298         299      4.58566e-05              1       1.52e-05  
   299         300      4.58147e-05              1       1.51e-05  
                                                        First-order 
 Iteration  Func-count       f(x)        Step-size       optimality
   300         301      4.57732e-05              1       1.56e-05  
   301         302      4.57316e-05              1       1.54e-05  
   302         303      4.56913e-05              1       1.73e-05  
   303         304       4.5652e-05              1        1.5e-05  
   304         305      4.56149e-05              1       1.37e-05  
   305         306      4.55801e-05              1       1.15e-05  
   306         307      4.55491e-05              1       1.17e-05  
   307         308      4.55217e-05              1       1.38e-05  
   308         309      4.54982e-05              1       1.33e-05  
   309         310      4.54772e-05              1       1.04e-05  
   310         311      4.54576e-05              1       1.05e-05  
   311         312      4.54383e-05              1       1.07e-05  
   312         313       4.5419e-05              1       1.17e-05  
   313         314      4.53999e-05              1       1.13e-05  
   314         315      4.53818e-05              1       1.15e-05  
   315         316      4.53653e-05              1       1.09e-05  
   316         317      4.53501e-05              1       1.15e-05  
   317         318      4.53348e-05              1       1.17e-05  
   318         319      4.53176e-05              1       1.27e-05  
   319         320      4.52982e-05              1       1.32e-05  
                                                        First-order 
 Iteration  Func-count       f(x)        Step-size       optimality
   320         321      4.52773e-05              1       1.39e-05  
   321         322      4.52561e-05              1       1.38e-05  
   322         323      4.52345e-05              1       1.38e-05  
   323         324      4.52108e-05              1       1.34e-05  
   324         325      4.51835e-05              1        1.4e-05  
   325         326      4.51529e-05              1        1.6e-05  
   326         327      4.51211e-05              1       1.43e-05  
   327         328      4.50899e-05              1       1.39e-05  
   328         329      4.50597e-05              1       1.42e-05  
   329         330      4.50299e-05              1       1.41e-05  
   330         331      4.49997e-05              1       1.39e-05  
   331         332      4.49693e-05              1        1.5e-05  
   332         333      4.49393e-05              1       1.37e-05  
   333         334      4.49103e-05              1       1.26e-05  
   334         335      4.48823e-05              1       1.25e-05  
   335         336      4.48551e-05              1       1.16e-05  
   336         337      4.48276e-05              1       1.22e-05  
   337         338      4.47994e-05              1       1.25e-05  
   338         339      4.47703e-05              1       1.31e-05  
   339         340      4.47416e-05              1       1.28e-05  
                                                        First-order 
 Iteration  Func-count       f(x)        Step-size       optimality
   340         341      4.47131e-05              1       1.24e-05  
   341         342      4.46854e-05              1       1.18e-05  
   342         343      4.46577e-05              1       1.25e-05  
   343         344      4.46317e-05              1       1.22e-05  
   344         345      4.46076e-05              1       1.13e-05  
   345         346      4.45855e-05              1       1.05e-05  
   346         347      4.45643e-05              1       1.23e-05  
   347         348      4.45427e-05              1       1.09e-05  
   348         349        4.452e-05              1       1.11e-05  
   349         350      4.44967e-05              1       1.14e-05  
   350         351       4.4474e-05              1       1.09e-05  
   351         352      4.44525e-05              1       1.18e-05  
   352         353      4.44321e-05              1       1.09e-05  
   353         354      4.44121e-05              1       1.19e-05  
   354         355      4.43929e-05              1          1e-05  
   355         356      4.43745e-05              1       1.03e-05  
   356         357      4.43575e-05              1       1.05e-05  
   357         358       4.4341e-05              1        1.1e-05  
   358         359      4.43251e-05              1       9.11e-06  
   359         360      4.43091e-05              1       1.03e-05  
                                                        First-order 
 Iteration  Func-count       f(x)        Step-size       optimality
   360         361      4.42939e-05              1       9.73e-06  
   361         362       4.4279e-05              1       8.86e-06  
   362         363      4.42644e-05              1       9.72e-06  
   363         364      4.42495e-05              1       1.04e-05  
   364         365      4.42342e-05              1       9.59e-06  
   365         366      4.42186e-05              1       9.46e-06  
   366         367      4.42034e-05              1       1.05e-05  
   367         368      4.41882e-05              1       1.13e-05  
   368         369      4.41726e-05              1       1.16e-05  
   369         370      4.41563e-05              1       1.06e-05  
   370         371      4.41399e-05              1       1.01e-05  
   371         372      4.41238e-05              1       1.11e-05  
   372         373      4.41081e-05              1       1.12e-05  
   373         374      4.40926e-05              1       1.03e-05  
   374         375      4.40766e-05              1       1.04e-05  
   375         376      4.40599e-05              1        8.7e-06  
   376         377      4.40426e-05              1       1.16e-05  
   377         378       4.4027e-05              1       1.14e-05  
   378         379      4.40117e-05              1       1.06e-05  
   379         380      4.39973e-05              1       9.58e-06  
                                                        First-order 
 Iteration  Func-count       f(x)        Step-size       optimality
   380         381      4.39837e-05              1       9.36e-06  
   381         382      4.39708e-05              1       8.81e-06  
   382         383      4.39582e-05              1       8.49e-06  
   383         384      4.39458e-05              1        9.4e-06  
   384         385      4.39332e-05              1       1.06e-05  
   385         386      4.39204e-05              1       1.18e-05  
   386         387      4.39072e-05              1       1.07e-05  
   387         388      4.38944e-05              1       8.97e-06  
   388         389      4.38823e-05              1       7.91e-06  
   389         390      4.38707e-05              1       8.11e-06  
   390         391      4.38591e-05              1        8.6e-06  
   391         392      4.38477e-05              1        9.6e-06  
   392         393      4.38369e-05              1       9.48e-06  
   393         394      4.38273e-05              1       9.15e-06  
   394         395       4.3819e-05              1       7.57e-06  
   395         396      4.38114e-05              1       7.44e-06  
   396         397      4.38039e-05              1       6.25e-06  
   397         398      4.37958e-05              1       6.43e-06  
   398         399      4.37866e-05              1       7.65e-06  
   399         400      4.37783e-05              1       7.69e-06  
                                                        First-order 
 Iteration  Func-count       f(x)        Step-size       optimality
   400         401      4.37694e-05              1       6.88e-06  
   401         402      4.37606e-05              1       7.62e-06  
   402         403      4.37512e-05              1       6.95e-06  
   403         404      4.37413e-05              1       8.82e-06  
   404         405      4.37312e-05              1       8.13e-06  
   405         406      4.37216e-05              1       9.38e-06  
   406         407      4.37131e-05              1        8.7e-06  
   407         408      4.37052e-05              1       6.79e-06  
   408         409      4.36971e-05              1       6.73e-06  
   409         410      4.36885e-05              1       7.06e-06  
   410         411      4.36792e-05              1       7.96e-06  
   411         412      4.36694e-05              1        7.3e-06  
   412         413      4.36597e-05              1       8.29e-06  
   413         414      4.36502e-05              1       6.79e-06  
   414         415      4.36406e-05              1       6.18e-06  
   415         416      4.36304e-05              1       7.63e-06  
   416         417       4.3619e-05              1       8.09e-06  
   417         418      4.36066e-05              1        9.2e-06  
   418         419      4.35927e-05              1       9.11e-06  
   419         420       4.3579e-05              1       9.57e-06  
                                                        First-order 
 Iteration  Func-count       f(x)        Step-size       optimality
   420         421       4.3564e-05              1        9.9e-06  
   421         422       4.3548e-05              1       1.21e-05  
   422         423      4.35305e-05              1       1.19e-05  
   423         424      4.35126e-05              1       1.04e-05  
   424         425      4.34933e-05              1       1.18e-05  
   425         426      4.34745e-05              1       1.35e-05  
   426         427      4.34544e-05              1        1.2e-05  
   427         428       4.3434e-05              1       1.14e-05  
   428         429      4.34095e-05              1       9.96e-06  
   429         430      4.33887e-05              1       1.12e-05  
   430         431      4.33643e-05              1       1.17e-05  
   431         432      4.33427e-05              1       1.22e-05  
   432         433      4.33206e-05              1       1.22e-05  
   433         434      4.32982e-05              1       1.14e-05  
   434         435      4.32735e-05              1       1.32e-05  
   435         436      4.32485e-05              1       1.39e-05  
   436         437      4.32251e-05              1       1.13e-05  
   437         438       4.3207e-05              1       2.21e-05  
   438         439      4.31834e-05              1       1.39e-05  
   439         440      4.31576e-05              1       1.26e-05  
                                                        First-order 
 Iteration  Func-count       f(x)        Step-size       optimality
   440         441      4.31297e-05              1       1.17e-05  
   441         442      4.31036e-05              1       1.48e-05  
   442         443      4.30729e-05              1       1.38e-05  
   443         444       4.3043e-05              1       1.35e-05  
   444         445      4.30147e-05              1        1.6e-05  
   445         446      4.29894e-05              1       1.36e-05  
   446         447      4.29643e-05              1       1.21e-05  
   447         448      4.29407e-05              1       1.27e-05  
   448         449      4.29199e-05              1       1.05e-05  
   449         450      4.29027e-05              1       9.54e-06  
   450         451      4.28879e-05              1       1.06e-05  
   451         452       4.2875e-05              1       9.78e-06  
   452         453      4.28628e-05              1        8.3e-06  
   453         454      4.28508e-05              1       9.23e-06  
   454         455      4.28384e-05              1       7.84e-06  
   455         456      4.28264e-05              1       9.81e-06  
   456         457      4.28148e-05              1       8.33e-06  
   457         458      4.28043e-05              1        7.1e-06  
   458         459      4.27945e-05              1       8.52e-06  
   459         460      4.27852e-05              1       7.62e-06  
                                                        First-order 
 Iteration  Func-count       f(x)        Step-size       optimality
   460         461      4.27764e-05              1       6.66e-06  
   461         462      4.27682e-05              1       6.69e-06  
   462         463      4.27607e-05              1       7.36e-06  
   463         464      4.27533e-05              1       6.78e-06  
   464         465      4.27457e-05              1       6.37e-06  
   465         466      4.27377e-05              1       6.44e-06  
   466         467      4.27296e-05              1       7.12e-06  
   467         468      4.27217e-05              1       7.09e-06  
   468         469      4.27141e-05              1       7.39e-06  
   469         470       4.2707e-05              1       6.25e-06  
   470         471      4.27005e-05              1       7.58e-06  
   471         472      4.26944e-05              1       6.74e-06  
   472         473      4.26884e-05              1       6.85e-06  
   473         474      4.26824e-05              1       5.65e-06  
   474         475      4.26765e-05              1       7.32e-06  
   475         476      4.26708e-05              1       6.52e-06  
   476         477      4.26651e-05              1       6.49e-06  
   477         478      4.26592e-05              1       6.45e-06  
   478         479      4.26534e-05              1       5.22e-06  
   479         480      4.26479e-05              1        5.3e-06  
                                                        First-order 
 Iteration  Func-count       f(x)        Step-size       optimality
   480         481      4.26428e-05              1       5.72e-06  
   481         482      4.26378e-05              1       6.21e-06  
   482         483       4.2633e-05              1       4.92e-06  
   483         484      4.26285e-05              1       6.12e-06  
   484         485      4.26241e-05              1       6.35e-06  
   485         486      4.26196e-05              1       6.61e-06  
   486         487      4.26149e-05              1       4.86e-06  
   487         488        4.261e-05              1       4.68e-06  
   488         489      4.26055e-05              1       4.58e-06  
   489         490      4.26014e-05              1       5.25e-06  
   490         491      4.25977e-05              1       5.01e-06  
   491         492      4.25942e-05              1       4.09e-06  
   492         493      4.25909e-05              1       4.09e-06  
   493         494      4.25875e-05              1       4.31e-06  
   494         495      4.25841e-05              1       4.57e-06  
   495         496      4.25804e-05              1       4.37e-06  
   496         497      4.25766e-05              1       4.63e-06  
   497         498      4.25728e-05              1        4.7e-06  
   498         499      4.25691e-05              1       5.14e-06  
   499         500      4.25655e-05              1       4.84e-06  
                                                        First-order 
 Iteration  Func-count       f(x)        Step-size       optimality
   500         501      4.25621e-05              1       5.05e-06  
   501         502      4.25586e-05              1       4.58e-06  
   502         503       4.2555e-05              1       5.61e-06  
   503         504      4.25514e-05              1       5.43e-06  
   504         505      4.25477e-05              1       5.25e-06  
   505         506       4.2544e-05              1       5.09e-06  
   506         507      4.25402e-05              1       4.68e-06  
   507         508      4.25364e-05              1       5.41e-06  
   508         509      4.25329e-05              1       5.73e-06  
   509         510      4.25294e-05              1       5.32e-06  
   510         511      4.25261e-05              1       4.89e-06  
   511         512      4.25226e-05              1       4.69e-06  
   512         513      4.25192e-05              1       4.21e-06  
   513         514      4.25158e-05              1       4.54e-06  
   514         515      4.25125e-05              1        4.5e-06  
   515         516      4.25094e-05              1       4.15e-06  
   516         517      4.25062e-05              1       4.34e-06  
   517         518      4.25033e-05              1       4.69e-06  
   518         519      4.25005e-05              1       4.36e-06  
   519         520       4.2498e-05              1       4.07e-06  
                                                        First-order 
 Iteration  Func-count       f(x)        Step-size       optimality
   520         521      4.24956e-05              1       4.67e-06  
   521         522      4.24932e-05              1       4.41e-06  
   522         523      4.24907e-05              1       4.42e-06  
   523         524      4.24879e-05              1       4.68e-06  
   524         525      4.24849e-05              1        4.7e-06  
   525         526       4.2482e-05              1       4.07e-06  
   526         527      4.24793e-05              1       3.44e-06  
   527         528       4.2477e-05              1       3.39e-06  
   528         529      4.24746e-05              1       4.08e-06  
   529         530      4.24722e-05              1       3.91e-06  
   530         531      4.24697e-05              1       3.77e-06  
   531         532      4.24672e-05              1       4.28e-06  
   532         533      4.24646e-05              1       4.28e-06  
   533         534       4.2462e-05              1       3.35e-06  
   534         535      4.24595e-05              1       3.74e-06  
   535         536       4.2457e-05              1       3.48e-06  
   536         537      4.24546e-05              1       3.57e-06  
   537         538      4.24524e-05              1       3.78e-06  
   538         539      4.24502e-05              1        3.3e-06  
   539         540      4.24482e-05              1       3.38e-06  
                                                        First-order 
 Iteration  Func-count       f(x)        Step-size       optimality
   540         541      4.24465e-05              1       2.95e-06  
   541         542      4.24448e-05              1       3.19e-06  
   542         543      4.24432e-05              1       2.71e-06  
   543         544      4.24417e-05              1       3.34e-06  
   544         545      4.24403e-05              1       2.81e-06  
   545         546       4.2439e-05              1        2.5e-06  
   546         547      4.24377e-05              1       2.54e-06  
   547         548      4.24364e-05              1       2.74e-06  
   548         549      4.24352e-05              1       2.42e-06  
   549         550      4.24339e-05              1       2.42e-06  
   550         551      4.24327e-05              1       2.31e-06  
   551         552      4.24317e-05              1       2.53e-06  
   552         553      4.24307e-05              1       2.42e-06  
   553         554      4.24298e-05              1       2.74e-06  
   554         555      4.24289e-05              1       2.53e-06  
   555         556      4.24279e-05              1        2.5e-06  
   556         557      4.24269e-05              1       2.87e-06  
   557         558      4.24259e-05              1       2.65e-06  
   558         559      4.24248e-05              1       2.79e-06  
   559         560      4.24238e-05              1       2.86e-06  
                                                        First-order 
 Iteration  Func-count       f(x)        Step-size       optimality
   560         561      4.24227e-05              1       2.75e-06  
   561         562      4.24216e-05              1       2.89e-06  
   562         563      4.24205e-05              1       2.94e-06  
   563         564      4.24194e-05              1       3.37e-06  
   564         565      4.24183e-05              1        2.6e-06  
   565         566      4.24171e-05              1       2.53e-06  
   566         567       4.2416e-05              1       2.66e-06  
   567         568      4.24149e-05              1       2.69e-06  
   568         569      4.24139e-05              1        2.6e-06  
   569         570      4.24129e-05              1       2.69e-06  
   570         571      4.24118e-05              1       2.97e-06  
   571         572      4.24107e-05              1       2.83e-06  
   572         573      4.24096e-05              1        2.4e-06  
   573         574      4.24086e-05              1       2.26e-06  
   574         575      4.24078e-05              1       2.26e-06  
   575         576       4.2407e-05              1       2.11e-06  
   576         577      4.24062e-05              1       1.99e-06  
   577         578      4.24055e-05              1        2.1e-06  
   578         579      4.24047e-05              1       2.35e-06  
   579         580      4.24039e-05              1       1.99e-06  
                                                        First-order 
 Iteration  Func-count       f(x)        Step-size       optimality
   580         581      4.24031e-05              1       1.91e-06  
   581         582      4.24024e-05              1       1.89e-06  
   582         583      4.24017e-05              1       2.23e-06  
   583         584      4.24009e-05              1       2.35e-06  
   584         585      4.24002e-05              1       2.23e-06  
   585         586      4.23994e-05              1       2.17e-06  
   586         587      4.23987e-05              1       2.05e-06  
   587         588      4.23979e-05              1       1.99e-06  
   588         589      4.23972e-05              1       1.92e-06  
   589         590      4.23966e-05              1       2.04e-06  
   590         591      4.23959e-05              1       1.74e-06  
   591         592      4.23952e-05              1       1.98e-06  
   592         593      4.23945e-05              1       2.29e-06  
   593         594      4.23938e-05              1       2.06e-06  
   594         595      4.23931e-05              1       2.25e-06  
   595         596      4.23924e-05              1       1.84e-06  
   596         597      4.23917e-05              1       2.21e-06  
   597         598       4.2391e-05              1       1.97e-06  
   598         599      4.23904e-05              1       1.82e-06  
   599         600      4.23897e-05              1       1.88e-06  
                                                        First-order 
 Iteration  Func-count       f(x)        Step-size       optimality
   600         601      4.23889e-05              1       1.89e-06  
   601         602      4.23882e-05              1       2.12e-06  
   602         603      4.23873e-05              1        2.1e-06  
   603         604      4.23865e-05              1       2.37e-06  
   604         605      4.23857e-05              1        1.9e-06  
   605         606      4.23849e-05              1       2.12e-06  
   606         607      4.23841e-05              1       2.27e-06  
   607         608      4.23834e-05              1       2.23e-06  
   608         609      4.23827e-05              1       2.22e-06  
   609         610       4.2382e-05              1          2e-06  
   610         611      4.23812e-05              1       2.02e-06  
   611         612      4.23804e-05              1       2.04e-06  
   612         613      4.23796e-05              1       1.99e-06  
   613         614      4.23788e-05              1       2.32e-06  
   614         615       4.2378e-05              1       2.14e-06  
   615         616      4.23773e-05              1       2.61e-06  
   616         617      4.23765e-05              1       2.58e-06  
   617         618      4.23757e-05              1       1.97e-06  
   618         619       4.2375e-05              1       2.13e-06  
   619         620      4.23743e-05              1       1.85e-06  
                                                        First-order 
 Iteration  Func-count       f(x)        Step-size       optimality
   620         621      4.23735e-05              1       2.34e-06  
   621         622      4.23728e-05              1       2.48e-06  
   622         623      4.23719e-05              1       2.32e-06  
   623         624      4.23711e-05              1        2.4e-06  
   624         625      4.23702e-05              1       2.42e-06  
   625         626      4.23693e-05              1       2.45e-06  
   626         627      4.23684e-05              1       2.48e-06  
   627         628      4.23675e-05              1       2.77e-06  
   628         629      4.23666e-05              1       2.61e-06  
   629         630      4.23657e-05              1       2.15e-06  
   630         631      4.23648e-05              1        2.2e-06  
   631         632      4.23639e-05              1       2.14e-06  
   632         633      4.23631e-05              1       2.36e-06  
   633         634      4.23624e-05              1       1.91e-06  
   634         635      4.23617e-05              1       1.71e-06  
   635         636       4.2361e-05              1       1.75e-06  
   636         637      4.23603e-05              1       2.02e-06  
   637         638      4.23596e-05              1       2.19e-06  
   638         639       4.2359e-05              1       2.38e-06  
   639         640      4.23584e-05              1        1.9e-06  
                                                        First-order 
 Iteration  Func-count       f(x)        Step-size       optimality
   640         641      4.23578e-05              1       1.92e-06  
   641         642      4.23573e-05              1       1.57e-06  
   642         643      4.23567e-05              1          2e-06  
   643         644      4.23562e-05              1       1.92e-06  
   644         645      4.23556e-05              1       1.87e-06  
   645         646       4.2355e-05              1       1.91e-06  
   646         647      4.23544e-05              1       2.09e-06  
   647         648      4.23539e-05              1       2.13e-06  
   648         649      4.23533e-05              1        1.8e-06  
   649         650      4.23528e-05              1       1.86e-06  
   650         651      4.23523e-05              1        2.1e-06  
   651         652      4.23519e-05              1       1.89e-06  
   652         653      4.23515e-05              1       1.38e-06  
   653         654      4.23511e-05              1       1.29e-06  
   654         655      4.23507e-05              1       1.52e-06  
   655         656      4.23504e-05              1       1.33e-06  
   656         657      4.23501e-05              1       1.39e-06  
   657         658      4.23498e-05              1        1.4e-06  
   658         659      4.23495e-05              1       1.45e-06  
   659         660      4.23492e-05              1       1.28e-06  
                                                        First-order 
 Iteration  Func-count       f(x)        Step-size       optimality
   660         661       4.2349e-05              1       1.46e-06  
   661         662      4.23488e-05              1       1.44e-06  
   662         663      4.23486e-05              1       1.21e-06  
   663         664      4.23484e-05              1       1.04e-06  
   664         665      4.23482e-05              1       1.16e-06  
   665         666       4.2348e-05              1       1.08e-06  
   666         667      4.23478e-05              1       1.35e-06  
   667         668      4.23476e-05              1       1.45e-06  
   668         669      4.23474e-05              1       1.29e-06  
   669         670      4.23472e-05              1       1.07e-06  
   670         671       4.2347e-05              1       8.49e-07  
   671         672      4.23468e-05              1       9.39e-07  
   672         673      4.23467e-05              1       1.01e-06  
   673         674      4.23466e-05              1       9.95e-07  
   674         675      4.23465e-05              1       8.32e-07  
   675         676      4.23463e-05              1       7.01e-07  
   676         677      4.23462e-05              1       8.09e-07  
   677         678      4.23461e-05              1       1.26e-06  
   678         679      4.23459e-05              1       1.34e-06  
   679         680      4.23458e-05              1       9.94e-07  
                                                        First-order 
 Iteration  Func-count       f(x)        Step-size       optimality
   680         681      4.23456e-05              1        7.9e-07  
   681         682      4.23455e-05              1       7.87e-07  
   682         683      4.23454e-05              1       8.24e-07  
   683         684      4.23452e-05              1       8.28e-07  
   684         685      4.23451e-05              1       9.08e-07  
   685         686       4.2345e-05              1       7.66e-07  
   686         687      4.23449e-05              1       7.23e-07  
   687         688      4.23448e-05              1       7.22e-07  
   688         689      4.23448e-05              1       6.21e-07  
   689         690      4.23447e-05              1       6.22e-07  
   690         691      4.23446e-05              1       6.08e-07  
   691         692      4.23446e-05              1       5.84e-07  
   692         693      4.23445e-05              1       6.06e-07  
   693         694      4.23444e-05              1       5.69e-07  
   694         695      4.23444e-05              1       5.45e-07  
   695         696      4.23443e-05              1       5.22e-07  
   696         697      4.23443e-05              1       6.52e-07  
   697         698      4.23442e-05              1        7.2e-07  
   698         699      4.23442e-05              1       5.78e-07  
   699         700      4.23441e-05              1       5.68e-07  
                                                        First-order 
 Iteration  Func-count       f(x)        Step-size       optimality
   700         701      4.23441e-05              1       5.13e-07  
   701         702       4.2344e-05              1       4.82e-07  
   702         703       4.2344e-05              1       6.23e-07  
   703         704      4.23439e-05              1       6.71e-07  
   704         705      4.23439e-05              1       6.33e-07  
   705         706      4.23438e-05              1       6.18e-07  
   706         707      4.23437e-05              1       5.39e-07  
   707         708      4.23437e-05              1       6.28e-07  
   708         709      4.23436e-05              1       6.09e-07  
   709         710      4.23436e-05              1       5.16e-07  
   710         711      4.23436e-05              1       5.05e-07  
   711         712      4.23435e-05              1       4.54e-07  
   712         713      4.23435e-05              1       5.21e-07  
   713         714      4.23434e-05              1       4.52e-07  
   714         715      4.23434e-05              1       4.21e-07  
   715         716      4.23434e-05              1       4.11e-07  
   716         717      4.23434e-05              1        3.9e-07  
   717         718      4.23433e-05              1       4.78e-07  
   718         719      4.23433e-05              1        4.1e-07  
   719         720      4.23433e-05              1       4.01e-07  
                                                        First-order 
 Iteration  Func-count       f(x)        Step-size       optimality
   720         721      4.23432e-05              1       4.16e-07  
   721         722      4.23432e-05              1       3.92e-07  
   722         723      4.23432e-05              1       3.84e-07  
   723         724      4.23431e-05              1       4.19e-07  
   724         725      4.23431e-05              1       4.49e-07  
   725         726      4.23431e-05              1       3.69e-07  
   726         727      4.23431e-05              1       3.83e-07  
   727         728       4.2343e-05              1       3.96e-07  
   728         729       4.2343e-05              1       4.23e-07  
   729         730       4.2343e-05              1       4.13e-07  
   730         731       4.2343e-05              1       3.88e-07  
   731         732      4.23429e-05              1       3.97e-07  
   732         733      4.23429e-05              1        3.9e-07  
   733         734      4.23429e-05              1       3.92e-07  
   734         735      4.23429e-05              1       3.68e-07  
   735         736      4.23428e-05              1       4.13e-07  
   736         737      4.23428e-05              1       3.81e-07  
   737         738      4.23428e-05              1       3.77e-07  
   738         739      4.23428e-05              1       3.37e-07  
   739         740      4.23427e-05              1       3.45e-07  
                                                        First-order 
 Iteration  Func-count       f(x)        Step-size       optimality
   740         741      4.23427e-05              1       3.89e-07  
   741         742      4.23427e-05              1       3.91e-07  
   742         743      4.23427e-05              1       3.21e-07  
   743         744      4.23426e-05              1       3.06e-07  
   744         745      4.23426e-05              1       4.06e-07  
   745         746      4.23426e-05              1       4.72e-07  
   746         747      4.23426e-05              1       3.75e-07  
   747         748      4.23426e-05              1       3.38e-07  
   748         749      4.23425e-05              1       3.49e-07  
   749         750      4.23425e-05              1       3.67e-07  
   750         751      4.23425e-05              1       3.29e-07  
   751         752      4.23425e-05              1       3.28e-07  
   752         753      4.23425e-05              1       3.09e-07  
   753         754      4.23424e-05              1       3.38e-07  
   754         755      4.23424e-05              1       3.35e-07  
   755         756      4.23424e-05              1       3.72e-07  
   756         757      4.23424e-05              1       3.53e-07  
   757         758      4.23423e-05              1       3.51e-07  
   758         759      4.23423e-05              1       4.14e-07  
   759         760      4.23423e-05              1       3.31e-07  
                                                        First-order 
 Iteration  Func-count       f(x)        Step-size       optimality
   760         761      4.23423e-05              1       3.62e-07  
   761         762      4.23423e-05              1        3.5e-07  
   762         763      4.23422e-05              1       2.95e-07  
   763         764      4.23422e-05              1       3.28e-07  
   764         765      4.23422e-05              1       3.53e-07  
   765         766      4.23422e-05              1       4.25e-07  
   766         767      4.23422e-05              1       3.81e-07  
   767         768      4.23421e-05              1       3.38e-07  
   768         769      4.23421e-05              1       3.46e-07  
   769         770      4.23421e-05              1       3.61e-07  
   770         771      4.23421e-05              1       3.49e-07  
   771         772      4.23421e-05              1       3.26e-07  
   772         773       4.2342e-05              1       3.85e-07  
   773         774       4.2342e-05              1       4.02e-07  
   774         775       4.2342e-05              1       3.97e-07  
   775         776       4.2342e-05              1       3.96e-07  
   776         777       4.2342e-05              1        3.2e-07  
   777         778      4.23419e-05              1       3.68e-07  
   778         779      4.23419e-05              1        3.7e-07  
   779         780      4.23419e-05              1       3.31e-07  
                                                        First-order 
 Iteration  Func-count       f(x)        Step-size       optimality
   780         781      4.23419e-05              1       2.89e-07  
   781         782      4.23419e-05              1        2.7e-07  
   782         783      4.23419e-05              1       2.56e-07  
   783         784      4.23418e-05              1       2.89e-07  
   784         785      4.23418e-05              1        2.8e-07  
   785         786      4.23418e-05              1       2.43e-07  
   786         787      4.23418e-05              1       2.38e-07  
   787         788      4.23418e-05              1       3.22e-07  
   788         789      4.23418e-05              1       3.41e-07  
   789         790      4.23418e-05              1       2.74e-07  
   790         791      4.23418e-05              1       2.74e-07  
   791         792      4.23417e-05              1       3.38e-07  
   792         793      4.23417e-05              1       2.93e-07  
   793         794      4.23417e-05              1       2.65e-07  
   794         795      4.23417e-05              1       3.19e-07  
   795         796      4.23417e-05              1       3.01e-07  
   796         797      4.23417e-05              1        2.8e-07  
   797         798      4.23417e-05              1       2.48e-07  
   798         799      4.23417e-05              1       2.35e-07  
   799         800      4.23417e-05              1       2.22e-07  
                                                        First-order 
 Iteration  Func-count       f(x)        Step-size       optimality
   800         801      4.23416e-05              1       2.18e-07  
   801         802      4.23416e-05              1       2.43e-07  
   802         803      4.23416e-05              1       2.58e-07  
   803         804      4.23416e-05              1       2.46e-07  
   804         805      4.23416e-05              1       2.41e-07  
   805         806      4.23416e-05              1       2.38e-07  
   806         807      4.23416e-05              1       2.39e-07  
   807         808      4.23416e-05              1       3.06e-07  
   808         809      4.23416e-05              1       3.42e-07  
   809         810      4.23415e-05              1       3.33e-07  
   810         811      4.23415e-05              1       2.81e-07  
   811         812      4.23415e-05              1       2.72e-07  
   812         813      4.23415e-05              1       2.82e-07  
   813         814      4.23415e-05              1       3.39e-07  
   814         815      4.23415e-05              1       3.17e-07  
   815         816      4.23414e-05              1       2.64e-07  
   816         817      4.23414e-05              1       2.66e-07  
   817         818      4.23414e-05              1       3.43e-07  
   818         819      4.23414e-05              1       2.96e-07  
   819         820      4.23414e-05              1       2.66e-07  
                                                        First-order 
 Iteration  Func-count       f(x)        Step-size       optimality
   820         821      4.23414e-05              1       2.54e-07  
   821         822      4.23414e-05              1       2.84e-07  
   822         823      4.23414e-05              1       3.61e-07  
   823         824      4.23413e-05              1       2.98e-07  
   824         825      4.23413e-05              1       2.74e-07  
   825         826      4.23413e-05              1       3.03e-07  
   826         827      4.23413e-05              1        3.7e-07  
   827         828      4.23413e-05              1       3.13e-07  
   828         829      4.23413e-05              1       2.75e-07  
   829         830      4.23413e-05              1       2.79e-07  
   830         831      4.23412e-05              1       2.73e-07  
   831         832      4.23412e-05              1       3.37e-07  
   832         833      4.23412e-05              1       3.31e-07  
   833         834      4.23412e-05              1       3.38e-07  
   834         835      4.23412e-05              1        3.4e-07  
   835         836      4.23412e-05              1        3.2e-07  
   836         837      4.23411e-05              1       3.01e-07  
   837         838      4.23411e-05              1       2.55e-07  
   838         839      4.23411e-05              1       2.73e-07  
   839         840      4.23411e-05              1       2.83e-07  
                                                        First-order 
 Iteration  Func-count       f(x)        Step-size       optimality
   840         841      4.23411e-05              1        2.8e-07  
   841         842      4.23411e-05              1       2.68e-07  
   842         843      4.23411e-05              1       2.95e-07  
   843         844      4.23411e-05              1       3.05e-07  
   844         845       4.2341e-05              1       3.33e-07  
   845         846       4.2341e-05              1       4.02e-07  
   846         847       4.2341e-05              1       3.54e-07  
   847         848       4.2341e-05              1       3.27e-07  
   848         849       4.2341e-05              1        2.6e-07  
   849         850       4.2341e-05              1        3.1e-07  
   850         851       4.2341e-05              1       3.08e-07  
   851         852      4.23409e-05              1       2.83e-07  
   852         853      4.23409e-05              1       2.94e-07  
   853         854      4.23409e-05              1       2.46e-07  
   854         855      4.23409e-05              1        3.2e-07  
   855         856      4.23409e-05              1       3.54e-07  
   856         857      4.23409e-05              1       2.63e-07  
   857         858      4.23409e-05              1       2.63e-07  
   858         859      4.23409e-05              1       2.68e-07  
   859         860      4.23409e-05              1       2.95e-07  
                                                        First-order 
 Iteration  Func-count       f(x)        Step-size       optimality
   860         861      4.23408e-05              1       3.02e-07  
   861         862      4.23408e-05              1       2.97e-07  
   862         863      4.23408e-05              1       3.24e-07  
   863         864      4.23408e-05              1       2.49e-07  
   864         865      4.23408e-05              1       2.63e-07  
   865         866      4.23408e-05              1       2.36e-07  
   866         867      4.23408e-05              1       2.14e-07  
   867         868      4.23408e-05              1       2.22e-07  
   868         869      4.23407e-05              1       2.25e-07  
   869         870      4.23407e-05              1       2.48e-07  
   870         871      4.23407e-05              1       2.99e-07  
   871         872      4.23407e-05              1       2.75e-07  
   872         873      4.23407e-05              1       2.63e-07  
   873         874      4.23407e-05              1       2.62e-07  
   874         875      4.23407e-05              1       2.53e-07  
   875         876      4.23407e-05              1       2.92e-07  
   876         877      4.23407e-05              1       3.34e-07  
   877         878      4.23406e-05              1       3.32e-07  
   878         879      4.23406e-05              1       3.09e-07  
   879         880      4.23406e-05              1        3.1e-07  
                                                        First-order 
 Iteration  Func-count       f(x)        Step-size       optimality
   880         881      4.23406e-05              1       2.85e-07  
   881         882      4.23406e-05              1       2.48e-07  
   882         883      4.23406e-05              1       2.65e-07  
   883         884      4.23406e-05              1        2.5e-07  
   884         885      4.23406e-05              1       2.98e-07  
   885         886      4.23405e-05              1       2.84e-07  
   886         887      4.23405e-05              1       3.22e-07  
   887         888      4.23405e-05              1       2.64e-07  
   888         889      4.23405e-05              1       2.57e-07  
   889         890      4.23405e-05              1       2.41e-07  
   890         891      4.23405e-05              1       2.29e-07  
   891         892      4.23405e-05              1       2.34e-07  
   892         893      4.23405e-05              1        2.3e-07  
   893         894      4.23405e-05              1       2.32e-07  
   894         895      4.23405e-05              1       2.09e-07  
   895         896      4.23405e-05              1       1.95e-07  
   896         897      4.23404e-05              1       2.03e-07  
   897         898      4.23404e-05              1       2.12e-07  
   898         899      4.23404e-05              1       2.33e-07  
   899         900      4.23404e-05              1       2.17e-07  
                                                        First-order 
 Iteration  Func-count       f(x)        Step-size       optimality
   900         901      4.23404e-05              1       2.46e-07  
   901         902      4.23404e-05              1       2.17e-07  
   902         903      4.23404e-05              1       1.89e-07  
   903         904      4.23404e-05              1       1.87e-07  
   904         905      4.23404e-05              1       1.81e-07  
   905         906      4.23404e-05              1       1.82e-07  
   906         907      4.23404e-05              1       1.77e-07  
   907         908      4.23404e-05              1       1.74e-07  
   908         909      4.23404e-05              1       1.62e-07  
   909         910      4.23404e-05              1       1.83e-07  
   910         911      4.23404e-05              1       1.72e-07  
   911         912      4.23404e-05              1       1.71e-07  
   912         913      4.23404e-05              1        1.9e-07  
   913         914      4.23403e-05              1       1.52e-07  
   914         915      4.23403e-05              1       1.35e-07  
   915         916      4.23403e-05              1        1.4e-07  
   916         917      4.23403e-05              1       1.66e-07  
   917         918      4.23403e-05              1        1.7e-07  
   918         919      4.23403e-05              1       1.49e-07  
   919         920      4.23403e-05              1       1.24e-07  
                                                        First-order 
 Iteration  Func-count       f(x)        Step-size       optimality
   920         921      4.23403e-05              1       1.32e-07  
   921         922      4.23403e-05              1       1.19e-07  
   922         923      4.23403e-05              1       1.24e-07  
   923         924      4.23403e-05              1       1.34e-07  
   924         925      4.23403e-05              1       1.33e-07  
   925         926      4.23403e-05              1       1.33e-07  
   926         927      4.23403e-05              1       1.23e-07  
   927         928      4.23403e-05              1       1.33e-07  
   928         929      4.23403e-05              1       1.39e-07  
   929         930      4.23403e-05              1       1.48e-07  
   930         931      4.23403e-05              1        1.2e-07  
   931         932      4.23403e-05              1       1.17e-07  
   932         933      4.23403e-05              1       1.32e-07  
   933         934      4.23403e-05              1       1.15e-07  
   934         935      4.23403e-05              1       1.45e-07  
   935         936      4.23403e-05              1       1.45e-07  
   936         937      4.23403e-05              1       1.31e-07  
   937         938      4.23403e-05              1       1.39e-07  
   938         939      4.23403e-05              1        1.3e-07  
   939         940      4.23403e-05              1       1.38e-07  
                                                        First-order 
 Iteration  Func-count       f(x)        Step-size       optimality
   940         941      4.23403e-05              1       1.26e-07  
   941         942      4.23403e-05              1       1.23e-07  
   942         943      4.23403e-05              1       1.25e-07  
   943         944      4.23403e-05              1       1.25e-07  
   944         945      4.23403e-05              1       1.23e-07  
   945         946      4.23403e-05              1       9.34e-08  

Optimization completed: The <a href = "matlab: helpview([docroot '/toolbox/optim/msg_csh/optim_msg_csh.map'],'first_order_opt_unc','CSHelpWindow');">first-order optimality measure</a>, 8.979116e-08, is less 
than <a href = "matlab: helpview([docroot '/toolbox/optim/msg_csh/optim_msg_csh.map'],'tolfun','CSHelpWindow');">options.TolFun</a> = 1.000000e-07.

Optimization Metric                                            Options
relative norm(gradient) =   8.98e-08                  TolFun =   1e-07 (selected)

