flow iter#1; |dv| = 4.92506
flow iter#2; |dv| = 1.23732
flow iter#3; |dv| = 1.49235
flow iter#4; |dv| = 1.96522
flow iter#5; |dv| = 1.60902
flow iter#6; |dv| = 0.88346
flow iter#7; |dv| = 0.254792
flow iter#8; |dv| = 0.26152
flow iter#9; |dv| = 0.369201
flow iter#10; |dv| = 0.312229
flow iter#11; |dv| = 0.186444
flow iter#12; |dv| = 0.0692117
flow iter#13; |dv| = 0.0292212
flow iter#14; |dv| = 0.053682
flow iter#15; |dv| = 0.0524809
flow iter#16; |dv| = 0.0356872
flow iter#17; |dv| = 0.0166984
flow iter#18; |dv| = 0.00614212
flow iter#19; |dv| = 0.00883343
flow iter#20; |dv| = 0.00980038
flow iter#21; |dv| = 0.0080425
flow iter#22; |dv| = 0.00586178
flow iter#23; |dv| = 0.00487326
                                                        First-order 
 Iteration  Func-count       f(x)        Step-size       optimality
     0           1        0.0481338                       0.00238
     1           4         0.025058             91        0.00117  
     2           6        0.0108955       0.490011       0.000789  
     3           7        0.0012663              1       0.000184  
     4           8      0.000425003              1       0.000402  
     5           9      0.000159089              1       0.000325  
     6          10      5.55228e-05              1       2.22e-05  
     7          11      5.25394e-05              1       2.39e-05  
     8          12      4.50254e-05              1       5.57e-05  
     9          13      3.17365e-05              1       9.27e-05  
    10          14      2.09826e-05              1       6.91e-05  
    11          15      1.35622e-05              1       1.43e-05  
    12          16      1.28275e-05              1       3.55e-05  
    13          17      1.24717e-05              1       7.95e-06  
    14          18      1.24015e-05              1       5.05e-06  
    15          19      1.23737e-05              1       2.37e-06  
    16          20      1.23665e-05              1       1.72e-06  
    17          21      1.23223e-05              1       3.26e-06  
    18          22       1.2249e-05              1       6.72e-06  
    19          23       1.2124e-05              1       2.97e-05  
                                                        First-order 
 Iteration  Func-count       f(x)        Step-size       optimality
    20          24      1.19364e-05              1       2.04e-05  
    21          25      1.18149e-05              1       1.79e-05  
    22          27      1.17261e-05       0.329367       1.86e-05  
    23          28      1.16737e-05              1       2.87e-05  
    24          29      1.14924e-05              1       5.87e-06  
    25          30      1.12784e-05              1       5.39e-06  
    26          33      1.08232e-05       0.313292       3.24e-05  
    27          35      1.04091e-05            0.5       8.09e-05  
    28          36      9.06187e-06              1       3.53e-05  
    29          37       8.1879e-06              1       0.000115  
    30          39      7.23994e-06       0.353605          6e-05  
    31          41      6.49138e-06       0.619429       9.41e-05  
    32          42      5.98649e-06              1       0.000106  
    33          43      5.53712e-06              1       4.58e-05  
    34          45      5.29847e-06       0.429282       9.18e-05  
    35          46      4.74815e-06              1       0.000182  
    36          47      3.97892e-06              1       9.71e-05  
    37          49      3.46224e-06       0.584189       0.000265  
    38          50      2.23368e-06              1       2.24e-05  
    39          52      1.87937e-06       0.609724       4.65e-05  
                                                        First-order 
 Iteration  Func-count       f(x)        Step-size       optimality
    40          53        1.611e-06              1       5.01e-05  
    41          54      1.46926e-06              1        6.3e-05  
    42          55      1.21204e-06              1       1.24e-05  
    43          56      7.29055e-07              1       1.68e-05  
    44          57      4.19435e-07              1       3.12e-05  
    45          58      3.09223e-07              1       6.55e-05  
    46          59      1.97396e-07              1       4.89e-05  
    47          60      1.41267e-07              1       2.79e-05  
    48          61      8.51865e-08              1       3.04e-06  
    49          62      6.80698e-08              1       3.05e-06  
    50          63      4.48129e-08              1       7.36e-06  
    51          64      2.30423e-08              1       7.46e-06  
    52          65      4.77598e-09              1       1.98e-06  
    53          66      3.02255e-10              1       2.17e-06  
    54          67      4.54236e-11              1       3.52e-07  
    55          68      1.56077e-11              1        1.7e-07  
    56          69      9.19492e-13              1       1.38e-07  
    57          70      9.91947e-14              1       1.57e-08  
    58          71      2.26306e-15              1       1.35e-08  
    59          72      1.25148e-16              1       4.35e-09  
                                                        First-order 
 Iteration  Func-count       f(x)        Step-size       optimality
    60          73      1.69115e-18              1       2.49e-10  
    61          74       4.9466e-20              1       1.28e-11  

Optimization completed: The <a href = "matlab: helpview([docroot '/toolbox/optim/msg_csh/optim_msg_csh.map'],'first_order_opt_unc','CSHelpWindow');">first-order optimality measure</a>, 1.279962e-11, is less 
than <a href = "matlab: helpview([docroot '/toolbox/optim/msg_csh/optim_msg_csh.map'],'tolfun','CSHelpWindow');">options.TolFun</a> = 1.000000e-10.

Optimization Metric                                            Options
relative norm(gradient) =   1.28e-11                  TolFun =   1e-10 (selected)

                                                        First-order 
 Iteration  Func-count       f(x)        Step-size       optimality
     0           1         0.228001                        0.0815
     1           2         0.163446              1         0.0447  
     2           4         0.124667       0.628365          0.122  
     3           5        0.0958376              1         0.0733  
     4           6        0.0659572              1         0.0315  
     5           7        0.0466554              1         0.0338  
     6           8        0.0359428              1         0.0225  
     7           9        0.0287857              1         0.0216  
     8          10        0.0248991              1         0.0162  
     9          11        0.0215788              1        0.00834  
    10          12        0.0196329              1        0.00612  
    11          13        0.0178922              1        0.00947  
    12          14        0.0163189              1         0.0149  
    13          15        0.0145724              1        0.00999  
    14          16         0.012644              1        0.00626  
    15          17        0.0108608              1        0.00498  
    16          18       0.00944913              1        0.00469  
    17          19       0.00795776              1        0.00507  
    18          20       0.00676858              1        0.00584  
    19          21       0.00578262              1        0.00468  
                                                        First-order 
 Iteration  Func-count       f(x)        Step-size       optimality
    20          22       0.00496366              1        0.00343  
    21          23       0.00434549              1        0.00299  
    22          24       0.00380329              1        0.00501  
    23          25       0.00334882              1        0.00271  
    24          26       0.00291273              1        0.00174  
    25          27       0.00256612              1        0.00179  
    26          28       0.00232123              1        0.00136  
    27          29       0.00208844              1        0.00121  
    28          30       0.00188941              1         0.0015  
    29          31       0.00172048              1        0.00132  
    30          32       0.00156587              1        0.00117  
    31          33       0.00142101              1        0.00101  
    32          34       0.00128741              1        0.00103  
    33          35       0.00116969              1       0.000824  
    34          36       0.00106309              1       0.000787  
    35          37      0.000968631              1       0.000861  
    36          38       0.00088618              1        0.00101  
    37          39       0.00081254              1       0.000986  
    38          40      0.000744875              1        0.00072  
    39          41      0.000684568              1        0.00067  
                                                        First-order 
 Iteration  Func-count       f(x)        Step-size       optimality
    40          42      0.000632788              1       0.000612  
    41          43      0.000591008              1       0.000566  
    42          44      0.000556706              1        0.00055  
    43          45      0.000527859              1       0.000501  
    44          46      0.000502557              1       0.000451  
    45          47      0.000480111              1       0.000464  
    46          48       0.00046103              1       0.000362  
    47          49      0.000444301              1       0.000375  
    48          50      0.000429619              1       0.000363  
    49          51      0.000415453              1        0.00037  
    50          52      0.000402054              1       0.000373  
    51          53      0.000388202              1       0.000379  
    52          54      0.000374796              1       0.000333  
    53          55      0.000361662              1       0.000436  
    54          56      0.000348928              1       0.000512  
    55          57      0.000336001              1       0.000518  
    56          58      0.000322951              1       0.000423  
    57          59      0.000309902              1       0.000305  
    58          60      0.000297155              1       0.000365  
    59          61      0.000284799              1       0.000373  
                                                        First-order 
 Iteration  Func-count       f(x)        Step-size       optimality
    60          62      0.000273002              1        0.00028  
    61          63      0.000261825              1       0.000274  
    62          64      0.000251376              1       0.000299  
    63          65      0.000241891              1       0.000293  
    64          66      0.000233498              1       0.000285  
    65          67      0.000226493              1       0.000324  
    66          68      0.000220599              1        0.00029  
    67          69      0.000214897              1       0.000301  
    68          70      0.000208562              1       0.000236  
    69          71      0.000202433              1       0.000207  
    70          72      0.000197409              1       0.000163  
    71          73      0.000192781              1       0.000177  
    72          74      0.000189118              1       0.000197  
    73          75      0.000185713              1       0.000161  
    74          76      0.000182263              1       0.000159  
    75          77      0.000178685              1       0.000163  
    76          78       0.00017506              1        0.00018  
    77          79      0.000171399              1       0.000228  
    78          80      0.000167539              1       0.000244  
    79          81      0.000163449              1       0.000253  
                                                        First-order 
 Iteration  Func-count       f(x)        Step-size       optimality
    80          82      0.000159096              1       0.000202  
    81          83      0.000154651              1        0.00017  
    82          84       0.00015025              1        0.00016  
    83          85      0.000146307              1       0.000157  
    84          86      0.000142823              1       0.000149  
    85          87      0.000139896              1       0.000149  
    86          88      0.000137141              1       0.000144  
    87          89      0.000134629              1       0.000156  
    88          90      0.000132233              1       0.000161  
    89          91      0.000130009              1       0.000162  
    90          92      0.000127865              1        0.00016  
    91          93      0.000125869              1       0.000146  
    92          94      0.000124111              1       0.000134  
    93          95      0.000122595              1       0.000117  
    94          96      0.000121223              1       0.000106  
    95          97      0.000119834              1       9.65e-05  
    96          98      0.000118394              1       0.000101  
    97          99       0.00011686              1       8.94e-05  
    98         100      0.000115372              1       0.000102  
    99         101       0.00011394              1          9e-05  
                                                        First-order 
 Iteration  Func-count       f(x)        Step-size       optimality
   100         102      0.000112623              1       9.36e-05  
   101         103      0.000111393              1       7.71e-05  
   102         104      0.000110263              1       9.09e-05  
   103         105      0.000109192              1       8.27e-05  
   104         106      0.000108201              1       7.64e-05  
   105         107      0.000107285              1       6.82e-05  
   106         108      0.000106429              1       6.81e-05  
   107         109      0.000105602              1       6.47e-05  
   108         110      0.000104817              1       6.68e-05  
   109         111      0.000104098              1       6.58e-05  
   110         112      0.000103449              1        5.9e-05  
   111         113      0.000102837              1        5.8e-05  
   112         114      0.000102234              1       5.52e-05  
   113         115       0.00010163              1       5.99e-05  
   114         116      0.000101039              1       5.92e-05  
   115         117       0.00010047              1       6.16e-05  
   116         118      9.99285e-05              1       6.26e-05  
   117         119      9.94135e-05              1       5.78e-05  
   118         120      9.89331e-05              1       5.75e-05  
   119         121      9.84776e-05              1       5.43e-05  
                                                        First-order 
 Iteration  Func-count       f(x)        Step-size       optimality
   120         122       9.8048e-05              1       4.87e-05  
   121         123      9.76273e-05              1       4.95e-05  
   122         124      9.72214e-05              1        5.8e-05  
   123         125      9.68385e-05              1       5.55e-05  
   124         126      9.65049e-05              1       5.76e-05  
   125         127      9.62182e-05              1       3.95e-05  
   126         128      9.59604e-05              1       3.49e-05  
   127         129      9.57066e-05              1        3.7e-05  
   128         130      9.54462e-05              1       4.38e-05  
   129         131      9.51797e-05              1       4.67e-05  
   130         132      9.49116e-05              1       4.21e-05  
   131         133      9.46464e-05              1       4.21e-05  
   132         134      9.43846e-05              1       4.51e-05  
   133         135      9.41273e-05              1       5.33e-05  
   134         136      9.38715e-05              1       5.63e-05  
   135         137      9.36225e-05              1        6.3e-05  
   136         138      9.33846e-05              1       6.14e-05  
   137         139      9.31631e-05              1       6.04e-05  
   138         140      9.29495e-05              1       5.13e-05  
   139         141      9.27341e-05              1       4.37e-05  
                                                        First-order 
 Iteration  Func-count       f(x)        Step-size       optimality
   140         142      9.25071e-05              1       3.57e-05  
   141         143      9.22712e-05              1       4.01e-05  
   142         144      9.20327e-05              1       3.84e-05  
   143         145      9.18023e-05              1       3.22e-05  
   144         146      9.15847e-05              1       3.54e-05  
   145         147      9.13803e-05              1       3.21e-05  
   146         148       9.1181e-05              1        3.3e-05  
   147         149      9.09825e-05              1       3.16e-05  
   148         150      9.07865e-05              1       3.34e-05  
   149         151      9.06035e-05              1       3.79e-05  
   150         152      9.04359e-05              1       3.95e-05  
   151         153      9.02792e-05              1       3.77e-05  
   152         154      9.01246e-05              1       2.97e-05  
   153         155      8.99735e-05              1       3.22e-05  
   154         156      8.98274e-05              1       3.24e-05  
   155         157      8.96863e-05              1       3.16e-05  
   156         158      8.95423e-05              1       2.49e-05  
   157         159      8.93952e-05              1        2.7e-05  
   158         160      8.92494e-05              1       2.42e-05  
   159         161      8.91125e-05              1       3.04e-05  
                                                        First-order 
 Iteration  Func-count       f(x)        Step-size       optimality
   160         162      8.89819e-05              1          3e-05  
   161         163      8.88557e-05              1       2.47e-05  
   162         164      8.87342e-05              1       2.82e-05  
   163         165      8.86226e-05              1       2.54e-05  
   164         166       8.8517e-05              1       2.61e-05  
   165         167      8.84089e-05              1        2.7e-05  
   166         168      8.82856e-05              1       2.61e-05  
   167         169      8.81485e-05              1       2.66e-05  
   168         170      8.80053e-05              1       2.66e-05  
   169         171      8.78658e-05              1       2.58e-05  
   170         172      8.77338e-05              1       2.79e-05  
   171         173      8.76128e-05              1       2.52e-05  
   172         174      8.75002e-05              1       2.31e-05  
   173         175      8.73949e-05              1       2.82e-05  
   174         176      8.72941e-05              1       2.61e-05  
   175         177      8.71988e-05              1       2.32e-05  
   176         178       8.7109e-05              1       2.26e-05  
   177         179      8.70249e-05              1       2.22e-05  
   178         180      8.69428e-05              1       2.39e-05  
   179         181      8.68623e-05              1       1.98e-05  
                                                        First-order 
 Iteration  Func-count       f(x)        Step-size       optimality
   180         182      8.67836e-05              1        2.2e-05  
   181         183      8.67116e-05              1       2.09e-05  
   182         184      8.66439e-05              1        2.3e-05  
   183         185      8.65777e-05              1       2.27e-05  
   184         186       8.6509e-05              1       1.89e-05  
   185         187      8.64415e-05              1        1.9e-05  
   186         188      8.63791e-05              1       2.01e-05  
   187         189      8.63241e-05              1       1.95e-05  
   188         190      8.62733e-05              1       1.57e-05  
   189         191      8.62249e-05              1        1.8e-05  
   190         192      8.61789e-05              1       1.55e-05  
   191         193      8.61364e-05              1       1.56e-05  
   192         194      8.60962e-05              1       1.49e-05  
   193         195      8.60566e-05              1       1.51e-05  
   194         196      8.60168e-05              1       1.45e-05  
   195         197      8.59784e-05              1       1.41e-05  
   196         198      8.59423e-05              1       1.36e-05  
   197         199      8.59078e-05              1       1.48e-05  
   198         200      8.58728e-05              1       1.25e-05  
   199         201      8.58375e-05              1       1.49e-05  
                                                        First-order 
 Iteration  Func-count       f(x)        Step-size       optimality
   200         202       8.5804e-05              1       1.53e-05  
   201         203      8.57739e-05              1       1.13e-05  
   202         204       8.5746e-05              1        1.2e-05  
   203         205      8.57179e-05              1        1.2e-05  
   204         206       8.5688e-05              1       1.51e-05  
   205         207      8.56577e-05              1       1.46e-05  
   206         208      8.56287e-05              1       1.24e-05  
   207         209      8.56017e-05              1       1.26e-05  
   208         210      8.55747e-05              1       1.17e-05  
   209         211      8.55464e-05              1       1.26e-05  
   210         212      8.55171e-05              1       1.26e-05  
   211         213      8.54886e-05              1       1.25e-05  
   212         214      8.54612e-05              1        1.3e-05  
   213         215      8.54345e-05              1       1.24e-05  
   214         216      8.54068e-05              1       1.21e-05  
   215         217      8.53781e-05              1       1.11e-05  
   216         218      8.53479e-05              1       1.23e-05  
   217         219      8.53164e-05              1       1.55e-05  
   218         220       8.5284e-05              1       1.38e-05  
   219         221      8.52527e-05              1       1.49e-05  
                                                        First-order 
 Iteration  Func-count       f(x)        Step-size       optimality
   220         222      8.52234e-05              1       1.19e-05  
   221         223      8.51964e-05              1       1.22e-05  
   222         224      8.51693e-05              1       1.34e-05  
   223         225      8.51415e-05              1       1.37e-05  
   224         226      8.51117e-05              1       1.27e-05  
   225         227      8.50813e-05              1       1.32e-05  
   226         228      8.50502e-05              1        1.3e-05  
   227         229      8.50204e-05              1        1.3e-05  
   228         230      8.49918e-05              1       1.21e-05  
   229         231      8.49651e-05              1       1.23e-05  
   230         232      8.49389e-05              1       1.25e-05  
   231         233      8.49131e-05              1       1.24e-05  
   232         234      8.48873e-05              1       1.25e-05  
   233         235      8.48624e-05              1       1.47e-05  
   234         236      8.48369e-05              1       1.28e-05  
   235         237      8.48095e-05              1       1.33e-05  
   236         238      8.47773e-05              1       1.48e-05  
   237         239      8.47423e-05              1       1.64e-05  
   238         240      8.47057e-05              1       1.52e-05  
   239         241      8.46713e-05              1       1.31e-05  
                                                        First-order 
 Iteration  Func-count       f(x)        Step-size       optimality
   240         242      8.46387e-05              1       1.38e-05  
   241         243      8.46083e-05              1       1.57e-05  
   242         244      8.45789e-05              1       1.43e-05  
   243         245      8.45514e-05              1       1.48e-05  
   244         246      8.45249e-05              1       1.04e-05  
   245         247         8.45e-05              1       1.23e-05  
   246         248      8.44755e-05              1        1.5e-05  
   247         249      8.44519e-05              1       1.28e-05  
   248         250      8.44281e-05              1       1.11e-05  
   249         251      8.44044e-05              1       1.17e-05  
   250         252      8.43803e-05              1       1.15e-05  
   251         253      8.43571e-05              1       1.47e-05  
   252         254      8.43346e-05              1       1.43e-05  
   253         255      8.43128e-05              1        1.2e-05  
   254         256        8.429e-05              1       1.13e-05  
   255         257      8.42653e-05              1       1.46e-05  
   256         258      8.42388e-05              1       1.57e-05  
   257         259       8.4212e-05              1       1.16e-05  
   258         260      8.41856e-05              1       1.22e-05  
   259         261      8.41602e-05              1       1.34e-05  
                                                        First-order 
 Iteration  Func-count       f(x)        Step-size       optimality
   260         262      8.41352e-05              1       1.19e-05  
   261         263      8.41114e-05              1       1.04e-05  
   262         264      8.40882e-05              1       1.15e-05  
   263         265      8.40673e-05              1        9.8e-06  
   264         266      8.40465e-05              1          1e-05  
   265         267      8.40255e-05              1       1.08e-05  
   266         268      8.40037e-05              1        1.1e-05  
   267         269      8.39809e-05              1        1.4e-05  
   268         270      8.39567e-05              1       1.18e-05  
   269         271      8.39318e-05              1       1.31e-05  
   270         272      8.39067e-05              1       1.32e-05  
   271         273      8.38818e-05              1       1.28e-05  
   272         274       8.3856e-05              1       1.15e-05  
   273         275      8.38285e-05              1       1.52e-05  
   274         276       8.3799e-05              1       1.91e-05  
   275         277      8.37684e-05              1       1.74e-05  
   276         278      8.37362e-05              1       1.44e-05  
   277         279      8.37035e-05              1       1.43e-05  
   278         280      8.36702e-05              1       1.47e-05  
   279         281      8.36396e-05              1       1.58e-05  
                                                        First-order 
 Iteration  Func-count       f(x)        Step-size       optimality
   280         282      8.36101e-05              1       1.57e-05  
   281         283      8.35817e-05              1       1.53e-05  
   282         284      8.35519e-05              1       1.44e-05  
   283         285      8.35206e-05              1        1.4e-05  
   284         286      8.34862e-05              1       1.47e-05  
   285         287        8.345e-05              1       1.46e-05  
   286         288      8.34126e-05              1       1.61e-05  
   287         289      8.33773e-05              1       1.56e-05  
   288         290      8.33447e-05              1       1.31e-05  
   289         291      8.33154e-05              1       1.29e-05  
   290         292      8.32867e-05              1       1.24e-05  
   291         293      8.32587e-05              1       1.42e-05  
   292         294      8.32308e-05              1       1.44e-05  
   293         295       8.3203e-05              1        1.4e-05  
   294         296      8.31746e-05              1       1.29e-05  
   295         297      8.31471e-05              1       1.12e-05  
   296         298      8.31212e-05              1       1.18e-05  
   297         299      8.30974e-05              1       1.06e-05  
   298         300      8.30748e-05              1       1.17e-05  
   299         301      8.30526e-05              1       1.07e-05  
                                                        First-order 
 Iteration  Func-count       f(x)        Step-size       optimality
   300         302        8.303e-05              1       1.06e-05  
   301         303       8.3007e-05              1       1.17e-05  
   302         304      8.29836e-05              1        1.1e-05  
   303         305      8.29613e-05              1       1.07e-05  
   304         306      8.29407e-05              1       1.15e-05  
   305         307       8.2922e-05              1       9.61e-06  
   306         308       8.2904e-05              1       9.14e-06  
   307         309      8.28861e-05              1       9.43e-06  
   308         310      8.28674e-05              1       8.93e-06  
   309         311      8.28481e-05              1        9.5e-06  
   310         312      8.28286e-05              1       1.18e-05  
   311         313      8.28087e-05              1       1.13e-05  
   312         314      8.27888e-05              1       1.11e-05  
   313         315      8.27697e-05              1       1.23e-05  
   314         316      8.27507e-05              1       1.29e-05  
   315         317      8.27314e-05              1       1.19e-05  
   316         318      8.27121e-05              1       1.18e-05  
   317         319      8.26944e-05              1       1.05e-05  
   318         320      8.26787e-05              1       1.03e-05  
   319         321      8.26644e-05              1       1.11e-05  
                                                        First-order 
 Iteration  Func-count       f(x)        Step-size       optimality
   320         322      8.26505e-05              1       1.13e-05  
   321         323       8.2637e-05              1       1.06e-05  
   322         324      8.26239e-05              1       9.52e-06  
   323         325       8.2611e-05              1        8.7e-06  
   324         326      8.25975e-05              1        1.1e-05  
   325         327      8.25835e-05              1       9.37e-06  
   326         328      8.25695e-05              1       9.12e-06  
   327         329      8.25564e-05              1       7.91e-06  
   328         330      8.25437e-05              1       9.98e-06  
   329         331      8.25305e-05              1       9.97e-06  
   330         332      8.25164e-05              1       7.75e-06  
   331         333      8.25016e-05              1       8.22e-06  
   332         334      8.24869e-05              1       7.98e-06  
   333         335      8.24725e-05              1       9.51e-06  
   334         336      8.24584e-05              1       9.01e-06  
   335         337      8.24442e-05              1       8.38e-06  
   336         338      8.24301e-05              1       9.36e-06  
   337         339      8.24167e-05              1       9.15e-06  
   338         340      8.24044e-05              1       8.36e-06  
   339         341       8.2393e-05              1       7.84e-06  
                                                        First-order 
 Iteration  Func-count       f(x)        Step-size       optimality
   340         342      8.23819e-05              1       8.06e-06  
   341         343      8.23709e-05              1       8.95e-06  
   342         344      8.23601e-05              1       8.94e-06  
   343         345      8.23496e-05              1       8.68e-06  
   344         346      8.23395e-05              1       9.11e-06  
   345         347      8.23298e-05              1        7.6e-06  
   346         348      8.23208e-05              1       6.58e-06  
   347         349      8.23126e-05              1       6.75e-06  
   348         350      8.23051e-05              1          7e-06  
   349         351       8.2298e-05              1       7.01e-06  
   350         352      8.22913e-05              1       6.84e-06  
   351         353      8.22848e-05              1       6.31e-06  
   352         354      8.22787e-05              1        6.1e-06  
   353         355      8.22728e-05              1       5.65e-06  
   354         356      8.22672e-05              1       6.31e-06  
   355         357      8.22621e-05              1          6e-06  
   356         358      8.22573e-05              1       4.91e-06  
   357         359      8.22525e-05              1        5.3e-06  
   358         360      8.22476e-05              1       5.24e-06  
   359         361      8.22424e-05              1       5.52e-06  
                                                        First-order 
 Iteration  Func-count       f(x)        Step-size       optimality
   360         362      8.22373e-05              1       5.11e-06  
   361         363      8.22324e-05              1       5.15e-06  
   362         364       8.2228e-05              1       5.16e-06  
   363         365      8.22241e-05              1       4.19e-06  
   364         366      8.22205e-05              1       4.73e-06  
   365         367      8.22167e-05              1       5.97e-06  
   366         368      8.22128e-05              1       5.83e-06  
   367         369       8.2209e-05              1       5.66e-06  
   368         370      8.22055e-05              1       5.09e-06  
   369         371      8.22024e-05              1       4.02e-06  
   370         372      8.21994e-05              1       4.32e-06  
   371         373      8.21962e-05              1       4.12e-06  
   372         374      8.21929e-05              1       3.87e-06  
   373         375      8.21896e-05              1       4.73e-06  
   374         376      8.21863e-05              1       4.25e-06  
   375         377       8.2183e-05              1       5.27e-06  
   376         378      8.21797e-05              1       4.65e-06  
   377         379      8.21763e-05              1       5.08e-06  
   378         380      8.21726e-05              1       4.89e-06  
   379         381      8.21687e-05              1       4.73e-06  
                                                        First-order 
 Iteration  Func-count       f(x)        Step-size       optimality
   380         382      8.21647e-05              1       5.35e-06  
   381         383      8.21607e-05              1       5.43e-06  
   382         384      8.21569e-05              1       4.83e-06  
   383         385      8.21535e-05              1       3.92e-06  
   384         386      8.21503e-05              1       4.21e-06  
   385         387      8.21473e-05              1       5.41e-06  
   386         388      8.21444e-05              1       4.95e-06  
   387         389      8.21414e-05              1       3.72e-06  
   388         390      8.21383e-05              1       4.26e-06  
   389         391      8.21349e-05              1       5.07e-06  
   390         392      8.21313e-05              1        5.4e-06  
   391         393      8.21274e-05              1       5.19e-06  
   392         394      8.21233e-05              1       4.92e-06  
   393         395       8.2119e-05              1       4.46e-06  
   394         396      8.21147e-05              1       4.33e-06  
   395         397      8.21104e-05              1       4.99e-06  
   396         398       8.2106e-05              1       5.11e-06  
   397         399      8.21016e-05              1       5.51e-06  
   398         400      8.20973e-05              1       5.36e-06  
   399         401      8.20931e-05              1       4.88e-06  
                                                        First-order 
 Iteration  Func-count       f(x)        Step-size       optimality
   400         402      8.20889e-05              1       4.82e-06  
   401         403      8.20846e-05              1       4.71e-06  
   402         404      8.20803e-05              1       4.97e-06  
   403         405      8.20762e-05              1        4.5e-06  
   404         406      8.20724e-05              1       4.91e-06  
   405         407      8.20689e-05              1       5.06e-06  
   406         408      8.20656e-05              1       4.63e-06  
   407         409      8.20621e-05              1       4.13e-06  
   408         410      8.20584e-05              1       4.33e-06  
   409         411      8.20543e-05              1       4.83e-06  
   410         412        8.205e-05              1       6.25e-06  
   411         413      8.20454e-05              1       5.74e-06  
   412         414      8.20405e-05              1       6.06e-06  
   413         415      8.20352e-05              1       6.38e-06  
   414         416      8.20297e-05              1       6.59e-06  
   415         417       8.2024e-05              1       6.12e-06  
   416         418      8.20181e-05              1       6.18e-06  
   417         419      8.20116e-05              1       6.33e-06  
   418         420      8.20046e-05              1       7.56e-06  
   419         421       8.1997e-05              1        6.7e-06  
                                                        First-order 
 Iteration  Func-count       f(x)        Step-size       optimality
   420         422      8.19892e-05              1       6.66e-06  
   421         423      8.19809e-05              1       6.55e-06  
   422         424      8.19725e-05              1       6.46e-06  
   423         425      8.19636e-05              1       7.46e-06  
   424         426      8.19545e-05              1       7.95e-06  
   425         427      8.19448e-05              1       7.75e-06  
   426         428      8.19355e-05              1       7.49e-06  
   427         429      8.19259e-05              1       8.64e-06  
   428         430      8.19167e-05              1       7.35e-06  
   429         431      8.19072e-05              1        7.3e-06  
   430         432      8.18983e-05              1       7.55e-06  
   431         433      8.18897e-05              1        7.4e-06  
   432         434      8.18821e-05              1       6.55e-06  
   433         435      8.18746e-05              1       7.09e-06  
   434         436      8.18674e-05              1       7.71e-06  
   435         437      8.18597e-05              1       9.02e-06  
   436         438       8.1852e-05              1       7.05e-06  
   437         439      8.18442e-05              1       6.89e-06  
   438         440      8.18373e-05              1       6.49e-06  
   439         441      8.18312e-05              1       6.94e-06  
                                                        First-order 
 Iteration  Func-count       f(x)        Step-size       optimality
   440         442      8.18257e-05              1       5.78e-06  
   441         443      8.18202e-05              1       6.22e-06  
   442         444      8.18146e-05              1       5.84e-06  
   443         445      8.18088e-05              1       6.23e-06  
   444         446      8.18035e-05              1       5.58e-06  
   445         447      8.17986e-05              1       5.63e-06  
   446         448      8.17943e-05              1       5.61e-06  
   447         449      8.17904e-05              1       4.55e-06  
   448         450      8.17867e-05              1       4.95e-06  
   449         451      8.17829e-05              1       6.09e-06  
   450         452      8.17786e-05              1       5.48e-06  
   451         453       8.1774e-05              1       6.14e-06  
   452         454      8.17694e-05              1       6.07e-06  
   453         455       8.1765e-05              1       5.78e-06  
   454         456      8.17609e-05              1       5.95e-06  
   455         457       8.1757e-05              1        4.5e-06  
   456         458       8.1753e-05              1       4.35e-06  
   457         459      8.17492e-05              1       5.33e-06  
   458         460      8.17455e-05              1       4.74e-06  
   459         461      8.17423e-05              1       4.09e-06  
                                                        First-order 
 Iteration  Func-count       f(x)        Step-size       optimality
   460         462      8.17395e-05              1       3.56e-06  
   461         463       8.1737e-05              1       3.42e-06  
   462         464      8.17347e-05              1       3.25e-06  
   463         465      8.17326e-05              1       2.86e-06  
   464         466      8.17307e-05              1       2.77e-06  
   465         467       8.1729e-05              1       3.07e-06  
   466         468      8.17272e-05              1        2.9e-06  
   467         469      8.17255e-05              1       3.18e-06  
   468         470      8.17237e-05              1        3.2e-06  
   469         471      8.17221e-05              1       3.07e-06  
   470         472      8.17205e-05              1       3.05e-06  
   471         473      8.17189e-05              1       3.01e-06  
   472         474      8.17172e-05              1       3.14e-06  
   473         475      8.17157e-05              1       2.93e-06  
   474         476      8.17142e-05              1       2.69e-06  
   475         477      8.17129e-05              1        2.8e-06  
   476         478      8.17116e-05              1       2.52e-06  
   477         479      8.17104e-05              1       2.42e-06  
   478         480      8.17093e-05              1        2.2e-06  
   479         481      8.17082e-05              1       2.23e-06  
                                                        First-order 
 Iteration  Func-count       f(x)        Step-size       optimality
   480         482      8.17072e-05              1       2.29e-06  
   481         483      8.17062e-05              1       2.21e-06  
   482         484      8.17053e-05              1        2.2e-06  
   483         485      8.17045e-05              1       2.25e-06  
   484         486      8.17036e-05              1       2.13e-06  
   485         487      8.17028e-05              1        1.9e-06  
   486         488       8.1702e-05              1       2.15e-06  
   487         489      8.17012e-05              1       2.16e-06  
   488         490      8.17004e-05              1       2.16e-06  
   489         491      8.16995e-05              1       2.36e-06  
   490         492      8.16986e-05              1       2.41e-06  
   491         493      8.16977e-05              1       2.21e-06  
   492         494      8.16968e-05              1       2.11e-06  
   493         495      8.16959e-05              1       2.17e-06  
   494         496      8.16951e-05              1       2.35e-06  
   495         497      8.16942e-05              1       2.46e-06  
   496         498      8.16933e-05              1       2.57e-06  
   497         499      8.16925e-05              1       2.75e-06  
   498         500      8.16917e-05              1        2.8e-06  
   499         501      8.16908e-05              1       2.68e-06  
                                                        First-order 
 Iteration  Func-count       f(x)        Step-size       optimality
   500         502        8.169e-05              1       2.45e-06  
   501         503      8.16891e-05              1       2.22e-06  
   502         504      8.16881e-05              1       2.58e-06  
   503         505       8.1687e-05              1       2.53e-06  
   504         506      8.16859e-05              1       2.59e-06  
   505         507      8.16848e-05              1       2.47e-06  
   506         508      8.16837e-05              1       2.56e-06  
   507         509      8.16826e-05              1       2.76e-06  
   508         510      8.16813e-05              1        2.6e-06  
   509         511        8.168e-05              1       2.65e-06  
   510         512      8.16785e-05              1       2.81e-06  
   511         513       8.1677e-05              1       3.11e-06  
   512         514      8.16755e-05              1       3.15e-06  
   513         515       8.1674e-05              1       3.05e-06  
   514         516      8.16722e-05              1       3.11e-06  
   515         517      8.16702e-05              1       3.32e-06  
   516         518      8.16678e-05              1       3.82e-06  
   517         519      8.16652e-05              1        4.2e-06  
   518         520      8.16626e-05              1        3.9e-06  
   519         521        8.166e-05              1       3.67e-06  
                                                        First-order 
 Iteration  Func-count       f(x)        Step-size       optimality
   520         522      8.16575e-05              1       3.86e-06  
   521         523      8.16547e-05              1       3.79e-06  
   522         524      8.16519e-05              1       4.87e-06  
   523         525      8.16491e-05              1       4.23e-06  
   524         526      8.16465e-05              1       4.49e-06  
   525         527       8.1644e-05              1       4.87e-06  
   526         528      8.16416e-05              1       4.22e-06  
   527         529      8.16391e-05              1       4.82e-06  
   528         530      8.16368e-05              1       3.79e-06  
   529         531      8.16344e-05              1       3.37e-06  
   530         532      8.16321e-05              1       3.45e-06  
   531         533      8.16299e-05              1       3.97e-06  
   532         534      8.16278e-05              1       4.22e-06  
   533         535      8.16256e-05              1       3.86e-06  
   534         536      8.16234e-05              1       3.89e-06  
   535         537      8.16213e-05              1       4.17e-06  
   536         538      8.16191e-05              1       3.83e-06  
   537         539      8.16168e-05              1       4.25e-06  
   538         540      8.16144e-05              1       4.48e-06  
   539         541      8.16119e-05              1       3.88e-06  
                                                        First-order 
 Iteration  Func-count       f(x)        Step-size       optimality
   540         542      8.16096e-05              1       4.93e-06  
   541         543      8.16074e-05              1       3.67e-06  
   542         544      8.16053e-05              1       3.91e-06  
   543         545      8.16028e-05              1       3.42e-06  
   544         546      8.16002e-05              1       4.37e-06  
   545         547      8.15977e-05              1       4.48e-06  
   546         548       8.1595e-05              1       4.57e-06  
   547         549      8.15922e-05              1       3.76e-06  
   548         550       8.1589e-05              1       4.95e-06  
   549         551      8.15855e-05              1       4.46e-06  
   550         552       8.1582e-05              1       4.04e-06  
   551         553      8.15787e-05              1       4.32e-06  
   552         554      8.15754e-05              1       3.75e-06  
   553         555      8.15722e-05              1          4e-06  
   554         556      8.15691e-05              1       4.01e-06  
   555         557       8.1566e-05              1        3.9e-06  
   556         558      8.15628e-05              1        4.1e-06  
   557         559      8.15596e-05              1        4.2e-06  
   558         560      8.15564e-05              1       5.12e-06  
   559         561      8.15529e-05              1       5.36e-06  
                                                        First-order 
 Iteration  Func-count       f(x)        Step-size       optimality
   560         562       8.1549e-05              1       4.82e-06  
   561         563      8.15445e-05              1       4.98e-06  
   562         564      8.15401e-05              1       5.18e-06  
   563         565      8.15357e-05              1       5.65e-06  
   564         566      8.15313e-05              1        4.8e-06  
   565         567      8.15268e-05              1       5.52e-06  
   566         568      8.15221e-05              1       6.81e-06  
   567         569      8.15173e-05              1       7.13e-06  
   568         570      8.15125e-05              1       5.02e-06  
   569         571      8.15079e-05              1       4.48e-06  
   570         572      8.15033e-05              1       5.02e-06  
   571         573      8.14988e-05              1        5.1e-06  
   572         574      8.14942e-05              1       5.36e-06  
   573         575      8.14896e-05              1       4.92e-06  
   574         576       8.1485e-05              1       5.03e-06  
   575         577      8.14805e-05              1       4.69e-06  
   576         578      8.14759e-05              1       4.78e-06  
   577         579      8.14712e-05              1       6.21e-06  
   578         580      8.14663e-05              1       5.87e-06  
   579         581      8.14612e-05              1       6.06e-06  
                                                        First-order 
 Iteration  Func-count       f(x)        Step-size       optimality
   580         582       8.1456e-05              1        5.9e-06  
   581         583       8.1451e-05              1       5.31e-06  
   582         584       8.1446e-05              1        5.8e-06  
   583         585      8.14409e-05              1       5.68e-06  
   584         586      8.14357e-05              1       4.76e-06  
   585         587      8.14308e-05              1       4.52e-06  
   586         588      8.14261e-05              1        5.2e-06  
   587         589      8.14215e-05              1        5.7e-06  
   588         590      8.14168e-05              1       5.65e-06  
   589         591      8.14121e-05              1       5.03e-06  
   590         592      8.14077e-05              1       4.57e-06  
   591         593      8.14037e-05              1       4.86e-06  
   592         594      8.13999e-05              1       6.03e-06  
   593         595      8.13959e-05              1       6.41e-06  
   594         596      8.13917e-05              1       5.13e-06  
   595         597      8.13873e-05              1       5.03e-06  
   596         598       8.1383e-05              1       4.88e-06  
   597         599      8.13788e-05              1       4.72e-06  
   598         600      8.13749e-05              1       4.89e-06  
   599         601       8.1371e-05              1       5.12e-06  
                                                        First-order 
 Iteration  Func-count       f(x)        Step-size       optimality
   600         602       8.1367e-05              1       4.75e-06  
   601         603      8.13628e-05              1       5.34e-06  
   602         604      8.13582e-05              1       5.56e-06  
   603         605      8.13536e-05              1       6.74e-06  
   604         606      8.13489e-05              1        6.2e-06  
   605         607      8.13442e-05              1       4.89e-06  
   606         608      8.13398e-05              1       4.48e-06  
   607         609      8.13359e-05              1       4.65e-06  
   608         610      8.13324e-05              1       5.19e-06  
   609         611      8.13292e-05              1        4.4e-06  
   610         612       8.1326e-05              1       4.47e-06  
   611         613      8.13227e-05              1       3.94e-06  
   612         614      8.13193e-05              1       4.32e-06  
   613         615       8.1316e-05              1       4.57e-06  
   614         616      8.13127e-05              1       4.49e-06  
   615         617      8.13095e-05              1       4.12e-06  
   616         618      8.13064e-05              1        4.5e-06  
   617         619      8.13037e-05              1       4.03e-06  
   618         620      8.13014e-05              1       3.66e-06  
   619         621      8.12994e-05              1       3.22e-06  
                                                        First-order 
 Iteration  Func-count       f(x)        Step-size       optimality
   620         622      8.12974e-05              1       3.96e-06  
   621         623      8.12955e-05              1       4.06e-06  
   622         624      8.12934e-05              1       3.23e-06  
   623         625      8.12912e-05              1       3.44e-06  
   624         626      8.12889e-05              1       3.31e-06  
   625         627      8.12867e-05              1       3.24e-06  
   626         628      8.12846e-05              1       3.21e-06  
   627         629      8.12824e-05              1       3.99e-06  
   628         630      8.12802e-05              1       4.03e-06  
   629         631       8.1278e-05              1       3.84e-06  
   630         632      8.12758e-05              1       3.49e-06  
   631         633      8.12736e-05              1       3.49e-06  
   632         634      8.12716e-05              1       3.08e-06  
   633         635      8.12699e-05              1       3.55e-06  
   634         636      8.12684e-05              1       2.95e-06  
   635         637       8.1267e-05              1       2.51e-06  
   636         638      8.12657e-05              1       2.68e-06  
   637         639      8.12644e-05              1       2.41e-06  
   638         640      8.12632e-05              1       2.96e-06  
   639         641       8.1262e-05              1       3.18e-06  
                                                        First-order 
 Iteration  Func-count       f(x)        Step-size       optimality
   640         642      8.12608e-05              1       2.66e-06  
   641         643      8.12596e-05              1       2.38e-06  
   642         644      8.12585e-05              1        2.7e-06  
   643         645      8.12574e-05              1        2.3e-06  
   644         646      8.12564e-05              1       2.45e-06  
   645         647      8.12555e-05              1       2.37e-06  
   646         648      8.12545e-05              1       2.32e-06  
   647         649      8.12535e-05              1       2.45e-06  
   648         650      8.12526e-05              1       2.23e-06  
   649         651      8.12517e-05              1       2.04e-06  
   650         652      8.12509e-05              1       2.54e-06  
   651         653      8.12501e-05              1        2.2e-06  
   652         654      8.12495e-05              1       1.99e-06  
   653         655      8.12489e-05              1       1.91e-06  
   654         656      8.12484e-05              1       1.78e-06  
   655         657      8.12479e-05              1       1.52e-06  
   656         658      8.12474e-05              1       1.57e-06  
   657         659      8.12469e-05              1       1.71e-06  
   658         660      8.12465e-05              1       1.77e-06  
   659         661       8.1246e-05              1       1.89e-06  
                                                        First-order 
 Iteration  Func-count       f(x)        Step-size       optimality
   660         662      8.12455e-05              1       1.84e-06  
   661         663       8.1245e-05              1       1.89e-06  
   662         664      8.12446e-05              1       1.39e-06  
   663         665      8.12441e-05              1       1.56e-06  
   664         666      8.12437e-05              1       1.52e-06  
   665         667      8.12433e-05              1       1.56e-06  
   666         668      8.12429e-05              1       2.14e-06  
   667         669      8.12425e-05              1       1.94e-06  
   668         670      8.12422e-05              1       1.21e-06  
   669         671      8.12419e-05              1       1.06e-06  
   670         672      8.12417e-05              1       1.03e-06  
   671         673      8.12414e-05              1       1.26e-06  
   672         674      8.12412e-05              1       1.08e-06  
   673         675       8.1241e-05              1       1.14e-06  
   674         676      8.12407e-05              1       1.29e-06  
   675         677      8.12405e-05              1       1.19e-06  
   676         678      8.12402e-05              1       1.07e-06  
   677         679        8.124e-05              1       1.06e-06  
   678         680      8.12398e-05              1       1.17e-06  
   679         681      8.12396e-05              1       9.73e-07  
                                                        First-order 
 Iteration  Func-count       f(x)        Step-size       optimality
   680         682      8.12394e-05              1       1.04e-06  
   681         683      8.12392e-05              1       1.06e-06  
   682         684      8.12389e-05              1       1.14e-06  
   683         685      8.12387e-05              1       1.09e-06  
   684         686      8.12385e-05              1       9.82e-07  
   685         687      8.12383e-05              1       1.04e-06  
   686         688      8.12381e-05              1       1.04e-06  
   687         689       8.1238e-05              1       1.02e-06  
   688         690      8.12378e-05              1       9.27e-07  
   689         691      8.12377e-05              1       9.07e-07  
   690         692      8.12375e-05              1       9.72e-07  
   691         693      8.12373e-05              1        7.9e-07  
   692         694      8.12372e-05              1       7.91e-07  
   693         695      8.12371e-05              1       8.65e-07  
   694         696      8.12369e-05              1       7.91e-07  
   695         697      8.12368e-05              1       8.31e-07  
   696         698      8.12367e-05              1       8.73e-07  
   697         699      8.12365e-05              1       8.69e-07  
   698         700      8.12364e-05              1       8.46e-07  
   699         701      8.12363e-05              1       7.82e-07  
                                                        First-order 
 Iteration  Func-count       f(x)        Step-size       optimality
   700         702      8.12361e-05              1       8.39e-07  
   701         703       8.1236e-05              1       7.89e-07  
   702         704      8.12359e-05              1       7.33e-07  
   703         705      8.12358e-05              1       6.91e-07  
   704         706      8.12357e-05              1       7.93e-07  
   705         707      8.12356e-05              1       7.61e-07  
   706         708      8.12354e-05              1       7.36e-07  
   707         709      8.12353e-05              1        6.8e-07  
   708         710      8.12352e-05              1       7.67e-07  
   709         711      8.12351e-05              1       7.34e-07  
   710         712       8.1235e-05              1       7.05e-07  
   711         713      8.12349e-05              1       7.29e-07  
   712         714      8.12348e-05              1        7.4e-07  
   713         715      8.12347e-05              1       7.06e-07  
   714         716      8.12346e-05              1       7.39e-07  
   715         717      8.12345e-05              1       9.62e-07  
   716         718      8.12344e-05              1        8.5e-07  
   717         719      8.12343e-05              1        7.1e-07  
   718         720      8.12342e-05              1       6.79e-07  
   719         721      8.12342e-05              1       7.83e-07  
                                                        First-order 
 Iteration  Func-count       f(x)        Step-size       optimality
   720         722      8.12341e-05              1       8.72e-07  
   721         723       8.1234e-05              1       8.21e-07  
   722         724      8.12339e-05              1       6.02e-07  
   723         725      8.12338e-05              1       6.53e-07  
   724         726      8.12338e-05              1       7.74e-07  
   725         727      8.12337e-05              1       6.84e-07  
   726         728      8.12336e-05              1       6.42e-07  
   727         729      8.12335e-05              1       6.24e-07  
   728         730      8.12334e-05              1       6.29e-07  
   729         731      8.12334e-05              1       6.17e-07  
   730         732      8.12333e-05              1       6.22e-07  
   731         733      8.12333e-05              1       5.94e-07  
   732         734      8.12332e-05              1       5.39e-07  
   733         735      8.12331e-05              1       6.46e-07  
   734         736      8.12331e-05              1       5.76e-07  
   735         737       8.1233e-05              1       5.37e-07  
   736         738       8.1233e-05              1       4.63e-07  
   737         739      8.12329e-05              1       4.17e-07  
   738         740      8.12329e-05              1       4.84e-07  
   739         741      8.12329e-05              1        4.2e-07  
                                                        First-order 
 Iteration  Func-count       f(x)        Step-size       optimality
   740         742      8.12328e-05              1       4.15e-07  
   741         743      8.12328e-05              1       4.61e-07  
   742         744      8.12328e-05              1       4.54e-07  
   743         745      8.12327e-05              1       4.55e-07  
   744         746      8.12327e-05              1       4.46e-07  
   745         747      8.12326e-05              1       4.65e-07  
   746         748      8.12326e-05              1       4.57e-07  
   747         749      8.12326e-05              1       4.24e-07  
   748         750      8.12325e-05              1       4.37e-07  
   749         751      8.12325e-05              1        4.1e-07  
   750         752      8.12325e-05              1       4.29e-07  
   751         753      8.12324e-05              1       3.83e-07  
   752         754      8.12324e-05              1       3.53e-07  
   753         755      8.12324e-05              1       4.14e-07  
   754         756      8.12324e-05              1       4.47e-07  
   755         757      8.12323e-05              1       5.21e-07  
   756         758      8.12323e-05              1        4.6e-07  
   757         759      8.12323e-05              1       3.11e-07  
   758         760      8.12323e-05              1       2.97e-07  
   759         761      8.12322e-05              1       3.35e-07  
                                                        First-order 
 Iteration  Func-count       f(x)        Step-size       optimality
   760         762      8.12322e-05              1       3.48e-07  
   761         763      8.12322e-05              1       3.01e-07  
   762         764      8.12322e-05              1       3.04e-07  
   763         765      8.12322e-05              1       2.72e-07  
   764         766      8.12322e-05              1       2.58e-07  
   765         767      8.12321e-05              1       2.52e-07  
   766         768      8.12321e-05              1       2.72e-07  
   767         769      8.12321e-05              1       2.54e-07  
   768         770      8.12321e-05              1       2.54e-07  
   769         771      8.12321e-05              1        2.7e-07  
   770         772      8.12321e-05              1       2.83e-07  
   771         773      8.12321e-05              1       2.71e-07  
   772         774      8.12321e-05              1        2.3e-07  
   773         775      8.12321e-05              1       2.03e-07  
   774         776       8.1232e-05              1       2.42e-07  
   775         777       8.1232e-05              1       2.17e-07  
   776         778       8.1232e-05              1        2.1e-07  
   777         779       8.1232e-05              1       1.85e-07  
   778         780       8.1232e-05              1       1.59e-07  
   779         781       8.1232e-05              1       1.71e-07  
                                                        First-order 
 Iteration  Func-count       f(x)        Step-size       optimality
   780         782       8.1232e-05              1       1.53e-07  
   781         783       8.1232e-05              1       1.71e-07  
   782         784       8.1232e-05              1       1.46e-07  
   783         785       8.1232e-05              1       1.59e-07  
   784         786       8.1232e-05              1       1.63e-07  
   785         787       8.1232e-05              1       1.77e-07  
   786         788       8.1232e-05              1       1.53e-07  
   787         789       8.1232e-05              1       1.68e-07  
   788         790       8.1232e-05              1       1.79e-07  
   789         791       8.1232e-05              1       1.85e-07  
   790         792       8.1232e-05              1       1.62e-07  
   791         793       8.1232e-05              1       1.37e-07  
   792         794       8.1232e-05              1       1.37e-07  
   793         795      8.12319e-05              1       1.58e-07  
   794         796      8.12319e-05              1       1.53e-07  
   795         797      8.12319e-05              1       1.39e-07  
   796         798      8.12319e-05              1       1.32e-07  
   797         799      8.12319e-05              1       1.18e-07  
   798         800      8.12319e-05              1       1.33e-07  
   799         801      8.12319e-05              1       1.34e-07  
                                                        First-order 
 Iteration  Func-count       f(x)        Step-size       optimality
   800         802      8.12319e-05              1       1.68e-07  
   801         803      8.12319e-05              1       1.87e-07  
   802         804      8.12319e-05              1       1.75e-07  
   803         805      8.12319e-05              1        1.4e-07  
   804         806      8.12319e-05              1       1.11e-07  
   805         807      8.12319e-05              1       1.23e-07  
   806         808      8.12319e-05              1       1.23e-07  
   807         809      8.12319e-05              1        1.3e-07  
   808         810      8.12319e-05              1       1.19e-07  
   809         811      8.12319e-05              1       1.05e-07  

Optimization completed: The <a href = "matlab: helpview([docroot '/toolbox/optim/msg_csh/optim_msg_csh.map'],'first_order_opt_unc','CSHelpWindow');">first-order optimality measure</a>, 9.743389e-08, is less 
than <a href = "matlab: helpview([docroot '/toolbox/optim/msg_csh/optim_msg_csh.map'],'tolfun','CSHelpWindow');">options.TolFun</a> = 1.000000e-07.

Optimization Metric                                            Options
relative norm(gradient) =   9.74e-08                  TolFun =   1e-07 (selected)

